cherub_squatting v0 0 games, 0 moves, e=1.000, loss: nan,  , 50.0% elo% vs. , avg. reward: nan, nan sec/game, 0.0 min. total, 310.5 MB
cherub_squatting v1 2 games, 1008 moves, e=0.999, loss: nan, ., 50.0% elo% vs. random_bot, avg. reward: -10.466, 0.174 sec/game, 0.0 min. total, 314.4 MB
cherub_squatting v1 4 games, 1974 moves, e=0.998, loss: nan, -, 47.7% elo% vs. random_bot, avg. reward: -10.720, 0.169 sec/game, 0.0 min. total, 318.3 MB
cherub_squatting v1 6 games, 3053 moves, e=0.997, loss: nan, -, 45.5% elo% vs. random_bot, avg. reward: -10.447, 0.172 sec/game, 0.0 min. total, 323.6 MB
cherub_squatting v1 8 games, 4061 moves, e=0.996, loss: nan, -, 43.4% elo% vs. random_bot, avg. reward: -10.397, 0.172 sec/game, 0.0 min. total, 327.2 MB
cherub_squatting v1 10 games, 5110 moves, e=0.995, loss: nan, -, 41.5% elo% vs. random_bot, avg. reward: -10.270, 0.172 sec/game, 0.0 min. total, 331.9 MB
cherub_squatting v1 12 games, 6004 moves, e=0.994, loss: nan, -, 39.6% elo% vs. random_bot, avg. reward: -10.585, 0.169 sec/game, 0.0 min. total, 335.2 MB
cherub_squatting v1 14 games, 7041 moves, e=0.993, loss: nan, -, 37.9% elo% vs. random_bot, avg. reward: -10.545, 0.171 sec/game, 0.0 min. total, 340.6 MB
cherub_squatting v1 16 games, 8012 moves, e=0.992, loss: nan, -, 36.3% elo% vs. random_bot, avg. reward: -10.625, 0.171 sec/game, 0.0 min. total, 344.5 MB
cherub_squatting v1 18 games, 9081 moves, e=0.991, loss: nan, -, 34.8% elo% vs. random_bot, avg. reward: -10.530, 0.172 sec/game, 0.1 min. total, 349.8 MB
cherub_squatting v1 20 games, 10130 moves, e=0.990, loss: nan, -, 33.3% elo% vs. random_bot, avg. reward: -10.566, 0.172 sec/game, 0.1 min. total, 353.9 MB
cherub_squatting v1 22 games, 11085 moves, e=0.989, loss: nan, ., 34.0% elo% vs. random_bot, avg. reward: -10.624, 0.172 sec/game, 0.1 min. total, 358.6 MB
cherub_squatting v1 24 games, 12017 moves, e=0.988, loss: nan, -, 32.6% elo% vs. random_bot, avg. reward: -10.734, 0.174 sec/game, 0.1 min. total, 362.0 MB
cherub_squatting v1 26 games, 13020 moves, e=0.987, loss: nan, -, 31.3% elo% vs. random_bot, avg. reward: -10.705, 0.174 sec/game, 0.1 min. total, 366.9 MB
cherub_squatting v1 28 games, 13947 moves, e=0.986, loss: nan, -, 30.1% elo% vs. random_bot, avg. reward: -10.766, 0.174 sec/game, 0.1 min. total, 370.4 MB
cherub_squatting v1 30 games, 15057 moves, e=0.985, loss: nan, -, 28.9% elo% vs. random_bot, avg. reward: -10.648, 0.176 sec/game, 0.1 min. total, 375.6 MB
cherub_squatting v1 32 games, 15905 moves, e=0.984, loss: nan, -, 27.8% elo% vs. random_bot, avg. reward: -10.769, 0.178 sec/game, 0.1 min. total, 379.3 MB
cherub_squatting v1 34 games, 16866 moves, e=0.983, loss: nan, -, 26.8% elo% vs. random_bot, avg. reward: -10.798, 0.177 sec/game, 0.1 min. total, 384.1 MB
cherub_squatting v1 36 games, 17866 moves, e=0.982, loss: nan, -, 25.9% elo% vs. random_bot, avg. reward: -10.777, 0.178 sec/game, 0.1 min. total, 388.2 MB
cherub_squatting v1 38 games, 18779 moves, e=0.981, loss: nan, -, 25.0% elo% vs. random_bot, avg. reward: -10.863, 0.178 sec/game, 0.1 min. total, 393.0 MB
cherub_squatting v1 40 games, 19800 moves, e=0.980, loss: nan, -, 24.1% elo% vs. random_bot, avg. reward: -10.836, 0.180 sec/game, 0.1 min. total, 397.1 MB
cherub_squatting v1 42 games, 20802 moves, e=0.979, loss: nan, -, 23.3% elo% vs. random_bot, avg. reward: -10.827, 0.181 sec/game, 0.1 min. total, 401.5 MB
cherub_squatting v1 44 games, 21795 moves, e=0.978, loss: nan, -, 22.5% elo% vs. random_bot, avg. reward: -10.840, 0.183 sec/game, 0.1 min. total, 405.0 MB
cherub_squatting v1 46 games, 22672 moves, e=0.978, loss: nan, -, 21.8% elo% vs. random_bot, avg. reward: -10.894, 0.182 sec/game, 0.1 min. total, 408.6 MB
cherub_squatting v1 48 games, 23682 moves, e=0.977, loss: nan, -, 21.2% elo% vs. random_bot, avg. reward: -10.884, 0.185 sec/game, 0.1 min. total, 412.9 MB
cherub_squatting v1 50 games, 24706 moves, e=0.976, loss: nan, -, 20.5% elo% vs. random_bot, avg. reward: -10.883, 0.185 sec/game, 0.1 min. total, 417.4 MB
cherub_squatting v1 52 games, 25584 moves, e=0.975, loss: nan, -, 19.9% elo% vs. random_bot, avg. reward: -10.926, 0.185 sec/game, 0.2 min. total, 417.5 MB
cherub_squatting v1 54 games, 26652 moves, e=0.974, loss: nan, -, 19.3% elo% vs. random_bot, avg. reward: -10.893, 0.187 sec/game, 0.2 min. total, 417.6 MB
cherub_squatting v1 56 games, 27605 moves, e=0.973, loss: nan, ., 20.2% elo% vs. random_bot, avg. reward: -10.928, 0.189 sec/game, 0.2 min. total, 418.4 MB
cherub_squatting v1 58 games, 28539 moves, e=0.972, loss: nan, -, 19.6% elo% vs. random_bot, avg. reward: -10.943, 0.191 sec/game, 0.2 min. total, 420.4 MB
cherub_squatting v1 60 games, 29473 moves, e=0.971, loss: nan, -, 19.1% elo% vs. random_bot, avg. reward: -10.938, 0.190 sec/game, 0.2 min. total, 422.2 MB
cherub_squatting v1 62 games, 30400 moves, e=0.970, loss: nan, -, 18.5% elo% vs. random_bot, avg. reward: -10.941, 0.190 sec/game, 0.2 min. total, 424.2 MB
cherub_squatting v1 64 games, 31324 moves, e=0.969, loss: nan, -, 18.0% elo% vs. random_bot, avg. reward: -10.973, 0.189 sec/game, 0.2 min. total, 426.2 MB
cherub_squatting v1 66 games, 32370 moves, e=0.968, loss: nan, -, 17.5% elo% vs. random_bot, avg. reward: -10.942, 0.193 sec/game, 0.2 min. total, 429.2 MB
cherub_squatting v1 68 games, 33206 moves, e=0.967, loss: nan, -, 17.1% elo% vs. random_bot, avg. reward: -10.996, 0.188 sec/game, 0.2 min. total, 432.1 MB
cherub_squatting v1 70 games, 34179 moves, e=0.966, loss: nan, -, 16.6% elo% vs. random_bot, avg. reward: -10.984, 0.189 sec/game, 0.2 min. total, 434.6 MB
cherub_squatting v1 72 games, 34953 moves, e=0.965, loss: nan, -, 16.2% elo% vs. random_bot, avg. reward: -11.071, 0.190 sec/game, 0.2 min. total, 437.8 MB
cherub_squatting v1 74 games, 35849 moves, e=0.965, loss: nan, -, 15.8% elo% vs. random_bot, avg. reward: -11.100, 0.190 sec/game, 0.2 min. total, 441.0 MB
cherub_squatting v1 76 games, 36737 moves, e=0.964, loss: nan, -, 15.4% elo% vs. random_bot, avg. reward: -11.127, 0.189 sec/game, 0.2 min. total, 443.7 MB
cherub_squatting v1 78 games, 37648 moves, e=0.963, loss: nan, -, 15.1% elo% vs. random_bot, avg. reward: -11.145, 0.188 sec/game, 0.2 min. total, 446.9 MB
cherub_squatting v1 80 games, 38509 moves, e=0.962, loss: nan, -, 14.7% elo% vs. random_bot, avg. reward: -11.173, 0.188 sec/game, 0.2 min. total, 450.3 MB
cherub_squatting v1 82 games, 39429 moves, e=0.961, loss: nan, -, 14.4% elo% vs. random_bot, avg. reward: -11.183, 0.189 sec/game, 0.2 min. total, 454.2 MB
cherub_squatting v1 84 games, 40252 moves, e=0.960, loss: nan, -, 14.0% elo% vs. random_bot, avg. reward: -11.222, 0.188 sec/game, 0.3 min. total, 456.8 MB
cherub_squatting v1 86 games, 41169 moves, e=0.959, loss: nan, -, 13.7% elo% vs. random_bot, avg. reward: -11.243, 0.188 sec/game, 0.3 min. total, 460.1 MB
cherub_squatting v1 88 games, 41984 moves, e=0.958, loss: nan, -, 13.4% elo% vs. random_bot, avg. reward: -11.281, 0.191 sec/game, 0.3 min. total, 463.9 MB
cherub_squatting v1 90 games, 42863 moves, e=0.958, loss: nan, -, 13.2% elo% vs. random_bot, avg. reward: -11.317, 0.191 sec/game, 0.3 min. total, 467.9 MB
cherub_squatting v1 92 games, 43733 moves, e=0.957, loss: nan, -, 12.9% elo% vs. random_bot, avg. reward: -11.334, 0.192 sec/game, 0.3 min. total, 472.0 MB
cherub_squatting v1 94 games, 44652 moves, e=0.956, loss: nan, -, 12.6% elo% vs. random_bot, avg. reward: -11.339, 0.191 sec/game, 0.3 min. total, 475.9 MB
cherub_squatting v1 96 games, 45667 moves, e=0.955, loss: nan, -, 12.4% elo% vs. random_bot, avg. reward: -11.315, 0.194 sec/game, 0.3 min. total, 480.0 MB
cherub_squatting v1 98 games, 46472 moves, e=0.954, loss: nan, -, 12.1% elo% vs. random_bot, avg. reward: -11.359, 0.194 sec/game, 0.3 min. total, 483.8 MB
cherub_squatting v1 100 games, 47261 moves, e=0.953, loss: nan, -, 11.9% elo% vs. random_bot, avg. reward: -11.411, 0.194 sec/game, 0.3 min. total, 486.7 MB
cherub_squatting v2 102 games, 48035 moves, e=0.952, loss: nan, -, 47.7% elo% vs. random_bot, avg. reward: -11.477, 0.193 sec/game, 0.3 min. total, 491.0 MB
cherub_squatting v2 104 games, 48819 moves, e=0.952, loss: nan, ., 47.8% elo% vs. random_bot, avg. reward: -11.522, 0.201 sec/game, 0.3 min. total, 492.7 MB
cherub_squatting v2 106 games, 49584 moves, e=0.951, loss: nan, -, 45.6% elo% vs. random_bot, avg. reward: -11.602, 0.198 sec/game, 0.3 min. total, 492.8 MB
cherub_squatting v2 108 games, 50396 moves, e=0.950, loss: nan, ., 45.8% elo% vs. random_bot, avg. reward: -11.668, 0.197 sec/game, 0.3 min. total, 493.2 MB
cherub_squatting v2 110 games, 51128 moves, e=0.949, loss: nan, -, 43.7% elo% vs. random_bot, avg. reward: -11.754, 0.196 sec/game, 0.3 min. total, 494.2 MB
cherub_squatting v2 112 games, 51879 moves, e=0.949, loss: nan, ., 44.0% elo% vs. random_bot, avg. reward: -11.813, 0.195 sec/game, 0.3 min. total, 495.1 MB
cherub_squatting v2 114 games, 52627 moves, e=0.948, loss: nan, -, 42.0% elo% vs. random_bot, avg. reward: -11.890, 0.194 sec/game, 0.4 min. total, 496.8 MB
cherub_squatting v2 116 games, 53439 moves, e=0.947, loss: nan, -, 40.2% elo% vs. random_bot, avg. reward: -11.936, 0.190 sec/game, 0.4 min. total, 498.6 MB
cherub_squatting v2 118 games, 54149 moves, e=0.946, loss: nan, ., 40.6% elo% vs. random_bot, avg. reward: -12.036, 0.191 sec/game, 0.4 min. total, 500.6 MB
cherub_squatting v2 120 games, 54906 moves, e=0.946, loss: nan, -, 38.8% elo% vs. random_bot, avg. reward: -12.104, 0.191 sec/game, 0.4 min. total, 502.0 MB
cherub_squatting v2 122 games, 55678 moves, e=0.945, loss: nan, -, 37.1% elo% vs. random_bot, avg. reward: -12.155, 0.190 sec/game, 0.4 min. total, 503.6 MB
cherub_squatting v2 124 games, 56550 moves, e=0.944, loss: nan, -, 35.5% elo% vs. random_bot, avg. reward: -12.154, 0.186 sec/game, 0.4 min. total, 505.8 MB
cherub_squatting v2 126 games, 57386 moves, e=0.943, loss: nan, -, 34.0% elo% vs. random_bot, avg. reward: -12.218, 0.189 sec/game, 0.4 min. total, 508.2 MB
cherub_squatting v2 128 games, 58263 moves, e=0.942, loss: nan, -, 32.7% elo% vs. random_bot, avg. reward: -12.229, 0.191 sec/game, 0.4 min. total, 511.2 MB
cherub_squatting v2 130 games, 59156 moves, e=0.941, loss: nan, -, 31.3% elo% vs. random_bot, avg. reward: -12.293, 0.195 sec/game, 0.4 min. total, 513.8 MB
cherub_squatting v2 132 games, 59938 moves, e=0.941, loss: nan, -, 30.1% elo% vs. random_bot, avg. reward: -12.312, 0.196 sec/game, 0.4 min. total, 516.4 MB
cherub_squatting v2 134 games, 60697 moves, e=0.940, loss: nan, -, 29.0% elo% vs. random_bot, avg. reward: -12.361, 0.197 sec/game, 0.4 min. total, 518.8 MB
cherub_squatting v2 136 games, 61443 moves, e=0.939, loss: nan, -, 27.9% elo% vs. random_bot, avg. reward: -12.439, 0.198 sec/game, 0.4 min. total, 521.3 MB
cherub_squatting v2 138 games, 62275 moves, e=0.938, loss: nan, -, 26.9% elo% vs. random_bot, avg. reward: -12.448, 0.199 sec/game, 0.4 min. total, 523.9 MB
cherub_squatting v2 140 games, 63115 moves, e=0.938, loss: nan, -, 25.9% elo% vs. random_bot, avg. reward: -12.486, 0.202 sec/game, 0.4 min. total, 527.0 MB
cherub_squatting v2 142 games, 63808 moves, e=0.937, loss: nan, -, 25.0% elo% vs. random_bot, avg. reward: -12.581, 0.203 sec/game, 0.4 min. total, 529.3 MB
cherub_squatting v2 144 games, 64501 moves, e=0.936, loss: nan, -, 24.1% elo% vs. random_bot, avg. reward: -12.673, 0.200 sec/game, 0.5 min. total, 532.0 MB
cherub_squatting v2 146 games, 65289 moves, e=0.935, loss: nan, -, 23.3% elo% vs. random_bot, avg. reward: -12.722, 0.199 sec/game, 0.5 min. total, 534.9 MB
cherub_squatting v2 148 games, 66120 moves, e=0.935, loss: nan, -, 22.6% elo% vs. random_bot, avg. reward: -12.759, 0.200 sec/game, 0.5 min. total, 539.1 MB
cherub_squatting v2 150 games, 66938 moves, e=0.934, loss: nan, -, 21.9% elo% vs. random_bot, avg. reward: -12.804, 0.199 sec/game, 0.5 min. total, 542.4 MB
cherub_squatting v2 152 games, 67672 moves, e=0.933, loss: nan, ., 22.8% elo% vs. random_bot, avg. reward: -12.864, 0.199 sec/game, 0.5 min. total, 546.1 MB
cherub_squatting v2 154 games, 68430 moves, e=0.932, loss: nan, -, 22.0% elo% vs. random_bot, avg. reward: -12.943, 0.200 sec/game, 0.5 min. total, 549.3 MB
cherub_squatting v2 156 games, 69186 moves, e=0.932, loss: nan, ., 22.9% elo% vs. random_bot, avg. reward: -12.986, 0.199 sec/game, 0.5 min. total, 552.6 MB
cherub_squatting v2 158 games, 69928 moves, e=0.931, loss: nan, -, 22.2% elo% vs. random_bot, avg. reward: -13.052, 0.198 sec/game, 0.5 min. total, 555.9 MB
cherub_squatting v2 160 games, 70747 moves, e=0.930, loss: nan, -, 21.5% elo% vs. random_bot, avg. reward: -13.094, 0.197 sec/game, 0.5 min. total, 559.6 MB
cherub_squatting v2 162 games, 71541 moves, e=0.929, loss: nan, -, 20.8% elo% vs. random_bot, avg. reward: -13.139, 0.199 sec/game, 0.5 min. total, 562.8 MB
cherub_squatting v2 164 games, 72343 moves, e=0.928, loss: nan, -, 20.2% elo% vs. random_bot, avg. reward: -13.173, 0.207 sec/game, 0.5 min. total, 565.0 MB
cherub_squatting v2 166 games, 73109 moves, e=0.928, loss: nan, -, 19.6% elo% vs. random_bot, avg. reward: -13.257, 0.206 sec/game, 0.5 min. total, 565.4 MB
cherub_squatting v2 168 games, 73854 moves, e=0.927, loss: nan, -, 19.0% elo% vs. random_bot, avg. reward: -13.306, 0.206 sec/game, 0.5 min. total, 565.8 MB
cherub_squatting v2 170 games, 74658 moves, e=0.926, loss: nan, -, 18.5% elo% vs. random_bot, avg. reward: -13.358, 0.206 sec/game, 0.5 min. total, 566.8 MB
cherub_squatting v2 172 games, 75408 moves, e=0.925, loss: nan, -, 18.0% elo% vs. random_bot, avg. reward: -13.373, 0.206 sec/game, 0.5 min. total, 567.5 MB
cherub_squatting v2 174 games, 76164 moves, e=0.925, loss: nan, -, 17.5% elo% vs. random_bot, avg. reward: -13.431, 0.212 sec/game, 0.6 min. total, 569.3 MB
cherub_squatting v2 176 games, 77033 moves, e=0.924, loss: nan, -, 17.1% elo% vs. random_bot, avg. reward: -13.435, 0.215 sec/game, 0.6 min. total, 571.2 MB
cherub_squatting v2 178 games, 77756 moves, e=0.923, loss: nan, -, 16.6% elo% vs. random_bot, avg. reward: -13.502, 0.216 sec/game, 0.6 min. total, 572.8 MB
cherub_squatting v2 180 games, 78470 moves, e=0.922, loss: nan, -, 16.2% elo% vs. random_bot, avg. reward: -13.567, 0.216 sec/game, 0.6 min. total, 574.7 MB
cherub_squatting v2 182 games, 79275 moves, e=0.922, loss: nan, -, 15.8% elo% vs. random_bot, avg. reward: -13.611, 0.216 sec/game, 0.6 min. total, 576.8 MB
cherub_squatting v2 184 games, 80080 moves, e=0.921, loss: nan, -, 15.4% elo% vs. random_bot, avg. reward: -13.618, 0.210 sec/game, 0.6 min. total, 579.0 MB
cherub_squatting v2 186 games, 80811 moves, e=0.920, loss: nan, -, 15.0% elo% vs. random_bot, avg. reward: -13.664, 0.211 sec/game, 0.6 min. total, 581.0 MB
cherub_squatting v2 188 games, 81591 moves, e=0.919, loss: nan, -, 14.7% elo% vs. random_bot, avg. reward: -13.690, 0.212 sec/game, 0.6 min. total, 583.5 MB
cherub_squatting v2 190 games, 82302 moves, e=0.919, loss: nan, -, 14.4% elo% vs. random_bot, avg. reward: -13.735, 0.211 sec/game, 0.6 min. total, 585.7 MB
cherub_squatting v2 192 games, 83036 moves, e=0.918, loss: nan, -, 14.0% elo% vs. random_bot, avg. reward: -13.786, 0.212 sec/game, 0.6 min. total, 588.8 MB
cherub_squatting v2 194 games, 83849 moves, e=0.917, loss: nan, -, 13.7% elo% vs. random_bot, avg. reward: -13.827, 0.211 sec/game, 0.6 min. total, 591.3 MB
cherub_squatting v2 196 games, 84652 moves, e=0.916, loss: nan, ., 14.5% elo% vs. random_bot, avg. reward: -13.891, 0.214 sec/game, 0.6 min. total, 593.7 MB
cherub_squatting v2 198 games, 85408 moves, e=0.915, loss: nan, -, 14.2% elo% vs. random_bot, avg. reward: -13.900, 0.218 sec/game, 0.6 min. total, 596.3 MB
cherub_squatting v2 200 games, 86126 moves, e=0.915, loss: nan, -, 13.9% elo% vs. random_bot, avg. reward: -13.929, 0.220 sec/game, 0.7 min. total, 599.1 MB
cherub_squatting v3 202 games, 86917 moves, e=0.914, loss: nan, -, 47.7% elo% vs. random_bot, avg. reward: -13.921, 0.222 sec/game, 0.7 min. total, 602.5 MB
cherub_squatting v3 204 games, 87603 moves, e=0.913, loss: nan, -, 45.5% elo% vs. random_bot, avg. reward: -13.975, 0.222 sec/game, 0.7 min. total, 605.5 MB
cherub_squatting v3 206 games, 88216 moves, e=0.913, loss: nan, -, 43.4% elo% vs. random_bot, avg. reward: -14.048, 0.221 sec/game, 0.7 min. total, 608.5 MB
cherub_squatting v3 208 games, 88944 moves, e=0.912, loss: nan, -, 41.5% elo% vs. random_bot, avg. reward: -14.073, 0.223 sec/game, 0.7 min. total, 611.9 MB
cherub_squatting v3 210 games, 89685 moves, e=0.911, loss: nan, -, 39.6% elo% vs. random_bot, avg. reward: -14.085, 0.221 sec/game, 0.7 min. total, 615.4 MB
cherub_squatting v3 212 games, 90358 moves, e=0.911, loss: nan, -, 37.9% elo% vs. random_bot, avg. reward: -14.109, 0.222 sec/game, 0.7 min. total, 618.8 MB
cherub_squatting v3 214 games, 91135 moves, e=0.910, loss: nan, -, 36.3% elo% vs. random_bot, avg. reward: -14.100, 0.218 sec/game, 0.7 min. total, 622.0 MB
cherub_squatting v3 216 games, 91913 moves, e=0.909, loss: nan, ., 36.9% elo% vs. random_bot, avg. reward: -14.115, 0.213 sec/game, 0.7 min. total, 626.0 MB
cherub_squatting v3 218 games, 92541 moves, e=0.908, loss: nan, -, 35.3% elo% vs. random_bot, avg. reward: -14.168, 0.207 sec/game, 0.7 min. total, 629.6 MB
cherub_squatting v3 220 games, 93348 moves, e=0.908, loss: nan, ., 35.9% elo% vs. random_bot, avg. reward: -14.161, 0.206 sec/game, 0.7 min. total, 632.9 MB
cherub_squatting v3 222 games, 94072 moves, e=0.907, loss: nan, ., 36.5% elo% vs. random_bot, avg. reward: -14.181, 0.205 sec/game, 0.7 min. total, 636.2 MB
cherub_squatting v3 224 games, 94730 moves, e=0.906, loss: nan, -, 35.0% elo% vs. random_bot, avg. reward: -14.273, 0.211 sec/game, 0.7 min. total, 638.1 MB
cherub_squatting v3 226 games, 95391 moves, e=0.906, loss: nan, -, 33.5% elo% vs. random_bot, avg. reward: -14.344, 0.211 sec/game, 0.7 min. total, 638.3 MB
cherub_squatting v3 228 games, 96080 moves, e=0.905, loss: nan, -, 32.2% elo% vs. random_bot, avg. reward: -14.402, 0.209 sec/game, 0.7 min. total, 638.4 MB
cherub_squatting v3 230 games, 96748 moves, e=0.904, loss: nan, ., 32.9% elo% vs. random_bot, avg. reward: -14.487, 0.210 sec/game, 0.8 min. total, 638.8 MB
cherub_squatting v3 232 games, 97456 moves, e=0.904, loss: nan, ., 33.6% elo% vs. random_bot, avg. reward: -14.526, 0.211 sec/game, 0.8 min. total, 640.0 MB
cherub_squatting v3 234 games, 98142 moves, e=0.903, loss: nan, -, 32.2% elo% vs. random_bot, avg. reward: -14.578, 0.211 sec/game, 0.8 min. total, 641.5 MB
cherub_squatting v3 236 games, 98829 moves, e=0.902, loss: nan, -, 30.9% elo% vs. random_bot, avg. reward: -14.636, 0.212 sec/game, 0.8 min. total, 643.0 MB
cherub_squatting v3 238 games, 99477 moves, e=0.902, loss: nan, -, 29.7% elo% vs. random_bot, avg. reward: -14.712, 0.214 sec/game, 0.8 min. total, 644.6 MB
cherub_squatting v3 240 games, 100121 moves, e=0.901, loss: 90.3, +, 32.5% elo% vs. random_bot, avg. reward: -14.806, 0.275 sec/game, 0.8 min. total, 699.1 MB
cherub_squatting v3 242 games, 101140 moves, e=0.900, loss: 57.0, +, 35.3% elo% vs. random_bot, avg. reward: -14.692, 0.642 sec/game, 0.9 min. total, 699.8 MB
cherub_squatting v3 244 games, 102179 moves, e=0.899, loss: 29.1, +, 38.1% elo% vs. random_bot, avg. reward: -14.578, 1.003 sec/game, 1.1 min. total, 700.8 MB
cherub_squatting v3 246 games, 103324 moves, e=0.898, loss: 15.3, +, 40.8% elo% vs. random_bot, avg. reward: -14.465, 1.446 sec/game, 1.2 min. total, 702.2 MB
cherub_squatting v3 248 games, 104400 moves, e=0.897, loss: 10.1, +, 43.4% elo% vs. random_bot, avg. reward: -14.423, 1.821 sec/game, 1.4 min. total, 702.7 MB
cherub_squatting v3 250 games, 105659 moves, e=0.895, loss: 7.9, +, 46.0% elo% vs. random_bot, avg. reward: -14.324, 2.296 sec/game, 1.5 min. total, 702.5 MB
cherub_squatting v3 252 games, 106647 moves, e=0.894, loss: 7.1, +, 48.5% elo% vs. random_bot, avg. reward: -14.240, 2.880 sec/game, 1.7 min. total, 704.1 MB
cherub_squatting v3 254 games, 107743 moves, e=0.893, loss: 6.7, +, 50.9% elo% vs. random_bot, avg. reward: -14.156, 3.271 sec/game, 1.9 min. total, 703.5 MB
cherub_squatting v3 256 games, 108723 moves, e=0.892, loss: 6.6, +, 53.1% elo% vs. random_bot, avg. reward: -14.082, 3.716 sec/game, 2.0 min. total, 703.5 MB
cherub_squatting v3 258 games, 109909 moves, e=0.891, loss: 6.3, +, 55.3% elo% vs. random_bot, avg. reward: -13.963, 4.390 sec/game, 2.2 min. total, 705.9 MB
cherub_squatting v3 260 games, 110983 moves, e=0.890, loss: 6.3, +, 57.3% elo% vs. random_bot, avg. reward: -13.900, 4.711 sec/game, 2.4 min. total, 705.9 MB
cherub_squatting v3 262 games, 112181 moves, e=0.889, loss: 6.2, +, 59.2% elo% vs. random_bot, avg. reward: -13.797, 4.743 sec/game, 2.5 min. total, 705.5 MB
cherub_squatting v3 264 games, 113417 moves, e=0.888, loss: 6.3, +, 61.0% elo% vs. random_bot, avg. reward: -13.689, 4.893 sec/game, 2.7 min. total, 706.2 MB
cherub_squatting v3 266 games, 114671 moves, e=0.886, loss: 6.3, +, 62.7% elo% vs. random_bot, avg. reward: -13.571, 4.942 sec/game, 2.9 min. total, 706.0 MB
cherub_squatting v3 268 games, 115820 moves, e=0.885, loss: 6.1, +, 64.3% elo% vs. random_bot, avg. reward: -13.455, 4.953 sec/game, 3.0 min. total, 706.6 MB
cherub_squatting v3 270 games, 116969 moves, e=0.884, loss: 6.0, +, 65.8% elo% vs. random_bot, avg. reward: -13.371, 4.891 sec/game, 3.2 min. total, 708.8 MB
cherub_squatting v3 272 games, 118140 moves, e=0.883, loss: 5.8, +, 67.2% elo% vs. random_bot, avg. reward: -13.245, 4.724 sec/game, 3.3 min. total, 708.0 MB
cherub_squatting v3 274 games, 119467 moves, e=0.882, loss: 5.6, +, 68.5% elo% vs. random_bot, avg. reward: -13.095, 4.836 sec/game, 3.5 min. total, 708.6 MB
cherub_squatting v3 276 games, 120771 moves, e=0.880, loss: 5.7, +, 69.8% elo% vs. random_bot, avg. reward: -13.013, 4.840 sec/game, 3.6 min. total, 710.4 MB
cherub_squatting v3 278 games, 121879 moves, e=0.879, loss: 5.6, +, 70.9% elo% vs. random_bot, avg. reward: -12.894, 4.619 sec/game, 3.8 min. total, 712.8 MB
cherub_squatting v4 280 games, 123087 moves, e=0.878, loss: 5.4, +, 54.5% elo% vs. guard_bot, avg. reward: -12.757, 4.659 sec/game, 3.9 min. total, 768.8 MB
cherub_squatting v4 282 games, 124278 moves, e=0.877, loss: 5.4, +, 56.6% elo% vs. guard_bot, avg. reward: -12.659, 4.657 sec/game, 4.1 min. total, 770.1 MB
cherub_squatting v4 284 games, 125628 moves, e=0.876, loss: 5.5, +, 58.5% elo% vs. guard_bot, avg. reward: -12.544, 4.612 sec/game, 4.2 min. total, 770.9 MB
cherub_squatting v4 286 games, 126784 moves, e=0.874, loss: 5.4, +, 60.4% elo% vs. guard_bot, avg. reward: -12.446, 4.508 sec/game, 4.4 min. total, 771.6 MB
cherub_squatting v4 288 games, 127991 moves, e=0.873, loss: 5.2, +, 62.1% elo% vs. guard_bot, avg. reward: -12.338, 4.509 sec/game, 4.5 min. total, 773.4 MB
cherub_squatting v4 290 games, 129237 moves, e=0.872, loss: 5.1, +, 63.7% elo% vs. guard_bot, avg. reward: -12.200, 4.529 sec/game, 4.7 min. total, 773.9 MB
cherub_squatting v4 292 games, 130434 moves, e=0.871, loss: 5.2, +, 65.2% elo% vs. guard_bot, avg. reward: -12.082, 4.540 sec/game, 4.8 min. total, 774.4 MB
cherub_squatting v4 294 games, 131646 moves, e=0.870, loss: 5.0, +, 66.7% elo% vs. guard_bot, avg. reward: -11.989, 4.431 sec/game, 4.9 min. total, 774.3 MB
cherub_squatting v4 296 games, 132782 moves, e=0.869, loss: 5.1, +, 68.0% elo% vs. guard_bot, avg. reward: -11.905, 4.365 sec/game, 5.1 min. total, 774.7 MB
cherub_squatting v4 298 games, 134027 moves, e=0.867, loss: 5.1, +, 69.3% elo% vs. guard_bot, avg. reward: -11.791, 4.344 sec/game, 5.2 min. total, 775.6 MB
cherub_squatting v4 300 games, 135025 moves, e=0.866, loss: 5.0, +, 70.5% elo% vs. guard_bot, avg. reward: -11.697, 4.220 sec/game, 5.3 min. total, 777.2 MB
cherub_squatting v5 302 games, 136297 moves, e=0.865, loss: 4.9, -, 49.9% elo% vs. random_no_suicide, avg. reward: -11.587, 4.250 sec/game, 5.5 min. total, 779.2 MB
cherub_squatting v5 304 games, 137531 moves, e=0.864, loss: 4.8, -, 47.6% elo% vs. random_no_suicide, avg. reward: -11.436, 4.203 sec/game, 5.6 min. total, 781.8 MB
cherub_squatting v5 306 games, 138706 moves, e=0.863, loss: 4.8, -, 45.4% elo% vs. random_no_suicide, avg. reward: -11.265, 4.200 sec/game, 5.8 min. total, 783.7 MB
cherub_squatting v5 308 games, 139882 moves, e=0.862, loss: 4.6, -, 43.4% elo% vs. random_no_suicide, avg. reward: -11.141, 4.193 sec/game, 5.9 min. total, 786.3 MB
cherub_squatting v5 310 games, 140973 moves, e=0.860, loss: 4.7, -, 41.4% elo% vs. random_no_suicide, avg. reward: -11.031, 4.146 sec/game, 6.0 min. total, 785.6 MB
cherub_squatting v5 312 games, 142079 moves, e=0.859, loss: 4.8, -, 39.6% elo% vs. random_no_suicide, avg. reward: -10.893, 4.054 sec/game, 6.2 min. total, 786.0 MB
cherub_squatting v5 314 games, 143254 moves, e=0.858, loss: 4.7, ., 40.0% elo% vs. random_no_suicide, avg. reward: -10.789, 4.085 sec/game, 6.3 min. total, 786.3 MB
cherub_squatting v5 316 games, 144490 moves, e=0.857, loss: 4.8, +, 42.7% elo% vs. random_no_suicide, avg. reward: -10.669, 4.082 sec/game, 6.4 min. total, 789.5 MB
cherub_squatting v5 318 games, 145710 moves, e=0.856, loss: 4.9, -, 40.8% elo% vs. random_no_suicide, avg. reward: -10.483, 4.083 sec/game, 6.6 min. total, 789.7 MB
cherub_squatting v5 320 games, 146976 moves, e=0.854, loss: 4.8, -, 39.0% elo% vs. random_no_suicide, avg. reward: -10.363, 4.207 sec/game, 6.7 min. total, 789.7 MB
cherub_squatting v5 322 games, 148013 moves, e=0.853, loss: 4.9, -, 37.3% elo% vs. random_no_suicide, avg. reward: -10.273, 4.121 sec/game, 6.9 min. total, 791.0 MB
cherub_squatting v5 324 games, 149403 moves, e=0.852, loss: 4.8, -, 35.7% elo% vs. random_no_suicide, avg. reward: -10.096, 4.172 sec/game, 7.0 min. total, 791.6 MB
cherub_squatting v5 326 games, 150545 moves, e=0.851, loss: 4.9, -, 34.2% elo% vs. random_no_suicide, avg. reward: -9.928, 4.174 sec/game, 7.2 min. total, 792.5 MB
cherub_squatting v5 328 games, 151789 moves, e=0.850, loss: 5.1, +, 37.0% elo% vs. random_no_suicide, avg. reward: -9.796, 4.186 sec/game, 7.3 min. total, 792.8 MB
cherub_squatting v5 330 games, 153054 moves, e=0.848, loss: 5.3, -, 35.4% elo% vs. random_no_suicide, avg. reward: -9.622, 4.228 sec/game, 7.5 min. total, 793.1 MB
cherub_squatting v5 332 games, 154193 moves, e=0.847, loss: 5.3, -, 33.9% elo% vs. random_no_suicide, avg. reward: -9.493, 4.271 sec/game, 7.6 min. total, 793.7 MB
cherub_squatting v5 334 games, 155240 moves, e=0.846, loss: 5.1, -, 32.5% elo% vs. random_no_suicide, avg. reward: -9.353, 4.187 sec/game, 7.7 min. total, 797.5 MB
cherub_squatting v5 336 games, 156432 moves, e=0.845, loss: 5.2, +, 35.3% elo% vs. random_no_suicide, avg. reward: -9.179, 4.233 sec/game, 7.9 min. total, 801.2 MB
cherub_squatting v5 338 games, 157600 moves, e=0.844, loss: 5.2, ., 36.0% elo% vs. random_no_suicide, avg. reward: -9.019, 4.187 sec/game, 8.0 min. total, 801.3 MB
cherub_squatting v5 340 games, 158738 moves, e=0.843, loss: 5.2, -, 34.4% elo% vs. random_no_suicide, avg. reward: -8.855, 4.145 sec/game, 8.1 min. total, 801.4 MB
cherub_squatting v5 342 games, 159884 moves, e=0.842, loss: 5.1, ., 35.1% elo% vs. random_no_suicide, avg. reward: -8.843, 4.183 sec/game, 8.3 min. total, 801.1 MB
cherub_squatting v5 344 games, 160972 moves, e=0.841, loss: 5.1, -, 33.6% elo% vs. random_no_suicide, avg. reward: -8.828, 4.047 sec/game, 8.4 min. total, 801.6 MB
cherub_squatting v5 346 games, 162197 moves, e=0.839, loss: 5.1, -, 32.3% elo% vs. random_no_suicide, avg. reward: -8.824, 4.086 sec/game, 8.5 min. total, 801.7 MB
cherub_squatting v5 348 games, 163530 moves, e=0.838, loss: 5.2, +, 35.1% elo% vs. random_no_suicide, avg. reward: -8.766, 4.126 sec/game, 8.7 min. total, 801.3 MB
cherub_squatting v5 350 games, 164705 moves, e=0.837, loss: 5.2, +, 37.8% elo% vs. random_no_suicide, avg. reward: -8.787, 4.083 sec/game, 8.8 min. total, 801.9 MB
cherub_squatting v5 352 games, 165918 moves, e=0.836, loss: 5.3, +, 40.5% elo% vs. random_no_suicide, avg. reward: -8.738, 4.136 sec/game, 9.0 min. total, 802.5 MB
cherub_squatting v5 354 games, 167128 moves, e=0.835, loss: 5.2, -, 38.8% elo% vs. random_no_suicide, avg. reward: -8.719, 4.180 sec/game, 9.1 min. total, 803.4 MB
cherub_squatting v5 356 games, 168499 moves, e=0.833, loss: 5.2, -, 37.1% elo% vs. random_no_suicide, avg. reward: -8.661, 4.227 sec/game, 9.3 min. total, 804.4 MB
cherub_squatting v5 358 games, 169744 moves, e=0.832, loss: 5.3, -, 35.5% elo% vs. random_no_suicide, avg. reward: -8.648, 4.268 sec/game, 9.4 min. total, 805.3 MB
cherub_squatting v5 360 games, 170955 moves, e=0.831, loss: 5.1, -, 34.0% elo% vs. random_no_suicide, avg. reward: -8.628, 4.270 sec/game, 9.5 min. total, 805.7 MB
cherub_squatting v5 362 games, 172273 moves, e=0.829, loss: 5.2, -, 32.6% elo% vs. random_no_suicide, avg. reward: -8.620, 4.354 sec/game, 9.7 min. total, 804.5 MB
cherub_squatting v5 364 games, 173512 moves, e=0.828, loss: 5.2, +, 35.4% elo% vs. random_no_suicide, avg. reward: -8.617, 4.448 sec/game, 9.9 min. total, 804.6 MB
cherub_squatting v5 366 games, 174702 moves, e=0.827, loss: 5.3, +, 38.2% elo% vs. random_no_suicide, avg. reward: -8.621, 4.414 sec/game, 10.0 min. total, 804.9 MB
cherub_squatting v5 368 games, 176014 moves, e=0.826, loss: 5.2, +, 40.9% elo% vs. random_no_suicide, avg. reward: -8.590, 4.469 sec/game, 10.2 min. total, 806.0 MB
cherub_squatting v5 370 games, 177269 moves, e=0.825, loss: 5.2, -, 39.1% elo% vs. random_no_suicide, avg. reward: -8.571, 4.486 sec/game, 10.3 min. total, 806.2 MB
cherub_squatting v5 372 games, 178487 moves, e=0.823, loss: 5.2, +, 41.8% elo% vs. random_no_suicide, avg. reward: -8.565, 4.487 sec/game, 10.5 min. total, 809.2 MB
cherub_squatting v5 374 games, 179818 moves, e=0.822, loss: 5.3, -, 39.9% elo% vs. random_no_suicide, avg. reward: -8.564, 4.546 sec/game, 10.6 min. total, 809.4 MB
cherub_squatting v5 376 games, 181165 moves, e=0.821, loss: 5.3, +, 42.6% elo% vs. random_no_suicide, avg. reward: -8.542, 4.552 sec/game, 10.8 min. total, 810.2 MB
cherub_squatting v5 378 games, 182404 moves, e=0.819, loss: 5.2, ., 42.9% elo% vs. random_no_suicide, avg. reward: -8.512, 4.584 sec/game, 10.9 min. total, 812.4 MB
cherub_squatting v5 380 games, 183742 moves, e=0.818, loss: 5.2, +, 45.5% elo% vs. random_no_suicide, avg. reward: -8.488, 4.680 sec/game, 11.1 min. total, 815.0 MB
cherub_squatting v5 382 games, 184929 moves, e=0.817, loss: 5.3, +, 48.0% elo% vs. random_no_suicide, avg. reward: -8.472, 4.606 sec/game, 11.2 min. total, 813.3 MB
cherub_squatting v5 384 games, 186196 moves, e=0.816, loss: 5.2, +, 50.4% elo% vs. random_no_suicide, avg. reward: -8.487, 4.606 sec/game, 11.4 min. total, 814.2 MB
cherub_squatting v5 386 games, 187494 moves, e=0.814, loss: 5.1, +, 52.7% elo% vs. random_no_suicide, avg. reward: -8.458, 4.730 sec/game, 11.6 min. total, 803.7 MB
cherub_squatting v5 388 games, 188851 moves, e=0.813, loss: 5.1, +, 54.9% elo% vs. random_no_suicide, avg. reward: -8.432, 4.764 sec/game, 11.8 min. total, 804.3 MB
cherub_squatting v5 390 games, 190132 moves, e=0.812, loss: 5.1, +, 56.9% elo% vs. random_no_suicide, avg. reward: -8.423, 4.819 sec/game, 11.9 min. total, 804.6 MB
cherub_squatting v5 392 games, 191385 moves, e=0.811, loss: 5.0, -, 54.3% elo% vs. random_no_suicide, avg. reward: -8.405, 4.837 sec/game, 12.1 min. total, 805.3 MB
cherub_squatting v5 394 games, 192613 moves, e=0.809, loss: 5.0, +, 56.4% elo% vs. random_no_suicide, avg. reward: -8.385, 4.791 sec/game, 12.2 min. total, 806.0 MB
cherub_squatting v5 396 games, 193891 moves, e=0.808, loss: 5.1, +, 58.4% elo% vs. random_no_suicide, avg. reward: -8.355, 4.770 sec/game, 12.4 min. total, 807.8 MB
cherub_squatting v5 398 games, 195204 moves, e=0.807, loss: 5.1, +, 60.2% elo% vs. random_no_suicide, avg. reward: -8.337, 4.799 sec/game, 12.5 min. total, 812.5 MB
cherub_squatting v5 400 games, 196552 moves, e=0.805, loss: 5.0, +, 62.0% elo% vs. random_no_suicide, avg. reward: -8.292, 4.806 sec/game, 12.7 min. total, 811.1 MB
cherub_squatting v6 402 games, 197934 moves, e=0.804, loss: 5.0, +, 52.3% elo% vs. random_no_suicide, avg. reward: -8.269, 4.929 sec/game, 12.9 min. total, 811.6 MB
cherub_squatting v6 404 games, 199205 moves, e=0.803, loss: 5.0, +, 54.5% elo% vs. random_no_suicide, avg. reward: -8.260, 4.969 sec/game, 13.1 min. total, 811.5 MB
cherub_squatting v6 406 games, 200557 moves, e=0.801, loss: 5.0, +, 56.6% elo% vs. random_no_suicide, avg. reward: -8.217, 4.902 sec/game, 13.2 min. total, 812.7 MB
cherub_squatting v6 408 games, 201848 moves, e=0.800, loss: 5.1, +, 58.5% elo% vs. random_no_suicide, avg. reward: -8.197, 4.831 sec/game, 13.4 min. total, 813.5 MB
cherub_squatting v6 410 games, 203148 moves, e=0.799, loss: 5.1, +, 60.4% elo% vs. random_no_suicide, avg. reward: -8.172, 4.859 sec/game, 13.5 min. total, 815.4 MB
cherub_squatting v6 412 games, 204582 moves, e=0.797, loss: 5.0, +, 62.1% elo% vs. random_no_suicide, avg. reward: -8.110, 4.904 sec/game, 13.7 min. total, 818.1 MB
cherub_squatting v6 414 games, 206158 moves, e=0.796, loss: 4.9, +, 63.7% elo% vs. random_no_suicide, avg. reward: -8.076, 5.036 sec/game, 13.9 min. total, 818.3 MB
cherub_squatting v6 416 games, 207536 moves, e=0.795, loss: 5.0, +, 65.2% elo% vs. random_no_suicide, avg. reward: -8.046, 5.059 sec/game, 14.1 min. total, 815.4 MB
cherub_squatting v6 418 games, 208905 moves, e=0.793, loss: 5.0, +, 66.7% elo% vs. random_no_suicide, avg. reward: -8.024, 5.052 sec/game, 14.2 min. total, 816.2 MB
cherub_squatting v6 420 games, 210202 moves, e=0.792, loss: 5.1, +, 68.0% elo% vs. random_no_suicide, avg. reward: -8.019, 5.005 sec/game, 14.4 min. total, 818.1 MB
cherub_squatting v6 422 games, 211438 moves, e=0.791, loss: 4.9, +, 69.3% elo% vs. random_no_suicide, avg. reward: -7.973, 4.913 sec/game, 14.5 min. total, 818.5 MB
cherub_squatting v6 424 games, 212650 moves, e=0.789, loss: 5.1, +, 70.5% elo% vs. random_no_suicide, avg. reward: -7.996, 4.907 sec/game, 14.7 min. total, 817.1 MB
cherub_squatting v7 426 games, 214074 moves, e=0.788, loss: 5.2, -, 49.9% elo% vs. simple_bot, avg. reward: -7.965, 5.051 sec/game, 14.9 min. total, 831.0 MB
cherub_squatting v7 428 games, 215385 moves, e=0.787, loss: 5.2, -, 47.6% elo% vs. simple_bot, avg. reward: -7.946, 5.080 sec/game, 15.1 min. total, 832.2 MB
cherub_squatting v7 430 games, 216627 moves, e=0.786, loss: 5.4, -, 45.4% elo% vs. simple_bot, avg. reward: -7.956, 5.062 sec/game, 15.2 min. total, 832.3 MB
cherub_squatting v7 432 games, 217852 moves, e=0.784, loss: 5.2, -, 43.4% elo% vs. simple_bot, avg. reward: -7.936, 4.958 sec/game, 15.4 min. total, 832.5 MB
cherub_squatting v7 434 games, 219136 moves, e=0.783, loss: 5.3, -, 41.4% elo% vs. simple_bot, avg. reward: -7.909, 4.911 sec/game, 15.5 min. total, 834.1 MB
cherub_squatting v7 436 games, 220385 moves, e=0.782, loss: 5.2, -, 39.6% elo% vs. simple_bot, avg. reward: -7.910, 4.827 sec/game, 15.7 min. total, 835.2 MB
cherub_squatting v7 438 games, 221729 moves, e=0.780, loss: 5.2, -, 37.8% elo% vs. simple_bot, avg. reward: -7.876, 4.843 sec/game, 15.8 min. total, 836.5 MB
cherub_squatting v7 440 games, 223286 moves, e=0.779, loss: 5.2, -, 36.2% elo% vs. simple_bot, avg. reward: -7.829, 5.036 sec/game, 16.1 min. total, 837.6 MB
cherub_squatting v7 442 games, 224590 moves, e=0.778, loss: 5.3, -, 34.7% elo% vs. simple_bot, avg. reward: -7.804, 5.058 sec/game, 16.2 min. total, 836.6 MB
cherub_squatting v7 444 games, 225937 moves, e=0.776, loss: 5.3, -, 33.3% elo% vs. simple_bot, avg. reward: -7.774, 5.175 sec/game, 16.4 min. total, 839.1 MB
cherub_squatting v7 446 games, 227417 moves, e=0.775, loss: 5.3, -, 31.9% elo% vs. simple_bot, avg. reward: -7.730, 5.070 sec/game, 16.6 min. total, 839.6 MB
cherub_squatting v7 448 games, 228903 moves, e=0.773, loss: 5.5, -, 30.6% elo% vs. simple_bot, avg. reward: -7.709, 10.216 sec/game, 18.5 min. total, 843.0 MB
cherub_squatting v7 450 games, 230362 moves, e=0.772, loss: 5.4, -, 29.5% elo% vs. simple_bot, avg. reward: -7.660, 32.084 sec/game, 25.9 min. total, 842.2 MB
cherub_squatting v7 452 games, 231845 moves, e=0.770, loss: 5.5, -, 28.3% elo% vs. simple_bot, avg. reward: -7.641, 37.491 sec/game, 27.9 min. total, 843.2 MB
cherub_squatting v7 454 games, 233246 moves, e=0.769, loss: 5.5, -, 27.3% elo% vs. simple_bot, avg. reward: -7.601, 43.584 sec/game, 30.1 min. total, 842.6 MB
cherub_squatting v7 456 games, 234514 moves, e=0.768, loss: 5.5, -, 26.3% elo% vs. simple_bot, avg. reward: -7.604, 43.675 sec/game, 30.2 min. total, 842.9 MB
cherub_squatting v7 458 games, 236102 moves, e=0.766, loss: 5.6, -, 25.4% elo% vs. simple_bot, avg. reward: -7.574, 43.800 sec/game, 30.4 min. total, 842.6 MB
cherub_squatting v7 460 games, 237491 moves, e=0.765, loss: 5.7, -, 24.5% elo% vs. simple_bot, avg. reward: -7.545, 43.756 sec/game, 30.6 min. total, 842.9 MB
cherub_squatting v7 462 games, 238721 moves, e=0.764, loss: 5.7, -, 23.7% elo% vs. simple_bot, avg. reward: -7.555, 43.789 sec/game, 30.8 min. total, 844.7 MB
cherub_squatting v7 464 games, 240096 moves, e=0.762, loss: 5.6, -, 22.9% elo% vs. simple_bot, avg. reward: -7.542, 43.670 sec/game, 31.0 min. total, 844.1 MB
cherub_squatting v7 466 games, 241290 moves, e=0.761, loss: 5.9, -, 22.2% elo% vs. simple_bot, avg. reward: -7.545, 43.627 sec/game, 31.1 min. total, 844.6 MB
cherub_squatting v7 468 games, 242687 moves, e=0.760, loss: 5.8, -, 21.5% elo% vs. simple_bot, avg. reward: -7.535, 38.440 sec/game, 31.3 min. total, 846.0 MB
cherub_squatting v7 470 games, 244407 moves, e=0.758, loss: 6.1, -, 20.8% elo% vs. simple_bot, avg. reward: -7.489, 16.720 sec/game, 31.5 min. total, 846.7 MB
cherub_squatting v7 472 games, 245833 moves, e=0.757, loss: 6.4, -, 20.2% elo% vs. simple_bot, avg. reward: -7.455, 11.391 sec/game, 31.7 min. total, 847.7 MB
cherub_squatting v7 474 games, 247378 moves, e=0.755, loss: 6.8, -, 19.6% elo% vs. simple_bot, avg. reward: -7.435, 5.339 sec/game, 31.8 min. total, 847.5 MB
cherub_squatting v7 476 games, 248847 moves, e=0.754, loss: 7.0, -, 19.0% elo% vs. simple_bot, avg. reward: -7.423, 5.374 sec/game, 32.0 min. total, 847.9 MB
cherub_squatting v7 478 games, 250383 moves, e=0.752, loss: 6.9, -, 18.5% elo% vs. simple_bot, avg. reward: -7.398, 5.265 sec/game, 32.2 min. total, 850.6 MB
cherub_squatting v7 480 games, 251961 moves, e=0.751, loss: 7.4, -, 18.0% elo% vs. simple_bot, avg. reward: -7.369, 5.204 sec/game, 32.4 min. total, 851.7 MB
cherub_squatting v7 482 games, 253527 moves, e=0.749, loss: 7.7, -, 17.5% elo% vs. simple_bot, avg. reward: -7.333, 5.247 sec/game, 32.6 min. total, 851.8 MB
cherub_squatting v7 484 games, 255101 moves, e=0.747, loss: 7.7, -, 17.0% elo% vs. simple_bot, avg. reward: -7.307, 5.307 sec/game, 32.7 min. total, 852.8 MB
cherub_squatting v7 486 games, 256429 moves, e=0.746, loss: 7.8, -, 16.6% elo% vs. simple_bot, avg. reward: -7.293, 5.336 sec/game, 32.9 min. total, 852.7 MB
cherub_squatting v7 488 games, 257963 moves, e=0.745, loss: 7.8, -, 16.2% elo% vs. simple_bot, avg. reward: -7.273, 5.416 sec/game, 33.1 min. total, 853.2 MB
cherub_squatting v7 490 games, 259425 moves, e=0.743, loss: 8.1, -, 15.8% elo% vs. simple_bot, avg. reward: -7.254, 5.288 sec/game, 33.3 min. total, 853.8 MB
cherub_squatting v7 492 games, 260905 moves, e=0.742, loss: 8.6, -, 15.4% elo% vs. simple_bot, avg. reward: -7.229, 5.344 sec/game, 33.4 min. total, 853.0 MB
cherub_squatting v7 494 games, 262622 moves, e=0.740, loss: 8.7, -, 15.0% elo% vs. simple_bot, avg. reward: -7.187, 5.393 sec/game, 33.6 min. total, 856.1 MB
cherub_squatting v7 496 games, 263897 moves, e=0.739, loss: 8.6, -, 14.7% elo% vs. simple_bot, avg. reward: -7.185, 5.311 sec/game, 33.8 min. total, 857.1 MB
cherub_squatting v7 498 games, 265355 moves, e=0.737, loss: 8.9, -, 14.3% elo% vs. simple_bot, avg. reward: -7.186, 5.316 sec/game, 34.0 min. total, 860.7 MB
cherub_squatting v7 500 games, 266855 moves, e=0.736, loss: 9.1, -, 14.0% elo% vs. simple_bot, avg. reward: -7.152, 5.283 sec/game, 34.1 min. total, 860.1 MB
cherub_squatting v8 502 games, 268257 moves, e=0.734, loss: 9.4, -, 47.7% elo% vs. simple_bot, avg. reward: -7.159, 5.315 sec/game, 34.3 min. total, 859.6 MB
cherub_squatting v8 504 games, 269757 moves, e=0.733, loss: 9.6, -, 45.5% elo% vs. simple_bot, avg. reward: -7.138, 5.645 sec/game, 34.6 min. total, 848.7 MB
cherub_squatting v8 506 games, 271435 moves, e=0.731, loss: 10.1, -, 43.4% elo% vs. simple_bot, avg. reward: -7.118, 5.781 sec/game, 34.8 min. total, 851.0 MB
cherub_squatting v8 508 games, 272834 moves, e=0.730, loss: 9.9, -, 41.5% elo% vs. simple_bot, avg. reward: -7.110, 5.750 sec/game, 35.0 min. total, 852.6 MB
cherub_squatting v8 510 games, 274297 moves, e=0.728, loss: 9.9, -, 39.6% elo% vs. simple_bot, avg. reward: -7.092, 5.760 sec/game, 35.2 min. total, 851.6 MB
cherub_squatting v8 512 games, 275670 moves, e=0.727, loss: 10.0, -, 37.9% elo% vs. simple_bot, avg. reward: -7.120, 5.720 sec/game, 35.3 min. total, 852.3 MB
cherub_squatting v8 514 games, 277191 moves, e=0.726, loss: 10.3, -, 36.3% elo% vs. simple_bot, avg. reward: -7.116, 5.679 sec/game, 35.5 min. total, 853.2 MB
cherub_squatting v8 516 games, 278732 moves, e=0.724, loss: 10.1, -, 34.8% elo% vs. simple_bot, avg. reward: -7.113, 5.785 sec/game, 35.7 min. total, 852.8 MB
cherub_squatting v8 518 games, 280481 moves, e=0.722, loss: 10.3, -, 33.3% elo% vs. simple_bot, avg. reward: -7.089, 5.882 sec/game, 35.9 min. total, 854.1 MB
cherub_squatting v8 520 games, 282166 moves, e=0.721, loss: 10.0, -, 32.0% elo% vs. simple_bot, avg. reward: -7.053, 5.961 sec/game, 36.1 min. total, 855.8 MB
cherub_squatting v8 522 games, 283635 moves, e=0.719, loss: 10.0, -, 30.7% elo% vs. simple_bot, avg. reward: -7.033, 5.944 sec/game, 36.3 min. total, 855.6 MB
cherub_squatting v8 524 games, 285210 moves, e=0.718, loss: 9.8, -, 29.5% elo% vs. simple_bot, avg. reward: -6.984, 5.751 sec/game, 36.5 min. total, 858.7 MB
cherub_squatting v8 526 games, 286872 moves, e=0.716, loss: 9.7, -, 28.4% elo% vs. simple_bot, avg. reward: -6.958, 5.779 sec/game, 36.8 min. total, 859.4 MB
cherub_squatting v8 528 games, 288462 moves, e=0.714, loss: 9.9, -, 27.3% elo% vs. simple_bot, avg. reward: -6.935, 5.884 sec/game, 37.0 min. total, 859.2 MB
cherub_squatting v8 530 games, 290180 moves, e=0.713, loss: 9.6, -, 26.4% elo% vs. simple_bot, avg. reward: -6.888, 6.093 sec/game, 37.2 min. total, 861.6 MB
cherub_squatting v8 532 games, 291744 moves, e=0.711, loss: 9.6, -, 25.4% elo% vs. simple_bot, avg. reward: -6.856, 6.234 sec/game, 37.4 min. total, 848.5 MB
cherub_squatting v8 534 games, 293643 moves, e=0.709, loss: 9.4, -, 24.5% elo% vs. simple_bot, avg. reward: -6.806, 6.399 sec/game, 37.7 min. total, 849.8 MB
cherub_squatting v8 536 games, 295168 moves, e=0.708, loss: 9.4, -, 23.7% elo% vs. simple_bot, avg. reward: -6.769, 6.391 sec/game, 37.8 min. total, 853.4 MB
cherub_squatting v8 538 games, 296542 moves, e=0.706, loss: 9.6, -, 22.9% elo% vs. simple_bot, avg. reward: -6.777, 6.228 sec/game, 38.0 min. total, 851.8 MB
cherub_squatting v8 540 games, 298360 moves, e=0.705, loss: 9.7, -, 22.2% elo% vs. simple_bot, avg. reward: -6.758, 6.277 sec/game, 38.2 min. total, 850.4 MB
cherub_squatting v8 542 games, 299869 moves, e=0.703, loss: 9.5, -, 21.5% elo% vs. simple_bot, avg. reward: -6.749, 6.281 sec/game, 38.4 min. total, 853.0 MB
cherub_squatting v8 544 games, 301486 moves, e=0.702, loss: 9.7, -, 20.8% elo% vs. simple_bot, avg. reward: -6.714, 6.199 sec/game, 38.6 min. total, 852.8 MB
cherub_squatting v8 546 games, 302974 moves, e=0.700, loss: 9.7, -, 20.2% elo% vs. simple_bot, avg. reward: -6.717, 6.050 sec/game, 38.8 min. total, 854.4 MB
cherub_squatting v8 548 games, 304670 moves, e=0.698, loss: 9.4, -, 19.6% elo% vs. simple_bot, avg. reward: -6.709, 6.082 sec/game, 39.0 min. total, 856.1 MB
cherub_squatting v8 550 games, 306259 moves, e=0.697, loss: 9.4, -, 19.1% elo% vs. simple_bot, avg. reward: -6.702, 5.916 sec/game, 39.2 min. total, 857.1 MB
cherub_squatting v8 552 games, 307965 moves, e=0.695, loss: 9.4, -, 18.5% elo% vs. simple_bot, avg. reward: -6.676, 5.871 sec/game, 39.4 min. total, 855.5 MB
cherub_squatting v8 554 games, 309541 moves, e=0.694, loss: 9.5, -, 18.0% elo% vs. simple_bot, avg. reward: -6.661, 5.759 sec/game, 39.6 min. total, 853.7 MB
cherub_squatting v8 556 games, 311125 moves, e=0.692, loss: 9.6, -, 17.5% elo% vs. simple_bot, avg. reward: -6.657, 5.758 sec/game, 39.8 min. total, 857.8 MB
cherub_squatting v8 558 games, 312719 moves, e=0.690, loss: 9.4, -, 17.1% elo% vs. simple_bot, avg. reward: -6.652, 5.888 sec/game, 40.0 min. total, 858.0 MB
cherub_squatting v8 560 games, 314697 moves, e=0.688, loss: 9.3, -, 16.6% elo% vs. simple_bot, avg. reward: -6.608, 5.942 sec/game, 40.2 min. total, 859.2 MB
cherub_squatting v8 562 games, 316734 moves, e=0.686, loss: 9.4, -, 16.2% elo% vs. simple_bot, avg. reward: -6.538, 6.156 sec/game, 40.5 min. total, 860.6 MB
cherub_squatting v8 564 games, 318364 moves, e=0.685, loss: 9.2, -, 15.8% elo% vs. simple_bot, avg. reward: -6.504, 6.155 sec/game, 40.7 min. total, 860.8 MB
cherub_squatting v8 566 games, 320103 moves, e=0.683, loss: 9.9, -, 15.4% elo% vs. simple_bot, avg. reward: -6.440, 6.260 sec/game, 40.9 min. total, 860.9 MB
cherub_squatting v8 568 games, 321986 moves, e=0.681, loss: 9.3, -, 15.1% elo% vs. simple_bot, avg. reward: -6.396, 6.312 sec/game, 41.1 min. total, 861.9 MB
cherub_squatting v8 570 games, 323787 moves, e=0.679, loss: 9.4, -, 14.7% elo% vs. simple_bot, avg. reward: -6.401, 6.394 sec/game, 41.3 min. total, 865.8 MB
cherub_squatting v8 572 games, 325461 moves, e=0.678, loss: 9.8, -, 14.4% elo% vs. simple_bot, avg. reward: -6.390, 6.392 sec/game, 41.5 min. total, 865.3 MB
cherub_squatting v8 574 games, 327198 moves, e=0.676, loss: 9.6, -, 14.0% elo% vs. simple_bot, avg. reward: -6.374, 6.440 sec/game, 41.7 min. total, 865.3 MB
cherub_squatting v8 576 games, 328963 moves, e=0.674, loss: 9.4, -, 13.7% elo% vs. simple_bot, avg. reward: -6.362, 6.528 sec/game, 41.9 min. total, 868.6 MB
cherub_squatting v8 578 games, 330658 moves, e=0.673, loss: 9.7, -, 13.4% elo% vs. simple_bot, avg. reward: -6.358, 6.530 sec/game, 42.1 min. total, 868.8 MB
cherub_squatting v8 580 games, 332600 moves, e=0.671, loss: 9.6, -, 13.1% elo% vs. simple_bot, avg. reward: -6.344, 6.531 sec/game, 42.4 min. total, 869.4 MB
cherub_squatting v8 582 games, 334425 moves, e=0.669, loss: 9.9, -, 12.9% elo% vs. simple_bot, avg. reward: -6.328, 6.410 sec/game, 42.6 min. total, 869.8 MB
cherub_squatting v8 584 games, 336106 moves, e=0.667, loss: 9.4, -, 12.6% elo% vs. simple_bot, avg. reward: -6.311, 6.412 sec/game, 42.8 min. total, 872.6 MB
cherub_squatting v8 586 games, 337888 moves, e=0.665, loss: 9.0, -, 12.4% elo% vs. simple_bot, avg. reward: -6.279, 6.450 sec/game, 43.0 min. total, 873.3 MB
cherub_squatting v8 588 games, 339762 moves, e=0.664, loss: 9.2, -, 12.1% elo% vs. simple_bot, avg. reward: -6.259, 6.452 sec/game, 43.2 min. total, 876.0 MB
cherub_squatting v8 590 games, 341682 moves, e=0.662, loss: 9.2, -, 11.9% elo% vs. simple_bot, avg. reward: -6.222, 6.499 sec/game, 43.5 min. total, 876.0 MB
cherub_squatting v8 592 games, 343623 moves, e=0.660, loss: 9.1, -, 11.7% elo% vs. simple_bot, avg. reward: -6.182, 6.593 sec/game, 43.7 min. total, 878.3 MB
cherub_squatting v8 594 games, 345483 moves, e=0.658, loss: 9.3, -, 11.4% elo% vs. simple_bot, avg. reward: -6.170, 6.634 sec/game, 43.9 min. total, 882.6 MB
cherub_squatting v8 596 games, 347159 moves, e=0.656, loss: 9.0, -, 11.2% elo% vs. simple_bot, avg. reward: -6.135, 6.603 sec/game, 44.1 min. total, 880.3 MB
cherub_squatting v8 598 games, 348908 moves, e=0.655, loss: 9.0, -, 11.0% elo% vs. simple_bot, avg. reward: -6.097, 6.617 sec/game, 44.3 min. total, 879.4 MB
cherub_squatting v8 600 games, 350775 moves, e=0.653, loss: 9.1, -, 10.8% elo% vs. simple_bot, avg. reward: -6.071, 6.638 sec/game, 44.6 min. total, 880.5 MB
cherub_squatting v9 602 games, 352738 moves, e=0.651, loss: 8.6, -, 47.7% elo% vs. simple_bot, avg. reward: -6.035, 6.687 sec/game, 44.8 min. total, 882.5 MB
cherub_squatting v9 604 games, 354565 moves, e=0.649, loss: 8.3, -, 45.5% elo% vs. simple_bot, avg. reward: -6.019, 6.778 sec/game, 45.1 min. total, 880.8 MB
cherub_squatting v9 606 games, 356358 moves, e=0.647, loss: 8.5, -, 43.4% elo% vs. simple_bot, avg. reward: -6.021, 6.796 sec/game, 45.3 min. total, 884.3 MB
cherub_squatting v9 608 games, 358183 moves, e=0.645, loss: 8.5, -, 41.5% elo% vs. simple_bot, avg. reward: -5.987, 6.808 sec/game, 45.5 min. total, 884.7 MB
cherub_squatting v9 610 games, 360137 moves, e=0.643, loss: 8.3, -, 39.6% elo% vs. simple_bot, avg. reward: -5.947, 6.825 sec/game, 45.7 min. total, 884.5 MB
cherub_squatting v9 612 games, 362023 moves, e=0.642, loss: 8.7, -, 37.9% elo% vs. simple_bot, avg. reward: -5.895, 6.839 sec/game, 46.0 min. total, 886.4 MB
cherub_squatting v9 614 games, 363964 moves, e=0.640, loss: 9.0, -, 36.3% elo% vs. simple_bot, avg. reward: -5.864, 6.851 sec/game, 46.2 min. total, 884.2 MB
cherub_squatting v9 616 games, 365710 moves, e=0.638, loss: 8.2, -, 34.8% elo% vs. simple_bot, avg. reward: -5.858, 6.899 sec/game, 46.4 min. total, 887.4 MB
cherub_squatting v9 618 games, 367593 moves, e=0.636, loss: 8.4, -, 33.3% elo% vs. simple_bot, avg. reward: -5.845, 6.960 sec/game, 46.7 min. total, 890.6 MB
cherub_squatting v9 620 games, 369440 moves, e=0.634, loss: 8.3, -, 32.0% elo% vs. simple_bot, avg. reward: -5.831, 6.946 sec/game, 46.9 min. total, 891.0 MB
cherub_squatting v9 622 games, 371363 moves, e=0.632, loss: 8.1, -, 30.7% elo% vs. simple_bot, avg. reward: -5.795, 6.965 sec/game, 47.1 min. total, 892.0 MB
cherub_squatting v9 624 games, 373456 moves, e=0.630, loss: 7.7, -, 29.5% elo% vs. simple_bot, avg. reward: -5.764, 7.065 sec/game, 47.4 min. total, 891.0 MB
cherub_squatting v9 626 games, 375295 moves, e=0.628, loss: 7.2, -, 28.4% elo% vs. simple_bot, avg. reward: -5.753, 7.119 sec/game, 47.6 min. total, 894.0 MB
cherub_squatting v9 628 games, 377058 moves, e=0.627, loss: 7.2, -, 27.3% elo% vs. simple_bot, avg. reward: -5.744, 7.116 sec/game, 47.9 min. total, 897.9 MB
cherub_squatting v9 630 games, 379004 moves, e=0.625, loss: 6.7, -, 26.4% elo% vs. simple_bot, avg. reward: -5.732, 7.161 sec/game, 48.1 min. total, 897.4 MB
cherub_squatting v9 632 games, 381418 moves, e=0.622, loss: 6.5, -, 25.4% elo% vs. simple_bot, avg. reward: -5.686, 7.389 sec/game, 48.4 min. total, 900.0 MB
cherub_squatting v9 634 games, 383228 moves, e=0.621, loss: 7.1, -, 24.5% elo% vs. simple_bot, avg. reward: -5.682, 7.478 sec/game, 48.7 min. total, 899.4 MB
cherub_squatting v9 636 games, 385110 moves, e=0.619, loss: 6.8, -, 23.7% elo% vs. simple_bot, avg. reward: -5.652, 7.532 sec/game, 49.0 min. total, 904.8 MB
cherub_squatting v9 638 games, 386943 moves, e=0.617, loss: 6.5, -, 22.9% elo% vs. simple_bot, avg. reward: -5.609, 7.519 sec/game, 49.2 min. total, 903.3 MB
cherub_squatting v9 640 games, 388756 moves, e=0.615, loss: 6.3, -, 22.2% elo% vs. simple_bot, avg. reward: -5.609, 7.585 sec/game, 49.4 min. total, 906.1 MB
cherub_squatting v9 642 games, 390791 moves, e=0.613, loss: 6.6, -, 21.5% elo% vs. simple_bot, avg. reward: -5.554, 7.642 sec/game, 49.7 min. total, 905.6 MB
cherub_squatting v9 644 games, 392497 moves, e=0.611, loss: 6.6, -, 20.8% elo% vs. simple_bot, avg. reward: -5.574, 7.561 sec/game, 49.9 min. total, 905.8 MB
cherub_squatting v9 646 games, 394377 moves, e=0.610, loss: 7.0, -, 20.2% elo% vs. simple_bot, avg. reward: -5.544, 7.623 sec/game, 50.2 min. total, 909.6 MB
cherub_squatting v9 648 games, 396293 moves, e=0.608, loss: 6.8, -, 19.6% elo% vs. simple_bot, avg. reward: -5.531, 7.637 sec/game, 50.4 min. total, 907.4 MB
cherub_squatting v9 650 games, 398400 moves, e=0.606, loss: 6.6, -, 19.1% elo% vs. simple_bot, avg. reward: -5.495, 7.650 sec/game, 50.7 min. total, 908.0 MB
cherub_squatting v9 652 games, 400189 moves, e=0.604, loss: 6.3, -, 18.5% elo% vs. simple_bot, avg. reward: -5.486, 7.436 sec/game, 50.9 min. total, 907.8 MB
cherub_squatting v9 654 games, 402221 moves, e=0.602, loss: 6.2, -, 18.0% elo% vs. simple_bot, avg. reward: -5.457, 7.490 sec/game, 51.2 min. total, 908.4 MB
cherub_squatting v9 656 games, 404151 moves, e=0.600, loss: 6.4, -, 17.5% elo% vs. simple_bot, avg. reward: -5.406, 7.501 sec/game, 51.5 min. total, 909.2 MB
cherub_squatting v9 658 games, 406107 moves, e=0.598, loss: 6.3, -, 17.1% elo% vs. simple_bot, avg. reward: -5.381, 7.553 sec/game, 51.7 min. total, 911.9 MB
cherub_squatting v9 660 games, 407922 moves, e=0.596, loss: 6.2, -, 16.6% elo% vs. simple_bot, avg. reward: -5.390, 7.441 sec/game, 51.9 min. total, 913.3 MB
cherub_squatting v9 662 games, 409676 moves, e=0.594, loss: 6.4, -, 16.2% elo% vs. simple_bot, avg. reward: -5.407, 7.360 sec/game, 52.1 min. total, 912.6 MB
cherub_squatting v9 664 games, 411830 moves, e=0.592, loss: 6.1, -, 15.8% elo% vs. simple_bot, avg. reward: -5.377, 7.497 sec/game, 52.4 min. total, 917.1 MB
cherub_squatting v9 666 games, 413885 moves, e=0.590, loss: 6.4, -, 15.4% elo% vs. simple_bot, avg. reward: -5.369, 7.495 sec/game, 52.7 min. total, 917.4 MB
cherub_squatting v9 668 games, 415729 moves, e=0.588, loss: 6.4, -, 15.1% elo% vs. simple_bot, avg. reward: -5.393, 7.478 sec/game, 52.9 min. total, 920.3 MB
cherub_squatting v9 670 games, 417483 moves, e=0.587, loss: 5.8, -, 14.7% elo% vs. simple_bot, avg. reward: -5.385, 7.395 sec/game, 53.1 min. total, 913.3 MB
cherub_squatting v9 672 games, 419243 moves, e=0.585, loss: 5.7, -, 14.4% elo% vs. simple_bot, avg. reward: -5.374, 7.402 sec/game, 53.4 min. total, 913.4 MB
cherub_squatting v9 674 games, 421279 moves, e=0.583, loss: 5.8, -, 14.0% elo% vs. simple_bot, avg. reward: -5.353, 9.544 sec/game, 54.4 min. total, 913.7 MB
cherub_squatting v9 676 games, 423253 moves, e=0.581, loss: 5.7, -, 13.7% elo% vs. simple_bot, avg. reward: -5.333, 9.510 sec/game, 54.6 min. total, 918.8 MB
cherub_squatting v9 678 games, 425157 moves, e=0.579, loss: 5.5, -, 13.4% elo% vs. simple_bot, avg. reward: -5.316, 9.817 sec/game, 55.0 min. total, 918.3 MB
cherub_squatting v9 680 games, 427377 moves, e=0.577, loss: 5.7, -, 13.1% elo% vs. simple_bot, avg. reward: -5.300, 9.973 sec/game, 55.2 min. total, 921.5 MB
cherub_squatting v9 682 games, 429676 moves, e=0.575, loss: 5.6, -, 12.9% elo% vs. simple_bot, avg. reward: -5.279, 10.170 sec/game, 55.5 min. total, 919.5 MB
cherub_squatting v9 684 games, 431432 moves, e=0.573, loss: 5.7, -, 12.6% elo% vs. simple_bot, avg. reward: -5.264, 10.038 sec/game, 55.8 min. total, 921.3 MB
cherub_squatting v9 686 games, 433524 moves, e=0.571, loss: 5.4, -, 12.4% elo% vs. simple_bot, avg. reward: -5.243, 10.109 sec/game, 56.1 min. total, 924.4 MB
cherub_squatting v9 688 games, 435480 moves, e=0.569, loss: 5.4, -, 12.1% elo% vs. simple_bot, avg. reward: -5.239, 11.595 sec/game, 56.8 min. total, 924.2 MB
cherub_squatting v9 690 games, 437491 moves, e=0.567, loss: 5.2, -, 11.9% elo% vs. simple_bot, avg. reward: -5.230, 11.639 sec/game, 57.0 min. total, 924.9 MB
cherub_squatting v9 692 games, 439107 moves, e=0.565, loss: 5.3, -, 11.7% elo% vs. simple_bot, avg. reward: -5.263, 11.508 sec/game, 57.2 min. total, 923.8 MB
cherub_squatting v9 694 games, 441189 moves, e=0.563, loss: 5.5, -, 11.4% elo% vs. simple_bot, avg. reward: -5.258, 9.399 sec/game, 57.5 min. total, 927.7 MB
cherub_squatting v9 696 games, 443339 moves, e=0.561, loss: 5.1, -, 11.2% elo% vs. simple_bot, avg. reward: -5.233, 9.567 sec/game, 57.8 min. total, 928.9 MB
cherub_squatting v9 698 games, 445575 moves, e=0.559, loss: 5.3, -, 11.0% elo% vs. simple_bot, avg. reward: -5.209, 9.438 sec/game, 58.1 min. total, 929.6 MB
cherub_squatting v9 700 games, 447709 moves, e=0.557, loss: 5.1, -, 10.8% elo% vs. simple_bot, avg. reward: -5.188, 9.445 sec/game, 58.4 min. total, 929.9 MB
cherub_squatting v10 702 games, 449675 moves, e=0.555, loss: 4.9, -, 47.7% elo% vs. simple_bot, avg. reward: -5.182, 9.316 sec/game, 58.6 min. total, 931.8 MB
cherub_squatting v10 704 games, 452001 moves, e=0.553, loss: 4.8, -, 45.5% elo% vs. simple_bot, avg. reward: -5.143, 9.498 sec/game, 58.9 min. total, 930.1 MB
cherub_squatting v10 706 games, 454158 moves, e=0.550, loss: 4.7, -, 43.4% elo% vs. simple_bot, avg. reward: -5.115, 9.495 sec/game, 59.2 min. total, 932.6 MB
cherub_squatting v10 708 games, 456230 moves, e=0.548, loss: 4.5, -, 41.5% elo% vs. simple_bot, avg. reward: -5.098, 8.035 sec/game, 59.5 min. total, 933.3 MB
cherub_squatting v10 710 games, 458409 moves, e=0.546, loss: 4.3, -, 39.6% elo% vs. simple_bot, avg. reward: -5.083, 8.075 sec/game, 59.7 min. total, 934.6 MB
cherub_squatting v10 712 games, 460937 moves, e=0.544, loss: 4.0, -, 37.9% elo% vs. simple_bot, avg. reward: -5.057, 8.388 sec/game, 60.0 min. total, 938.2 MB
cherub_squatting v10 714 games, 463036 moves, e=0.542, loss: 4.1, -, 36.3% elo% vs. simple_bot, avg. reward: -5.047, 8.262 sec/game, 60.3 min. total, 940.5 MB
cherub_squatting v10 716 games, 465213 moves, e=0.539, loss: 4.0, -, 34.8% elo% vs. simple_bot, avg. reward: -5.006, 8.432 sec/game, 60.6 min. total, 942.9 MB
cherub_squatting v10 718 games, 467281 moves, e=0.537, loss: 4.0, -, 33.3% elo% vs. simple_bot, avg. reward: -4.997, 8.348 sec/game, 60.9 min. total, 942.2 MB
cherub_squatting v10 720 games, 469417 moves, e=0.535, loss: 4.1, -, 32.0% elo% vs. simple_bot, avg. reward: -4.985, 8.336 sec/game, 61.2 min. total, 947.0 MB
cherub_squatting v10 722 games, 471826 moves, e=0.533, loss: 3.9, -, 30.7% elo% vs. simple_bot, avg. reward: -4.961, 8.460 sec/game, 61.5 min. total, 949.4 MB
cherub_squatting v10 724 games, 473885 moves, e=0.531, loss: 4.2, -, 29.5% elo% vs. simple_bot, avg. reward: -4.958, 8.311 sec/game, 61.7 min. total, 949.0 MB
cherub_squatting v10 726 games, 475861 moves, e=0.529, loss: 3.8, -, 28.4% elo% vs. simple_bot, avg. reward: -4.948, 8.201 sec/game, 62.0 min. total, 947.2 MB
cherub_squatting v10 728 games, 478274 moves, e=0.527, loss: 3.9, -, 27.3% elo% vs. simple_bot, avg. reward: -4.908, 8.740 sec/game, 62.4 min. total, 952.5 MB
cherub_squatting v10 730 games, 480772 moves, e=0.524, loss: 4.1, -, 26.4% elo% vs. simple_bot, avg. reward: -4.875, 9.084 sec/game, 62.7 min. total, 953.4 MB
cherub_squatting v10 732 games, 483166 moves, e=0.522, loss: 3.9, -, 25.4% elo% vs. simple_bot, avg. reward: -4.877, 9.482 sec/game, 63.2 min. total, 957.6 MB
cherub_squatting v10 734 games, 485427 moves, e=0.519, loss: 3.6, -, 24.5% elo% vs. simple_bot, avg. reward: -4.853, 9.684 sec/game, 63.5 min. total, 956.4 MB
cherub_squatting v10 736 games, 487775 moves, e=0.517, loss: 3.3, -, 23.7% elo% vs. simple_bot, avg. reward: -4.826, 9.592 sec/game, 63.8 min. total, 957.8 MB
cherub_squatting v10 738 games, 489887 moves, e=0.515, loss: 3.5, -, 22.9% elo% vs. simple_bot, avg. reward: -4.812, 9.564 sec/game, 64.1 min. total, 962.4 MB
cherub_squatting v10 740 games, 492309 moves, e=0.513, loss: 3.3, -, 22.2% elo% vs. simple_bot, avg. reward: -4.784, 9.660 sec/game, 64.4 min. total, 962.9 MB
cherub_squatting v10 742 games, 494320 moves, e=0.511, loss: 3.5, -, 21.5% elo% vs. simple_bot, avg. reward: -4.789, 9.539 sec/game, 64.6 min. total, 964.0 MB
cherub_squatting v10 744 games, 496527 moves, e=0.508, loss: 3.1, -, 20.8% elo% vs. simple_bot, avg. reward: -4.734, 9.727 sec/game, 65.0 min. total, 964.8 MB
cherub_squatting v10 746 games, 498668 moves, e=0.506, loss: 3.1, -, 20.2% elo% vs. simple_bot, avg. reward: -4.717, 9.839 sec/game, 65.2 min. total, 964.1 MB
cherub_squatting v10 748 games, 500728 moves, e=0.504, loss: 3.4, -, 19.6% elo% vs. simple_bot, avg. reward: -4.703, 9.417 sec/game, 65.5 min. total, 964.7 MB
cherub_squatting v10 750 games, 502817 moves, e=0.502, loss: 3.4, -, 19.1% elo% vs. simple_bot, avg. reward: -4.702, 9.237 sec/game, 65.8 min. total, 970.0 MB
cherub_squatting v10 752 games, 505101 moves, e=0.500, loss: 3.5, -, 18.5% elo% vs. simple_bot, avg. reward: -4.668, 8.816 sec/game, 66.1 min. total, 970.5 MB
cherub_squatting v10 754 games, 507139 moves, e=0.498, loss: 3.3, -, 18.0% elo% vs. simple_bot, avg. reward: -4.669, 8.634 sec/game, 66.4 min. total, 974.7 MB
cherub_squatting v10 756 games, 509525 moves, e=0.496, loss: 3.3, -, 17.5% elo% vs. simple_bot, avg. reward: -4.651, 8.580 sec/game, 66.7 min. total, 975.5 MB
cherub_squatting v10 758 games, 511792 moves, e=0.493, loss: 3.3, -, 17.1% elo% vs. simple_bot, avg. reward: -4.635, 8.744 sec/game, 67.0 min. total, 975.0 MB
cherub_squatting v10 760 games, 514192 moves, e=0.491, loss: 3.1, -, 16.6% elo% vs. simple_bot, avg. reward: -4.606, 8.799 sec/game, 67.3 min. total, 977.9 MB
cherub_squatting v10 762 games, 516577 moves, e=0.489, loss: 3.1, -, 16.2% elo% vs. simple_bot, avg. reward: -4.571, 9.000 sec/game, 67.6 min. total, 977.7 MB
cherub_squatting v10 764 games, 518802 moves, e=0.486, loss: 3.1, -, 15.8% elo% vs. simple_bot, avg. reward: -4.571, 8.999 sec/game, 68.0 min. total, 928.5 MB
cherub_squatting v10 766 games, 521320 moves, e=0.484, loss: 2.9, -, 15.4% elo% vs. simple_bot, avg. reward: -4.549, 9.068 sec/game, 68.3 min. total, 930.5 MB
cherub_squatting v10 768 games, 523758 moves, e=0.481, loss: 3.0, -, 15.1% elo% vs. simple_bot, avg. reward: -4.494, 9.345 sec/game, 68.6 min. total, 895.6 MB
cherub_squatting v10 770 games, 526299 moves, e=0.479, loss: 2.5, -, 14.7% elo% vs. simple_bot, avg. reward: -4.455, 9.496 sec/game, 69.0 min. total, 900.1 MB
cherub_squatting v10 772 games, 528870 moves, e=0.476, loss: 2.7, -, 14.4% elo% vs. simple_bot, avg. reward: -4.417, 9.551 sec/game, 69.3 min. total, 901.1 MB
cherub_squatting v10 774 games, 531321 moves, e=0.474, loss: 2.8, -, 14.0% elo% vs. simple_bot, avg. reward: -4.401, 9.693 sec/game, 69.6 min. total, 906.5 MB
cherub_squatting v10 776 games, 533658 moves, e=0.472, loss: 2.6, -, 13.7% elo% vs. simple_bot, avg. reward: -4.390, 9.798 sec/game, 69.9 min. total, 907.4 MB
cherub_squatting v10 778 games, 536125 moves, e=0.469, loss: 2.6, -, 13.4% elo% vs. simple_bot, avg. reward: -4.357, 9.892 sec/game, 70.3 min. total, 909.2 MB
cherub_squatting v10 780 games, 538602 moves, e=0.467, loss: 2.6, -, 13.1% elo% vs. simple_bot, avg. reward: -4.351, 9.927 sec/game, 70.6 min. total, 911.5 MB
cherub_squatting v10 782 games, 541279 moves, e=0.464, loss: 2.8, -, 12.9% elo% vs. simple_bot, avg. reward: -4.334, 10.044 sec/game, 71.0 min. total, 914.4 MB
cherub_squatting v10 784 games, 543869 moves, e=0.462, loss: 2.6, -, 12.6% elo% vs. simple_bot, avg. reward: -4.300, 10.119 sec/game, 71.3 min. total, 917.0 MB
cherub_squatting v10 786 games, 546216 moves, e=0.459, loss: 2.3, -, 12.4% elo% vs. simple_bot, avg. reward: -4.284, 10.104 sec/game, 71.6 min. total, 918.7 MB
cherub_squatting v10 788 games, 548810 moves, e=0.457, loss: 2.3, -, 12.1% elo% vs. simple_bot, avg. reward: -4.250, 10.172 sec/game, 72.0 min. total, 922.5 MB
cherub_squatting v10 790 games, 551071 moves, e=0.454, loss: 2.4, -, 11.9% elo% vs. simple_bot, avg. reward: -4.239, 10.000 sec/game, 72.3 min. total, 921.0 MB
cherub_squatting v10 792 games, 553595 moves, e=0.452, loss: 2.2, -, 11.7% elo% vs. simple_bot, avg. reward: -4.185, 9.956 sec/game, 72.6 min. total, 924.2 MB
cherub_squatting v10 794 games, 556495 moves, e=0.449, loss: 2.4, -, 11.4% elo% vs. simple_bot, avg. reward: -4.147, 10.121 sec/game, 73.0 min. total, 931.4 MB
cherub_squatting v10 796 games, 559063 moves, e=0.447, loss: 2.2, -, 11.2% elo% vs. simple_bot, avg. reward: -4.123, 10.063 sec/game, 73.3 min. total, 932.4 MB
cherub_squatting v10 798 games, 561726 moves, e=0.444, loss: 2.4, -, 11.0% elo% vs. simple_bot, avg. reward: -4.104, 9.987 sec/game, 73.6 min. total, 934.7 MB
cherub_squatting v10 800 games, 564128 moves, e=0.442, loss: 2.2, -, 10.8% elo% vs. simple_bot, avg. reward: -4.090, 9.863 sec/game, 73.9 min. total, 939.4 MB
cherub_squatting v11 802 games, 567047 moves, e=0.439, loss: 2.1, -, 47.7% elo% vs. simple_bot, avg. reward: -4.052, 9.836 sec/game, 74.3 min. total, 942.5 MB
cherub_squatting v11 804 games, 569953 moves, e=0.436, loss: 2.1, -, 45.5% elo% vs. simple_bot, avg. reward: -4.031, 9.893 sec/game, 74.6 min. total, 946.3 MB
cherub_squatting v11 806 games, 572732 moves, e=0.433, loss: 1.9, -, 43.4% elo% vs. simple_bot, avg. reward: -4.003, 10.025 sec/game, 75.0 min. total, 949.1 MB
cherub_squatting v11 808 games, 575135 moves, e=0.431, loss: 1.8, -, 41.5% elo% vs. simple_bot, avg. reward: -3.986, 9.730 sec/game, 75.3 min. total, 947.7 MB
