jaybird_flanked v0 0 games, 0 moves, e=1.000, loss: nan,  , 50.0% elo% vs. , avg. reward: nan, nan sec/game, 0.0 min. total, 312.0 MB
jaybird_flanked v1 1 games, 651 moves, e=0.999, loss: nan, +, 52.3% elo% vs. v0, avg. reward: 1.034, 0.223 sec/game, 0.0 min. total, 315.8 MB
jaybird_flanked v1 2 games, 1448 moves, e=0.999, loss: nan, ., 52.2% elo% vs. v0, avg. reward: -1.294, 0.240 sec/game, 0.0 min. total, 320.3 MB
jaybird_flanked v1 3 games, 2114 moves, e=0.998, loss: nan, -, 49.8% elo% vs. v0, avg. reward: -3.267, 0.222 sec/game, 0.0 min. total, 324.2 MB
jaybird_flanked v1 4 games, 2743 moves, e=0.997, loss: nan, -, 47.5% elo% vs. v0, avg. reward: -4.118, 0.212 sec/game, 0.0 min. total, 327.1 MB
jaybird_flanked v1 5 games, 3433 moves, e=0.997, loss: nan, +, 49.9% elo% vs. v0, avg. reward: -3.249, 0.204 sec/game, 0.0 min. total, 330.5 MB
jaybird_flanked v1 6 games, 4157 moves, e=0.996, loss: nan, -, 47.6% elo% vs. v0, avg. reward: -3.232, 0.202 sec/game, 0.0 min. total, 335.2 MB
jaybird_flanked v1 7 games, 4884 moves, e=0.995, loss: nan, -, 45.4% elo% vs. v0, avg. reward: -3.421, 0.205 sec/game, 0.0 min. total, 337.8 MB
jaybird_flanked v1 8 games, 5548 moves, e=0.995, loss: nan, ., 45.6% elo% vs. v0, avg. reward: -3.898, 0.204 sec/game, 0.0 min. total, 341.2 MB
jaybird_flanked v1 9 games, 6126 moves, e=0.994, loss: nan, -, 43.6% elo% vs. v0, avg. reward: -4.229, 0.201 sec/game, 0.0 min. total, 344.2 MB
jaybird_flanked v1 10 games, 6916 moves, e=0.993, loss: nan, +, 46.1% elo% vs. v0, avg. reward: -4.201, 0.204 sec/game, 0.0 min. total, 347.5 MB
jaybird_flanked v1 11 games, 7546 moves, e=0.993, loss: nan, -, 44.0% elo% vs. v0, avg. reward: -4.425, 0.203 sec/game, 0.0 min. total, 351.4 MB
jaybird_flanked v1 12 games, 8119 moves, e=0.992, loss: nan, -, 42.0% elo% vs. v0, avg. reward: -4.865, 0.200 sec/game, 0.0 min. total, 354.4 MB
jaybird_flanked v1 13 games, 8908 moves, e=0.991, loss: nan, -, 40.2% elo% vs. v0, avg. reward: -4.727, 0.202 sec/game, 0.0 min. total, 358.6 MB
jaybird_flanked v1 14 games, 9601 moves, e=0.990, loss: nan, -, 38.4% elo% vs. v0, avg. reward: -4.434, 0.203 sec/game, 0.0 min. total, 362.8 MB
jaybird_flanked v1 15 games, 10172 moves, e=0.990, loss: 90.6, -, 36.7% elo% vs. v0, avg. reward: -4.663, 0.235 sec/game, 0.1 min. total, 389.1 MB
jaybird_flanked v1 16 games, 10741 moves, e=0.989, loss: 79.0, -, 35.2% elo% vs. v0, avg. reward: -4.746, 0.286 sec/game, 0.1 min. total, 389.4 MB
jaybird_flanked v1 17 games, 11466 moves, e=0.989, loss: 56.0, -, 33.7% elo% vs. v0, avg. reward: -4.636, 0.358 sec/game, 0.1 min. total, 390.0 MB
jaybird_flanked v1 18 games, 12054 moves, e=0.988, loss: 43.9, -, 32.4% elo% vs. v0, avg. reward: -4.811, 0.408 sec/game, 0.1 min. total, 390.7 MB
jaybird_flanked v1 19 games, 12709 moves, e=0.987, loss: 36.2, -, 31.1% elo% vs. v0, avg. reward: -4.708, 0.455 sec/game, 0.1 min. total, 390.6 MB
jaybird_flanked v1 20 games, 13301 moves, e=0.987, loss: 33.1, -, 29.8% elo% vs. v0, avg. reward: -4.715, 0.486 sec/game, 0.2 min. total, 390.5 MB
jaybird_flanked v1 21 games, 14107 moves, e=0.986, loss: 29.0, -, 28.7% elo% vs. v0, avg. reward: -4.117, 0.566 sec/game, 0.2 min. total, 391.4 MB
jaybird_flanked v1 22 games, 14730 moves, e=0.985, loss: 30.1, -, 27.6% elo% vs. v0, avg. reward: -4.241, 0.619 sec/game, 0.2 min. total, 391.2 MB
jaybird_flanked v1 23 games, 15503 moves, e=0.985, loss: 32.8, +, 30.4% elo% vs. v0, avg. reward: -4.098, 0.687 sec/game, 0.2 min. total, 391.6 MB
jaybird_flanked v1 24 games, 16184 moves, e=0.984, loss: 33.6, +, 33.2% elo% vs. v0, avg. reward: -4.099, 0.754 sec/game, 0.3 min. total, 394.9 MB
jaybird_flanked v1 25 games, 16890 moves, e=0.983, loss: 34.7, +, 35.9% elo% vs. v0, avg. reward: -4.102, 0.820 sec/game, 0.3 min. total, 395.2 MB
jaybird_flanked v1 26 games, 17576 moves, e=0.983, loss: 35.0, +, 38.7% elo% vs. v0, avg. reward: -4.053, 0.898 sec/game, 0.3 min. total, 399.7 MB
jaybird_flanked v1 27 games, 18213 moves, e=0.982, loss: 35.5, -, 37.0% elo% vs. v0, avg. reward: -3.871, 0.961 sec/game, 0.3 min. total, 398.9 MB
jaybird_flanked v1 28 games, 18933 moves, e=0.981, loss: 36.4, -, 35.5% elo% vs. v0, avg. reward: -3.878, 1.020 sec/game, 0.4 min. total, 398.7 MB
jaybird_flanked v1 29 games, 19684 moves, e=0.981, loss: 37.7, -, 34.0% elo% vs. v0, avg. reward: -3.828, 1.090 sec/game, 0.4 min. total, 398.4 MB
jaybird_flanked v1 30 games, 20401 moves, e=0.980, loss: 39.4, -, 32.6% elo% vs. v0, avg. reward: -3.848, 1.153 sec/game, 0.4 min. total, 398.8 MB
jaybird_flanked v1 31 games, 21085 moves, e=0.979, loss: 39.4, -, 31.3% elo% vs. v0, avg. reward: -3.884, 1.209 sec/game, 0.4 min. total, 398.5 MB
jaybird_flanked v1 32 games, 21720 moves, e=0.978, loss: 40.7, -, 30.1% elo% vs. v0, avg. reward: -4.009, 1.266 sec/game, 0.5 min. total, 398.5 MB
jaybird_flanked v1 33 games, 22336 moves, e=0.978, loss: 42.2, -, 28.9% elo% vs. v0, avg. reward: -4.066, 1.319 sec/game, 0.5 min. total, 399.0 MB
jaybird_flanked v1 34 games, 23061 moves, e=0.977, loss: 42.3, +, 31.7% elo% vs. v0, avg. reward: -4.117, 1.386 sec/game, 0.5 min. total, 399.1 MB
jaybird_flanked v1 35 games, 23802 moves, e=0.976, loss: 42.2, -, 30.4% elo% vs. v0, avg. reward: -4.130, 1.421 sec/game, 0.5 min. total, 399.5 MB
jaybird_flanked v1 36 games, 24557 moves, e=0.976, loss: 39.8, +, 33.2% elo% vs. v0, avg. reward: -4.051, 1.457 sec/game, 0.6 min. total, 399.6 MB
jaybird_flanked v1 37 games, 25496 moves, e=0.975, loss: 39.4, -, 31.9% elo% vs. v0, avg. reward: -3.863, 1.488 sec/game, 0.6 min. total, 400.4 MB
jaybird_flanked v1 38 games, 26106 moves, e=0.974, loss: 38.6, +, 34.6% elo% vs. v0, avg. reward: -3.838, 1.478 sec/game, 0.6 min. total, 404.5 MB
jaybird_flanked v1 39 games, 26767 moves, e=0.974, loss: 40.6, -, 33.2% elo% vs. v0, avg. reward: -3.704, 1.491 sec/game, 0.6 min. total, 403.2 MB
jaybird_flanked v1 40 games, 27498 moves, e=0.973, loss: 45.1, -, 31.9% elo% vs. v0, avg. reward: -3.755, 1.506 sec/game, 0.7 min. total, 405.3 MB
jaybird_flanked v1 41 games, 28278 moves, e=0.972, loss: 49.4, -, 30.6% elo% vs. v0, avg. reward: -3.752, 1.502 sec/game, 0.7 min. total, 405.4 MB
jaybird_flanked v1 42 games, 29032 moves, e=0.971, loss: 47.6, -, 29.4% elo% vs. v0, avg. reward: -3.650, 1.514 sec/game, 0.7 min. total, 405.5 MB
jaybird_flanked v1 43 games, 29775 moves, e=0.971, loss: 47.7, -, 28.3% elo% vs. v0, avg. reward: -3.623, 1.518 sec/game, 0.7 min. total, 405.7 MB
jaybird_flanked v1 44 games, 30470 moves, e=0.970, loss: 51.4, -, 27.3% elo% vs. v0, avg. reward: -3.572, 1.522 sec/game, 0.8 min. total, 405.9 MB
jaybird_flanked v1 45 games, 31242 moves, e=0.969, loss: 51.9, +, 30.0% elo% vs. v0, avg. reward: -3.476, 1.527 sec/game, 0.8 min. total, 405.8 MB
jaybird_flanked v1 46 games, 31957 moves, e=0.968, loss: 50.5, -, 28.9% elo% vs. v0, avg. reward: -3.545, 1.507 sec/game, 0.8 min. total, 405.7 MB
jaybird_flanked v1 47 games, 32665 moves, e=0.968, loss: 50.3, -, 27.8% elo% vs. v0, avg. reward: -3.607, 1.511 sec/game, 0.8 min. total, 406.2 MB
jaybird_flanked v1 48 games, 33431 moves, e=0.967, loss: 55.3, -, 26.8% elo% vs. v0, avg. reward: -3.635, 1.520 sec/game, 0.9 min. total, 405.9 MB
jaybird_flanked v1 49 games, 34134 moves, e=0.966, loss: 53.2, -, 25.8% elo% vs. v0, avg. reward: -3.585, 1.510 sec/game, 0.9 min. total, 406.8 MB
jaybird_flanked v1 50 games, 34869 moves, e=0.965, loss: 56.9, -, 24.9% elo% vs. v0, avg. reward: -3.571, 1.514 sec/game, 0.9 min. total, 406.7 MB
jaybird_flanked v1 51 games, 35538 moves, e=0.965, loss: 57.5, -, 24.1% elo% vs. v0, avg. reward: -3.517, 1.515 sec/game, 0.9 min. total, 407.0 MB
jaybird_flanked v1 52 games, 36288 moves, e=0.964, loss: 58.6, -, 23.3% elo% vs. v0, avg. reward: -3.505, 1.529 sec/game, 1.0 min. total, 408.7 MB
jaybird_flanked v1 53 games, 37021 moves, e=0.963, loss: 57.2, -, 22.5% elo% vs. v0, avg. reward: -3.493, 1.541 sec/game, 1.0 min. total, 407.8 MB
jaybird_flanked v1 54 games, 37730 moves, e=0.963, loss: 65.6, -, 21.8% elo% vs. v0, avg. reward: -3.542, 1.531 sec/game, 1.0 min. total, 408.3 MB
jaybird_flanked v1 55 games, 38440 moves, e=0.962, loss: 69.4, +, 24.3% elo% vs. v0, avg. reward: -3.499, 1.545 sec/game, 1.0 min. total, 408.1 MB
jaybird_flanked v1 56 games, 39139 moves, e=0.961, loss: 66.8, -, 23.5% elo% vs. v0, avg. reward: -3.550, 1.525 sec/game, 1.1 min. total, 407.8 MB
jaybird_flanked v1 57 games, 39741 moves, e=0.961, loss: 65.6, -, 22.8% elo% vs. v0, avg. reward: -3.553, 1.484 sec/game, 1.1 min. total, 407.8 MB
jaybird_flanked v1 58 games, 40414 moves, e=0.960, loss: 62.4, +, 25.4% elo% vs. v0, avg. reward: -3.555, 1.498 sec/game, 1.1 min. total, 408.0 MB
jaybird_flanked v1 59 games, 41212 moves, e=0.959, loss: 64.7, +, 28.0% elo% vs. v0, avg. reward: -3.477, 1.500 sec/game, 1.1 min. total, 410.6 MB
jaybird_flanked v1 60 games, 41827 moves, e=0.959, loss: 65.9, +, 30.8% elo% vs. v0, avg. reward: -3.508, 1.497 sec/game, 1.2 min. total, 408.1 MB
jaybird_flanked v1 61 games, 42581 moves, e=0.958, loss: 68.9, +, 33.6% elo% vs. v0, avg. reward: -3.500, 1.489 sec/game, 1.2 min. total, 409.3 MB
jaybird_flanked v1 62 games, 43174 moves, e=0.957, loss: 74.1, +, 36.4% elo% vs. v0, avg. reward: -3.514, 1.476 sec/game, 1.2 min. total, 411.1 MB
jaybird_flanked v1 63 games, 43849 moves, e=0.957, loss: 83.5, -, 34.8% elo% vs. v0, avg. reward: -3.507, 1.462 sec/game, 1.2 min. total, 411.8 MB
jaybird_flanked v1 64 games, 44580 moves, e=0.956, loss: 86.5, +, 37.6% elo% vs. v0, avg. reward: -3.506, 1.461 sec/game, 1.3 min. total, 414.1 MB
jaybird_flanked v1 65 games, 45258 moves, e=0.955, loss: 82.6, -, 36.0% elo% vs. v0, avg. reward: -3.465, 1.452 sec/game, 1.3 min. total, 411.5 MB
jaybird_flanked v1 66 games, 45949 moves, e=0.955, loss: 79.3, +, 38.7% elo% vs. v0, avg. reward: -3.493, 1.452 sec/game, 1.3 min. total, 416.2 MB
jaybird_flanked v1 67 games, 46708 moves, e=0.954, loss: 82.2, +, 41.4% elo% vs. v0, avg. reward: -3.491, 1.455 sec/game, 1.3 min. total, 412.3 MB
jaybird_flanked v1 68 games, 47323 moves, e=0.953, loss: 80.5, +, 44.1% elo% vs. v0, avg. reward: -3.520, 1.443 sec/game, 1.4 min. total, 412.4 MB
jaybird_flanked v1 69 games, 48090 moves, e=0.952, loss: 84.3, +, 46.6% elo% vs. v0, avg. reward: -3.484, 1.457 sec/game, 1.4 min. total, 414.9 MB
jaybird_flanked v1 70 games, 48749 moves, e=0.952, loss: 87.5, +, 49.1% elo% vs. v0, avg. reward: -3.505, 1.447 sec/game, 1.4 min. total, 415.0 MB
jaybird_flanked v1 71 games, 49469 moves, e=0.951, loss: 90.1, +, 51.4% elo% vs. v0, avg. reward: -3.503, 1.462 sec/game, 1.4 min. total, 414.4 MB
jaybird_flanked v1 72 games, 50212 moves, e=0.950, loss: 96.8, +, 53.7% elo% vs. v0, avg. reward: -3.472, 1.464 sec/game, 1.5 min. total, 418.0 MB
jaybird_flanked v1 73 games, 50962 moves, e=0.950, loss: 94.4, +, 55.8% elo% vs. v0, avg. reward: -3.483, 1.466 sec/game, 1.5 min. total, 417.9 MB
jaybird_flanked v1 74 games, 51720 moves, e=0.949, loss: 98.7, +, 57.8% elo% vs. v0, avg. reward: -3.455, 1.477 sec/game, 1.5 min. total, 415.7 MB
jaybird_flanked v1 75 games, 52464 moves, e=0.948, loss: 106.3, +, 59.7% elo% vs. v0, avg. reward: -3.401, 1.463 sec/game, 1.5 min. total, 417.9 MB
jaybird_flanked v1 76 games, 53175 moves, e=0.947, loss: 103.9, -, 57.0% elo% vs. v0, avg. reward: -3.411, 1.474 sec/game, 1.6 min. total, 415.6 MB
jaybird_flanked v1 77 games, 53823 moves, e=0.947, loss: 114.5, -, 54.4% elo% vs. v0, avg. reward: -3.424, 1.476 sec/game, 1.6 min. total, 415.8 MB
jaybird_flanked v1 78 games, 54492 moves, e=0.946, loss: 121.1, -, 51.9% elo% vs. v0, avg. reward: -3.458, 1.475 sec/game, 1.6 min. total, 415.7 MB
jaybird_flanked v1 79 games, 55192 moves, e=0.945, loss: 123.2, -, 49.5% elo% vs. v0, avg. reward: -3.444, 1.473 sec/game, 1.6 min. total, 415.8 MB
jaybird_flanked v1 80 games, 55942 moves, e=0.945, loss: 124.9, +, 51.8% elo% vs. v0, avg. reward: -3.440, 1.487 sec/game, 1.7 min. total, 415.6 MB
jaybird_flanked v1 81 games, 56634 moves, e=0.944, loss: 117.5, +, 54.1% elo% vs. v0, avg. reward: -3.434, 1.476 sec/game, 1.7 min. total, 416.4 MB
jaybird_flanked v1 82 games, 57416 moves, e=0.943, loss: 127.3, +, 56.1% elo% vs. v0, avg. reward: -3.433, 1.499 sec/game, 1.7 min. total, 418.1 MB
jaybird_flanked v1 83 games, 58034 moves, e=0.943, loss: 124.9, -, 53.6% elo% vs. v0, avg. reward: -3.457, 1.500 sec/game, 1.7 min. total, 418.4 MB
jaybird_flanked v1 84 games, 58810 moves, e=0.942, loss: 134.3, +, 55.7% elo% vs. v0, avg. reward: -3.438, 1.501 sec/game, 1.8 min. total, 420.8 MB
jaybird_flanked v1 85 games, 59508 moves, e=0.941, loss: 128.3, -, 53.2% elo% vs. v0, avg. reward: -3.431, 1.503 sec/game, 1.8 min. total, 418.5 MB
jaybird_flanked v1 86 games, 60182 moves, e=0.940, loss: 128.2, +, 55.3% elo% vs. v0, avg. reward: -3.441, 1.514 sec/game, 1.8 min. total, 418.7 MB
jaybird_flanked v1 87 games, 60958 moves, e=0.940, loss: 119.8, -, 52.8% elo% vs. v0, avg. reward: -3.435, 1.516 sec/game, 1.8 min. total, 418.9 MB
jaybird_flanked v1 88 games, 61724 moves, e=0.939, loss: 115.6, -, 50.3% elo% vs. v0, avg. reward: -3.401, 1.530 sec/game, 1.9 min. total, 418.9 MB
jaybird_flanked v1 89 games, 62520 moves, e=0.938, loss: 116.0, -, 48.0% elo% vs. v0, avg. reward: -3.401, 1.530 sec/game, 1.9 min. total, 418.9 MB
jaybird_flanked v1 90 games, 63321 moves, e=0.937, loss: 114.0, -, 45.8% elo% vs. v0, avg. reward: -3.358, 1.545 sec/game, 1.9 min. total, 419.6 MB
jaybird_flanked v1 91 games, 64195 moves, e=0.936, loss: 121.1, -, 43.7% elo% vs. v0, avg. reward: -3.326, 1.561 sec/game, 2.0 min. total, 419.5 MB
jaybird_flanked v1 92 games, 64952 moves, e=0.936, loss: 116.2, -, 41.8% elo% vs. v0, avg. reward: -3.311, 1.562 sec/game, 2.0 min. total, 420.2 MB
jaybird_flanked v1 93 games, 65648 moves, e=0.935, loss: 119.4, +, 44.4% elo% vs. v0, avg. reward: -3.342, 1.553 sec/game, 2.0 min. total, 423.6 MB
jaybird_flanked v1 94 games, 66331 moves, e=0.934, loss: 123.8, -, 42.4% elo% vs. v0, avg. reward: -3.331, 1.554 sec/game, 2.0 min. total, 422.6 MB
jaybird_flanked v1 95 games, 67090 moves, e=0.934, loss: 119.9, -, 40.5% elo% vs. v0, avg. reward: -3.223, 1.574 sec/game, 2.1 min. total, 421.6 MB
jaybird_flanked v1 96 games, 67812 moves, e=0.933, loss: 122.2, +, 43.2% elo% vs. v0, avg. reward: -3.199, 1.565 sec/game, 2.1 min. total, 421.9 MB
jaybird_flanked v1 97 games, 68452 moves, e=0.932, loss: 127.7, -, 41.2% elo% vs. v0, avg. reward: -3.233, 1.568 sec/game, 2.1 min. total, 421.8 MB
jaybird_flanked v1 98 games, 69098 moves, e=0.932, loss: 131.3, +, 43.9% elo% vs. v0, avg. reward: -3.271, 1.571 sec/game, 2.1 min. total, 421.9 MB
jaybird_flanked v1 99 games, 69824 moves, e=0.931, loss: 144.5, -, 41.9% elo% vs. v0, avg. reward: -3.297, 1.575 sec/game, 2.2 min. total, 421.9 MB
jaybird_flanked v1 100 games, 70639 moves, e=0.930, loss: 152.6, +, 44.5% elo% vs. v0, avg. reward: -3.309, 1.576 sec/game, 2.2 min. total, 422.5 MB
jaybird_flanked v2 101 games, 71303 moves, e=0.929, loss: 153.0, -, 47.7% elo% vs. v0, avg. reward: -3.366, 1.587 sec/game, 2.2 min. total, 422.4 MB
jaybird_flanked v2 102 games, 72044 moves, e=0.929, loss: 157.5, -, 45.5% elo% vs. v0, avg. reward: -3.332, 1.570 sec/game, 2.2 min. total, 422.4 MB
jaybird_flanked v2 103 games, 72717 moves, e=0.928, loss: 155.9, -, 43.4% elo% vs. v0, avg. reward: -3.313, 1.582 sec/game, 2.3 min. total, 422.5 MB
jaybird_flanked v2 104 games, 73454 moves, e=0.927, loss: 168.3, +, 46.0% elo% vs. v0, avg. reward: -3.282, 1.576 sec/game, 2.3 min. total, 423.2 MB
jaybird_flanked v2 105 games, 74221 moves, e=0.927, loss: 162.9, -, 43.9% elo% vs. v0, avg. reward: -3.304, 1.587 sec/game, 2.3 min. total, 423.9 MB
jaybird_flanked v2 106 games, 74949 moves, e=0.926, loss: 154.8, -, 41.9% elo% vs. v0, avg. reward: -3.292, 1.591 sec/game, 2.3 min. total, 425.2 MB
jaybird_flanked v2 107 games, 75827 moves, e=0.925, loss: 165.9, +, 44.6% elo% vs. v0, avg. reward: -3.271, 1.605 sec/game, 2.4 min. total, 427.4 MB
jaybird_flanked v2 108 games, 76634 moves, e=0.924, loss: 165.5, +, 47.1% elo% vs. v0, avg. reward: -3.208, 1.608 sec/game, 2.4 min. total, 425.2 MB
jaybird_flanked v2 109 games, 77376 moves, e=0.923, loss: 163.5, +, 49.5% elo% vs. v0, avg. reward: -3.181, 1.609 sec/game, 2.4 min. total, 427.4 MB
jaybird_flanked v2 110 games, 78174 moves, e=0.923, loss: 166.6, +, 51.9% elo% vs. v0, avg. reward: -3.187, 1.610 sec/game, 2.5 min. total, 425.1 MB
jaybird_flanked v2 111 games, 78920 moves, e=0.922, loss: 183.6, -, 49.5% elo% vs. v0, avg. reward: -3.132, 1.594 sec/game, 2.5 min. total, 425.1 MB
jaybird_flanked v2 112 games, 79750 moves, e=0.921, loss: 163.4, +, 51.8% elo% vs. v0, avg. reward: -3.052, 1.612 sec/game, 2.5 min. total, 425.9 MB
jaybird_flanked v2 113 games, 80496 moves, e=0.920, loss: 171.2, +, 54.0% elo% vs. v0, avg. reward: -3.069, 1.615 sec/game, 2.5 min. total, 428.9 MB
jaybird_flanked v2 114 games, 81263 moves, e=0.920, loss: 171.1, +, 56.1% elo% vs. v0, avg. reward: -3.051, 1.618 sec/game, 2.6 min. total, 427.6 MB
jaybird_flanked v2 115 games, 81921 moves, e=0.919, loss: 171.7, +, 58.1% elo% vs. v0, avg. reward: -3.026, 1.609 sec/game, 2.6 min. total, 429.3 MB
jaybird_flanked v2 116 games, 82649 moves, e=0.918, loss: 172.9, +, 59.9% elo% vs. v0, avg. reward: -3.017, 1.609 sec/game, 2.6 min. total, 429.4 MB
jaybird_flanked v2 117 games, 83335 moves, e=0.917, loss: 165.4, +, 61.7% elo% vs. v0, avg. reward: -3.015, 1.620 sec/game, 2.6 min. total, 429.5 MB
jaybird_flanked v2 118 games, 84091 moves, e=0.917, loss: 165.5, -, 59.0% elo% vs. v0, avg. reward: -2.954, 1.625 sec/game, 2.7 min. total, 428.7 MB
jaybird_flanked v2 119 games, 84824 moves, e=0.916, loss: 184.3, +, 60.8% elo% vs. v0, avg. reward: -2.922, 1.625 sec/game, 2.7 min. total, 429.9 MB
