reflux_snowflake v0 0 games, 0 moves, e=1.000, loss: nan,  , 50.0% elo% vs. , avg. reward: nan, nan sec/game, 0.0 min. total, 302.2 MB
reflux_snowflake v1 1 games, 715 moves, e=0.999, loss: nan, +, 52.3% elo% vs. random_bot, avg. reward: 2.989, 0.320 sec/game, 0.0 min. total, 312.4 MB
reflux_snowflake v1 2 games, 1498 moves, e=0.999, loss: nan, +, 54.5% elo% vs. random_bot, avg. reward: 3.168, 0.321 sec/game, 0.0 min. total, 314.5 MB
reflux_snowflake v1 3 games, 2275 moves, e=0.998, loss: nan, +, 56.6% elo% vs. random_bot, avg. reward: 3.491, 0.327 sec/game, 0.0 min. total, 316.7 MB
reflux_snowflake v1 4 games, 3108 moves, e=0.997, loss: nan, +, 58.5% elo% vs. random_bot, avg. reward: 3.382, 0.357 sec/game, 0.0 min. total, 318.4 MB
reflux_snowflake v1 5 games, 3773 moves, e=0.996, loss: nan, +, 60.4% elo% vs. random_bot, avg. reward: 3.441, 0.341 sec/game, 0.0 min. total, 320.9 MB
reflux_snowflake v1 6 games, 4465 moves, e=0.996, loss: nan, +, 62.1% elo% vs. random_bot, avg. reward: 3.374, 0.336 sec/game, 0.0 min. total, 323.1 MB
reflux_snowflake v1 7 games, 5136 moves, e=0.995, loss: nan, +, 63.7% elo% vs. random_bot, avg. reward: 3.447, 0.339 sec/game, 0.0 min. total, 325.4 MB
reflux_snowflake v1 8 games, 5864 moves, e=0.994, loss: nan, +, 65.2% elo% vs. random_bot, avg. reward: 3.352, 0.340 sec/game, 0.0 min. total, 327.6 MB
reflux_snowflake v1 9 games, 6452 moves, e=0.994, loss: nan, +, 66.7% elo% vs. random_bot, avg. reward: 3.402, 0.332 sec/game, 0.0 min. total, 328.6 MB
reflux_snowflake v1 10 games, 7213 moves, e=0.993, loss: nan, +, 68.0% elo% vs. random_bot, avg. reward: 3.422, 0.333 sec/game, 0.1 min. total, 330.2 MB
reflux_snowflake v1 11 games, 7954 moves, e=0.992, loss: nan, +, 69.3% elo% vs. random_bot, avg. reward: 3.490, 0.333 sec/game, 0.1 min. total, 332.0 MB
reflux_snowflake v1 12 games, 8682 moves, e=0.991, loss: nan, +, 70.5% elo% vs. random_bot, avg. reward: 3.464, 0.332 sec/game, 0.1 min. total, 334.1 MB
reflux_snowflake v2 13 games, 9334 moves, e=0.991, loss: nan, +, 54.5% elo% vs. guard_bot, avg. reward: 3.482, 0.326 sec/game, 0.1 min. total, 398.1 MB
reflux_snowflake v2 14 games, 10007 moves, e=0.990, loss: nan, +, 56.6% elo% vs. guard_bot, avg. reward: 3.544, 0.322 sec/game, 0.1 min. total, 400.2 MB
reflux_snowflake v2 15 games, 10689 moves, e=0.989, loss: 23.3, +, 58.5% elo% vs. guard_bot, avg. reward: 3.499, 0.398 sec/game, 0.1 min. total, 416.4 MB
reflux_snowflake v2 16 games, 11355 moves, e=0.989, loss: 22.7, ., 58.1% elo% vs. guard_bot, avg. reward: 3.477, 0.443 sec/game, 0.1 min. total, 419.2 MB
reflux_snowflake v2 17 games, 11969 moves, e=0.988, loss: 22.4, ., 57.8% elo% vs. guard_bot, avg. reward: 3.478, 0.490 sec/game, 0.1 min. total, 420.4 MB
reflux_snowflake v2 18 games, 12651 moves, e=0.987, loss: 22.3, ., 57.4% elo% vs. guard_bot, avg. reward: 3.546, 0.544 sec/game, 0.2 min. total, 420.9 MB
reflux_snowflake v2 19 games, 13326 moves, e=0.987, loss: 23.1, ., 57.1% elo% vs. guard_bot, avg. reward: 3.565, 0.587 sec/game, 0.2 min. total, 421.0 MB
reflux_snowflake v2 20 games, 14063 moves, e=0.986, loss: 23.7, ., 56.8% elo% vs. guard_bot, avg. reward: 3.567, 0.621 sec/game, 0.2 min. total, 421.0 MB
reflux_snowflake v2 21 games, 14840 moves, e=0.985, loss: 23.9, ., 56.5% elo% vs. guard_bot, avg. reward: 3.561, 0.685 sec/game, 0.2 min. total, 421.4 MB
reflux_snowflake v2 22 games, 15520 moves, e=0.985, loss: 23.5, ., 56.2% elo% vs. guard_bot, avg. reward: 3.583, 0.751 sec/game, 0.3 min. total, 421.3 MB
reflux_snowflake v2 23 games, 16178 moves, e=0.984, loss: 23.8, ., 55.9% elo% vs. guard_bot, avg. reward: 3.598, 0.806 sec/game, 0.3 min. total, 421.8 MB
reflux_snowflake v2 24 games, 16911 moves, e=0.983, loss: 25.3, +, 57.9% elo% vs. guard_bot, avg. reward: 3.622, 0.860 sec/game, 0.3 min. total, 421.8 MB
reflux_snowflake v2 25 games, 17644 moves, e=0.983, loss: 25.4, +, 59.8% elo% vs. guard_bot, avg. reward: 3.608, 0.911 sec/game, 0.3 min. total, 422.1 MB
reflux_snowflake v2 26 games, 18350 moves, e=0.982, loss: 26.7, ., 59.3% elo% vs. guard_bot, avg. reward: 3.596, 0.968 sec/game, 0.4 min. total, 422.7 MB
reflux_snowflake v2 27 games, 19019 moves, e=0.981, loss: 28.0, +, 61.1% elo% vs. guard_bot, avg. reward: 3.596, 1.013 sec/game, 0.4 min. total, 423.7 MB
reflux_snowflake v2 28 games, 19835 moves, e=0.980, loss: 29.5, +, 62.8% elo% vs. guard_bot, avg. reward: 3.586, 1.074 sec/game, 0.4 min. total, 424.5 MB
reflux_snowflake v2 29 games, 20490 moves, e=0.980, loss: 28.7, +, 64.4% elo% vs. guard_bot, avg. reward: 3.604, 1.135 sec/game, 0.4 min. total, 425.7 MB
reflux_snowflake v2 30 games, 21160 moves, e=0.979, loss: 28.8, +, 65.9% elo% vs. guard_bot, avg. reward: 3.625, 1.181 sec/game, 0.4 min. total, 427.3 MB
reflux_snowflake v2 31 games, 21897 moves, e=0.978, loss: 29.8, ., 65.2% elo% vs. guard_bot, avg. reward: 3.643, 1.240 sec/game, 0.5 min. total, 429.7 MB
reflux_snowflake v2 32 games, 22617 moves, e=0.978, loss: 30.3, +, 66.7% elo% vs. guard_bot, avg. reward: 3.649, 1.298 sec/game, 0.5 min. total, 430.1 MB
reflux_snowflake v2 33 games, 23292 moves, e=0.977, loss: 31.3, ., 66.0% elo% vs. guard_bot, avg. reward: 3.657, 1.348 sec/game, 0.5 min. total, 429.9 MB
reflux_snowflake v2 34 games, 24108 moves, e=0.976, loss: 32.4, ., 65.3% elo% vs. guard_bot, avg. reward: 3.667, 1.419 sec/game, 0.5 min. total, 429.9 MB
reflux_snowflake v2 35 games, 24877 moves, e=0.975, loss: 35.0, ., 64.7% elo% vs. guard_bot, avg. reward: 3.671, 1.423 sec/game, 0.6 min. total, 429.7 MB
reflux_snowflake v2 36 games, 25592 moves, e=0.975, loss: 36.0, ., 64.0% elo% vs. guard_bot, avg. reward: 3.663, 1.432 sec/game, 0.6 min. total, 430.1 MB
reflux_snowflake v2 37 games, 26356 moves, e=0.974, loss: 36.5, ., 63.5% elo% vs. guard_bot, avg. reward: 3.649, 1.442 sec/game, 0.6 min. total, 430.4 MB
reflux_snowflake v2 38 games, 27116 moves, e=0.973, loss: 38.0, ., 62.9% elo% vs. guard_bot, avg. reward: 3.664, 1.438 sec/game, 0.6 min. total, 430.0 MB
reflux_snowflake v2 39 games, 27852 moves, e=0.972, loss: 40.4, ., 62.3% elo% vs. guard_bot, avg. reward: 3.679, 1.440 sec/game, 0.7 min. total, 430.6 MB
reflux_snowflake v2 40 games, 28600 moves, e=0.972, loss: 42.0, ., 61.8% elo% vs. guard_bot, avg. reward: 3.682, 1.451 sec/game, 0.7 min. total, 430.7 MB
reflux_snowflake v2 41 games, 29293 moves, e=0.971, loss: 44.4, +, 63.4% elo% vs. guard_bot, avg. reward: 3.675, 1.430 sec/game, 0.7 min. total, 430.8 MB
reflux_snowflake v2 42 games, 30000 moves, e=0.970, loss: 46.3, ., 62.9% elo% vs. guard_bot, avg. reward: 3.660, 1.425 sec/game, 0.7 min. total, 431.2 MB
reflux_snowflake v2 43 games, 30770 moves, e=0.970, loss: 47.3, ., 62.3% elo% vs. guard_bot, avg. reward: 3.672, 1.428 sec/game, 0.8 min. total, 431.6 MB
reflux_snowflake v2 44 games, 31502 moves, e=0.969, loss: 46.1, ., 61.8% elo% vs. guard_bot, avg. reward: 3.674, 1.422 sec/game, 0.8 min. total, 431.9 MB
reflux_snowflake v2 45 games, 32091 moves, e=0.968, loss: 47.0, ., 61.3% elo% vs. guard_bot, avg. reward: 3.677, 1.406 sec/game, 0.8 min. total, 432.4 MB
reflux_snowflake v2 46 games, 32810 moves, e=0.968, loss: 47.9, +, 62.9% elo% vs. guard_bot, avg. reward: 3.678, 1.407 sec/game, 0.8 min. total, 433.8 MB
reflux_snowflake v2 47 games, 33470 moves, e=0.967, loss: 49.5, +, 64.5% elo% vs. guard_bot, avg. reward: 3.670, 1.404 sec/game, 0.8 min. total, 434.7 MB
reflux_snowflake v2 48 games, 34144 moves, e=0.966, loss: 53.2, ., 63.9% elo% vs. guard_bot, avg. reward: 3.659, 1.387 sec/game, 0.9 min. total, 434.9 MB
reflux_snowflake v2 49 games, 34853 moves, e=0.965, loss: 56.4, +, 65.4% elo% vs. guard_bot, avg. reward: 3.652, 1.389 sec/game, 0.9 min. total, 435.5 MB
reflux_snowflake v2 50 games, 35742 moves, e=0.965, loss: 54.4, +, 66.8% elo% vs. guard_bot, avg. reward: 3.639, 1.410 sec/game, 0.9 min. total, 435.4 MB
reflux_snowflake v2 51 games, 36410 moves, e=0.964, loss: 59.9, +, 68.2% elo% vs. guard_bot, avg. reward: 3.637, 1.395 sec/game, 0.9 min. total, 435.9 MB
reflux_snowflake v2 52 games, 37110 moves, e=0.963, loss: 61.9, +, 69.4% elo% vs. guard_bot, avg. reward: 3.661, 1.380 sec/game, 1.0 min. total, 436.7 MB
reflux_snowflake v2 53 games, 37877 moves, e=0.963, loss: 63.3, +, 70.6% elo% vs. guard_bot, avg. reward: 3.678, 1.388 sec/game, 1.0 min. total, 437.3 MB
reflux_snowflake v3 54 games, 38654 moves, e=0.962, loss: 60.8, -, 49.9% elo% vs. random_no_suicide, avg. reward: 3.683, 1.371 sec/game, 1.0 min. total, 439.1 MB
reflux_snowflake v3 55 games, 39479 moves, e=0.961, loss: 62.7, -, 47.6% elo% vs. random_no_suicide, avg. reward: 3.674, 1.373 sec/game, 1.0 min. total, 439.7 MB
reflux_snowflake v3 56 games, 40199 moves, e=0.960, loss: 61.9, -, 45.4% elo% vs. random_no_suicide, avg. reward: 3.684, 1.379 sec/game, 1.1 min. total, 440.6 MB
reflux_snowflake v3 57 games, 40879 moves, e=0.960, loss: 64.6, -, 43.4% elo% vs. random_no_suicide, avg. reward: 3.691, 1.365 sec/game, 1.1 min. total, 443.0 MB
reflux_snowflake v3 58 games, 41651 moves, e=0.959, loss: 64.7, -, 41.4% elo% vs. random_no_suicide, avg. reward: 3.693, 1.373 sec/game, 1.1 min. total, 445.1 MB
reflux_snowflake v3 59 games, 42376 moves, e=0.958, loss: 64.7, -, 39.6% elo% vs. random_no_suicide, avg. reward: 3.660, 1.373 sec/game, 1.1 min. total, 445.2 MB
reflux_snowflake v3 60 games, 43018 moves, e=0.957, loss: 67.9, -, 37.8% elo% vs. random_no_suicide, avg. reward: 3.640, 1.356 sec/game, 1.1 min. total, 446.1 MB
reflux_snowflake v3 61 games, 43699 moves, e=0.957, loss: 71.7, -, 36.2% elo% vs. random_no_suicide, avg. reward: 3.616, 1.355 sec/game, 1.2 min. total, 446.2 MB
reflux_snowflake v3 62 games, 44412 moves, e=0.956, loss: 69.5, -, 34.7% elo% vs. random_no_suicide, avg. reward: 3.608, 1.337 sec/game, 1.2 min. total, 446.2 MB
reflux_snowflake v3 63 games, 45118 moves, e=0.955, loss: 70.0, -, 33.3% elo% vs. random_no_suicide, avg. reward: 3.577, 1.343 sec/game, 1.2 min. total, 446.3 MB
reflux_snowflake v3 64 games, 45853 moves, e=0.955, loss: 70.3, -, 31.9% elo% vs. random_no_suicide, avg. reward: 3.589, 1.349 sec/game, 1.2 min. total, 446.3 MB
reflux_snowflake v3 65 games, 46630 moves, e=0.954, loss: 75.9, -, 30.6% elo% vs. random_no_suicide, avg. reward: 3.590, 1.371 sec/game, 1.3 min. total, 446.4 MB
reflux_snowflake v3 66 games, 47463 moves, e=0.953, loss: 74.4, -, 29.5% elo% vs. random_no_suicide, avg. reward: 3.601, 1.370 sec/game, 1.3 min. total, 446.2 MB
reflux_snowflake v3 67 games, 48188 moves, e=0.952, loss: 77.6, -, 28.3% elo% vs. random_no_suicide, avg. reward: 3.604, 1.389 sec/game, 1.3 min. total, 447.1 MB
reflux_snowflake v3 68 games, 48930 moves, e=0.952, loss: 80.2, -, 27.3% elo% vs. random_no_suicide, avg. reward: 3.608, 1.410 sec/game, 1.3 min. total, 446.8 MB
reflux_snowflake v3 69 games, 49608 moves, e=0.951, loss: 75.8, -, 26.3% elo% vs. random_no_suicide, avg. reward: 3.585, 1.406 sec/game, 1.4 min. total, 449.1 MB
reflux_snowflake v3 70 games, 50293 moves, e=0.950, loss: 78.4, +, 29.0% elo% vs. random_no_suicide, avg. reward: 3.586, 1.397 sec/game, 1.4 min. total, 448.9 MB
reflux_snowflake v3 71 games, 51052 moves, e=0.949, loss: 81.1, -, 27.9% elo% vs. random_no_suicide, avg. reward: 3.580, 1.416 sec/game, 1.4 min. total, 448.7 MB
reflux_snowflake v3 72 games, 51777 moves, e=0.949, loss: 74.9, -, 26.9% elo% vs. random_no_suicide, avg. reward: 3.597, 1.441 sec/game, 1.4 min. total, 448.9 MB
reflux_snowflake v3 73 games, 52572 moves, e=0.948, loss: 76.3, -, 25.9% elo% vs. random_no_suicide, avg. reward: 3.598, 1.450 sec/game, 1.5 min. total, 448.8 MB
reflux_snowflake v3 74 games, 53271 moves, e=0.947, loss: 76.2, -, 25.0% elo% vs. random_no_suicide, avg. reward: 3.591, 1.461 sec/game, 1.5 min. total, 448.5 MB
reflux_snowflake v3 75 games, 54082 moves, e=0.946, loss: 80.2, -, 24.2% elo% vs. random_no_suicide, avg. reward: 3.590, 1.457 sec/game, 1.5 min. total, 449.0 MB
reflux_snowflake v3 76 games, 54813 moves, e=0.946, loss: 82.4, -, 23.4% elo% vs. random_no_suicide, avg. reward: 3.594, 1.455 sec/game, 1.5 min. total, 448.7 MB
reflux_snowflake v3 77 games, 55584 moves, e=0.945, loss: 81.3, -, 22.6% elo% vs. random_no_suicide, avg. reward: 3.583, 1.468 sec/game, 1.6 min. total, 449.0 MB
reflux_snowflake v3 78 games, 56383 moves, e=0.944, loss: 81.0, -, 21.9% elo% vs. random_no_suicide, avg. reward: 3.587, 1.462 sec/game, 1.6 min. total, 449.1 MB
reflux_snowflake v3 79 games, 57066 moves, e=0.944, loss: 84.5, -, 21.2% elo% vs. random_no_suicide, avg. reward: 3.594, 1.457 sec/game, 1.6 min. total, 449.2 MB
reflux_snowflake v3 80 games, 57844 moves, e=0.943, loss: 84.2, -, 20.6% elo% vs. random_no_suicide, avg. reward: 3.596, 1.472 sec/game, 1.6 min. total, 448.9 MB
reflux_snowflake v3 81 games, 58616 moves, e=0.942, loss: 89.0, -, 20.0% elo% vs. random_no_suicide, avg. reward: 3.602, 1.491 sec/game, 1.7 min. total, 449.3 MB
reflux_snowflake v3 82 games, 59375 moves, e=0.941, loss: 90.7, -, 19.4% elo% vs. random_no_suicide, avg. reward: 3.600, 1.522 sec/game, 1.7 min. total, 449.1 MB
reflux_snowflake v3 83 games, 60103 moves, e=0.940, loss: 86.5, -, 18.8% elo% vs. random_no_suicide, avg. reward: 3.599, 1.528 sec/game, 1.7 min. total, 449.6 MB
reflux_snowflake v3 84 games, 60873 moves, e=0.940, loss: 93.2, -, 18.3% elo% vs. random_no_suicide, avg. reward: 3.599, 1.539 sec/game, 1.7 min. total, 449.3 MB
reflux_snowflake v3 85 games, 61549 moves, e=0.939, loss: 95.3, -, 17.8% elo% vs. random_no_suicide, avg. reward: 3.599, 1.542 sec/game, 1.8 min. total, 448.9 MB
reflux_snowflake v3 86 games, 62205 moves, e=0.938, loss: 94.1, -, 17.3% elo% vs. random_no_suicide, avg. reward: 3.587, 1.538 sec/game, 1.8 min. total, 449.6 MB
reflux_snowflake v3 87 games, 62942 moves, e=0.938, loss: 92.1, -, 16.9% elo% vs. random_no_suicide, avg. reward: 3.572, 1.544 sec/game, 1.8 min. total, 449.6 MB
reflux_snowflake v3 88 games, 63634 moves, e=0.937, loss: 90.8, -, 16.4% elo% vs. random_no_suicide, avg. reward: 3.565, 1.552 sec/game, 1.9 min. total, 448.9 MB
reflux_snowflake v3 89 games, 64383 moves, e=0.936, loss: 97.4, -, 16.0% elo% vs. random_no_suicide, avg. reward: 3.570, 1.548 sec/game, 1.9 min. total, 449.0 MB
reflux_snowflake v3 90 games, 65067 moves, e=0.936, loss: 99.0, -, 15.6% elo% vs. random_no_suicide, avg. reward: 3.557, 1.549 sec/game, 1.9 min. total, 450.0 MB
reflux_snowflake v3 91 games, 65846 moves, e=0.935, loss: 103.0, -, 15.3% elo% vs. random_no_suicide, avg. reward: 3.553, 1.549 sec/game, 1.9 min. total, 451.0 MB
reflux_snowflake v3 92 games, 66531 moves, e=0.934, loss: 98.3, -, 14.9% elo% vs. random_no_suicide, avg. reward: 3.546, 1.532 sec/game, 2.0 min. total, 451.6 MB
reflux_snowflake v3 93 games, 67313 moves, e=0.933, loss: 105.6, -, 14.6% elo% vs. random_no_suicide, avg. reward: 3.537, 1.534 sec/game, 2.0 min. total, 451.9 MB
reflux_snowflake v3 94 games, 67973 moves, e=0.933, loss: 106.2, -, 14.2% elo% vs. random_no_suicide, avg. reward: 3.540, 1.530 sec/game, 2.0 min. total, 451.9 MB
reflux_snowflake v3 95 games, 68722 moves, e=0.932, loss: 106.2, -, 13.9% elo% vs. random_no_suicide, avg. reward: 3.542, 1.524 sec/game, 2.0 min. total, 452.0 MB
reflux_snowflake v3 96 games, 69484 moves, e=0.931, loss: 107.7, -, 13.6% elo% vs. random_no_suicide, avg. reward: 3.552, 1.533 sec/game, 2.1 min. total, 451.9 MB
reflux_snowflake v3 97 games, 70177 moves, e=0.931, loss: 103.7, -, 13.3% elo% vs. random_no_suicide, avg. reward: 3.554, 1.540 sec/game, 2.1 min. total, 451.7 MB
reflux_snowflake v3 98 games, 70966 moves, e=0.930, loss: 108.2, -, 13.0% elo% vs. random_no_suicide, avg. reward: 3.553, 1.550 sec/game, 2.1 min. total, 452.8 MB
reflux_snowflake v3 99 games, 71567 moves, e=0.929, loss: 109.0, -, 12.8% elo% vs. random_no_suicide, avg. reward: 3.544, 1.549 sec/game, 2.1 min. total, 452.2 MB
reflux_snowflake v3 100 games, 72331 moves, e=0.928, loss: 107.0, -, 12.5% elo% vs. random_no_suicide, avg. reward: 3.548, 1.554 sec/game, 2.2 min. total, 452.9 MB
reflux_snowflake v3 101 games, 73051 moves, e=0.928, loss: 106.3, -, 12.3% elo% vs. random_no_suicide, avg. reward: 3.554, 1.540 sec/game, 2.2 min. total, 454.1 MB
reflux_snowflake v3 102 games, 73766 moves, e=0.927, loss: 105.6, -, 12.0% elo% vs. random_no_suicide, avg. reward: 3.556, 1.527 sec/game, 2.2 min. total, 454.8 MB
reflux_snowflake v3 103 games, 74525 moves, e=0.926, loss: 107.3, -, 11.8% elo% vs. random_no_suicide, avg. reward: 3.556, 1.515 sec/game, 2.2 min. total, 454.7 MB
reflux_snowflake v3 104 games, 75276 moves, e=0.925, loss: 111.5, -, 11.6% elo% vs. random_no_suicide, avg. reward: 3.560, 1.503 sec/game, 2.2 min. total, 454.8 MB
reflux_snowflake v3 105 games, 76018 moves, e=0.925, loss: 110.8, -, 11.3% elo% vs. random_no_suicide, avg. reward: 3.555, 1.492 sec/game, 2.3 min. total, 455.1 MB
reflux_snowflake v3 106 games, 76669 moves, e=0.924, loss: 110.3, -, 11.1% elo% vs. random_no_suicide, avg. reward: 3.545, 1.486 sec/game, 2.3 min. total, 455.0 MB
reflux_snowflake v3 107 games, 77400 moves, e=0.923, loss: 114.8, -, 10.9% elo% vs. random_no_suicide, avg. reward: 3.544, 1.470 sec/game, 2.3 min. total, 455.1 MB
reflux_snowflake v3 108 games, 78223 moves, e=0.923, loss: 118.6, -, 10.7% elo% vs. random_no_suicide, avg. reward: 3.552, 1.481 sec/game, 2.3 min. total, 455.3 MB
reflux_snowflake v3 109 games, 78929 moves, e=0.922, loss: 126.0, -, 10.5% elo% vs. random_no_suicide, avg. reward: 3.547, 1.483 sec/game, 2.4 min. total, 454.7 MB
reflux_snowflake v3 110 games, 79716 moves, e=0.921, loss: 123.5, -, 10.4% elo% vs. random_no_suicide, avg. reward: 3.546, 1.490 sec/game, 2.4 min. total, 455.3 MB
reflux_snowflake v3 111 games, 80580 moves, e=0.920, loss: 130.5, -, 10.2% elo% vs. random_no_suicide, avg. reward: 3.541, 1.517 sec/game, 2.4 min. total, 457.5 MB
reflux_snowflake v3 112 games, 81349 moves, e=0.919, loss: 124.2, -, 10.0% elo% vs. random_no_suicide, avg. reward: 3.544, 1.544 sec/game, 2.5 min. total, 457.0 MB
reflux_snowflake v3 113 games, 82054 moves, e=0.919, loss: 129.1, -, 9.9% elo% vs. random_no_suicide, avg. reward: 3.543, 1.545 sec/game, 2.5 min. total, 457.0 MB
reflux_snowflake v3 114 games, 82792 moves, e=0.918, loss: 130.8, -, 9.7% elo% vs. random_no_suicide, avg. reward: 3.538, 1.543 sec/game, 2.5 min. total, 457.3 MB
reflux_snowflake v3 115 games, 83516 moves, e=0.917, loss: 132.7, -, 9.5% elo% vs. random_no_suicide, avg. reward: 3.537, 1.567 sec/game, 2.5 min. total, 456.9 MB
reflux_snowflake v3 116 games, 84275 moves, e=0.917, loss: 127.1, -, 9.4% elo% vs. random_no_suicide, avg. reward: 3.544, 1.577 sec/game, 2.6 min. total, 457.3 MB
reflux_snowflake v3 117 games, 85053 moves, e=0.916, loss: 124.3, -, 9.2% elo% vs. random_no_suicide, avg. reward: 3.543, 1.582 sec/game, 2.6 min. total, 457.3 MB
reflux_snowflake v3 118 games, 85858 moves, e=0.915, loss: 121.9, -, 9.1% elo% vs. random_no_suicide, avg. reward: 3.537, 1.592 sec/game, 2.6 min. total, 456.8 MB
reflux_snowflake v3 119 games, 86608 moves, e=0.914, loss: 121.9, -, 9.0% elo% vs. random_no_suicide, avg. reward: 3.534, 1.609 sec/game, 2.7 min. total, 457.4 MB
reflux_snowflake v3 120 games, 87443 moves, e=0.913, loss: 124.5, -, 8.8% elo% vs. random_no_suicide, avg. reward: 3.529, 1.624 sec/game, 2.7 min. total, 457.4 MB
reflux_snowflake v3 121 games, 88208 moves, e=0.913, loss: 132.2, -, 8.7% elo% vs. random_no_suicide, avg. reward: 3.534, 1.642 sec/game, 2.7 min. total, 457.7 MB
reflux_snowflake v3 122 games, 88943 moves, e=0.912, loss: 133.9, -, 8.6% elo% vs. random_no_suicide, avg. reward: 3.528, 1.636 sec/game, 2.7 min. total, 457.8 MB
reflux_snowflake v3 123 games, 89622 moves, e=0.911, loss: 137.1, -, 8.4% elo% vs. random_no_suicide, avg. reward: 3.517, 1.638 sec/game, 2.8 min. total, 458.2 MB
reflux_snowflake v3 124 games, 90236 moves, e=0.911, loss: 142.7, -, 8.3% elo% vs. random_no_suicide, avg. reward: 3.503, 1.628 sec/game, 2.8 min. total, 458.2 MB
reflux_snowflake v3 125 games, 90955 moves, e=0.910, loss: 140.9, -, 8.2% elo% vs. random_no_suicide, avg. reward: 3.501, 1.650 sec/game, 2.8 min. total, 458.2 MB
reflux_snowflake v3 126 games, 91660 moves, e=0.909, loss: 136.9, -, 8.1% elo% vs. random_no_suicide, avg. reward: 3.508, 1.675 sec/game, 2.8 min. total, 458.3 MB
reflux_snowflake v3 127 games, 92516 moves, e=0.908, loss: 143.3, -, 8.0% elo% vs. random_no_suicide, avg. reward: 3.506, 1.687 sec/game, 2.9 min. total, 458.2 MB
reflux_snowflake v3 128 games, 93197 moves, e=0.908, loss: 147.8, -, 7.9% elo% vs. random_no_suicide, avg. reward: 3.507, 1.666 sec/game, 2.9 min. total, 458.2 MB
reflux_snowflake v3 129 games, 93877 moves, e=0.907, loss: 154.0, -, 7.8% elo% vs. random_no_suicide, avg. reward: 3.494, 1.666 sec/game, 2.9 min. total, 457.8 MB
reflux_snowflake v3 130 games, 94786 moves, e=0.906, loss: 154.7, -, 7.7% elo% vs. random_no_suicide, avg. reward: 3.489, 1.677 sec/game, 3.0 min. total, 458.4 MB
reflux_snowflake v3 131 games, 95551 moves, e=0.905, loss: 147.8, -, 7.6% elo% vs. random_no_suicide, avg. reward: 3.486, 1.651 sec/game, 3.0 min. total, 460.8 MB
reflux_snowflake v3 132 games, 96229 moves, e=0.905, loss: 150.1, -, 7.5% elo% vs. random_no_suicide, avg. reward: 3.486, 1.625 sec/game, 3.0 min. total, 461.0 MB
reflux_snowflake v3 133 games, 96963 moves, e=0.904, loss: 152.4, -, 7.4% elo% vs. random_no_suicide, avg. reward: 3.482, 1.621 sec/game, 3.0 min. total, 461.8 MB
reflux_snowflake v3 134 games, 97767 moves, e=0.903, loss: 148.5, -, 7.3% elo% vs. random_no_suicide, avg. reward: 3.483, 1.639 sec/game, 3.1 min. total, 461.6 MB
reflux_snowflake v3 135 games, 98452 moves, e=0.903, loss: 144.5, -, 7.2% elo% vs. random_no_suicide, avg. reward: 3.477, 1.631 sec/game, 3.1 min. total, 461.8 MB
reflux_snowflake v3 136 games, 99240 moves, e=0.902, loss: 142.8, -, 7.1% elo% vs. random_no_suicide, avg. reward: 3.484, 1.631 sec/game, 3.1 min. total, 462.0 MB
reflux_snowflake v3 137 games, 99989 moves, e=0.901, loss: 140.0, -, 7.0% elo% vs. random_no_suicide, avg. reward: 3.488, 1.644 sec/game, 3.2 min. total, 461.8 MB
reflux_snowflake v3 138 games, 100768 moves, e=0.900, loss: 138.6, -, 6.9% elo% vs. random_no_suicide, avg. reward: 3.483, 1.640 sec/game, 3.2 min. total, 462.6 MB
reflux_snowflake v3 139 games, 101508 moves, e=0.900, loss: 144.4, -, 6.9% elo% vs. random_no_suicide, avg. reward: 3.481, 1.646 sec/game, 3.2 min. total, 462.1 MB
reflux_snowflake v3 140 games, 102173 moves, e=0.899, loss: 141.6, -, 6.8% elo% vs. random_no_suicide, avg. reward: 3.484, 1.628 sec/game, 3.2 min. total, 462.6 MB
reflux_snowflake v3 141 games, 103027 moves, e=0.898, loss: 138.0, -, 6.7% elo% vs. random_no_suicide, avg. reward: 3.477, 1.638 sec/game, 3.3 min. total, 463.1 MB
reflux_snowflake v3 142 games, 103796 moves, e=0.897, loss: 139.2, -, 6.6% elo% vs. random_no_suicide, avg. reward: 3.479, 1.662 sec/game, 3.3 min. total, 462.5 MB
reflux_snowflake v3 143 games, 104695 moves, e=0.896, loss: 133.6, -, 6.6% elo% vs. random_no_suicide, avg. reward: 3.471, 1.687 sec/game, 3.3 min. total, 462.6 MB
reflux_snowflake v3 144 games, 105471 moves, e=0.896, loss: 147.0, -, 6.5% elo% vs. random_no_suicide, avg. reward: 3.462, 1.713 sec/game, 3.4 min. total, 463.3 MB
reflux_snowflake v3 145 games, 106194 moves, e=0.895, loss: 146.5, -, 6.4% elo% vs. random_no_suicide, avg. reward: 3.456, 1.716 sec/game, 3.4 min. total, 462.9 MB
reflux_snowflake v3 146 games, 107020 moves, e=0.894, loss: 153.6, -, 6.3% elo% vs. random_no_suicide, avg. reward: 3.454, 1.729 sec/game, 3.4 min. total, 462.7 MB
reflux_snowflake v3 147 games, 107880 moves, e=0.893, loss: 150.8, -, 6.3% elo% vs. random_no_suicide, avg. reward: 3.459, 1.743 sec/game, 3.5 min. total, 463.1 MB
reflux_snowflake v3 148 games, 108543 moves, e=0.893, loss: 146.8, -, 6.2% elo% vs. random_no_suicide, avg. reward: 3.447, 1.738 sec/game, 3.5 min. total, 463.6 MB
reflux_snowflake v3 149 games, 109396 moves, e=0.892, loss: 145.4, -, 6.1% elo% vs. random_no_suicide, avg. reward: 3.457, 1.769 sec/game, 3.5 min. total, 463.7 MB
reflux_snowflake v3 150 games, 110095 moves, e=0.891, loss: 157.2, -, 6.1% elo% vs. random_no_suicide, avg. reward: 3.471, 1.760 sec/game, 3.5 min. total, 463.6 MB
reflux_snowflake v3 151 games, 110862 moves, e=0.890, loss: 153.8, -, 6.0% elo% vs. random_no_suicide, avg. reward: 3.479, 1.772 sec/game, 3.6 min. total, 463.7 MB
reflux_snowflake v3 152 games, 111636 moves, e=0.889, loss: 151.5, -, 5.9% elo% vs. random_no_suicide, avg. reward: 3.468, 1.791 sec/game, 3.6 min. total, 464.5 MB
reflux_snowflake v3 153 games, 112439 moves, e=0.889, loss: 147.9, -, 5.9% elo% vs. random_no_suicide, avg. reward: 3.465, 1.808 sec/game, 3.6 min. total, 465.3 MB
reflux_snowflake v3 154 games, 113252 moves, e=0.888, loss: 144.6, -, 5.8% elo% vs. random_no_suicide, avg. reward: 3.456, 1.807 sec/game, 3.7 min. total, 464.7 MB
reflux_snowflake v3 155 games, 114000 moves, e=0.887, loss: 148.0, -, 5.8% elo% vs. random_no_suicide, avg. reward: 3.456, 1.806 sec/game, 3.7 min. total, 465.3 MB
reflux_snowflake v3 156 games, 114682 moves, e=0.886, loss: 156.4, -, 5.7% elo% vs. random_no_suicide, avg. reward: 3.455, 1.790 sec/game, 3.7 min. total, 465.2 MB
reflux_snowflake v3 157 games, 115575 moves, e=0.886, loss: 146.4, -, 5.6% elo% vs. random_no_suicide, avg. reward: 3.448, 1.795 sec/game, 3.8 min. total, 465.4 MB
reflux_snowflake v3 158 games, 116422 moves, e=0.885, loss: 144.5, -, 5.6% elo% vs. random_no_suicide, avg. reward: 3.449, 1.804 sec/game, 3.8 min. total, 464.8 MB
reflux_snowflake v3 159 games, 117246 moves, e=0.884, loss: 153.9, -, 5.5% elo% vs. random_no_suicide, avg. reward: 3.472, 1.798 sec/game, 3.8 min. total, 465.6 MB
reflux_snowflake v3 160 games, 118040 moves, e=0.883, loss: 145.3, -, 5.5% elo% vs. random_no_suicide, avg. reward: 3.475, 1.812 sec/game, 3.8 min. total, 465.8 MB
reflux_snowflake v3 161 games, 118804 moves, e=0.882, loss: 144.3, -, 5.4% elo% vs. random_no_suicide, avg. reward: 3.489, 1.795 sec/game, 3.9 min. total, 466.1 MB
reflux_snowflake v3 162 games, 119514 moves, e=0.882, loss: 152.0, -, 5.4% elo% vs. random_no_suicide, avg. reward: 3.504, 1.767 sec/game, 3.9 min. total, 467.1 MB
reflux_snowflake v3 163 games, 120239 moves, e=0.881, loss: 154.6, -, 5.3% elo% vs. random_no_suicide, avg. reward: 3.520, 1.747 sec/game, 3.9 min. total, 467.4 MB
reflux_snowflake v3 164 games, 121192 moves, e=0.880, loss: 156.5, -, 5.3% elo% vs. random_no_suicide, avg. reward: 3.510, 1.757 sec/game, 3.9 min. total, 467.5 MB
reflux_snowflake v3 165 games, 121981 moves, e=0.879, loss: 162.9, -, 5.2% elo% vs. random_no_suicide, avg. reward: 3.520, 1.761 sec/game, 4.0 min. total, 467.6 MB
reflux_snowflake v3 166 games, 122655 moves, e=0.879, loss: 151.0, -, 5.2% elo% vs. random_no_suicide, avg. reward: 3.514, 1.746 sec/game, 4.0 min. total, 467.2 MB
reflux_snowflake v3 167 games, 123463 moves, e=0.878, loss: 155.0, -, 5.1% elo% vs. random_no_suicide, avg. reward: 3.513, 1.759 sec/game, 4.0 min. total, 467.2 MB
reflux_snowflake v3 168 games, 124247 moves, e=0.877, loss: 156.0, -, 5.1% elo% vs. random_no_suicide, avg. reward: 3.510, 1.774 sec/game, 4.1 min. total, 467.7 MB
reflux_snowflake v3 169 games, 125068 moves, e=0.876, loss: 153.0, -, 5.0% elo% vs. random_no_suicide, avg. reward: 3.525, 1.772 sec/game, 4.1 min. total, 467.5 MB
reflux_snowflake v3 170 games, 125858 moves, e=0.875, loss: 153.5, -, 5.0% elo% vs. random_no_suicide, avg. reward: 3.516, 1.777 sec/game, 4.1 min. total, 467.1 MB
reflux_snowflake v3 171 games, 126631 moves, e=0.875, loss: 150.8, -, 5.0% elo% vs. random_no_suicide, avg. reward: 3.524, 1.777 sec/game, 4.2 min. total, 468.5 MB
reflux_snowflake v3 172 games, 127430 moves, e=0.874, loss: 154.8, -, 4.9% elo% vs. random_no_suicide, avg. reward: 3.502, 1.778 sec/game, 4.2 min. total, 469.4 MB
reflux_snowflake v3 173 games, 128246 moves, e=0.873, loss: 146.6, -, 4.9% elo% vs. random_no_suicide, avg. reward: 3.499, 1.779 sec/game, 4.2 min. total, 469.8 MB
reflux_snowflake v3 174 games, 129077 moves, e=0.872, loss: 147.2, -, 4.8% elo% vs. random_no_suicide, avg. reward: 3.506, 1.794 sec/game, 4.3 min. total, 469.4 MB
reflux_snowflake v3 175 games, 129837 moves, e=0.871, loss: 143.8, -, 4.8% elo% vs. random_no_suicide, avg. reward: 3.500, 1.798 sec/game, 4.3 min. total, 469.9 MB
reflux_snowflake v3 176 games, 130710 moves, e=0.871, loss: 147.0, -, 4.8% elo% vs. random_no_suicide, avg. reward: 3.498, 1.830 sec/game, 4.3 min. total, 470.0 MB
reflux_snowflake v3 177 games, 131493 moves, e=0.870, loss: 154.5, -, 4.7% elo% vs. random_no_suicide, avg. reward: 3.518, 1.821 sec/game, 4.4 min. total, 469.8 MB
reflux_snowflake v3 178 games, 132226 moves, e=0.869, loss: 163.5, -, 4.7% elo% vs. random_no_suicide, avg. reward: 3.512, 1.814 sec/game, 4.4 min. total, 470.3 MB
reflux_snowflake v3 179 games, 133043 moves, e=0.868, loss: 169.0, -, 4.6% elo% vs. random_no_suicide, avg. reward: 3.502, 1.822 sec/game, 4.4 min. total, 469.8 MB
reflux_snowflake v3 180 games, 133882 moves, e=0.867, loss: 165.1, -, 4.6% elo% vs. random_no_suicide, avg. reward: 3.501, 1.826 sec/game, 4.4 min. total, 470.4 MB
reflux_snowflake v3 181 games, 134598 moves, e=0.867, loss: 159.9, -, 4.6% elo% vs. random_no_suicide, avg. reward: 3.493, 1.838 sec/game, 4.5 min. total, 470.2 MB
reflux_snowflake v3 182 games, 135336 moves, e=0.866, loss: 160.9, -, 4.5% elo% vs. random_no_suicide, avg. reward: 3.488, 1.860 sec/game, 4.5 min. total, 472.2 MB
reflux_snowflake v3 183 games, 136173 moves, e=0.865, loss: 169.8, -, 4.5% elo% vs. random_no_suicide, avg. reward: 3.495, 1.873 sec/game, 4.5 min. total, 472.7 MB
reflux_snowflake v3 184 games, 136908 moves, e=0.864, loss: 174.9, -, 4.5% elo% vs. random_no_suicide, avg. reward: 3.486, 1.860 sec/game, 4.6 min. total, 472.3 MB
reflux_snowflake v3 185 games, 137574 moves, e=0.864, loss: 176.8, -, 4.4% elo% vs. random_no_suicide, avg. reward: 3.483, 1.846 sec/game, 4.6 min. total, 472.4 MB
reflux_snowflake v3 186 games, 138334 moves, e=0.863, loss: 175.7, -, 4.4% elo% vs. random_no_suicide, avg. reward: 3.498, 1.859 sec/game, 4.6 min. total, 472.9 MB
reflux_snowflake v3 187 games, 138974 moves, e=0.862, loss: 170.2, -, 4.4% elo% vs. random_no_suicide, avg. reward: 3.518, 1.821 sec/game, 4.6 min. total, 473.1 MB
reflux_snowflake v3 188 games, 139825 moves, e=0.862, loss: 184.5, -, 4.3% elo% vs. random_no_suicide, avg. reward: 3.519, 1.836 sec/game, 4.7 min. total, 472.6 MB
reflux_snowflake v3 189 games, 140675 moves, e=0.861, loss: 179.3, -, 4.3% elo% vs. random_no_suicide, avg. reward: 3.514, 1.835 sec/game, 4.7 min. total, 473.1 MB
reflux_snowflake v3 190 games, 141470 moves, e=0.860, loss: 192.3, -, 4.3% elo% vs. random_no_suicide, avg. reward: 3.533, 1.830 sec/game, 4.7 min. total, 473.1 MB
reflux_snowflake v3 191 games, 142168 moves, e=0.859, loss: 182.1, -, 4.2% elo% vs. random_no_suicide, avg. reward: 3.537, 1.813 sec/game, 4.8 min. total, 473.9 MB
reflux_snowflake v3 192 games, 142992 moves, e=0.858, loss: 183.4, -, 4.2% elo% vs. random_no_suicide, avg. reward: 3.544, 1.822 sec/game, 4.8 min. total, 475.4 MB
reflux_snowflake v3 193 games, 143847 moves, e=0.858, loss: 175.7, -, 4.2% elo% vs. random_no_suicide, avg. reward: 3.551, 1.812 sec/game, 4.8 min. total, 475.0 MB
reflux_snowflake v3 194 games, 144633 moves, e=0.857, loss: 166.9, -, 4.1% elo% vs. random_no_suicide, avg. reward: 3.559, 1.799 sec/game, 4.9 min. total, 475.6 MB
reflux_snowflake v3 195 games, 145384 moves, e=0.856, loss: 174.3, -, 4.1% elo% vs. random_no_suicide, avg. reward: 3.559, 1.797 sec/game, 4.9 min. total, 475.2 MB
reflux_snowflake v3 196 games, 146073 moves, e=0.855, loss: 170.0, -, 4.1% elo% vs. random_no_suicide, avg. reward: 3.551, 1.780 sec/game, 4.9 min. total, 475.8 MB
reflux_snowflake v3 197 games, 146873 moves, e=0.855, loss: 173.9, -, 4.0% elo% vs. random_no_suicide, avg. reward: 3.547, 1.773 sec/game, 4.9 min. total, 475.9 MB
reflux_snowflake v3 198 games, 147700 moves, e=0.854, loss: 170.1, -, 4.0% elo% vs. random_no_suicide, avg. reward: 3.548, 1.774 sec/game, 5.0 min. total, 475.8 MB
reflux_snowflake v3 199 games, 148502 moves, e=0.853, loss: 175.7, -, 4.0% elo% vs. random_no_suicide, avg. reward: 3.560, 1.785 sec/game, 5.0 min. total, 475.8 MB
reflux_snowflake v3 200 games, 149262 moves, e=0.852, loss: 169.2, -, 4.0% elo% vs. random_no_suicide, avg. reward: 3.550, 1.784 sec/game, 5.0 min. total, 475.6 MB
reflux_snowflake v3 201 games, 150027 moves, e=0.851, loss: 164.4, -, 3.9% elo% vs. random_no_suicide, avg. reward: 3.557, 1.781 sec/game, 5.1 min. total, 476.5 MB
reflux_snowflake v3 202 games, 150669 moves, e=0.851, loss: 157.9, -, 3.9% elo% vs. random_no_suicide, avg. reward: 3.555, 1.778 sec/game, 5.1 min. total, 475.7 MB
reflux_snowflake v3 203 games, 151486 moves, e=0.850, loss: 159.6, -, 3.9% elo% vs. random_no_suicide, avg. reward: 3.551, 1.780 sec/game, 5.1 min. total, 475.9 MB
reflux_snowflake v3 204 games, 152384 moves, e=0.849, loss: 168.4, -, 3.8% elo% vs. random_no_suicide, avg. reward: 3.556, 1.798 sec/game, 5.2 min. total, 476.1 MB
reflux_snowflake v3 205 games, 153179 moves, e=0.848, loss: 164.4, -, 3.8% elo% vs. random_no_suicide, avg. reward: 3.568, 1.813 sec/game, 5.2 min. total, 475.9 MB
