frenzy_eggnog v0 0 games, 0 moves, e=1.000, loss: nan,  , 50.0% elo% vs. , avg. reward: nan, nan sec/game, 0.0 min. total, 310.4 MB
frenzy_eggnog v1 2 games, 1010 moves, e=0.999, loss: nan, -, 47.7% elo% vs. random_bot, avg. reward: -10.587, 0.266 sec/game, 0.0 min. total, 315.6 MB
frenzy_eggnog v1 4 games, 1921 moves, e=0.998, loss: nan, -, 45.5% elo% vs. random_bot, avg. reward: -10.978, 0.248 sec/game, 0.0 min. total, 321.1 MB
frenzy_eggnog v1 6 games, 2865 moves, e=0.997, loss: nan, -, 43.4% elo% vs. random_bot, avg. reward: -11.038, 0.243 sec/game, 0.0 min. total, 326.1 MB
frenzy_eggnog v1 8 games, 3779 moves, e=0.996, loss: nan, -, 41.5% elo% vs. random_bot, avg. reward: -11.249, 0.241 sec/game, 0.0 min. total, 331.9 MB
frenzy_eggnog v1 10 games, 4682 moves, e=0.995, loss: nan, -, 39.6% elo% vs. random_bot, avg. reward: -11.193, 0.240 sec/game, 0.0 min. total, 336.7 MB
frenzy_eggnog v1 12 games, 5617 moves, e=0.994, loss: nan, -, 37.9% elo% vs. random_bot, avg. reward: -11.111, 0.240 sec/game, 0.0 min. total, 341.9 MB
frenzy_eggnog v1 14 games, 6608 moves, e=0.993, loss: nan, -, 36.3% elo% vs. random_bot, avg. reward: -11.044, 0.240 sec/game, 0.1 min. total, 347.8 MB
frenzy_eggnog v1 16 games, 7529 moves, e=0.993, loss: nan, -, 34.8% elo% vs. random_bot, avg. reward: -11.098, 0.239 sec/game, 0.1 min. total, 352.7 MB
frenzy_eggnog v1 18 games, 8425 moves, e=0.992, loss: nan, -, 33.3% elo% vs. random_bot, avg. reward: -11.116, 0.239 sec/game, 0.1 min. total, 357.3 MB
frenzy_eggnog v1 20 games, 9396 moves, e=0.991, loss: nan, -, 32.0% elo% vs. random_bot, avg. reward: -11.036, 0.246 sec/game, 0.1 min. total, 361.0 MB
frenzy_eggnog v1 22 games, 10258 moves, e=0.990, loss: nan, -, 30.7% elo% vs. random_bot, avg. reward: -11.096, 0.242 sec/game, 0.1 min. total, 361.4 MB
frenzy_eggnog v1 24 games, 11211 moves, e=0.989, loss: nan, -, 29.5% elo% vs. random_bot, avg. reward: -11.053, 0.243 sec/game, 0.1 min. total, 362.8 MB
frenzy_eggnog v1 26 games, 12028 moves, e=0.988, loss: nan, -, 28.4% elo% vs. random_bot, avg. reward: -11.115, 0.242 sec/game, 0.1 min. total, 364.9 MB
frenzy_eggnog v1 28 games, 12854 moves, e=0.987, loss: nan, -, 27.3% elo% vs. random_bot, avg. reward: -11.228, 0.241 sec/game, 0.1 min. total, 368.2 MB
frenzy_eggnog v1 30 games, 13855 moves, e=0.986, loss: nan, -, 26.4% elo% vs. random_bot, avg. reward: -11.140, 0.244 sec/game, 0.1 min. total, 371.4 MB
frenzy_eggnog v1 32 games, 14776 moves, e=0.985, loss: nan, -, 25.4% elo% vs. random_bot, avg. reward: -11.165, 0.244 sec/game, 0.1 min. total, 375.0 MB
frenzy_eggnog v1 34 games, 15652 moves, e=0.985, loss: nan, -, 24.5% elo% vs. random_bot, avg. reward: -11.235, 0.242 sec/game, 0.1 min. total, 378.3 MB
frenzy_eggnog v1 36 games, 16519 moves, e=0.984, loss: nan, -, 23.7% elo% vs. random_bot, avg. reward: -11.274, 0.241 sec/game, 0.1 min. total, 383.3 MB
frenzy_eggnog v1 38 games, 17361 moves, e=0.983, loss: nan, -, 22.9% elo% vs. random_bot, avg. reward: -11.329, 0.241 sec/game, 0.2 min. total, 388.1 MB
frenzy_eggnog v1 40 games, 18267 moves, e=0.982, loss: nan, -, 22.2% elo% vs. random_bot, avg. reward: -11.364, 0.239 sec/game, 0.2 min. total, 392.1 MB
frenzy_eggnog v1 42 games, 19261 moves, e=0.981, loss: nan, -, 21.5% elo% vs. random_bot, avg. reward: -11.334, 0.239 sec/game, 0.2 min. total, 392.9 MB
frenzy_eggnog v1 44 games, 20282 moves, e=0.980, loss: nan, -, 20.8% elo% vs. random_bot, avg. reward: -11.268, 0.241 sec/game, 0.2 min. total, 395.0 MB
frenzy_eggnog v1 46 games, 21310 moves, e=0.979, loss: nan, -, 20.2% elo% vs. random_bot, avg. reward: -11.260, 0.243 sec/game, 0.2 min. total, 397.5 MB
frenzy_eggnog v1 48 games, 22253 moves, e=0.978, loss: nan, -, 19.6% elo% vs. random_bot, avg. reward: -11.244, 0.244 sec/game, 0.2 min. total, 399.8 MB
frenzy_eggnog v1 50 games, 23191 moves, e=0.977, loss: nan, -, 19.1% elo% vs. random_bot, avg. reward: -11.271, 0.242 sec/game, 0.2 min. total, 402.6 MB
frenzy_eggnog v1 52 games, 24070 moves, e=0.976, loss: nan, -, 18.5% elo% vs. random_bot, avg. reward: -11.261, 0.243 sec/game, 0.2 min. total, 405.8 MB
frenzy_eggnog v1 54 games, 25004 moves, e=0.975, loss: nan, -, 18.0% elo% vs. random_bot, avg. reward: -11.262, 0.245 sec/game, 0.2 min. total, 409.3 MB
frenzy_eggnog v1 56 games, 25953 moves, e=0.974, loss: nan, -, 17.5% elo% vs. random_bot, avg. reward: -11.253, 0.247 sec/game, 0.2 min. total, 412.6 MB
frenzy_eggnog v1 58 games, 26862 moves, e=0.973, loss: nan, -, 17.1% elo% vs. random_bot, avg. reward: -11.251, 0.247 sec/game, 0.2 min. total, 417.5 MB
frenzy_eggnog v1 60 games, 27803 moves, e=0.972, loss: nan, -, 16.6% elo% vs. random_bot, avg. reward: -11.231, 0.248 sec/game, 0.2 min. total, 420.5 MB
frenzy_eggnog v1 62 games, 28607 moves, e=0.972, loss: nan, -, 16.2% elo% vs. random_bot, avg. reward: -11.273, 0.247 sec/game, 0.3 min. total, 421.5 MB
frenzy_eggnog v1 64 games, 29498 moves, e=0.971, loss: nan, -, 15.8% elo% vs. random_bot, avg. reward: -11.336, 0.246 sec/game, 0.3 min. total, 423.0 MB
frenzy_eggnog v1 66 games, 30453 moves, e=0.970, loss: nan, -, 15.4% elo% vs. random_bot, avg. reward: -11.316, 0.246 sec/game, 0.3 min. total, 425.1 MB
frenzy_eggnog v1 68 games, 31307 moves, e=0.969, loss: nan, -, 15.1% elo% vs. random_bot, avg. reward: -11.327, 0.245 sec/game, 0.3 min. total, 427.4 MB
frenzy_eggnog v1 70 games, 32110 moves, e=0.968, loss: nan, -, 14.7% elo% vs. random_bot, avg. reward: -11.374, 0.244 sec/game, 0.3 min. total, 430.0 MB
frenzy_eggnog v1 72 games, 32920 moves, e=0.967, loss: nan, -, 14.4% elo% vs. random_bot, avg. reward: -11.422, 0.241 sec/game, 0.3 min. total, 433.6 MB
frenzy_eggnog v1 74 games, 33744 moves, e=0.967, loss: nan, ., 15.2% elo% vs. random_bot, avg. reward: -11.444, 0.242 sec/game, 0.3 min. total, 436.5 MB
frenzy_eggnog v1 76 games, 34570 moves, e=0.966, loss: nan, -, 14.8% elo% vs. random_bot, avg. reward: -11.467, 0.239 sec/game, 0.3 min. total, 439.0 MB
frenzy_eggnog v1 78 games, 35395 moves, e=0.965, loss: nan, -, 14.5% elo% vs. random_bot, avg. reward: -11.508, 0.240 sec/game, 0.3 min. total, 443.2 MB
frenzy_eggnog v1 80 games, 36238 moves, e=0.964, loss: nan, -, 14.2% elo% vs. random_bot, avg. reward: -11.508, 0.240 sec/game, 0.3 min. total, 446.0 MB
frenzy_eggnog v1 82 games, 37109 moves, e=0.963, loss: nan, -, 13.8% elo% vs. random_bot, avg. reward: -11.504, 0.241 sec/game, 0.3 min. total, 447.3 MB
frenzy_eggnog v1 84 games, 37959 moves, e=0.962, loss: nan, -, 13.5% elo% vs. random_bot, avg. reward: -11.501, 0.240 sec/game, 0.3 min. total, 449.2 MB
frenzy_eggnog v1 86 games, 38706 moves, e=0.962, loss: nan, -, 13.3% elo% vs. random_bot, avg. reward: -11.556, 0.239 sec/game, 0.3 min. total, 450.9 MB
frenzy_eggnog v1 88 games, 39495 moves, e=0.961, loss: nan, -, 13.0% elo% vs. random_bot, avg. reward: -11.583, 0.240 sec/game, 0.4 min. total, 452.7 MB
frenzy_eggnog v1 90 games, 40284 moves, e=0.960, loss: nan, -, 12.7% elo% vs. random_bot, avg. reward: -11.615, 0.241 sec/game, 0.4 min. total, 454.9 MB
frenzy_eggnog v1 92 games, 41089 moves, e=0.959, loss: nan, -, 12.5% elo% vs. random_bot, avg. reward: -11.635, 0.243 sec/game, 0.4 min. total, 458.4 MB
frenzy_eggnog v1 94 games, 42031 moves, e=0.958, loss: nan, ., 13.2% elo% vs. random_bot, avg. reward: -11.630, 0.247 sec/game, 0.4 min. total, 461.7 MB
frenzy_eggnog v1 96 games, 42819 moves, e=0.958, loss: nan, -, 13.0% elo% vs. random_bot, avg. reward: -11.651, 0.250 sec/game, 0.4 min. total, 464.8 MB
frenzy_eggnog v1 98 games, 43593 moves, e=0.957, loss: nan, -, 12.7% elo% vs. random_bot, avg. reward: -11.685, 0.253 sec/game, 0.4 min. total, 468.9 MB
frenzy_eggnog v1 100 games, 44464 moves, e=0.956, loss: nan, -, 12.4% elo% vs. random_bot, avg. reward: -11.689, 0.253 sec/game, 0.4 min. total, 472.6 MB
frenzy_eggnog v2 102 games, 45357 moves, e=0.955, loss: nan, -, 47.7% elo% vs. random_bot, avg. reward: -11.751, 0.253 sec/game, 0.4 min. total, 474.2 MB
frenzy_eggnog v2 104 games, 46115 moves, e=0.954, loss: nan, -, 45.5% elo% vs. random_bot, avg. reward: -11.788, 0.255 sec/game, 0.4 min. total, 475.4 MB
frenzy_eggnog v2 106 games, 46995 moves, e=0.953, loss: nan, -, 43.4% elo% vs. random_bot, avg. reward: -11.793, 0.258 sec/game, 0.4 min. total, 477.6 MB
frenzy_eggnog v2 108 games, 47726 moves, e=0.953, loss: nan, -, 41.5% elo% vs. random_bot, avg. reward: -11.847, 0.260 sec/game, 0.4 min. total, 479.5 MB
frenzy_eggnog v2 110 games, 48502 moves, e=0.952, loss: nan, -, 39.6% elo% vs. random_bot, avg. reward: -11.880, 0.260 sec/game, 0.5 min. total, 481.7 MB
frenzy_eggnog v2 112 games, 49323 moves, e=0.951, loss: nan, -, 37.9% elo% vs. random_bot, avg. reward: -11.930, 0.261 sec/game, 0.5 min. total, 484.5 MB
frenzy_eggnog v2 114 games, 50091 moves, e=0.950, loss: nan, -, 36.3% elo% vs. random_bot, avg. reward: -11.987, 0.257 sec/game, 0.5 min. total, 487.1 MB
frenzy_eggnog v2 116 games, 51007 moves, e=0.950, loss: nan, -, 34.8% elo% vs. random_bot, avg. reward: -11.990, 0.258 sec/game, 0.5 min. total, 491.0 MB
frenzy_eggnog v2 118 games, 51787 moves, e=0.949, loss: nan, -, 33.3% elo% vs. random_bot, avg. reward: -12.030, 0.255 sec/game, 0.5 min. total, 495.9 MB
frenzy_eggnog v2 120 games, 52522 moves, e=0.948, loss: nan, ., 34.0% elo% vs. random_bot, avg. reward: -12.098, 0.256 sec/game, 0.5 min. total, 498.3 MB
frenzy_eggnog v2 122 games, 53253 moves, e=0.947, loss: nan, -, 32.6% elo% vs. random_bot, avg. reward: -12.132, 0.255 sec/game, 0.5 min. total, 498.9 MB
frenzy_eggnog v2 124 games, 53973 moves, e=0.947, loss: nan, -, 31.3% elo% vs. random_bot, avg. reward: -12.217, 0.253 sec/game, 0.5 min. total, 500.5 MB
frenzy_eggnog v2 126 games, 54713 moves, e=0.946, loss: nan, -, 30.1% elo% vs. random_bot, avg. reward: -12.270, 0.251 sec/game, 0.5 min. total, 502.2 MB
frenzy_eggnog v2 128 games, 55439 moves, e=0.945, loss: nan, -, 28.9% elo% vs. random_bot, avg. reward: -12.308, 0.249 sec/game, 0.5 min. total, 504.0 MB
frenzy_eggnog v2 130 games, 56213 moves, e=0.944, loss: nan, -, 27.8% elo% vs. random_bot, avg. reward: -12.380, 0.248 sec/game, 0.5 min. total, 506.1 MB
frenzy_eggnog v2 132 games, 56944 moves, e=0.944, loss: nan, -, 26.8% elo% vs. random_bot, avg. reward: -12.424, 0.248 sec/game, 0.5 min. total, 508.6 MB
frenzy_eggnog v2 134 games, 57625 moves, e=0.943, loss: nan, -, 25.9% elo% vs. random_bot, avg. reward: -12.473, 0.247 sec/game, 0.5 min. total, 510.8 MB
frenzy_eggnog v2 136 games, 58444 moves, e=0.942, loss: nan, -, 25.0% elo% vs. random_bot, avg. reward: -12.479, 0.247 sec/game, 0.6 min. total, 514.6 MB
frenzy_eggnog v2 138 games, 59162 moves, e=0.941, loss: nan, -, 24.1% elo% vs. random_bot, avg. reward: -12.521, 0.247 sec/game, 0.6 min. total, 517.0 MB
frenzy_eggnog v2 140 games, 59881 moves, e=0.941, loss: nan, ., 25.0% elo% vs. random_bot, avg. reward: -12.560, 0.246 sec/game, 0.6 min. total, 520.3 MB
frenzy_eggnog v2 142 games, 60699 moves, e=0.940, loss: nan, -, 24.1% elo% vs. random_bot, avg. reward: -12.592, 0.247 sec/game, 0.6 min. total, 521.1 MB
frenzy_eggnog v2 144 games, 61374 moves, e=0.939, loss: nan, -, 23.3% elo% vs. random_bot, avg. reward: -12.714, 0.247 sec/game, 0.6 min. total, 522.8 MB
frenzy_eggnog v2 146 games, 62113 moves, e=0.939, loss: nan, -, 22.6% elo% vs. random_bot, avg. reward: -12.782, 0.248 sec/game, 0.6 min. total, 524.5 MB
frenzy_eggnog v2 148 games, 62778 moves, e=0.938, loss: nan, -, 21.9% elo% vs. random_bot, avg. reward: -12.873, 0.246 sec/game, 0.6 min. total, 526.3 MB
frenzy_eggnog v2 150 games, 63453 moves, e=0.937, loss: nan, -, 21.2% elo% vs. random_bot, avg. reward: -12.939, 0.247 sec/game, 0.6 min. total, 528.1 MB
frenzy_eggnog v2 152 games, 64122 moves, e=0.937, loss: nan, -, 20.5% elo% vs. random_bot, avg. reward: -13.018, 0.246 sec/game, 0.6 min. total, 530.7 MB
frenzy_eggnog v2 154 games, 64799 moves, e=0.936, loss: nan, -, 19.9% elo% vs. random_bot, avg. reward: -13.098, 0.246 sec/game, 0.6 min. total, 533.5 MB
frenzy_eggnog v2 156 games, 65505 moves, e=0.935, loss: nan, -, 19.3% elo% vs. random_bot, avg. reward: -13.157, 0.245 sec/game, 0.6 min. total, 536.7 MB
frenzy_eggnog v2 158 games, 66249 moves, e=0.934, loss: nan, -, 18.8% elo% vs. random_bot, avg. reward: -13.197, 0.246 sec/game, 0.6 min. total, 540.9 MB
frenzy_eggnog v2 160 games, 66931 moves, e=0.934, loss: nan, -, 18.3% elo% vs. random_bot, avg. reward: -13.274, 0.246 sec/game, 0.7 min. total, 543.7 MB
frenzy_eggnog v2 162 games, 67623 moves, e=0.933, loss: nan, -, 17.8% elo% vs. random_bot, avg. reward: -13.339, 0.245 sec/game, 0.7 min. total, 544.5 MB
frenzy_eggnog v2 164 games, 68325 moves, e=0.932, loss: nan, -, 17.3% elo% vs. random_bot, avg. reward: -13.381, 0.247 sec/game, 0.7 min. total, 545.6 MB
frenzy_eggnog v2 166 games, 69004 moves, e=0.932, loss: nan, -, 16.8% elo% vs. random_bot, avg. reward: -13.485, 0.247 sec/game, 0.7 min. total, 547.3 MB
frenzy_eggnog v2 168 games, 69727 moves, e=0.931, loss: nan, -, 16.4% elo% vs. random_bot, avg. reward: -13.529, 0.248 sec/game, 0.7 min. total, 549.1 MB
frenzy_eggnog v2 170 games, 70413 moves, e=0.930, loss: nan, -, 16.0% elo% vs. random_bot, avg. reward: -13.582, 0.248 sec/game, 0.7 min. total, 550.9 MB
frenzy_eggnog v2 172 games, 71113 moves, e=0.930, loss: nan, -, 15.6% elo% vs. random_bot, avg. reward: -13.626, 0.248 sec/game, 0.7 min. total, 553.2 MB
frenzy_eggnog v2 174 games, 71771 moves, e=0.929, loss: nan, ., 16.5% elo% vs. random_bot, avg. reward: -13.686, 0.248 sec/game, 0.7 min. total, 555.9 MB
frenzy_eggnog v2 176 games, 72466 moves, e=0.928, loss: nan, -, 16.1% elo% vs. random_bot, avg. reward: -13.723, 0.248 sec/game, 0.7 min. total, 558.8 MB
frenzy_eggnog v2 178 games, 73181 moves, e=0.928, loss: nan, -, 15.7% elo% vs. random_bot, avg. reward: -13.773, 0.250 sec/game, 0.7 min. total, 562.9 MB
frenzy_eggnog v2 180 games, 73967 moves, e=0.927, loss: nan, -, 15.3% elo% vs. random_bot, avg. reward: -13.801, 0.254 sec/game, 0.7 min. total, 566.5 MB
frenzy_eggnog v2 182 games, 74636 moves, e=0.926, loss: nan, -, 14.9% elo% vs. random_bot, avg. reward: -13.882, 0.254 sec/game, 0.8 min. total, 567.0 MB
frenzy_eggnog v2 184 games, 75297 moves, e=0.925, loss: nan, -, 14.6% elo% vs. random_bot, avg. reward: -13.974, 0.253 sec/game, 0.8 min. total, 568.0 MB
frenzy_eggnog v2 186 games, 76040 moves, e=0.925, loss: nan, -, 14.2% elo% vs. random_bot, avg. reward: -13.976, 0.257 sec/game, 0.8 min. total, 569.6 MB
frenzy_eggnog v2 188 games, 76714 moves, e=0.924, loss: nan, -, 13.9% elo% vs. random_bot, avg. reward: -14.033, 0.257 sec/game, 0.8 min. total, 571.4 MB
frenzy_eggnog v2 190 games, 77451 moves, e=0.923, loss: nan, -, 13.6% elo% vs. random_bot, avg. reward: -14.042, 0.258 sec/game, 0.8 min. total, 573.1 MB
frenzy_eggnog v2 192 games, 78123 moves, e=0.923, loss: nan, -, 13.3% elo% vs. random_bot, avg. reward: -14.093, 0.259 sec/game, 0.8 min. total, 575.0 MB
frenzy_eggnog v2 194 games, 78849 moves, e=0.922, loss: nan, -, 13.0% elo% vs. random_bot, avg. reward: -14.155, 0.259 sec/game, 0.8 min. total, 577.4 MB
frenzy_eggnog v2 196 games, 79632 moves, e=0.921, loss: nan, -, 12.8% elo% vs. random_bot, avg. reward: -14.166, 0.261 sec/game, 0.8 min. total, 580.7 MB
frenzy_eggnog v2 198 games, 80302 moves, e=0.921, loss: nan, -, 12.5% elo% vs. random_bot, avg. reward: -14.205, 0.258 sec/game, 0.8 min. total, 583.8 MB
frenzy_eggnog v2 200 games, 80978 moves, e=0.920, loss: nan, -, 12.3% elo% vs. random_bot, avg. reward: -14.271, 0.249 sec/game, 0.8 min. total, 587.6 MB
frenzy_eggnog v3 202 games, 81659 moves, e=0.919, loss: nan, -, 47.7% elo% vs. random_bot, avg. reward: -14.295, 0.257 sec/game, 0.8 min. total, 590.3 MB
frenzy_eggnog v3 204 games, 82356 moves, e=0.918, loss: nan, ., 47.8% elo% vs. random_bot, avg. reward: -14.338, 0.258 sec/game, 0.8 min. total, 590.9 MB
frenzy_eggnog v3 206 games, 83128 moves, e=0.918, loss: nan, -, 45.6% elo% vs. random_bot, avg. reward: -14.378, 0.256 sec/game, 0.9 min. total, 592.1 MB
frenzy_eggnog v3 208 games, 83711 moves, e=0.917, loss: nan, -, 43.5% elo% vs. random_bot, avg. reward: -14.456, 0.253 sec/game, 0.9 min. total, 593.4 MB
frenzy_eggnog v3 210 games, 84377 moves, e=0.916, loss: nan, ., 43.8% elo% vs. random_bot, avg. reward: -14.504, 0.253 sec/game, 0.9 min. total, 595.0 MB
frenzy_eggnog v3 212 games, 85009 moves, e=0.916, loss: nan, ., 44.1% elo% vs. random_bot, avg. reward: -14.575, 0.253 sec/game, 0.9 min. total, 597.0 MB
frenzy_eggnog v3 214 games, 85649 moves, e=0.915, loss: nan, -, 42.1% elo% vs. random_bot, avg. reward: -14.638, 0.255 sec/game, 0.9 min. total, 599.5 MB
frenzy_eggnog v3 216 games, 86354 moves, e=0.915, loss: nan, -, 40.2% elo% vs. random_bot, avg. reward: -14.691, 0.254 sec/game, 0.9 min. total, 602.0 MB
frenzy_eggnog v3 218 games, 86996 moves, e=0.914, loss: nan, -, 38.5% elo% vs. random_bot, avg. reward: -14.750, 0.255 sec/game, 0.9 min. total, 604.5 MB
frenzy_eggnog v3 220 games, 87709 moves, e=0.913, loss: nan, -, 36.8% elo% vs. random_bot, avg. reward: -14.766, 0.255 sec/game, 0.9 min. total, 607.3 MB
frenzy_eggnog v3 222 games, 88270 moves, e=0.913, loss: nan, ., 37.4% elo% vs. random_bot, avg. reward: -14.855, 0.246 sec/game, 0.9 min. total, 610.9 MB
frenzy_eggnog v3 224 games, 88919 moves, e=0.912, loss: nan, -, 35.8% elo% vs. random_bot, avg. reward: -14.875, 0.245 sec/game, 0.9 min. total, 611.3 MB
frenzy_eggnog v3 226 games, 89633 moves, e=0.911, loss: nan, -, 34.3% elo% vs. random_bot, avg. reward: -14.875, 0.247 sec/game, 0.9 min. total, 612.5 MB
frenzy_eggnog v3 228 games, 90271 moves, e=0.911, loss: nan, -, 32.9% elo% vs. random_bot, avg. reward: -14.957, 0.250 sec/game, 0.9 min. total, 614.1 MB
frenzy_eggnog v3 230 games, 90960 moves, e=0.910, loss: nan, -, 31.5% elo% vs. random_bot, avg. reward: -14.983, 0.249 sec/game, 1.0 min. total, 615.7 MB
frenzy_eggnog v3 232 games, 91643 moves, e=0.909, loss: nan, -, 30.3% elo% vs. random_bot, avg. reward: -15.003, 0.251 sec/game, 1.0 min. total, 617.4 MB
frenzy_eggnog v3 234 games, 92317 moves, e=0.909, loss: nan, -, 29.1% elo% vs. random_bot, avg. reward: -15.025, 0.249 sec/game, 1.0 min. total, 619.2 MB
frenzy_eggnog v3 236 games, 92961 moves, e=0.908, loss: nan, -, 28.0% elo% vs. random_bot, avg. reward: -15.094, 0.249 sec/game, 1.0 min. total, 621.3 MB
frenzy_eggnog v3 238 games, 93680 moves, e=0.907, loss: nan, -, 27.0% elo% vs. random_bot, avg. reward: -15.104, 0.249 sec/game, 1.0 min. total, 624.1 MB
frenzy_eggnog v3 240 games, 94295 moves, e=0.907, loss: nan, -, 26.0% elo% vs. random_bot, avg. reward: -15.148, 0.247 sec/game, 1.0 min. total, 626.4 MB
frenzy_eggnog v3 242 games, 94893 moves, e=0.906, loss: nan, -, 25.1% elo% vs. random_bot, avg. reward: -15.232, 0.247 sec/game, 1.0 min. total, 629.7 MB
frenzy_eggnog v3 244 games, 95644 moves, e=0.905, loss: nan, -, 24.3% elo% vs. random_bot, avg. reward: -15.192, 0.254 sec/game, 1.0 min. total, 632.7 MB
frenzy_eggnog v3 246 games, 96280 moves, e=0.905, loss: nan, -, 23.5% elo% vs. random_bot, avg. reward: -15.228, 0.253 sec/game, 1.0 min. total, 632.9 MB
frenzy_eggnog v3 248 games, 96886 moves, e=0.904, loss: nan, -, 22.7% elo% vs. random_bot, avg. reward: -15.249, 0.253 sec/game, 1.0 min. total, 634.2 MB
frenzy_eggnog v3 250 games, 97496 moves, e=0.903, loss: nan, -, 22.0% elo% vs. random_bot, avg. reward: -15.285, 0.253 sec/game, 1.0 min. total, 635.3 MB
frenzy_eggnog v3 252 games, 98076 moves, e=0.903, loss: nan, -, 21.3% elo% vs. random_bot, avg. reward: -15.354, 0.252 sec/game, 1.0 min. total, 636.8 MB
frenzy_eggnog v3 254 games, 98716 moves, e=0.902, loss: nan, -, 20.6% elo% vs. random_bot, avg. reward: -15.392, 0.252 sec/game, 1.1 min. total, 638.5 MB
frenzy_eggnog v3 256 games, 99350 moves, e=0.902, loss: nan, -, 20.0% elo% vs. random_bot, avg. reward: -15.445, 0.254 sec/game, 1.1 min. total, 640.8 MB
frenzy_eggnog v3 258 games, 100049 moves, e=0.901, loss: nan, ., 20.9% elo% vs. random_bot, avg. reward: -15.463, 0.253 sec/game, 1.1 min. total, 643.2 MB
frenzy_eggnog v3 260 games, 101136 moves, e=0.900, loss: 55.7, +, 23.4% elo% vs. random_bot, avg. reward: -15.355, 0.552 sec/game, 1.2 min. total, 686.5 MB
frenzy_eggnog v3 262 games, 102130 moves, e=0.899, loss: 32.5, +, 26.1% elo% vs. random_bot, avg. reward: -15.252, 0.770 sec/game, 1.3 min. total, 687.2 MB
frenzy_eggnog v3 264 games, 103207 moves, e=0.898, loss: 18.1, +, 28.8% elo% vs. random_bot, avg. reward: -15.131, 1.048 sec/game, 1.4 min. total, 688.4 MB
frenzy_eggnog v3 266 games, 104269 moves, e=0.897, loss: 12.8, +, 31.5% elo% vs. random_bot, avg. reward: -15.026, 1.298 sec/game, 1.5 min. total, 688.8 MB
frenzy_eggnog v3 268 games, 105232 moves, e=0.896, loss: 10.1, +, 34.3% elo% vs. random_bot, avg. reward: -14.951, 1.546 sec/game, 1.5 min. total, 689.1 MB
frenzy_eggnog v3 270 games, 106166 moves, e=0.895, loss: 9.0, -, 32.9% elo% vs. random_bot, avg. reward: -14.869, 1.761 sec/game, 1.6 min. total, 689.6 MB
frenzy_eggnog v3 272 games, 107292 moves, e=0.894, loss: 8.1, +, 35.7% elo% vs. random_bot, avg. reward: -14.745, 2.040 sec/game, 1.7 min. total, 689.9 MB
frenzy_eggnog v3 274 games, 108287 moves, e=0.893, loss: 7.6, +, 38.4% elo% vs. random_bot, avg. reward: -14.639, 2.258 sec/game, 1.8 min. total, 691.3 MB
frenzy_eggnog v3 276 games, 109455 moves, e=0.892, loss: 7.3, +, 41.2% elo% vs. random_bot, avg. reward: -14.524, 2.573 sec/game, 1.9 min. total, 691.2 MB
frenzy_eggnog v3 278 games, 110553 moves, e=0.891, loss: 6.8, +, 43.8% elo% vs. random_bot, avg. reward: -14.392, 2.821 sec/game, 2.0 min. total, 691.8 MB
frenzy_eggnog v3 280 games, 111567 moves, e=0.890, loss: 6.6, +, 46.4% elo% vs. random_bot, avg. reward: -14.343, 2.769 sec/game, 2.1 min. total, 692.3 MB
frenzy_eggnog v3 282 games, 112573 moves, e=0.889, loss: 6.1, +, 48.8% elo% vs. random_bot, avg. reward: -14.223, 2.808 sec/game, 2.2 min. total, 691.6 MB
frenzy_eggnog v3 284 games, 113488 moves, e=0.888, loss: 5.9, +, 51.2% elo% vs. random_bot, avg. reward: -14.126, 2.749 sec/game, 2.3 min. total, 691.4 MB
frenzy_eggnog v3 286 games, 114628 moves, e=0.887, loss: 5.8, +, 53.4% elo% vs. random_bot, avg. reward: -14.026, 2.783 sec/game, 2.4 min. total, 692.1 MB
frenzy_eggnog v3 288 games, 115677 moves, e=0.885, loss: 5.5, +, 55.6% elo% vs. random_bot, avg. reward: -13.908, 2.816 sec/game, 2.5 min. total, 693.9 MB
frenzy_eggnog v3 290 games, 116759 moves, e=0.884, loss: 5.4, +, 57.6% elo% vs. random_bot, avg. reward: -13.836, 2.911 sec/game, 2.6 min. total, 695.6 MB
frenzy_eggnog v3 292 games, 117743 moves, e=0.883, loss: 5.3, +, 59.5% elo% vs. random_bot, avg. reward: -13.748, 2.861 sec/game, 2.7 min. total, 695.5 MB
frenzy_eggnog v3 294 games, 118779 moves, e=0.882, loss: 5.4, +, 61.3% elo% vs. random_bot, avg. reward: -13.654, 2.904 sec/game, 2.8 min. total, 695.7 MB
frenzy_eggnog v3 296 games, 119832 moves, e=0.881, loss: 5.3, +, 62.9% elo% vs. random_bot, avg. reward: -13.575, 2.884 sec/game, 2.9 min. total, 696.4 MB
frenzy_eggnog v3 298 games, 120790 moves, e=0.880, loss: 5.0, +, 64.5% elo% vs. random_bot, avg. reward: -13.479, 2.870 sec/game, 3.0 min. total, 698.3 MB
frenzy_eggnog v3 300 games, 121791 moves, e=0.879, loss: 5.0, +, 66.0% elo% vs. random_bot, avg. reward: -13.377, 2.888 sec/game, 3.1 min. total, 698.5 MB
frenzy_eggnog v4 302 games, 122705 moves, e=0.879, loss: 4.9, +, 52.3% elo% vs. random_bot, avg. reward: -13.297, 2.862 sec/game, 3.1 min. total, 699.4 MB
frenzy_eggnog v4 304 games, 123753 moves, e=0.877, loss: 4.9, +, 54.5% elo% vs. random_bot, avg. reward: -13.191, 2.898 sec/game, 3.2 min. total, 699.8 MB
frenzy_eggnog v4 306 games, 124850 moves, e=0.876, loss: 4.9, +, 56.6% elo% vs. random_bot, avg. reward: -13.098, 2.902 sec/game, 3.3 min. total, 699.8 MB
frenzy_eggnog v4 308 games, 125987 moves, e=0.875, loss: 4.8, +, 58.5% elo% vs. random_bot, avg. reward: -12.922, 2.901 sec/game, 3.4 min. total, 699.8 MB
frenzy_eggnog v4 310 games, 127065 moves, e=0.874, loss: 4.9, +, 60.4% elo% vs. random_bot, avg. reward: -12.818, 2.843 sec/game, 3.5 min. total, 700.1 MB
frenzy_eggnog v4 312 games, 128246 moves, e=0.873, loss: 4.9, +, 62.1% elo% vs. random_bot, avg. reward: -12.669, 2.906 sec/game, 3.6 min. total, 700.0 MB
frenzy_eggnog v4 314 games, 129282 moves, e=0.872, loss: 4.8, +, 63.7% elo% vs. random_bot, avg. reward: -12.521, 2.924 sec/game, 3.7 min. total, 700.2 MB
frenzy_eggnog v4 316 games, 130382 moves, e=0.871, loss: 4.7, +, 65.2% elo% vs. random_bot, avg. reward: -12.438, 2.889 sec/game, 3.8 min. total, 700.2 MB
frenzy_eggnog v4 318 games, 131508 moves, e=0.870, loss: 4.8, +, 66.7% elo% vs. random_bot, avg. reward: -12.298, 2.945 sec/game, 3.9 min. total, 701.3 MB
frenzy_eggnog v4 320 games, 132527 moves, e=0.869, loss: 4.7, +, 68.0% elo% vs. random_bot, avg. reward: -12.208, 2.933 sec/game, 4.0 min. total, 701.4 MB
frenzy_eggnog v4 322 games, 133562 moves, e=0.868, loss: 4.6, +, 69.3% elo% vs. random_bot, avg. reward: -12.059, 2.956 sec/game, 4.1 min. total, 702.0 MB
frenzy_eggnog v4 324 games, 134644 moves, e=0.867, loss: 4.6, +, 70.5% elo% vs. random_bot, avg. reward: -11.936, 2.949 sec/game, 4.2 min. total, 704.9 MB
frenzy_eggnog v5 326 games, 135762 moves, e=0.866, loss: 4.4, +, 54.5% elo% vs. guard_bot, avg. reward: -11.844, 2.932 sec/game, 4.3 min. total, 759.9 MB
frenzy_eggnog v5 328 games, 136815 moves, e=0.865, loss: 4.4, +, 56.6% elo% vs. guard_bot, avg. reward: -11.655, 2.900 sec/game, 4.4 min. total, 760.7 MB
frenzy_eggnog v5 330 games, 137943 moves, e=0.863, loss: 4.4, +, 58.5% elo% vs. guard_bot, avg. reward: -11.533, 2.926 sec/game, 4.5 min. total, 761.5 MB
frenzy_eggnog v5 332 games, 139013 moves, e=0.862, loss: 4.3, +, 60.4% elo% vs. guard_bot, avg. reward: -11.444, 2.929 sec/game, 4.6 min. total, 761.8 MB
frenzy_eggnog v5 334 games, 140291 moves, e=0.861, loss: 4.5, +, 62.1% elo% vs. guard_bot, avg. reward: -11.295, 2.991 sec/game, 4.7 min. total, 762.7 MB
frenzy_eggnog v5 336 games, 141316 moves, e=0.860, loss: 4.4, +, 63.7% elo% vs. guard_bot, avg. reward: -11.174, 3.005 sec/game, 4.8 min. total, 765.5 MB
frenzy_eggnog v5 338 games, 142399 moves, e=0.859, loss: 4.4, +, 65.2% elo% vs. guard_bot, avg. reward: -11.062, 2.997 sec/game, 4.9 min. total, 766.0 MB
frenzy_eggnog v5 340 games, 143564 moves, e=0.858, loss: 4.5, +, 66.7% elo% vs. guard_bot, avg. reward: -10.915, 3.034 sec/game, 5.1 min. total, 766.8 MB
frenzy_eggnog v5 342 games, 144608 moves, e=0.857, loss: 4.5, +, 68.0% elo% vs. guard_bot, avg. reward: -10.764, 3.025 sec/game, 5.1 min. total, 767.5 MB
frenzy_eggnog v5 344 games, 145662 moves, e=0.856, loss: 4.5, +, 69.3% elo% vs. guard_bot, avg. reward: -10.675, 3.017 sec/game, 5.2 min. total, 770.6 MB
frenzy_eggnog v5 346 games, 146740 moves, e=0.855, loss: 4.4, +, 70.5% elo% vs. guard_bot, avg. reward: -10.544, 3.026 sec/game, 5.3 min. total, 770.9 MB
frenzy_eggnog v6 348 games, 147855 moves, e=0.854, loss: 4.3, -, 49.9% elo% vs. random_no_suicide, avg. reward: -10.401, 3.050 sec/game, 5.4 min. total, 770.1 MB
frenzy_eggnog v6 350 games, 148943 moves, e=0.853, loss: 4.2, -, 47.6% elo% vs. random_no_suicide, avg. reward: -10.251, 3.015 sec/game, 5.5 min. total, 772.0 MB
frenzy_eggnog v6 352 games, 149932 moves, e=0.852, loss: 4.2, -, 45.4% elo% vs. random_no_suicide, avg. reward: -10.096, 2.966 sec/game, 5.6 min. total, 772.5 MB
frenzy_eggnog v6 354 games, 151163 moves, e=0.850, loss: 4.2, -, 43.4% elo% vs. random_no_suicide, avg. reward: -9.925, 2.899 sec/game, 5.7 min. total, 772.5 MB
frenzy_eggnog v6 356 games, 152182 moves, e=0.849, loss: 4.2, -, 41.4% elo% vs. random_no_suicide, avg. reward: -9.786, 2.870 sec/game, 5.8 min. total, 774.5 MB
frenzy_eggnog v6 358 games, 153380 moves, e=0.848, loss: 4.1, -, 39.6% elo% vs. random_no_suicide, avg. reward: -9.689, 2.908 sec/game, 5.9 min. total, 775.1 MB
frenzy_eggnog v6 360 games, 154362 moves, e=0.847, loss: 4.1, -, 37.8% elo% vs. random_no_suicide, avg. reward: -9.710, 2.834 sec/game, 6.0 min. total, 775.3 MB
frenzy_eggnog v6 362 games, 155365 moves, e=0.846, loss: 4.1, -, 36.2% elo% vs. random_no_suicide, avg. reward: -9.696, 2.837 sec/game, 6.1 min. total, 775.9 MB
frenzy_eggnog v6 364 games, 156430 moves, e=0.845, loss: 4.2, -, 34.7% elo% vs. random_no_suicide, avg. reward: -9.706, 2.873 sec/game, 6.2 min. total, 775.4 MB
frenzy_eggnog v6 366 games, 157564 moves, e=0.844, loss: 4.2, -, 33.3% elo% vs. random_no_suicide, avg. reward: -9.678, 2.841 sec/game, 6.3 min. total, 775.6 MB
frenzy_eggnog v6 368 games, 158706 moves, e=0.843, loss: 4.2, -, 31.9% elo% vs. random_no_suicide, avg. reward: -9.647, 2.848 sec/game, 6.4 min. total, 776.4 MB
frenzy_eggnog v6 370 games, 159896 moves, e=0.842, loss: 4.1, -, 30.6% elo% vs. random_no_suicide, avg. reward: -9.602, 2.921 sec/game, 6.5 min. total, 776.9 MB
frenzy_eggnog v6 372 games, 161028 moves, e=0.841, loss: 4.3, -, 29.5% elo% vs. random_no_suicide, avg. reward: -9.603, 2.978 sec/game, 6.6 min. total, 778.4 MB
frenzy_eggnog v6 374 games, 162176 moves, e=0.839, loss: 4.2, +, 32.2% elo% vs. random_no_suicide, avg. reward: -9.574, 3.085 sec/game, 6.7 min. total, 779.5 MB
frenzy_eggnog v6 376 games, 163320 moves, e=0.838, loss: 4.2, -, 30.9% elo% vs. random_no_suicide, avg. reward: -9.580, 3.116 sec/game, 6.8 min. total, 780.4 MB
frenzy_eggnog v6 378 games, 164472 moves, e=0.837, loss: 4.3, +, 33.7% elo% vs. random_no_suicide, avg. reward: -9.581, 3.090 sec/game, 6.9 min. total, 780.9 MB
frenzy_eggnog v6 380 games, 165539 moves, e=0.836, loss: 4.2, -, 32.4% elo% vs. random_no_suicide, avg. reward: -9.560, 3.187 sec/game, 7.1 min. total, 781.6 MB
frenzy_eggnog v6 382 games, 166638 moves, e=0.835, loss: 4.3, +, 35.1% elo% vs. random_no_suicide, avg. reward: -9.557, 3.199 sec/game, 7.2 min. total, 783.7 MB
frenzy_eggnog v6 384 games, 167750 moves, e=0.834, loss: 4.3, -, 33.7% elo% vs. random_no_suicide, avg. reward: -9.514, 3.199 sec/game, 7.3 min. total, 783.4 MB
frenzy_eggnog v6 386 games, 168773 moves, e=0.833, loss: 4.3, -, 32.3% elo% vs. random_no_suicide, avg. reward: -9.534, 3.202 sec/game, 7.3 min. total, 783.8 MB
frenzy_eggnog v6 388 games, 169842 moves, e=0.832, loss: 4.2, -, 31.0% elo% vs. random_no_suicide, avg. reward: -9.529, 3.179 sec/game, 7.4 min. total, 785.7 MB
frenzy_eggnog v6 390 games, 170986 moves, e=0.831, loss: 4.2, -, 29.8% elo% vs. random_no_suicide, avg. reward: -9.513, 3.156 sec/game, 7.5 min. total, 785.3 MB
frenzy_eggnog v6 392 games, 172033 moves, e=0.830, loss: 4.2, -, 28.7% elo% vs. random_no_suicide, avg. reward: -9.484, 3.133 sec/game, 7.6 min. total, 785.8 MB
frenzy_eggnog v6 394 games, 173308 moves, e=0.828, loss: 4.2, ., 29.5% elo% vs. random_no_suicide, avg. reward: -9.448, 3.043 sec/game, 7.8 min. total, 776.1 MB
frenzy_eggnog v6 396 games, 174532 moves, e=0.827, loss: 4.3, -, 28.4% elo% vs. random_no_suicide, avg. reward: -9.439, 3.096 sec/game, 7.9 min. total, 776.7 MB
frenzy_eggnog v6 398 games, 175700 moves, e=0.826, loss: 4.3, -, 27.3% elo% vs. random_no_suicide, avg. reward: -9.407, 3.090 sec/game, 8.0 min. total, 777.0 MB
frenzy_eggnog v6 400 games, 176793 moves, e=0.825, loss: 4.3, +, 30.1% elo% vs. random_no_suicide, avg. reward: -9.389, 3.064 sec/game, 8.1 min. total, 777.9 MB
frenzy_eggnog v7 402 games, 177998 moves, e=0.824, loss: 4.3, -, 47.7% elo% vs. random_no_suicide, avg. reward: -9.352, 3.101 sec/game, 8.2 min. total, 778.3 MB
frenzy_eggnog v7 404 games, 179015 moves, e=0.823, loss: 4.2, -, 45.5% elo% vs. random_no_suicide, avg. reward: -9.328, 3.070 sec/game, 8.3 min. total, 778.7 MB
frenzy_eggnog v7 406 games, 180180 moves, e=0.822, loss: 4.3, -, 43.4% elo% vs. random_no_suicide, avg. reward: -9.328, 3.107 sec/game, 8.4 min. total, 780.3 MB
frenzy_eggnog v7 408 games, 181436 moves, e=0.820, loss: 4.3, -, 41.5% elo% vs. random_no_suicide, avg. reward: -9.301, 3.171 sec/game, 8.5 min. total, 780.9 MB
frenzy_eggnog v7 410 games, 182638 moves, e=0.819, loss: 4.4, ., 41.9% elo% vs. random_no_suicide, avg. reward: -9.273, 3.165 sec/game, 8.6 min. total, 781.7 MB
frenzy_eggnog v7 412 games, 183816 moves, e=0.818, loss: 4.4, -, 40.0% elo% vs. random_no_suicide, avg. reward: -9.274, 3.206 sec/game, 8.7 min. total, 781.9 MB
frenzy_eggnog v7 414 games, 184925 moves, e=0.817, loss: 4.4, -, 38.2% elo% vs. random_no_suicide, avg. reward: -9.276, 3.168 sec/game, 8.8 min. total, 782.3 MB
frenzy_eggnog v7 416 games, 185843 moves, e=0.816, loss: 4.4, -, 36.6% elo% vs. random_no_suicide, avg. reward: -9.291, 3.062 sec/game, 8.9 min. total, 783.7 MB
frenzy_eggnog v7 418 games, 187087 moves, e=0.815, loss: 4.4, +, 39.3% elo% vs. random_no_suicide, avg. reward: -9.264, 3.091 sec/game, 9.0 min. total, 788.6 MB
frenzy_eggnog v7 420 games, 188241 moves, e=0.814, loss: 4.5, -, 37.6% elo% vs. random_no_suicide, avg. reward: -9.238, 3.092 sec/game, 9.1 min. total, 788.6 MB
frenzy_eggnog v7 422 games, 189312 moves, e=0.813, loss: 4.5, -, 36.0% elo% vs. random_no_suicide, avg. reward: -9.219, 3.077 sec/game, 9.2 min. total, 789.4 MB
frenzy_eggnog v7 424 games, 190483 moves, e=0.811, loss: 4.4, -, 34.5% elo% vs. random_no_suicide, avg. reward: -9.193, 3.112 sec/game, 9.3 min. total, 790.9 MB
frenzy_eggnog v7 426 games, 191704 moves, e=0.810, loss: 4.4, -, 33.1% elo% vs. random_no_suicide, avg. reward: -9.160, 3.117 sec/game, 9.4 min. total, 790.3 MB
frenzy_eggnog v7 428 games, 192729 moves, e=0.809, loss: 4.3, -, 31.7% elo% vs. random_no_suicide, avg. reward: -9.169, 3.050 sec/game, 9.5 min. total, 790.2 MB
frenzy_eggnog v7 430 games, 193952 moves, e=0.808, loss: 4.3, +, 34.5% elo% vs. random_no_suicide, avg. reward: -9.148, 3.081 sec/game, 9.6 min. total, 791.4 MB
frenzy_eggnog v7 432 games, 195116 moves, e=0.807, loss: 4.3, +, 37.3% elo% vs. random_no_suicide, avg. reward: -9.112, 3.053 sec/game, 9.7 min. total, 792.0 MB
frenzy_eggnog v7 434 games, 196363 moves, e=0.806, loss: 4.4, -, 35.7% elo% vs. random_no_suicide, avg. reward: -9.106, 3.116 sec/game, 9.8 min. total, 792.6 MB
frenzy_eggnog v7 436 games, 197546 moves, e=0.804, loss: 4.4, -, 34.2% elo% vs. random_no_suicide, avg. reward: -9.076, 3.192 sec/game, 10.0 min. total, 794.4 MB
frenzy_eggnog v7 438 games, 198761 moves, e=0.803, loss: 4.5, +, 37.0% elo% vs. random_no_suicide, avg. reward: -9.059, 3.185 sec/game, 10.1 min. total, 796.6 MB
frenzy_eggnog v7 440 games, 200075 moves, e=0.802, loss: 4.4, +, 39.7% elo% vs. random_no_suicide, avg. reward: -9.036, 3.277 sec/game, 10.2 min. total, 795.1 MB
frenzy_eggnog v7 442 games, 201317 moves, e=0.801, loss: 4.4, -, 38.0% elo% vs. random_no_suicide, avg. reward: -9.012, 3.288 sec/game, 10.3 min. total, 797.7 MB
frenzy_eggnog v7 444 games, 202395 moves, e=0.800, loss: 4.4, -, 36.4% elo% vs. random_no_suicide, avg. reward: -8.993, 3.294 sec/game, 10.4 min. total, 797.8 MB
frenzy_eggnog v7 446 games, 203632 moves, e=0.798, loss: 4.4, +, 39.1% elo% vs. random_no_suicide, avg. reward: -8.963, 3.288 sec/game, 10.5 min. total, 799.8 MB
frenzy_eggnog v7 448 games, 204975 moves, e=0.797, loss: 4.4, -, 37.4% elo% vs. random_no_suicide, avg. reward: -8.934, 3.392 sec/game, 10.6 min. total, 799.0 MB
frenzy_eggnog v7 450 games, 206153 moves, e=0.796, loss: 4.4, +, 40.2% elo% vs. random_no_suicide, avg. reward: -8.913, 3.366 sec/game, 10.8 min. total, 799.6 MB
frenzy_eggnog v7 452 games, 207315 moves, e=0.795, loss: 4.5, -, 38.4% elo% vs. random_no_suicide, avg. reward: -8.881, 3.360 sec/game, 10.9 min. total, 801.6 MB
frenzy_eggnog v7 454 games, 208461 moves, e=0.794, loss: 4.5, +, 41.1% elo% vs. random_no_suicide, avg. reward: -8.875, 3.328 sec/game, 11.0 min. total, 803.5 MB
frenzy_eggnog v7 456 games, 209667 moves, e=0.792, loss: 4.5, +, 43.8% elo% vs. random_no_suicide, avg. reward: -8.850, 3.356 sec/game, 11.1 min. total, 804.1 MB
frenzy_eggnog v7 458 games, 211104 moves, e=0.791, loss: 4.5, +, 46.3% elo% vs. random_no_suicide, avg. reward: -8.799, 3.402 sec/game, 11.2 min. total, 804.8 MB
frenzy_eggnog v7 460 games, 212353 moves, e=0.790, loss: 4.4, +, 48.8% elo% vs. random_no_suicide, avg. reward: -8.751, 3.347 sec/game, 11.3 min. total, 805.8 MB
frenzy_eggnog v7 462 games, 213482 moves, e=0.789, loss: 4.5, +, 51.1% elo% vs. random_no_suicide, avg. reward: -8.721, 3.319 sec/game, 11.4 min. total, 807.5 MB
frenzy_eggnog v7 464 games, 214752 moves, e=0.787, loss: 4.4, +, 53.4% elo% vs. random_no_suicide, avg. reward: -8.686, 3.351 sec/game, 11.5 min. total, 806.8 MB
frenzy_eggnog v7 466 games, 215934 moves, e=0.786, loss: 4.4, +, 55.5% elo% vs. random_no_suicide, avg. reward: -8.676, 3.354 sec/game, 11.6 min. total, 809.6 MB
frenzy_eggnog v7 468 games, 217058 moves, e=0.785, loss: 4.4, ., 55.3% elo% vs. random_no_suicide, avg. reward: -8.677, 3.291 sec/game, 11.7 min. total, 807.9 MB
frenzy_eggnog v7 470 games, 218425 moves, e=0.784, loss: 4.5, +, 57.3% elo% vs. random_no_suicide, avg. reward: -8.644, 3.356 sec/game, 11.9 min. total, 810.6 MB
frenzy_eggnog v7 472 games, 219631 moves, e=0.783, loss: 4.5, +, 59.2% elo% vs. random_no_suicide, avg. reward: -8.646, 3.359 sec/game, 12.0 min. total, 811.7 MB
frenzy_eggnog v7 474 games, 220785 moves, e=0.781, loss: 4.5, +, 61.0% elo% vs. random_no_suicide, avg. reward: -8.649, 3.368 sec/game, 12.1 min. total, 810.2 MB
frenzy_eggnog v7 476 games, 221896 moves, e=0.780, loss: 4.5, +, 62.7% elo% vs. random_no_suicide, avg. reward: -8.653, 3.335 sec/game, 12.2 min. total, 813.2 MB
frenzy_eggnog v7 478 games, 223075 moves, e=0.779, loss: 4.5, +, 64.3% elo% vs. random_no_suicide, avg. reward: -8.645, 3.269 sec/game, 12.3 min. total, 814.3 MB
frenzy_eggnog v7 480 games, 224338 moves, e=0.778, loss: 4.5, +, 65.8% elo% vs. random_no_suicide, avg. reward: -8.621, 3.276 sec/game, 12.4 min. total, 813.1 MB
frenzy_eggnog v7 482 games, 225614 moves, e=0.777, loss: 4.4, +, 67.2% elo% vs. random_no_suicide, avg. reward: -8.584, 3.335 sec/game, 12.5 min. total, 811.8 MB
frenzy_eggnog v7 484 games, 226877 moves, e=0.775, loss: 4.4, +, 68.5% elo% vs. random_no_suicide, avg. reward: -8.572, 3.332 sec/game, 12.6 min. total, 816.4 MB
frenzy_eggnog v7 486 games, 228224 moves, e=0.774, loss: 4.3, +, 69.8% elo% vs. random_no_suicide, avg. reward: -8.520, 3.399 sec/game, 12.8 min. total, 813.3 MB
frenzy_eggnog v7 488 games, 229548 moves, e=0.773, loss: 4.2, +, 70.9% elo% vs. random_no_suicide, avg. reward: -8.484, 3.436 sec/game, 12.9 min. total, 815.1 MB
frenzy_eggnog v8 490 games, 230785 moves, e=0.772, loss: 4.2, -, 45.5% elo% vs. simple_bot, avg. reward: -8.479, 3.400 sec/game, 13.0 min. total, 826.5 MB
frenzy_eggnog v8 492 games, 231996 moves, e=0.770, loss: 4.2, -, 43.4% elo% vs. simple_bot, avg. reward: -8.459, 3.392 sec/game, 13.1 min. total, 825.7 MB
frenzy_eggnog v8 494 games, 233117 moves, e=0.769, loss: 4.2, -, 41.5% elo% vs. simple_bot, avg. reward: -8.478, 3.380 sec/game, 13.2 min. total, 828.4 MB
frenzy_eggnog v8 496 games, 234342 moves, e=0.768, loss: 4.3, -, 39.6% elo% vs. simple_bot, avg. reward: -8.469, 3.379 sec/game, 13.3 min. total, 828.1 MB
frenzy_eggnog v8 498 games, 235485 moves, e=0.767, loss: 4.4, -, 37.9% elo% vs. simple_bot, avg. reward: -8.456, 3.371 sec/game, 13.4 min. total, 828.7 MB
frenzy_eggnog v8 500 games, 236828 moves, e=0.766, loss: 4.5, -, 36.3% elo% vs. simple_bot, avg. reward: -8.413, 3.387 sec/game, 13.5 min. total, 829.3 MB
frenzy_eggnog v9 502 games, 238130 moves, e=0.764, loss: 4.5, -, 47.7% elo% vs. simple_bot, avg. reward: -8.395, 3.387 sec/game, 13.7 min. total, 829.0 MB
frenzy_eggnog v9 504 games, 239184 moves, e=0.763, loss: 4.4, -, 45.5% elo% vs. simple_bot, avg. reward: -8.400, 3.319 sec/game, 13.7 min. total, 829.4 MB
frenzy_eggnog v9 506 games, 240421 moves, e=0.762, loss: 4.3, -, 43.4% elo% vs. simple_bot, avg. reward: -8.379, 3.283 sec/game, 13.9 min. total, 830.6 MB
frenzy_eggnog v9 508 games, 241690 moves, e=0.761, loss: 4.4, -, 41.5% elo% vs. simple_bot, avg. reward: -8.379, 3.270 sec/game, 14.0 min. total, 831.4 MB
frenzy_eggnog v9 510 games, 242952 moves, e=0.759, loss: 4.2, -, 39.6% elo% vs. simple_bot, avg. reward: -8.362, 3.270 sec/game, 14.1 min. total, 832.9 MB
frenzy_eggnog v9 512 games, 244152 moves, e=0.758, loss: 4.2, -, 37.9% elo% vs. simple_bot, avg. reward: -8.344, 3.279 sec/game, 14.2 min. total, 832.5 MB
frenzy_eggnog v9 514 games, 245417 moves, e=0.757, loss: 4.2, -, 36.3% elo% vs. simple_bot, avg. reward: -8.314, 3.319 sec/game, 14.3 min. total, 832.5 MB
frenzy_eggnog v9 516 games, 246634 moves, e=0.756, loss: 4.2, -, 34.8% elo% vs. simple_bot, avg. reward: -8.273, 3.316 sec/game, 14.4 min. total, 834.0 MB
frenzy_eggnog v9 518 games, 247959 moves, e=0.755, loss: 4.2, -, 33.3% elo% vs. simple_bot, avg. reward: -8.273, 3.379 sec/game, 14.5 min. total, 834.2 MB
frenzy_eggnog v9 520 games, 249223 moves, e=0.753, loss: 4.2, -, 32.0% elo% vs. simple_bot, avg. reward: -8.263, 3.351 sec/game, 14.7 min. total, 835.0 MB
frenzy_eggnog v9 522 games, 250448 moves, e=0.752, loss: 4.1, -, 30.7% elo% vs. simple_bot, avg. reward: -8.244, 3.317 sec/game, 14.8 min. total, 836.5 MB
frenzy_eggnog v9 524 games, 251693 moves, e=0.751, loss: 4.2, -, 29.5% elo% vs. simple_bot, avg. reward: -8.236, 3.382 sec/game, 14.9 min. total, 837.1 MB
frenzy_eggnog v9 526 games, 252999 moves, e=0.750, loss: 4.1, -, 28.4% elo% vs. simple_bot, avg. reward: -8.242, 3.381 sec/game, 15.0 min. total, 836.4 MB
frenzy_eggnog v9 528 games, 254308 moves, e=0.748, loss: 4.2, -, 27.3% elo% vs. simple_bot, avg. reward: -8.203, 3.385 sec/game, 15.1 min. total, 836.7 MB
frenzy_eggnog v9 530 games, 255471 moves, e=0.747, loss: 4.1, -, 26.4% elo% vs. simple_bot, avg. reward: -8.215, 3.352 sec/game, 15.2 min. total, 836.7 MB
frenzy_eggnog v9 532 games, 256835 moves, e=0.746, loss: 4.1, -, 25.4% elo% vs. simple_bot, avg. reward: -8.187, 3.427 sec/game, 15.3 min. total, 836.5 MB
frenzy_eggnog v9 534 games, 258079 moves, e=0.745, loss: 4.1, -, 24.5% elo% vs. simple_bot, avg. reward: -8.181, 3.422 sec/game, 15.5 min. total, 836.3 MB
frenzy_eggnog v9 536 games, 259346 moves, e=0.743, loss: 4.0, -, 23.7% elo% vs. simple_bot, avg. reward: -8.164, 3.457 sec/game, 15.6 min. total, 839.1 MB
frenzy_eggnog v9 538 games, 260722 moves, e=0.742, loss: 4.1, -, 22.9% elo% vs. simple_bot, avg. reward: -8.127, 3.434 sec/game, 15.7 min. total, 839.2 MB
frenzy_eggnog v9 540 games, 262202 moves, e=0.740, loss: 4.1, -, 22.2% elo% vs. simple_bot, avg. reward: -8.102, 3.499 sec/game, 15.8 min. total, 841.6 MB
frenzy_eggnog v9 542 games, 263658 moves, e=0.739, loss: 4.1, -, 21.5% elo% vs. simple_bot, avg. reward: -8.081, 3.574 sec/game, 16.0 min. total, 840.8 MB
frenzy_eggnog v9 544 games, 265087 moves, e=0.738, loss: 4.1, -, 20.8% elo% vs. simple_bot, avg. reward: -8.038, 3.610 sec/game, 16.1 min. total, 841.4 MB
frenzy_eggnog v9 546 games, 266620 moves, e=0.736, loss: 4.2, -, 20.2% elo% vs. simple_bot, avg. reward: -8.007, 3.675 sec/game, 16.2 min. total, 843.1 MB
frenzy_eggnog v9 548 games, 267781 moves, e=0.735, loss: 4.0, -, 19.6% elo% vs. simple_bot, avg. reward: -8.026, 3.668 sec/game, 16.3 min. total, 844.1 MB
frenzy_eggnog v9 550 games, 269007 moves, e=0.734, loss: 4.1, -, 19.1% elo% vs. simple_bot, avg. reward: -8.014, 3.672 sec/game, 16.4 min. total, 843.9 MB
frenzy_eggnog v9 552 games, 270390 moves, e=0.732, loss: 4.1, -, 18.5% elo% vs. simple_bot, avg. reward: -7.972, 3.661 sec/game, 16.6 min. total, 844.1 MB
frenzy_eggnog v9 554 games, 271809 moves, e=0.731, loss: 4.1, -, 18.0% elo% vs. simple_bot, avg. reward: -7.958, 3.693 sec/game, 16.7 min. total, 844.8 MB
frenzy_eggnog v9 556 games, 273021 moves, e=0.730, loss: 4.1, -, 17.5% elo% vs. simple_bot, avg. reward: -7.956, 3.659 sec/game, 16.8 min. total, 845.7 MB
frenzy_eggnog v9 558 games, 274222 moves, e=0.729, loss: 4.0, -, 17.1% elo% vs. simple_bot, avg. reward: -7.976, 3.654 sec/game, 16.9 min. total, 845.9 MB
frenzy_eggnog v9 560 games, 275639 moves, e=0.727, loss: 4.0, -, 16.6% elo% vs. simple_bot, avg. reward: -7.967, 3.619 sec/game, 17.0 min. total, 847.1 MB
frenzy_eggnog v9 562 games, 276901 moves, e=0.726, loss: 4.0, -, 16.2% elo% vs. simple_bot, avg. reward: -7.945, 3.573 sec/game, 17.1 min. total, 848.9 MB
frenzy_eggnog v9 564 games, 278231 moves, e=0.725, loss: 4.0, -, 15.8% elo% vs. simple_bot, avg. reward: -7.935, 3.537 sec/game, 17.3 min. total, 849.2 MB
frenzy_eggnog v9 566 games, 279364 moves, e=0.723, loss: 4.2, -, 15.4% elo% vs. simple_bot, avg. reward: -7.957, 3.434 sec/game, 17.4 min. total, 849.3 MB
frenzy_eggnog v9 568 games, 280861 moves, e=0.722, loss: 4.0, -, 15.1% elo% vs. simple_bot, avg. reward: -7.902, 3.510 sec/game, 17.5 min. total, 849.7 MB
frenzy_eggnog v9 570 games, 282231 moves, e=0.721, loss: 4.0, -, 14.7% elo% vs. simple_bot, avg. reward: -7.892, 3.541 sec/game, 17.6 min. total, 850.1 MB
frenzy_eggnog v9 572 games, 283656 moves, e=0.719, loss: 4.0, -, 14.4% elo% vs. simple_bot, avg. reward: -7.850, 3.565 sec/game, 17.7 min. total, 851.6 MB
frenzy_eggnog v9 574 games, 285243 moves, e=0.718, loss: 3.9, -, 14.0% elo% vs. simple_bot, avg. reward: -7.796, 3.601 sec/game, 17.9 min. total, 852.5 MB
frenzy_eggnog v9 576 games, 286684 moves, e=0.716, loss: 4.0, -, 13.7% elo% vs. simple_bot, avg. reward: -7.758, 3.667 sec/game, 18.0 min. total, 853.3 MB
frenzy_eggnog v9 578 games, 287970 moves, e=0.715, loss: 4.2, -, 13.4% elo% vs. simple_bot, avg. reward: -7.731, 3.675 sec/game, 18.1 min. total, 853.6 MB
frenzy_eggnog v9 580 games, 289434 moves, e=0.713, loss: 4.1, -, 13.1% elo% vs. simple_bot, avg. reward: -7.692, 3.709 sec/game, 18.3 min. total, 854.2 MB
frenzy_eggnog v9 582 games, 290662 moves, e=0.712, loss: 4.1, -, 12.9% elo% vs. simple_bot, avg. reward: -7.695, 3.683 sec/game, 18.4 min. total, 856.3 MB
frenzy_eggnog v9 584 games, 291843 moves, e=0.711, loss: 4.1, -, 12.6% elo% vs. simple_bot, avg. reward: -7.690, 3.680 sec/game, 18.5 min. total, 856.7 MB
frenzy_eggnog v9 586 games, 293248 moves, e=0.710, loss: 4.0, -, 12.4% elo% vs. simple_bot, avg. reward: -7.695, 3.758 sec/game, 18.6 min. total, 857.8 MB
frenzy_eggnog v9 588 games, 294440 moves, e=0.709, loss: 4.0, -, 12.1% elo% vs. simple_bot, avg. reward: -7.718, 3.664 sec/game, 18.7 min. total, 859.1 MB
frenzy_eggnog v9 590 games, 295766 moves, e=0.707, loss: 4.0, -, 11.9% elo% vs. simple_bot, avg. reward: -7.681, 3.686 sec/game, 18.8 min. total, 860.1 MB
frenzy_eggnog v9 592 games, 297300 moves, e=0.706, loss: 3.9, -, 11.7% elo% vs. simple_bot, avg. reward: -7.638, 3.694 sec/game, 19.0 min. total, 863.2 MB
frenzy_eggnog v9 594 games, 298786 moves, e=0.704, loss: 3.9, -, 11.4% elo% vs. simple_bot, avg. reward: -7.596, 7.946 sec/game, 20.5 min. total, 864.0 MB
frenzy_eggnog v9 596 games, 300319 moves, e=0.703, loss: 4.1, -, 11.2% elo% vs. simple_bot, avg. reward: -7.566, 7.996 sec/game, 20.7 min. total, 864.8 MB
frenzy_eggnog v9 598 games, 301739 moves, e=0.701, loss: 4.1, -, 11.0% elo% vs. simple_bot, avg. reward: -7.539, 8.079 sec/game, 20.8 min. total, 865.7 MB
