pulsate_salute v0 0 games, 0 moves, e=1.000, loss: nan,  , 50.0% elo% vs. , avg. reward: nan, nan sec/game, 0.0 min. total, 318.1 MB
pulsate_salute v1 1 games, 604 moves, e=0.999, loss: nan, +, 52.3% elo% vs. v0, avg. reward: -11.820, 0.234 sec/game, 0.0 min. total, 319.8 MB
pulsate_salute v1 2 games, 1208 moves, e=0.999, loss: nan, +, 54.5% elo% vs. v0, avg. reward: -11.907, 0.226 sec/game, 0.0 min. total, 323.3 MB
pulsate_salute v1 3 games, 1866 moves, e=0.998, loss: nan, +, 56.6% elo% vs. v0, avg. reward: -11.538, 0.218 sec/game, 0.0 min. total, 327.7 MB
pulsate_salute v1 4 games, 2668 moves, e=0.997, loss: nan, +, 58.5% elo% vs. v0, avg. reward: -10.862, 0.228 sec/game, 0.0 min. total, 332.2 MB
pulsate_salute v1 5 games, 3400 moves, e=0.997, loss: nan, +, 60.4% elo% vs. v0, avg. reward: -10.649, 0.228 sec/game, 0.0 min. total, 337.2 MB
pulsate_salute v1 6 games, 4085 moves, e=0.996, loss: nan, -, 57.7% elo% vs. v0, avg. reward: -10.646, 0.226 sec/game, 0.0 min. total, 341.0 MB
pulsate_salute v1 7 games, 4864 moves, e=0.995, loss: nan, -, 55.1% elo% vs. v0, avg. reward: -10.439, 0.229 sec/game, 0.0 min. total, 345.5 MB
pulsate_salute v1 8 games, 5504 moves, e=0.995, loss: nan, -, 52.5% elo% vs. v0, avg. reward: -10.527, 0.232 sec/game, 0.0 min. total, 350.4 MB
pulsate_salute v1 9 games, 6257 moves, e=0.994, loss: nan, ., 52.4% elo% vs. v0, avg. reward: -10.436, 0.232 sec/game, 0.0 min. total, 354.3 MB
pulsate_salute v1 10 games, 7071 moves, e=0.993, loss: nan, +, 54.6% elo% vs. v0, avg. reward: -10.252, 0.234 sec/game, 0.0 min. total, 358.7 MB
pulsate_salute v1 11 games, 7753 moves, e=0.992, loss: nan, -, 52.1% elo% vs. v0, avg. reward: -10.297, 0.233 sec/game, 0.0 min. total, 364.3 MB
pulsate_salute v1 12 games, 8530 moves, e=0.992, loss: nan, +, 54.3% elo% vs. v0, avg. reward: -10.206, 0.234 sec/game, 0.0 min. total, 368.5 MB
pulsate_salute v1 13 games, 9392 moves, e=0.991, loss: nan, -, 51.8% elo% vs. v0, avg. reward: -10.063, 0.237 sec/game, 0.1 min. total, 369.0 MB
pulsate_salute v1 14 games, 10094 moves, e=0.990, loss: nan, +, 54.0% elo% vs. v0, avg. reward: -10.067, 0.237 sec/game, 0.1 min. total, 369.5 MB
pulsate_salute v1 15 games, 10707 moves, e=0.989, loss: nan, +, 56.1% elo% vs. v0, avg. reward: -10.170, 0.236 sec/game, 0.1 min. total, 369.9 MB
pulsate_salute v1 16 games, 11302 moves, e=0.989, loss: nan, -, 53.5% elo% vs. v0, avg. reward: -10.302, 0.233 sec/game, 0.1 min. total, 371.3 MB
pulsate_salute v1 17 games, 11913 moves, e=0.988, loss: nan, -, 51.1% elo% vs. v0, avg. reward: -10.407, 0.232 sec/game, 0.1 min. total, 372.9 MB
pulsate_salute v1 18 games, 12601 moves, e=0.988, loss: nan, -, 48.7% elo% vs. v0, avg. reward: -10.409, 0.233 sec/game, 0.1 min. total, 375.4 MB
pulsate_salute v1 19 games, 13255 moves, e=0.987, loss: nan, -, 46.5% elo% vs. v0, avg. reward: -10.440, 0.232 sec/game, 0.1 min. total, 378.2 MB
pulsate_salute v1 20 games, 13919 moves, e=0.986, loss: nan, +, 49.0% elo% vs. v0, avg. reward: -10.444, 0.232 sec/game, 0.1 min. total, 380.7 MB
pulsate_salute v1 21 games, 14740 moves, e=0.985, loss: nan, -, 46.7% elo% vs. v0, avg. reward: -10.363, 0.234 sec/game, 0.1 min. total, 384.4 MB
pulsate_salute v1 22 games, 15387 moves, e=0.985, loss: nan, ., 46.9% elo% vs. v0, avg. reward: -10.399, 0.234 sec/game, 0.1 min. total, 388.4 MB
pulsate_salute v1 23 games, 16082 moves, e=0.984, loss: nan, -, 44.7% elo% vs. v0, avg. reward: -10.384, 0.237 sec/game, 0.1 min. total, 392.4 MB
pulsate_salute v1 24 games, 16796 moves, e=0.983, loss: nan, -, 42.7% elo% vs. v0, avg. reward: -10.363, 0.236 sec/game, 0.1 min. total, 397.3 MB
pulsate_salute v1 25 games, 17538 moves, e=0.983, loss: nan, +, 45.3% elo% vs. v0, avg. reward: -10.335, 0.243 sec/game, 0.1 min. total, 398.0 MB
pulsate_salute v1 26 games, 18331 moves, e=0.982, loss: nan, +, 47.8% elo% vs. v0, avg. reward: -10.288, 0.250 sec/game, 0.1 min. total, 398.7 MB
pulsate_salute v1 27 games, 19055 moves, e=0.981, loss: nan, +, 50.2% elo% vs. v0, avg. reward: -10.275, 0.250 sec/game, 0.1 min. total, 400.3 MB
pulsate_salute v1 28 games, 19771 moves, e=0.980, loss: nan, ., 50.2% elo% vs. v0, avg. reward: -10.274, 0.249 sec/game, 0.1 min. total, 401.3 MB
pulsate_salute v1 29 games, 20598 moves, e=0.980, loss: nan, -, 47.9% elo% vs. v0, avg. reward: -10.213, 0.259 sec/game, 0.1 min. total, 403.4 MB
pulsate_salute v1 30 games, 21326 moves, e=0.979, loss: nan, -, 45.7% elo% vs. v0, avg. reward: -10.196, 0.260 sec/game, 0.1 min. total, 405.9 MB
pulsate_salute v1 31 games, 21987 moves, e=0.978, loss: nan, -, 43.6% elo% vs. v0, avg. reward: -10.215, 0.262 sec/game, 0.1 min. total, 408.4 MB
pulsate_salute v1 32 games, 22541 moves, e=0.978, loss: nan, +, 46.2% elo% vs. v0, avg. reward: -10.304, 0.261 sec/game, 0.1 min. total, 410.6 MB
pulsate_salute v1 33 games, 23263 moves, e=0.977, loss: nan, +, 48.6% elo% vs. v0, avg. reward: -10.289, 0.260 sec/game, 0.1 min. total, 412.9 MB
pulsate_salute v1 34 games, 23995 moves, e=0.976, loss: nan, -, 46.4% elo% vs. v0, avg. reward: -10.276, 0.261 sec/game, 0.1 min. total, 416.1 MB
pulsate_salute v1 35 games, 24621 moves, e=0.976, loss: nan, -, 44.3% elo% vs. v0, avg. reward: -10.313, 0.263 sec/game, 0.1 min. total, 419.2 MB
pulsate_salute v1 36 games, 25415 moves, e=0.975, loss: nan, +, 46.8% elo% vs. v0, avg. reward: -10.272, 0.266 sec/game, 0.2 min. total, 424.2 MB
pulsate_salute v1 37 games, 26121 moves, e=0.974, loss: nan, +, 49.3% elo% vs. v0, avg. reward: -10.266, 0.267 sec/game, 0.2 min. total, 427.9 MB
pulsate_salute v1 38 games, 26778 moves, e=0.973, loss: nan, ., 49.3% elo% vs. v0, avg. reward: -10.277, 0.267 sec/game, 0.2 min. total, 428.7 MB
pulsate_salute v1 39 games, 27471 moves, e=0.973, loss: nan, +, 51.6% elo% vs. v0, avg. reward: -10.281, 0.269 sec/game, 0.2 min. total, 428.8 MB
pulsate_salute v1 40 games, 28091 moves, e=0.972, loss: nan, +, 53.9% elo% vs. v0, avg. reward: -10.310, 0.269 sec/game, 0.2 min. total, 430.0 MB
pulsate_salute v1 41 games, 28727 moves, e=0.972, loss: nan, -, 51.4% elo% vs. v0, avg. reward: -10.334, 0.267 sec/game, 0.2 min. total, 431.4 MB
pulsate_salute v1 42 games, 29428 moves, e=0.971, loss: nan, -, 49.0% elo% vs. v0, avg. reward: -10.329, 0.267 sec/game, 0.2 min. total, 433.6 MB
pulsate_salute v1 43 games, 30098 moves, e=0.970, loss: nan, -, 46.8% elo% vs. v0, avg. reward: -10.338, 0.266 sec/game, 0.2 min. total, 435.5 MB
pulsate_salute v1 44 games, 30688 moves, e=0.970, loss: nan, -, 44.6% elo% vs. v0, avg. reward: -10.378, 0.264 sec/game, 0.2 min. total, 436.9 MB
pulsate_salute v1 45 games, 31366 moves, e=0.969, loss: nan, -, 42.6% elo% vs. v0, avg. reward: -10.375, 0.256 sec/game, 0.2 min. total, 439.6 MB
pulsate_salute v1 46 games, 32061 moves, e=0.968, loss: nan, +, 45.2% elo% vs. v0, avg. reward: -10.365, 0.251 sec/game, 0.2 min. total, 442.0 MB
pulsate_salute v1 47 games, 32755 moves, e=0.968, loss: nan, ., 45.4% elo% vs. v0, avg. reward: -10.365, 0.250 sec/game, 0.2 min. total, 444.6 MB
pulsate_salute v1 48 games, 33415 moves, e=0.967, loss: nan, +, 47.9% elo% vs. v0, avg. reward: -10.372, 0.248 sec/game, 0.2 min. total, 447.9 MB
pulsate_salute v1 49 games, 34149 moves, e=0.966, loss: nan, +, 50.3% elo% vs. v0, avg. reward: -10.357, 0.239 sec/game, 0.2 min. total, 452.4 MB
pulsate_salute v1 50 games, 34857 moves, e=0.965, loss: nan, -, 48.0% elo% vs. v0, avg. reward: -10.359, 0.237 sec/game, 0.2 min. total, 456.5 MB
pulsate_salute v1 51 games, 35569 moves, e=0.965, loss: nan, +, 50.4% elo% vs. v0, avg. reward: -10.352, 0.241 sec/game, 0.2 min. total, 456.7 MB
pulsate_salute v1 52 games, 36175 moves, e=0.964, loss: nan, -, 48.1% elo% vs. v0, avg. reward: -10.384, 0.241 sec/game, 0.2 min. total, 457.8 MB
pulsate_salute v1 53 games, 36954 moves, e=0.963, loss: nan, +, 50.5% elo% vs. v0, avg. reward: -10.363, 0.242 sec/game, 0.2 min. total, 459.8 MB
pulsate_salute v1 54 games, 37667 moves, e=0.963, loss: nan, +, 52.8% elo% vs. v0, avg. reward: -10.359, 0.243 sec/game, 0.2 min. total, 461.6 MB
pulsate_salute v1 55 games, 38381 moves, e=0.962, loss: nan, +, 54.9% elo% vs. v0, avg. reward: -10.353, 0.242 sec/game, 0.2 min. total, 463.3 MB
pulsate_salute v1 56 games, 39111 moves, e=0.961, loss: nan, -, 52.4% elo% vs. v0, avg. reward: -10.342, 0.243 sec/game, 0.2 min. total, 465.2 MB
pulsate_salute v1 57 games, 39873 moves, e=0.961, loss: nan, -, 50.0% elo% vs. v0, avg. reward: -10.328, 0.244 sec/game, 0.2 min. total, 467.5 MB
pulsate_salute v1 58 games, 40563 moves, e=0.960, loss: nan, -, 47.7% elo% vs. v0, avg. reward: -10.328, 0.246 sec/game, 0.2 min. total, 469.6 MB
pulsate_salute v1 59 games, 41279 moves, e=0.959, loss: nan, -, 45.5% elo% vs. v0, avg. reward: -10.318, 0.245 sec/game, 0.2 min. total, 473.4 MB
pulsate_salute v1 60 games, 42023 moves, e=0.958, loss: nan, +, 48.0% elo% vs. v0, avg. reward: -10.308, 0.247 sec/game, 0.2 min. total, 477.7 MB
pulsate_salute v1 61 games, 42745 moves, e=0.958, loss: nan, +, 50.4% elo% vs. v0, avg. reward: -10.299, 0.250 sec/game, 0.3 min. total, 482.6 MB
pulsate_salute v1 62 games, 43591 moves, e=0.957, loss: nan, +, 52.7% elo% vs. v0, avg. reward: -10.264, 0.254 sec/game, 0.3 min. total, 486.9 MB
pulsate_salute v1 63 games, 44391 moves, e=0.956, loss: nan, +, 54.8% elo% vs. v0, avg. reward: -10.238, 0.258 sec/game, 0.3 min. total, 487.5 MB
pulsate_salute v1 64 games, 45133 moves, e=0.955, loss: nan, +, 56.9% elo% vs. v0, avg. reward: -10.225, 0.261 sec/game, 0.3 min. total, 488.8 MB
pulsate_salute v1 65 games, 45823 moves, e=0.955, loss: nan, +, 58.8% elo% vs. v0, avg. reward: -10.229, 0.265 sec/game, 0.3 min. total, 490.7 MB
pulsate_salute v1 66 games, 46559 moves, e=0.954, loss: nan, -, 56.2% elo% vs. v0, avg. reward: -10.221, 0.266 sec/game, 0.3 min. total, 492.5 MB
pulsate_salute v1 67 games, 47253 moves, e=0.953, loss: nan, -, 53.6% elo% vs. v0, avg. reward: -10.223, 0.268 sec/game, 0.3 min. total, 493.9 MB
pulsate_salute v1 68 games, 47997 moves, e=0.952, loss: nan, -, 51.2% elo% vs. v0, avg. reward: -10.215, 0.271 sec/game, 0.3 min. total, 495.9 MB
pulsate_salute v1 69 games, 48669 moves, e=0.952, loss: nan, +, 53.4% elo% vs. v0, avg. reward: -10.222, 0.271 sec/game, 0.3 min. total, 497.5 MB
pulsate_salute v1 70 games, 49279 moves, e=0.951, loss: nan, +, 55.5% elo% vs. v0, avg. reward: -10.245, 0.271 sec/game, 0.3 min. total, 499.4 MB
pulsate_salute v1 71 games, 49943 moves, e=0.951, loss: nan, -, 53.0% elo% vs. v0, avg. reward: -10.249, 0.265 sec/game, 0.3 min. total, 501.1 MB
pulsate_salute v1 72 games, 50654 moves, e=0.950, loss: nan, ., 52.9% elo% vs. v0, avg. reward: -10.246, 0.270 sec/game, 0.3 min. total, 503.9 MB
pulsate_salute v1 73 games, 51316 moves, e=0.949, loss: nan, +, 55.0% elo% vs. v0, avg. reward: -10.258, 0.270 sec/game, 0.3 min. total, 506.9 MB
pulsate_salute v1 74 games, 52034 moves, e=0.948, loss: nan, -, 52.5% elo% vs. v0, avg. reward: -10.257, 0.269 sec/game, 0.3 min. total, 511.7 MB
pulsate_salute v1 75 games, 52760 moves, e=0.948, loss: nan, -, 50.1% elo% vs. v0, avg. reward: -10.254, 0.271 sec/game, 0.3 min. total, 515.3 MB
pulsate_salute v1 76 games, 53530 moves, e=0.947, loss: nan, +, 52.4% elo% vs. v0, avg. reward: -10.246, 0.271 sec/game, 0.3 min. total, 515.9 MB
pulsate_salute v1 77 games, 54300 moves, e=0.946, loss: nan, +, 54.6% elo% vs. v0, avg. reward: -10.231, 0.274 sec/game, 0.3 min. total, 517.5 MB
pulsate_salute v1 78 games, 54961 moves, e=0.946, loss: nan, +, 56.6% elo% vs. v0, avg. reward: -10.239, 0.274 sec/game, 0.3 min. total, 518.9 MB
pulsate_salute v1 79 games, 55651 moves, e=0.945, loss: nan, -, 54.0% elo% vs. v0, avg. reward: -10.237, 0.277 sec/game, 0.3 min. total, 520.7 MB
pulsate_salute v1 80 games, 56341 moves, e=0.944, loss: nan, +, 56.1% elo% vs. v0, avg. reward: -10.238, 0.277 sec/game, 0.3 min. total, 522.2 MB
pulsate_salute v1 81 games, 57114 moves, e=0.943, loss: nan, -, 53.6% elo% vs. v0, avg. reward: -10.226, 0.280 sec/game, 0.3 min. total, 524.3 MB
pulsate_salute v1 82 games, 57842 moves, e=0.943, loss: nan, ., 53.4% elo% vs. v0, avg. reward: -10.220, 0.277 sec/game, 0.4 min. total, 526.2 MB
pulsate_salute v1 83 games, 58544 moves, e=0.942, loss: nan, +, 55.5% elo% vs. v0, avg. reward: -10.220, 0.275 sec/game, 0.4 min. total, 528.7 MB
pulsate_salute v1 84 games, 59312 moves, e=0.941, loss: nan, +, 57.6% elo% vs. v0, avg. reward: -10.210, 0.278 sec/game, 0.4 min. total, 532.2 MB
pulsate_salute v1 85 games, 60128 moves, e=0.940, loss: nan, -, 54.9% elo% vs. v0, avg. reward: -10.192, 0.282 sec/game, 0.4 min. total, 536.7 MB
pulsate_salute v1 86 games, 60791 moves, e=0.940, loss: nan, -, 52.4% elo% vs. v0, avg. reward: -10.199, 0.283 sec/game, 0.4 min. total, 540.4 MB
pulsate_salute v1 87 games, 61564 moves, e=0.939, loss: nan, +, 54.6% elo% vs. v0, avg. reward: -10.187, 0.285 sec/game, 0.4 min. total, 544.9 MB
pulsate_salute v1 88 games, 62258 moves, e=0.938, loss: nan, -, 52.1% elo% vs. v0, avg. reward: -10.190, 0.286 sec/game, 0.4 min. total, 547.0 MB
pulsate_salute v1 89 games, 62953 moves, e=0.938, loss: nan, ., 52.0% elo% vs. v0, avg. reward: -10.190, 0.287 sec/game, 0.4 min. total, 547.4 MB
pulsate_salute v1 90 games, 63627 moves, e=0.937, loss: nan, ., 51.9% elo% vs. v0, avg. reward: -10.197, 0.288 sec/game, 0.4 min. total, 548.6 MB
pulsate_salute v1 91 games, 64312 moves, e=0.936, loss: nan, -, 49.5% elo% vs. v0, avg. reward: -10.199, 0.291 sec/game, 0.4 min. total, 549.9 MB
pulsate_salute v1 92 games, 64985 moves, e=0.936, loss: nan, +, 51.9% elo% vs. v0, avg. reward: -10.208, 0.289 sec/game, 0.4 min. total, 551.9 MB
pulsate_salute v1 93 games, 65845 moves, e=0.935, loss: nan, -, 49.5% elo% vs. v0, avg. reward: -10.187, 0.294 sec/game, 0.4 min. total, 553.9 MB
pulsate_salute v1 94 games, 66623 moves, e=0.934, loss: nan, +, 51.8% elo% vs. v0, avg. reward: -10.175, 0.297 sec/game, 0.4 min. total, 556.1 MB
pulsate_salute v1 95 games, 67376 moves, e=0.933, loss: nan, -, 49.4% elo% vs. v0, avg. reward: -10.166, 0.299 sec/game, 0.4 min. total, 558.2 MB
pulsate_salute v1 96 games, 68173 moves, e=0.933, loss: nan, -, 47.1% elo% vs. v0, avg. reward: -10.154, 0.303 sec/game, 0.4 min. total, 560.6 MB
pulsate_salute v1 97 games, 68936 moves, e=0.932, loss: nan, +, 49.6% elo% vs. v0, avg. reward: -10.142, 0.303 sec/game, 0.4 min. total, 563.0 MB
pulsate_salute v1 98 games, 69581 moves, e=0.931, loss: nan, +, 51.9% elo% vs. v0, avg. reward: -10.152, 0.303 sec/game, 0.4 min. total, 567.1 MB
pulsate_salute v1 99 games, 70359 moves, e=0.930, loss: nan, -, 49.5% elo% vs. v0, avg. reward: -10.145, 0.308 sec/game, 0.4 min. total, 571.7 MB
pulsate_salute v1 100 games, 71141 moves, e=0.930, loss: nan, +, 51.8% elo% vs. v0, avg. reward: -10.133, 0.313 sec/game, 0.4 min. total, 575.5 MB
pulsate_salute v2 101 games, 71917 moves, e=0.929, loss: nan, +, 52.3% elo% vs. v0, avg. reward: -10.107, 0.313 sec/game, 0.5 min. total, 576.5 MB
pulsate_salute v2 102 games, 72633 moves, e=0.928, loss: nan, +, 54.5% elo% vs. v0, avg. reward: -10.087, 0.321 sec/game, 0.5 min. total, 577.8 MB
pulsate_salute v2 103 games, 73358 moves, e=0.927, loss: nan, -, 52.0% elo% vs. v0, avg. reward: -10.078, 0.324 sec/game, 0.5 min. total, 580.0 MB
pulsate_salute v2 104 games, 74146 moves, e=0.927, loss: nan, -, 49.6% elo% vs. v0, avg. reward: -10.079, 0.324 sec/game, 0.5 min. total, 581.8 MB
pulsate_salute v2 105 games, 74845 moves, e=0.926, loss: nan, -, 47.3% elo% vs. v0, avg. reward: -10.080, 0.322 sec/game, 0.5 min. total, 583.4 MB
pulsate_salute v2 106 games, 75559 moves, e=0.925, loss: nan, -, 45.1% elo% vs. v0, avg. reward: -10.076, 0.323 sec/game, 0.5 min. total, 585.2 MB
pulsate_salute v2 107 games, 76369 moves, e=0.924, loss: nan, -, 43.1% elo% vs. v0, avg. reward: -10.073, 0.323 sec/game, 0.5 min. total, 587.5 MB
pulsate_salute v2 108 games, 77158 moves, e=0.924, loss: nan, +, 45.7% elo% vs. v0, avg. reward: -10.052, 0.327 sec/game, 0.5 min. total, 589.9 MB
pulsate_salute v2 109 games, 77942 moves, e=0.923, loss: nan, +, 48.2% elo% vs. v0, avg. reward: -10.043, 0.331 sec/game, 0.5 min. total, 594.0 MB
pulsate_salute v2 110 games, 78654 moves, e=0.922, loss: nan, -, 46.0% elo% vs. v0, avg. reward: -10.060, 0.336 sec/game, 0.5 min. total, 598.3 MB
pulsate_salute v2 111 games, 79462 moves, e=0.921, loss: nan, -, 43.9% elo% vs. v0, avg. reward: -10.041, 0.338 sec/game, 0.5 min. total, 603.5 MB
pulsate_salute v2 112 games, 80261 moves, e=0.921, loss: nan, +, 46.4% elo% vs. v0, avg. reward: -10.038, 0.344 sec/game, 0.5 min. total, 606.1 MB
pulsate_salute v2 113 games, 81011 moves, e=0.920, loss: nan, -, 44.3% elo% vs. v0, avg. reward: -10.047, 0.344 sec/game, 0.5 min. total, 607.0 MB
pulsate_salute v2 114 games, 81796 moves, e=0.919, loss: nan, +, 46.9% elo% vs. v0, avg. reward: -10.037, 0.347 sec/game, 0.5 min. total, 608.6 MB
pulsate_salute v2 115 games, 82634 moves, e=0.918, loss: nan, -, 44.7% elo% vs. v0, avg. reward: -10.001, 0.351 sec/game, 0.5 min. total, 610.9 MB
pulsate_salute v2 116 games, 83378 moves, e=0.917, loss: nan, -, 42.7% elo% vs. v0, avg. reward: -9.976, 0.351 sec/game, 0.5 min. total, 612.5 MB
pulsate_salute v2 117 games, 84099 moves, e=0.917, loss: nan, +, 45.3% elo% vs. v0, avg. reward: -9.956, 0.353 sec/game, 0.5 min. total, 614.2 MB
pulsate_salute v2 118 games, 84764 moves, e=0.916, loss: nan, +, 47.8% elo% vs. v0, avg. reward: -9.954, 0.353 sec/game, 0.6 min. total, 615.6 MB
pulsate_salute v2 119 games, 85468 moves, e=0.915, loss: nan, -, 45.6% elo% vs. v0, avg. reward: -9.944, 0.349 sec/game, 0.6 min. total, 618.1 MB
pulsate_salute v2 120 games, 86177 moves, e=0.915, loss: nan, -, 43.5% elo% vs. v0, avg. reward: -9.940, 0.352 sec/game, 0.6 min. total, 620.4 MB
pulsate_salute v2 121 games, 86886 moves, e=0.914, loss: nan, -, 41.6% elo% vs. v0, avg. reward: -9.952, 0.351 sec/game, 0.6 min. total, 623.9 MB
pulsate_salute v2 122 games, 87641 moves, e=0.913, loss: nan, +, 44.2% elo% vs. v0, avg. reward: -9.935, 0.348 sec/game, 0.6 min. total, 627.7 MB
pulsate_salute v2 123 games, 88384 moves, e=0.912, loss: nan, +, 46.8% elo% vs. v0, avg. reward: -9.931, 0.350 sec/game, 0.6 min. total, 632.7 MB
pulsate_salute v2 124 games, 89087 moves, e=0.912, loss: nan, +, 49.2% elo% vs. v0, avg. reward: -9.932, 0.351 sec/game, 0.6 min. total, 635.8 MB
pulsate_salute v2 125 games, 89955 moves, e=0.911, loss: nan, +, 51.5% elo% vs. v0, avg. reward: -9.917, 0.355 sec/game, 0.6 min. total, 636.6 MB
pulsate_salute v2 126 games, 90698 moves, e=0.910, loss: nan, +, 53.8% elo% vs. v0, avg. reward: -9.923, 0.357 sec/game, 0.6 min. total, 638.3 MB
pulsate_salute v2 127 games, 91352 moves, e=0.910, loss: nan, +, 55.9% elo% vs. v0, avg. reward: -9.935, 0.358 sec/game, 0.6 min. total, 639.8 MB
pulsate_salute v2 128 games, 92132 moves, e=0.909, loss: nan, +, 57.9% elo% vs. v0, avg. reward: -9.925, 0.359 sec/game, 0.6 min. total, 642.2 MB
pulsate_salute v2 129 games, 92839 moves, e=0.908, loss: nan, +, 59.7% elo% vs. v0, avg. reward: -9.942, 0.358 sec/game, 0.6 min. total, 643.7 MB
pulsate_salute v2 130 games, 93536 moves, e=0.907, loss: nan, +, 61.5% elo% vs. v0, avg. reward: -9.948, 0.359 sec/game, 0.6 min. total, 645.8 MB
pulsate_salute v2 131 games, 94318 moves, e=0.907, loss: nan, -, 58.8% elo% vs. v0, avg. reward: -9.933, 0.360 sec/game, 0.6 min. total, 647.6 MB
pulsate_salute v2 132 games, 95050 moves, e=0.906, loss: nan, +, 60.6% elo% vs. v0, avg. reward: -9.899, 0.359 sec/game, 0.6 min. total, 649.9 MB
pulsate_salute v2 133 games, 95857 moves, e=0.905, loss: nan, ., 60.2% elo% vs. v0, avg. reward: -9.889, 0.359 sec/game, 0.6 min. total, 653.8 MB
pulsate_salute v2 134 games, 96563 moves, e=0.904, loss: nan, -, 57.5% elo% vs. v0, avg. reward: -9.895, 0.357 sec/game, 0.6 min. total, 657.5 MB
pulsate_salute v2 135 games, 97348 moves, e=0.904, loss: nan, +, 59.4% elo% vs. v0, avg. reward: -9.867, 0.355 sec/game, 0.7 min. total, 662.3 MB
pulsate_salute v2 136 games, 98163 moves, e=0.903, loss: nan, ., 59.0% elo% vs. v0, avg. reward: -9.865, 0.359 sec/game, 0.7 min. total, 666.2 MB
pulsate_salute v2 137 games, 98945 moves, e=0.902, loss: nan, +, 60.8% elo% vs. v0, avg. reward: -9.856, 0.360 sec/game, 0.7 min. total, 667.3 MB
pulsate_salute v2 138 games, 99709 moves, e=0.901, loss: nan, -, 58.1% elo% vs. v0, avg. reward: -9.844, 0.372 sec/game, 0.7 min. total, 669.2 MB
pulsate_salute v2 139 games, 100456 moves, e=0.901, loss: 64.2, -, 55.5% elo% vs. v0, avg. reward: -9.833, 0.545 sec/game, 0.7 min. total, 709.0 MB
pulsate_salute v2 140 games, 101212 moves, e=0.900, loss: 43.8, -, 52.9% elo% vs. v0, avg. reward: -9.809, 0.811 sec/game, 0.8 min. total, 702.5 MB
pulsate_salute v2 141 games, 102039 moves, e=0.899, loss: 24.1, -, 50.5% elo% vs. v0, avg. reward: -9.779, 1.102 sec/game, 0.9 min. total, 702.9 MB
pulsate_salute v2 142 games, 102665 moves, e=0.898, loss: 15.5, -, 48.2% elo% vs. v0, avg. reward: -9.794, 1.303 sec/game, 1.0 min. total, 703.1 MB
pulsate_salute v2 143 games, 103468 moves, e=0.898, loss: 9.6, -, 45.9% elo% vs. v0, avg. reward: -9.773, 1.552 sec/game, 1.1 min. total, 703.6 MB
pulsate_salute v2 144 games, 104092 moves, e=0.897, loss: 6.9, -, 43.9% elo% vs. v0, avg. reward: -9.766, 1.769 sec/game, 1.2 min. total, 703.9 MB
pulsate_salute v2 145 games, 104903 moves, e=0.896, loss: 5.1, +, 46.4% elo% vs. v0, avg. reward: -9.748, 2.022 sec/game, 1.3 min. total, 704.7 MB
pulsate_salute v2 146 games, 105757 moves, e=0.895, loss: 3.9, +, 48.9% elo% vs. v0, avg. reward: -9.729, 2.311 sec/game, 1.4 min. total, 706.1 MB
pulsate_salute v2 147 games, 106465 moves, e=0.895, loss: 3.4, -, 46.6% elo% vs. v0, avg. reward: -9.727, 2.516 sec/game, 1.4 min. total, 706.6 MB
pulsate_salute v2 148 games, 107261 moves, e=0.894, loss: 3.2, -, 44.5% elo% vs. v0, avg. reward: -9.708, 2.763 sec/game, 1.5 min. total, 706.1 MB
pulsate_salute v2 149 games, 108015 moves, e=0.893, loss: 3.1, -, 42.5% elo% vs. v0, avg. reward: -9.707, 3.033 sec/game, 1.6 min. total, 705.2 MB
pulsate_salute v2 150 games, 108794 moves, e=0.892, loss: 3.1, -, 40.6% elo% vs. v0, avg. reward: -9.693, 3.285 sec/game, 1.7 min. total, 705.4 MB
pulsate_salute v2 151 games, 109572 moves, e=0.892, loss: 2.9, -, 38.8% elo% vs. v0, avg. reward: -9.681, 3.584 sec/game, 1.8 min. total, 705.5 MB
pulsate_salute v2 152 games, 110395 moves, e=0.891, loss: 2.9, -, 37.1% elo% vs. v0, avg. reward: -9.646, 3.841 sec/game, 1.9 min. total, 705.5 MB
pulsate_salute v2 153 games, 111028 moves, e=0.890, loss: 2.9, -, 35.5% elo% vs. v0, avg. reward: -9.664, 4.060 sec/game, 2.0 min. total, 701.1 MB
pulsate_salute v2 154 games, 111857 moves, e=0.889, loss: 2.9, -, 34.0% elo% vs. v0, avg. reward: -9.647, 4.327 sec/game, 2.1 min. total, 700.9 MB
pulsate_salute v2 155 games, 112642 moves, e=0.888, loss: 2.9, +, 36.8% elo% vs. v0, avg. reward: -9.637, 4.629 sec/game, 2.2 min. total, 701.9 MB
pulsate_salute v2 156 games, 113467 moves, e=0.888, loss: 3.0, -, 35.3% elo% vs. v0, avg. reward: -9.628, 4.880 sec/game, 2.3 min. total, 701.2 MB
pulsate_salute v2 157 games, 114331 moves, e=0.887, loss: 2.9, -, 33.8% elo% vs. v0, avg. reward: -9.614, 5.173 sec/game, 2.4 min. total, 703.3 MB
pulsate_salute v2 158 games, 114940 moves, e=0.886, loss: 2.9, -, 32.4% elo% vs. v0, avg. reward: -9.628, 5.329 sec/game, 2.5 min. total, 705.5 MB
pulsate_salute v2 159 games, 115539 moves, e=0.886, loss: 2.8, -, 31.1% elo% vs. v0, avg. reward: -9.647, 5.383 sec/game, 2.5 min. total, 704.4 MB
pulsate_salute v2 160 games, 116335 moves, e=0.885, loss: 2.7, -, 29.9% elo% vs. v0, avg. reward: -9.637, 5.360 sec/game, 2.6 min. total, 704.8 MB
pulsate_salute v2 161 games, 117039 moves, e=0.884, loss: 2.8, -, 28.8% elo% vs. v0, avg. reward: -9.641, 5.318 sec/game, 2.7 min. total, 706.7 MB
pulsate_salute v2 162 games, 117851 moves, e=0.883, loss: 2.7, -, 27.7% elo% vs. v0, avg. reward: -9.647, 5.369 sec/game, 2.8 min. total, 705.5 MB
pulsate_salute v2 163 games, 118595 moves, e=0.883, loss: 2.8, +, 30.4% elo% vs. v0, avg. reward: -9.655, 5.369 sec/game, 2.9 min. total, 706.5 MB
pulsate_salute v2 164 games, 119362 moves, e=0.882, loss: 2.8, -, 29.3% elo% vs. v0, avg. reward: -9.657, 5.400 sec/game, 3.0 min. total, 707.2 MB
pulsate_salute v2 165 games, 120101 moves, e=0.881, loss: 2.7, -, 28.2% elo% vs. v0, avg. reward: -9.650, 5.394 sec/game, 3.1 min. total, 707.9 MB
pulsate_salute v2 166 games, 120786 moves, e=0.880, loss: 2.7, -, 27.1% elo% vs. v0, avg. reward: -9.659, 5.331 sec/game, 3.1 min. total, 708.1 MB
pulsate_salute v2 167 games, 121494 moves, e=0.880, loss: 2.7, +, 29.9% elo% vs. v0, avg. reward: -9.659, 5.390 sec/game, 3.2 min. total, 708.1 MB
pulsate_salute v2 168 games, 122287 moves, e=0.879, loss: 2.7, -, 28.7% elo% vs. v0, avg. reward: -9.651, 5.403 sec/game, 3.3 min. total, 708.6 MB
pulsate_salute v2 169 games, 122969 moves, e=0.878, loss: 2.6, +, 31.5% elo% vs. v0, avg. reward: -9.648, 5.341 sec/game, 3.4 min. total, 710.8 MB
pulsate_salute v2 170 games, 123809 moves, e=0.877, loss: 2.6, +, 34.3% elo% vs. v0, avg. reward: -9.611, 5.391 sec/game, 3.5 min. total, 713.9 MB
pulsate_salute v2 171 games, 124419 moves, e=0.877, loss: 2.6, -, 32.9% elo% vs. v0, avg. reward: -9.620, 5.299 sec/game, 3.6 min. total, 713.1 MB
pulsate_salute v2 172 games, 125166 moves, e=0.876, loss: 2.7, -, 31.5% elo% vs. v0, avg. reward: -9.615, 5.246 sec/game, 3.7 min. total, 713.2 MB
pulsate_salute v2 173 games, 125915 moves, e=0.875, loss: 2.7, -, 30.3% elo% vs. v0, avg. reward: -9.596, 5.275 sec/game, 3.8 min. total, 713.9 MB
pulsate_salute v2 174 games, 126569 moves, e=0.875, loss: 2.7, -, 29.1% elo% vs. v0, avg. reward: -9.606, 5.211 sec/game, 3.8 min. total, 714.1 MB
pulsate_salute v2 175 games, 127287 moves, e=0.874, loss: 2.9, -, 28.0% elo% vs. v0, avg. reward: -9.606, 5.170 sec/game, 3.9 min. total, 714.2 MB
pulsate_salute v2 176 games, 128106 moves, e=0.873, loss: 2.8, -, 27.0% elo% vs. v0, avg. reward: -9.596, 5.170 sec/game, 4.0 min. total, 714.7 MB
pulsate_salute v2 177 games, 128869 moves, e=0.872, loss: 2.7, -, 26.0% elo% vs. v0, avg. reward: -9.598, 5.125 sec/game, 4.1 min. total, 715.1 MB
pulsate_salute v2 178 games, 129660 moves, e=0.872, loss: 2.9, -, 25.1% elo% vs. v0, avg. reward: -9.577, 5.214 sec/game, 4.2 min. total, 714.8 MB
pulsate_salute v2 179 games, 130384 moves, e=0.871, loss: 2.9, -, 24.3% elo% vs. v0, avg. reward: -9.575, 5.236 sec/game, 4.3 min. total, 715.0 MB
pulsate_salute v2 180 games, 131250 moves, e=0.870, loss: 3.0, -, 23.4% elo% vs. v0, avg. reward: -9.555, 5.303 sec/game, 4.4 min. total, 716.2 MB
pulsate_salute v2 181 games, 132058 moves, e=0.869, loss: 3.0, -, 22.7% elo% vs. v0, avg. reward: -9.548, 5.306 sec/game, 4.5 min. total, 718.7 MB
pulsate_salute v2 182 games, 132828 moves, e=0.869, loss: 2.9, -, 22.0% elo% vs. v0, avg. reward: -9.541, 5.308 sec/game, 4.6 min. total, 719.9 MB
pulsate_salute v2 183 games, 133617 moves, e=0.868, loss: 2.9, -, 21.3% elo% vs. v0, avg. reward: -9.527, 5.309 sec/game, 4.7 min. total, 719.8 MB
pulsate_salute v2 184 games, 134460 moves, e=0.867, loss: 2.7, -, 20.6% elo% vs. v0, avg. reward: -9.518, 5.357 sec/game, 4.8 min. total, 720.4 MB
pulsate_salute v2 185 games, 135181 moves, e=0.866, loss: 2.7, -, 20.0% elo% vs. v0, avg. reward: -9.531, 5.364 sec/game, 4.9 min. total, 721.8 MB
pulsate_salute v2 186 games, 135960 moves, e=0.865, loss: 2.7, +, 22.5% elo% vs. v0, avg. reward: -9.516, 5.478 sec/game, 5.0 min. total, 721.2 MB
pulsate_salute v2 187 games, 136814 moves, e=0.865, loss: 2.8, +, 25.1% elo% vs. v0, avg. reward: -9.508, 5.467 sec/game, 5.1 min. total, 721.6 MB
pulsate_salute v2 188 games, 137591 moves, e=0.864, loss: 2.6, -, 24.2% elo% vs. v0, avg. reward: -9.497, 5.457 sec/game, 5.2 min. total, 722.6 MB
pulsate_salute v2 189 games, 138337 moves, e=0.863, loss: 2.7, +, 26.9% elo% vs. v0, avg. reward: -9.492, 5.513 sec/game, 5.2 min. total, 724.6 MB
pulsate_salute v2 190 games, 139220 moves, e=0.862, loss: 2.6, -, 25.9% elo% vs. v0, avg. reward: -9.461, 5.517 sec/game, 5.4 min. total, 724.0 MB
pulsate_salute v2 191 games, 140001 moves, e=0.861, loss: 2.6, +, 28.6% elo% vs. v0, avg. reward: -9.450, 5.561 sec/game, 5.4 min. total, 725.9 MB
pulsate_salute v2 192 games, 140914 moves, e=0.860, loss: 2.5, -, 27.5% elo% vs. v0, avg. reward: -9.416, 5.655 sec/game, 5.5 min. total, 724.1 MB
pulsate_salute v2 193 games, 141693 moves, e=0.860, loss: 2.7, +, 30.3% elo% vs. v0, avg. reward: -9.424, 5.669 sec/game, 5.6 min. total, 725.7 MB
pulsate_salute v2 194 games, 142467 moves, e=0.859, loss: 2.5, -, 29.1% elo% vs. v0, avg. reward: -9.427, 5.772 sec/game, 5.8 min. total, 725.3 MB
pulsate_salute v2 195 games, 143191 moves, e=0.858, loss: 2.6, +, 31.9% elo% vs. v0, avg. reward: -9.431, 5.728 sec/game, 5.8 min. total, 716.5 MB
pulsate_salute v2 196 games, 144024 moves, e=0.857, loss: 2.5, +, 34.7% elo% vs. v0, avg. reward: -9.425, 5.786 sec/game, 5.9 min. total, 715.8 MB
pulsate_salute v2 197 games, 144796 moves, e=0.857, loss: 2.6, +, 37.4% elo% vs. v0, avg. reward: -9.426, 5.788 sec/game, 6.0 min. total, 715.1 MB
pulsate_salute v2 198 games, 145589 moves, e=0.856, loss: 2.7, +, 40.2% elo% vs. v0, avg. reward: -9.406, 5.801 sec/game, 6.1 min. total, 716.7 MB
pulsate_salute v2 199 games, 146374 moves, e=0.855, loss: 2.7, +, 42.8% elo% vs. v0, avg. reward: -9.404, 5.817 sec/game, 6.2 min. total, 717.7 MB
pulsate_salute v2 200 games, 147129 moves, e=0.854, loss: 2.7, +, 45.4% elo% vs. v0, avg. reward: -9.411, 5.763 sec/game, 6.3 min. total, 717.4 MB
pulsate_salute v3 201 games, 147896 moves, e=0.854, loss: 2.7, -, 47.7% elo% vs. v0, avg. reward: -9.412, 5.763 sec/game, 6.4 min. total, 717.6 MB
pulsate_salute v3 202 games, 148729 moves, e=0.853, loss: 2.6, -, 45.5% elo% vs. v0, avg. reward: -9.395, 5.778 sec/game, 6.5 min. total, 718.0 MB
pulsate_salute v3 203 games, 149459 moves, e=0.852, loss: 2.7, -, 43.4% elo% vs. v0, avg. reward: -9.394, 5.779 sec/game, 6.6 min. total, 719.5 MB
pulsate_salute v3 204 games, 150232 moves, e=0.851, loss: 2.6, +, 46.0% elo% vs. v0, avg. reward: -9.393, 5.736 sec/game, 6.7 min. total, 720.6 MB
pulsate_salute v3 205 games, 151017 moves, e=0.850, loss: 2.5, -, 43.9% elo% vs. v0, avg. reward: -9.386, 5.736 sec/game, 6.8 min. total, 723.0 MB
pulsate_salute v3 206 games, 151896 moves, e=0.850, loss: 2.6, +, 46.5% elo% vs. v0, avg. reward: -9.365, 5.705 sec/game, 6.9 min. total, 722.4 MB
pulsate_salute v3 207 games, 152834 moves, e=0.849, loss: 2.7, +, 48.9% elo% vs. v0, avg. reward: -9.351, 5.804 sec/game, 7.0 min. total, 722.4 MB
pulsate_salute v3 208 games, 153711 moves, e=0.848, loss: 2.7, -, 46.7% elo% vs. v0, avg. reward: -9.338, 5.821 sec/game, 7.1 min. total, 723.3 MB
pulsate_salute v3 209 games, 154548 moves, e=0.847, loss: 2.8, +, 49.1% elo% vs. v0, avg. reward: -9.335, 5.860 sec/game, 7.2 min. total, 723.2 MB
pulsate_salute v3 210 games, 155306 moves, e=0.846, loss: 2.7, +, 51.5% elo% vs. v0, avg. reward: -9.327, 5.807 sec/game, 7.3 min. total, 723.5 MB
pulsate_salute v3 211 games, 156019 moves, e=0.846, loss: 2.7, +, 53.7% elo% vs. v0, avg. reward: -9.338, 5.766 sec/game, 7.4 min. total, 724.9 MB
pulsate_salute v3 212 games, 156940 moves, e=0.845, loss: 2.6, +, 55.8% elo% vs. v0, avg. reward: -9.323, 5.818 sec/game, 7.5 min. total, 728.2 MB
pulsate_salute v3 213 games, 157849 moves, e=0.844, loss: 2.7, -, 53.3% elo% vs. v0, avg. reward: -9.308, 5.859 sec/game, 7.6 min. total, 727.1 MB
pulsate_salute v3 214 games, 158483 moves, e=0.843, loss: 2.7, +, 55.4% elo% vs. v0, avg. reward: -9.333, 5.768 sec/game, 7.7 min. total, 726.2 MB
pulsate_salute v3 215 games, 159252 moves, e=0.842, loss: 2.9, +, 57.4% elo% vs. v0, avg. reward: -9.345, 5.803 sec/game, 7.8 min. total, 726.6 MB
pulsate_salute v3 216 games, 160221 moves, e=0.841, loss: 2.7, +, 59.3% elo% vs. v0, avg. reward: -9.321, 5.806 sec/game, 7.9 min. total, 726.5 MB
pulsate_salute v3 217 games, 160995 moves, e=0.841, loss: 2.5, +, 61.1% elo% vs. v0, avg. reward: -9.316, 5.865 sec/game, 8.0 min. total, 726.8 MB
pulsate_salute v3 218 games, 161854 moves, e=0.840, loss: 2.6, +, 62.8% elo% vs. v0, avg. reward: -9.294, 5.900 sec/game, 8.1 min. total, 730.6 MB
pulsate_salute v3 219 games, 162532 moves, e=0.839, loss: 2.7, +, 64.4% elo% vs. v0, avg. reward: -9.299, 5.861 sec/game, 8.2 min. total, 729.6 MB
pulsate_salute v3 220 games, 163404 moves, e=0.838, loss: 2.7, +, 65.9% elo% vs. v0, avg. reward: -9.275, 5.900 sec/game, 8.3 min. total, 730.9 MB
pulsate_salute v3 221 games, 164230 moves, e=0.837, loss: 2.8, +, 67.3% elo% vs. v0, avg. reward: -9.261, 5.994 sec/game, 8.4 min. total, 730.6 MB
pulsate_salute v3 222 games, 164974 moves, e=0.837, loss: 2.7, +, 68.6% elo% vs. v0, avg. reward: -9.260, 5.939 sec/game, 8.5 min. total, 731.4 MB
pulsate_salute v3 223 games, 165720 moves, e=0.836, loss: 2.7, +, 69.8% elo% vs. v0, avg. reward: -9.259, 5.946 sec/game, 8.6 min. total, 733.5 MB
pulsate_salute v3 224 games, 166501 moves, e=0.835, loss: 2.8, +, 71.0% elo% vs. v0, avg. reward: -9.247, 5.953 sec/game, 8.7 min. total, 732.8 MB
pulsate_salute v4 225 games, 167336 moves, e=0.834, loss: 2.8, -, 49.9% elo% vs. v3, avg. reward: -9.249, 5.998 sec/game, 8.8 min. total, 797.3 MB
pulsate_salute v4 226 games, 168147 moves, e=0.834, loss: 2.8, +, 52.2% elo% vs. v3, avg. reward: -9.237, 5.946 sec/game, 8.9 min. total, 796.9 MB
pulsate_salute v4 227 games, 169068 moves, e=0.833, loss: 2.7, ., 52.1% elo% vs. v3, avg. reward: -9.203, 5.897 sec/game, 9.0 min. total, 797.7 MB
pulsate_salute v4 228 games, 170090 moves, e=0.832, loss: 2.8, -, 49.7% elo% vs. v3, avg. reward: -9.179, 5.965 sec/game, 9.1 min. total, 802.6 MB
pulsate_salute v4 229 games, 170910 moves, e=0.831, loss: 2.8, +, 52.0% elo% vs. v3, avg. reward: -9.163, 5.962 sec/game, 9.2 min. total, 802.1 MB
pulsate_salute v4 230 games, 171807 moves, e=0.830, loss: 2.7, -, 49.6% elo% vs. v3, avg. reward: -9.138, 6.008 sec/game, 9.3 min. total, 803.1 MB
pulsate_salute v4 231 games, 172644 moves, e=0.829, loss: 2.7, -, 47.3% elo% vs. v3, avg. reward: -9.130, 6.056 sec/game, 9.4 min. total, 802.7 MB
pulsate_salute v4 232 games, 173546 moves, e=0.828, loss: 2.8, +, 49.8% elo% vs. v3, avg. reward: -9.112, 6.012 sec/game, 9.5 min. total, 800.9 MB
pulsate_salute v4 233 games, 174341 moves, e=0.827, loss: 2.7, -, 47.5% elo% vs. v3, avg. reward: -9.113, 6.002 sec/game, 9.6 min. total, 802.1 MB
pulsate_salute v4 234 games, 175207 moves, e=0.827, loss: 2.7, +, 49.9% elo% vs. v3, avg. reward: -9.091, 6.046 sec/game, 9.7 min. total, 803.1 MB
pulsate_salute v4 235 games, 176102 moves, e=0.826, loss: 2.7, +, 52.2% elo% vs. v3, avg. reward: -9.082, 6.115 sec/game, 9.8 min. total, 802.7 MB
pulsate_salute v4 236 games, 176851 moves, e=0.825, loss: 2.8, +, 54.4% elo% vs. v3, avg. reward: -9.091, 6.062 sec/game, 9.9 min. total, 802.9 MB
pulsate_salute v4 237 games, 177583 moves, e=0.824, loss: 2.7, +, 56.5% elo% vs. v3, avg. reward: -9.096, 6.006 sec/game, 10.0 min. total, 804.6 MB
pulsate_salute v4 238 games, 178545 moves, e=0.823, loss: 2.7, +, 58.4% elo% vs. v3, avg. reward: -9.073, 6.011 sec/game, 10.1 min. total, 805.4 MB
pulsate_salute v4 239 games, 179286 moves, e=0.823, loss: 2.7, +, 60.3% elo% vs. v3, avg. reward: -9.075, 6.050 sec/game, 10.2 min. total, 805.3 MB
pulsate_salute v4 240 games, 180149 moves, e=0.822, loss: 2.7, +, 62.0% elo% vs. v3, avg. reward: -9.066, 6.046 sec/game, 10.3 min. total, 807.4 MB
pulsate_salute v4 241 games, 180985 moves, e=0.821, loss: 2.7, +, 63.6% elo% vs. v3, avg. reward: -9.068, 5.955 sec/game, 10.4 min. total, 812.4 MB
pulsate_salute v4 242 games, 181792 moves, e=0.820, loss: 2.7, +, 65.2% elo% vs. v3, avg. reward: -9.038, 6.038 sec/game, 10.5 min. total, 810.1 MB
pulsate_salute v4 243 games, 182674 moves, e=0.819, loss: 2.6, +, 66.6% elo% vs. v3, avg. reward: -9.032, 6.080 sec/game, 10.6 min. total, 810.3 MB
pulsate_salute v4 244 games, 183397 moves, e=0.818, loss: 2.7, +, 68.0% elo% vs. v3, avg. reward: -9.018, 6.032 sec/game, 10.7 min. total, 811.2 MB
pulsate_salute v4 245 games, 184256 moves, e=0.818, loss: 2.7, ., 67.2% elo% vs. v3, avg. reward: -9.018, 6.037 sec/game, 10.8 min. total, 811.3 MB
pulsate_salute v4 246 games, 185004 moves, e=0.817, loss: 2.7, +, 68.6% elo% vs. v3, avg. reward: -9.032, 6.035 sec/game, 10.9 min. total, 810.3 MB
pulsate_salute v4 247 games, 185794 moves, e=0.816, loss: 2.8, +, 69.8% elo% vs. v3, avg. reward: -9.021, 5.990 sec/game, 11.0 min. total, 811.0 MB
pulsate_salute v4 248 games, 186591 moves, e=0.815, loss: 2.8, +, 71.0% elo% vs. v3, avg. reward: -9.022, 5.925 sec/game, 11.1 min. total, 811.6 MB
pulsate_salute v5 249 games, 187415 moves, e=0.814, loss: 2.8, +, 54.5% elo% vs. v4, avg. reward: -9.013, 6.052 sec/game, 11.2 min. total, 812.5 MB
pulsate_salute v5 250 games, 188336 moves, e=0.814, loss: 2.7, +, 56.6% elo% vs. v4, avg. reward: -9.000, 6.108 sec/game, 11.3 min. total, 813.2 MB
pulsate_salute v5 251 games, 189093 moves, e=0.813, loss: 2.9, +, 58.5% elo% vs. v4, avg. reward: -9.007, 6.150 sec/game, 11.4 min. total, 810.0 MB
pulsate_salute v5 252 games, 189894 moves, e=0.812, loss: 2.8, +, 60.4% elo% vs. v4, avg. reward: -9.009, 6.138 sec/game, 11.5 min. total, 810.2 MB
pulsate_salute v5 253 games, 190645 moves, e=0.811, loss: 2.9, +, 62.1% elo% vs. v4, avg. reward: -8.991, 6.135 sec/game, 11.6 min. total, 810.5 MB
pulsate_salute v5 254 games, 191581 moves, e=0.810, loss: 2.9, +, 63.7% elo% vs. v4, avg. reward: -8.984, 6.219 sec/game, 11.8 min. total, 811.1 MB
pulsate_salute v5 255 games, 192440 moves, e=0.809, loss: 2.8, -, 61.0% elo% vs. v4, avg. reward: -8.973, 6.246 sec/game, 11.9 min. total, 811.9 MB
pulsate_salute v5 256 games, 193359 moves, e=0.809, loss: 2.7, +, 62.7% elo% vs. v4, avg. reward: -8.962, 6.335 sec/game, 12.0 min. total, 811.5 MB
pulsate_salute v5 257 games, 194017 moves, e=0.808, loss: 2.9, +, 64.3% elo% vs. v4, avg. reward: -8.988, 6.323 sec/game, 12.1 min. total, 811.6 MB
pulsate_salute v5 258 games, 194890 moves, e=0.807, loss: 2.8, +, 65.8% elo% vs. v4, avg. reward: -8.949, 6.358 sec/game, 12.2 min. total, 812.9 MB
pulsate_salute v5 259 games, 195784 moves, e=0.806, loss: 2.8, +, 67.2% elo% vs. v4, avg. reward: -8.913, 6.437 sec/game, 12.3 min. total, 815.9 MB
pulsate_salute v5 260 games, 196606 moves, e=0.805, loss: 2.9, +, 68.5% elo% vs. v4, avg. reward: -8.912, 6.445 sec/game, 12.4 min. total, 814.8 MB
pulsate_salute v5 261 games, 197483 moves, e=0.804, loss: 2.9, +, 69.7% elo% vs. v4, avg. reward: -8.891, 6.537 sec/game, 12.6 min. total, 816.0 MB
pulsate_salute v5 262 games, 198554 moves, e=0.803, loss: 3.0, +, 70.9% elo% vs. v4, avg. reward: -8.867, 6.682 sec/game, 12.7 min. total, 815.8 MB
pulsate_salute v6 263 games, 199334 moves, e=0.803, loss: 2.8, +, 54.5% elo% vs. v5, avg. reward: -8.862, 6.658 sec/game, 12.8 min. total, 822.6 MB
pulsate_salute v6 264 games, 200161 moves, e=0.802, loss: 2.9, +, 56.6% elo% vs. v5, avg. reward: -8.851, 6.722 sec/game, 12.9 min. total, 825.4 MB
