unmanned_overtly v0 0 games, 0 moves, e=1.000, loss: nan,  , 50.0% elo% vs. , avg. reward: nan, nan sec/game, 0.0 min. total, 302.3 MB
unmanned_overtly v1 1 games, 692 moves, e=0.999, loss: nan, +, 52.3% elo% vs. random_bot, avg. reward: 15.166, 0.301 sec/game, 0.0 min. total, 312.5 MB
unmanned_overtly v1 2 games, 1362 moves, e=0.999, loss: nan, +, 54.5% elo% vs. random_bot, avg. reward: 11.889, 0.293 sec/game, 0.0 min. total, 314.2 MB
unmanned_overtly v1 3 games, 2183 moves, e=0.998, loss: nan, +, 56.6% elo% vs. random_bot, avg. reward: 11.651, 0.315 sec/game, 0.0 min. total, 315.8 MB
unmanned_overtly v1 4 games, 3008 moves, e=0.997, loss: nan, +, 58.5% elo% vs. random_bot, avg. reward: 12.037, 0.321 sec/game, 0.0 min. total, 317.6 MB
unmanned_overtly v1 5 games, 3705 moves, e=0.996, loss: nan, +, 60.4% elo% vs. random_bot, avg. reward: 12.064, 0.316 sec/game, 0.0 min. total, 319.8 MB
unmanned_overtly v1 6 games, 4455 moves, e=0.996, loss: nan, +, 62.1% elo% vs. random_bot, avg. reward: 12.130, 0.319 sec/game, 0.0 min. total, 321.8 MB
unmanned_overtly v1 7 games, 5096 moves, e=0.995, loss: nan, +, 63.7% elo% vs. random_bot, avg. reward: 11.966, 0.313 sec/game, 0.0 min. total, 323.6 MB
unmanned_overtly v1 8 games, 5775 moves, e=0.994, loss: nan, +, 65.2% elo% vs. random_bot, avg. reward: 11.853, 0.310 sec/game, 0.0 min. total, 325.1 MB
unmanned_overtly v1 9 games, 6436 moves, e=0.994, loss: nan, +, 66.7% elo% vs. random_bot, avg. reward: 11.653, 0.307 sec/game, 0.0 min. total, 326.9 MB
unmanned_overtly v1 10 games, 7185 moves, e=0.993, loss: nan, +, 68.0% elo% vs. random_bot, avg. reward: 11.476, 0.309 sec/game, 0.1 min. total, 327.8 MB
unmanned_overtly v1 11 games, 7925 moves, e=0.992, loss: nan, +, 69.3% elo% vs. random_bot, avg. reward: 11.633, 0.310 sec/game, 0.1 min. total, 329.0 MB
unmanned_overtly v1 12 games, 8775 moves, e=0.991, loss: nan, +, 70.5% elo% vs. random_bot, avg. reward: 11.744, 0.316 sec/game, 0.1 min. total, 331.8 MB
unmanned_overtly v2 13 games, 9511 moves, e=0.991, loss: nan, ., 52.2% elo% vs. guard_bot, avg. reward: 11.716, 0.316 sec/game, 0.1 min. total, 396.6 MB
unmanned_overtly v2 14 games, 10157 moves, e=0.990, loss: 136.6, ., 52.1% elo% vs. guard_bot, avg. reward: 11.825, 0.361 sec/game, 0.1 min. total, 413.3 MB
unmanned_overtly v2 15 games, 10940 moves, e=0.989, loss: 130.1, ., 52.0% elo% vs. guard_bot, avg. reward: 11.793, 0.436 sec/game, 0.1 min. total, 417.0 MB
unmanned_overtly v2 16 games, 11748 moves, e=0.988, loss: 129.4, ., 51.9% elo% vs. guard_bot, avg. reward: 11.832, 0.505 sec/game, 0.1 min. total, 419.6 MB
unmanned_overtly v2 17 games, 12576 moves, e=0.988, loss: 128.8, ., 51.8% elo% vs. guard_bot, avg. reward: 11.847, 0.579 sec/game, 0.2 min. total, 421.1 MB
unmanned_overtly v2 18 games, 13236 moves, e=0.987, loss: 128.0, ., 51.7% elo% vs. guard_bot, avg. reward: 11.722, 0.626 sec/game, 0.2 min. total, 423.0 MB
unmanned_overtly v2 19 games, 14040 moves, e=0.986, loss: 129.8, ., 51.7% elo% vs. guard_bot, avg. reward: 11.656, 0.670 sec/game, 0.2 min. total, 422.5 MB
unmanned_overtly v2 20 games, 14807 moves, e=0.985, loss: 132.0, ., 51.6% elo% vs. guard_bot, avg. reward: 11.663, 0.712 sec/game, 0.2 min. total, 423.0 MB
unmanned_overtly v2 21 games, 15497 moves, e=0.985, loss: 140.5, ., 51.5% elo% vs. guard_bot, avg. reward: 11.558, 0.769 sec/game, 0.3 min. total, 423.1 MB
unmanned_overtly v2 22 games, 16163 moves, e=0.984, loss: 147.7, ., 51.4% elo% vs. guard_bot, avg. reward: 11.603, 0.817 sec/game, 0.3 min. total, 422.6 MB
unmanned_overtly v2 23 games, 16945 moves, e=0.983, loss: 155.6, ., 51.4% elo% vs. guard_bot, avg. reward: 11.613, 0.880 sec/game, 0.3 min. total, 423.3 MB
unmanned_overtly v2 24 games, 17767 moves, e=0.982, loss: 163.2, ., 51.3% elo% vs. guard_bot, avg. reward: 11.612, 0.937 sec/game, 0.3 min. total, 423.1 MB
unmanned_overtly v2 25 games, 18526 moves, e=0.982, loss: 167.6, ., 51.2% elo% vs. guard_bot, avg. reward: 11.605, 0.995 sec/game, 0.4 min. total, 422.9 MB
unmanned_overtly v2 26 games, 19165 moves, e=0.981, loss: 171.9, ., 51.2% elo% vs. guard_bot, avg. reward: 11.580, 1.040 sec/game, 0.4 min. total, 423.4 MB
unmanned_overtly v2 27 games, 19889 moves, e=0.980, loss: 174.8, ., 51.1% elo% vs. guard_bot, avg. reward: 11.563, 1.100 sec/game, 0.4 min. total, 424.3 MB
unmanned_overtly v2 28 games, 20625 moves, e=0.980, loss: 179.1, ., 51.1% elo% vs. guard_bot, avg. reward: 11.535, 1.158 sec/game, 0.4 min. total, 424.8 MB
unmanned_overtly v2 29 games, 21323 moves, e=0.979, loss: 187.0, ., 51.0% elo% vs. guard_bot, avg. reward: 11.570, 1.210 sec/game, 0.4 min. total, 426.1 MB
unmanned_overtly v2 30 games, 21950 moves, e=0.978, loss: 193.1, +, 53.3% elo% vs. guard_bot, avg. reward: 11.522, 1.255 sec/game, 0.5 min. total, 426.8 MB
unmanned_overtly v2 31 games, 22607 moves, e=0.978, loss: 198.9, ., 53.1% elo% vs. guard_bot, avg. reward: 11.582, 1.301 sec/game, 0.5 min. total, 428.0 MB
unmanned_overtly v2 32 games, 23364 moves, e=0.977, loss: 204.4, ., 53.0% elo% vs. guard_bot, avg. reward: 11.585, 1.360 sec/game, 0.5 min. total, 429.6 MB
unmanned_overtly v2 33 games, 24022 moves, e=0.976, loss: 204.6, ., 52.9% elo% vs. guard_bot, avg. reward: 11.542, 1.408 sec/game, 0.5 min. total, 430.5 MB
unmanned_overtly v2 34 games, 24754 moves, e=0.975, loss: 201.7, +, 55.0% elo% vs. guard_bot, avg. reward: 11.533, 1.434 sec/game, 0.6 min. total, 430.7 MB
unmanned_overtly v2 35 games, 25612 moves, e=0.975, loss: 216.5, +, 57.1% elo% vs. guard_bot, avg. reward: 11.550, 1.446 sec/game, 0.6 min. total, 431.2 MB
unmanned_overtly v2 36 games, 26268 moves, e=0.974, loss: 224.2, ., 56.7% elo% vs. guard_bot, avg. reward: 11.505, 1.430 sec/game, 0.6 min. total, 430.9 MB
unmanned_overtly v2 37 games, 26974 moves, e=0.973, loss: 242.5, +, 58.7% elo% vs. guard_bot, avg. reward: 11.520, 1.407 sec/game, 0.6 min. total, 431.5 MB
unmanned_overtly v2 38 games, 27621 moves, e=0.973, loss: 244.8, +, 60.5% elo% vs. guard_bot, avg. reward: 11.483, 1.393 sec/game, 0.7 min. total, 431.5 MB
unmanned_overtly v2 39 games, 28436 moves, e=0.972, loss: 249.0, +, 62.2% elo% vs. guard_bot, avg. reward: 11.498, 1.397 sec/game, 0.7 min. total, 431.8 MB
unmanned_overtly v2 40 games, 29270 moves, e=0.971, loss: 273.6, ., 61.7% elo% vs. guard_bot, avg. reward: 11.488, 1.393 sec/game, 0.7 min. total, 431.9 MB
unmanned_overtly v2 41 games, 29920 moves, e=0.970, loss: 294.5, ., 61.2% elo% vs. guard_bot, avg. reward: 11.523, 1.377 sec/game, 0.7 min. total, 431.9 MB
unmanned_overtly v2 42 games, 30695 moves, e=0.970, loss: 299.7, +, 62.9% elo% vs. guard_bot, avg. reward: 11.557, 1.383 sec/game, 0.7 min. total, 431.9 MB
unmanned_overtly v2 43 games, 31453 moves, e=0.969, loss: 308.9, ., 62.3% elo% vs. guard_bot, avg. reward: 11.549, 1.371 sec/game, 0.8 min. total, 432.1 MB
unmanned_overtly v2 44 games, 32176 moves, e=0.968, loss: 308.5, +, 63.9% elo% vs. guard_bot, avg. reward: 11.572, 1.365 sec/game, 0.8 min. total, 432.6 MB
unmanned_overtly v2 45 games, 32910 moves, e=0.967, loss: 318.2, +, 65.5% elo% vs. guard_bot, avg. reward: 11.581, 1.361 sec/game, 0.8 min. total, 432.9 MB
unmanned_overtly v2 46 games, 33625 moves, e=0.967, loss: 337.4, +, 66.9% elo% vs. guard_bot, avg. reward: 11.633, 1.377 sec/game, 0.8 min. total, 433.6 MB
unmanned_overtly v2 47 games, 34328 moves, e=0.966, loss: 351.1, ., 66.2% elo% vs. guard_bot, avg. reward: 11.608, 1.384 sec/game, 0.9 min. total, 433.8 MB
unmanned_overtly v2 48 games, 34933 moves, e=0.965, loss: 352.2, +, 67.6% elo% vs. guard_bot, avg. reward: 11.617, 1.369 sec/game, 0.9 min. total, 433.8 MB
unmanned_overtly v2 49 games, 35639 moves, e=0.965, loss: 359.5, +, 68.9% elo% vs. guard_bot, avg. reward: 11.612, 1.380 sec/game, 0.9 min. total, 434.2 MB
unmanned_overtly v2 50 games, 36411 moves, e=0.964, loss: 370.1, +, 70.1% elo% vs. guard_bot, avg. reward: 11.628, 1.398 sec/game, 0.9 min. total, 434.0 MB
unmanned_overtly v3 51 games, 37129 moves, e=0.963, loss: 385.4, -, 49.9% elo% vs. random_no_suicide, avg. reward: 11.600, 1.403 sec/game, 1.0 min. total, 434.6 MB
unmanned_overtly v3 52 games, 37797 moves, e=0.963, loss: 401.8, -, 47.6% elo% vs. random_no_suicide, avg. reward: 11.607, 1.389 sec/game, 1.0 min. total, 434.4 MB
unmanned_overtly v3 53 games, 38509 moves, e=0.962, loss: 412.4, -, 45.4% elo% vs. random_no_suicide, avg. reward: 11.551, 1.393 sec/game, 1.0 min. total, 433.8 MB
unmanned_overtly v3 54 games, 39117 moves, e=0.961, loss: 428.0, -, 43.4% elo% vs. random_no_suicide, avg. reward: 11.550, 1.378 sec/game, 1.0 min. total, 434.0 MB
unmanned_overtly v3 55 games, 39796 moves, e=0.961, loss: 427.2, -, 41.4% elo% vs. random_no_suicide, avg. reward: 11.524, 1.350 sec/game, 1.0 min. total, 433.9 MB
unmanned_overtly v3 56 games, 40545 moves, e=0.960, loss: 453.9, -, 39.6% elo% vs. random_no_suicide, avg. reward: 11.497, 1.359 sec/game, 1.1 min. total, 436.0 MB
unmanned_overtly v3 57 games, 41197 moves, e=0.959, loss: 472.9, -, 37.8% elo% vs. random_no_suicide, avg. reward: 11.513, 1.358 sec/game, 1.1 min. total, 437.7 MB
unmanned_overtly v3 58 games, 41922 moves, e=0.958, loss: 468.6, -, 36.2% elo% vs. random_no_suicide, avg. reward: 11.495, 1.370 sec/game, 1.1 min. total, 440.0 MB
unmanned_overtly v3 59 games, 42717 moves, e=0.958, loss: 475.6, -, 34.7% elo% vs. random_no_suicide, avg. reward: 11.491, 1.368 sec/game, 1.1 min. total, 439.5 MB
unmanned_overtly v3 60 games, 43466 moves, e=0.957, loss: 487.3, -, 33.3% elo% vs. random_no_suicide, avg. reward: 11.491, 1.368 sec/game, 1.2 min. total, 439.2 MB
unmanned_overtly v3 61 games, 44115 moves, e=0.956, loss: 485.6, -, 31.9% elo% vs. random_no_suicide, avg. reward: 11.471, 1.371 sec/game, 1.2 min. total, 439.5 MB
unmanned_overtly v3 62 games, 44905 moves, e=0.956, loss: 484.4, -, 30.6% elo% vs. random_no_suicide, avg. reward: 11.495, 1.372 sec/game, 1.2 min. total, 439.5 MB
unmanned_overtly v3 63 games, 45707 moves, e=0.955, loss: 499.3, -, 29.5% elo% vs. random_no_suicide, avg. reward: 11.475, 1.391 sec/game, 1.2 min. total, 440.0 MB
