cocoa_revisable v0 0 games, 0 moves, e=1.000, loss: nan,  , 50.0% elo% vs. , avg. reward: nan, nan sec/game, 0.0 min. total, 312.2 MB
cocoa_revisable v1 1 games, 710 moves, e=0.999, loss: nan, ., 50.0% elo% vs. v0, avg. reward: 10.930, 0.243 sec/game, 0.0 min. total, 315.2 MB
cocoa_revisable v1 2 games, 1371 moves, e=0.999, loss: nan, ., 50.0% elo% vs. v0, avg. reward: 8.956, 0.231 sec/game, 0.0 min. total, 317.5 MB
cocoa_revisable v1 3 games, 2052 moves, e=0.998, loss: nan, ., 50.0% elo% vs. v0, avg. reward: 11.789, 0.221 sec/game, 0.0 min. total, 321.0 MB
cocoa_revisable v1 4 games, 2737 moves, e=0.997, loss: nan, ., 50.0% elo% vs. v0, avg. reward: 13.446, 0.224 sec/game, 0.0 min. total, 324.2 MB
cocoa_revisable v1 5 games, 3372 moves, e=0.997, loss: nan, ., 50.0% elo% vs. v0, avg. reward: 11.495, 0.217 sec/game, 0.0 min. total, 326.5 MB
cocoa_revisable v1 6 games, 4044 moves, e=0.996, loss: nan, ., 50.0% elo% vs. v0, avg. reward: 11.362, 0.215 sec/game, 0.0 min. total, 329.9 MB
cocoa_revisable v1 7 games, 4818 moves, e=0.995, loss: nan, ., 50.0% elo% vs. v0, avg. reward: 11.022, 0.218 sec/game, 0.0 min. total, 333.2 MB
cocoa_revisable v1 8 games, 5471 moves, e=0.995, loss: nan, ., 50.0% elo% vs. v0, avg. reward: 10.494, 0.215 sec/game, 0.0 min. total, 336.4 MB
cocoa_revisable v1 9 games, 6275 moves, e=0.994, loss: nan, ., 50.0% elo% vs. v0, avg. reward: 10.417, 0.217 sec/game, 0.0 min. total, 339.8 MB
cocoa_revisable v1 10 games, 7059 moves, e=0.993, loss: nan, ., 50.0% elo% vs. v0, avg. reward: 9.984, 0.221 sec/game, 0.0 min. total, 342.7 MB
cocoa_revisable v1 11 games, 7781 moves, e=0.992, loss: nan, ., 50.0% elo% vs. v0, avg. reward: 9.603, 0.221 sec/game, 0.0 min. total, 346.1 MB
cocoa_revisable v1 12 games, 8518 moves, e=0.992, loss: nan, ., 50.0% elo% vs. v0, avg. reward: 10.072, 0.222 sec/game, 0.0 min. total, 349.0 MB
cocoa_revisable v1 13 games, 9126 moves, e=0.991, loss: nan, ., 50.0% elo% vs. v0, avg. reward: 9.520, 0.220 sec/game, 0.0 min. total, 352.5 MB
cocoa_revisable v1 14 games, 9753 moves, e=0.990, loss: nan, ., 50.0% elo% vs. v0, avg. reward: 9.473, 0.218 sec/game, 0.1 min. total, 355.6 MB
cocoa_revisable v1 15 games, 10429 moves, e=0.990, loss: 158.3, ., 50.0% elo% vs. v0, avg. reward: 9.616, 0.284 sec/game, 0.1 min. total, 383.3 MB
cocoa_revisable v1 16 games, 11130 moves, e=0.989, loss: 150.5, ., 50.0% elo% vs. v0, avg. reward: 9.598, 0.355 sec/game, 0.1 min. total, 386.6 MB
cocoa_revisable v1 17 games, 11774 moves, e=0.988, loss: 145.6, ., 50.0% elo% vs. v0, avg. reward: 9.877, 0.415 sec/game, 0.1 min. total, 389.1 MB
cocoa_revisable v1 18 games, 12550 moves, e=0.988, loss: 145.4, ., 50.0% elo% vs. v0, avg. reward: 9.705, 0.499 sec/game, 0.1 min. total, 391.4 MB
cocoa_revisable v1 19 games, 13213 moves, e=0.987, loss: 140.0, ., 50.0% elo% vs. v0, avg. reward: 9.495, 0.545 sec/game, 0.2 min. total, 391.6 MB
cocoa_revisable v1 20 games, 13939 moves, e=0.986, loss: 136.3, ., 50.0% elo% vs. v0, avg. reward: 9.391, 0.589 sec/game, 0.2 min. total, 392.0 MB
cocoa_revisable v1 21 games, 14634 moves, e=0.986, loss: 133.3, ., 50.0% elo% vs. v0, avg. reward: 9.173, 0.659 sec/game, 0.2 min. total, 392.1 MB
cocoa_revisable v1 22 games, 15270 moves, e=0.985, loss: 133.2, ., 50.0% elo% vs. v0, avg. reward: 9.167, 0.716 sec/game, 0.2 min. total, 392.2 MB
cocoa_revisable v1 23 games, 15974 moves, e=0.984, loss: 135.7, ., 50.0% elo% vs. v0, avg. reward: 8.998, 0.777 sec/game, 0.3 min. total, 392.3 MB
cocoa_revisable v1 24 games, 16628 moves, e=0.984, loss: 144.8, ., 50.0% elo% vs. v0, avg. reward: 9.025, 0.838 sec/game, 0.3 min. total, 392.5 MB
cocoa_revisable v1 25 games, 17371 moves, e=0.983, loss: 154.5, ., 50.0% elo% vs. v0, avg. reward: 9.006, 0.912 sec/game, 0.3 min. total, 392.6 MB
cocoa_revisable v1 26 games, 18027 moves, e=0.982, loss: 156.0, ., 50.0% elo% vs. v0, avg. reward: 8.828, 0.973 sec/game, 0.3 min. total, 392.9 MB
cocoa_revisable v1 27 games, 18745 moves, e=0.981, loss: 147.7, ., 50.0% elo% vs. v0, avg. reward: 8.624, 1.039 sec/game, 0.4 min. total, 393.4 MB
cocoa_revisable v1 28 games, 19375 moves, e=0.981, loss: 152.0, ., 50.0% elo% vs. v0, avg. reward: 8.850, 1.094 sec/game, 0.4 min. total, 394.5 MB
cocoa_revisable v1 29 games, 20089 moves, e=0.980, loss: 160.9, ., 50.0% elo% vs. v0, avg. reward: 8.903, 1.149 sec/game, 0.4 min. total, 395.1 MB
cocoa_revisable v1 30 games, 20925 moves, e=0.979, loss: 168.3, ., 50.0% elo% vs. v0, avg. reward: 8.708, 1.223 sec/game, 0.4 min. total, 397.1 MB
cocoa_revisable v1 31 games, 21638 moves, e=0.979, loss: 175.5, ., 50.0% elo% vs. v0, avg. reward: 8.673, 1.307 sec/game, 0.5 min. total, 398.7 MB
cocoa_revisable v1 32 games, 22362 moves, e=0.978, loss: 181.3, ., 50.0% elo% vs. v0, avg. reward: 8.492, 1.374 sec/game, 0.5 min. total, 400.4 MB
cocoa_revisable v1 33 games, 23051 moves, e=0.977, loss: 182.7, ., 50.0% elo% vs. v0, avg. reward: 8.366, 1.453 sec/game, 0.5 min. total, 402.5 MB
cocoa_revisable v1 34 games, 23679 moves, e=0.977, loss: 174.0, ., 50.0% elo% vs. v0, avg. reward: 8.495, 1.507 sec/game, 0.6 min. total, 402.8 MB
cocoa_revisable v1 35 games, 24341 moves, e=0.976, loss: 183.7, ., 50.0% elo% vs. v0, avg. reward: 8.441, 1.537 sec/game, 0.6 min. total, 402.7 MB
cocoa_revisable v1 36 games, 24984 moves, e=0.975, loss: 194.2, ., 50.0% elo% vs. v0, avg. reward: 8.227, 1.540 sec/game, 0.6 min. total, 402.7 MB
cocoa_revisable v1 37 games, 25592 moves, e=0.975, loss: 191.4, ., 50.0% elo% vs. v0, avg. reward: 8.024, 1.531 sec/game, 0.6 min. total, 402.8 MB
cocoa_revisable v1 38 games, 26364 moves, e=0.974, loss: 204.2, ., 50.0% elo% vs. v0, avg. reward: 7.912, 1.523 sec/game, 0.7 min. total, 403.1 MB
cocoa_revisable v1 39 games, 26944 moves, e=0.973, loss: 194.7, ., 50.0% elo% vs. v0, avg. reward: 7.753, 1.522 sec/game, 0.7 min. total, 403.1 MB
cocoa_revisable v1 40 games, 27593 moves, e=0.973, loss: 198.7, ., 50.0% elo% vs. v0, avg. reward: 7.800, 1.519 sec/game, 0.7 min. total, 403.2 MB
cocoa_revisable v1 41 games, 28411 moves, e=0.972, loss: 216.6, +, 52.3% elo% vs. v0, avg. reward: 7.930, 1.515 sec/game, 0.7 min. total, 405.6 MB
cocoa_revisable v1 42 games, 29176 moves, e=0.971, loss: 217.7, ., 52.2% elo% vs. v0, avg. reward: 7.937, 1.524 sec/game, 0.8 min. total, 403.4 MB
cocoa_revisable v1 43 games, 30015 moves, e=0.970, loss: 222.4, +, 54.4% elo% vs. v0, avg. reward: 7.926, 1.542 sec/game, 0.8 min. total, 407.2 MB
cocoa_revisable v1 44 games, 30723 moves, e=0.970, loss: 233.4, +, 56.5% elo% vs. v0, avg. reward: 7.825, 1.547 sec/game, 0.8 min. total, 406.5 MB
cocoa_revisable v1 45 games, 31476 moves, e=0.969, loss: 271.7, ., 56.2% elo% vs. v0, avg. reward: 7.938, 1.532 sec/game, 0.8 min. total, 405.5 MB
cocoa_revisable v1 46 games, 32160 moves, e=0.968, loss: 269.7, +, 58.1% elo% vs. v0, avg. reward: 7.825, 1.537 sec/game, 0.9 min. total, 407.4 MB
cocoa_revisable v1 47 games, 32977 moves, e=0.967, loss: 265.0, ., 57.8% elo% vs. v0, avg. reward: 7.905, 1.539 sec/game, 0.9 min. total, 407.7 MB
cocoa_revisable v1 48 games, 33572 moves, e=0.967, loss: 254.4, +, 59.7% elo% vs. v0, avg. reward: 7.885, 1.544 sec/game, 0.9 min. total, 410.0 MB
cocoa_revisable v1 49 games, 34236 moves, e=0.966, loss: 265.5, +, 61.4% elo% vs. v0, avg. reward: 7.781, 1.544 sec/game, 0.9 min. total, 409.9 MB
cocoa_revisable v1 50 games, 34984 moves, e=0.965, loss: 275.3, +, 63.1% elo% vs. v0, avg. reward: 7.659, 1.536 sec/game, 1.0 min. total, 410.1 MB
cocoa_revisable v1 51 games, 35583 moves, e=0.965, loss: 278.4, +, 64.7% elo% vs. v0, avg. reward: 7.530, 1.494 sec/game, 1.0 min. total, 410.0 MB
cocoa_revisable v1 52 games, 36315 moves, e=0.964, loss: 275.4, ., 64.1% elo% vs. v0, avg. reward: 7.485, 1.495 sec/game, 1.0 min. total, 407.7 MB
cocoa_revisable v1 53 games, 37067 moves, e=0.963, loss: 279.5, ., 63.5% elo% vs. v0, avg. reward: 7.383, 1.486 sec/game, 1.0 min. total, 407.8 MB
cocoa_revisable v1 54 games, 37852 moves, e=0.963, loss: 281.5, ., 62.9% elo% vs. v0, avg. reward: 7.460, 1.501 sec/game, 1.1 min. total, 407.8 MB
cocoa_revisable v1 55 games, 38561 moves, e=0.962, loss: 279.4, ., 62.3% elo% vs. v0, avg. reward: 7.437, 1.493 sec/game, 1.1 min. total, 408.0 MB
cocoa_revisable v1 56 games, 39245 moves, e=0.961, loss: 299.1, ., 61.8% elo% vs. v0, avg. reward: 7.390, 1.486 sec/game, 1.1 min. total, 408.9 MB
cocoa_revisable v1 57 games, 40000 moves, e=0.960, loss: 326.0, ., 61.3% elo% vs. v0, avg. reward: 7.649, 1.506 sec/game, 1.1 min. total, 410.1 MB
cocoa_revisable v1 58 games, 40787 moves, e=0.960, loss: 355.5, +, 63.0% elo% vs. v0, avg. reward: 7.658, 1.499 sec/game, 1.2 min. total, 410.7 MB
cocoa_revisable v1 59 games, 41513 moves, e=0.959, loss: 379.5, ., 62.4% elo% vs. v0, avg. reward: 7.568, 1.509 sec/game, 1.2 min. total, 411.6 MB
cocoa_revisable v1 60 games, 42306 moves, e=0.958, loss: 347.2, +, 64.0% elo% vs. v0, avg. reward: 7.587, 1.521 sec/game, 1.2 min. total, 412.1 MB
cocoa_revisable v1 61 games, 43005 moves, e=0.957, loss: 368.6, +, 65.5% elo% vs. v0, avg. reward: 7.542, 1.511 sec/game, 1.2 min. total, 411.9 MB
cocoa_revisable v1 62 games, 43712 moves, e=0.957, loss: 376.3, +, 66.9% elo% vs. v0, avg. reward: 7.870, 1.513 sec/game, 1.3 min. total, 414.3 MB
cocoa_revisable v1 63 games, 44500 moves, e=0.956, loss: 399.1, +, 68.3% elo% vs. v0, avg. reward: 7.935, 1.506 sec/game, 1.3 min. total, 414.3 MB
cocoa_revisable v1 64 games, 45210 moves, e=0.955, loss: 410.2, ., 67.5% elo% vs. v0, avg. reward: 7.929, 1.507 sec/game, 1.3 min. total, 412.6 MB
cocoa_revisable v1 65 games, 45885 moves, e=0.955, loss: 458.3, +, 68.8% elo% vs. v0, avg. reward: 7.831, 1.505 sec/game, 1.3 min. total, 414.7 MB
cocoa_revisable v1 66 games, 46564 moves, e=0.954, loss: 474.6, ., 68.1% elo% vs. v0, avg. reward: 7.814, 1.497 sec/game, 1.4 min. total, 412.3 MB
cocoa_revisable v1 67 games, 47340 moves, e=0.953, loss: 439.6, ., 67.4% elo% vs. v0, avg. reward: 7.792, 1.496 sec/game, 1.4 min. total, 412.4 MB
cocoa_revisable v1 68 games, 48046 moves, e=0.952, loss: 454.4, ., 66.7% elo% vs. v0, avg. reward: 7.742, 1.506 sec/game, 1.4 min. total, 412.7 MB
cocoa_revisable v1 69 games, 48779 moves, e=0.952, loss: 516.6, ., 66.0% elo% vs. v0, avg. reward: 7.772, 1.525 sec/game, 1.4 min. total, 413.8 MB
cocoa_revisable v1 70 games, 49620 moves, e=0.951, loss: 521.7, +, 67.4% elo% vs. v0, avg. reward: 7.830, 1.527 sec/game, 1.5 min. total, 418.2 MB
cocoa_revisable v1 71 games, 50386 moves, e=0.950, loss: 520.2, ., 66.7% elo% vs. v0, avg. reward: 7.830, 1.561 sec/game, 1.5 min. total, 415.8 MB
cocoa_revisable v1 72 games, 51168 moves, e=0.949, loss: 567.7, ., 66.0% elo% vs. v0, avg. reward: 7.797, 1.562 sec/game, 1.5 min. total, 415.8 MB
cocoa_revisable v1 73 games, 51890 moves, e=0.949, loss: 580.9, ., 65.3% elo% vs. v0, avg. reward: 7.940, 1.564 sec/game, 1.5 min. total, 415.8 MB
cocoa_revisable v1 74 games, 52558 moves, e=0.948, loss: 553.8, ., 64.7% elo% vs. v0, avg. reward: 8.025, 1.554 sec/game, 1.6 min. total, 416.0 MB
cocoa_revisable v1 75 games, 53314 moves, e=0.947, loss: 562.3, ., 64.0% elo% vs. v0, avg. reward: 8.068, 1.579 sec/game, 1.6 min. total, 415.8 MB
cocoa_revisable v1 76 games, 53947 moves, e=0.947, loss: 535.1, ., 63.4% elo% vs. v0, avg. reward: 7.984, 1.590 sec/game, 1.6 min. total, 415.9 MB
cocoa_revisable v1 77 games, 54516 moves, e=0.946, loss: 485.5, ., 62.9% elo% vs. v0, avg. reward: 7.936, 1.570 sec/game, 1.7 min. total, 416.0 MB
cocoa_revisable v1 78 games, 55356 moves, e=0.945, loss: 495.4, ., 62.3% elo% vs. v0, avg. reward: 8.045, 1.585 sec/game, 1.7 min. total, 419.2 MB
cocoa_revisable v1 79 games, 56217 moves, e=0.944, loss: 552.8, ., 61.8% elo% vs. v0, avg. reward: 8.001, 1.605 sec/game, 1.7 min. total, 416.2 MB
cocoa_revisable v1 80 games, 57002 moves, e=0.944, loss: 593.1, ., 61.3% elo% vs. v0, avg. reward: 7.957, 1.611 sec/game, 1.7 min. total, 416.2 MB
cocoa_revisable v1 81 games, 57726 moves, e=0.943, loss: 649.0, ., 60.8% elo% vs. v0, avg. reward: 8.011, 1.612 sec/game, 1.8 min. total, 416.4 MB
cocoa_revisable v1 82 games, 58529 moves, e=0.942, loss: 676.4, +, 62.5% elo% vs. v0, avg. reward: 8.224, 1.625 sec/game, 1.8 min. total, 420.0 MB
cocoa_revisable v1 83 games, 59324 moves, e=0.941, loss: 654.8, ., 61.9% elo% vs. v0, avg. reward: 8.227, 1.625 sec/game, 1.8 min. total, 418.6 MB
cocoa_revisable v1 84 games, 60097 moves, e=0.941, loss: 586.5, ., 61.4% elo% vs. v0, avg. reward: 8.177, 1.631 sec/game, 1.9 min. total, 419.7 MB
cocoa_revisable v1 85 games, 60695 moves, e=0.940, loss: 568.4, ., 60.9% elo% vs. v0, avg. reward: 8.083, 1.632 sec/game, 1.9 min. total, 419.6 MB
cocoa_revisable v1 86 games, 61380 moves, e=0.939, loss: 619.8, +, 62.6% elo% vs. v0, avg. reward: 8.047, 1.634 sec/game, 1.9 min. total, 422.1 MB
cocoa_revisable v1 87 games, 62201 moves, e=0.938, loss: 640.9, +, 64.2% elo% vs. v0, avg. reward: 8.038, 1.640 sec/game, 1.9 min. total, 421.9 MB
cocoa_revisable v1 88 games, 62962 moves, e=0.938, loss: 691.2, +, 65.7% elo% vs. v0, avg. reward: 7.986, 1.645 sec/game, 2.0 min. total, 419.9 MB
cocoa_revisable v1 89 games, 63745 moves, e=0.937, loss: 696.5, ., 65.1% elo% vs. v0, avg. reward: 7.991, 1.652 sec/game, 2.0 min. total, 419.9 MB
cocoa_revisable v1 90 games, 64508 moves, e=0.936, loss: 660.7, +, 66.5% elo% vs. v0, avg. reward: 7.927, 1.641 sec/game, 2.0 min. total, 419.6 MB
cocoa_revisable v1 91 games, 65282 moves, e=0.935, loss: 704.7, +, 67.9% elo% vs. v0, avg. reward: 7.940, 1.647 sec/game, 2.0 min. total, 422.2 MB
cocoa_revisable v1 92 games, 65987 moves, e=0.935, loss: 734.7, +, 69.1% elo% vs. v0, avg. reward: 7.893, 1.639 sec/game, 2.1 min. total, 422.3 MB
cocoa_revisable v1 93 games, 66685 moves, e=0.934, loss: 764.8, +, 70.3% elo% vs. v0, avg. reward: 7.863, 1.628 sec/game, 2.1 min. total, 423.8 MB
cocoa_revisable v2 94 games, 67310 moves, e=0.933, loss: 767.9, -, 49.9% elo% vs. v1, avg. reward: 7.791, 1.630 sec/game, 2.1 min. total, 489.1 MB
cocoa_revisable v2 95 games, 68129 moves, e=0.933, loss: 688.8, -, 47.6% elo% vs. v1, avg. reward: 7.770, 1.619 sec/game, 2.1 min. total, 489.3 MB
cocoa_revisable v2 96 games, 68896 moves, e=0.932, loss: 696.0, -, 45.4% elo% vs. v1, avg. reward: 7.806, 1.620 sec/game, 2.2 min. total, 489.2 MB
cocoa_revisable v2 97 games, 69587 moves, e=0.931, loss: 651.6, -, 43.4% elo% vs. v1, avg. reward: 7.780, 1.629 sec/game, 2.2 min. total, 489.7 MB
cocoa_revisable v2 98 games, 70387 moves, e=0.930, loss: 655.3, -, 41.4% elo% vs. v1, avg. reward: 7.700, 1.616 sec/game, 2.2 min. total, 487.2 MB
cocoa_revisable v2 99 games, 71154 moves, e=0.930, loss: 779.9, -, 39.6% elo% vs. v1, avg. reward: 7.667, 1.602 sec/game, 2.3 min. total, 488.0 MB
cocoa_revisable v2 100 games, 71860 moves, e=0.929, loss: 742.8, -, 37.8% elo% vs. v1, avg. reward: 7.621, 1.600 sec/game, 2.3 min. total, 492.4 MB
cocoa_revisable v2 101 games, 72614 moves, e=0.928, loss: 690.3, +, 40.6% elo% vs. v1, avg. reward: 7.645, 1.616 sec/game, 2.3 min. total, 492.9 MB
cocoa_revisable v2 102 games, 73302 moves, e=0.927, loss: 672.9, +, 43.2% elo% vs. v1, avg. reward: 7.646, 1.596 sec/game, 2.3 min. total, 495.0 MB
cocoa_revisable v2 103 games, 74081 moves, e=0.927, loss: 613.0, +, 45.8% elo% vs. v1, avg. reward: 7.617, 1.596 sec/game, 2.4 min. total, 496.8 MB
cocoa_revisable v2 104 games, 74776 moves, e=0.926, loss: 628.9, -, 43.7% elo% vs. v1, avg. reward: 7.524, 1.594 sec/game, 2.4 min. total, 497.1 MB
cocoa_revisable v2 105 games, 75509 moves, e=0.925, loss: 680.5, -, 41.8% elo% vs. v1, avg. reward: 7.526, 1.609 sec/game, 2.4 min. total, 497.4 MB
cocoa_revisable v2 106 games, 76315 moves, e=0.924, loss: 693.8, -, 39.9% elo% vs. v1, avg. reward: 7.504, 1.649 sec/game, 2.5 min. total, 498.1 MB
cocoa_revisable v2 107 games, 77074 moves, e=0.924, loss: 711.1, -, 38.1% elo% vs. v1, avg. reward: 7.450, 1.661 sec/game, 2.5 min. total, 498.6 MB
cocoa_revisable v2 108 games, 77848 moves, e=0.923, loss: 712.2, -, 36.5% elo% vs. v1, avg. reward: 7.499, 1.671 sec/game, 2.5 min. total, 501.3 MB
cocoa_revisable v2 109 games, 78568 moves, e=0.922, loss: 692.0, -, 35.0% elo% vs. v1, avg. reward: 7.481, 1.661 sec/game, 2.5 min. total, 499.9 MB
cocoa_revisable v2 110 games, 79486 moves, e=0.921, loss: 712.8, -, 33.5% elo% vs. v1, avg. reward: 7.528, 1.698 sec/game, 2.6 min. total, 503.0 MB
cocoa_revisable v2 111 games, 80380 moves, e=0.920, loss: 714.3, +, 36.3% elo% vs. v1, avg. reward: 7.601, 1.720 sec/game, 2.6 min. total, 503.2 MB
cocoa_revisable v2 112 games, 81110 moves, e=0.920, loss: 749.4, +, 39.0% elo% vs. v1, avg. reward: 7.523, 1.744 sec/game, 2.6 min. total, 504.2 MB
cocoa_revisable v2 113 games, 81766 moves, e=0.919, loss: 730.5, -, 37.3% elo% vs. v1, avg. reward: 7.599, 1.748 sec/game, 2.7 min. total, 504.0 MB
cocoa_revisable v2 114 games, 82349 moves, e=0.918, loss: 771.2, ., 37.9% elo% vs. v1, avg. reward: 7.507, 1.751 sec/game, 2.7 min. total, 503.9 MB
cocoa_revisable v2 115 games, 83099 moves, e=0.918, loss: 791.8, -, 36.3% elo% vs. v1, avg. reward: 7.464, 1.744 sec/game, 2.7 min. total, 503.9 MB
cocoa_revisable v2 116 games, 83963 moves, e=0.917, loss: 742.0, -, 34.7% elo% vs. v1, avg. reward: 7.498, 1.761 sec/game, 2.8 min. total, 504.8 MB
cocoa_revisable v2 117 games, 84742 moves, e=0.916, loss: 827.1, -, 33.3% elo% vs. v1, avg. reward: 7.508, 1.798 sec/game, 2.8 min. total, 507.0 MB
cocoa_revisable v2 118 games, 85420 moves, e=0.915, loss: 791.5, -, 32.0% elo% vs. v1, avg. reward: 7.590, 1.795 sec/game, 2.8 min. total, 505.3 MB
cocoa_revisable v2 119 games, 86131 moves, e=0.915, loss: 936.9, -, 30.7% elo% vs. v1, avg. reward: 7.609, 1.788 sec/game, 2.8 min. total, 508.7 MB
cocoa_revisable v2 120 games, 86887 moves, e=0.914, loss: 958.8, -, 29.5% elo% vs. v1, avg. reward: 7.622, 1.787 sec/game, 2.9 min. total, 510.1 MB
cocoa_revisable v2 121 games, 87682 moves, e=0.913, loss: 1083.9, +, 32.3% elo% vs. v1, avg. reward: 7.667, 1.798 sec/game, 2.9 min. total, 508.1 MB
cocoa_revisable v2 122 games, 88383 moves, e=0.913, loss: 1086.6, ., 33.0% elo% vs. v1, avg. reward: 7.627, 1.795 sec/game, 2.9 min. total, 508.1 MB
cocoa_revisable v2 123 games, 89235 moves, e=0.912, loss: 1021.5, -, 31.7% elo% vs. v1, avg. reward: 7.639, 1.807 sec/game, 3.0 min. total, 508.3 MB
cocoa_revisable v2 124 games, 89972 moves, e=0.911, loss: 978.6, ., 32.4% elo% vs. v1, avg. reward: 7.683, 1.801 sec/game, 3.0 min. total, 508.5 MB
cocoa_revisable v2 125 games, 90717 moves, e=0.910, loss: 894.9, +, 35.2% elo% vs. v1, avg. reward: 7.705, 1.820 sec/game, 3.0 min. total, 510.5 MB
cocoa_revisable v2 126 games, 91414 moves, e=0.910, loss: 953.9, +, 37.9% elo% vs. v1, avg. reward: 7.820, 1.795 sec/game, 3.0 min. total, 512.0 MB
cocoa_revisable v2 127 games, 92173 moves, e=0.909, loss: 981.0, -, 36.3% elo% vs. v1, avg. reward: 7.939, 1.840 sec/game, 3.1 min. total, 511.8 MB
cocoa_revisable v2 128 games, 92900 moves, e=0.908, loss: 1038.4, -, 34.8% elo% vs. v1, avg. reward: 7.844, 1.829 sec/game, 3.1 min. total, 512.7 MB
cocoa_revisable v2 129 games, 93648 moves, e=0.907, loss: 1118.3, -, 33.3% elo% vs. v1, avg. reward: 7.810, 1.840 sec/game, 3.2 min. total, 512.5 MB
cocoa_revisable v2 130 games, 94401 moves, e=0.907, loss: 1093.4, -, 32.0% elo% vs. v1, avg. reward: 7.876, 1.828 sec/game, 3.2 min. total, 514.5 MB
cocoa_revisable v2 131 games, 95181 moves, e=0.906, loss: 1042.1, -, 30.7% elo% vs. v1, avg. reward: 7.885, 1.805 sec/game, 3.2 min. total, 514.7 MB
cocoa_revisable v2 132 games, 95921 moves, e=0.905, loss: 1062.2, -, 29.5% elo% vs. v1, avg. reward: 8.043, 1.799 sec/game, 3.2 min. total, 514.6 MB
cocoa_revisable v2 133 games, 96659 moves, e=0.904, loss: 984.9, -, 28.4% elo% vs. v1, avg. reward: 8.131, 1.817 sec/game, 3.3 min. total, 513.2 MB
cocoa_revisable v2 134 games, 97366 moves, e=0.904, loss: 998.0, -, 27.4% elo% vs. v1, avg. reward: 8.111, 1.827 sec/game, 3.3 min. total, 513.2 MB
cocoa_revisable v2 135 games, 98227 moves, e=0.903, loss: 1016.7, -, 26.4% elo% vs. v1, avg. reward: 8.235, 1.858 sec/game, 3.3 min. total, 513.3 MB
cocoa_revisable v2 136 games, 98984 moves, e=0.902, loss: 1027.0, -, 25.4% elo% vs. v1, avg. reward: 8.282, 1.860 sec/game, 3.4 min. total, 516.5 MB
cocoa_revisable v2 137 games, 99806 moves, e=0.901, loss: 1048.7, -, 24.6% elo% vs. v1, avg. reward: 8.387, 1.851 sec/game, 3.4 min. total, 516.7 MB
cocoa_revisable v2 138 games, 100598 moves, e=0.900, loss: 1143.1, -, 23.7% elo% vs. v1, avg. reward: 8.455, 1.880 sec/game, 3.4 min. total, 517.0 MB
cocoa_revisable v2 139 games, 101377 moves, e=0.900, loss: 1171.0, -, 22.9% elo% vs. v1, avg. reward: 8.553, 1.915 sec/game, 3.5 min. total, 517.0 MB
cocoa_revisable v2 140 games, 102187 moves, e=0.899, loss: 1116.3, +, 25.6% elo% vs. v1, avg. reward: 8.540, 1.925 sec/game, 3.5 min. total, 517.5 MB
cocoa_revisable v2 141 games, 103055 moves, e=0.898, loss: 1038.8, -, 24.7% elo% vs. v1, avg. reward: 8.479, 1.929 sec/game, 3.6 min. total, 517.3 MB
cocoa_revisable v2 142 games, 103735 moves, e=0.897, loss: 1063.7, -, 23.8% elo% vs. v1, avg. reward: 8.455, 1.934 sec/game, 3.6 min. total, 517.7 MB
cocoa_revisable v2 143 games, 104627 moves, e=0.896, loss: 1045.2, -, 23.0% elo% vs. v1, avg. reward: 8.510, 1.941 sec/game, 3.6 min. total, 517.5 MB
cocoa_revisable v2 144 games, 105391 moves, e=0.896, loss: 1116.0, -, 22.3% elo% vs. v1, avg. reward: 8.562, 1.955 sec/game, 3.6 min. total, 517.7 MB
cocoa_revisable v2 145 games, 106121 moves, e=0.895, loss: 1203.9, -, 21.6% elo% vs. v1, avg. reward: 8.583, 1.940 sec/game, 3.7 min. total, 518.8 MB
cocoa_revisable v2 146 games, 106891 moves, e=0.894, loss: 1280.3, +, 24.1% elo% vs. v1, avg. reward: 8.636, 1.941 sec/game, 3.7 min. total, 518.3 MB
cocoa_revisable v2 147 games, 107692 moves, e=0.893, loss: 1270.1, -, 23.3% elo% vs. v1, avg. reward: 8.610, 1.887 sec/game, 3.7 min. total, 518.3 MB
cocoa_revisable v2 148 games, 108469 moves, e=0.893, loss: 1229.0, -, 22.6% elo% vs. v1, avg. reward: 8.582, 1.929 sec/game, 3.8 min. total, 520.4 MB
cocoa_revisable v2 149 games, 109333 moves, e=0.892, loss: 1155.7, -, 21.9% elo% vs. v1, avg. reward: 8.633, 1.936 sec/game, 3.8 min. total, 518.4 MB
cocoa_revisable v2 150 games, 109985 moves, e=0.891, loss: 1116.0, -, 21.2% elo% vs. v1, avg. reward: 8.699, 1.928 sec/game, 3.8 min. total, 518.4 MB
cocoa_revisable v2 151 games, 110902 moves, e=0.890, loss: 1095.6, -, 20.5% elo% vs. v1, avg. reward: 8.783, 1.958 sec/game, 3.9 min. total, 520.4 MB
cocoa_revisable v2 152 games, 111500 moves, e=0.890, loss: 1115.5, -, 19.9% elo% vs. v1, avg. reward: 8.811, 1.960 sec/game, 3.9 min. total, 522.4 MB
cocoa_revisable v2 153 games, 112136 moves, e=0.889, loss: 1190.6, +, 22.4% elo% vs. v1, avg. reward: 8.840, 1.940 sec/game, 3.9 min. total, 522.3 MB
cocoa_revisable v2 154 games, 112876 moves, e=0.888, loss: 1112.4, +, 25.0% elo% vs. v1, avg. reward: 8.805, 1.964 sec/game, 4.0 min. total, 522.3 MB
cocoa_revisable v2 155 games, 113662 moves, e=0.887, loss: 1130.8, +, 27.6% elo% vs. v1, avg. reward: 8.811, 1.929 sec/game, 4.0 min. total, 522.7 MB
cocoa_revisable v2 156 games, 114357 moves, e=0.887, loss: 1182.9, -, 26.6% elo% vs. v1, avg. reward: 8.840, 1.919 sec/game, 4.0 min. total, 522.9 MB
cocoa_revisable v2 157 games, 115045 moves, e=0.886, loss: 1263.4, -, 25.7% elo% vs. v1, avg. reward: 8.701, 1.900 sec/game, 4.0 min. total, 522.5 MB
cocoa_revisable v2 158 games, 115798 moves, e=0.885, loss: 1238.5, -, 24.8% elo% vs. v1, avg. reward: 8.663, 1.884 sec/game, 4.1 min. total, 522.2 MB
cocoa_revisable v2 159 games, 116327 moves, e=0.885, loss: 1216.9, -, 24.0% elo% vs. v1, avg. reward: 8.663, 1.831 sec/game, 4.1 min. total, 524.9 MB
cocoa_revisable v2 160 games, 117214 moves, e=0.884, loss: 1303.3, -, 23.2% elo% vs. v1, avg. reward: 8.638, 1.835 sec/game, 4.1 min. total, 524.8 MB
cocoa_revisable v2 161 games, 117844 moves, e=0.883, loss: 1336.5, -, 22.4% elo% vs. v1, avg. reward: 8.677, 1.812 sec/game, 4.2 min. total, 524.8 MB
cocoa_revisable v2 162 games, 118558 moves, e=0.883, loss: 1242.2, -, 21.7% elo% vs. v1, avg. reward: 8.463, 1.828 sec/game, 4.2 min. total, 524.9 MB
cocoa_revisable v2 163 games, 119271 moves, e=0.882, loss: 1169.8, -, 21.0% elo% vs. v1, avg. reward: 8.373, 1.803 sec/game, 4.2 min. total, 525.8 MB
cocoa_revisable v2 164 games, 120050 moves, e=0.881, loss: 1240.6, -, 20.4% elo% vs. v1, avg. reward: 8.416, 1.805 sec/game, 4.2 min. total, 526.5 MB
cocoa_revisable v2 165 games, 120923 moves, e=0.880, loss: 1324.0, -, 19.8% elo% vs. v1, avg. reward: 8.575, 1.834 sec/game, 4.3 min. total, 524.6 MB
cocoa_revisable v2 166 games, 121628 moves, e=0.880, loss: 1242.4, +, 22.2% elo% vs. v1, avg. reward: 8.651, 1.837 sec/game, 4.3 min. total, 524.4 MB
cocoa_revisable v2 167 games, 122325 moves, e=0.879, loss: 1262.4, -, 21.5% elo% vs. v1, avg. reward: 8.630, 1.823 sec/game, 4.3 min. total, 524.6 MB
cocoa_revisable v2 168 games, 123123 moves, e=0.878, loss: 1257.7, ., 22.4% elo% vs. v1, avg. reward: 8.697, 1.781 sec/game, 4.4 min. total, 524.5 MB
cocoa_revisable v2 169 games, 123977 moves, e=0.877, loss: 1314.9, -, 21.7% elo% vs. v1, avg. reward: 8.732, 1.778 sec/game, 4.4 min. total, 525.0 MB
cocoa_revisable v2 170 games, 124726 moves, e=0.877, loss: 1347.9, -, 21.1% elo% vs. v1, avg. reward: 8.679, 1.773 sec/game, 4.4 min. total, 526.9 MB
cocoa_revisable v2 171 games, 125632 moves, e=0.876, loss: 1394.1, -, 20.4% elo% vs. v1, avg. reward: 8.770, 1.753 sec/game, 4.5 min. total, 527.2 MB
cocoa_revisable v2 172 games, 126465 moves, e=0.875, loss: 1564.4, -, 19.8% elo% vs. v1, avg. reward: 8.768, 1.764 sec/game, 4.5 min. total, 528.6 MB
cocoa_revisable v2 173 games, 127331 moves, e=0.874, loss: 1570.9, -, 19.2% elo% vs. v1, avg. reward: 8.769, 1.779 sec/game, 4.5 min. total, 529.6 MB
cocoa_revisable v2 174 games, 128129 moves, e=0.873, loss: 1407.2, -, 18.7% elo% vs. v1, avg. reward: 8.754, 1.769 sec/game, 4.6 min. total, 527.7 MB
cocoa_revisable v2 175 games, 128822 moves, e=0.872, loss: 1384.8, -, 18.2% elo% vs. v1, avg. reward: 8.811, 1.755 sec/game, 4.6 min. total, 529.8 MB
cocoa_revisable v2 176 games, 129568 moves, e=0.872, loss: 1413.9, -, 17.7% elo% vs. v1, avg. reward: 8.880, 1.750 sec/game, 4.6 min. total, 529.8 MB
cocoa_revisable v2 177 games, 130487 moves, e=0.871, loss: 1477.5, +, 20.0% elo% vs. v1, avg. reward: 8.971, 1.775 sec/game, 4.6 min. total, 527.6 MB
cocoa_revisable v2 178 games, 131245 moves, e=0.870, loss: 1483.3, -, 19.4% elo% vs. v1, avg. reward: 8.851, 1.764 sec/game, 4.7 min. total, 528.3 MB
cocoa_revisable v2 179 games, 132151 moves, e=0.869, loss: 1467.0, +, 21.8% elo% vs. v1, avg. reward: 8.860, 1.804 sec/game, 4.7 min. total, 528.8 MB
cocoa_revisable v2 180 games, 132967 moves, e=0.868, loss: 1555.5, +, 24.4% elo% vs. v1, avg. reward: 8.991, 1.796 sec/game, 4.7 min. total, 530.3 MB
cocoa_revisable v2 181 games, 133843 moves, e=0.867, loss: 1401.6, +, 27.1% elo% vs. v1, avg. reward: 8.925, 1.825 sec/game, 4.8 min. total, 530.3 MB
cocoa_revisable v2 182 games, 134608 moves, e=0.867, loss: 1503.2, -, 26.1% elo% vs. v1, avg. reward: 8.837, 1.821 sec/game, 4.8 min. total, 534.0 MB
cocoa_revisable v2 183 games, 135561 moves, e=0.866, loss: 1401.6, -, 25.2% elo% vs. v1, avg. reward: 8.895, 1.855 sec/game, 4.8 min. total, 532.3 MB
cocoa_revisable v2 184 games, 136206 moves, e=0.865, loss: 1505.3, -, 24.3% elo% vs. v1, avg. reward: 8.924, 1.834 sec/game, 4.9 min. total, 532.4 MB
cocoa_revisable v2 185 games, 136946 moves, e=0.864, loss: 1535.3, -, 23.5% elo% vs. v1, avg. reward: 8.984, 1.793 sec/game, 4.9 min. total, 531.7 MB
cocoa_revisable v2 186 games, 137868 moves, e=0.864, loss: 1514.0, +, 26.1% elo% vs. v1, avg. reward: 9.049, 1.814 sec/game, 4.9 min. total, 533.6 MB
cocoa_revisable v2 187 games, 138619 moves, e=0.863, loss: 1482.6, -, 25.2% elo% vs. v1, avg. reward: 9.092, 1.814 sec/game, 4.9 min. total, 534.1 MB
cocoa_revisable v2 188 games, 139431 moves, e=0.862, loss: 1384.1, -, 24.3% elo% vs. v1, avg. reward: 9.112, 1.829 sec/game, 5.0 min. total, 533.0 MB
cocoa_revisable v2 189 games, 140236 moves, e=0.861, loss: 1351.4, +, 27.0% elo% vs. v1, avg. reward: 9.116, 1.817 sec/game, 5.0 min. total, 534.9 MB
cocoa_revisable v2 190 games, 141016 moves, e=0.860, loss: 1349.2, -, 26.0% elo% vs. v1, avg. reward: 9.145, 1.820 sec/game, 5.0 min. total, 532.7 MB
cocoa_revisable v2 191 games, 141867 moves, e=0.860, loss: 1447.0, -, 25.1% elo% vs. v1, avg. reward: 9.113, 1.820 sec/game, 5.1 min. total, 535.1 MB
cocoa_revisable v2 192 games, 142526 moves, e=0.859, loss: 1385.4, -, 24.3% elo% vs. v1, avg. reward: 9.115, 1.789 sec/game, 5.1 min. total, 533.4 MB
cocoa_revisable v2 193 games, 143271 moves, e=0.858, loss: 1352.0, -, 23.4% elo% vs. v1, avg. reward: 9.109, 1.787 sec/game, 5.1 min. total, 534.2 MB
cocoa_revisable v2 194 games, 143994 moves, e=0.857, loss: 1395.8, +, 26.1% elo% vs. v1, avg. reward: 9.256, 1.764 sec/game, 5.1 min. total, 536.3 MB
cocoa_revisable v2 195 games, 144821 moves, e=0.857, loss: 1295.6, ., 26.9% elo% vs. v1, avg. reward: 9.342, 1.791 sec/game, 5.2 min. total, 537.7 MB
cocoa_revisable v2 196 games, 145557 moves, e=0.856, loss: 1333.0, +, 29.7% elo% vs. v1, avg. reward: 9.280, 1.793 sec/game, 5.2 min. total, 537.8 MB
cocoa_revisable v2 197 games, 146260 moves, e=0.855, loss: 1362.7, +, 32.4% elo% vs. v1, avg. reward: 9.291, 1.773 sec/game, 5.2 min. total, 539.3 MB
cocoa_revisable v2 198 games, 147133 moves, e=0.854, loss: 1416.1, +, 35.2% elo% vs. v1, avg. reward: 9.355, 1.791 sec/game, 5.3 min. total, 539.4 MB
cocoa_revisable v2 199 games, 147961 moves, e=0.854, loss: 1382.9, +, 38.0% elo% vs. v1, avg. reward: 9.463, 1.781 sec/game, 5.3 min. total, 539.4 MB
cocoa_revisable v2 200 games, 148790 moves, e=0.853, loss: 1379.8, -, 36.3% elo% vs. v1, avg. reward: 9.460, 1.794 sec/game, 5.3 min. total, 537.4 MB
cocoa_revisable v3 201 games, 149647 moves, e=0.852, loss: 1425.0, +, 52.3% elo% vs. v1, avg. reward: 9.443, 1.792 sec/game, 5.4 min. total, 539.7 MB
cocoa_revisable v3 202 games, 150395 moves, e=0.851, loss: 1472.7, +, 54.5% elo% vs. v1, avg. reward: 9.466, 1.787 sec/game, 5.4 min. total, 539.5 MB
cocoa_revisable v3 203 games, 151038 moves, e=0.850, loss: 1466.3, +, 56.6% elo% vs. v1, avg. reward: 9.379, 1.752 sec/game, 5.4 min. total, 540.5 MB
cocoa_revisable v3 204 games, 151749 moves, e=0.850, loss: 1392.8, -, 54.0% elo% vs. v1, avg. reward: 9.356, 1.767 sec/game, 5.4 min. total, 542.4 MB
cocoa_revisable v3 205 games, 152494 moves, e=0.849, loss: 1406.6, -, 51.5% elo% vs. v1, avg. reward: 9.430, 1.795 sec/game, 5.5 min. total, 540.5 MB
cocoa_revisable v3 206 games, 153261 moves, e=0.848, loss: 1430.2, -, 49.1% elo% vs. v1, avg. reward: 9.400, 1.772 sec/game, 5.5 min. total, 542.4 MB
cocoa_revisable v3 207 games, 154077 moves, e=0.847, loss: 1376.8, -, 46.9% elo% vs. v1, avg. reward: 9.435, 1.790 sec/game, 5.5 min. total, 542.5 MB
cocoa_revisable v3 208 games, 154925 moves, e=0.847, loss: 1284.1, -, 44.7% elo% vs. v1, avg. reward: 9.429, 1.796 sec/game, 5.6 min. total, 540.6 MB
cocoa_revisable v3 209 games, 155824 moves, e=0.846, loss: 1217.3, -, 42.7% elo% vs. v1, avg. reward: 9.535, 1.811 sec/game, 5.6 min. total, 540.6 MB
cocoa_revisable v3 210 games, 156675 moves, e=0.845, loss: 1202.4, +, 45.3% elo% vs. v1, avg. reward: 9.547, 1.825 sec/game, 5.6 min. total, 540.5 MB
cocoa_revisable v3 211 games, 157444 moves, e=0.844, loss: 1266.2, -, 43.2% elo% vs. v1, avg. reward: 9.590, 1.810 sec/game, 5.7 min. total, 540.9 MB
cocoa_revisable v3 212 games, 158349 moves, e=0.843, loss: 1327.2, +, 45.8% elo% vs. v1, avg. reward: 9.859, 1.839 sec/game, 5.7 min. total, 545.5 MB
cocoa_revisable v3 213 games, 159182 moves, e=0.842, loss: 1465.6, -, 43.7% elo% vs. v1, avg. reward: 9.912, 1.848 sec/game, 5.7 min. total, 545.1 MB
cocoa_revisable v3 214 games, 159971 moves, e=0.842, loss: 1531.8, +, 46.3% elo% vs. v1, avg. reward: 10.073, 1.860 sec/game, 5.8 min. total, 543.7 MB
cocoa_revisable v3 215 games, 160728 moves, e=0.841, loss: 1437.1, -, 44.2% elo% vs. v1, avg. reward: 10.054, 1.849 sec/game, 5.8 min. total, 543.7 MB
cocoa_revisable v3 216 games, 161523 moves, e=0.840, loss: 1463.0, -, 42.2% elo% vs. v1, avg. reward: 10.074, 1.852 sec/game, 5.8 min. total, 546.0 MB
cocoa_revisable v3 217 games, 162238 moves, e=0.839, loss: 1468.8, +, 44.8% elo% vs. v1, avg. reward: 9.967, 1.857 sec/game, 5.8 min. total, 544.0 MB
cocoa_revisable v3 218 games, 163081 moves, e=0.839, loss: 1488.7, +, 47.3% elo% vs. v1, avg. reward: 9.947, 1.858 sec/game, 5.9 min. total, 544.1 MB
cocoa_revisable v3 219 games, 163926 moves, e=0.838, loss: 1484.5, -, 45.2% elo% vs. v1, avg. reward: 9.961, 1.859 sec/game, 5.9 min. total, 547.6 MB
cocoa_revisable v3 220 games, 164650 moves, e=0.837, loss: 1541.3, -, 43.1% elo% vs. v1, avg. reward: 9.929, 1.844 sec/game, 5.9 min. total, 547.7 MB
cocoa_revisable v3 221 games, 165395 moves, e=0.836, loss: 1607.3, +, 45.7% elo% vs. v1, avg. reward: 10.018, 1.827 sec/game, 6.0 min. total, 547.8 MB
cocoa_revisable v3 222 games, 166157 moves, e=0.836, loss: 1636.0, +, 48.2% elo% vs. v1, avg. reward: 10.016, 1.833 sec/game, 6.0 min. total, 549.7 MB
cocoa_revisable v3 223 games, 166951 moves, e=0.835, loss: 1607.6, -, 46.0% elo% vs. v1, avg. reward: 10.038, 1.846 sec/game, 6.0 min. total, 545.8 MB
cocoa_revisable v3 224 games, 167957 moves, e=0.834, loss: 1471.2, ., 46.2% elo% vs. v1, avg. reward: 10.143, 1.874 sec/game, 6.1 min. total, 545.6 MB
cocoa_revisable v3 225 games, 168814 moves, e=0.833, loss: 1638.0, -, 44.1% elo% vs. v1, avg. reward: 10.121, 1.863 sec/game, 6.1 min. total, 548.0 MB
cocoa_revisable v3 226 games, 169478 moves, e=0.832, loss: 1770.1, -, 42.1% elo% vs. v1, avg. reward: 10.017, 1.862 sec/game, 6.1 min. total, 548.3 MB
cocoa_revisable v3 227 games, 170396 moves, e=0.831, loss: 1614.0, +, 44.7% elo% vs. v1, avg. reward: 10.037, 1.874 sec/game, 6.2 min. total, 551.2 MB
cocoa_revisable v3 228 games, 171105 moves, e=0.831, loss: 1502.7, +, 47.2% elo% vs. v1, avg. reward: 10.070, 1.844 sec/game, 6.2 min. total, 553.0 MB
cocoa_revisable v3 229 games, 171877 moves, e=0.830, loss: 1636.1, +, 49.6% elo% vs. v1, avg. reward: 10.095, 1.831 sec/game, 6.2 min. total, 554.9 MB
cocoa_revisable v3 230 games, 172707 moves, e=0.829, loss: 1661.3, -, 47.4% elo% vs. v1, avg. reward: 10.053, 1.832 sec/game, 6.2 min. total, 553.1 MB
cocoa_revisable v3 231 games, 173561 moves, e=0.828, loss: 1632.2, +, 49.8% elo% vs. v1, avg. reward: 10.112, 1.838 sec/game, 6.3 min. total, 553.2 MB
cocoa_revisable v3 232 games, 174311 moves, e=0.827, loss: 1540.4, -, 47.5% elo% vs. v1, avg. reward: 10.022, 1.823 sec/game, 6.3 min. total, 553.0 MB
cocoa_revisable v3 233 games, 175026 moves, e=0.827, loss: 1488.9, -, 45.3% elo% vs. v1, avg. reward: 9.969, 1.815 sec/game, 6.3 min. total, 553.2 MB
cocoa_revisable v3 234 games, 175793 moves, e=0.826, loss: 1458.9, -, 43.3% elo% vs. v1, avg. reward: 10.035, 1.823 sec/game, 6.4 min. total, 553.6 MB
cocoa_revisable v3 235 games, 176716 moves, e=0.825, loss: 1433.2, -, 41.3% elo% vs. v1, avg. reward: 9.958, 1.847 sec/game, 6.4 min. total, 555.4 MB
cocoa_revisable v3 236 games, 177561 moves, e=0.824, loss: 1663.5, -, 39.5% elo% vs. v1, avg. reward: 9.974, 1.863 sec/game, 6.4 min. total, 556.1 MB
cocoa_revisable v3 237 games, 178444 moves, e=0.823, loss: 1653.7, -, 37.8% elo% vs. v1, avg. reward: 10.041, 1.885 sec/game, 6.5 min. total, 556.2 MB
cocoa_revisable v3 238 games, 179196 moves, e=0.823, loss: 1654.2, +, 40.5% elo% vs. v1, avg. reward: 10.011, 1.862 sec/game, 6.5 min. total, 556.2 MB
cocoa_revisable v3 239 games, 180075 moves, e=0.822, loss: 1475.7, -, 38.7% elo% vs. v1, avg. reward: 10.029, 1.872 sec/game, 6.5 min. total, 556.5 MB
cocoa_revisable v3 240 games, 180892 moves, e=0.821, loss: 1801.8, +, 41.4% elo% vs. v1, avg. reward: 10.068, 1.888 sec/game, 6.6 min. total, 556.6 MB
cocoa_revisable v3 241 games, 181642 moves, e=0.820, loss: 1763.4, -, 39.6% elo% vs. v1, avg. reward: 10.194, 1.890 sec/game, 6.6 min. total, 554.8 MB
cocoa_revisable v3 242 games, 182476 moves, e=0.819, loss: 1931.0, -, 37.8% elo% vs. v1, avg. reward: 10.209, 1.891 sec/game, 6.6 min. total, 556.7 MB
cocoa_revisable v3 243 games, 183310 moves, e=0.819, loss: 1863.3, +, 40.6% elo% vs. v1, avg. reward: 10.259, 1.905 sec/game, 6.7 min. total, 557.6 MB
cocoa_revisable v3 244 games, 184019 moves, e=0.818, loss: 1824.2, -, 38.8% elo% vs. v1, avg. reward: 10.301, 1.867 sec/game, 6.7 min. total, 558.2 MB
cocoa_revisable v3 245 games, 184813 moves, e=0.817, loss: 1918.9, -, 37.1% elo% vs. v1, avg. reward: 10.251, 1.866 sec/game, 6.7 min. total, 558.4 MB
cocoa_revisable v3 246 games, 185712 moves, e=0.816, loss: 1951.2, -, 35.5% elo% vs. v1, avg. reward: 10.281, 1.882 sec/game, 6.8 min. total, 558.0 MB
cocoa_revisable v3 247 games, 186585 moves, e=0.815, loss: 1828.0, -, 34.0% elo% vs. v1, avg. reward: 10.342, 1.883 sec/game, 6.8 min. total, 560.2 MB
cocoa_revisable v3 248 games, 187316 moves, e=0.815, loss: 1792.2, -, 32.6% elo% vs. v1, avg. reward: 10.519, 1.894 sec/game, 6.8 min. total, 560.8 MB
cocoa_revisable v3 249 games, 188172 moves, e=0.814, loss: 1806.1, -, 31.3% elo% vs. v1, avg. reward: 10.546, 1.911 sec/game, 6.9 min. total, 559.3 MB
cocoa_revisable v3 250 games, 189138 moves, e=0.813, loss: 1807.9, -, 30.1% elo% vs. v1, avg. reward: 10.566, 1.914 sec/game, 6.9 min. total, 559.5 MB
cocoa_revisable v3 251 games, 189973 moves, e=0.812, loss: 1898.2, -, 29.0% elo% vs. v1, avg. reward: 10.530, 1.932 sec/game, 6.9 min. total, 560.0 MB
cocoa_revisable v3 252 games, 190776 moves, e=0.811, loss: 1855.0, -, 27.9% elo% vs. v1, avg. reward: 10.514, 1.935 sec/game, 7.0 min. total, 562.6 MB
cocoa_revisable v3 253 games, 191466 moves, e=0.810, loss: 1718.4, -, 26.9% elo% vs. v1, avg. reward: 10.568, 1.925 sec/game, 7.0 min. total, 563.5 MB
cocoa_revisable v3 254 games, 192510 moves, e=0.809, loss: 1680.0, -, 25.9% elo% vs. v1, avg. reward: 10.649, 1.948 sec/game, 7.0 min. total, 563.7 MB
cocoa_revisable v3 255 games, 193295 moves, e=0.809, loss: 1751.0, -, 25.0% elo% vs. v1, avg. reward: 10.658, 1.935 sec/game, 7.0 min. total, 563.9 MB
cocoa_revisable v3 256 games, 194075 moves, e=0.808, loss: 1815.0, -, 24.1% elo% vs. v1, avg. reward: 10.755, 1.923 sec/game, 7.1 min. total, 563.7 MB
cocoa_revisable v3 257 games, 194914 moves, e=0.807, loss: 1801.1, -, 23.3% elo% vs. v1, avg. reward: 10.874, 1.905 sec/game, 7.1 min. total, 564.4 MB
cocoa_revisable v3 258 games, 195888 moves, e=0.806, loss: 1736.8, +, 25.9% elo% vs. v1, avg. reward: 10.990, 1.945 sec/game, 7.2 min. total, 564.6 MB
cocoa_revisable v3 259 games, 196699 moves, e=0.805, loss: 1685.0, +, 28.7% elo% vs. v1, avg. reward: 11.035, 1.934 sec/game, 7.2 min. total, 566.5 MB
cocoa_revisable v3 260 games, 197562 moves, e=0.804, loss: 1891.9, ., 29.5% elo% vs. v1, avg. reward: 11.073, 1.934 sec/game, 7.2 min. total, 564.7 MB
cocoa_revisable v3 261 games, 198355 moves, e=0.804, loss: 1984.5, -, 28.4% elo% vs. v1, avg. reward: 11.049, 1.935 sec/game, 7.2 min. total, 566.6 MB
cocoa_revisable v3 262 games, 199208 moves, e=0.803, loss: 2001.4, -, 27.3% elo% vs. v1, avg. reward: 11.146, 1.948 sec/game, 7.3 min. total, 567.5 MB
cocoa_revisable v3 263 games, 199902 moves, e=0.802, loss: 2076.9, +, 30.0% elo% vs. v1, avg. reward: 11.156, 1.922 sec/game, 7.3 min. total, 567.7 MB
cocoa_revisable v3 264 games, 200608 moves, e=0.801, loss: 2097.8, +, 32.8% elo% vs. v1, avg. reward: 11.133, 1.933 sec/game, 7.3 min. total, 567.7 MB
cocoa_revisable v3 265 games, 201377 moves, e=0.801, loss: 2170.3, -, 31.5% elo% vs. v1, avg. reward: 11.094, 1.933 sec/game, 7.4 min. total, 570.0 MB
cocoa_revisable v3 266 games, 202169 moves, e=0.800, loss: 2155.5, +, 34.3% elo% vs. v1, avg. reward: 11.140, 1.922 sec/game, 7.4 min. total, 567.7 MB
cocoa_revisable v3 267 games, 203003 moves, e=0.799, loss: 1956.8, -, 32.9% elo% vs. v1, avg. reward: 11.165, 1.910 sec/game, 7.4 min. total, 567.8 MB
cocoa_revisable v3 268 games, 203879 moves, e=0.798, loss: 2065.2, -, 31.5% elo% vs. v1, avg. reward: 11.112, 1.926 sec/game, 7.5 min. total, 568.1 MB
cocoa_revisable v3 269 games, 204748 moves, e=0.797, loss: 2080.5, +, 34.3% elo% vs. v1, avg. reward: 11.105, 1.925 sec/game, 7.5 min. total, 568.9 MB
cocoa_revisable v3 270 games, 205468 moves, e=0.797, loss: 2087.6, ., 35.0% elo% vs. v1, avg. reward: 11.080, 1.910 sec/game, 7.5 min. total, 570.9 MB
cocoa_revisable v3 271 games, 206322 moves, e=0.796, loss: 2005.8, +, 37.8% elo% vs. v1, avg. reward: 11.078, 1.896 sec/game, 7.6 min. total, 570.8 MB
cocoa_revisable v3 272 games, 207251 moves, e=0.795, loss: 2156.3, -, 36.1% elo% vs. v1, avg. reward: 11.189, 1.923 sec/game, 7.6 min. total, 570.8 MB
cocoa_revisable v3 273 games, 207963 moves, e=0.794, loss: 2091.2, -, 34.6% elo% vs. v1, avg. reward: 11.052, 1.925 sec/game, 7.6 min. total, 570.9 MB
cocoa_revisable v3 274 games, 208832 moves, e=0.793, loss: 2026.1, +, 37.4% elo% vs. v1, avg. reward: 11.035, 1.911 sec/game, 7.7 min. total, 573.0 MB
cocoa_revisable v3 275 games, 209563 moves, e=0.793, loss: 1880.5, -, 35.8% elo% vs. v1, avg. reward: 10.968, 1.903 sec/game, 7.7 min. total, 570.4 MB
cocoa_revisable v3 276 games, 210439 moves, e=0.792, loss: 1903.7, -, 34.3% elo% vs. v1, avg. reward: 11.012, 1.913 sec/game, 7.7 min. total, 571.1 MB
cocoa_revisable v3 277 games, 211490 moves, e=0.791, loss: 1885.5, -, 32.9% elo% vs. v1, avg. reward: 11.069, 1.942 sec/game, 7.8 min. total, 571.2 MB
cocoa_revisable v3 278 games, 212227 moves, e=0.790, loss: 1780.2, +, 35.7% elo% vs. v1, avg. reward: 11.197, 1.911 sec/game, 7.8 min. total, 572.9 MB
cocoa_revisable v3 279 games, 213051 moves, e=0.789, loss: 1762.4, -, 34.2% elo% vs. v1, avg. reward: 11.263, 1.914 sec/game, 7.8 min. total, 574.9 MB
cocoa_revisable v3 280 games, 213800 moves, e=0.788, loss: 1858.4, -, 32.8% elo% vs. v1, avg. reward: 11.208, 1.901 sec/game, 7.8 min. total, 574.9 MB
cocoa_revisable v3 281 games, 214706 moves, e=0.787, loss: 1861.2, -, 31.5% elo% vs. v1, avg. reward: 11.226, 1.918 sec/game, 7.9 min. total, 575.1 MB
cocoa_revisable v3 282 games, 215479 moves, e=0.787, loss: 1855.2, -, 30.2% elo% vs. v1, avg. reward: 11.165, 1.907 sec/game, 7.9 min. total, 572.5 MB
cocoa_revisable v3 283 games, 216387 moves, e=0.786, loss: 1786.6, -, 29.1% elo% vs. v1, avg. reward: 11.132, 1.936 sec/game, 7.9 min. total, 575.0 MB
cocoa_revisable v3 284 games, 217373 moves, e=0.785, loss: 1926.4, +, 31.8% elo% vs. v1, avg. reward: 11.207, 1.967 sec/game, 8.0 min. total, 572.6 MB
cocoa_revisable v3 285 games, 218161 moves, e=0.784, loss: 1948.6, +, 34.6% elo% vs. v1, avg. reward: 11.281, 1.971 sec/game, 8.0 min. total, 576.1 MB
cocoa_revisable v3 286 games, 219000 moves, e=0.783, loss: 2061.0, +, 37.4% elo% vs. v1, avg. reward: 11.303, 1.973 sec/game, 8.1 min. total, 577.4 MB
cocoa_revisable v3 287 games, 219944 moves, e=0.782, loss: 1835.5, -, 35.8% elo% vs. v1, avg. reward: 11.260, 1.998 sec/game, 8.1 min. total, 580.0 MB
cocoa_revisable v3 288 games, 220751 moves, e=0.781, loss: 2027.8, -, 34.3% elo% vs. v1, avg. reward: 11.388, 1.987 sec/game, 8.1 min. total, 578.0 MB
cocoa_revisable v3 289 games, 221632 moves, e=0.781, loss: 2062.5, -, 32.9% elo% vs. v1, avg. reward: 11.346, 1.987 sec/game, 8.2 min. total, 576.1 MB
cocoa_revisable v3 290 games, 222543 moves, e=0.780, loss: 2015.7, -, 31.6% elo% vs. v1, avg. reward: 11.472, 2.002 sec/game, 8.2 min. total, 576.2 MB
cocoa_revisable v3 291 games, 223323 moves, e=0.779, loss: 2029.1, -, 30.3% elo% vs. v1, avg. reward: 11.491, 1.995 sec/game, 8.2 min. total, 576.1 MB
cocoa_revisable v3 292 games, 224396 moves, e=0.778, loss: 1893.5, -, 29.1% elo% vs. v1, avg. reward: 11.573, 2.014 sec/game, 8.3 min. total, 578.0 MB
cocoa_revisable v3 293 games, 225161 moves, e=0.777, loss: 1850.6, -, 28.1% elo% vs. v1, avg. reward: 11.554, 2.026 sec/game, 8.3 min. total, 578.0 MB
cocoa_revisable v3 294 games, 226127 moves, e=0.776, loss: 1905.5, -, 27.0% elo% vs. v1, avg. reward: 11.459, 2.031 sec/game, 8.3 min. total, 579.6 MB
cocoa_revisable v3 295 games, 226989 moves, e=0.775, loss: 1892.5, -, 26.0% elo% vs. v1, avg. reward: 11.517, 2.044 sec/game, 8.4 min. total, 581.2 MB
cocoa_revisable v3 296 games, 227767 moves, e=0.775, loss: 1915.9, -, 25.1% elo% vs. v1, avg. reward: 11.595, 2.038 sec/game, 8.4 min. total, 581.4 MB
cocoa_revisable v3 297 games, 228632 moves, e=0.774, loss: 1852.7, ., 26.0% elo% vs. v1, avg. reward: 11.651, 2.044 sec/game, 8.4 min. total, 579.5 MB
cocoa_revisable v3 298 games, 229735 moves, e=0.773, loss: 1764.0, -, 25.1% elo% vs. v1, avg. reward: 11.721, 2.105 sec/game, 8.5 min. total, 579.6 MB
cocoa_revisable v3 299 games, 230448 moves, e=0.772, loss: 1836.4, -, 24.2% elo% vs. v1, avg. reward: 11.611, 2.125 sec/game, 8.5 min. total, 581.4 MB
cocoa_revisable v3 300 games, 231301 moves, e=0.771, loss: 1862.5, -, 23.4% elo% vs. v1, avg. reward: 11.737, 2.160 sec/game, 8.6 min. total, 581.4 MB
cocoa_revisable v4 301 games, 232142 moves, e=0.770, loss: 1797.3, -, 47.7% elo% vs. v1, avg. reward: 11.659, 2.187 sec/game, 8.6 min. total, 581.5 MB
cocoa_revisable v4 302 games, 232922 moves, e=0.769, loss: 1735.1, -, 45.5% elo% vs. v1, avg. reward: 11.610, 2.213 sec/game, 8.7 min. total, 581.7 MB
cocoa_revisable v4 303 games, 233818 moves, e=0.769, loss: 1716.3, -, 43.4% elo% vs. v1, avg. reward: 11.727, 2.246 sec/game, 8.7 min. total, 582.8 MB
cocoa_revisable v4 304 games, 234729 moves, e=0.768, loss: 1807.4, -, 41.5% elo% vs. v1, avg. reward: 11.780, 2.256 sec/game, 8.7 min. total, 584.7 MB
cocoa_revisable v4 305 games, 235515 moves, e=0.767, loss: 1700.7, -, 39.6% elo% vs. v1, avg. reward: 11.735, 2.268 sec/game, 8.8 min. total, 582.8 MB
cocoa_revisable v4 306 games, 236526 moves, e=0.766, loss: 1720.0, -, 37.9% elo% vs. v1, avg. reward: 11.902, 2.310 sec/game, 8.8 min. total, 584.7 MB
cocoa_revisable v4 307 games, 237485 moves, e=0.765, loss: 1630.7, +, 40.6% elo% vs. v1, avg. reward: 12.019, 2.326 sec/game, 8.9 min. total, 582.9 MB
cocoa_revisable v4 308 games, 238263 moves, e=0.764, loss: 1608.4, -, 38.8% elo% vs. v1, avg. reward: 11.974, 2.338 sec/game, 8.9 min. total, 583.0 MB
cocoa_revisable v4 309 games, 239158 moves, e=0.763, loss: 1733.6, -, 37.2% elo% vs. v1, avg. reward: 11.934, 2.355 sec/game, 8.9 min. total, 585.5 MB
cocoa_revisable v4 310 games, 240028 moves, e=0.762, loss: 1766.2, -, 35.6% elo% vs. v1, avg. reward: 11.910, 2.369 sec/game, 9.0 min. total, 583.7 MB
cocoa_revisable v4 311 games, 240947 moves, e=0.761, loss: 1701.3, +, 38.3% elo% vs. v1, avg. reward: 11.849, 2.401 sec/game, 9.0 min. total, 587.5 MB
cocoa_revisable v4 312 games, 241790 moves, e=0.761, loss: 1764.3, +, 41.1% elo% vs. v1, avg. reward: 11.586, 2.373 sec/game, 9.1 min. total, 589.6 MB
cocoa_revisable v4 313 games, 242746 moves, e=0.760, loss: 1759.4, -, 39.2% elo% vs. v1, avg. reward: 11.526, 2.423 sec/game, 9.1 min. total, 587.5 MB
cocoa_revisable v4 314 games, 243510 moves, e=0.759, loss: 1712.8, -, 37.5% elo% vs. v1, avg. reward: 11.538, 2.409 sec/game, 9.1 min. total, 587.5 MB
cocoa_revisable v4 315 games, 244383 moves, e=0.758, loss: 1827.0, -, 35.9% elo% vs. v1, avg. reward: 11.574, 2.418 sec/game, 9.2 min. total, 589.4 MB
cocoa_revisable v4 316 games, 245292 moves, e=0.757, loss: 1715.1, -, 34.4% elo% vs. v1, avg. reward: 11.455, 2.430 sec/game, 9.2 min. total, 587.5 MB
cocoa_revisable v4 317 games, 246176 moves, e=0.756, loss: 1658.0, +, 37.2% elo% vs. v1, avg. reward: 11.483, 2.411 sec/game, 9.2 min. total, 587.5 MB
cocoa_revisable v4 318 games, 247082 moves, e=0.755, loss: 1714.2, -, 35.6% elo% vs. v1, avg. reward: 11.452, 2.367 sec/game, 9.3 min. total, 589.4 MB
cocoa_revisable v4 319 games, 248027 moves, e=0.754, loss: 1676.2, -, 34.1% elo% vs. v1, avg. reward: 11.486, 2.364 sec/game, 9.3 min. total, 590.6 MB
cocoa_revisable v4 320 games, 248770 moves, e=0.754, loss: 1643.8, -, 32.7% elo% vs. v1, avg. reward: 11.503, 2.332 sec/game, 9.3 min. total, 590.9 MB
cocoa_revisable v4 321 games, 249685 moves, e=0.753, loss: 1631.7, -, 31.4% elo% vs. v1, avg. reward: 11.472, 2.308 sec/game, 9.4 min. total, 591.1 MB
cocoa_revisable v4 322 games, 250620 moves, e=0.752, loss: 1663.8, -, 30.2% elo% vs. v1, avg. reward: 11.492, 2.301 sec/game, 9.4 min. total, 591.0 MB
cocoa_revisable v4 323 games, 251563 moves, e=0.751, loss: 1640.4, -, 29.0% elo% vs. v1, avg. reward: 11.537, 2.284 sec/game, 9.5 min. total, 593.1 MB
cocoa_revisable v4 324 games, 252513 moves, e=0.750, loss: 1551.3, -, 27.9% elo% vs. v1, avg. reward: 11.456, 2.265 sec/game, 9.5 min. total, 591.1 MB
cocoa_revisable v4 325 games, 253373 moves, e=0.749, loss: 1660.7, -, 26.9% elo% vs. v1, avg. reward: 11.394, 2.268 sec/game, 9.5 min. total, 591.1 MB
cocoa_revisable v4 326 games, 254207 moves, e=0.748, loss: 1542.7, -, 25.9% elo% vs. v1, avg. reward: 11.387, 2.229 sec/game, 9.6 min. total, 592.8 MB
cocoa_revisable v4 327 games, 255094 moves, e=0.747, loss: 1595.5, -, 25.0% elo% vs. v1, avg. reward: 11.377, 2.203 sec/game, 9.6 min. total, 592.4 MB
cocoa_revisable v4 328 games, 255970 moves, e=0.747, loss: 1809.0, -, 24.2% elo% vs. v1, avg. reward: 11.354, 2.211 sec/game, 9.6 min. total, 592.0 MB
cocoa_revisable v4 329 games, 256772 moves, e=0.746, loss: 1635.5, -, 23.4% elo% vs. v1, avg. reward: 11.380, 2.194 sec/game, 9.7 min. total, 594.5 MB
cocoa_revisable v4 330 games, 257585 moves, e=0.745, loss: 1637.2, -, 22.6% elo% vs. v1, avg. reward: 11.351, 2.172 sec/game, 9.7 min. total, 594.8 MB
cocoa_revisable v4 331 games, 258517 moves, e=0.744, loss: 1683.0, +, 25.2% elo% vs. v1, avg. reward: 11.314, 2.161 sec/game, 9.7 min. total, 595.0 MB
cocoa_revisable v4 332 games, 259440 moves, e=0.743, loss: 1650.8, -, 24.3% elo% vs. v1, avg. reward: 11.361, 2.164 sec/game, 9.8 min. total, 595.0 MB
cocoa_revisable v4 333 games, 260327 moves, e=0.742, loss: 1823.6, -, 23.5% elo% vs. v1, avg. reward: 11.473, 2.141 sec/game, 9.8 min. total, 584.5 MB
cocoa_revisable v4 334 games, 261359 moves, e=0.741, loss: 1738.9, -, 22.7% elo% vs. v1, avg. reward: 11.477, 2.180 sec/game, 9.9 min. total, 585.4 MB
cocoa_revisable v4 335 games, 262217 moves, e=0.740, loss: 1726.0, +, 25.3% elo% vs. v1, avg. reward: 11.555, 2.183 sec/game, 9.9 min. total, 584.5 MB
cocoa_revisable v4 336 games, 263003 moves, e=0.740, loss: 1683.1, -, 24.5% elo% vs. v1, avg. reward: 11.615, 2.176 sec/game, 9.9 min. total, 584.4 MB
cocoa_revisable v4 337 games, 263895 moves, e=0.739, loss: 1630.5, -, 23.6% elo% vs. v1, avg. reward: 11.652, 2.182 sec/game, 10.0 min. total, 586.7 MB
cocoa_revisable v4 338 games, 264727 moves, e=0.738, loss: 1532.7, -, 22.9% elo% vs. v1, avg. reward: 11.753, 2.186 sec/game, 10.0 min. total, 584.2 MB
cocoa_revisable v4 339 games, 265626 moves, e=0.737, loss: 1520.2, -, 22.1% elo% vs. v1, avg. reward: 11.747, 2.189 sec/game, 10.0 min. total, 584.2 MB
cocoa_revisable v4 340 games, 266551 moves, e=0.736, loss: 1478.6, -, 21.4% elo% vs. v1, avg. reward: 11.682, 2.209 sec/game, 10.1 min. total, 586.3 MB
cocoa_revisable v4 341 games, 267451 moves, e=0.735, loss: 1529.8, -, 20.8% elo% vs. v1, avg. reward: 11.829, 2.211 sec/game, 10.1 min. total, 586.5 MB
cocoa_revisable v4 342 games, 268252 moves, e=0.734, loss: 1462.6, -, 20.2% elo% vs. v1, avg. reward: 11.890, 2.201 sec/game, 10.2 min. total, 587.2 MB
cocoa_revisable v4 343 games, 269168 moves, e=0.734, loss: 1493.2, -, 19.6% elo% vs. v1, avg. reward: 11.800, 2.193 sec/game, 10.2 min. total, 588.7 MB
cocoa_revisable v4 344 games, 270034 moves, e=0.733, loss: 1566.0, -, 19.0% elo% vs. v1, avg. reward: 11.789, 2.198 sec/game, 10.2 min. total, 589.3 MB
cocoa_revisable v4 345 games, 270846 moves, e=0.732, loss: 1502.1, +, 21.4% elo% vs. v1, avg. reward: 11.771, 2.189 sec/game, 10.3 min. total, 587.4 MB
cocoa_revisable v4 346 games, 271732 moves, e=0.731, loss: 1422.0, -, 20.8% elo% vs. v1, avg. reward: 11.800, 2.209 sec/game, 10.3 min. total, 589.1 MB
cocoa_revisable v4 347 games, 272750 moves, e=0.730, loss: 1408.9, -, 20.1% elo% vs. v1, avg. reward: 11.719, 2.233 sec/game, 10.3 min. total, 589.4 MB
cocoa_revisable v4 348 games, 273737 moves, e=0.729, loss: 1474.7, -, 19.5% elo% vs. v1, avg. reward: 11.623, 2.249 sec/game, 10.4 min. total, 589.6 MB
cocoa_revisable v4 349 games, 274648 moves, e=0.728, loss: 1591.6, -, 19.0% elo% vs. v1, avg. reward: 11.642, 2.258 sec/game, 10.4 min. total, 588.0 MB
cocoa_revisable v4 350 games, 275626 moves, e=0.727, loss: 1621.2, -, 18.5% elo% vs. v1, avg. reward: 11.660, 2.291 sec/game, 10.5 min. total, 590.6 MB
cocoa_revisable v4 351 games, 276563 moves, e=0.726, loss: 1535.5, +, 20.8% elo% vs. v1, avg. reward: 11.667, 2.294 sec/game, 10.5 min. total, 592.6 MB
cocoa_revisable v4 352 games, 277506 moves, e=0.725, loss: 1652.4, +, 23.3% elo% vs. v1, avg. reward: 11.686, 2.331 sec/game, 10.6 min. total, 590.1 MB
cocoa_revisable v4 353 games, 278302 moves, e=0.724, loss: 1654.0, +, 25.9% elo% vs. v1, avg. reward: 11.658, 2.315 sec/game, 10.6 min. total, 589.5 MB
cocoa_revisable v4 354 games, 279161 moves, e=0.724, loss: 1711.3, -, 25.0% elo% vs. v1, avg. reward: 11.635, 2.285 sec/game, 10.6 min. total, 590.1 MB
cocoa_revisable v4 355 games, 280043 moves, e=0.723, loss: 1671.4, -, 24.2% elo% vs. v1, avg. reward: 11.651, 2.284 sec/game, 10.7 min. total, 592.2 MB
cocoa_revisable v4 356 games, 280912 moves, e=0.722, loss: 1654.4, +, 26.8% elo% vs. v1, avg. reward: 11.593, 2.295 sec/game, 10.7 min. total, 590.1 MB
cocoa_revisable v4 357 games, 281728 moves, e=0.721, loss: 1602.3, -, 25.9% elo% vs. v1, avg. reward: 11.485, 2.292 sec/game, 10.7 min. total, 592.1 MB
cocoa_revisable v4 358 games, 282527 moves, e=0.720, loss: 1657.0, +, 28.6% elo% vs. v1, avg. reward: 11.472, 2.283 sec/game, 10.8 min. total, 591.5 MB
cocoa_revisable v4 359 games, 283384 moves, e=0.719, loss: 1600.4, -, 27.5% elo% vs. v1, avg. reward: 11.514, 2.273 sec/game, 10.8 min. total, 592.8 MB
cocoa_revisable v4 360 games, 284369 moves, e=0.718, loss: 1670.8, -, 26.5% elo% vs. v1, avg. reward: 11.556, 2.289 sec/game, 10.8 min. total, 594.9 MB
cocoa_revisable v4 361 games, 285266 moves, e=0.718, loss: 1626.3, -, 25.6% elo% vs. v1, avg. reward: 11.593, 2.291 sec/game, 10.9 min. total, 595.1 MB
cocoa_revisable v4 362 games, 285927 moves, e=0.717, loss: 1623.0, -, 24.7% elo% vs. v1, avg. reward: 11.446, 2.273 sec/game, 10.9 min. total, 595.2 MB
cocoa_revisable v4 363 games, 286694 moves, e=0.716, loss: 1644.2, -, 23.9% elo% vs. v1, avg. reward: 11.559, 2.259 sec/game, 10.9 min. total, 595.4 MB
cocoa_revisable v4 364 games, 287427 moves, e=0.715, loss: 1663.5, -, 23.1% elo% vs. v1, avg. reward: 11.485, 2.241 sec/game, 11.0 min. total, 595.4 MB
cocoa_revisable v4 365 games, 288467 moves, e=0.714, loss: 1613.7, -, 22.3% elo% vs. v1, avg. reward: 11.637, 2.272 sec/game, 11.0 min. total, 595.5 MB
cocoa_revisable v4 366 games, 289257 moves, e=0.714, loss: 1604.6, -, 21.6% elo% vs. v1, avg. reward: 11.609, 2.256 sec/game, 11.1 min. total, 596.7 MB
cocoa_revisable v4 367 games, 290172 moves, e=0.713, loss: 1494.9, -, 20.9% elo% vs. v1, avg. reward: 11.594, 2.241 sec/game, 11.1 min. total, 598.6 MB
cocoa_revisable v4 368 games, 290997 moves, e=0.712, loss: 1478.4, -, 20.3% elo% vs. v1, avg. reward: 11.623, 2.224 sec/game, 11.1 min. total, 596.8 MB
cocoa_revisable v4 369 games, 291743 moves, e=0.711, loss: 1517.8, -, 19.7% elo% vs. v1, avg. reward: 11.523, 2.210 sec/game, 11.2 min. total, 598.6 MB
cocoa_revisable v4 370 games, 292619 moves, e=0.710, loss: 1612.1, -, 19.1% elo% vs. v1, avg. reward: 11.737, 2.196 sec/game, 11.2 min. total, 598.7 MB
cocoa_revisable v4 371 games, 293606 moves, e=0.709, loss: 1585.5, -, 18.6% elo% vs. v1, avg. reward: 11.722, 2.199 sec/game, 11.2 min. total, 598.8 MB
cocoa_revisable v4 372 games, 294538 moves, e=0.708, loss: 1545.7, -, 18.1% elo% vs. v1, avg. reward: 11.727, 2.180 sec/game, 11.3 min. total, 599.6 MB
cocoa_revisable v4 373 games, 295340 moves, e=0.708, loss: 1491.7, -, 17.6% elo% vs. v1, avg. reward: 11.746, 2.178 sec/game, 11.3 min. total, 599.5 MB
cocoa_revisable v4 374 games, 296338 moves, e=0.707, loss: 1565.9, -, 17.1% elo% vs. v1, avg. reward: 11.710, 2.200 sec/game, 11.4 min. total, 599.3 MB
cocoa_revisable v4 375 games, 297365 moves, e=0.706, loss: 1631.0, -, 16.7% elo% vs. v1, avg. reward: 11.702, 2.217 sec/game, 11.4 min. total, 600.6 MB
cocoa_revisable v4 376 games, 298250 moves, e=0.705, loss: 1573.3, -, 16.3% elo% vs. v1, avg. reward: 11.771, 2.220 sec/game, 11.4 min. total, 601.8 MB
cocoa_revisable v4 377 games, 299155 moves, e=0.704, loss: 1585.2, ., 17.1% elo% vs. v1, avg. reward: 11.669, 2.225 sec/game, 11.5 min. total, 599.3 MB
cocoa_revisable v4 378 games, 300090 moves, e=0.703, loss: 1639.6, -, 16.7% elo% vs. v1, avg. reward: 11.591, 2.242 sec/game, 11.5 min. total, 601.5 MB
cocoa_revisable v4 379 games, 300940 moves, e=0.702, loss: 1535.4, -, 16.3% elo% vs. v1, avg. reward: 11.622, 2.251 sec/game, 11.6 min. total, 599.5 MB
cocoa_revisable v4 380 games, 301957 moves, e=0.701, loss: 1559.2, -, 15.9% elo% vs. v1, avg. reward: 11.679, 2.255 sec/game, 11.6 min. total, 602.0 MB
cocoa_revisable v4 381 games, 302901 moves, e=0.700, loss: 1605.9, -, 15.5% elo% vs. v1, avg. reward: 11.745, 2.258 sec/game, 11.6 min. total, 600.6 MB
cocoa_revisable v4 382 games, 303754 moves, e=0.699, loss: 1631.4, -, 15.1% elo% vs. v1, avg. reward: 11.783, 2.291 sec/game, 11.7 min. total, 600.6 MB
cocoa_revisable v4 383 games, 304643 moves, e=0.698, loss: 1564.5, -, 14.8% elo% vs. v1, avg. reward: 11.847, 2.306 sec/game, 11.7 min. total, 603.8 MB
cocoa_revisable v4 384 games, 305565 moves, e=0.697, loss: 1535.5, -, 14.4% elo% vs. v1, avg. reward: 11.850, 2.324 sec/game, 11.7 min. total, 605.1 MB
cocoa_revisable v4 385 games, 306439 moves, e=0.697, loss: 1505.2, -, 14.1% elo% vs. v1, avg. reward: 11.888, 2.310 sec/game, 11.8 min. total, 605.1 MB
cocoa_revisable v4 386 games, 307196 moves, e=0.696, loss: 1526.6, +, 16.1% elo% vs. v1, avg. reward: 11.816, 2.295 sec/game, 11.8 min. total, 605.1 MB
cocoa_revisable v4 387 games, 308263 moves, e=0.695, loss: 1513.8, +, 18.3% elo% vs. v1, avg. reward: 11.859, 2.321 sec/game, 11.9 min. total, 605.1 MB
cocoa_revisable v4 388 games, 309184 moves, e=0.694, loss: 1481.4, -, 17.8% elo% vs. v1, avg. reward: 11.755, 2.323 sec/game, 11.9 min. total, 605.6 MB
cocoa_revisable v4 389 games, 310151 moves, e=0.693, loss: 1507.1, -, 17.3% elo% vs. v1, avg. reward: 11.882, 2.352 sec/game, 11.9 min. total, 605.6 MB
cocoa_revisable v4 390 games, 311035 moves, e=0.692, loss: 1404.2, +, 19.6% elo% vs. v1, avg. reward: 11.810, 2.341 sec/game, 12.0 min. total, 607.1 MB
cocoa_revisable v4 391 games, 312039 moves, e=0.691, loss: 1528.6, +, 22.1% elo% vs. v1, avg. reward: 11.867, 2.357 sec/game, 12.0 min. total, 606.8 MB
cocoa_revisable v4 392 games, 312972 moves, e=0.690, loss: 1447.1, -, 21.4% elo% vs. v1, avg. reward: 11.955, 2.362 sec/game, 12.1 min. total, 608.8 MB
cocoa_revisable v4 393 games, 313958 moves, e=0.689, loss: 1496.5, -, 20.7% elo% vs. v1, avg. reward: 12.113, 2.372 sec/game, 12.1 min. total, 608.8 MB
cocoa_revisable v4 394 games, 314983 moves, e=0.688, loss: 1445.8, -, 20.1% elo% vs. v1, avg. reward: 12.151, 2.369 sec/game, 12.1 min. total, 607.0 MB
cocoa_revisable v4 395 games, 316099 moves, e=0.687, loss: 1370.8, +, 22.6% elo% vs. v1, avg. reward: 12.054, 2.374 sec/game, 12.2 min. total, 609.1 MB
cocoa_revisable v4 396 games, 317021 moves, e=0.686, loss: 1373.5, +, 25.2% elo% vs. v1, avg. reward: 11.986, 2.364 sec/game, 12.2 min. total, 609.0 MB
cocoa_revisable v4 397 games, 318007 moves, e=0.685, loss: 1459.4, -, 24.3% elo% vs. v1, avg. reward: 11.949, 7.185 sec/game, 13.9 min. total, 607.6 MB
