activator_excavator v0 0 games, 0 moves, e=1.000, loss: nan,  , 50.0% elo% vs. , avg. reward: nan, nan sec/game, 0.0 min. total, 323.2 MB
activator_excavator v1 1 games, 706 moves, e=0.999, loss: nan, +, 52.3% elo% vs. v0, avg. reward: 1.564, 0.221 sec/game, 0.0 min. total, 325.0 MB
activator_excavator v1 2 games, 1443 moves, e=0.999, loss: nan, -, 49.9% elo% vs. v0, avg. reward: 0.887, 0.214 sec/game, 0.0 min. total, 328.6 MB
activator_excavator v1 3 games, 2193 moves, e=0.998, loss: nan, ., 49.9% elo% vs. v0, avg. reward: 0.591, 0.272 sec/game, 0.0 min. total, 332.3 MB
activator_excavator v1 4 games, 2916 moves, e=0.997, loss: nan, +, 52.2% elo% vs. v0, avg. reward: 0.447, 0.257 sec/game, 0.0 min. total, 335.4 MB
activator_excavator v1 5 games, 3648 moves, e=0.996, loss: nan, +, 54.4% elo% vs. v0, avg. reward: 0.368, 0.243 sec/game, 0.0 min. total, 339.1 MB
activator_excavator v1 6 games, 4355 moves, e=0.996, loss: nan, -, 51.9% elo% vs. v0, avg. reward: 0.415, 0.235 sec/game, 0.0 min. total, 342.0 MB
activator_excavator v1 7 games, 5097 moves, e=0.995, loss: nan, +, 54.1% elo% vs. v0, avg. reward: 0.384, 0.235 sec/game, 0.0 min. total, 345.2 MB
activator_excavator v1 8 games, 5698 moves, e=0.994, loss: nan, +, 56.2% elo% vs. v0, avg. reward: 0.804, 0.225 sec/game, 0.0 min. total, 349.4 MB
activator_excavator v1 9 games, 6311 moves, e=0.994, loss: nan, +, 58.2% elo% vs. v0, avg. reward: 0.721, 0.220 sec/game, 0.0 min. total, 353.2 MB
activator_excavator v1 10 games, 6906 moves, e=0.993, loss: nan, -, 55.5% elo% vs. v0, avg. reward: 0.653, 0.215 sec/game, 0.0 min. total, 356.2 MB
activator_excavator v1 11 games, 7537 moves, e=0.993, loss: nan, -, 53.0% elo% vs. v0, avg. reward: 0.598, 0.217 sec/game, 0.0 min. total, 359.5 MB
activator_excavator v1 12 games, 8394 moves, e=0.992, loss: nan, +, 55.2% elo% vs. v0, avg. reward: 0.569, 0.221 sec/game, 0.0 min. total, 363.5 MB
activator_excavator v1 13 games, 9094 moves, e=0.991, loss: nan, ., 54.9% elo% vs. v0, avg. reward: 0.540, 0.218 sec/game, 0.0 min. total, 366.7 MB
activator_excavator v1 14 games, 9823 moves, e=0.990, loss: nan, +, 57.0% elo% vs. v0, avg. reward: 0.527, 0.225 sec/game, 0.1 min. total, 366.9 MB
activator_excavator v1 15 games, 10598 moves, e=0.990, loss: 16.9, +, 58.9% elo% vs. v0, avg. reward: 0.530, 0.314 sec/game, 0.1 min. total, 387.1 MB
activator_excavator v1 16 games, 11190 moves, e=0.989, loss: 16.0, +, 60.7% elo% vs. v0, avg. reward: 0.510, 0.389 sec/game, 0.1 min. total, 387.4 MB
activator_excavator v1 17 games, 11859 moves, e=0.988, loss: 14.4, +, 62.4% elo% vs. v0, avg. reward: 0.496, 0.465 sec/game, 0.1 min. total, 387.8 MB
activator_excavator v1 18 games, 12553 moves, e=0.988, loss: 18.3, +, 64.0% elo% vs. v0, avg. reward: 0.480, 0.548 sec/game, 0.2 min. total, 387.9 MB
activator_excavator v1 19 games, 13316 moves, e=0.987, loss: 13.6, -, 61.3% elo% vs. v0, avg. reward: 0.456, 0.612 sec/game, 0.2 min. total, 388.7 MB
activator_excavator v1 20 games, 13926 moves, e=0.986, loss: 14.4, +, 63.0% elo% vs. v0, avg. reward: 0.444, 0.644 sec/game, 0.2 min. total, 389.3 MB
activator_excavator v1 21 games, 14597 moves, e=0.986, loss: 14.5, -, 60.2% elo% vs. v0, avg. reward: 0.423, 0.725 sec/game, 0.2 min. total, 390.5 MB
activator_excavator v1 22 games, 15281 moves, e=0.985, loss: 15.5, +, 62.0% elo% vs. v0, avg. reward: 0.433, 0.799 sec/game, 0.3 min. total, 391.1 MB
activator_excavator v1 23 games, 15973 moves, e=0.984, loss: 14.4, +, 63.6% elo% vs. v0, avg. reward: 0.429, 0.851 sec/game, 0.3 min. total, 391.4 MB
activator_excavator v1 24 games, 16685 moves, e=0.983, loss: 11.3, +, 65.1% elo% vs. v0, avg. reward: 0.413, 0.936 sec/game, 0.3 min. total, 391.3 MB
activator_excavator v1 25 games, 17374 moves, e=0.983, loss: 9.0, -, 62.4% elo% vs. v0, avg. reward: 0.413, 1.007 sec/game, 0.4 min. total, 391.2 MB
activator_excavator v1 26 games, 17971 moves, e=0.982, loss: 10.1, -, 59.6% elo% vs. v0, avg. reward: 0.398, 1.073 sec/game, 0.4 min. total, 391.6 MB
activator_excavator v1 27 games, 18690 moves, e=0.981, loss: 8.5, -, 57.0% elo% vs. v0, avg. reward: 0.433, 1.155 sec/game, 0.4 min. total, 391.5 MB
activator_excavator v1 28 games, 19392 moves, e=0.981, loss: 9.6, -, 54.4% elo% vs. v0, avg. reward: 0.432, 1.218 sec/game, 0.4 min. total, 391.8 MB
activator_excavator v1 29 games, 20098 moves, e=0.980, loss: 12.0, -, 51.9% elo% vs. v0, avg. reward: 0.423, 1.321 sec/game, 0.5 min. total, 391.8 MB
activator_excavator v1 30 games, 20895 moves, e=0.979, loss: 12.9, -, 49.5% elo% vs. v0, avg. reward: 0.412, 1.436 sec/game, 0.5 min. total, 393.3 MB
activator_excavator v1 31 games, 21535 moves, e=0.979, loss: 14.0, -, 47.2% elo% vs. v0, avg. reward: 0.406, 1.525 sec/game, 0.5 min. total, 395.1 MB
activator_excavator v1 32 games, 22247 moves, e=0.978, loss: 11.4, -, 45.1% elo% vs. v0, avg. reward: 0.395, 1.645 sec/game, 0.6 min. total, 396.1 MB
activator_excavator v1 33 games, 23038 moves, e=0.977, loss: 9.0, -, 43.0% elo% vs. v0, avg. reward: 0.385, 1.760 sec/game, 0.6 min. total, 398.7 MB
activator_excavator v1 34 games, 23703 moves, e=0.977, loss: 9.1, -, 41.1% elo% vs. v0, avg. reward: 0.381, 1.896 sec/game, 0.7 min. total, 373.5 MB
activator_excavator v1 35 games, 24415 moves, e=0.976, loss: 10.0, -, 39.3% elo% vs. v0, avg. reward: 0.373, 1.941 sec/game, 0.7 min. total, 373.8 MB
activator_excavator v1 36 games, 25103 moves, e=0.975, loss: 12.0, -, 37.5% elo% vs. v0, avg. reward: 0.373, 2.019 sec/game, 0.8 min. total, 374.1 MB
activator_excavator v1 37 games, 25806 moves, e=0.974, loss: 10.6, -, 35.9% elo% vs. v0, avg. reward: 0.366, 2.026 sec/game, 0.8 min. total, 374.3 MB
activator_excavator v1 38 games, 26624 moves, e=0.974, loss: 8.5, -, 34.4% elo% vs. v0, avg. reward: 0.359, 2.047 sec/game, 0.8 min. total, 374.6 MB
activator_excavator v1 39 games, 27405 moves, e=0.973, loss: 8.5, -, 33.0% elo% vs. v0, avg. reward: 0.359, 2.051 sec/game, 0.9 min. total, 374.8 MB
activator_excavator v1 40 games, 28062 moves, e=0.972, loss: 6.3, -, 31.7% elo% vs. v0, avg. reward: 0.352, 2.079 sec/game, 0.9 min. total, 374.7 MB
activator_excavator v1 41 games, 28778 moves, e=0.972, loss: 5.3, -, 30.4% elo% vs. v0, avg. reward: 0.346, 2.067 sec/game, 0.9 min. total, 374.9 MB
activator_excavator v1 42 games, 29526 moves, e=0.971, loss: 4.0, +, 33.2% elo% vs. v0, avg. reward: 0.381, 2.088 sec/game, 1.0 min. total, 375.0 MB
activator_excavator v1 43 games, 30215 moves, e=0.970, loss: 3.0, -, 31.9% elo% vs. v0, avg. reward: 0.396, 2.123 sec/game, 1.0 min. total, 375.1 MB
activator_excavator v1 44 games, 30900 moves, e=0.969, loss: 5.7, -, 30.6% elo% vs. v0, avg. reward: 0.396, 2.108 sec/game, 1.0 min. total, 375.1 MB
activator_excavator v1 45 games, 31562 moves, e=0.969, loss: 10.6, -, 29.4% elo% vs. v0, avg. reward: 0.388, 2.105 sec/game, 1.1 min. total, 375.9 MB
activator_excavator v1 46 games, 32354 moves, e=0.968, loss: 10.7, -, 28.3% elo% vs. v0, avg. reward: 0.407, 2.125 sec/game, 1.1 min. total, 377.5 MB
activator_excavator v1 47 games, 33011 moves, e=0.967, loss: 16.0, -, 27.3% elo% vs. v0, avg. reward: 0.402, 2.142 sec/game, 1.1 min. total, 377.5 MB
activator_excavator v1 48 games, 33679 moves, e=0.967, loss: 18.2, -, 26.3% elo% vs. v0, avg. reward: 0.394, 2.179 sec/game, 1.2 min. total, 377.8 MB
activator_excavator v1 49 games, 34383 moves, e=0.966, loss: 14.9, +, 29.0% elo% vs. v0, avg. reward: 0.401, 2.149 sec/game, 1.2 min. total, 377.6 MB
activator_excavator v1 50 games, 35154 moves, e=0.965, loss: 14.8, +, 31.8% elo% vs. v0, avg. reward: 0.396, 2.127 sec/game, 1.2 min. total, 377.9 MB
activator_excavator v1 51 games, 35867 moves, e=0.964, loss: 13.7, +, 34.5% elo% vs. v0, avg. reward: 0.438, 2.125 sec/game, 1.3 min. total, 378.0 MB
activator_excavator v1 52 games, 36500 moves, e=0.964, loss: 20.8, -, 33.1% elo% vs. v0, avg. reward: 0.484, 2.084 sec/game, 1.3 min. total, 377.9 MB
activator_excavator v1 53 games, 37140 moves, e=0.963, loss: 19.4, -, 31.8% elo% vs. v0, avg. reward: 0.483, 2.081 sec/game, 1.3 min. total, 378.0 MB
activator_excavator v1 54 games, 37835 moves, e=0.963, loss: 22.4, -, 30.5% elo% vs. v0, avg. reward: 0.474, 2.021 sec/game, 1.4 min. total, 378.1 MB
activator_excavator v1 55 games, 38503 moves, e=0.962, loss: 27.9, ., 31.3% elo% vs. v0, avg. reward: 0.466, 1.994 sec/game, 1.4 min. total, 379.3 MB
