oversight_living v0 0 games, 0 moves, e=1.000, loss: nan,  , 50.0% elo% vs. , avg. reward: nan, nan sec/game, 0.0 min. total, 312.8 MB
oversight_living v1 1 games, 828 moves, e=0.999, loss: nan, +, 52.3% elo% vs. v0, avg. reward: -8.679, 0.218 sec/game, 0.0 min. total, 315.6 MB
oversight_living v1 2 games, 1567 moves, e=0.998, loss: nan, ., 52.2% elo% vs. v0, avg. reward: -9.034, 0.201 sec/game, 0.0 min. total, 318.2 MB
oversight_living v1 3 games, 2197 moves, e=0.998, loss: nan, +, 54.4% elo% vs. v0, avg. reward: -9.692, 0.193 sec/game, 0.0 min. total, 320.2 MB
oversight_living v1 4 games, 2874 moves, e=0.997, loss: nan, -, 51.9% elo% vs. v0, avg. reward: -9.877, 0.191 sec/game, 0.0 min. total, 322.5 MB
oversight_living v1 5 games, 3550 moves, e=0.996, loss: nan, +, 54.1% elo% vs. v0, avg. reward: -10.043, 0.189 sec/game, 0.0 min. total, 324.9 MB
oversight_living v1 6 games, 4227 moves, e=0.996, loss: nan, +, 56.2% elo% vs. v0, avg. reward: -10.099, 0.186 sec/game, 0.0 min. total, 327.0 MB
oversight_living v1 7 games, 4915 moves, e=0.995, loss: nan, -, 53.6% elo% vs. v0, avg. reward: -10.109, 0.187 sec/game, 0.0 min. total, 329.7 MB
oversight_living v1 8 games, 5561 moves, e=0.994, loss: nan, -, 51.2% elo% vs. v0, avg. reward: -10.185, 0.187 sec/game, 0.0 min. total, 332.5 MB
oversight_living v1 9 games, 6275 moves, e=0.994, loss: nan, +, 53.4% elo% vs. v0, avg. reward: -10.164, 0.189 sec/game, 0.0 min. total, 335.4 MB
oversight_living v1 10 games, 6987 moves, e=0.993, loss: nan, -, 51.0% elo% vs. v0, avg. reward: -10.150, 0.189 sec/game, 0.0 min. total, 338.9 MB
oversight_living v1 11 games, 7696 moves, e=0.992, loss: nan, +, 53.2% elo% vs. v0, avg. reward: -10.127, 0.190 sec/game, 0.0 min. total, 342.1 MB
oversight_living v1 12 games, 8392 moves, e=0.992, loss: nan, +, 55.3% elo% vs. v0, avg. reward: -10.114, 0.189 sec/game, 0.0 min. total, 345.1 MB
oversight_living v1 13 games, 9100 moves, e=0.991, loss: nan, -, 52.8% elo% vs. v0, avg. reward: -10.077, 0.191 sec/game, 0.0 min. total, 348.1 MB
oversight_living v1 14 games, 9794 moves, e=0.990, loss: nan, +, 55.0% elo% vs. v0, avg. reward: -10.059, 0.191 sec/game, 0.0 min. total, 351.5 MB
oversight_living v1 15 games, 10393 moves, e=0.990, loss: 70.9, +, 57.0% elo% vs. v0, avg. reward: -10.175, 0.252 sec/game, 0.1 min. total, 380.4 MB
oversight_living v1 16 games, 11060 moves, e=0.989, loss: 52.7, +, 58.9% elo% vs. v0, avg. reward: -10.187, 0.316 sec/game, 0.1 min. total, 383.5 MB
oversight_living v1 17 games, 11755 moves, e=0.988, loss: 36.9, +, 60.8% elo% vs. v0, avg. reward: -10.194, 0.373 sec/game, 0.1 min. total, 385.1 MB
oversight_living v1 18 games, 12501 moves, e=0.988, loss: 23.7, +, 62.5% elo% vs. v0, avg. reward: -10.138, 0.433 sec/game, 0.1 min. total, 390.5 MB
oversight_living v1 19 games, 13210 moves, e=0.987, loss: 17.1, +, 64.1% elo% vs. v0, avg. reward: -10.110, 0.487 sec/game, 0.2 min. total, 389.8 MB
oversight_living v1 20 games, 13882 moves, e=0.986, loss: 12.9, +, 65.6% elo% vs. v0, avg. reward: -10.122, 0.526 sec/game, 0.2 min. total, 392.4 MB
oversight_living v1 21 games, 14589 moves, e=0.986, loss: 11.1, +, 67.0% elo% vs. v0, avg. reward: -10.105, 0.579 sec/game, 0.2 min. total, 393.7 MB
oversight_living v1 22 games, 15339 moves, e=0.985, loss: 9.7, +, 68.3% elo% vs. v0, avg. reward: -10.059, 0.646 sec/game, 0.2 min. total, 394.0 MB
oversight_living v1 23 games, 16146 moves, e=0.984, loss: 8.3, +, 69.6% elo% vs. v0, avg. reward: -9.994, 0.725 sec/game, 0.3 min. total, 394.2 MB
oversight_living v1 24 games, 16864 moves, e=0.983, loss: 8.1, +, 70.8% elo% vs. v0, avg. reward: -9.983, 0.781 sec/game, 0.3 min. total, 397.7 MB
oversight_living v2 25 games, 17583 moves, e=0.983, loss: 8.1, ., 52.2% elo% vs. v1, avg. reward: -9.978, 0.847 sec/game, 0.3 min. total, 459.0 MB
oversight_living v2 26 games, 18349 moves, e=0.982, loss: 7.5, ., 52.1% elo% vs. v1, avg. reward: -9.940, 0.915 sec/game, 0.3 min. total, 460.0 MB
oversight_living v2 27 games, 19001 moves, e=0.981, loss: 6.8, ., 52.0% elo% vs. v1, avg. reward: -9.980, 0.972 sec/game, 0.3 min. total, 460.4 MB
oversight_living v2 28 games, 19657 moves, e=0.981, loss: 6.9, ., 51.9% elo% vs. v1, avg. reward: -10.011, 1.031 sec/game, 0.4 min. total, 460.9 MB
oversight_living v2 29 games, 20421 moves, e=0.980, loss: 7.2, +, 54.1% elo% vs. v1, avg. reward: -9.979, 1.097 sec/game, 0.4 min. total, 462.9 MB
oversight_living v2 30 games, 21140 moves, e=0.979, loss: 7.8, ., 53.9% elo% vs. v1, avg. reward: -9.965, 1.172 sec/game, 0.4 min. total, 464.3 MB
oversight_living v2 31 games, 21792 moves, e=0.978, loss: 7.6, +, 56.0% elo% vs. v1, avg. reward: -9.999, 1.225 sec/game, 0.4 min. total, 466.9 MB
oversight_living v2 32 games, 22534 moves, e=0.978, loss: 7.7, +, 58.0% elo% vs. v1, avg. reward: -9.989, 1.288 sec/game, 0.5 min. total, 469.8 MB
oversight_living v2 33 games, 23270 moves, e=0.977, loss: 8.0, +, 59.9% elo% vs. v1, avg. reward: -9.965, 1.342 sec/game, 0.5 min. total, 471.7 MB
oversight_living v2 34 games, 23979 moves, e=0.976, loss: 7.9, +, 61.6% elo% vs. v1, avg. reward: -9.960, 1.406 sec/game, 0.5 min. total, 472.9 MB
oversight_living v2 35 games, 24713 moves, e=0.976, loss: 8.6, +, 63.3% elo% vs. v1, avg. reward: -9.944, 1.424 sec/game, 0.5 min. total, 472.4 MB
oversight_living v2 36 games, 25435 moves, e=0.975, loss: 9.2, +, 64.9% elo% vs. v1, avg. reward: -9.933, 1.429 sec/game, 0.6 min. total, 476.1 MB
oversight_living v2 37 games, 26122 moves, e=0.974, loss: 8.9, +, 66.3% elo% vs. v1, avg. reward: -9.942, 1.440 sec/game, 0.6 min. total, 473.3 MB
oversight_living v2 38 games, 26759 moves, e=0.974, loss: 8.5, +, 67.7% elo% vs. v1, avg. reward: -9.967, 1.431 sec/game, 0.6 min. total, 474.2 MB
oversight_living v2 39 games, 27501 moves, e=0.973, loss: 8.1, +, 69.0% elo% vs. v1, avg. reward: -9.950, 1.427 sec/game, 0.6 min. total, 476.1 MB
oversight_living v2 40 games, 28220 moves, e=0.972, loss: 7.8, +, 70.2% elo% vs. v1, avg. reward: -9.936, 1.438 sec/game, 0.7 min. total, 474.6 MB
oversight_living v3 41 games, 28910 moves, e=0.971, loss: 8.1, -, 49.9% elo% vs. v2, avg. reward: -9.943, 1.439 sec/game, 0.7 min. total, 482.8 MB
oversight_living v3 42 games, 29617 moves, e=0.971, loss: 8.0, +, 52.2% elo% vs. v2, avg. reward: -9.939, 1.440 sec/game, 0.7 min. total, 486.2 MB
oversight_living v3 43 games, 30370 moves, e=0.970, loss: 7.7, +, 54.4% elo% vs. v2, avg. reward: -9.921, 1.432 sec/game, 0.7 min. total, 492.1 MB
oversight_living v3 44 games, 30966 moves, e=0.969, loss: 7.1, +, 56.5% elo% vs. v2, avg. reward: -9.959, 1.421 sec/game, 0.7 min. total, 493.0 MB
oversight_living v3 45 games, 31665 moves, e=0.969, loss: 7.1, -, 53.9% elo% vs. v2, avg. reward: -9.961, 1.420 sec/game, 0.8 min. total, 493.5 MB
oversight_living v3 46 games, 32341 moves, e=0.968, loss: 7.2, -, 51.4% elo% vs. v2, avg. reward: -9.965, 1.407 sec/game, 0.8 min. total, 491.2 MB
oversight_living v3 47 games, 33074 moves, e=0.967, loss: 6.8, -, 49.1% elo% vs. v2, avg. reward: -9.951, 1.415 sec/game, 0.8 min. total, 491.1 MB
