crept_manicure v0 0 games, 0 moves, e=1.000, loss: nan,  , 50.0% elo% vs. , avg. reward: nan, nan sec/game, 0.0 min. total, 312.1 MB
crept_manicure v1 1 games, 701 moves, e=0.999, loss: nan, +, 52.3% elo% vs. random_bot, avg. reward: 0.100, 0.241 sec/game, 0.0 min. total, 320.3 MB
crept_manicure v1 2 games, 1426 moves, e=0.999, loss: nan, +, 54.5% elo% vs. random_bot, avg. reward: 0.148, 0.232 sec/game, 0.0 min. total, 323.9 MB
crept_manicure v1 3 games, 2008 moves, e=0.998, loss: nan, +, 56.6% elo% vs. random_bot, avg. reward: 0.104, 0.216 sec/game, 0.0 min. total, 325.9 MB
crept_manicure v1 4 games, 2604 moves, e=0.997, loss: nan, +, 58.5% elo% vs. random_bot, avg. reward: 0.082, 0.208 sec/game, 0.0 min. total, 329.0 MB
crept_manicure v1 5 games, 3254 moves, e=0.997, loss: nan, +, 60.4% elo% vs. random_bot, avg. reward: 0.132, 0.208 sec/game, 0.0 min. total, 333.1 MB
crept_manicure v1 6 games, 3995 moves, e=0.996, loss: nan, +, 62.1% elo% vs. random_bot, avg. reward: 0.115, 0.261 sec/game, 0.0 min. total, 337.2 MB
crept_manicure v1 7 games, 4725 moves, e=0.995, loss: nan, +, 63.7% elo% vs. random_bot, avg. reward: 0.117, 0.259 sec/game, 0.0 min. total, 340.5 MB
crept_manicure v1 8 games, 5425 moves, e=0.995, loss: nan, +, 65.2% elo% vs. random_bot, avg. reward: 0.122, 0.256 sec/game, 0.0 min. total, 343.1 MB
crept_manicure v1 9 games, 6094 moves, e=0.994, loss: nan, +, 66.7% elo% vs. random_bot, avg. reward: 0.134, 0.252 sec/game, 0.0 min. total, 346.5 MB
crept_manicure v1 10 games, 6735 moves, e=0.993, loss: nan, +, 68.0% elo% vs. random_bot, avg. reward: 0.132, 0.248 sec/game, 0.0 min. total, 350.7 MB
crept_manicure v1 11 games, 7321 moves, e=0.993, loss: nan, +, 69.3% elo% vs. random_bot, avg. reward: 0.122, 0.243 sec/game, 0.0 min. total, 354.2 MB
crept_manicure v1 12 games, 7935 moves, e=0.992, loss: nan, +, 70.5% elo% vs. random_bot, avg. reward: 0.125, 0.239 sec/game, 0.0 min. total, 357.6 MB
crept_manicure v2 13 games, 8607 moves, e=0.991, loss: nan, +, 54.5% elo% vs. guard_bot, avg. reward: 0.125, 0.237 sec/game, 0.1 min. total, 422.6 MB
crept_manicure v2 14 games, 9253 moves, e=0.991, loss: nan, +, 56.6% elo% vs. guard_bot, avg. reward: 0.127, 0.233 sec/game, 0.1 min. total, 426.6 MB
crept_manicure v2 15 games, 9923 moves, e=0.990, loss: nan, +, 58.5% elo% vs. guard_bot, avg. reward: 0.124, 0.230 sec/game, 0.1 min. total, 429.8 MB
crept_manicure v2 16 games, 10584 moves, e=0.990, loss: 0.2, +, 60.4% elo% vs. guard_bot, avg. reward: 0.117, 0.308 sec/game, 0.1 min. total, 458.6 MB
crept_manicure v2 17 games, 11255 moves, e=0.989, loss: 0.2, +, 62.1% elo% vs. guard_bot, avg. reward: 0.116, 0.377 sec/game, 0.1 min. total, 460.4 MB
crept_manicure v2 18 games, 11890 moves, e=0.988, loss: 0.1, +, 63.7% elo% vs. guard_bot, avg. reward: 0.121, 0.436 sec/game, 0.1 min. total, 460.7 MB
crept_manicure v2 19 games, 12601 moves, e=0.988, loss: 0.1, +, 65.2% elo% vs. guard_bot, avg. reward: 0.119, 0.504 sec/game, 0.2 min. total, 461.1 MB
crept_manicure v2 20 games, 13221 moves, e=0.987, loss: 0.1, ., 64.6% elo% vs. guard_bot, avg. reward: 0.125, 0.553 sec/game, 0.2 min. total, 461.2 MB
crept_manicure v2 21 games, 13921 moves, e=0.986, loss: 0.1, +, 66.1% elo% vs. guard_bot, avg. reward: 0.126, 0.616 sec/game, 0.2 min. total, 461.1 MB
crept_manicure v2 22 games, 14568 moves, e=0.986, loss: 0.1, +, 67.5% elo% vs. guard_bot, avg. reward: 0.128, 0.678 sec/game, 0.2 min. total, 461.2 MB
crept_manicure v2 23 games, 15151 moves, e=0.985, loss: 0.1, +, 68.8% elo% vs. guard_bot, avg. reward: 0.125, 0.745 sec/game, 0.3 min. total, 461.3 MB
crept_manicure v2 24 games, 15866 moves, e=0.984, loss: 0.1, +, 70.0% elo% vs. guard_bot, avg. reward: 0.129, 0.811 sec/game, 0.3 min. total, 462.0 MB
crept_manicure v2 25 games, 16556 moves, e=0.984, loss: 0.1, +, 71.1% elo% vs. guard_bot, avg. reward: 0.130, 0.889 sec/game, 0.3 min. total, 463.0 MB
crept_manicure v3 26 games, 17210 moves, e=0.983, loss: 0.1, -, 49.9% elo% vs. random_no_suicide, avg. reward: 0.128, 0.935 sec/game, 0.3 min. total, 466.6 MB
crept_manicure v3 27 games, 17902 moves, e=0.982, loss: 0.1, +, 52.2% elo% vs. random_no_suicide, avg. reward: 0.133, 1.003 sec/game, 0.4 min. total, 470.0 MB
crept_manicure v3 28 games, 18643 moves, e=0.982, loss: 0.2, -, 49.8% elo% vs. random_no_suicide, avg. reward: 0.132, 1.090 sec/game, 0.4 min. total, 471.7 MB
crept_manicure v3 29 games, 19374 moves, e=0.981, loss: 0.2, +, 52.1% elo% vs. random_no_suicide, avg. reward: 0.128, 1.173 sec/game, 0.4 min. total, 474.5 MB
crept_manicure v3 30 games, 20058 moves, e=0.980, loss: 0.2, +, 54.3% elo% vs. random_no_suicide, avg. reward: 0.129, 1.246 sec/game, 0.5 min. total, 477.0 MB
crept_manicure v3 31 games, 20805 moves, e=0.979, loss: 0.2, +, 56.4% elo% vs. random_no_suicide, avg. reward: 0.130, 1.326 sec/game, 0.5 min. total, 474.7 MB
crept_manicure v3 32 games, 21464 moves, e=0.979, loss: 0.2, +, 58.3% elo% vs. random_no_suicide, avg. reward: 0.132, 1.397 sec/game, 0.5 min. total, 474.9 MB
crept_manicure v3 33 games, 22193 moves, e=0.978, loss: 0.2, +, 60.2% elo% vs. random_no_suicide, avg. reward: 0.129, 1.479 sec/game, 0.5 min. total, 474.9 MB
crept_manicure v3 34 games, 22957 moves, e=0.977, loss: 0.2, +, 61.9% elo% vs. random_no_suicide, avg. reward: 0.131, 1.560 sec/game, 0.6 min. total, 477.6 MB
crept_manicure v3 35 games, 23647 moves, e=0.977, loss: 0.3, +, 63.6% elo% vs. random_no_suicide, avg. reward: 0.131, 1.628 sec/game, 0.6 min. total, 475.2 MB
crept_manicure v3 36 games, 24503 moves, e=0.976, loss: 0.3, +, 65.1% elo% vs. random_no_suicide, avg. reward: 0.131, 1.664 sec/game, 0.6 min. total, 475.4 MB
crept_manicure v3 37 games, 25221 moves, e=0.975, loss: 0.3, +, 66.6% elo% vs. random_no_suicide, avg. reward: 0.130, 1.681 sec/game, 0.7 min. total, 475.5 MB
crept_manicure v3 38 games, 25963 moves, e=0.974, loss: 0.3, +, 67.9% elo% vs. random_no_suicide, avg. reward: 0.134, 1.685 sec/game, 0.7 min. total, 477.3 MB
crept_manicure v3 39 games, 26572 moves, e=0.974, loss: 0.3, +, 69.2% elo% vs. random_no_suicide, avg. reward: 0.134, 1.680 sec/game, 0.7 min. total, 478.0 MB
crept_manicure v3 40 games, 27282 moves, e=0.973, loss: 0.4, +, 70.4% elo% vs. random_no_suicide, avg. reward: 0.133, 1.696 sec/game, 0.7 min. total, 478.0 MB
crept_manicure v4 41 games, 27940 moves, e=0.972, loss: 0.4, -, 49.9% elo% vs. simple_bot, avg. reward: 0.133, 1.698 sec/game, 0.8 min. total, 477.8 MB
crept_manicure v4 42 games, 28661 moves, e=0.972, loss: 0.4, -, 47.6% elo% vs. simple_bot, avg. reward: 0.132, 1.703 sec/game, 0.8 min. total, 477.9 MB
crept_manicure v4 43 games, 29396 moves, e=0.971, loss: 0.4, -, 45.4% elo% vs. simple_bot, avg. reward: 0.131, 1.716 sec/game, 0.8 min. total, 478.3 MB
crept_manicure v4 44 games, 30029 moves, e=0.970, loss: 0.5, -, 43.4% elo% vs. simple_bot, avg. reward: 0.131, 1.716 sec/game, 0.9 min. total, 478.9 MB
crept_manicure v4 45 games, 30632 moves, e=0.970, loss: 0.5, -, 41.4% elo% vs. simple_bot, avg. reward: 0.130, 1.703 sec/game, 0.9 min. total, 479.7 MB
crept_manicure v4 46 games, 31408 moves, e=0.969, loss: 0.6, -, 39.6% elo% vs. simple_bot, avg. reward: 0.131, 1.722 sec/game, 0.9 min. total, 482.5 MB
crept_manicure v4 47 games, 32062 moves, e=0.968, loss: 0.6, -, 37.8% elo% vs. simple_bot, avg. reward: 0.132, 1.716 sec/game, 0.9 min. total, 483.3 MB
crept_manicure v4 48 games, 32810 moves, e=0.968, loss: 0.6, -, 36.2% elo% vs. simple_bot, avg. reward: 0.132, 1.718 sec/game, 1.0 min. total, 483.7 MB
crept_manicure v4 49 games, 33488 moves, e=0.967, loss: 0.5, -, 34.7% elo% vs. simple_bot, avg. reward: 0.133, 1.708 sec/game, 1.0 min. total, 484.1 MB
crept_manicure v4 50 games, 34232 moves, e=0.966, loss: 0.5, -, 33.3% elo% vs. simple_bot, avg. reward: 0.131, 1.730 sec/game, 1.0 min. total, 484.3 MB
crept_manicure v4 51 games, 35071 moves, e=0.965, loss: 0.6, -, 31.9% elo% vs. simple_bot, avg. reward: 0.131, 1.749 sec/game, 1.1 min. total, 484.1 MB
crept_manicure v4 52 games, 35810 moves, e=0.965, loss: 0.7, -, 30.6% elo% vs. simple_bot, avg. reward: 0.133, 1.769 sec/game, 1.1 min. total, 484.5 MB
crept_manicure v4 53 games, 36544 moves, e=0.964, loss: 0.7, -, 29.5% elo% vs. simple_bot, avg. reward: 0.134, 1.777 sec/game, 1.1 min. total, 485.0 MB
crept_manicure v4 54 games, 37280 moves, e=0.963, loss: 0.8, -, 28.3% elo% vs. simple_bot, avg. reward: 0.133, 1.785 sec/game, 1.2 min. total, 485.6 MB
crept_manicure v4 55 games, 38067 moves, e=0.962, loss: 0.9, -, 27.3% elo% vs. simple_bot, avg. reward: 0.132, 1.836 sec/game, 1.2 min. total, 485.4 MB
crept_manicure v4 56 games, 38750 moves, e=0.962, loss: 0.9, -, 26.3% elo% vs. simple_bot, avg. reward: 0.133, 1.814 sec/game, 1.2 min. total, 485.9 MB
crept_manicure v4 57 games, 39469 moves, e=0.961, loss: 0.9, -, 25.4% elo% vs. simple_bot, avg. reward: 0.134, 1.833 sec/game, 1.3 min. total, 485.7 MB
crept_manicure v4 58 games, 40188 moves, e=0.960, loss: 0.9, -, 24.5% elo% vs. simple_bot, avg. reward: 0.135, 1.845 sec/game, 1.3 min. total, 485.5 MB
crept_manicure v4 59 games, 41006 moves, e=0.959, loss: 0.9, -, 23.7% elo% vs. simple_bot, avg. reward: 0.137, 1.881 sec/game, 1.3 min. total, 485.8 MB
crept_manicure v4 60 games, 41788 moves, e=0.959, loss: 0.9, -, 22.9% elo% vs. simple_bot, avg. reward: 0.136, 1.893 sec/game, 1.4 min. total, 486.1 MB
crept_manicure v4 61 games, 42480 moves, e=0.958, loss: 0.9, -, 22.2% elo% vs. simple_bot, avg. reward: 0.135, 1.900 sec/game, 1.4 min. total, 489.2 MB
crept_manicure v4 62 games, 43210 moves, e=0.957, loss: 0.9, -, 21.5% elo% vs. simple_bot, avg. reward: 0.139, 1.917 sec/game, 1.4 min. total, 489.2 MB
crept_manicure v4 63 games, 43831 moves, e=0.957, loss: 0.9, -, 20.8% elo% vs. simple_bot, avg. reward: 0.138, 1.905 sec/game, 1.5 min. total, 491.5 MB
crept_manicure v4 64 games, 44560 moves, e=0.956, loss: 1.0, -, 20.2% elo% vs. simple_bot, avg. reward: 0.139, 1.926 sec/game, 1.5 min. total, 493.1 MB
crept_manicure v4 65 games, 45158 moves, e=0.955, loss: 1.0, -, 19.6% elo% vs. simple_bot, avg. reward: 0.138, 1.914 sec/game, 1.5 min. total, 493.0 MB
crept_manicure v4 66 games, 45971 moves, e=0.954, loss: 1.1, -, 19.0% elo% vs. simple_bot, avg. reward: 0.136, 1.930 sec/game, 1.6 min. total, 492.9 MB
crept_manicure v4 67 games, 46749 moves, e=0.954, loss: 1.1, -, 18.5% elo% vs. simple_bot, avg. reward: 0.136, 1.948 sec/game, 1.6 min. total, 493.6 MB
crept_manicure v4 68 games, 47478 moves, e=0.953, loss: 1.1, -, 18.0% elo% vs. simple_bot, avg. reward: 0.137, 1.931 sec/game, 1.6 min. total, 493.6 MB
crept_manicure v4 69 games, 48271 moves, e=0.952, loss: 1.1, -, 17.5% elo% vs. simple_bot, avg. reward: 0.137, 1.952 sec/game, 1.6 min. total, 494.8 MB
crept_manicure v4 70 games, 48802 moves, e=0.952, loss: 1.1, -, 17.0% elo% vs. simple_bot, avg. reward: 0.136, 1.910 sec/game, 1.7 min. total, 495.0 MB
crept_manicure v4 71 games, 49577 moves, e=0.951, loss: 1.1, -, 16.6% elo% vs. simple_bot, avg. reward: 0.136, 1.894 sec/game, 1.7 min. total, 495.0 MB
crept_manicure v4 72 games, 50286 moves, e=0.950, loss: 1.1, -, 16.2% elo% vs. simple_bot, avg. reward: 0.135, 1.870 sec/game, 1.7 min. total, 495.0 MB
crept_manicure v4 73 games, 51129 moves, e=0.949, loss: 1.1, -, 15.8% elo% vs. simple_bot, avg. reward: 0.135, 1.874 sec/game, 1.8 min. total, 495.0 MB
crept_manicure v4 74 games, 51897 moves, e=0.949, loss: 1.0, -, 15.4% elo% vs. simple_bot, avg. reward: 0.136, 1.868 sec/game, 1.8 min. total, 495.2 MB
crept_manicure v4 75 games, 52733 moves, e=0.948, loss: 1.1, -, 15.0% elo% vs. simple_bot, avg. reward: 0.137, 1.835 sec/game, 1.8 min. total, 495.2 MB
crept_manicure v4 76 games, 53425 moves, e=0.947, loss: 1.0, -, 14.7% elo% vs. simple_bot, avg. reward: 0.137, 1.836 sec/game, 1.9 min. total, 495.2 MB
crept_manicure v4 77 games, 54241 moves, e=0.946, loss: 1.0, -, 14.3% elo% vs. simple_bot, avg. reward: 0.136, 1.820 sec/game, 1.9 min. total, 495.6 MB
crept_manicure v4 78 games, 54896 moves, e=0.946, loss: 1.0, -, 14.0% elo% vs. simple_bot, avg. reward: 0.136, 1.809 sec/game, 1.9 min. total, 495.7 MB
crept_manicure v4 79 games, 55709 moves, e=0.945, loss: 1.0, -, 13.7% elo% vs. simple_bot, avg. reward: 0.135, 1.799 sec/game, 1.9 min. total, 497.4 MB
crept_manicure v4 80 games, 56443 moves, e=0.944, loss: 1.0, -, 13.4% elo% vs. simple_bot, avg. reward: 0.136, 1.772 sec/game, 2.0 min. total, 499.1 MB
crept_manicure v4 81 games, 57157 moves, e=0.943, loss: 1.0, -, 13.1% elo% vs. simple_bot, avg. reward: 0.137, 1.781 sec/game, 2.0 min. total, 500.2 MB
crept_manicure v4 82 games, 57824 moves, e=0.943, loss: 1.0, -, 12.9% elo% vs. simple_bot, avg. reward: 0.137, 1.763 sec/game, 2.0 min. total, 500.4 MB
crept_manicure v4 83 games, 58561 moves, e=0.942, loss: 1.0, -, 12.6% elo% vs. simple_bot, avg. reward: 0.137, 1.778 sec/game, 2.1 min. total, 500.5 MB
crept_manicure v4 84 games, 59263 moves, e=0.941, loss: 1.0, -, 12.3% elo% vs. simple_bot, avg. reward: 0.138, 1.759 sec/game, 2.1 min. total, 500.2 MB
crept_manicure v4 85 games, 60097 moves, e=0.941, loss: 1.0, -, 12.1% elo% vs. simple_bot, avg. reward: 0.137, 1.802 sec/game, 2.1 min. total, 500.7 MB
crept_manicure v4 86 games, 60881 moves, e=0.940, loss: 0.9, -, 11.9% elo% vs. simple_bot, avg. reward: 0.139, 1.787 sec/game, 2.2 min. total, 501.4 MB
crept_manicure v4 87 games, 61615 moves, e=0.939, loss: 0.9, -, 11.6% elo% vs. simple_bot, avg. reward: 0.140, 1.787 sec/game, 2.2 min. total, 502.3 MB
crept_manicure v4 88 games, 62354 moves, e=0.938, loss: 1.0, -, 11.4% elo% vs. simple_bot, avg. reward: 0.141, 1.798 sec/game, 2.2 min. total, 502.7 MB
crept_manicure v4 89 games, 63138 moves, e=0.937, loss: 1.0, -, 11.2% elo% vs. simple_bot, avg. reward: 0.144, 1.788 sec/game, 2.2 min. total, 503.9 MB
crept_manicure v4 90 games, 63949 moves, e=0.937, loss: 1.0, -, 11.0% elo% vs. simple_bot, avg. reward: 0.146, 1.822 sec/game, 2.3 min. total, 503.9 MB
crept_manicure v4 91 games, 64848 moves, e=0.936, loss: 1.0, -, 10.8% elo% vs. simple_bot, avg. reward: 0.146, 1.838 sec/game, 2.3 min. total, 503.9 MB
crept_manicure v4 92 games, 65525 moves, e=0.935, loss: 1.1, -, 10.6% elo% vs. simple_bot, avg. reward: 0.145, 1.837 sec/game, 2.3 min. total, 503.8 MB
crept_manicure v4 93 games, 66230 moves, e=0.934, loss: 1.2, -, 10.4% elo% vs. simple_bot, avg. reward: 0.146, 1.822 sec/game, 2.4 min. total, 504.0 MB
crept_manicure v4 94 games, 66927 moves, e=0.934, loss: 1.2, -, 10.3% elo% vs. simple_bot, avg. reward: 0.148, 1.809 sec/game, 2.4 min. total, 504.0 MB
crept_manicure v4 95 games, 67726 moves, e=0.933, loss: 1.2, -, 10.1% elo% vs. simple_bot, avg. reward: 0.147, 1.849 sec/game, 2.4 min. total, 504.3 MB
crept_manicure v4 96 games, 68454 moves, e=0.932, loss: 1.3, -, 9.9% elo% vs. simple_bot, avg. reward: 0.149, 1.851 sec/game, 2.5 min. total, 504.4 MB
crept_manicure v4 97 games, 69275 moves, e=0.931, loss: 1.3, -, 9.8% elo% vs. simple_bot, avg. reward: 0.150, 1.882 sec/game, 2.5 min. total, 505.9 MB
crept_manicure v4 98 games, 70049 moves, e=0.931, loss: 1.3, -, 9.6% elo% vs. simple_bot, avg. reward: 0.151, 1.915 sec/game, 2.5 min. total, 505.9 MB
crept_manicure v4 99 games, 70660 moves, e=0.930, loss: 1.4, -, 9.4% elo% vs. simple_bot, avg. reward: 0.153, 1.903 sec/game, 2.6 min. total, 505.9 MB
crept_manicure v4 100 games, 71390 moves, e=0.929, loss: 1.4, -, 9.3% elo% vs. simple_bot, avg. reward: 0.152, 1.917 sec/game, 2.6 min. total, 506.0 MB
crept_manicure v5 101 games, 72126 moves, e=0.929, loss: 1.5, -, 47.7% elo% vs. simple_bot, avg. reward: 0.152, 1.932 sec/game, 2.6 min. total, 506.2 MB
crept_manicure v5 102 games, 72770 moves, e=0.928, loss: 1.5, -, 45.5% elo% vs. simple_bot, avg. reward: 0.151, 1.944 sec/game, 2.7 min. total, 506.0 MB
crept_manicure v5 103 games, 73556 moves, e=0.927, loss: 1.5, -, 43.4% elo% vs. simple_bot, avg. reward: 0.153, 1.958 sec/game, 2.7 min. total, 506.2 MB
crept_manicure v5 104 games, 74347 moves, e=0.926, loss: 1.4, -, 41.5% elo% vs. simple_bot, avg. reward: 0.154, 1.986 sec/game, 2.7 min. total, 506.6 MB
crept_manicure v5 105 games, 75081 moves, e=0.926, loss: 1.4, -, 39.6% elo% vs. simple_bot, avg. reward: 0.152, 1.984 sec/game, 2.8 min. total, 506.9 MB
crept_manicure v5 106 games, 76044 moves, e=0.925, loss: 1.4, -, 37.9% elo% vs. simple_bot, avg. reward: 0.155, 2.031 sec/game, 2.8 min. total, 507.2 MB
crept_manicure v5 107 games, 76836 moves, e=0.924, loss: 1.5, -, 36.3% elo% vs. simple_bot, avg. reward: 0.155, 2.047 sec/game, 2.9 min. total, 507.2 MB
crept_manicure v5 108 games, 77605 moves, e=0.923, loss: 1.5, -, 34.8% elo% vs. simple_bot, avg. reward: 0.154, 2.059 sec/game, 2.9 min. total, 507.1 MB
crept_manicure v5 109 games, 78305 moves, e=0.922, loss: 1.5, -, 33.3% elo% vs. simple_bot, avg. reward: 0.154, 2.056 sec/game, 2.9 min. total, 507.1 MB
crept_manicure v5 110 games, 79122 moves, e=0.922, loss: 1.5, -, 32.0% elo% vs. simple_bot, avg. reward: 0.156, 2.081 sec/game, 3.0 min. total, 507.4 MB
crept_manicure v5 111 games, 79875 moves, e=0.921, loss: 1.5, -, 30.7% elo% vs. simple_bot, avg. reward: 0.157, 2.078 sec/game, 3.0 min. total, 507.4 MB
crept_manicure v5 112 games, 80685 moves, e=0.920, loss: 1.5, -, 29.5% elo% vs. simple_bot, avg. reward: 0.157, 2.108 sec/game, 3.0 min. total, 508.8 MB
crept_manicure v5 113 games, 81449 moves, e=0.919, loss: 1.6, -, 28.4% elo% vs. simple_bot, avg. reward: 0.157, 2.124 sec/game, 3.1 min. total, 509.1 MB
crept_manicure v5 114 games, 82261 moves, e=0.919, loss: 1.6, -, 27.3% elo% vs. simple_bot, avg. reward: 0.156, 2.152 sec/game, 3.1 min. total, 509.0 MB
crept_manicure v5 115 games, 82988 moves, e=0.918, loss: 1.6, -, 26.4% elo% vs. simple_bot, avg. reward: 0.157, 2.122 sec/game, 3.1 min. total, 509.0 MB
crept_manicure v5 116 games, 83900 moves, e=0.917, loss: 1.5, -, 25.4% elo% vs. simple_bot, avg. reward: 0.159, 2.157 sec/game, 3.2 min. total, 509.2 MB
crept_manicure v5 117 games, 84608 moves, e=0.916, loss: 1.5, -, 24.5% elo% vs. simple_bot, avg. reward: 0.160, 2.135 sec/game, 3.2 min. total, 509.2 MB
crept_manicure v5 118 games, 85382 moves, e=0.915, loss: 1.7, -, 23.7% elo% vs. simple_bot, avg. reward: 0.162, 2.130 sec/game, 3.3 min. total, 509.4 MB
crept_manicure v5 119 games, 86099 moves, e=0.915, loss: 1.7, -, 22.9% elo% vs. simple_bot, avg. reward: 0.163, 2.125 sec/game, 3.3 min. total, 509.3 MB
crept_manicure v5 120 games, 86742 moves, e=0.914, loss: 1.7, -, 22.2% elo% vs. simple_bot, avg. reward: 0.161, 2.128 sec/game, 3.3 min. total, 510.3 MB
crept_manicure v5 121 games, 87516 moves, e=0.913, loss: 1.7, -, 21.5% elo% vs. simple_bot, avg. reward: 0.161, 2.131 sec/game, 3.4 min. total, 510.7 MB
crept_manicure v5 122 games, 88180 moves, e=0.913, loss: 1.6, -, 20.8% elo% vs. simple_bot, avg. reward: 0.161, 2.133 sec/game, 3.4 min. total, 510.7 MB
crept_manicure v5 123 games, 88956 moves, e=0.912, loss: 1.6, -, 20.2% elo% vs. simple_bot, avg. reward: 0.161, 2.136 sec/game, 3.4 min. total, 510.7 MB
crept_manicure v5 124 games, 89677 moves, e=0.911, loss: 1.5, -, 19.6% elo% vs. simple_bot, avg. reward: 0.160, 2.138 sec/game, 3.5 min. total, 510.6 MB
crept_manicure v5 125 games, 90519 moves, e=0.910, loss: 1.5, -, 19.1% elo% vs. simple_bot, avg. reward: 0.161, 2.158 sec/game, 3.5 min. total, 511.0 MB
crept_manicure v5 126 games, 91318 moves, e=0.910, loss: 1.5, -, 18.5% elo% vs. simple_bot, avg. reward: 0.162, 2.128 sec/game, 3.5 min. total, 510.6 MB
crept_manicure v5 127 games, 92039 moves, e=0.909, loss: 1.5, -, 18.0% elo% vs. simple_bot, avg. reward: 0.161, 2.130 sec/game, 3.6 min. total, 511.5 MB
crept_manicure v5 128 games, 92820 moves, e=0.908, loss: 1.5, -, 17.5% elo% vs. simple_bot, avg. reward: 0.163, 2.133 sec/game, 3.6 min. total, 512.5 MB
crept_manicure v5 129 games, 93676 moves, e=0.907, loss: 1.4, -, 17.1% elo% vs. simple_bot, avg. reward: 0.163, 2.150 sec/game, 3.6 min. total, 512.8 MB
crept_manicure v5 130 games, 94494 moves, e=0.906, loss: 1.5, -, 16.6% elo% vs. simple_bot, avg. reward: 0.163, 2.152 sec/game, 3.7 min. total, 512.6 MB
crept_manicure v5 131 games, 95239 moves, e=0.906, loss: 1.4, -, 16.2% elo% vs. simple_bot, avg. reward: 0.164, 2.153 sec/game, 3.7 min. total, 512.6 MB
crept_manicure v5 132 games, 95918 moves, e=0.905, loss: 1.4, -, 15.8% elo% vs. simple_bot, avg. reward: 0.163, 2.138 sec/game, 3.8 min. total, 512.8 MB
crept_manicure v5 133 games, 96723 moves, e=0.904, loss: 1.4, -, 15.4% elo% vs. simple_bot, avg. reward: 0.165, 2.139 sec/game, 3.8 min. total, 513.0 MB
crept_manicure v5 134 games, 97633 moves, e=0.903, loss: 1.3, -, 15.1% elo% vs. simple_bot, avg. reward: 0.165, 2.159 sec/game, 3.8 min. total, 512.9 MB
crept_manicure v5 135 games, 98394 moves, e=0.903, loss: 1.3, -, 14.7% elo% vs. simple_bot, avg. reward: 0.167, 2.164 sec/game, 3.9 min. total, 513.6 MB
crept_manicure v5 136 games, 99258 moves, e=0.902, loss: 1.3, -, 14.4% elo% vs. simple_bot, avg. reward: 0.168, 2.168 sec/game, 3.9 min. total, 513.5 MB
crept_manicure v5 137 games, 100015 moves, e=0.901, loss: 1.3, -, 14.0% elo% vs. simple_bot, avg. reward: 0.169, 2.173 sec/game, 3.9 min. total, 513.5 MB
crept_manicure v5 138 games, 100836 moves, e=0.900, loss: 1.4, -, 13.7% elo% vs. simple_bot, avg. reward: 0.168, 2.181 sec/game, 4.0 min. total, 513.3 MB
crept_manicure v5 139 games, 101519 moves, e=0.899, loss: 1.4, -, 13.4% elo% vs. simple_bot, avg. reward: 0.169, 2.199 sec/game, 4.0 min. total, 513.5 MB
crept_manicure v5 140 games, 102291 moves, e=0.899, loss: 1.4, -, 13.1% elo% vs. simple_bot, avg. reward: 0.170, 2.212 sec/game, 4.1 min. total, 513.5 MB
crept_manicure v5 141 games, 103048 moves, e=0.898, loss: 1.4, -, 12.9% elo% vs. simple_bot, avg. reward: 0.170, 2.210 sec/game, 4.1 min. total, 514.0 MB
crept_manicure v5 142 games, 103729 moves, e=0.897, loss: 1.4, -, 12.6% elo% vs. simple_bot, avg. reward: 0.172, 2.211 sec/game, 4.1 min. total, 514.8 MB
crept_manicure v5 143 games, 104514 moves, e=0.897, loss: 1.4, -, 12.4% elo% vs. simple_bot, avg. reward: 0.173, 2.208 sec/game, 4.2 min. total, 516.3 MB
crept_manicure v5 144 games, 105234 moves, e=0.896, loss: 1.3, -, 12.1% elo% vs. simple_bot, avg. reward: 0.174, 2.206 sec/game, 4.2 min. total, 516.3 MB
crept_manicure v5 145 games, 106134 moves, e=0.895, loss: 1.4, -, 11.9% elo% vs. simple_bot, avg. reward: 0.177, 2.207 sec/game, 4.2 min. total, 516.2 MB
crept_manicure v5 146 games, 106951 moves, e=0.894, loss: 1.4, -, 11.7% elo% vs. simple_bot, avg. reward: 0.177, 2.207 sec/game, 4.3 min. total, 516.3 MB
crept_manicure v5 147 games, 107683 moves, e=0.893, loss: 1.5, -, 11.4% elo% vs. simple_bot, avg. reward: 0.177, 2.205 sec/game, 4.3 min. total, 516.5 MB
crept_manicure v5 148 games, 108432 moves, e=0.893, loss: 1.5, -, 11.2% elo% vs. simple_bot, avg. reward: 0.178, 2.205 sec/game, 4.3 min. total, 516.9 MB
crept_manicure v5 149 games, 109093 moves, e=0.892, loss: 1.5, -, 11.0% elo% vs. simple_bot, avg. reward: 0.179, 2.188 sec/game, 4.4 min. total, 516.8 MB
crept_manicure v5 150 games, 109970 moves, e=0.891, loss: 1.4, -, 10.8% elo% vs. simple_bot, avg. reward: 0.179, 2.197 sec/game, 4.4 min. total, 517.7 MB
crept_manicure v5 151 games, 110683 moves, e=0.890, loss: 1.4, -, 10.6% elo% vs. simple_bot, avg. reward: 0.182, 2.187 sec/game, 4.5 min. total, 518.4 MB
crept_manicure v5 152 games, 111474 moves, e=0.890, loss: 1.5, -, 10.4% elo% vs. simple_bot, avg. reward: 0.182, 2.207 sec/game, 4.5 min. total, 518.4 MB
crept_manicure v5 153 games, 112315 moves, e=0.889, loss: 1.5, -, 10.3% elo% vs. simple_bot, avg. reward: 0.182, 2.233 sec/game, 4.5 min. total, 520.4 MB
crept_manicure v5 154 games, 113131 moves, e=0.888, loss: 1.5, -, 10.1% elo% vs. simple_bot, avg. reward: 0.183, 2.273 sec/game, 4.6 min. total, 518.7 MB
crept_manicure v5 155 games, 113831 moves, e=0.887, loss: 1.5, -, 9.9% elo% vs. simple_bot, avg. reward: 0.183, 2.293 sec/game, 4.6 min. total, 519.0 MB
crept_manicure v5 156 games, 114568 moves, e=0.887, loss: 1.5, -, 9.8% elo% vs. simple_bot, avg. reward: 0.183, 2.290 sec/game, 4.7 min. total, 519.1 MB
crept_manicure v5 157 games, 115414 moves, e=0.886, loss: 1.6, -, 9.6% elo% vs. simple_bot, avg. reward: 0.185, 2.322 sec/game, 4.7 min. total, 519.2 MB
crept_manicure v5 158 games, 116282 moves, e=0.885, loss: 1.7, -, 9.5% elo% vs. simple_bot, avg. reward: 0.185, 2.366 sec/game, 4.8 min. total, 519.2 MB
crept_manicure v5 159 games, 117022 moves, e=0.884, loss: 1.6, -, 9.3% elo% vs. simple_bot, avg. reward: 0.184, 2.402 sec/game, 4.8 min. total, 519.1 MB
crept_manicure v5 160 games, 117890 moves, e=0.883, loss: 1.6, -, 9.2% elo% vs. simple_bot, avg. reward: 0.185, 2.453 sec/game, 4.9 min. total, 519.3 MB
crept_manicure v5 161 games, 118746 moves, e=0.882, loss: 1.6, -, 9.0% elo% vs. simple_bot, avg. reward: 0.186, 2.504 sec/game, 4.9 min. total, 519.3 MB
crept_manicure v5 162 games, 119538 moves, e=0.882, loss: 1.7, -, 8.9% elo% vs. simple_bot, avg. reward: 0.184, 2.573 sec/game, 5.0 min. total, 519.4 MB
crept_manicure v5 163 games, 120350 moves, e=0.881, loss: 1.6, -, 8.8% elo% vs. simple_bot, avg. reward: 0.185, 2.597 sec/game, 5.0 min. total, 519.6 MB
crept_manicure v5 164 games, 121216 moves, e=0.880, loss: 1.6, -, 8.6% elo% vs. simple_bot, avg. reward: 0.184, 2.636 sec/game, 5.1 min. total, 520.4 MB
crept_manicure v5 165 games, 121988 moves, e=0.879, loss: 1.6, -, 8.5% elo% vs. simple_bot, avg. reward: 0.186, 2.629 sec/game, 5.1 min. total, 520.7 MB
crept_manicure v5 166 games, 122772 moves, e=0.878, loss: 1.6, -, 8.4% elo% vs. simple_bot, avg. reward: 0.189, 2.656 sec/game, 5.2 min. total, 520.8 MB
crept_manicure v5 167 games, 123558 moves, e=0.878, loss: 1.6, -, 8.3% elo% vs. simple_bot, avg. reward: 0.189, 2.685 sec/game, 5.2 min. total, 520.7 MB
crept_manicure v5 168 games, 124497 moves, e=0.877, loss: 1.8, -, 8.1% elo% vs. simple_bot, avg. reward: 0.190, 2.731 sec/game, 5.3 min. total, 520.6 MB
crept_manicure v5 169 games, 125393 moves, e=0.876, loss: 1.9, -, 8.0% elo% vs. simple_bot, avg. reward: 0.190, 2.779 sec/game, 5.3 min. total, 520.6 MB
crept_manicure v5 170 games, 126335 moves, e=0.875, loss: 1.9, -, 7.9% elo% vs. simple_bot, avg. reward: 0.191, 2.779 sec/game, 5.3 min. total, 520.4 MB
crept_manicure v5 171 games, 127183 moves, e=0.874, loss: 1.9, -, 7.8% elo% vs. simple_bot, avg. reward: 0.192, 2.835 sec/game, 5.4 min. total, 520.6 MB
crept_manicure v5 172 games, 128111 moves, e=0.873, loss: 1.9, -, 7.7% elo% vs. simple_bot, avg. reward: 0.194, 2.893 sec/game, 5.5 min. total, 522.1 MB
crept_manicure v5 173 games, 128906 moves, e=0.872, loss: 1.9, -, 7.6% elo% vs. simple_bot, avg. reward: 0.193, 2.894 sec/game, 5.5 min. total, 522.6 MB
crept_manicure v5 174 games, 129709 moves, e=0.872, loss: 1.9, -, 7.5% elo% vs. simple_bot, avg. reward: 0.193, 2.857 sec/game, 5.5 min. total, 522.7 MB
crept_manicure v5 175 games, 130454 moves, e=0.871, loss: 1.9, -, 7.4% elo% vs. simple_bot, avg. reward: 0.192, 2.839 sec/game, 5.6 min. total, 522.9 MB
crept_manicure v5 176 games, 131383 moves, e=0.870, loss: 1.7, -, 7.3% elo% vs. simple_bot, avg. reward: 0.192, 2.856 sec/game, 5.6 min. total, 522.7 MB
crept_manicure v5 177 games, 132154 moves, e=0.869, loss: 1.7, -, 7.2% elo% vs. simple_bot, avg. reward: 0.192, 2.843 sec/game, 5.7 min. total, 522.8 MB
crept_manicure v5 178 games, 132866 moves, e=0.868, loss: 1.7, -, 7.2% elo% vs. simple_bot, avg. reward: 0.193, 2.799 sec/game, 5.7 min. total, 522.8 MB
crept_manicure v5 179 games, 133708 moves, e=0.868, loss: 1.7, -, 7.1% elo% vs. simple_bot, avg. reward: 0.194, 2.794 sec/game, 5.8 min. total, 523.0 MB
crept_manicure v5 180 games, 134543 moves, e=0.867, loss: 1.8, -, 7.0% elo% vs. simple_bot, avg. reward: 0.195, 2.792 sec/game, 5.8 min. total, 523.9 MB
crept_manicure v5 181 games, 135418 moves, e=0.866, loss: 1.7, -, 6.9% elo% vs. simple_bot, avg. reward: 0.197, 2.764 sec/game, 5.8 min. total, 524.3 MB
crept_manicure v5 182 games, 136305 moves, e=0.865, loss: 1.7, -, 6.8% elo% vs. simple_bot, avg. reward: 0.197, 2.749 sec/game, 5.9 min. total, 524.1 MB
crept_manicure v5 183 games, 137175 moves, e=0.864, loss: 1.8, -, 6.7% elo% vs. simple_bot, avg. reward: 0.199, 2.767 sec/game, 5.9 min. total, 524.1 MB
crept_manicure v5 184 games, 138005 moves, e=0.863, loss: 1.8, -, 6.7% elo% vs. simple_bot, avg. reward: 0.201, 2.780 sec/game, 6.0 min. total, 524.2 MB
crept_manicure v5 185 games, 138782 moves, e=0.863, loss: 1.8, -, 6.6% elo% vs. simple_bot, avg. reward: 0.203, 2.778 sec/game, 6.0 min. total, 524.5 MB
crept_manicure v5 186 games, 139592 moves, e=0.862, loss: 1.9, -, 6.5% elo% vs. simple_bot, avg. reward: 0.203, 2.755 sec/game, 6.1 min. total, 524.9 MB
crept_manicure v5 187 games, 140358 moves, e=0.861, loss: 1.9, -, 6.4% elo% vs. simple_bot, avg. reward: 0.203, 2.733 sec/game, 6.1 min. total, 524.7 MB
crept_manicure v5 188 games, 141171 moves, e=0.860, loss: 2.0, -, 6.4% elo% vs. simple_bot, avg. reward: 0.202, 2.693 sec/game, 6.2 min. total, 525.6 MB
crept_manicure v5 189 games, 141938 moves, e=0.859, loss: 2.1, -, 6.3% elo% vs. simple_bot, avg. reward: 0.201, 2.674 sec/game, 6.2 min. total, 527.1 MB
crept_manicure v5 190 games, 142712 moves, e=0.859, loss: 2.2, -, 6.2% elo% vs. simple_bot, avg. reward: 0.201, 2.658 sec/game, 6.2 min. total, 527.3 MB
crept_manicure v5 191 games, 143617 moves, e=0.858, loss: 2.3, -, 6.2% elo% vs. simple_bot, avg. reward: 0.200, 2.655 sec/game, 6.3 min. total, 527.3 MB
crept_manicure v5 192 games, 144438 moves, e=0.857, loss: 2.3, -, 6.1% elo% vs. simple_bot, avg. reward: 0.203, 2.603 sec/game, 6.3 min. total, 527.5 MB
crept_manicure v5 193 games, 145236 moves, e=0.856, loss: 2.4, -, 6.0% elo% vs. simple_bot, avg. reward: 0.204, 2.587 sec/game, 6.4 min. total, 527.3 MB
crept_manicure v5 194 games, 146134 moves, e=0.855, loss: 2.5, -, 6.0% elo% vs. simple_bot, avg. reward: 0.205, 2.587 sec/game, 6.4 min. total, 527.2 MB
crept_manicure v5 195 games, 146901 moves, e=0.855, loss: 2.4, -, 5.9% elo% vs. simple_bot, avg. reward: 0.205, 2.588 sec/game, 6.4 min. total, 527.2 MB
crept_manicure v5 196 games, 147759 moves, e=0.854, loss: 2.6, -, 5.8% elo% vs. simple_bot, avg. reward: 0.204, 2.573 sec/game, 6.5 min. total, 527.9 MB
crept_manicure v5 197 games, 148560 moves, e=0.853, loss: 2.5, -, 5.8% elo% vs. simple_bot, avg. reward: 0.203, 2.557 sec/game, 6.5 min. total, 528.1 MB
crept_manicure v5 198 games, 149464 moves, e=0.852, loss: 2.5, -, 5.7% elo% vs. simple_bot, avg. reward: 0.202, 2.587 sec/game, 6.6 min. total, 528.4 MB
crept_manicure v5 199 games, 150407 moves, e=0.851, loss: 2.6, -, 5.7% elo% vs. simple_bot, avg. reward: 0.203, 2.595 sec/game, 6.6 min. total, 528.1 MB
crept_manicure v5 200 games, 151238 moves, e=0.850, loss: 2.4, -, 5.6% elo% vs. simple_bot, avg. reward: 0.204, 2.555 sec/game, 6.7 min. total, 528.1 MB
crept_manicure v6 201 games, 152135 moves, e=0.849, loss: 2.3, -, 47.7% elo% vs. simple_bot, avg. reward: 0.206, 2.559 sec/game, 6.7 min. total, 528.1 MB
crept_manicure v6 202 games, 152894 moves, e=0.849, loss: 2.1, -, 45.5% elo% vs. simple_bot, avg. reward: 0.208, 2.526 sec/game, 6.7 min. total, 528.4 MB
crept_manicure v6 203 games, 153722 moves, e=0.848, loss: 2.1, -, 43.4% elo% vs. simple_bot, avg. reward: 0.209, 2.497 sec/game, 6.8 min. total, 528.4 MB
crept_manicure v6 204 games, 154550 moves, e=0.847, loss: 2.1, -, 41.5% elo% vs. simple_bot, avg. reward: 0.210, 2.471 sec/game, 6.8 min. total, 528.5 MB
crept_manicure v6 205 games, 155381 moves, e=0.846, loss: 2.1, -, 39.6% elo% vs. simple_bot, avg. reward: 0.211, 2.470 sec/game, 6.9 min. total, 529.2 MB
crept_manicure v6 206 games, 156311 moves, e=0.845, loss: 2.0, -, 37.9% elo% vs. simple_bot, avg. reward: 0.208, 2.505 sec/game, 6.9 min. total, 530.5 MB
crept_manicure v6 207 games, 157098 moves, e=0.844, loss: 1.9, -, 36.3% elo% vs. simple_bot, avg. reward: 0.211, 2.506 sec/game, 7.0 min. total, 530.4 MB
crept_manicure v6 208 games, 157951 moves, e=0.844, loss: 1.9, -, 34.8% elo% vs. simple_bot, avg. reward: 0.213, 2.507 sec/game, 7.0 min. total, 530.4 MB
crept_manicure v6 209 games, 158887 moves, e=0.843, loss: 2.1, -, 33.3% elo% vs. simple_bot, avg. reward: 0.214, 2.538 sec/game, 7.0 min. total, 530.7 MB
crept_manicure v6 210 games, 159726 moves, e=0.842, loss: 2.1, -, 32.0% elo% vs. simple_bot, avg. reward: 0.213, 2.536 sec/game, 7.1 min. total, 530.6 MB
crept_manicure v6 211 games, 160560 moves, e=0.841, loss: 2.1, -, 30.7% elo% vs. simple_bot, avg. reward: 0.213, 2.519 sec/game, 7.1 min. total, 530.9 MB
crept_manicure v6 212 games, 161481 moves, e=0.840, loss: 2.2, -, 29.5% elo% vs. simple_bot, avg. reward: 0.213, 2.536 sec/game, 7.2 min. total, 531.0 MB
crept_manicure v6 213 games, 162277 moves, e=0.839, loss: 2.2, -, 28.4% elo% vs. simple_bot, avg. reward: 0.214, 2.534 sec/game, 7.2 min. total, 532.0 MB
crept_manicure v6 214 games, 163031 moves, e=0.839, loss: 2.1, -, 27.3% elo% vs. simple_bot, avg. reward: 0.216, 2.524 sec/game, 7.2 min. total, 533.5 MB
crept_manicure v6 215 games, 164091 moves, e=0.838, loss: 2.1, -, 26.4% elo% vs. simple_bot, avg. reward: 0.218, 2.577 sec/game, 7.3 min. total, 533.7 MB
crept_manicure v6 216 games, 165014 moves, e=0.837, loss: 2.2, -, 25.4% elo% vs. simple_bot, avg. reward: 0.222, 2.603 sec/game, 7.4 min. total, 533.6 MB
crept_manicure v6 217 games, 165909 moves, e=0.836, loss: 2.3, -, 24.5% elo% vs. simple_bot, avg. reward: 0.223, 2.626 sec/game, 7.4 min. total, 533.6 MB
crept_manicure v6 218 games, 166802 moves, e=0.835, loss: 2.3, -, 23.7% elo% vs. simple_bot, avg. reward: 0.221, 2.620 sec/game, 7.4 min. total, 533.8 MB
crept_manicure v6 219 games, 167722 moves, e=0.834, loss: 2.4, -, 22.9% elo% vs. simple_bot, avg. reward: 0.223, 2.609 sec/game, 7.5 min. total, 533.9 MB
crept_manicure v6 220 games, 168522 moves, e=0.833, loss: 2.4, -, 22.2% elo% vs. simple_bot, avg. reward: 0.226, 2.645 sec/game, 7.5 min. total, 533.9 MB
crept_manicure v6 221 games, 169432 moves, e=0.832, loss: 2.4, -, 21.5% elo% vs. simple_bot, avg. reward: 0.228, 2.644 sec/game, 7.6 min. total, 534.6 MB
crept_manicure v6 222 games, 170336 moves, e=0.831, loss: 2.5, -, 20.8% elo% vs. simple_bot, avg. reward: 0.230, 2.665 sec/game, 7.6 min. total, 534.6 MB
crept_manicure v6 223 games, 171153 moves, e=0.831, loss: 2.4, -, 20.2% elo% vs. simple_bot, avg. reward: 0.231, 2.678 sec/game, 7.7 min. total, 535.0 MB
crept_manicure v6 224 games, 172016 moves, e=0.830, loss: 2.5, -, 19.6% elo% vs. simple_bot, avg. reward: 0.233, 2.668 sec/game, 7.7 min. total, 534.9 MB
crept_manicure v6 225 games, 172934 moves, e=0.829, loss: 2.6, -, 19.1% elo% vs. simple_bot, avg. reward: 0.236, 2.698 sec/game, 7.8 min. total, 535.0 MB
crept_manicure v6 226 games, 173831 moves, e=0.828, loss: 2.7, -, 18.5% elo% vs. simple_bot, avg. reward: 0.238, 2.680 sec/game, 7.8 min. total, 535.2 MB
crept_manicure v6 227 games, 174724 moves, e=0.827, loss: 2.6, -, 18.0% elo% vs. simple_bot, avg. reward: 0.240, 2.697 sec/game, 7.8 min. total, 535.2 MB
crept_manicure v6 228 games, 175543 moves, e=0.826, loss: 2.6, -, 17.5% elo% vs. simple_bot, avg. reward: 0.239, 2.696 sec/game, 7.9 min. total, 535.1 MB
crept_manicure v6 229 games, 176496 moves, e=0.825, loss: 2.6, -, 17.1% elo% vs. simple_bot, avg. reward: 0.240, 2.679 sec/game, 7.9 min. total, 535.6 MB
crept_manicure v6 230 games, 177416 moves, e=0.824, loss: 2.6, -, 16.6% elo% vs. simple_bot, avg. reward: 0.242, 2.708 sec/game, 8.0 min. total, 535.8 MB
crept_manicure v6 231 games, 178507 moves, e=0.823, loss: 2.7, -, 16.2% elo% vs. simple_bot, avg. reward: 0.242, 2.725 sec/game, 8.0 min. total, 536.8 MB
crept_manicure v6 232 games, 179481 moves, e=0.822, loss: 2.7, -, 15.8% elo% vs. simple_bot, avg. reward: 0.244, 2.740 sec/game, 8.1 min. total, 538.4 MB
crept_manicure v6 233 games, 180531 moves, e=0.821, loss: 2.7, -, 15.4% elo% vs. simple_bot, avg. reward: 0.246, 2.785 sec/game, 8.1 min. total, 538.2 MB
crept_manicure v6 234 games, 181569 moves, e=0.820, loss: 2.6, -, 15.1% elo% vs. simple_bot, avg. reward: 0.246, 2.839 sec/game, 8.2 min. total, 538.2 MB
crept_manicure v6 235 games, 182555 moves, e=0.819, loss: 2.7, -, 14.7% elo% vs. simple_bot, avg. reward: 0.249, 2.828 sec/game, 8.2 min. total, 538.1 MB
crept_manicure v6 236 games, 183387 moves, e=0.818, loss: 2.6, -, 14.4% elo% vs. simple_bot, avg. reward: 0.248, 2.793 sec/game, 8.3 min. total, 538.3 MB
crept_manicure v6 237 games, 184399 moves, e=0.817, loss: 2.6, -, 14.0% elo% vs. simple_bot, avg. reward: 0.251, 2.816 sec/game, 8.3 min. total, 538.3 MB
crept_manicure v6 238 games, 185317 moves, e=0.817, loss: 2.5, -, 13.7% elo% vs. simple_bot, avg. reward: 0.253, 2.827 sec/game, 8.4 min. total, 538.4 MB
crept_manicure v6 239 games, 186183 moves, e=0.816, loss: 2.5, -, 13.4% elo% vs. simple_bot, avg. reward: 0.253, 2.850 sec/game, 8.4 min. total, 538.4 MB
crept_manicure v6 240 games, 187044 moves, e=0.815, loss: 2.6, -, 13.1% elo% vs. simple_bot, avg. reward: 0.253, 2.824 sec/game, 8.5 min. total, 538.5 MB
crept_manicure v6 241 games, 187951 moves, e=0.814, loss: 2.6, -, 12.9% elo% vs. simple_bot, avg. reward: 0.256, 2.826 sec/game, 8.5 min. total, 539.9 MB
crept_manicure v6 242 games, 188851 moves, e=0.813, loss: 2.7, -, 12.6% elo% vs. simple_bot, avg. reward: 0.257, 2.829 sec/game, 8.6 min. total, 539.5 MB
crept_manicure v6 243 games, 189838 moves, e=0.812, loss: 2.8, -, 12.4% elo% vs. simple_bot, avg. reward: 0.259, 2.843 sec/game, 8.6 min. total, 539.5 MB
crept_manicure v6 244 games, 190689 moves, e=0.811, loss: 2.9, -, 12.1% elo% vs. simple_bot, avg. reward: 0.261, 2.833 sec/game, 8.7 min. total, 539.8 MB
crept_manicure v6 245 games, 191567 moves, e=0.810, loss: 2.9, -, 11.9% elo% vs. simple_bot, avg. reward: 0.260, 2.819 sec/game, 8.7 min. total, 539.9 MB
crept_manicure v6 246 games, 192488 moves, e=0.809, loss: 2.8, -, 11.7% elo% vs. simple_bot, avg. reward: 0.263, 2.817 sec/game, 8.7 min. total, 540.0 MB
crept_manicure v6 247 games, 193240 moves, e=0.809, loss: 2.9, -, 11.4% elo% vs. simple_bot, avg. reward: 0.264, 2.798 sec/game, 8.8 min. total, 539.9 MB
crept_manicure v6 248 games, 194291 moves, e=0.808, loss: 2.9, -, 11.2% elo% vs. simple_bot, avg. reward: 0.268, 2.833 sec/game, 8.8 min. total, 540.2 MB
crept_manicure v6 249 games, 195036 moves, e=0.807, loss: 2.9, -, 11.0% elo% vs. simple_bot, avg. reward: 0.268, 2.814 sec/game, 8.9 min. total, 541.3 MB
crept_manicure v6 250 games, 195827 moves, e=0.806, loss: 3.0, -, 10.8% elo% vs. simple_bot, avg. reward: 0.269, 2.782 sec/game, 8.9 min. total, 542.0 MB
crept_manicure v6 251 games, 196704 moves, e=0.805, loss: 3.4, -, 10.6% elo% vs. simple_bot, avg. reward: 0.272, 2.762 sec/game, 9.0 min. total, 541.9 MB
crept_manicure v6 252 games, 197350 moves, e=0.805, loss: 3.4, -, 10.4% elo% vs. simple_bot, avg. reward: 0.273, 2.708 sec/game, 9.0 min. total, 542.1 MB
crept_manicure v6 253 games, 198210 moves, e=0.804, loss: 3.5, -, 10.3% elo% vs. simple_bot, avg. reward: 0.275, 2.672 sec/game, 9.0 min. total, 542.1 MB
crept_manicure v6 254 games, 199118 moves, e=0.803, loss: 3.4, -, 10.1% elo% vs. simple_bot, avg. reward: 0.278, 2.630 sec/game, 9.1 min. total, 542.2 MB
crept_manicure v6 255 games, 199899 moves, e=0.802, loss: 3.4, -, 9.9% elo% vs. simple_bot, avg. reward: 0.278, 2.612 sec/game, 9.1 min. total, 542.6 MB
crept_manicure v6 256 games, 200808 moves, e=0.801, loss: 3.3, -, 9.8% elo% vs. simple_bot, avg. reward: 0.280, 2.623 sec/game, 9.2 min. total, 542.7 MB
crept_manicure v6 257 games, 201621 moves, e=0.800, loss: 3.4, -, 9.6% elo% vs. simple_bot, avg. reward: 0.279, 2.596 sec/game, 9.2 min. total, 543.5 MB
crept_manicure v6 258 games, 202485 moves, e=0.800, loss: 3.3, -, 9.5% elo% vs. simple_bot, avg. reward: 0.278, 2.562 sec/game, 9.2 min. total, 545.1 MB
crept_manicure v6 259 games, 203307 moves, e=0.799, loss: 3.3, -, 9.3% elo% vs. simple_bot, avg. reward: 0.281, 2.535 sec/game, 9.3 min. total, 544.9 MB
crept_manicure v6 260 games, 204162 moves, e=0.798, loss: 3.2, -, 9.2% elo% vs. simple_bot, avg. reward: 0.282, 2.535 sec/game, 9.3 min. total, 544.7 MB
crept_manicure v6 261 games, 205114 moves, e=0.797, loss: 3.3, -, 9.0% elo% vs. simple_bot, avg. reward: 0.285, 2.528 sec/game, 9.4 min. total, 544.7 MB
crept_manicure v6 262 games, 206108 moves, e=0.796, loss: 3.3, -, 8.9% elo% vs. simple_bot, avg. reward: 0.287, 2.586 sec/game, 9.4 min. total, 544.8 MB
crept_manicure v6 263 games, 206898 moves, e=0.795, loss: 3.4, -, 8.8% elo% vs. simple_bot, avg. reward: 0.289, 2.558 sec/game, 9.5 min. total, 544.8 MB
crept_manicure v6 264 games, 207810 moves, e=0.794, loss: 3.3, -, 8.6% elo% vs. simple_bot, avg. reward: 0.290, 2.585 sec/game, 9.5 min. total, 544.9 MB
crept_manicure v6 265 games, 208930 moves, e=0.793, loss: 3.7, -, 8.5% elo% vs. simple_bot, avg. reward: 0.292, 2.623 sec/game, 9.6 min. total, 544.9 MB
crept_manicure v6 266 games, 209835 moves, e=0.792, loss: 3.4, -, 8.4% elo% vs. simple_bot, avg. reward: 0.292, 2.630 sec/game, 9.6 min. total, 545.3 MB
crept_manicure v6 267 games, 210814 moves, e=0.791, loss: 3.7, -, 8.3% elo% vs. simple_bot, avg. reward: 0.294, 2.652 sec/game, 9.7 min. total, 546.7 MB
crept_manicure v6 268 games, 211799 moves, e=0.790, loss: 3.7, -, 8.1% elo% vs. simple_bot, avg. reward: 0.296, 2.654 sec/game, 9.7 min. total, 546.8 MB
crept_manicure v6 269 games, 212776 moves, e=0.789, loss: 3.7, -, 8.0% elo% vs. simple_bot, avg. reward: 0.297, 2.684 sec/game, 9.8 min. total, 547.0 MB
crept_manicure v6 270 games, 213796 moves, e=0.788, loss: 3.8, -, 7.9% elo% vs. simple_bot, avg. reward: 0.300, 2.722 sec/game, 9.8 min. total, 547.2 MB
crept_manicure v6 271 games, 214812 moves, e=0.787, loss: 3.9, -, 7.8% elo% vs. simple_bot, avg. reward: 0.300, 2.744 sec/game, 9.9 min. total, 547.1 MB
crept_manicure v6 272 games, 215571 moves, e=0.787, loss: 3.9, -, 7.7% elo% vs. simple_bot, avg. reward: 0.302, 2.765 sec/game, 9.9 min. total, 547.1 MB
crept_manicure v6 273 games, 216587 moves, e=0.786, loss: 3.7, -, 7.6% elo% vs. simple_bot, avg. reward: 0.304, 2.788 sec/game, 10.0 min. total, 547.1 MB
crept_manicure v6 274 games, 217384 moves, e=0.785, loss: 3.8, -, 7.5% elo% vs. simple_bot, avg. reward: 0.307, 2.770 sec/game, 10.0 min. total, 548.8 MB
crept_manicure v6 275 games, 218368 moves, e=0.784, loss: 4.0, -, 7.4% elo% vs. simple_bot, avg. reward: 0.311, 2.783 sec/game, 10.0 min. total, 550.1 MB
crept_manicure v6 276 games, 219271 moves, e=0.783, loss: 4.0, -, 7.3% elo% vs. simple_bot, avg. reward: 0.315, 2.788 sec/game, 10.1 min. total, 550.1 MB
crept_manicure v6 277 games, 220228 moves, e=0.782, loss: 4.1, -, 7.2% elo% vs. simple_bot, avg. reward: 0.318, 2.797 sec/game, 10.1 min. total, 549.8 MB
crept_manicure v6 278 games, 221155 moves, e=0.781, loss: 4.2, -, 7.2% elo% vs. simple_bot, avg. reward: 0.319, 2.816 sec/game, 10.2 min. total, 550.2 MB
crept_manicure v6 279 games, 222027 moves, e=0.780, loss: 4.3, -, 7.1% elo% vs. simple_bot, avg. reward: 0.322, 2.838 sec/game, 10.2 min. total, 550.1 MB
crept_manicure v6 280 games, 223121 moves, e=0.779, loss: 3.9, -, 7.0% elo% vs. simple_bot, avg. reward: 0.322, 2.880 sec/game, 10.3 min. total, 549.9 MB
crept_manicure v6 281 games, 224081 moves, e=0.778, loss: 4.0, -, 6.9% elo% vs. simple_bot, avg. reward: 0.323, 2.885 sec/game, 10.3 min. total, 550.0 MB
crept_manicure v6 282 games, 224976 moves, e=0.777, loss: 4.2, -, 6.8% elo% vs. simple_bot, avg. reward: 0.325, 2.819 sec/game, 10.4 min. total, 551.8 MB
crept_manicure v6 283 games, 225821 moves, e=0.776, loss: 4.1, -, 6.7% elo% vs. simple_bot, avg. reward: 0.326, 2.836 sec/game, 10.4 min. total, 552.0 MB
crept_manicure v6 284 games, 226685 moves, e=0.776, loss: 4.1, -, 6.7% elo% vs. simple_bot, avg. reward: 0.325, 2.813 sec/game, 10.5 min. total, 552.0 MB
crept_manicure v6 285 games, 227625 moves, e=0.775, loss: 4.0, -, 6.6% elo% vs. simple_bot, avg. reward: 0.326, 2.791 sec/game, 10.5 min. total, 551.9 MB
crept_manicure v6 286 games, 228616 moves, e=0.774, loss: 3.7, -, 6.5% elo% vs. simple_bot, avg. reward: 0.327, 2.796 sec/game, 10.6 min. total, 551.8 MB
crept_manicure v6 287 games, 229628 moves, e=0.773, loss: 3.8, -, 6.4% elo% vs. simple_bot, avg. reward: 0.330, 2.814 sec/game, 10.6 min. total, 551.8 MB
crept_manicure v6 288 games, 230628 moves, e=0.772, loss: 3.9, -, 6.4% elo% vs. simple_bot, avg. reward: 0.332, 2.811 sec/game, 10.7 min. total, 551.9 MB
crept_manicure v6 289 games, 231726 moves, e=0.771, loss: 3.9, -, 6.3% elo% vs. simple_bot, avg. reward: 0.332, 2.840 sec/game, 10.7 min. total, 552.0 MB
crept_manicure v6 290 games, 232652 moves, e=0.770, loss: 4.1, -, 6.2% elo% vs. simple_bot, avg. reward: 0.334, 2.863 sec/game, 10.8 min. total, 552.8 MB
crept_manicure v6 291 games, 233492 moves, e=0.769, loss: 4.0, -, 6.2% elo% vs. simple_bot, avg. reward: 0.336, 2.848 sec/game, 10.8 min. total, 554.0 MB
crept_manicure v6 292 games, 234396 moves, e=0.768, loss: 4.3, -, 6.1% elo% vs. simple_bot, avg. reward: 0.336, 2.872 sec/game, 10.9 min. total, 554.0 MB
crept_manicure v6 293 games, 235507 moves, e=0.767, loss: 4.2, -, 6.0% elo% vs. simple_bot, avg. reward: 0.338, 2.878 sec/game, 10.9 min. total, 554.2 MB
crept_manicure v6 294 games, 236592 moves, e=0.766, loss: 4.4, -, 6.0% elo% vs. simple_bot, avg. reward: 0.340, 2.930 sec/game, 11.0 min. total, 554.7 MB
crept_manicure v6 295 games, 237630 moves, e=0.765, loss: 4.4, -, 5.9% elo% vs. simple_bot, avg. reward: 0.342, 2.928 sec/game, 11.0 min. total, 554.8 MB
crept_manicure v6 296 games, 238490 moves, e=0.764, loss: 4.4, -, 5.8% elo% vs. simple_bot, avg. reward: 0.344, 2.923 sec/game, 11.1 min. total, 554.6 MB
crept_manicure v6 297 games, 239504 moves, e=0.763, loss: 4.4, -, 5.8% elo% vs. simple_bot, avg. reward: 0.347, 2.936 sec/game, 11.1 min. total, 554.7 MB
crept_manicure v6 298 games, 240481 moves, e=0.762, loss: 4.8, -, 5.7% elo% vs. simple_bot, avg. reward: 0.350, 2.937 sec/game, 11.2 min. total, 556.2 MB
crept_manicure v6 299 games, 241421 moves, e=0.761, loss: 4.4, -, 5.7% elo% vs. simple_bot, avg. reward: 0.350, 2.930 sec/game, 11.2 min. total, 558.0 MB
crept_manicure v6 300 games, 242436 moves, e=0.760, loss: 4.5, -, 5.6% elo% vs. simple_bot, avg. reward: 0.355, 2.913 sec/game, 11.3 min. total, 557.7 MB
crept_manicure v7 301 games, 243378 moves, e=0.759, loss: 4.5, -, 47.7% elo% vs. simple_bot, avg. reward: 0.356, 2.915 sec/game, 11.3 min. total, 557.8 MB
crept_manicure v7 302 games, 244397 moves, e=0.758, loss: 4.4, -, 45.5% elo% vs. simple_bot, avg. reward: 0.355, 2.934 sec/game, 11.4 min. total, 558.0 MB
crept_manicure v7 303 games, 245258 moves, e=0.757, loss: 4.6, -, 43.4% elo% vs. simple_bot, avg. reward: 0.357, 2.933 sec/game, 11.4 min. total, 558.2 MB
crept_manicure v7 304 games, 246262 moves, e=0.756, loss: 4.7, -, 41.5% elo% vs. simple_bot, avg. reward: 0.357, 2.956 sec/game, 11.4 min. total, 558.3 MB
crept_manicure v7 305 games, 247142 moves, e=0.755, loss: 4.9, -, 39.6% elo% vs. simple_bot, avg. reward: 0.358, 2.941 sec/game, 11.5 min. total, 558.6 MB
crept_manicure v7 306 games, 248154 moves, e=0.754, loss: 4.5, -, 37.9% elo% vs. simple_bot, avg. reward: 0.359, 2.953 sec/game, 11.5 min. total, 558.8 MB
crept_manicure v7 307 games, 249058 moves, e=0.753, loss: 4.6, -, 36.3% elo% vs. simple_bot, avg. reward: 0.365, 2.933 sec/game, 11.6 min. total, 560.7 MB
crept_manicure v7 308 games, 249926 moves, e=0.753, loss: 4.6, -, 34.8% elo% vs. simple_bot, avg. reward: 0.364, 2.924 sec/game, 11.6 min. total, 560.7 MB
crept_manicure v7 309 games, 250942 moves, e=0.752, loss: 4.2, -, 33.3% elo% vs. simple_bot, avg. reward: 0.366, 2.901 sec/game, 11.7 min. total, 560.6 MB
crept_manicure v7 310 games, 251861 moves, e=0.751, loss: 4.3, -, 32.0% elo% vs. simple_bot, avg. reward: 0.368, 2.861 sec/game, 11.7 min. total, 560.8 MB
crept_manicure v7 311 games, 252871 moves, e=0.750, loss: 4.2, -, 30.7% elo% vs. simple_bot, avg. reward: 0.370, 2.877 sec/game, 11.8 min. total, 560.8 MB
crept_manicure v7 312 games, 253938 moves, e=0.749, loss: 4.2, -, 29.5% elo% vs. simple_bot, avg. reward: 0.373, 2.917 sec/game, 11.8 min. total, 560.7 MB
crept_manicure v7 313 games, 254905 moves, e=0.748, loss: 4.3, -, 28.4% elo% vs. simple_bot, avg. reward: 0.375, 2.914 sec/game, 11.9 min. total, 560.9 MB
crept_manicure v7 314 games, 255748 moves, e=0.747, loss: 4.3, -, 27.3% elo% vs. simple_bot, avg. reward: 0.374, 2.882 sec/game, 11.9 min. total, 560.8 MB
crept_manicure v7 315 games, 256758 moves, e=0.746, loss: 4.3, -, 26.4% elo% vs. simple_bot, avg. reward: 0.375, 2.876 sec/game, 12.0 min. total, 560.9 MB
crept_manicure v7 316 games, 257826 moves, e=0.745, loss: 4.2, -, 25.4% elo% vs. simple_bot, avg. reward: 0.373, 2.978 sec/game, 12.1 min. total, 561.4 MB
crept_manicure v7 317 games, 258765 moves, e=0.744, loss: 3.9, -, 24.5% elo% vs. simple_bot, avg. reward: 0.373, 2.967 sec/game, 12.1 min. total, 561.5 MB
crept_manicure v7 318 games, 259734 moves, e=0.743, loss: 3.8, -, 23.7% elo% vs. simple_bot, avg. reward: 0.375, 2.988 sec/game, 12.2 min. total, 563.4 MB
crept_manicure v7 319 games, 260919 moves, e=0.742, loss: 3.7, -, 22.9% elo% vs. simple_bot, avg. reward: 0.379, 3.019 sec/game, 12.2 min. total, 562.2 MB
crept_manicure v7 320 games, 261861 moves, e=0.741, loss: 3.5, -, 22.2% elo% vs. simple_bot, avg. reward: 0.379, 3.009 sec/game, 12.3 min. total, 562.4 MB
crept_manicure v7 321 games, 262887 moves, e=0.740, loss: 3.5, -, 21.5% elo% vs. simple_bot, avg. reward: 0.381, 3.026 sec/game, 12.3 min. total, 562.5 MB
crept_manicure v7 322 games, 263959 moves, e=0.739, loss: 3.8, +, 24.0% elo% vs. simple_bot, avg. reward: 0.382, 3.051 sec/game, 12.4 min. total, 562.9 MB
crept_manicure v7 323 games, 264847 moves, e=0.738, loss: 3.6, -, 23.2% elo% vs. simple_bot, avg. reward: 0.382, 3.058 sec/game, 12.4 min. total, 564.5 MB
crept_manicure v7 324 games, 265841 moves, e=0.737, loss: 3.6, -, 22.5% elo% vs. simple_bot, avg. reward: 0.382, 3.059 sec/game, 12.5 min. total, 564.9 MB
crept_manicure v7 325 games, 266761 moves, e=0.736, loss: 3.5, -, 21.8% elo% vs. simple_bot, avg. reward: 0.382, 3.080 sec/game, 12.5 min. total, 564.7 MB
crept_manicure v7 326 games, 267713 moves, e=0.735, loss: 3.4, -, 21.1% elo% vs. simple_bot, avg. reward: 0.382, 3.062 sec/game, 12.6 min. total, 564.9 MB
crept_manicure v7 327 games, 268730 moves, e=0.734, loss: 3.5, -, 20.5% elo% vs. simple_bot, avg. reward: 0.381, 3.081 sec/game, 12.6 min. total, 565.3 MB
crept_manicure v7 328 games, 269818 moves, e=0.733, loss: 3.3, -, 19.8% elo% vs. simple_bot, avg. reward: 0.385, 3.100 sec/game, 12.7 min. total, 565.6 MB
crept_manicure v7 329 games, 270762 moves, e=0.732, loss: 3.3, -, 19.3% elo% vs. simple_bot, avg. reward: 0.386, 3.097 sec/game, 12.7 min. total, 565.5 MB
crept_manicure v7 330 games, 271686 moves, e=0.731, loss: 3.6, -, 18.7% elo% vs. simple_bot, avg. reward: 0.385, 3.101 sec/game, 12.8 min. total, 565.5 MB
crept_manicure v7 331 games, 272623 moves, e=0.730, loss: 3.4, -, 18.2% elo% vs. simple_bot, avg. reward: 0.387, 3.085 sec/game, 12.8 min. total, 566.0 MB
crept_manicure v7 332 games, 273709 moves, e=0.729, loss: 3.0, -, 17.7% elo% vs. simple_bot, avg. reward: 0.388, 3.102 sec/game, 12.9 min. total, 567.8 MB
crept_manicure v7 333 games, 274678 moves, e=0.728, loss: 2.8, -, 17.2% elo% vs. simple_bot, avg. reward: 0.388, 3.100 sec/game, 12.9 min. total, 567.6 MB
crept_manicure v7 334 games, 275607 moves, e=0.727, loss: 2.8, -, 16.8% elo% vs. simple_bot, avg. reward: 0.389, 3.120 sec/game, 13.0 min. total, 567.5 MB
crept_manicure v7 335 games, 276613 moves, e=0.726, loss: 2.6, -, 16.4% elo% vs. simple_bot, avg. reward: 0.388, 3.134 sec/game, 13.0 min. total, 567.9 MB
crept_manicure v7 336 games, 277665 moves, e=0.725, loss: 2.6, -, 16.0% elo% vs. simple_bot, avg. reward: 0.390, 3.056 sec/game, 13.1 min. total, 567.7 MB
crept_manicure v7 337 games, 278666 moves, e=0.724, loss: 2.7, -, 15.6% elo% vs. simple_bot, avg. reward: 0.391, 3.069 sec/game, 13.1 min. total, 567.7 MB
crept_manicure v7 338 games, 279593 moves, e=0.723, loss: 2.7, -, 15.2% elo% vs. simple_bot, avg. reward: 0.391, 3.055 sec/game, 13.2 min. total, 567.9 MB
crept_manicure v7 339 games, 280568 moves, e=0.722, loss: 2.6, -, 14.8% elo% vs. simple_bot, avg. reward: 0.392, 3.018 sec/game, 13.2 min. total, 567.7 MB
crept_manicure v7 340 games, 281425 moves, e=0.721, loss: 2.6, -, 14.5% elo% vs. simple_bot, avg. reward: 0.391, 3.014 sec/game, 13.3 min. total, 568.3 MB
crept_manicure v7 341 games, 282394 moves, e=0.720, loss: 2.6, -, 14.2% elo% vs. simple_bot, avg. reward: 0.393, 3.041 sec/game, 13.3 min. total, 568.7 MB
crept_manicure v7 342 games, 283306 moves, e=0.720, loss: 2.7, -, 13.9% elo% vs. simple_bot, avg. reward: 0.392, 3.016 sec/game, 13.4 min. total, 568.7 MB
crept_manicure v7 343 games, 284351 moves, e=0.718, loss: 2.6, -, 13.6% elo% vs. simple_bot, avg. reward: 0.394, 3.039 sec/game, 13.4 min. total, 568.8 MB
crept_manicure v7 344 games, 285310 moves, e=0.718, loss: 2.5, -, 13.3% elo% vs. simple_bot, avg. reward: 0.395, 3.045 sec/game, 13.5 min. total, 568.9 MB
crept_manicure v7 345 games, 286374 moves, e=0.716, loss: 2.6, -, 13.0% elo% vs. simple_bot, avg. reward: 0.396, 3.072 sec/game, 13.5 min. total, 569.0 MB
crept_manicure v7 346 games, 287629 moves, e=0.715, loss: 2.6, -, 12.7% elo% vs. simple_bot, avg. reward: 0.397, 3.131 sec/game, 13.6 min. total, 568.9 MB
crept_manicure v7 347 games, 288584 moves, e=0.714, loss: 2.8, -, 12.5% elo% vs. simple_bot, avg. reward: 0.401, 3.120 sec/game, 13.6 min. total, 569.9 MB
crept_manicure v7 348 games, 289612 moves, e=0.713, loss: 2.8, -, 12.2% elo% vs. simple_bot, avg. reward: 0.399, 3.122 sec/game, 13.7 min. total, 573.3 MB
crept_manicure v7 349 games, 290659 moves, e=0.712, loss: 2.7, -, 12.0% elo% vs. simple_bot, avg. reward: 0.402, 3.143 sec/game, 13.8 min. total, 572.5 MB
crept_manicure v7 350 games, 291678 moves, e=0.711, loss: 2.7, -, 11.7% elo% vs. simple_bot, avg. reward: 0.404, 3.165 sec/game, 13.8 min. total, 572.6 MB
