facial_putdown v0 0 games, 0 moves, e=1.000, loss: nan,  , 50.0% elo% vs. , avg. reward: nan, nan sec/game, 0.0 min. total, 312.1 MB
facial_putdown v1 1 games, 736 moves, e=0.999, loss: nan, +, 52.3% elo% vs. v0, avg. reward: 2.341, 0.200 sec/game, 0.0 min. total, 316.9 MB
facial_putdown v1 2 games, 1479 moves, e=0.999, loss: nan, +, 54.5% elo% vs. v0, avg. reward: 1.607, 0.212 sec/game, 0.0 min. total, 320.2 MB
facial_putdown v1 3 games, 2138 moves, e=0.998, loss: nan, -, 52.0% elo% vs. v0, avg. reward: 0.053, 0.218 sec/game, 0.0 min. total, 323.3 MB
facial_putdown v1 4 games, 2806 moves, e=0.997, loss: nan, -, 49.6% elo% vs. v0, avg. reward: 0.095, 0.213 sec/game, 0.0 min. total, 327.3 MB
facial_putdown v1 5 games, 3502 moves, e=0.997, loss: nan, -, 47.3% elo% vs. v0, avg. reward: -0.204, 0.216 sec/game, 0.0 min. total, 331.0 MB
facial_putdown v1 6 games, 4162 moves, e=0.996, loss: nan, ., 47.4% elo% vs. v0, avg. reward: 0.247, 0.210 sec/game, 0.0 min. total, 334.1 MB
facial_putdown v1 7 games, 4759 moves, e=0.995, loss: nan, -, 45.3% elo% vs. v0, avg. reward: -0.232, 0.206 sec/game, 0.0 min. total, 336.8 MB
facial_putdown v1 8 games, 5393 moves, e=0.995, loss: nan, +, 47.8% elo% vs. v0, avg. reward: -0.515, 0.202 sec/game, 0.0 min. total, 340.6 MB
facial_putdown v1 9 games, 6125 moves, e=0.994, loss: nan, -, 45.6% elo% vs. v0, avg. reward: -0.480, 0.206 sec/game, 0.0 min. total, 344.4 MB
facial_putdown v1 10 games, 6960 moves, e=0.993, loss: nan, -, 43.5% elo% vs. v0, avg. reward: 0.017, 0.216 sec/game, 0.0 min. total, 349.3 MB
facial_putdown v1 11 games, 7617 moves, e=0.992, loss: nan, -, 41.6% elo% vs. v0, avg. reward: -0.303, 0.218 sec/game, 0.0 min. total, 353.0 MB
facial_putdown v1 12 games, 8354 moves, e=0.992, loss: nan, -, 39.7% elo% vs. v0, avg. reward: -0.176, 0.219 sec/game, 0.0 min. total, 357.3 MB
facial_putdown v1 13 games, 9032 moves, e=0.991, loss: nan, +, 42.4% elo% vs. v0, avg. reward: -0.366, 0.220 sec/game, 0.0 min. total, 361.4 MB
facial_putdown v1 14 games, 9714 moves, e=0.990, loss: nan, +, 45.0% elo% vs. v0, avg. reward: -0.391, 0.220 sec/game, 0.1 min. total, 363.8 MB
facial_putdown v1 15 games, 10351 moves, e=0.990, loss: 77.4, -, 43.0% elo% vs. v0, avg. reward: -0.651, 0.294 sec/game, 0.1 min. total, 388.4 MB
facial_putdown v1 16 games, 11124 moves, e=0.989, loss: 61.9, -, 41.0% elo% vs. v0, avg. reward: -0.689, 0.427 sec/game, 0.1 min. total, 389.7 MB
facial_putdown v1 17 games, 11755 moves, e=0.988, loss: 49.6, -, 39.2% elo% vs. v0, avg. reward: -0.770, 0.496 sec/game, 0.1 min. total, 390.1 MB
facial_putdown v1 18 games, 12486 moves, e=0.988, loss: 40.5, -, 37.5% elo% vs. v0, avg. reward: -0.734, 0.566 sec/game, 0.2 min. total, 390.8 MB
facial_putdown v1 19 games, 13290 moves, e=0.987, loss: 37.1, -, 35.9% elo% vs. v0, avg. reward: -0.337, 0.645 sec/game, 0.2 min. total, 391.4 MB
facial_putdown v1 20 games, 14052 moves, e=0.986, loss: 37.1, -, 34.4% elo% vs. v0, avg. reward: -0.414, 0.699 sec/game, 0.2 min. total, 392.5 MB
facial_putdown v1 21 games, 14741 moves, e=0.985, loss: 37.1, -, 33.0% elo% vs. v0, avg. reward: -0.365, 0.779 sec/game, 0.3 min. total, 392.3 MB
facial_putdown v1 22 games, 15548 moves, e=0.985, loss: 39.7, -, 31.7% elo% vs. v0, avg. reward: -0.297, 0.853 sec/game, 0.3 min. total, 393.1 MB
facial_putdown v1 23 games, 16271 moves, e=0.984, loss: 40.0, ., 32.4% elo% vs. v0, avg. reward: -0.286, 0.927 sec/game, 0.3 min. total, 393.7 MB
facial_putdown v1 24 games, 17024 moves, e=0.983, loss: 40.0, -, 31.1% elo% vs. v0, avg. reward: -0.252, 1.002 sec/game, 0.3 min. total, 394.7 MB
facial_putdown v1 25 games, 17824 moves, e=0.982, loss: 42.5, -, 29.9% elo% vs. v0, avg. reward: -0.030, 1.073 sec/game, 0.4 min. total, 395.9 MB
facial_putdown v1 26 games, 18461 moves, e=0.982, loss: 44.8, -, 28.7% elo% vs. v0, avg. reward: 0.048, 1.134 sec/game, 0.4 min. total, 397.8 MB
facial_putdown v1 27 games, 19152 moves, e=0.981, loss: 48.0, -, 27.7% elo% vs. v0, avg. reward: 0.063, 1.207 sec/game, 0.4 min. total, 397.9 MB
facial_putdown v1 28 games, 19787 moves, e=0.980, loss: 47.8, -, 26.7% elo% vs. v0, avg. reward: -0.123, 1.266 sec/game, 0.4 min. total, 397.9 MB
facial_putdown v1 29 games, 20477 moves, e=0.980, loss: 48.1, -, 25.7% elo% vs. v0, avg. reward: -0.122, 1.326 sec/game, 0.5 min. total, 397.9 MB
facial_putdown v1 30 games, 21198 moves, e=0.979, loss: 47.7, -, 24.8% elo% vs. v0, avg. reward: -0.000, 1.391 sec/game, 0.5 min. total, 397.6 MB
facial_putdown v1 31 games, 21867 moves, e=0.978, loss: 52.9, -, 24.0% elo% vs. v0, avg. reward: -0.123, 1.449 sec/game, 0.5 min. total, 398.0 MB
facial_putdown v1 32 games, 22528 moves, e=0.978, loss: 54.1, -, 23.2% elo% vs. v0, avg. reward: -0.143, 1.523 sec/game, 0.6 min. total, 397.6 MB
facial_putdown v1 33 games, 23127 moves, e=0.977, loss: 56.5, -, 22.4% elo% vs. v0, avg. reward: -0.322, 1.569 sec/game, 0.6 min. total, 397.8 MB
facial_putdown v1 34 games, 23925 moves, e=0.976, loss: 62.0, -, 21.7% elo% vs. v0, avg. reward: -0.263, 1.646 sec/game, 0.6 min. total, 398.2 MB
facial_putdown v1 35 games, 24633 moves, e=0.976, loss: 65.9, -, 21.0% elo% vs. v0, avg. reward: -0.274, 1.665 sec/game, 0.6 min. total, 397.6 MB
facial_putdown v1 36 games, 25387 moves, e=0.975, loss: 66.9, -, 20.4% elo% vs. v0, avg. reward: -0.272, 1.639 sec/game, 0.7 min. total, 398.3 MB
facial_putdown v1 37 games, 26119 moves, e=0.974, loss: 65.9, +, 22.9% elo% vs. v0, avg. reward: -0.290, 1.644 sec/game, 0.7 min. total, 399.9 MB
facial_putdown v1 38 games, 26784 moves, e=0.973, loss: 67.6, -, 22.2% elo% vs. v0, avg. reward: -0.363, 1.628 sec/game, 0.7 min. total, 402.3 MB
facial_putdown v1 39 games, 27473 moves, e=0.973, loss: 71.5, -, 21.5% elo% vs. v0, avg. reward: -0.318, 1.601 sec/game, 0.7 min. total, 403.4 MB
facial_putdown v1 40 games, 28216 moves, e=0.972, loss: 75.6, -, 20.8% elo% vs. v0, avg. reward: -0.361, 1.607 sec/game, 0.8 min. total, 404.1 MB
facial_putdown v1 41 games, 28948 moves, e=0.971, loss: 75.8, -, 20.2% elo% vs. v0, avg. reward: -0.401, 1.611 sec/game, 0.8 min. total, 403.8 MB
facial_putdown v1 42 games, 29646 moves, e=0.971, loss: 81.2, -, 19.6% elo% vs. v0, avg. reward: -0.459, 1.603 sec/game, 0.8 min. total, 404.3 MB
facial_putdown v1 43 games, 30344 moves, e=0.970, loss: 84.8, -, 19.0% elo% vs. v0, avg. reward: -0.489, 1.601 sec/game, 0.9 min. total, 404.1 MB
facial_putdown v1 44 games, 31112 moves, e=0.969, loss: 88.5, +, 21.4% elo% vs. v0, avg. reward: -0.500, 1.599 sec/game, 0.9 min. total, 404.1 MB
facial_putdown v1 45 games, 31749 moves, e=0.969, loss: 92.1, -, 20.8% elo% vs. v0, avg. reward: -0.527, 1.583 sec/game, 0.9 min. total, 404.3 MB
facial_putdown v1 46 games, 32599 moves, e=0.968, loss: 97.6, -, 20.1% elo% vs. v0, avg. reward: -0.466, 1.603 sec/game, 0.9 min. total, 404.3 MB
facial_putdown v1 47 games, 33371 moves, e=0.967, loss: 94.0, -, 19.6% elo% vs. v0, avg. reward: -0.455, 1.605 sec/game, 1.0 min. total, 404.6 MB
facial_putdown v1 48 games, 34136 moves, e=0.966, loss: 97.5, -, 19.0% elo% vs. v0, avg. reward: -0.453, 1.619 sec/game, 1.0 min. total, 405.0 MB
facial_putdown v1 49 games, 34988 moves, e=0.965, loss: 89.3, -, 18.5% elo% vs. v0, avg. reward: -0.355, 1.646 sec/game, 1.0 min. total, 405.0 MB
facial_putdown v1 50 games, 35758 moves, e=0.965, loss: 89.4, -, 18.0% elo% vs. v0, avg. reward: -0.273, 1.675 sec/game, 1.1 min. total, 407.0 MB
facial_putdown v1 51 games, 36597 moves, e=0.964, loss: 93.7, -, 17.5% elo% vs. v0, avg. reward: -0.202, 1.702 sec/game, 1.1 min. total, 407.4 MB
facial_putdown v1 52 games, 37218 moves, e=0.963, loss: 98.0, -, 17.0% elo% vs. v0, avg. reward: -0.241, 1.686 sec/game, 1.1 min. total, 407.1 MB
facial_putdown v1 53 games, 37983 moves, e=0.962, loss: 103.9, -, 16.6% elo% vs. v0, avg. reward: -0.242, 1.722 sec/game, 1.1 min. total, 407.6 MB
facial_putdown v1 54 games, 38654 moves, e=0.962, loss: 104.2, -, 16.2% elo% vs. v0, avg. reward: -0.316, 1.704 sec/game, 1.2 min. total, 407.4 MB
facial_putdown v1 55 games, 39389 moves, e=0.961, loss: 108.6, -, 15.8% elo% vs. v0, avg. reward: -0.328, 1.700 sec/game, 1.2 min. total, 407.7 MB
facial_putdown v1 56 games, 40133 moves, e=0.960, loss: 110.0, -, 15.4% elo% vs. v0, avg. reward: -0.370, 1.692 sec/game, 1.2 min. total, 407.8 MB
facial_putdown v1 57 games, 40870 moves, e=0.960, loss: 110.9, -, 15.0% elo% vs. v0, avg. reward: -0.395, 1.689 sec/game, 1.3 min. total, 407.5 MB
facial_putdown v1 58 games, 41684 moves, e=0.959, loss: 109.0, +, 17.1% elo% vs. v0, avg. reward: -0.308, 1.698 sec/game, 1.3 min. total, 408.4 MB
facial_putdown v1 59 games, 42402 moves, e=0.958, loss: 111.5, -, 16.7% elo% vs. v0, avg. reward: -0.313, 1.701 sec/game, 1.3 min. total, 408.4 MB
facial_putdown v1 60 games, 43130 moves, e=0.957, loss: 123.2, -, 16.3% elo% vs. v0, avg. reward: -0.259, 1.679 sec/game, 1.3 min. total, 409.0 MB
facial_putdown v1 61 games, 43794 moves, e=0.957, loss: 121.3, -, 15.9% elo% vs. v0, avg. reward: -0.119, 1.681 sec/game, 1.4 min. total, 411.0 MB
facial_putdown v1 62 games, 44584 moves, e=0.956, loss: 128.7, -, 15.5% elo% vs. v0, avg. reward: -0.129, 1.680 sec/game, 1.4 min. total, 413.8 MB
facial_putdown v1 63 games, 45290 moves, e=0.955, loss: 139.3, -, 15.1% elo% vs. v0, avg. reward: -0.159, 1.677 sec/game, 1.4 min. total, 413.4 MB
facial_putdown v1 64 games, 46064 moves, e=0.954, loss: 127.2, -, 14.7% elo% vs. v0, avg. reward: -0.163, 1.674 sec/game, 1.4 min. total, 413.0 MB
facial_putdown v1 65 games, 46790 moves, e=0.954, loss: 140.1, -, 14.4% elo% vs. v0, avg. reward: -0.192, 1.686 sec/game, 1.5 min. total, 413.4 MB
facial_putdown v1 66 games, 47531 moves, e=0.953, loss: 139.5, -, 14.1% elo% vs. v0, avg. reward: -0.123, 1.684 sec/game, 1.5 min. total, 413.4 MB
facial_putdown v1 67 games, 48218 moves, e=0.952, loss: 148.3, -, 13.8% elo% vs. v0, avg. reward: -0.090, 1.666 sec/game, 1.5 min. total, 413.4 MB
facial_putdown v1 68 games, 48869 moves, e=0.952, loss: 152.2, -, 13.5% elo% vs. v0, avg. reward: -0.094, 1.651 sec/game, 1.5 min. total, 413.1 MB
facial_putdown v1 69 games, 49682 moves, e=0.951, loss: 162.6, ., 14.3% elo% vs. v0, avg. reward: -0.014, 1.643 sec/game, 1.6 min. total, 413.1 MB
facial_putdown v1 70 games, 50407 moves, e=0.950, loss: 167.9, +, 16.3% elo% vs. v0, avg. reward: 0.059, 1.604 sec/game, 1.6 min. total, 413.1 MB
facial_putdown v1 71 games, 51050 moves, e=0.949, loss: 168.4, +, 18.5% elo% vs. v0, avg. reward: 0.061, 1.578 sec/game, 1.6 min. total, 413.6 MB
facial_putdown v1 72 games, 51710 moves, e=0.949, loss: 165.6, -, 18.0% elo% vs. v0, avg. reward: 0.033, 1.578 sec/game, 1.6 min. total, 413.8 MB
facial_putdown v1 73 games, 52484 moves, e=0.948, loss: 175.2, -, 17.5% elo% vs. v0, avg. reward: 0.006, 1.582 sec/game, 1.7 min. total, 414.3 MB
facial_putdown v1 74 games, 53231 moves, e=0.947, loss: 181.4, +, 19.8% elo% vs. v0, avg. reward: 0.016, 1.578 sec/game, 1.7 min. total, 415.3 MB
facial_putdown v1 75 games, 53988 moves, e=0.947, loss: 170.1, -, 19.3% elo% vs. v0, avg. reward: 0.014, 1.577 sec/game, 1.7 min. total, 416.6 MB
facial_putdown v1 76 games, 54734 moves, e=0.946, loss: 182.9, -, 18.7% elo% vs. v0, avg. reward: -0.016, 1.574 sec/game, 1.7 min. total, 416.2 MB
facial_putdown v1 77 games, 55524 moves, e=0.945, loss: 179.1, -, 18.2% elo% vs. v0, avg. reward: -0.034, 1.576 sec/game, 1.8 min. total, 416.2 MB
facial_putdown v1 78 games, 56206 moves, e=0.944, loss: 182.0, +, 20.6% elo% vs. v0, avg. reward: -0.070, 1.571 sec/game, 1.8 min. total, 416.4 MB
facial_putdown v1 79 games, 56923 moves, e=0.944, loss: 179.8, +, 23.1% elo% vs. v0, avg. reward: -0.078, 1.559 sec/game, 1.8 min. total, 416.4 MB
facial_putdown v1 80 games, 57771 moves, e=0.943, loss: 187.5, +, 25.7% elo% vs. v0, avg. reward: -0.090, 1.581 sec/game, 1.9 min. total, 416.9 MB
facial_putdown v1 81 games, 58485 moves, e=0.942, loss: 176.9, +, 28.4% elo% vs. v0, avg. reward: -0.036, 1.553 sec/game, 1.9 min. total, 417.2 MB
facial_putdown v1 82 games, 59204 moves, e=0.941, loss: 187.7, +, 31.1% elo% vs. v0, avg. reward: -0.002, 1.558 sec/game, 1.9 min. total, 416.9 MB
facial_putdown v1 83 games, 59909 moves, e=0.941, loss: 179.1, -, 29.9% elo% vs. v0, avg. reward: 0.000, 1.555 sec/game, 1.9 min. total, 416.5 MB
facial_putdown v1 84 games, 60621 moves, e=0.940, loss: 183.6, ., 30.7% elo% vs. v0, avg. reward: -0.021, 1.547 sec/game, 2.0 min. total, 417.7 MB
facial_putdown v1 85 games, 61332 moves, e=0.939, loss: 180.9, +, 33.5% elo% vs. v0, avg. reward: 0.003, 1.547 sec/game, 2.0 min. total, 418.8 MB
facial_putdown v1 86 games, 62024 moves, e=0.939, loss: 178.9, -, 32.1% elo% vs. v0, avg. reward: -0.020, 1.525 sec/game, 2.0 min. total, 420.8 MB
facial_putdown v1 87 games, 62766 moves, e=0.938, loss: 181.6, ., 32.8% elo% vs. v0, avg. reward: -0.001, 1.544 sec/game, 2.0 min. total, 421.0 MB
facial_putdown v1 88 games, 63564 moves, e=0.937, loss: 178.9, -, 31.5% elo% vs. v0, avg. reward: 0.041, 1.562 sec/game, 2.1 min. total, 421.1 MB
facial_putdown v1 89 games, 64199 moves, e=0.936, loss: 177.9, +, 34.3% elo% vs. v0, avg. reward: 0.030, 1.598 sec/game, 2.1 min. total, 422.0 MB
facial_putdown v1 90 games, 64877 moves, e=0.936, loss: 170.0, +, 37.1% elo% vs. v0, avg. reward: 0.108, 1.609 sec/game, 2.1 min. total, 421.2 MB
facial_putdown v1 91 games, 65598 moves, e=0.935, loss: 173.0, -, 35.5% elo% vs. v0, avg. reward: 0.125, 1.649 sec/game, 2.2 min. total, 421.8 MB
facial_putdown v1 92 games, 66394 moves, e=0.934, loss: 174.6, -, 34.0% elo% vs. v0, avg. reward: 0.182, 1.685 sec/game, 2.2 min. total, 421.9 MB
facial_putdown v1 93 games, 67137 moves, e=0.934, loss: 175.5, +, 36.8% elo% vs. v0, avg. reward: 0.187, 1.693 sec/game, 2.2 min. total, 421.3 MB
facial_putdown v1 94 games, 67930 moves, e=0.933, loss: 184.4, -, 35.2% elo% vs. v0, avg. reward: 0.174, 1.727 sec/game, 2.3 min. total, 421.8 MB
facial_putdown v1 95 games, 68703 moves, e=0.932, loss: 186.9, +, 38.0% elo% vs. v0, avg. reward: 0.168, 1.739 sec/game, 2.3 min. total, 422.1 MB
facial_putdown v1 96 games, 69445 moves, e=0.931, loss: 203.3, +, 40.7% elo% vs. v0, avg. reward: 0.171, 1.744 sec/game, 2.3 min. total, 422.5 MB
facial_putdown v1 97 games, 70271 moves, e=0.930, loss: 194.8, -, 38.9% elo% vs. v0, avg. reward: 0.196, 1.749 sec/game, 2.4 min. total, 423.5 MB
facial_putdown v1 98 games, 71046 moves, e=0.930, loss: 190.8, -, 37.2% elo% vs. v0, avg. reward: 0.202, 1.784 sec/game, 2.4 min. total, 424.1 MB
facial_putdown v1 99 games, 71838 moves, e=0.929, loss: 178.5, -, 35.6% elo% vs. v0, avg. reward: 0.226, 1.809 sec/game, 2.4 min. total, 424.1 MB
facial_putdown v1 100 games, 72555 moves, e=0.928, loss: 191.2, +, 38.4% elo% vs. v0, avg. reward: 0.200, 1.801 sec/game, 2.5 min. total, 424.2 MB
facial_putdown v2 101 games, 73362 moves, e=0.927, loss: 204.3, -, 47.7% elo% vs. v0, avg. reward: 0.300, 1.831 sec/game, 2.5 min. total, 424.3 MB
facial_putdown v2 102 games, 74112 moves, e=0.927, loss: 224.8, -, 45.5% elo% vs. v0, avg. reward: 0.318, 1.835 sec/game, 2.5 min. total, 424.8 MB
facial_putdown v2 103 games, 74839 moves, e=0.926, loss: 218.1, -, 43.4% elo% vs. v0, avg. reward: 0.343, 1.830 sec/game, 2.5 min. total, 424.6 MB
facial_putdown v2 104 games, 75604 moves, e=0.925, loss: 219.5, ., 43.7% elo% vs. v0, avg. reward: 0.328, 1.845 sec/game, 2.6 min. total, 425.1 MB
facial_putdown v2 105 games, 76440 moves, e=0.924, loss: 226.1, +, 46.3% elo% vs. v0, avg. reward: 0.360, 1.877 sec/game, 2.6 min. total, 425.3 MB
facial_putdown v2 106 games, 77114 moves, e=0.924, loss: 229.3, +, 48.8% elo% vs. v0, avg. reward: 0.320, 1.884 sec/game, 2.6 min. total, 425.4 MB
facial_putdown v2 107 games, 77875 moves, e=0.923, loss: 235.6, +, 51.1% elo% vs. v0, avg. reward: 0.363, 1.888 sec/game, 2.7 min. total, 426.1 MB
facial_putdown v2 108 games, 78600 moves, e=0.922, loss: 231.6, +, 53.4% elo% vs. v0, avg. reward: 0.371, 1.889 sec/game, 2.7 min. total, 428.1 MB
facial_putdown v2 109 games, 79343 moves, e=0.921, loss: 231.5, +, 55.5% elo% vs. v0, avg. reward: 0.363, 1.836 sec/game, 2.7 min. total, 428.1 MB
facial_putdown v2 110 games, 80011 moves, e=0.921, loss: 227.7, -, 53.0% elo% vs. v0, avg. reward: 0.285, 1.839 sec/game, 2.7 min. total, 428.7 MB
facial_putdown v2 111 games, 80800 moves, e=0.920, loss: 234.4, +, 55.1% elo% vs. v0, avg. reward: 0.313, 1.819 sec/game, 2.8 min. total, 428.9 MB
facial_putdown v2 112 games, 81640 moves, e=0.919, loss: 225.9, +, 57.2% elo% vs. v0, avg. reward: 0.305, 1.801 sec/game, 2.8 min. total, 428.8 MB
facial_putdown v2 113 games, 82427 moves, e=0.918, loss: 228.5, +, 59.1% elo% vs. v0, avg. reward: 0.306, 1.784 sec/game, 2.8 min. total, 428.9 MB
facial_putdown v2 114 games, 83238 moves, e=0.918, loss: 236.1, +, 60.9% elo% vs. v0, avg. reward: 0.363, 1.789 sec/game, 2.9 min. total, 428.2 MB
facial_putdown v2 115 games, 84021 moves, e=0.917, loss: 234.7, -, 58.2% elo% vs. v0, avg. reward: 0.387, 1.786 sec/game, 2.9 min. total, 428.7 MB
facial_putdown v2 116 games, 84874 moves, e=0.916, loss: 231.4, +, 60.0% elo% vs. v0, avg. reward: 0.408, 1.800 sec/game, 2.9 min. total, 429.2 MB
facial_putdown v2 117 games, 85603 moves, e=0.915, loss: 232.9, ., 59.6% elo% vs. v0, avg. reward: 0.438, 1.785 sec/game, 3.0 min. total, 429.2 MB
facial_putdown v2 118 games, 86262 moves, e=0.915, loss: 238.7, -, 56.9% elo% vs. v0, avg. reward: 0.395, 1.748 sec/game, 3.0 min. total, 430.1 MB
facial_putdown v2 119 games, 86975 moves, e=0.914, loss: 241.1, +, 58.9% elo% vs. v0, avg. reward: 0.335, 1.744 sec/game, 3.0 min. total, 431.3 MB
facial_putdown v2 120 games, 87726 moves, e=0.913, loss: 249.1, +, 60.7% elo% vs. v0, avg. reward: 0.393, 1.748 sec/game, 3.0 min. total, 432.0 MB
facial_putdown v2 121 games, 88382 moves, e=0.913, loss: 246.3, -, 58.0% elo% vs. v0, avg. reward: 0.362, 1.723 sec/game, 3.1 min. total, 431.9 MB
facial_putdown v2 122 games, 89184 moves, e=0.912, loss: 252.4, +, 59.9% elo% vs. v0, avg. reward: 0.367, 1.730 sec/game, 3.1 min. total, 431.9 MB
facial_putdown v2 123 games, 90057 moves, e=0.911, loss: 251.9, +, 61.6% elo% vs. v0, avg. reward: 0.367, 1.752 sec/game, 3.1 min. total, 431.9 MB
facial_putdown v2 124 games, 90860 moves, e=0.910, loss: 243.8, -, 58.9% elo% vs. v0, avg. reward: 0.367, 1.745 sec/game, 3.2 min. total, 432.4 MB
facial_putdown v2 125 games, 91671 moves, e=0.909, loss: 243.1, -, 56.3% elo% vs. v0, avg. reward: 0.294, 1.725 sec/game, 3.2 min. total, 432.0 MB
facial_putdown v2 126 games, 92381 moves, e=0.909, loss: 244.1, +, 58.2% elo% vs. v0, avg. reward: 0.300, 1.722 sec/game, 3.2 min. total, 432.2 MB
facial_putdown v2 127 games, 93252 moves, e=0.908, loss: 228.6, +, 60.1% elo% vs. v0, avg. reward: 0.307, 1.723 sec/game, 3.2 min. total, 432.5 MB
facial_putdown v2 128 games, 94003 moves, e=0.907, loss: 235.5, +, 61.8% elo% vs. v0, avg. reward: 0.334, 1.720 sec/game, 3.3 min. total, 433.2 MB
facial_putdown v2 129 games, 94752 moves, e=0.906, loss: 236.3, +, 63.5% elo% vs. v0, avg. reward: 0.341, 1.726 sec/game, 3.3 min. total, 434.7 MB
facial_putdown v2 130 games, 95651 moves, e=0.905, loss: 237.7, +, 65.0% elo% vs. v0, avg. reward: 0.411, 1.740 sec/game, 3.3 min. total, 436.4 MB
facial_putdown v2 131 games, 96385 moves, e=0.905, loss: 233.9, +, 66.5% elo% vs. v0, avg. reward: 0.478, 1.731 sec/game, 3.3 min. total, 436.0 MB
facial_putdown v2 132 games, 97069 moves, e=0.904, loss: 230.1, +, 67.8% elo% vs. v0, avg. reward: 0.480, 1.706 sec/game, 3.4 min. total, 436.3 MB
facial_putdown v2 133 games, 97791 moves, e=0.903, loss: 225.1, +, 69.1% elo% vs. v0, avg. reward: 0.555, 1.688 sec/game, 3.4 min. total, 436.6 MB
facial_putdown v2 134 games, 98576 moves, e=0.902, loss: 228.0, +, 70.3% elo% vs. v0, avg. reward: 0.562, 1.671 sec/game, 3.4 min. total, 436.0 MB
facial_putdown v3 135 games, 99419 moves, e=0.902, loss: 239.6, +, 50.1% elo% vs. v2, avg. reward: 0.584, 1.661 sec/game, 3.4 min. total, 496.7 MB
facial_putdown v3 136 games, 100240 moves, e=0.901, loss: 233.0, ., 50.1% elo% vs. v2, avg. reward: 0.600, 1.655 sec/game, 3.5 min. total, 497.4 MB
facial_putdown v3 137 games, 101143 moves, e=0.900, loss: 238.7, +, 52.4% elo% vs. v2, avg. reward: 0.617, 1.680 sec/game, 3.5 min. total, 498.1 MB
facial_putdown v3 138 games, 101928 moves, e=0.899, loss: 233.9, +, 54.6% elo% vs. v2, avg. reward: 0.687, 1.685 sec/game, 3.5 min. total, 500.8 MB
facial_putdown v3 139 games, 102613 moves, e=0.898, loss: 233.5, -, 52.1% elo% vs. v2, avg. reward: 0.664, 1.664 sec/game, 3.6 min. total, 501.8 MB
facial_putdown v3 140 games, 103416 moves, e=0.898, loss: 221.2, +, 54.3% elo% vs. v2, avg. reward: 0.717, 1.656 sec/game, 3.6 min. total, 503.8 MB
facial_putdown v3 141 games, 104165 moves, e=0.897, loss: 220.2, +, 56.4% elo% vs. v2, avg. reward: 0.760, 1.662 sec/game, 3.6 min. total, 504.5 MB
facial_putdown v3 142 games, 105056 moves, e=0.896, loss: 236.8, +, 58.3% elo% vs. v2, avg. reward: 0.800, 1.690 sec/game, 3.7 min. total, 504.7 MB
facial_putdown v3 143 games, 105846 moves, e=0.895, loss: 235.4, -, 55.7% elo% vs. v2, avg. reward: 0.844, 1.685 sec/game, 3.7 min. total, 504.4 MB
facial_putdown v3 144 games, 106612 moves, e=0.894, loss: 226.5, +, 57.7% elo% vs. v2, avg. reward: 0.866, 1.699 sec/game, 3.7 min. total, 505.0 MB
facial_putdown v3 145 games, 107214 moves, e=0.894, loss: 232.5, +, 59.6% elo% vs. v2, avg. reward: 0.850, 1.677 sec/game, 3.7 min. total, 505.1 MB
facial_putdown v3 146 games, 107977 moves, e=0.893, loss: 234.0, -, 56.9% elo% vs. v2, avg. reward: 0.853, 1.687 sec/game, 3.8 min. total, 505.2 MB
facial_putdown v3 147 games, 108706 moves, e=0.892, loss: 241.1, +, 58.8% elo% vs. v2, avg. reward: 0.891, 1.677 sec/game, 3.8 min. total, 505.7 MB
facial_putdown v3 148 games, 109473 moves, e=0.892, loss: 237.6, +, 60.7% elo% vs. v2, avg. reward: 0.905, 1.674 sec/game, 3.8 min. total, 506.1 MB
facial_putdown v3 149 games, 110177 moves, e=0.891, loss: 250.6, -, 58.0% elo% vs. v2, avg. reward: 0.878, 1.662 sec/game, 3.8 min. total, 510.9 MB
facial_putdown v3 150 games, 111008 moves, e=0.890, loss: 258.5, +, 59.8% elo% vs. v2, avg. reward: 0.851, 1.656 sec/game, 3.9 min. total, 510.6 MB
facial_putdown v3 151 games, 111904 moves, e=0.889, loss: 251.2, +, 61.6% elo% vs. v2, avg. reward: 0.853, 1.668 sec/game, 3.9 min. total, 513.7 MB
facial_putdown v3 152 games, 112659 moves, e=0.888, loss: 257.3, -, 58.9% elo% vs. v2, avg. reward: 0.868, 1.682 sec/game, 3.9 min. total, 513.4 MB
facial_putdown v3 153 games, 113420 moves, e=0.888, loss: 254.8, +, 60.7% elo% vs. v2, avg. reward: 0.858, 1.694 sec/game, 4.0 min. total, 513.5 MB
facial_putdown v3 154 games, 114165 moves, e=0.887, loss: 263.7, +, 62.4% elo% vs. v2, avg. reward: 0.948, 1.672 sec/game, 4.0 min. total, 513.4 MB
facial_putdown v3 155 games, 114907 moves, e=0.886, loss: 262.7, -, 59.7% elo% vs. v2, avg. reward: 0.939, 1.673 sec/game, 4.0 min. total, 513.5 MB
facial_putdown v3 156 games, 115741 moves, e=0.885, loss: 255.8, +, 61.5% elo% vs. v2, avg. reward: 0.998, 1.667 sec/game, 4.0 min. total, 513.4 MB
facial_putdown v3 157 games, 116438 moves, e=0.885, loss: 254.8, +, 63.1% elo% vs. v2, avg. reward: 1.008, 1.635 sec/game, 4.1 min. total, 514.1 MB
facial_putdown v3 158 games, 117260 moves, e=0.884, loss: 266.2, ., 62.6% elo% vs. v2, avg. reward: 1.007, 1.644 sec/game, 4.1 min. total, 517.5 MB
facial_putdown v3 159 games, 118222 moves, e=0.883, loss: 271.6, +, 64.2% elo% vs. v2, avg. reward: 1.035, 1.668 sec/game, 4.1 min. total, 513.8 MB
facial_putdown v3 160 games, 118932 moves, e=0.882, loss: 277.2, +, 65.7% elo% vs. v2, avg. reward: 0.990, 1.668 sec/game, 4.1 min. total, 513.9 MB
facial_putdown v3 161 games, 119670 moves, e=0.882, loss: 279.4, +, 67.1% elo% vs. v2, avg. reward: 0.952, 1.657 sec/game, 4.2 min. total, 515.4 MB
facial_putdown v3 162 games, 120436 moves, e=0.881, loss: 290.7, +, 68.4% elo% vs. v2, avg. reward: 1.003, 1.615 sec/game, 4.2 min. total, 519.2 MB
facial_putdown v3 163 games, 121292 moves, e=0.880, loss: 277.2, +, 69.7% elo% vs. v2, avg. reward: 1.036, 1.622 sec/game, 4.2 min. total, 517.5 MB
facial_putdown v3 164 games, 122072 moves, e=0.879, loss: 277.8, +, 70.8% elo% vs. v2, avg. reward: 1.074, 1.611 sec/game, 4.3 min. total, 516.8 MB
facial_putdown v4 165 games, 122824 moves, e=0.878, loss: 278.7, +, 54.5% elo% vs. v3, avg. reward: 1.084, 1.624 sec/game, 4.3 min. total, 524.3 MB
facial_putdown v4 166 games, 123517 moves, e=0.878, loss: 280.5, -, 52.0% elo% vs. v3, avg. reward: 1.069, 1.614 sec/game, 4.3 min. total, 524.6 MB
facial_putdown v4 167 games, 124325 moves, e=0.877, loss: 268.4, -, 49.6% elo% vs. v3, avg. reward: 1.071, 1.627 sec/game, 4.3 min. total, 529.0 MB
facial_putdown v4 168 games, 125150 moves, e=0.876, loss: 280.4, -, 47.3% elo% vs. v3, avg. reward: 1.072, 1.633 sec/game, 4.4 min. total, 526.0 MB
facial_putdown v4 169 games, 125911 moves, e=0.875, loss: 284.2, +, 49.7% elo% vs. v3, avg. reward: 1.017, 1.644 sec/game, 4.4 min. total, 526.9 MB
facial_putdown v4 170 games, 126677 moves, e=0.875, loss: 284.1, -, 47.4% elo% vs. v3, avg. reward: 0.945, 1.633 sec/game, 4.4 min. total, 528.4 MB
facial_putdown v4 171 games, 127347 moves, e=0.874, loss: 305.0, ., 47.6% elo% vs. v3, avg. reward: 0.932, 1.614 sec/game, 4.4 min. total, 530.3 MB
facial_putdown v4 172 games, 128115 moves, e=0.873, loss: 294.4, -, 45.4% elo% vs. v3, avg. reward: 0.928, 1.617 sec/game, 4.5 min. total, 532.1 MB
facial_putdown v4 173 games, 128821 moves, e=0.872, loss: 289.2, ., 45.6% elo% vs. v3, avg. reward: 0.920, 1.625 sec/game, 4.5 min. total, 528.8 MB
facial_putdown v4 174 games, 129681 moves, e=0.872, loss: 278.3, ., 45.8% elo% vs. v3, avg. reward: 0.927, 1.650 sec/game, 4.5 min. total, 528.9 MB
facial_putdown v4 175 games, 130436 moves, e=0.871, loss: 289.8, -, 43.7% elo% vs. v3, avg. reward: 0.916, 1.651 sec/game, 4.6 min. total, 529.0 MB
facial_putdown v4 176 games, 131144 moves, e=0.870, loss: 288.0, -, 41.7% elo% vs. v3, avg. reward: 0.929, 1.629 sec/game, 4.6 min. total, 529.8 MB
facial_putdown v4 177 games, 132005 moves, e=0.869, loss: 284.7, +, 44.4% elo% vs. v3, avg. reward: 0.945, 1.655 sec/game, 4.6 min. total, 530.4 MB
facial_putdown v4 178 games, 132739 moves, e=0.869, loss: 286.7, +, 46.9% elo% vs. v3, avg. reward: 0.976, 1.646 sec/game, 4.6 min. total, 531.7 MB
facial_putdown v4 179 games, 133648 moves, e=0.868, loss: 300.6, +, 49.4% elo% vs. v3, avg. reward: 0.977, 1.653 sec/game, 4.7 min. total, 532.2 MB
facial_putdown v4 180 games, 134405 moves, e=0.867, loss: 293.4, +, 51.7% elo% vs. v3, avg. reward: 0.977, 1.654 sec/game, 4.7 min. total, 533.5 MB
facial_putdown v4 181 games, 135186 moves, e=0.866, loss: 277.0, -, 49.3% elo% vs. v3, avg. reward: 0.934, 1.666 sec/game, 4.7 min. total, 535.9 MB
facial_putdown v4 182 games, 135874 moves, e=0.865, loss: 271.7, +, 51.6% elo% vs. v3, avg. reward: 0.887, 1.656 sec/game, 4.7 min. total, 538.3 MB
facial_putdown v4 183 games, 136686 moves, e=0.865, loss: 266.8, -, 49.3% elo% vs. v3, avg. reward: 0.909, 1.641 sec/game, 4.8 min. total, 538.0 MB
facial_putdown v4 184 games, 137557 moves, e=0.864, loss: 269.6, -, 47.0% elo% vs. v3, avg. reward: 0.964, 1.651 sec/game, 4.8 min. total, 539.1 MB
facial_putdown v4 185 games, 138266 moves, e=0.863, loss: 272.6, -, 44.8% elo% vs. v3, avg. reward: 0.921, 1.650 sec/game, 4.8 min. total, 539.2 MB
facial_putdown v4 186 games, 138999 moves, e=0.862, loss: 259.3, +, 47.4% elo% vs. v3, avg. reward: 0.920, 1.649 sec/game, 4.9 min. total, 539.5 MB
facial_putdown v4 187 games, 139841 moves, e=0.862, loss: 264.1, -, 45.2% elo% vs. v3, avg. reward: 0.920, 1.650 sec/game, 4.9 min. total, 539.5 MB
facial_putdown v4 188 games, 140712 moves, e=0.861, loss: 250.9, -, 43.2% elo% vs. v3, avg. reward: 0.891, 1.660 sec/game, 4.9 min. total, 539.9 MB
facial_putdown v4 189 games, 141426 moves, e=0.860, loss: 239.4, -, 41.2% elo% vs. v3, avg. reward: 0.907, 1.653 sec/game, 4.9 min. total, 540.0 MB
facial_putdown v4 190 games, 142217 moves, e=0.859, loss: 225.7, +, 43.9% elo% vs. v3, avg. reward: 0.820, 1.665 sec/game, 5.0 min. total, 540.5 MB
facial_putdown v4 191 games, 142915 moves, e=0.859, loss: 218.9, ., 44.1% elo% vs. v3, avg. reward: 0.787, 1.661 sec/game, 5.0 min. total, 541.5 MB
facial_putdown v4 192 games, 143614 moves, e=0.858, loss: 221.1, -, 42.1% elo% vs. v3, avg. reward: 0.709, 1.649 sec/game, 5.0 min. total, 543.3 MB
facial_putdown v4 193 games, 144495 moves, e=0.857, loss: 224.8, +, 44.8% elo% vs. v3, avg. reward: 0.708, 1.656 sec/game, 5.1 min. total, 544.4 MB
facial_putdown v4 194 games, 145270 moves, e=0.856, loss: 223.3, +, 47.3% elo% vs. v3, avg. reward: 0.790, 1.644 sec/game, 5.1 min. total, 545.0 MB
facial_putdown v4 195 games, 146058 moves, e=0.855, loss: 220.8, +, 49.7% elo% vs. v3, avg. reward: 0.784, 1.665 sec/game, 5.1 min. total, 544.6 MB
facial_putdown v4 196 games, 146903 moves, e=0.855, loss: 220.4, -, 47.4% elo% vs. v3, avg. reward: 0.772, 1.679 sec/game, 5.1 min. total, 545.0 MB
facial_putdown v4 197 games, 147750 moves, e=0.854, loss: 228.7, +, 49.8% elo% vs. v3, avg. reward: 0.744, 1.682 sec/game, 5.2 min. total, 544.7 MB
facial_putdown v4 198 games, 148625 moves, e=0.853, loss: 232.8, -, 47.6% elo% vs. v3, avg. reward: 0.746, 1.698 sec/game, 5.2 min. total, 545.0 MB
facial_putdown v4 199 games, 149502 moves, e=0.852, loss: 230.3, +, 50.0% elo% vs. v3, avg. reward: 0.815, 1.684 sec/game, 5.2 min. total, 545.3 MB
facial_putdown v4 200 games, 150181 moves, e=0.851, loss: 220.5, ., 50.0% elo% vs. v3, avg. reward: 0.836, 1.686 sec/game, 5.3 min. total, 544.9 MB
facial_putdown v4 201 games, 151002 moves, e=0.851, loss: 225.8, +, 52.3% elo% vs. v3, avg. reward: 0.724, 1.689 sec/game, 5.3 min. total, 545.5 MB
facial_putdown v4 202 games, 151845 moves, e=0.850, loss: 227.0, +, 54.5% elo% vs. v3, avg. reward: 0.702, 1.719 sec/game, 5.3 min. total, 550.3 MB
facial_putdown v4 203 games, 152615 moves, e=0.849, loss: 232.2, +, 56.5% elo% vs. v3, avg. reward: 0.713, 1.721 sec/game, 5.3 min. total, 549.3 MB
facial_putdown v4 204 games, 153416 moves, e=0.848, loss: 233.2, +, 58.5% elo% vs. v3, avg. reward: 0.736, 1.711 sec/game, 5.4 min. total, 549.0 MB
facial_putdown v4 205 games, 154190 moves, e=0.847, loss: 234.3, +, 60.3% elo% vs. v3, avg. reward: 0.717, 1.719 sec/game, 5.4 min. total, 549.3 MB
facial_putdown v4 206 games, 154879 moves, e=0.847, loss: 228.1, +, 62.1% elo% vs. v3, avg. reward: 0.751, 1.719 sec/game, 5.4 min. total, 549.5 MB
facial_putdown v4 207 games, 155630 moves, e=0.846, loss: 236.1, +, 63.7% elo% vs. v3, avg. reward: 0.733, 1.707 sec/game, 5.5 min. total, 549.1 MB
facial_putdown v4 208 games, 156437 moves, e=0.845, loss: 232.4, -, 60.9% elo% vs. v3, avg. reward: 0.763, 1.704 sec/game, 5.5 min. total, 549.4 MB
facial_putdown v4 209 games, 157306 moves, e=0.844, loss: 231.1, -, 58.2% elo% vs. v3, avg. reward: 0.776, 1.719 sec/game, 5.5 min. total, 549.6 MB
facial_putdown v4 210 games, 158120 moves, e=0.843, loss: 237.1, -, 55.6% elo% vs. v3, avg. reward: 0.869, 1.726 sec/game, 5.5 min. total, 550.1 MB
facial_putdown v4 211 games, 159031 moves, e=0.843, loss: 240.7, -, 53.1% elo% vs. v3, avg. reward: 0.909, 1.753 sec/game, 5.6 min. total, 551.2 MB
facial_putdown v4 212 games, 159862 moves, e=0.842, loss: 227.8, ., 52.9% elo% vs. v3, avg. reward: 0.897, 1.777 sec/game, 5.6 min. total, 552.4 MB
facial_putdown v4 213 games, 160594 moves, e=0.841, loss: 217.7, +, 55.1% elo% vs. v3, avg. reward: 0.901, 1.762 sec/game, 5.6 min. total, 551.8 MB
facial_putdown v4 214 games, 161387 moves, e=0.840, loss: 216.8, ., 54.8% elo% vs. v3, avg. reward: 0.892, 1.763 sec/game, 5.7 min. total, 551.8 MB
facial_putdown v4 215 games, 162334 moves, e=0.839, loss: 211.5, +, 56.9% elo% vs. v3, avg. reward: 0.940, 1.775 sec/game, 5.7 min. total, 552.2 MB
facial_putdown v4 216 games, 163132 moves, e=0.838, loss: 207.9, +, 58.8% elo% vs. v3, avg. reward: 0.932, 1.780 sec/game, 5.7 min. total, 552.1 MB
facial_putdown v4 217 games, 163980 moves, e=0.838, loss: 210.8, +, 60.7% elo% vs. v3, avg. reward: 0.919, 1.780 sec/game, 5.8 min. total, 552.9 MB
facial_putdown v4 218 games, 164776 moves, e=0.837, loss: 211.8, +, 62.4% elo% vs. v3, avg. reward: 0.959, 1.769 sec/game, 5.8 min. total, 552.9 MB
facial_putdown v4 219 games, 165607 moves, e=0.836, loss: 217.5, +, 64.0% elo% vs. v3, avg. reward: 1.041, 1.769 sec/game, 5.8 min. total, 552.8 MB
facial_putdown v4 220 games, 166399 moves, e=0.835, loss: 210.0, +, 65.5% elo% vs. v3, avg. reward: 1.060, 1.769 sec/game, 5.8 min. total, 553.7 MB
facial_putdown v4 221 games, 167273 moves, e=0.834, loss: 214.2, -, 62.7% elo% vs. v3, avg. reward: 1.166, 1.781 sec/game, 5.9 min. total, 555.3 MB
facial_putdown v4 222 games, 168128 moves, e=0.834, loss: 246.1, -, 60.0% elo% vs. v3, avg. reward: 1.157, 1.776 sec/game, 5.9 min. total, 556.1 MB
facial_putdown v4 223 games, 168941 moves, e=0.833, loss: 234.1, -, 57.3% elo% vs. v3, avg. reward: 1.169, 1.779 sec/game, 5.9 min. total, 556.4 MB
facial_putdown v4 224 games, 169762 moves, e=0.832, loss: 230.0, +, 59.2% elo% vs. v3, avg. reward: 1.172, 1.793 sec/game, 6.0 min. total, 556.1 MB
facial_putdown v4 225 games, 170796 moves, e=0.831, loss: 217.3, +, 61.0% elo% vs. v3, avg. reward: 1.239, 1.815 sec/game, 6.0 min. total, 556.2 MB
facial_putdown v4 226 games, 171580 moves, e=0.830, loss: 233.5, -, 58.3% elo% vs. v3, avg. reward: 1.240, 1.830 sec/game, 6.0 min. total, 556.4 MB
facial_putdown v4 227 games, 172465 moves, e=0.829, loss: 233.3, -, 55.7% elo% vs. v3, avg. reward: 1.227, 1.846 sec/game, 6.1 min. total, 556.7 MB
facial_putdown v4 228 games, 173314 moves, e=0.828, loss: 240.7, +, 57.7% elo% vs. v3, avg. reward: 1.335, 1.848 sec/game, 6.1 min. total, 557.0 MB
facial_putdown v4 229 games, 174146 moves, e=0.828, loss: 238.9, -, 55.1% elo% vs. v3, avg. reward: 1.328, 1.847 sec/game, 6.1 min. total, 557.0 MB
facial_putdown v4 230 games, 174948 moves, e=0.827, loss: 234.3, -, 52.6% elo% vs. v3, avg. reward: 1.248, 1.836 sec/game, 6.2 min. total, 557.6 MB
facial_putdown v4 231 games, 175748 moves, e=0.826, loss: 236.0, -, 50.1% elo% vs. v3, avg. reward: 1.221, 1.862 sec/game, 6.2 min. total, 559.5 MB
facial_putdown v4 232 games, 176562 moves, e=0.825, loss: 228.9, -, 47.8% elo% vs. v3, avg. reward: 1.207, 1.870 sec/game, 6.2 min. total, 559.0 MB
facial_putdown v4 233 games, 177496 moves, e=0.824, loss: 242.3, -, 45.6% elo% vs. v3, avg. reward: 1.246, 1.903 sec/game, 6.3 min. total, 559.1 MB
facial_putdown v4 234 games, 178346 moves, e=0.823, loss: 246.8, -, 43.6% elo% vs. v3, avg. reward: 1.313, 1.931 sec/game, 6.3 min. total, 559.3 MB
facial_putdown v4 235 games, 179281 moves, e=0.823, loss: 230.4, +, 46.1% elo% vs. v3, avg. reward: 1.317, 1.927 sec/game, 6.3 min. total, 559.8 MB
facial_putdown v4 236 games, 180065 moves, e=0.822, loss: 230.4, -, 44.0% elo% vs. v3, avg. reward: 1.342, 1.940 sec/game, 6.4 min. total, 559.5 MB
facial_putdown v4 237 games, 180905 moves, e=0.821, loss: 233.9, -, 42.0% elo% vs. v3, avg. reward: 1.330, 1.953 sec/game, 6.4 min. total, 559.5 MB
facial_putdown v4 238 games, 181745 moves, e=0.820, loss: 250.0, -, 40.2% elo% vs. v3, avg. reward: 1.356, 1.973 sec/game, 6.5 min. total, 560.0 MB
facial_putdown v4 239 games, 182457 moves, e=0.819, loss: 244.4, +, 42.8% elo% vs. v3, avg. reward: 1.374, 1.984 sec/game, 6.5 min. total, 559.9 MB
facial_putdown v4 240 games, 183221 moves, e=0.819, loss: 245.8, +, 45.4% elo% vs. v3, avg. reward: 1.320, 1.998 sec/game, 6.5 min. total, 559.9 MB
facial_putdown v4 241 games, 184083 moves, e=0.818, loss: 245.0, +, 47.9% elo% vs. v3, avg. reward: 1.293, 2.011 sec/game, 6.6 min. total, 562.2 MB
facial_putdown v4 242 games, 184878 moves, e=0.817, loss: 248.0, +, 50.3% elo% vs. v3, avg. reward: 1.288, 2.029 sec/game, 6.6 min. total, 562.0 MB
facial_putdown v4 243 games, 185728 moves, e=0.816, loss: 245.9, +, 52.6% elo% vs. v3, avg. reward: 1.310, 2.057 sec/game, 6.6 min. total, 561.6 MB
facial_putdown v4 244 games, 186478 moves, e=0.815, loss: 256.2, +, 54.8% elo% vs. v3, avg. reward: 1.293, 2.044 sec/game, 6.7 min. total, 561.6 MB
facial_putdown v4 245 games, 187324 moves, e=0.815, loss: 263.6, +, 56.8% elo% vs. v3, avg. reward: 1.389, 2.043 sec/game, 6.7 min. total, 561.8 MB
facial_putdown v4 246 games, 188217 moves, e=0.814, loss: 263.8, +, 58.8% elo% vs. v3, avg. reward: 1.399, 2.069 sec/game, 6.7 min. total, 562.0 MB
facial_putdown v4 247 games, 189058 moves, e=0.813, loss: 262.4, -, 56.1% elo% vs. v3, avg. reward: 1.377, 2.082 sec/game, 6.8 min. total, 562.1 MB
facial_putdown v4 248 games, 189822 moves, e=0.812, loss: 259.6, -, 53.6% elo% vs. v3, avg. reward: 1.371, 2.076 sec/game, 6.8 min. total, 561.9 MB
facial_putdown v4 249 games, 190527 moves, e=0.811, loss: 257.7, -, 51.1% elo% vs. v3, avg. reward: 1.363, 2.090 sec/game, 6.8 min. total, 563.2 MB
facial_putdown v4 250 games, 191246 moves, e=0.811, loss: 252.8, -, 48.8% elo% vs. v3, avg. reward: 1.362, 2.096 sec/game, 6.9 min. total, 564.6 MB
facial_putdown v4 251 games, 192120 moves, e=0.810, loss: 281.7, -, 46.5% elo% vs. v3, avg. reward: 1.329, 2.071 sec/game, 6.9 min. total, 565.8 MB
facial_putdown v4 252 games, 192907 moves, e=0.809, loss: 286.6, -, 44.4% elo% vs. v3, avg. reward: 1.342, 2.078 sec/game, 6.9 min. total, 566.0 MB
facial_putdown v4 253 games, 193788 moves, e=0.808, loss: 282.4, +, 46.9% elo% vs. v3, avg. reward: 1.371, 2.072 sec/game, 7.0 min. total, 565.6 MB
facial_putdown v4 254 games, 194610 moves, e=0.807, loss: 292.6, +, 49.4% elo% vs. v3, avg. reward: 1.339, 2.070 sec/game, 7.0 min. total, 565.8 MB
facial_putdown v4 255 games, 195482 moves, e=0.806, loss: 300.7, -, 47.1% elo% vs. v3, avg. reward: 1.437, 2.072 sec/game, 7.0 min. total, 565.8 MB
facial_putdown v4 256 games, 196530 moves, e=0.805, loss: 301.6, -, 44.9% elo% vs. v3, avg. reward: 1.462, 2.098 sec/game, 7.1 min. total, 565.8 MB
facial_putdown v4 257 games, 197367 moves, e=0.805, loss: 307.6, ., 45.2% elo% vs. v3, avg. reward: 1.521, 2.086 sec/game, 7.1 min. total, 565.9 MB
facial_putdown v4 258 games, 198254 moves, e=0.804, loss: 314.3, -, 43.1% elo% vs. v3, avg. reward: 1.497, 2.120 sec/game, 7.2 min. total, 566.8 MB
facial_putdown v4 259 games, 199013 moves, e=0.803, loss: 318.9, +, 45.7% elo% vs. v3, avg. reward: 1.484, 2.123 sec/game, 7.2 min. total, 567.0 MB
facial_putdown v4 260 games, 199845 moves, e=0.802, loss: 326.6, +, 48.2% elo% vs. v3, avg. reward: 1.515, 2.128 sec/game, 7.2 min. total, 569.3 MB
facial_putdown v4 261 games, 200717 moves, e=0.801, loss: 335.8, +, 50.6% elo% vs. v3, avg. reward: 1.492, 2.153 sec/game, 7.3 min. total, 569.7 MB
facial_putdown v4 262 games, 201605 moves, e=0.800, loss: 344.1, -, 48.3% elo% vs. v3, avg. reward: 1.507, 2.183 sec/game, 7.3 min. total, 569.3 MB
facial_putdown v4 263 games, 202532 moves, e=0.799, loss: 345.3, -, 46.0% elo% vs. v3, avg. reward: 1.534, 2.185 sec/game, 7.4 min. total, 569.5 MB
facial_putdown v4 264 games, 203483 moves, e=0.799, loss: 348.3, -, 43.9% elo% vs. v3, avg. reward: 1.535, 2.214 sec/game, 7.4 min. total, 569.7 MB
facial_putdown v4 265 games, 204257 moves, e=0.798, loss: 352.9, +, 46.5% elo% vs. v3, avg. reward: 1.561, 2.199 sec/game, 7.4 min. total, 569.8 MB
facial_putdown v4 266 games, 205082 moves, e=0.797, loss: 353.0, +, 49.0% elo% vs. v3, avg. reward: 1.547, 2.197 sec/game, 7.5 min. total, 569.7 MB
facial_putdown v4 267 games, 206056 moves, e=0.796, loss: 348.9, +, 51.3% elo% vs. v3, avg. reward: 1.549, 2.198 sec/game, 7.5 min. total, 569.8 MB
facial_putdown v4 268 games, 206832 moves, e=0.795, loss: 353.8, -, 48.9% elo% vs. v3, avg. reward: 1.569, 2.203 sec/game, 7.5 min. total, 569.9 MB
facial_putdown v4 269 games, 207651 moves, e=0.794, loss: 346.3, -, 46.7% elo% vs. v3, avg. reward: 1.574, 2.211 sec/game, 7.6 min. total, 571.4 MB
facial_putdown v4 270 games, 208447 moves, e=0.794, loss: 335.5, ., 46.9% elo% vs. v3, avg. reward: 1.592, 2.215 sec/game, 7.6 min. total, 572.3 MB
facial_putdown v4 271 games, 209374 moves, e=0.793, loss: 313.4, +, 49.3% elo% vs. v3, avg. reward: 1.590, 2.231 sec/game, 7.6 min. total, 572.5 MB
facial_putdown v4 272 games, 210294 moves, e=0.792, loss: 320.0, +, 51.6% elo% vs. v3, avg. reward: 1.666, 2.241 sec/game, 7.7 min. total, 572.4 MB
facial_putdown v4 273 games, 211186 moves, e=0.791, loss: 342.1, -, 49.3% elo% vs. v3, avg. reward: 1.738, 2.246 sec/game, 7.7 min. total, 572.7 MB
facial_putdown v4 274 games, 212035 moves, e=0.790, loss: 352.8, -, 47.0% elo% vs. v3, avg. reward: 1.711, 2.253 sec/game, 7.8 min. total, 572.3 MB
facial_putdown v4 275 games, 212904 moves, e=0.789, loss: 324.6, -, 44.8% elo% vs. v3, avg. reward: 1.760, 2.251 sec/game, 7.8 min. total, 573.0 MB
facial_putdown v4 276 games, 213807 moves, e=0.788, loss: 321.6, -, 42.8% elo% vs. v3, avg. reward: 1.789, 2.237 sec/game, 7.8 min. total, 572.8 MB
facial_putdown v4 277 games, 214652 moves, e=0.787, loss: 330.7, -, 40.9% elo% vs. v3, avg. reward: 1.826, 2.239 sec/game, 7.9 min. total, 573.1 MB
facial_putdown v4 278 games, 215436 moves, e=0.787, loss: 319.1, ., 41.3% elo% vs. v3, avg. reward: 1.854, 2.211 sec/game, 7.9 min. total, 573.5 MB
facial_putdown v4 279 games, 216258 moves, e=0.786, loss: 311.9, +, 43.9% elo% vs. v3, avg. reward: 1.875, 2.208 sec/game, 7.9 min. total, 575.9 MB
facial_putdown v4 280 games, 217154 moves, e=0.785, loss: 312.9, -, 42.0% elo% vs. v3, avg. reward: 1.909, 2.217 sec/game, 8.0 min. total, 576.1 MB
facial_putdown v4 281 games, 218120 moves, e=0.784, loss: 316.4, -, 40.1% elo% vs. v3, avg. reward: 1.932, 2.207 sec/game, 8.0 min. total, 576.1 MB
facial_putdown v4 282 games, 218943 moves, e=0.783, loss: 324.1, -, 38.3% elo% vs. v3, avg. reward: 1.997, 2.168 sec/game, 8.0 min. total, 576.7 MB
facial_putdown v4 283 games, 219947 moves, e=0.782, loss: 313.0, +, 41.0% elo% vs. v3, avg. reward: 1.989, 2.179 sec/game, 8.1 min. total, 576.1 MB
facial_putdown v4 284 games, 220801 moves, e=0.781, loss: 316.7, +, 43.7% elo% vs. v3, avg. reward: 1.948, 2.181 sec/game, 8.1 min. total, 576.2 MB
facial_putdown v4 285 games, 221611 moves, e=0.781, loss: 310.5, ., 44.0% elo% vs. v3, avg. reward: 1.986, 2.184 sec/game, 8.2 min. total, 576.7 MB
facial_putdown v4 286 games, 222433 moves, e=0.780, loss: 291.3, +, 46.5% elo% vs. v3, avg. reward: 2.007, 2.172 sec/game, 8.2 min. total, 576.2 MB
facial_putdown v4 287 games, 223318 moves, e=0.779, loss: 284.3, -, 44.4% elo% vs. v3, avg. reward: 2.024, 2.170 sec/game, 8.2 min. total, 576.6 MB
facial_putdown v4 288 games, 224197 moves, e=0.778, loss: 286.4, +, 47.0% elo% vs. v3, avg. reward: 2.006, 2.186 sec/game, 8.3 min. total, 577.7 MB
facial_putdown v4 289 games, 225062 moves, e=0.777, loss: 273.7, -, 44.8% elo% vs. v3, avg. reward: 2.000, 2.191 sec/game, 8.3 min. total, 578.5 MB
facial_putdown v4 290 games, 225854 moves, e=0.776, loss: 286.9, +, 47.3% elo% vs. v3, avg. reward: 2.037, 2.191 sec/game, 8.3 min. total, 580.1 MB
facial_putdown v4 291 games, 226688 moves, e=0.776, loss: 289.1, +, 49.8% elo% vs. v3, avg. reward: 2.105, 2.184 sec/game, 8.4 min. total, 580.4 MB
facial_putdown v4 292 games, 227491 moves, e=0.775, loss: 282.7, -, 47.5% elo% vs. v3, avg. reward: 2.160, 2.163 sec/game, 8.4 min. total, 580.4 MB
facial_putdown v4 293 games, 228221 moves, e=0.774, loss: 260.2, -, 45.3% elo% vs. v3, avg. reward: 2.135, 2.134 sec/game, 8.4 min. total, 580.4 MB
facial_putdown v4 294 games, 229074 moves, e=0.773, loss: 256.6, +, 47.8% elo% vs. v3, avg. reward: 2.108, 2.130 sec/game, 8.5 min. total, 580.8 MB
facial_putdown v4 295 games, 229926 moves, e=0.772, loss: 247.4, +, 50.2% elo% vs. v3, avg. reward: 2.133, 2.134 sec/game, 8.5 min. total, 580.8 MB
facial_putdown v4 296 games, 230828 moves, e=0.771, loss: 258.1, +, 52.5% elo% vs. v3, avg. reward: 2.119, 2.135 sec/game, 8.5 min. total, 580.8 MB
facial_putdown v4 297 games, 231793 moves, e=0.771, loss: 248.6, -, 50.1% elo% vs. v3, avg. reward: 2.142, 2.149 sec/game, 8.6 min. total, 581.4 MB
facial_putdown v4 298 games, 232763 moves, e=0.770, loss: 234.4, +, 52.4% elo% vs. v3, avg. reward: 2.144, 2.165 sec/game, 8.6 min. total, 581.1 MB
facial_putdown v4 299 games, 233679 moves, e=0.769, loss: 245.6, -, 50.0% elo% vs. v3, avg. reward: 2.103, 2.183 sec/game, 8.7 min. total, 581.6 MB
facial_putdown v4 300 games, 234646 moves, e=0.768, loss: 241.6, +, 52.3% elo% vs. v3, avg. reward: 2.168, 2.197 sec/game, 8.7 min. total, 582.8 MB
facial_putdown v5 301 games, 235588 moves, e=0.767, loss: 240.6, +, 52.3% elo% vs. v3, avg. reward: 2.167, 2.187 sec/game, 8.7 min. total, 584.3 MB
facial_putdown v5 302 games, 236572 moves, e=0.766, loss: 229.8, +, 54.5% elo% vs. v3, avg. reward: 2.192, 2.210 sec/game, 8.8 min. total, 584.4 MB
facial_putdown v5 303 games, 237417 moves, e=0.765, loss: 233.0, +, 56.6% elo% vs. v3, avg. reward: 2.238, 2.183 sec/game, 8.8 min. total, 584.3 MB
facial_putdown v5 304 games, 238297 moves, e=0.764, loss: 227.2, +, 58.5% elo% vs. v3, avg. reward: 2.231, 2.178 sec/game, 8.8 min. total, 584.3 MB
facial_putdown v5 305 games, 239307 moves, e=0.763, loss: 236.0, +, 60.4% elo% vs. v3, avg. reward: 2.287, 2.208 sec/game, 8.9 min. total, 585.0 MB
facial_putdown v5 306 games, 240090 moves, e=0.762, loss: 238.4, +, 62.1% elo% vs. v3, avg. reward: 2.266, 2.209 sec/game, 8.9 min. total, 584.3 MB
facial_putdown v5 307 games, 241121 moves, e=0.761, loss: 244.2, +, 63.7% elo% vs. v3, avg. reward: 2.333, 2.236 sec/game, 9.0 min. total, 585.1 MB
facial_putdown v5 308 games, 241972 moves, e=0.760, loss: 237.5, -, 61.0% elo% vs. v3, avg. reward: 2.301, 2.239 sec/game, 9.0 min. total, 584.8 MB
facial_putdown v5 309 games, 242890 moves, e=0.760, loss: 238.2, -, 58.3% elo% vs. v3, avg. reward: 2.308, 2.244 sec/game, 9.0 min. total, 586.6 MB
facial_putdown v5 310 games, 243723 moves, e=0.759, loss: 244.6, +, 60.1% elo% vs. v3, avg. reward: 2.279, 2.256 sec/game, 9.1 min. total, 587.3 MB
facial_putdown v5 311 games, 244687 moves, e=0.758, loss: 239.6, +, 61.9% elo% vs. v3, avg. reward: 2.259, 2.270 sec/game, 9.1 min. total, 587.9 MB
facial_putdown v5 312 games, 245623 moves, e=0.757, loss: 247.7, -, 59.1% elo% vs. v3, avg. reward: 2.315, 2.288 sec/game, 9.2 min. total, 587.3 MB
facial_putdown v5 313 games, 246438 moves, e=0.756, loss: 253.3, -, 56.5% elo% vs. v3, avg. reward: 2.346, 2.316 sec/game, 9.2 min. total, 587.8 MB
facial_putdown v5 314 games, 247287 moves, e=0.755, loss: 244.8, +, 58.4% elo% vs. v3, avg. reward: 2.334, 2.306 sec/game, 9.2 min. total, 587.7 MB
facial_putdown v5 315 games, 248163 moves, e=0.754, loss: 257.0, -, 55.8% elo% vs. v3, avg. reward: 2.337, 2.305 sec/game, 9.3 min. total, 587.9 MB
facial_putdown v5 316 games, 249009 moves, e=0.753, loss: 247.7, -, 53.3% elo% vs. v3, avg. reward: 2.345, 2.300 sec/game, 9.3 min. total, 587.5 MB
facial_putdown v5 317 games, 250083 moves, e=0.752, loss: 240.2, -, 50.8% elo% vs. v3, avg. reward: 2.416, 2.316 sec/game, 9.3 min. total, 587.5 MB
facial_putdown v5 318 games, 250916 moves, e=0.752, loss: 232.8, +, 53.1% elo% vs. v3, avg. reward: 2.393, 2.298 sec/game, 9.4 min. total, 589.0 MB
facial_putdown v5 319 games, 251846 moves, e=0.751, loss: 245.3, +, 55.2% elo% vs. v3, avg. reward: 2.300, 2.303 sec/game, 9.4 min. total, 590.6 MB
facial_putdown v5 320 games, 252730 moves, e=0.750, loss: 242.8, -, 52.7% elo% vs. v3, avg. reward: 2.281, 2.288 sec/game, 9.5 min. total, 591.7 MB
facial_putdown v5 321 games, 253740 moves, e=0.749, loss: 243.2, -, 50.3% elo% vs. v3, avg. reward: 2.233, 2.303 sec/game, 9.5 min. total, 591.3 MB
facial_putdown v5 322 games, 254569 moves, e=0.748, loss: 241.6, ., 50.3% elo% vs. v3, avg. reward: 2.242, 2.278 sec/game, 9.5 min. total, 591.3 MB
facial_putdown v5 323 games, 255433 moves, e=0.747, loss: 248.5, -, 47.9% elo% vs. v3, avg. reward: 2.237, 2.298 sec/game, 9.6 min. total, 591.9 MB
facial_putdown v5 324 games, 256286 moves, e=0.746, loss: 261.2, ., 48.0% elo% vs. v3, avg. reward: 2.225, 2.302 sec/game, 9.6 min. total, 591.6 MB
facial_putdown v5 325 games, 257205 moves, e=0.745, loss: 246.1, +, 50.4% elo% vs. v3, avg. reward: 2.233, 2.290 sec/game, 9.7 min. total, 594.1 MB
facial_putdown v5 326 games, 258108 moves, e=0.744, loss: 240.6, ., 50.4% elo% vs. v3, avg. reward: 2.249, 2.306 sec/game, 9.7 min. total, 591.6 MB
facial_putdown v5 327 games, 259164 moves, e=0.743, loss: 249.5, -, 48.1% elo% vs. v3, avg. reward: 2.271, 2.299 sec/game, 9.7 min. total, 592.5 MB
facial_putdown v5 328 games, 259935 moves, e=0.743, loss: 257.5, -, 45.9% elo% vs. v3, avg. reward: 2.154, 2.285 sec/game, 9.8 min. total, 593.9 MB
facial_putdown v5 329 games, 260861 moves, e=0.742, loss: 253.7, -, 43.8% elo% vs. v3, avg. reward: 2.202, 2.280 sec/game, 9.8 min. total, 594.9 MB
facial_putdown v5 330 games, 262035 moves, e=0.741, loss: 256.4, +, 46.4% elo% vs. v3, avg. reward: 2.270, 2.327 sec/game, 9.9 min. total, 595.3 MB
facial_putdown v5 331 games, 262869 moves, e=0.740, loss: 258.0, +, 48.8% elo% vs. v3, avg. reward: 2.291, 2.304 sec/game, 9.9 min. total, 595.0 MB
facial_putdown v5 332 games, 263814 moves, e=0.739, loss: 259.1, -, 46.6% elo% vs. v3, avg. reward: 2.357, 2.314 sec/game, 9.9 min. total, 595.0 MB
facial_putdown v5 333 games, 264780 moves, e=0.738, loss: 257.7, +, 49.0% elo% vs. v3, avg. reward: 2.325, 2.321 sec/game, 10.0 min. total, 594.8 MB
facial_putdown v5 334 games, 265622 moves, e=0.737, loss: 250.9, +, 51.4% elo% vs. v3, avg. reward: 2.247, 2.333 sec/game, 10.0 min. total, 595.4 MB
facial_putdown v5 335 games, 266536 moves, e=0.736, loss: 255.5, ., 51.3% elo% vs. v3, avg. reward: 2.276, 2.331 sec/game, 10.0 min. total, 595.3 MB
facial_putdown v5 336 games, 267364 moves, e=0.735, loss: 260.4, -, 49.0% elo% vs. v3, avg. reward: 2.222, 2.321 sec/game, 10.1 min. total, 595.4 MB
facial_putdown v5 337 games, 268249 moves, e=0.734, loss: 262.8, -, 46.7% elo% vs. v3, avg. reward: 2.232, 2.305 sec/game, 10.1 min. total, 596.9 MB
facial_putdown v5 338 games, 269050 moves, e=0.734, loss: 262.1, -, 44.6% elo% vs. v3, avg. reward: 2.185, 2.294 sec/game, 10.1 min. total, 597.5 MB
facial_putdown v5 339 games, 269826 moves, e=0.733, loss: 274.9, -, 42.6% elo% vs. v3, avg. reward: 2.175, 2.285 sec/game, 10.2 min. total, 597.2 MB
