goofball_resource v0 0 games, 0 moves, e=1.000, loss: nan,  , 50.0% elo% vs. , avg. reward: nan, nan sec/game, 0.0 min. total, 302.3 MB
goofball_resource v1 1 games, 641 moves, e=0.999, loss: nan, +, 52.3% elo% vs. random_bot, avg. reward: 0.551, 0.281 sec/game, 0.0 min. total, 313.0 MB
goofball_resource v1 2 games, 1451 moves, e=0.999, loss: nan, +, 54.5% elo% vs. random_bot, avg. reward: 0.491, 0.323 sec/game, 0.0 min. total, 313.4 MB
goofball_resource v1 3 games, 2170 moves, e=0.998, loss: nan, +, 56.6% elo% vs. random_bot, avg. reward: 0.428, 0.319 sec/game, 0.0 min. total, 315.8 MB
goofball_resource v1 4 games, 2908 moves, e=0.997, loss: nan, +, 58.5% elo% vs. random_bot, avg. reward: 0.405, 0.312 sec/game, 0.0 min. total, 317.8 MB
goofball_resource v1 5 games, 3717 moves, e=0.996, loss: nan, +, 60.4% elo% vs. random_bot, avg. reward: 0.380, 0.316 sec/game, 0.0 min. total, 319.4 MB
goofball_resource v1 6 games, 4368 moves, e=0.996, loss: nan, +, 62.1% elo% vs. random_bot, avg. reward: 0.428, 0.310 sec/game, 0.0 min. total, 322.4 MB
goofball_resource v1 7 games, 5053 moves, e=0.995, loss: nan, +, 63.7% elo% vs. random_bot, avg. reward: 0.398, 0.307 sec/game, 0.0 min. total, 324.2 MB
goofball_resource v1 8 games, 5723 moves, e=0.994, loss: nan, +, 65.2% elo% vs. random_bot, avg. reward: 0.382, 0.305 sec/game, 0.0 min. total, 325.8 MB
goofball_resource v1 9 games, 6460 moves, e=0.994, loss: nan, +, 66.7% elo% vs. random_bot, avg. reward: 0.387, 0.304 sec/game, 0.0 min. total, 327.5 MB
goofball_resource v1 10 games, 7097 moves, e=0.993, loss: nan, +, 68.0% elo% vs. random_bot, avg. reward: 0.387, 0.301 sec/game, 0.1 min. total, 329.0 MB
goofball_resource v1 11 games, 7859 moves, e=0.992, loss: nan, +, 69.3% elo% vs. random_bot, avg. reward: 0.381, 0.304 sec/game, 0.1 min. total, 330.8 MB
goofball_resource v1 12 games, 8490 moves, e=0.992, loss: nan, +, 70.5% elo% vs. random_bot, avg. reward: 0.388, 0.305 sec/game, 0.1 min. total, 332.5 MB
goofball_resource v2 13 games, 9251 moves, e=0.991, loss: nan, +, 54.5% elo% vs. guard_bot, avg. reward: 0.396, 0.304 sec/game, 0.1 min. total, 395.9 MB
goofball_resource v2 14 games, 10044 moves, e=0.990, loss: nan, +, 56.6% elo% vs. guard_bot, avg. reward: 0.400, 0.302 sec/game, 0.1 min. total, 397.7 MB
goofball_resource v2 15 games, 10731 moves, e=0.989, loss: 0.5, +, 58.5% elo% vs. guard_bot, avg. reward: 0.380, 0.379 sec/game, 0.1 min. total, 417.8 MB
goofball_resource v2 16 games, 11409 moves, e=0.989, loss: 0.4, +, 60.4% elo% vs. guard_bot, avg. reward: 0.375, 0.442 sec/game, 0.1 min. total, 418.2 MB
goofball_resource v2 17 games, 12141 moves, e=0.988, loss: 0.4, +, 62.1% elo% vs. guard_bot, avg. reward: 0.396, 0.483 sec/game, 0.1 min. total, 418.3 MB
goofball_resource v2 18 games, 12875 moves, e=0.987, loss: 0.4, +, 63.7% elo% vs. guard_bot, avg. reward: 0.405, 0.529 sec/game, 0.2 min. total, 418.3 MB
goofball_resource v2 19 games, 13592 moves, e=0.987, loss: 0.4, +, 65.2% elo% vs. guard_bot, avg. reward: 0.400, 0.571 sec/game, 0.2 min. total, 418.9 MB
goofball_resource v2 20 games, 14343 moves, e=0.986, loss: 0.4, +, 66.7% elo% vs. guard_bot, avg. reward: 0.405, 0.609 sec/game, 0.2 min. total, 418.8 MB
goofball_resource v2 21 games, 15034 moves, e=0.985, loss: 0.4, +, 68.0% elo% vs. guard_bot, avg. reward: 0.406, 0.651 sec/game, 0.2 min. total, 418.5 MB
goofball_resource v2 22 games, 15717 moves, e=0.984, loss: 0.4, +, 69.3% elo% vs. guard_bot, avg. reward: 0.404, 0.689 sec/game, 0.2 min. total, 418.6 MB
goofball_resource v2 23 games, 16383 moves, e=0.984, loss: 0.4, +, 70.5% elo% vs. guard_bot, avg. reward: 0.407, 0.729 sec/game, 0.3 min. total, 419.2 MB
goofball_resource v3 24 games, 17104 moves, e=0.983, loss: 0.4, -, 49.9% elo% vs. random_no_suicide, avg. reward: 0.420, 0.778 sec/game, 0.3 min. total, 422.1 MB
goofball_resource v3 25 games, 17824 moves, e=0.982, loss: 0.4, -, 47.6% elo% vs. random_no_suicide, avg. reward: 0.413, 0.827 sec/game, 0.3 min. total, 424.5 MB
goofball_resource v3 26 games, 18613 moves, e=0.982, loss: 0.4, -, 45.4% elo% vs. random_no_suicide, avg. reward: 0.418, 0.880 sec/game, 0.3 min. total, 428.8 MB
goofball_resource v3 27 games, 19254 moves, e=0.981, loss: 0.4, -, 43.4% elo% vs. random_no_suicide, avg. reward: 0.416, 0.921 sec/game, 0.3 min. total, 430.9 MB
goofball_resource v3 28 games, 19857 moves, e=0.980, loss: 0.5, -, 41.4% elo% vs. random_no_suicide, avg. reward: 0.416, 0.967 sec/game, 0.4 min. total, 431.3 MB
goofball_resource v3 29 games, 20583 moves, e=0.980, loss: 0.5, -, 39.6% elo% vs. random_no_suicide, avg. reward: 0.423, 1.009 sec/game, 0.4 min. total, 431.5 MB
goofball_resource v3 30 games, 21404 moves, e=0.979, loss: 0.5, -, 37.8% elo% vs. random_no_suicide, avg. reward: 0.417, 1.070 sec/game, 0.4 min. total, 431.4 MB
goofball_resource v3 31 games, 22018 moves, e=0.978, loss: 0.5, -, 36.2% elo% vs. random_no_suicide, avg. reward: 0.411, 1.108 sec/game, 0.4 min. total, 431.6 MB
goofball_resource v3 32 games, 22787 moves, e=0.977, loss: 0.5, -, 34.7% elo% vs. random_no_suicide, avg. reward: 0.418, 1.158 sec/game, 0.4 min. total, 431.9 MB
goofball_resource v3 33 games, 23489 moves, e=0.977, loss: 0.5, -, 33.3% elo% vs. random_no_suicide, avg. reward: 0.414, 1.201 sec/game, 0.5 min. total, 432.1 MB
goofball_resource v3 34 games, 24037 moves, e=0.976, loss: 0.5, -, 31.9% elo% vs. random_no_suicide, avg. reward: 0.411, 1.232 sec/game, 0.5 min. total, 432.2 MB
goofball_resource v3 35 games, 24788 moves, e=0.975, loss: 0.5, -, 30.6% elo% vs. random_no_suicide, avg. reward: 0.425, 1.231 sec/game, 0.5 min. total, 432.6 MB
goofball_resource v3 36 games, 25551 moves, e=0.975, loss: 0.5, -, 29.5% elo% vs. random_no_suicide, avg. reward: 0.422, 1.229 sec/game, 0.5 min. total, 432.6 MB
goofball_resource v3 37 games, 26285 moves, e=0.974, loss: 0.5, -, 28.3% elo% vs. random_no_suicide, avg. reward: 0.428, 1.239 sec/game, 0.5 min. total, 434.3 MB
goofball_resource v3 38 games, 26896 moves, e=0.973, loss: 0.6, -, 27.3% elo% vs. random_no_suicide, avg. reward: 0.430, 1.235 sec/game, 0.6 min. total, 434.1 MB
goofball_resource v3 39 games, 27570 moves, e=0.973, loss: 0.5, -, 26.3% elo% vs. random_no_suicide, avg. reward: 0.428, 1.228 sec/game, 0.6 min. total, 434.2 MB
goofball_resource v3 40 games, 28322 moves, e=0.972, loss: 0.5, -, 25.4% elo% vs. random_no_suicide, avg. reward: 0.426, 1.229 sec/game, 0.6 min. total, 433.7 MB
goofball_resource v3 41 games, 29026 moves, e=0.971, loss: 0.5, -, 24.5% elo% vs. random_no_suicide, avg. reward: 0.424, 1.229 sec/game, 0.6 min. total, 434.1 MB
goofball_resource v3 42 games, 29793 moves, e=0.971, loss: 0.6, -, 23.7% elo% vs. random_no_suicide, avg. reward: 0.421, 1.240 sec/game, 0.7 min. total, 434.1 MB
goofball_resource v3 43 games, 30559 moves, e=0.970, loss: 0.6, -, 22.9% elo% vs. random_no_suicide, avg. reward: 0.421, 1.256 sec/game, 0.7 min. total, 434.3 MB
goofball_resource v3 44 games, 31389 moves, e=0.969, loss: 0.6, -, 22.2% elo% vs. random_no_suicide, avg. reward: 0.426, 1.269 sec/game, 0.7 min. total, 434.2 MB
goofball_resource v3 45 games, 32024 moves, e=0.968, loss: 0.6, -, 21.5% elo% vs. random_no_suicide, avg. reward: 0.422, 1.258 sec/game, 0.7 min. total, 434.2 MB
goofball_resource v3 46 games, 32753 moves, e=0.968, loss: 0.6, -, 20.8% elo% vs. random_no_suicide, avg. reward: 0.425, 1.249 sec/game, 0.7 min. total, 435.3 MB
goofball_resource v3 47 games, 33586 moves, e=0.967, loss: 0.6, -, 20.2% elo% vs. random_no_suicide, avg. reward: 0.422, 1.270 sec/game, 0.8 min. total, 435.1 MB
goofball_resource v3 48 games, 34323 moves, e=0.966, loss: 0.6, -, 19.6% elo% vs. random_no_suicide, avg. reward: 0.421, 1.279 sec/game, 0.8 min. total, 436.3 MB
goofball_resource v3 49 games, 35080 moves, e=0.965, loss: 0.6, -, 19.0% elo% vs. random_no_suicide, avg. reward: 0.419, 1.288 sec/game, 0.8 min. total, 436.8 MB
goofball_resource v3 50 games, 35820 moves, e=0.965, loss: 0.6, -, 18.5% elo% vs. random_no_suicide, avg. reward: 0.414, 1.272 sec/game, 0.8 min. total, 437.2 MB
goofball_resource v3 51 games, 36545 moves, e=0.964, loss: 0.6, -, 18.0% elo% vs. random_no_suicide, avg. reward: 0.413, 1.291 sec/game, 0.9 min. total, 437.0 MB
goofball_resource v3 52 games, 37331 moves, e=0.963, loss: 0.6, -, 17.5% elo% vs. random_no_suicide, avg. reward: 0.412, 1.293 sec/game, 0.9 min. total, 437.1 MB
goofball_resource v3 53 games, 38012 moves, e=0.962, loss: 0.6, -, 17.0% elo% vs. random_no_suicide, avg. reward: 0.411, 1.296 sec/game, 0.9 min. total, 437.4 MB
goofball_resource v3 54 games, 38761 moves, e=0.962, loss: 0.6, -, 16.6% elo% vs. random_no_suicide, avg. reward: 0.412, 1.317 sec/game, 0.9 min. total, 437.3 MB
goofball_resource v3 55 games, 39457 moves, e=0.961, loss: 0.6, -, 16.2% elo% vs. random_no_suicide, avg. reward: 0.408, 1.315 sec/game, 0.9 min. total, 437.7 MB
goofball_resource v3 56 games, 40157 moves, e=0.960, loss: 0.6, -, 15.8% elo% vs. random_no_suicide, avg. reward: 0.405, 1.310 sec/game, 1.0 min. total, 438.3 MB
goofball_resource v3 57 games, 40905 moves, e=0.960, loss: 0.6, -, 15.4% elo% vs. random_no_suicide, avg. reward: 0.409, 1.315 sec/game, 1.0 min. total, 438.4 MB
goofball_resource v3 58 games, 41576 moves, e=0.959, loss: 0.6, -, 15.0% elo% vs. random_no_suicide, avg. reward: 0.412, 1.311 sec/game, 1.0 min. total, 439.8 MB
goofball_resource v3 59 games, 42400 moves, e=0.958, loss: 0.6, -, 14.7% elo% vs. random_no_suicide, avg. reward: 0.415, 1.343 sec/game, 1.0 min. total, 439.6 MB
goofball_resource v3 60 games, 43039 moves, e=0.957, loss: 0.6, -, 14.3% elo% vs. random_no_suicide, avg. reward: 0.417, 1.333 sec/game, 1.1 min. total, 439.1 MB
goofball_resource v3 61 games, 43780 moves, e=0.957, loss: 0.6, -, 14.0% elo% vs. random_no_suicide, avg. reward: 0.420, 1.344 sec/game, 1.1 min. total, 439.6 MB
goofball_resource v3 62 games, 44484 moves, e=0.956, loss: 0.6, -, 13.7% elo% vs. random_no_suicide, avg. reward: 0.419, 1.337 sec/game, 1.1 min. total, 439.6 MB
goofball_resource v3 63 games, 45212 moves, e=0.955, loss: 0.7, -, 13.4% elo% vs. random_no_suicide, avg. reward: 0.416, 1.334 sec/game, 1.1 min. total, 439.1 MB
goofball_resource v3 64 games, 45998 moves, e=0.954, loss: 0.7, -, 13.1% elo% vs. random_no_suicide, avg. reward: 0.414, 1.327 sec/game, 1.1 min. total, 439.9 MB
goofball_resource v3 65 games, 46707 moves, e=0.954, loss: 0.7, -, 12.9% elo% vs. random_no_suicide, avg. reward: 0.411, 1.331 sec/game, 1.2 min. total, 439.8 MB
goofball_resource v3 66 games, 47545 moves, e=0.953, loss: 0.7, -, 12.6% elo% vs. random_no_suicide, avg. reward: 0.408, 1.359 sec/game, 1.2 min. total, 440.1 MB
goofball_resource v3 67 games, 48272 moves, e=0.952, loss: 0.7, -, 12.3% elo% vs. random_no_suicide, avg. reward: 0.404, 1.349 sec/game, 1.2 min. total, 440.5 MB
goofball_resource v3 68 games, 49031 moves, e=0.951, loss: 0.7, -, 12.1% elo% vs. random_no_suicide, avg. reward: 0.402, 1.351 sec/game, 1.2 min. total, 440.4 MB
goofball_resource v3 69 games, 49761 moves, e=0.951, loss: 0.8, -, 11.9% elo% vs. random_no_suicide, avg. reward: 0.403, 1.344 sec/game, 1.3 min. total, 440.3 MB
goofball_resource v3 70 games, 50449 moves, e=0.950, loss: 0.8, -, 11.6% elo% vs. random_no_suicide, avg. reward: 0.406, 1.354 sec/game, 1.3 min. total, 441.0 MB
goofball_resource v3 71 games, 51247 moves, e=0.949, loss: 0.7, -, 11.4% elo% vs. random_no_suicide, avg. reward: 0.403, 1.350 sec/game, 1.3 min. total, 441.0 MB
goofball_resource v3 72 games, 51955 moves, e=0.949, loss: 0.8, -, 11.2% elo% vs. random_no_suicide, avg. reward: 0.405, 1.340 sec/game, 1.3 min. total, 441.1 MB
goofball_resource v3 73 games, 52657 moves, e=0.948, loss: 0.8, -, 11.0% elo% vs. random_no_suicide, avg. reward: 0.403, 1.348 sec/game, 1.3 min. total, 441.0 MB
goofball_resource v3 74 games, 53368 moves, e=0.947, loss: 0.8, -, 10.8% elo% vs. random_no_suicide, avg. reward: 0.406, 1.339 sec/game, 1.4 min. total, 441.4 MB
goofball_resource v3 75 games, 54110 moves, e=0.946, loss: 0.8, -, 10.6% elo% vs. random_no_suicide, avg. reward: 0.405, 1.337 sec/game, 1.4 min. total, 440.9 MB
goofball_resource v3 76 games, 54876 moves, e=0.946, loss: 0.7, -, 10.4% elo% vs. random_no_suicide, avg. reward: 0.403, 1.346 sec/game, 1.4 min. total, 441.7 MB
goofball_resource v3 77 games, 55604 moves, e=0.945, loss: 0.8, -, 10.3% elo% vs. random_no_suicide, avg. reward: 0.403, 1.343 sec/game, 1.4 min. total, 441.7 MB
goofball_resource v3 78 games, 56372 moves, e=0.944, loss: 0.8, -, 10.1% elo% vs. random_no_suicide, avg. reward: 0.403, 1.354 sec/game, 1.5 min. total, 441.7 MB
goofball_resource v3 79 games, 57184 moves, e=0.943, loss: 0.8, -, 9.9% elo% vs. random_no_suicide, avg. reward: 0.405, 1.334 sec/game, 1.5 min. total, 443.0 MB
goofball_resource v3 80 games, 58028 moves, e=0.943, loss: 0.8, -, 9.8% elo% vs. random_no_suicide, avg. reward: 0.404, 1.363 sec/game, 1.5 min. total, 442.9 MB
goofball_resource v3 81 games, 58779 moves, e=0.942, loss: 0.8, -, 9.6% elo% vs. random_no_suicide, avg. reward: 0.403, 1.365 sec/game, 1.5 min. total, 442.9 MB
goofball_resource v3 82 games, 59533 moves, e=0.941, loss: 0.8, -, 9.4% elo% vs. random_no_suicide, avg. reward: 0.400, 1.375 sec/game, 1.6 min. total, 442.9 MB
goofball_resource v3 83 games, 60409 moves, e=0.940, loss: 0.9, -, 9.3% elo% vs. random_no_suicide, avg. reward: 0.397, 1.380 sec/game, 1.6 min. total, 442.4 MB
goofball_resource v3 84 games, 61015 moves, e=0.940, loss: 0.9, -, 9.2% elo% vs. random_no_suicide, avg. reward: 0.397, 1.369 sec/game, 1.6 min. total, 442.9 MB
goofball_resource v3 85 games, 61872 moves, e=0.939, loss: 0.9, -, 9.0% elo% vs. random_no_suicide, avg. reward: 0.396, 1.390 sec/game, 1.6 min. total, 442.9 MB
goofball_resource v3 86 games, 62572 moves, e=0.938, loss: 0.8, -, 8.9% elo% vs. random_no_suicide, avg. reward: 0.395, 1.365 sec/game, 1.6 min. total, 443.2 MB
goofball_resource v3 87 games, 63244 moves, e=0.937, loss: 0.9, -, 8.7% elo% vs. random_no_suicide, avg. reward: 0.396, 1.366 sec/game, 1.7 min. total, 442.5 MB
goofball_resource v3 88 games, 63942 moves, e=0.937, loss: 0.9, -, 8.6% elo% vs. random_no_suicide, avg. reward: 0.398, 1.354 sec/game, 1.7 min. total, 443.0 MB
goofball_resource v3 89 games, 64730 moves, e=0.936, loss: 0.9, -, 8.5% elo% vs. random_no_suicide, avg. reward: 0.397, 1.364 sec/game, 1.7 min. total, 444.9 MB
goofball_resource v3 90 games, 65576 moves, e=0.935, loss: 0.9, -, 8.4% elo% vs. random_no_suicide, avg. reward: 0.396, 1.376 sec/game, 1.7 min. total, 445.6 MB
goofball_resource v3 91 games, 66297 moves, e=0.934, loss: 0.9, -, 8.3% elo% vs. random_no_suicide, avg. reward: 0.395, 1.366 sec/game, 1.8 min. total, 446.2 MB
goofball_resource v3 92 games, 66908 moves, e=0.934, loss: 0.9, -, 8.1% elo% vs. random_no_suicide, avg. reward: 0.393, 1.364 sec/game, 1.8 min. total, 446.2 MB
goofball_resource v3 93 games, 67665 moves, e=0.933, loss: 0.9, -, 8.0% elo% vs. random_no_suicide, avg. reward: 0.392, 1.366 sec/game, 1.8 min. total, 445.8 MB
goofball_resource v3 94 games, 68269 moves, e=0.932, loss: 0.9, -, 7.9% elo% vs. random_no_suicide, avg. reward: 0.390, 1.367 sec/game, 1.8 min. total, 446.4 MB
goofball_resource v3 95 games, 69056 moves, e=0.932, loss: 1.0, -, 7.8% elo% vs. random_no_suicide, avg. reward: 0.393, 1.369 sec/game, 1.8 min. total, 446.5 MB
goofball_resource v3 96 games, 69790 moves, e=0.931, loss: 1.0, -, 7.7% elo% vs. random_no_suicide, avg. reward: 0.392, 1.371 sec/game, 1.9 min. total, 446.6 MB
goofball_resource v3 97 games, 70571 moves, e=0.930, loss: 1.0, -, 7.6% elo% vs. random_no_suicide, avg. reward: 0.392, 1.375 sec/game, 1.9 min. total, 446.6 MB
goofball_resource v3 98 games, 71315 moves, e=0.929, loss: 0.9, -, 7.5% elo% vs. random_no_suicide, avg. reward: 0.392, 1.377 sec/game, 1.9 min. total, 446.3 MB
goofball_resource v3 99 games, 72083 moves, e=0.929, loss: 1.0, -, 7.4% elo% vs. random_no_suicide, avg. reward: 0.391, 1.376 sec/game, 1.9 min. total, 447.2 MB
goofball_resource v3 100 games, 72796 moves, e=0.928, loss: 0.9, -, 7.3% elo% vs. random_no_suicide, avg. reward: 0.391, 1.351 sec/game, 2.0 min. total, 446.7 MB
goofball_resource v3 101 games, 73474 moves, e=0.927, loss: 1.0, -, 7.2% elo% vs. random_no_suicide, avg. reward: 0.388, 1.349 sec/game, 2.0 min. total, 447.6 MB
goofball_resource v3 102 games, 74196 moves, e=0.927, loss: 1.0, -, 7.1% elo% vs. random_no_suicide, avg. reward: 0.386, 1.342 sec/game, 2.0 min. total, 447.7 MB
goofball_resource v3 103 games, 74963 moves, e=0.926, loss: 1.0, -, 7.1% elo% vs. random_no_suicide, avg. reward: 0.387, 1.340 sec/game, 2.0 min. total, 447.8 MB
goofball_resource v3 104 games, 75778 moves, e=0.925, loss: 1.0, -, 7.0% elo% vs. random_no_suicide, avg. reward: 0.387, 1.363 sec/game, 2.1 min. total, 447.7 MB
goofball_resource v3 105 games, 76504 moves, e=0.924, loss: 0.9, -, 6.9% elo% vs. random_no_suicide, avg. reward: 0.392, 1.343 sec/game, 2.1 min. total, 447.8 MB
goofball_resource v3 106 games, 77296 moves, e=0.923, loss: 1.0, -, 6.8% elo% vs. random_no_suicide, avg. reward: 0.389, 1.355 sec/game, 2.1 min. total, 447.3 MB
goofball_resource v3 107 games, 78061 moves, e=0.923, loss: 1.0, -, 6.7% elo% vs. random_no_suicide, avg. reward: 0.391, 1.356 sec/game, 2.1 min. total, 447.9 MB
goofball_resource v3 108 games, 78840 moves, e=0.922, loss: 1.0, -, 6.7% elo% vs. random_no_suicide, avg. reward: 0.391, 1.374 sec/game, 2.1 min. total, 448.1 MB
goofball_resource v3 109 games, 79580 moves, e=0.921, loss: 1.1, -, 6.6% elo% vs. random_no_suicide, avg. reward: 0.390, 1.373 sec/game, 2.2 min. total, 449.4 MB
goofball_resource v3 110 games, 80237 moves, e=0.921, loss: 1.1, -, 6.5% elo% vs. random_no_suicide, avg. reward: 0.387, 1.353 sec/game, 2.2 min. total, 449.6 MB
goofball_resource v3 111 games, 80887 moves, e=0.920, loss: 1.1, -, 6.4% elo% vs. random_no_suicide, avg. reward: 0.388, 1.354 sec/game, 2.2 min. total, 450.2 MB
goofball_resource v3 112 games, 81627 moves, e=0.919, loss: 1.2, -, 6.4% elo% vs. random_no_suicide, avg. reward: 0.388, 1.366 sec/game, 2.2 min. total, 449.8 MB
goofball_resource v3 113 games, 82394 moves, e=0.918, loss: 1.2, -, 6.3% elo% vs. random_no_suicide, avg. reward: 0.388, 1.369 sec/game, 2.3 min. total, 450.2 MB
goofball_resource v3 114 games, 83255 moves, e=0.918, loss: 1.2, -, 6.2% elo% vs. random_no_suicide, avg. reward: 0.386, 1.390 sec/game, 2.3 min. total, 450.2 MB
goofball_resource v3 115 games, 83947 moves, e=0.917, loss: 1.2, -, 6.2% elo% vs. random_no_suicide, avg. reward: 0.390, 1.384 sec/game, 2.3 min. total, 450.3 MB
goofball_resource v3 116 games, 84684 moves, e=0.916, loss: 1.2, -, 6.1% elo% vs. random_no_suicide, avg. reward: 0.392, 1.381 sec/game, 2.3 min. total, 450.2 MB
goofball_resource v3 117 games, 85509 moves, e=0.915, loss: 1.1, -, 6.0% elo% vs. random_no_suicide, avg. reward: 0.387, 1.395 sec/game, 2.4 min. total, 450.3 MB
goofball_resource v3 118 games, 86228 moves, e=0.915, loss: 1.2, -, 6.0% elo% vs. random_no_suicide, avg. reward: 0.383, 1.393 sec/game, 2.4 min. total, 450.6 MB
goofball_resource v3 119 games, 86942 moves, e=0.914, loss: 1.2, -, 5.9% elo% vs. random_no_suicide, avg. reward: 0.382, 1.403 sec/game, 2.4 min. total, 451.0 MB
goofball_resource v3 120 games, 87601 moves, e=0.913, loss: 1.2, -, 5.8% elo% vs. random_no_suicide, avg. reward: 0.380, 1.402 sec/game, 2.4 min. total, 452.1 MB
goofball_resource v3 121 games, 88497 moves, e=0.912, loss: 1.1, -, 5.8% elo% vs. random_no_suicide, avg. reward: 0.380, 1.423 sec/game, 2.5 min. total, 452.3 MB
goofball_resource v3 122 games, 89292 moves, e=0.912, loss: 1.1, -, 5.7% elo% vs. random_no_suicide, avg. reward: 0.380, 1.433 sec/game, 2.5 min. total, 452.2 MB
goofball_resource v3 123 games, 89956 moves, e=0.911, loss: 1.1, -, 5.7% elo% vs. random_no_suicide, avg. reward: 0.380, 1.421 sec/game, 2.5 min. total, 452.0 MB
goofball_resource v3 124 games, 90612 moves, e=0.910, loss: 1.1, -, 5.6% elo% vs. random_no_suicide, avg. reward: 0.378, 1.402 sec/game, 2.5 min. total, 451.8 MB
goofball_resource v3 125 games, 91297 moves, e=0.910, loss: 1.2, -, 5.6% elo% vs. random_no_suicide, avg. reward: 0.379, 1.409 sec/game, 2.5 min. total, 452.3 MB
goofball_resource v3 126 games, 92038 moves, e=0.909, loss: 1.1, -, 5.5% elo% vs. random_no_suicide, avg. reward: 0.374, 1.413 sec/game, 2.6 min. total, 452.5 MB
goofball_resource v3 127 games, 92827 moves, e=0.908, loss: 1.2, -, 5.5% elo% vs. random_no_suicide, avg. reward: 0.373, 1.414 sec/game, 2.6 min. total, 452.5 MB
goofball_resource v3 128 games, 93660 moves, e=0.907, loss: 1.1, -, 5.4% elo% vs. random_no_suicide, avg. reward: 0.372, 1.410 sec/game, 2.6 min. total, 452.4 MB
goofball_resource v3 129 games, 94421 moves, e=0.907, loss: 1.2, -, 5.4% elo% vs. random_no_suicide, avg. reward: 0.368, 1.414 sec/game, 2.6 min. total, 452.8 MB
goofball_resource v3 130 games, 95152 moves, e=0.906, loss: 1.1, -, 5.3% elo% vs. random_no_suicide, avg. reward: 0.370, 1.432 sec/game, 2.7 min. total, 452.3 MB
goofball_resource v3 131 games, 95966 moves, e=0.905, loss: 1.1, -, 5.3% elo% vs. random_no_suicide, avg. reward: 0.372, 1.445 sec/game, 2.7 min. total, 453.6 MB
goofball_resource v3 132 games, 96805 moves, e=0.904, loss: 1.2, -, 5.2% elo% vs. random_no_suicide, avg. reward: 0.368, 1.459 sec/game, 2.7 min. total, 454.1 MB
goofball_resource v3 133 games, 97549 moves, e=0.903, loss: 1.2, -, 5.2% elo% vs. random_no_suicide, avg. reward: 0.368, 1.458 sec/game, 2.7 min. total, 453.6 MB
goofball_resource v3 134 games, 98453 moves, e=0.903, loss: 1.2, -, 5.1% elo% vs. random_no_suicide, avg. reward: 0.371, 1.462 sec/game, 2.8 min. total, 454.1 MB
goofball_resource v3 135 games, 99310 moves, e=0.902, loss: 1.3, -, 5.1% elo% vs. random_no_suicide, avg. reward: 0.366, 1.473 sec/game, 2.8 min. total, 454.1 MB
goofball_resource v3 136 games, 100116 moves, e=0.901, loss: 1.3, -, 5.0% elo% vs. random_no_suicide, avg. reward: 0.371, 1.487 sec/game, 2.8 min. total, 454.1 MB
goofball_resource v3 137 games, 100891 moves, e=0.900, loss: 1.3, -, 5.0% elo% vs. random_no_suicide, avg. reward: 0.368, 1.472 sec/game, 2.8 min. total, 453.8 MB
goofball_resource v3 138 games, 101748 moves, e=0.899, loss: 1.3, -, 4.9% elo% vs. random_no_suicide, avg. reward: 0.366, 1.477 sec/game, 2.9 min. total, 454.4 MB
goofball_resource v3 139 games, 102423 moves, e=0.899, loss: 1.3, -, 4.9% elo% vs. random_no_suicide, avg. reward: 0.368, 1.469 sec/game, 2.9 min. total, 454.7 MB
goofball_resource v3 140 games, 103171 moves, e=0.898, loss: 1.3, -, 4.9% elo% vs. random_no_suicide, avg. reward: 0.370, 1.478 sec/game, 2.9 min. total, 455.3 MB
goofball_resource v3 141 games, 104090 moves, e=0.897, loss: 1.2, -, 4.8% elo% vs. random_no_suicide, avg. reward: 0.368, 1.473 sec/game, 2.9 min. total, 457.3 MB
goofball_resource v3 142 games, 104837 moves, e=0.896, loss: 1.3, -, 4.8% elo% vs. random_no_suicide, avg. reward: 0.371, 1.472 sec/game, 3.0 min. total, 457.2 MB
goofball_resource v3 143 games, 105431 moves, e=0.896, loss: 1.2, -, 4.7% elo% vs. random_no_suicide, avg. reward: 0.371, 1.463 sec/game, 3.0 min. total, 457.7 MB
goofball_resource v3 144 games, 106096 moves, e=0.895, loss: 1.3, -, 4.7% elo% vs. random_no_suicide, avg. reward: 0.367, 1.464 sec/game, 3.0 min. total, 457.1 MB
goofball_resource v3 145 games, 106819 moves, e=0.894, loss: 1.3, -, 4.7% elo% vs. random_no_suicide, avg. reward: 0.367, 1.466 sec/game, 3.0 min. total, 457.7 MB
goofball_resource v3 146 games, 107638 moves, e=0.893, loss: 1.3, -, 4.6% elo% vs. random_no_suicide, avg. reward: 0.365, 1.464 sec/game, 3.1 min. total, 457.7 MB
goofball_resource v3 147 games, 108452 moves, e=0.893, loss: 1.3, -, 4.6% elo% vs. random_no_suicide, avg. reward: 0.365, 1.474 sec/game, 3.1 min. total, 457.9 MB
goofball_resource v3 148 games, 109180 moves, e=0.892, loss: 1.3, -, 4.5% elo% vs. random_no_suicide, avg. reward: 0.370, 1.463 sec/game, 3.1 min. total, 457.6 MB
goofball_resource v3 149 games, 109996 moves, e=0.891, loss: 1.3, -, 4.5% elo% vs. random_no_suicide, avg. reward: 0.370, 1.471 sec/game, 3.1 min. total, 458.2 MB
goofball_resource v3 150 games, 110755 moves, e=0.890, loss: 1.4, -, 4.5% elo% vs. random_no_suicide, avg. reward: 0.372, 1.468 sec/game, 3.2 min. total, 457.9 MB
goofball_resource v3 151 games, 111537 moves, e=0.890, loss: 1.4, -, 4.4% elo% vs. random_no_suicide, avg. reward: 0.374, 1.466 sec/game, 3.2 min. total, 458.6 MB
goofball_resource v3 152 games, 112284 moves, e=0.889, loss: 1.4, -, 4.4% elo% vs. random_no_suicide, avg. reward: 0.376, 1.454 sec/game, 3.2 min. total, 459.1 MB
goofball_resource v3 153 games, 113074 moves, e=0.888, loss: 1.4, -, 4.4% elo% vs. random_no_suicide, avg. reward: 0.375, 1.461 sec/game, 3.2 min. total, 458.8 MB
goofball_resource v3 154 games, 113831 moves, e=0.887, loss: 1.4, -, 4.3% elo% vs. random_no_suicide, avg. reward: 0.376, 1.448 sec/game, 3.3 min. total, 459.2 MB
goofball_resource v3 155 games, 114682 moves, e=0.886, loss: 1.4, -, 4.3% elo% vs. random_no_suicide, avg. reward: 0.376, 1.448 sec/game, 3.3 min. total, 458.8 MB
goofball_resource v3 156 games, 115431 moves, e=0.886, loss: 1.4, -, 4.3% elo% vs. random_no_suicide, avg. reward: 0.377, 1.436 sec/game, 3.3 min. total, 459.4 MB
goofball_resource v3 157 games, 116115 moves, e=0.885, loss: 1.4, -, 4.2% elo% vs. random_no_suicide, avg. reward: 0.373, 1.436 sec/game, 3.3 min. total, 459.5 MB
goofball_resource v3 158 games, 116738 moves, e=0.884, loss: 1.5, -, 4.2% elo% vs. random_no_suicide, avg. reward: 0.371, 1.421 sec/game, 3.3 min. total, 459.4 MB
goofball_resource v3 159 games, 117502 moves, e=0.884, loss: 1.4, -, 4.2% elo% vs. random_no_suicide, avg. reward: 0.369, 1.414 sec/game, 3.4 min. total, 459.7 MB
goofball_resource v3 160 games, 118321 moves, e=0.883, loss: 1.5, -, 4.1% elo% vs. random_no_suicide, avg. reward: 0.367, 1.427 sec/game, 3.4 min. total, 459.9 MB
goofball_resource v3 161 games, 119101 moves, e=0.882, loss: 1.4, -, 4.1% elo% vs. random_no_suicide, avg. reward: 0.365, 1.415 sec/game, 3.4 min. total, 459.3 MB
goofball_resource v3 162 games, 119860 moves, e=0.881, loss: 1.4, -, 4.1% elo% vs. random_no_suicide, avg. reward: 0.364, 1.416 sec/game, 3.4 min. total, 459.7 MB
goofball_resource v3 163 games, 120721 moves, e=0.880, loss: 1.4, -, 4.1% elo% vs. random_no_suicide, avg. reward: 0.367, 1.455 sec/game, 3.5 min. total, 460.1 MB
goofball_resource v3 164 games, 121513 moves, e=0.880, loss: 1.5, -, 4.0% elo% vs. random_no_suicide, avg. reward: 0.367, 1.468 sec/game, 3.5 min. total, 460.5 MB
goofball_resource v3 165 games, 122250 moves, e=0.879, loss: 1.6, -, 4.0% elo% vs. random_no_suicide, avg. reward: 0.368, 1.472 sec/game, 3.5 min. total, 460.8 MB
goofball_resource v3 166 games, 122966 moves, e=0.878, loss: 1.6, -, 4.0% elo% vs. random_no_suicide, avg. reward: 0.368, 1.466 sec/game, 3.5 min. total, 460.8 MB
goofball_resource v3 167 games, 123698 moves, e=0.878, loss: 1.6, -, 3.9% elo% vs. random_no_suicide, avg. reward: 0.370, 1.457 sec/game, 3.6 min. total, 461.0 MB
goofball_resource v3 168 games, 124362 moves, e=0.877, loss: 1.4, -, 3.9% elo% vs. random_no_suicide, avg. reward: 0.371, 1.461 sec/game, 3.6 min. total, 461.0 MB
goofball_resource v3 169 games, 125183 moves, e=0.876, loss: 1.4, -, 3.9% elo% vs. random_no_suicide, avg. reward: 0.370, 1.453 sec/game, 3.6 min. total, 460.8 MB
goofball_resource v3 170 games, 125945 moves, e=0.875, loss: 1.4, -, 3.9% elo% vs. random_no_suicide, avg. reward: 0.368, 1.453 sec/game, 3.6 min. total, 460.5 MB
goofball_resource v3 171 games, 126662 moves, e=0.875, loss: 1.4, -, 3.8% elo% vs. random_no_suicide, avg. reward: 0.369, 1.452 sec/game, 3.7 min. total, 461.7 MB
goofball_resource v3 172 games, 127522 moves, e=0.874, loss: 1.5, -, 3.8% elo% vs. random_no_suicide, avg. reward: 0.368, 1.464 sec/game, 3.7 min. total, 463.6 MB
goofball_resource v3 173 games, 128192 moves, e=0.873, loss: 1.5, -, 3.8% elo% vs. random_no_suicide, avg. reward: 0.370, 1.447 sec/game, 3.7 min. total, 463.3 MB
goofball_resource v3 174 games, 129165 moves, e=0.872, loss: 1.4, -, 3.8% elo% vs. random_no_suicide, avg. reward: 0.367, 1.470 sec/game, 3.7 min. total, 463.7 MB
goofball_resource v3 175 games, 130082 moves, e=0.871, loss: 1.4, -, 3.7% elo% vs. random_no_suicide, avg. reward: 0.365, 1.480 sec/game, 3.8 min. total, 463.5 MB
goofball_resource v3 176 games, 130920 moves, e=0.870, loss: 1.4, -, 3.7% elo% vs. random_no_suicide, avg. reward: 0.366, 1.482 sec/game, 3.8 min. total, 464.0 MB
goofball_resource v3 177 games, 131593 moves, e=0.870, loss: 1.3, -, 3.7% elo% vs. random_no_suicide, avg. reward: 0.365, 1.483 sec/game, 3.8 min. total, 463.9 MB
goofball_resource v3 178 games, 132326 moves, e=0.869, loss: 1.3, -, 3.7% elo% vs. random_no_suicide, avg. reward: 0.365, 1.485 sec/game, 3.8 min. total, 463.6 MB
goofball_resource v3 179 games, 133197 moves, e=0.868, loss: 1.3, -, 3.6% elo% vs. random_no_suicide, avg. reward: 0.362, 1.506 sec/game, 3.9 min. total, 464.0 MB
goofball_resource v3 180 games, 134029 moves, e=0.867, loss: 1.3, -, 3.6% elo% vs. random_no_suicide, avg. reward: 0.360, 1.511 sec/game, 3.9 min. total, 464.0 MB
goofball_resource v3 181 games, 134725 moves, e=0.867, loss: 1.3, -, 3.6% elo% vs. random_no_suicide, avg. reward: 0.362, 1.501 sec/game, 3.9 min. total, 464.1 MB
goofball_resource v3 182 games, 135633 moves, e=0.866, loss: 1.3, -, 3.6% elo% vs. random_no_suicide, avg. reward: 0.364, 1.514 sec/game, 3.9 min. total, 465.6 MB
goofball_resource v3 183 games, 136370 moves, e=0.865, loss: 1.2, -, 3.5% elo% vs. random_no_suicide, avg. reward: 0.369, 1.501 sec/game, 4.0 min. total, 465.8 MB
goofball_resource v3 184 games, 137056 moves, e=0.864, loss: 1.4, -, 3.5% elo% vs. random_no_suicide, avg. reward: 0.367, 1.490 sec/game, 4.0 min. total, 465.9 MB
goofball_resource v3 185 games, 137876 moves, e=0.864, loss: 1.4, -, 3.5% elo% vs. random_no_suicide, avg. reward: 0.368, 1.499 sec/game, 4.0 min. total, 466.0 MB
goofball_resource v3 186 games, 138831 moves, e=0.863, loss: 1.4, -, 3.5% elo% vs. random_no_suicide, avg. reward: 0.368, 1.516 sec/game, 4.1 min. total, 465.7 MB
goofball_resource v3 187 games, 139851 moves, e=0.862, loss: 1.4, -, 3.5% elo% vs. random_no_suicide, avg. reward: 0.367, 1.543 sec/game, 4.1 min. total, 466.4 MB
goofball_resource v3 188 games, 140662 moves, e=0.861, loss: 1.5, -, 3.4% elo% vs. random_no_suicide, avg. reward: 0.364, 1.554 sec/game, 4.1 min. total, 465.8 MB
goofball_resource v3 189 games, 141460 moves, e=0.860, loss: 1.5, -, 3.4% elo% vs. random_no_suicide, avg. reward: 0.367, 1.563 sec/game, 4.1 min. total, 466.2 MB
goofball_resource v3 190 games, 142338 moves, e=0.859, loss: 1.4, -, 3.4% elo% vs. random_no_suicide, avg. reward: 0.370, 1.580 sec/game, 4.2 min. total, 466.4 MB
goofball_resource v3 191 games, 143123 moves, e=0.858, loss: 1.5, -, 3.4% elo% vs. random_no_suicide, avg. reward: 0.369, 1.584 sec/game, 4.2 min. total, 467.3 MB
goofball_resource v3 192 games, 143891 moves, e=0.858, loss: 1.4, -, 3.4% elo% vs. random_no_suicide, avg. reward: 0.373, 1.578 sec/game, 4.2 min. total, 467.7 MB
goofball_resource v3 193 games, 144703 moves, e=0.857, loss: 1.5, -, 3.3% elo% vs. random_no_suicide, avg. reward: 0.375, 1.593 sec/game, 4.2 min. total, 468.3 MB
goofball_resource v3 194 games, 145442 moves, e=0.856, loss: 1.5, -, 3.3% elo% vs. random_no_suicide, avg. reward: 0.376, 1.572 sec/game, 4.3 min. total, 468.4 MB
goofball_resource v3 195 games, 146177 moves, e=0.855, loss: 1.5, -, 3.3% elo% vs. random_no_suicide, avg. reward: 0.372, 1.560 sec/game, 4.3 min. total, 468.4 MB
goofball_resource v3 196 games, 146855 moves, e=0.855, loss: 1.5, -, 3.3% elo% vs. random_no_suicide, avg. reward: 0.373, 1.549 sec/game, 4.3 min. total, 467.9 MB
goofball_resource v3 197 games, 147640 moves, e=0.854, loss: 1.5, -, 3.3% elo% vs. random_no_suicide, avg. reward: 0.373, 1.550 sec/game, 4.3 min. total, 468.0 MB
goofball_resource v3 198 games, 148346 moves, e=0.853, loss: 1.6, -, 3.2% elo% vs. random_no_suicide, avg. reward: 0.372, 1.551 sec/game, 4.4 min. total, 468.6 MB
goofball_resource v3 199 games, 149158 moves, e=0.852, loss: 1.6, -, 3.2% elo% vs. random_no_suicide, avg. reward: 0.376, 1.551 sec/game, 4.4 min. total, 468.4 MB
goofball_resource v3 200 games, 149926 moves, e=0.852, loss: 1.6, -, 3.2% elo% vs. random_no_suicide, avg. reward: 0.374, 1.538 sec/game, 4.4 min. total, 468.6 MB
goofball_resource v3 201 games, 150744 moves, e=0.851, loss: 1.5, -, 3.2% elo% vs. random_no_suicide, avg. reward: 0.373, 1.550 sec/game, 4.4 min. total, 469.2 MB
goofball_resource v3 202 games, 151473 moves, e=0.850, loss: 1.6, -, 3.2% elo% vs. random_no_suicide, avg. reward: 0.373, 1.539 sec/game, 4.5 min. total, 470.6 MB
goofball_resource v3 203 games, 152338 moves, e=0.849, loss: 1.6, -, 3.1% elo% vs. random_no_suicide, avg. reward: 0.375, 1.545 sec/game, 4.5 min. total, 470.6 MB
goofball_resource v3 204 games, 153073 moves, e=0.848, loss: 1.5, -, 3.1% elo% vs. random_no_suicide, avg. reward: 0.375, 1.547 sec/game, 4.5 min. total, 471.3 MB
goofball_resource v3 205 games, 153812 moves, e=0.848, loss: 1.5, -, 3.1% elo% vs. random_no_suicide, avg. reward: 0.374, 1.538 sec/game, 4.5 min. total, 471.2 MB
goofball_resource v3 206 games, 154760 moves, e=0.847, loss: 1.5, -, 3.1% elo% vs. random_no_suicide, avg. reward: 0.373, 1.552 sec/game, 4.6 min. total, 471.2 MB
goofball_resource v3 207 games, 155492 moves, e=0.846, loss: 1.5, -, 3.1% elo% vs. random_no_suicide, avg. reward: 0.372, 1.516 sec/game, 4.6 min. total, 471.5 MB
goofball_resource v3 208 games, 156223 moves, e=0.845, loss: 1.6, -, 3.1% elo% vs. random_no_suicide, avg. reward: 0.375, 1.514 sec/game, 4.6 min. total, 471.0 MB
goofball_resource v3 209 games, 156905 moves, e=0.845, loss: 1.6, -, 3.0% elo% vs. random_no_suicide, avg. reward: 0.374, 1.495 sec/game, 4.6 min. total, 471.5 MB
goofball_resource v3 210 games, 157658 moves, e=0.844, loss: 1.6, -, 3.0% elo% vs. random_no_suicide, avg. reward: 0.376, 1.479 sec/game, 4.7 min. total, 471.5 MB
goofball_resource v3 211 games, 158537 moves, e=0.843, loss: 1.5, -, 3.0% elo% vs. random_no_suicide, avg. reward: 0.375, 1.489 sec/game, 4.7 min. total, 471.6 MB
goofball_resource v3 212 games, 159395 moves, e=0.842, loss: 1.5, -, 3.0% elo% vs. random_no_suicide, avg. reward: 0.376, 1.498 sec/game, 4.7 min. total, 471.9 MB
goofball_resource v3 213 games, 160291 moves, e=0.841, loss: 1.5, -, 3.0% elo% vs. random_no_suicide, avg. reward: 0.375, 1.508 sec/game, 4.7 min. total, 473.6 MB
goofball_resource v3 214 games, 161085 moves, e=0.841, loss: 1.6, -, 3.0% elo% vs. random_no_suicide, avg. reward: 0.375, 1.514 sec/game, 4.8 min. total, 473.4 MB
goofball_resource v3 215 games, 161922 moves, e=0.840, loss: 1.6, -, 2.9% elo% vs. random_no_suicide, avg. reward: 0.371, 1.526 sec/game, 4.8 min. total, 473.3 MB
goofball_resource v3 216 games, 162665 moves, e=0.839, loss: 1.6, -, 2.9% elo% vs. random_no_suicide, avg. reward: 0.370, 1.528 sec/game, 4.8 min. total, 473.1 MB
goofball_resource v3 217 games, 163379 moves, e=0.838, loss: 1.6, -, 2.9% elo% vs. random_no_suicide, avg. reward: 0.372, 1.532 sec/game, 4.8 min. total, 473.4 MB
goofball_resource v3 218 games, 164215 moves, e=0.837, loss: 1.5, -, 2.9% elo% vs. random_no_suicide, avg. reward: 0.371, 1.545 sec/game, 4.9 min. total, 473.6 MB
goofball_resource v3 219 games, 164964 moves, e=0.837, loss: 1.6, -, 2.9% elo% vs. random_no_suicide, avg. reward: 0.372, 1.535 sec/game, 4.9 min. total, 473.9 MB
goofball_resource v3 220 games, 165787 moves, e=0.836, loss: 1.6, -, 2.9% elo% vs. random_no_suicide, avg. reward: 0.371, 1.543 sec/game, 4.9 min. total, 473.8 MB
goofball_resource v3 221 games, 166573 moves, e=0.835, loss: 1.6, -, 2.9% elo% vs. random_no_suicide, avg. reward: 0.369, 1.543 sec/game, 5.0 min. total, 474.8 MB
goofball_resource v3 222 games, 167463 moves, e=0.834, loss: 1.6, -, 2.8% elo% vs. random_no_suicide, avg. reward: 0.369, 1.559 sec/game, 5.0 min. total, 474.7 MB
goofball_resource v3 223 games, 168262 moves, e=0.833, loss: 1.6, -, 2.8% elo% vs. random_no_suicide, avg. reward: 0.368, 1.551 sec/game, 5.0 min. total, 477.2 MB
goofball_resource v3 224 games, 169089 moves, e=0.833, loss: 1.6, -, 2.8% elo% vs. random_no_suicide, avg. reward: 0.365, 1.577 sec/game, 5.0 min. total, 476.6 MB
goofball_resource v3 225 games, 169754 moves, e=0.832, loss: 1.6, -, 2.8% elo% vs. random_no_suicide, avg. reward: 0.366, 1.568 sec/game, 5.1 min. total, 476.9 MB
goofball_resource v3 226 games, 170530 moves, e=0.831, loss: 1.5, -, 2.8% elo% vs. random_no_suicide, avg. reward: 0.370, 1.547 sec/game, 5.1 min. total, 476.5 MB
goofball_resource v3 227 games, 171412 moves, e=0.830, loss: 1.5, -, 2.8% elo% vs. random_no_suicide, avg. reward: 0.369, 1.571 sec/game, 5.1 min. total, 476.9 MB
goofball_resource v3 228 games, 172246 moves, e=0.829, loss: 1.4, -, 2.8% elo% vs. random_no_suicide, avg. reward: 0.371, 1.573 sec/game, 5.1 min. total, 476.9 MB
goofball_resource v3 229 games, 173160 moves, e=0.829, loss: 1.4, -, 2.7% elo% vs. random_no_suicide, avg. reward: 0.372, 1.600 sec/game, 5.2 min. total, 477.1 MB
goofball_resource v3 230 games, 173919 moves, e=0.828, loss: 1.6, -, 2.7% elo% vs. random_no_suicide, avg. reward: 0.373, 1.601 sec/game, 5.2 min. total, 476.9 MB
goofball_resource v3 231 games, 174724 moves, e=0.827, loss: 1.6, -, 2.7% elo% vs. random_no_suicide, avg. reward: 0.373, 1.600 sec/game, 5.2 min. total, 478.0 MB
goofball_resource v3 232 games, 175579 moves, e=0.826, loss: 1.5, -, 2.7% elo% vs. random_no_suicide, avg. reward: 0.374, 1.593 sec/game, 5.2 min. total, 479.5 MB
goofball_resource v3 233 games, 176421 moves, e=0.825, loss: 1.6, -, 2.7% elo% vs. random_no_suicide, avg. reward: 0.376, 1.598 sec/game, 5.3 min. total, 479.3 MB
goofball_resource v3 234 games, 177146 moves, e=0.825, loss: 1.6, -, 2.7% elo% vs. random_no_suicide, avg. reward: 0.372, 1.584 sec/game, 5.3 min. total, 479.3 MB
goofball_resource v3 235 games, 177888 moves, e=0.824, loss: 1.6, -, 2.7% elo% vs. random_no_suicide, avg. reward: 0.373, 1.573 sec/game, 5.3 min. total, 479.0 MB
goofball_resource v3 236 games, 178702 moves, e=0.823, loss: 1.6, -, 2.7% elo% vs. random_no_suicide, avg. reward: 0.368, 1.593 sec/game, 5.4 min. total, 478.9 MB
goofball_resource v3 237 games, 179539 moves, e=0.822, loss: 1.6, -, 2.6% elo% vs. random_no_suicide, avg. reward: 0.368, 1.593 sec/game, 5.4 min. total, 478.7 MB
goofball_resource v3 238 games, 180262 moves, e=0.822, loss: 1.6, -, 2.6% elo% vs. random_no_suicide, avg. reward: 0.367, 1.591 sec/game, 5.4 min. total, 479.5 MB
goofball_resource v3 239 games, 181407 moves, e=0.820, loss: 1.7, -, 2.6% elo% vs. random_no_suicide, avg. reward: 0.366, 1.626 sec/game, 5.4 min. total, 479.4 MB
goofball_resource v3 240 games, 182342 moves, e=0.819, loss: 1.7, -, 2.6% elo% vs. random_no_suicide, avg. reward: 0.364, 1.632 sec/game, 5.5 min. total, 479.0 MB
goofball_resource v3 241 games, 183089 moves, e=0.819, loss: 1.6, -, 2.6% elo% vs. random_no_suicide, avg. reward: 0.368, 1.632 sec/game, 5.5 min. total, 481.1 MB
goofball_resource v3 242 games, 183831 moves, e=0.818, loss: 1.7, -, 2.6% elo% vs. random_no_suicide, avg. reward: 0.368, 1.621 sec/game, 5.5 min. total, 481.2 MB
goofball_resource v3 243 games, 184679 moves, e=0.817, loss: 1.7, -, 2.6% elo% vs. random_no_suicide, avg. reward: 0.368, 1.622 sec/game, 5.5 min. total, 481.7 MB
goofball_resource v3 244 games, 185517 moves, e=0.816, loss: 1.8, -, 2.6% elo% vs. random_no_suicide, avg. reward: 0.373, 1.618 sec/game, 5.6 min. total, 481.3 MB
goofball_resource v3 245 games, 186326 moves, e=0.816, loss: 1.7, -, 2.5% elo% vs. random_no_suicide, avg. reward: 0.373, 1.628 sec/game, 5.6 min. total, 482.0 MB
goofball_resource v3 246 games, 187066 moves, e=0.815, loss: 1.8, -, 2.5% elo% vs. random_no_suicide, avg. reward: 0.372, 1.626 sec/game, 5.6 min. total, 482.1 MB
goofball_resource v3 247 games, 188064 moves, e=0.814, loss: 1.8, -, 2.5% elo% vs. random_no_suicide, avg. reward: 0.371, 1.647 sec/game, 5.7 min. total, 482.2 MB
goofball_resource v3 248 games, 188875 moves, e=0.813, loss: 1.8, -, 2.5% elo% vs. random_no_suicide, avg. reward: 0.365, 1.647 sec/game, 5.7 min. total, 482.1 MB
goofball_resource v3 249 games, 189839 moves, e=0.812, loss: 1.8, -, 2.5% elo% vs. random_no_suicide, avg. reward: 0.365, 1.656 sec/game, 5.7 min. total, 482.2 MB
goofball_resource v3 250 games, 190697 moves, e=0.811, loss: 1.7, -, 2.5% elo% vs. random_no_suicide, avg. reward: 0.367, 1.660 sec/game, 5.7 min. total, 483.7 MB
goofball_resource v3 251 games, 191406 moves, e=0.811, loss: 1.7, -, 2.5% elo% vs. random_no_suicide, avg. reward: 0.366, 1.653 sec/game, 5.8 min. total, 486.1 MB
goofball_resource v3 252 games, 192264 moves, e=0.810, loss: 1.8, -, 2.5% elo% vs. random_no_suicide, avg. reward: 0.364, 1.667 sec/game, 5.8 min. total, 486.1 MB
goofball_resource v3 253 games, 193115 moves, e=0.809, loss: 1.7, -, 2.5% elo% vs. random_no_suicide, avg. reward: 0.366, 1.654 sec/game, 5.8 min. total, 485.5 MB
goofball_resource v3 254 games, 193905 moves, e=0.808, loss: 1.7, -, 2.4% elo% vs. random_no_suicide, avg. reward: 0.365, 1.663 sec/game, 5.9 min. total, 485.9 MB
goofball_resource v3 255 games, 194641 moves, e=0.807, loss: 1.6, -, 2.4% elo% vs. random_no_suicide, avg. reward: 0.365, 1.668 sec/game, 5.9 min. total, 486.1 MB
goofball_resource v3 256 games, 195356 moves, e=0.807, loss: 1.5, -, 2.4% elo% vs. random_no_suicide, avg. reward: 0.365, 1.658 sec/game, 5.9 min. total, 486.1 MB
goofball_resource v3 257 games, 196216 moves, e=0.806, loss: 1.5, -, 2.4% elo% vs. random_no_suicide, avg. reward: 0.367, 1.659 sec/game, 5.9 min. total, 486.2 MB
goofball_resource v3 258 games, 197071 moves, e=0.805, loss: 1.5, -, 2.4% elo% vs. random_no_suicide, avg. reward: 0.370, 1.672 sec/game, 6.0 min. total, 486.5 MB
goofball_resource v3 259 games, 197930 moves, e=0.804, loss: 1.5, -, 2.4% elo% vs. random_no_suicide, avg. reward: 0.371, 1.648 sec/game, 6.0 min. total, 486.5 MB
goofball_resource v3 260 games, 198650 moves, e=0.803, loss: 1.5, -, 2.4% elo% vs. random_no_suicide, avg. reward: 0.370, 1.626 sec/game, 6.0 min. total, 486.5 MB
goofball_resource v3 261 games, 199440 moves, e=0.803, loss: 1.5, -, 2.4% elo% vs. random_no_suicide, avg. reward: 0.370, 1.635 sec/game, 6.0 min. total, 488.1 MB
goofball_resource v3 262 games, 200255 moves, e=0.802, loss: 1.5, -, 2.4% elo% vs. random_no_suicide, avg. reward: 0.370, 1.637 sec/game, 6.1 min. total, 487.6 MB
goofball_resource v3 263 games, 201053 moves, e=0.801, loss: 1.5, -, 2.3% elo% vs. random_no_suicide, avg. reward: 0.366, 1.639 sec/game, 6.1 min. total, 487.6 MB
goofball_resource v3 264 games, 201745 moves, e=0.800, loss: 1.5, -, 2.3% elo% vs. random_no_suicide, avg. reward: 0.369, 1.626 sec/game, 6.1 min. total, 487.6 MB
goofball_resource v3 265 games, 202602 moves, e=0.799, loss: 1.5, -, 2.3% elo% vs. random_no_suicide, avg. reward: 0.369, 1.628 sec/game, 6.1 min. total, 487.8 MB
goofball_resource v3 266 games, 203396 moves, e=0.799, loss: 1.5, -, 2.3% elo% vs. random_no_suicide, avg. reward: 0.369, 1.638 sec/game, 6.2 min. total, 487.5 MB
goofball_resource v3 267 games, 204176 moves, e=0.798, loss: 1.5, -, 2.3% elo% vs. random_no_suicide, avg. reward: 0.369, 1.606 sec/game, 6.2 min. total, 488.0 MB
goofball_resource v3 268 games, 205048 moves, e=0.797, loss: 1.5, -, 2.3% elo% vs. random_no_suicide, avg. reward: 0.373, 1.612 sec/game, 6.2 min. total, 488.1 MB
goofball_resource v3 269 games, 205804 moves, e=0.796, loss: 1.5, -, 2.3% elo% vs. random_no_suicide, avg. reward: 0.370, 1.590 sec/game, 6.3 min. total, 488.2 MB
goofball_resource v3 270 games, 206640 moves, e=0.795, loss: 1.5, -, 2.3% elo% vs. random_no_suicide, avg. reward: 0.370, 1.595 sec/game, 6.3 min. total, 488.2 MB
goofball_resource v3 271 games, 207416 moves, e=0.795, loss: 1.5, -, 2.3% elo% vs. random_no_suicide, avg. reward: 0.369, 1.595 sec/game, 6.3 min. total, 488.9 MB
goofball_resource v3 272 games, 208292 moves, e=0.794, loss: 1.5, -, 2.3% elo% vs. random_no_suicide, avg. reward: 0.366, 1.589 sec/game, 6.3 min. total, 489.8 MB
goofball_resource v3 273 games, 209189 moves, e=0.793, loss: 1.6, -, 2.3% elo% vs. random_no_suicide, avg. reward: 0.365, 1.600 sec/game, 6.4 min. total, 490.4 MB
goofball_resource v3 274 games, 210025 moves, e=0.792, loss: 1.5, -, 2.2% elo% vs. random_no_suicide, avg. reward: 0.364, 1.601 sec/game, 6.4 min. total, 490.2 MB
goofball_resource v3 275 games, 210849 moves, e=0.791, loss: 1.6, -, 2.2% elo% vs. random_no_suicide, avg. reward: 0.367, 1.607 sec/game, 6.4 min. total, 489.8 MB
goofball_resource v3 276 games, 211820 moves, e=0.790, loss: 1.7, -, 2.2% elo% vs. random_no_suicide, avg. reward: 0.370, 1.623 sec/game, 6.4 min. total, 490.3 MB
goofball_resource v3 277 games, 212789 moves, e=0.789, loss: 1.6, -, 2.2% elo% vs. random_no_suicide, avg. reward: 0.369, 1.648 sec/game, 6.5 min. total, 490.0 MB
goofball_resource v3 278 games, 213687 moves, e=0.788, loss: 1.6, -, 2.2% elo% vs. random_no_suicide, avg. reward: 0.370, 1.655 sec/game, 6.5 min. total, 490.2 MB
goofball_resource v3 279 games, 214496 moves, e=0.788, loss: 1.6, -, 2.2% elo% vs. random_no_suicide, avg. reward: 0.371, 1.649 sec/game, 6.5 min. total, 491.1 MB
goofball_resource v3 280 games, 215277 moves, e=0.787, loss: 1.5, -, 2.2% elo% vs. random_no_suicide, avg. reward: 0.371, 1.658 sec/game, 6.6 min. total, 491.1 MB
goofball_resource v3 281 games, 216091 moves, e=0.786, loss: 1.5, -, 2.2% elo% vs. random_no_suicide, avg. reward: 0.368, 1.662 sec/game, 6.6 min. total, 491.9 MB
goofball_resource v3 282 games, 216943 moves, e=0.785, loss: 1.5, -, 2.2% elo% vs. random_no_suicide, avg. reward: 0.367, 1.663 sec/game, 6.6 min. total, 492.3 MB
goofball_resource v3 283 games, 217863 moves, e=0.784, loss: 1.6, -, 2.2% elo% vs. random_no_suicide, avg. reward: 0.364, 1.682 sec/game, 6.7 min. total, 492.9 MB
goofball_resource v3 284 games, 218700 moves, e=0.783, loss: 1.7, -, 2.2% elo% vs. random_no_suicide, avg. reward: 0.366, 1.686 sec/game, 6.7 min. total, 492.7 MB
goofball_resource v3 285 games, 219500 moves, e=0.783, loss: 1.6, -, 2.1% elo% vs. random_no_suicide, avg. reward: 0.365, 1.686 sec/game, 6.7 min. total, 493.1 MB
goofball_resource v3 286 games, 220349 moves, e=0.782, loss: 1.7, -, 2.1% elo% vs. random_no_suicide, avg. reward: 0.365, 1.688 sec/game, 6.7 min. total, 492.8 MB
goofball_resource v3 287 games, 221117 moves, e=0.781, loss: 1.6, -, 2.1% elo% vs. random_no_suicide, avg. reward: 0.362, 1.687 sec/game, 6.8 min. total, 493.3 MB
goofball_resource v3 288 games, 221914 moves, e=0.780, loss: 1.6, -, 2.1% elo% vs. random_no_suicide, avg. reward: 0.364, 1.689 sec/game, 6.8 min. total, 493.4 MB
goofball_resource v3 289 games, 222750 moves, e=0.779, loss: 1.6, -, 2.1% elo% vs. random_no_suicide, avg. reward: 0.362, 1.703 sec/game, 6.8 min. total, 493.4 MB
goofball_resource v3 290 games, 223652 moves, e=0.779, loss: 1.6, -, 2.1% elo% vs. random_no_suicide, avg. reward: 0.357, 1.707 sec/game, 6.8 min. total, 493.8 MB
goofball_resource v3 291 games, 224557 moves, e=0.778, loss: 1.5, -, 2.1% elo% vs. random_no_suicide, avg. reward: 0.361, 1.723 sec/game, 6.9 min. total, 494.9 MB
goofball_resource v3 292 games, 225315 moves, e=0.777, loss: 1.5, -, 2.1% elo% vs. random_no_suicide, avg. reward: 0.363, 1.713 sec/game, 6.9 min. total, 495.2 MB
goofball_resource v3 293 games, 226251 moves, e=0.776, loss: 1.5, -, 2.1% elo% vs. random_no_suicide, avg. reward: 0.360, 1.716 sec/game, 6.9 min. total, 496.0 MB
goofball_resource v3 294 games, 227079 moves, e=0.775, loss: 1.5, -, 2.1% elo% vs. random_no_suicide, avg. reward: 0.361, 1.730 sec/game, 7.0 min. total, 495.9 MB
goofball_resource v3 295 games, 227937 moves, e=0.774, loss: 1.7, -, 2.1% elo% vs. random_no_suicide, avg. reward: 0.363, 1.723 sec/game, 7.0 min. total, 495.9 MB
goofball_resource v3 296 games, 228706 moves, e=0.774, loss: 1.6, -, 2.1% elo% vs. random_no_suicide, avg. reward: 0.365, 1.708 sec/game, 7.0 min. total, 496.1 MB
goofball_resource v3 297 games, 229500 moves, e=0.773, loss: 1.5, -, 2.1% elo% vs. random_no_suicide, avg. reward: 0.364, 1.683 sec/game, 7.0 min. total, 496.1 MB
goofball_resource v3 298 games, 230283 moves, e=0.772, loss: 1.6, -, 2.0% elo% vs. random_no_suicide, avg. reward: 0.364, 1.676 sec/game, 7.1 min. total, 496.6 MB
goofball_resource v3 299 games, 231067 moves, e=0.771, loss: 1.6, -, 2.0% elo% vs. random_no_suicide, avg. reward: 0.361, 1.676 sec/game, 7.1 min. total, 496.8 MB
goofball_resource v3 300 games, 231936 moves, e=0.770, loss: 1.5, -, 2.0% elo% vs. random_no_suicide, avg. reward: 0.366, 1.689 sec/game, 7.1 min. total, 497.1 MB
goofball_resource v3 301 games, 232768 moves, e=0.770, loss: 1.5, -, 2.0% elo% vs. random_no_suicide, avg. reward: 0.368, 1.680 sec/game, 7.2 min. total, 499.6 MB
goofball_resource v3 302 games, 233751 moves, e=0.769, loss: 1.5, -, 2.0% elo% vs. random_no_suicide, avg. reward: 0.367, 1.703 sec/game, 7.2 min. total, 498.3 MB
goofball_resource v3 303 games, 234528 moves, e=0.768, loss: 1.6, -, 2.0% elo% vs. random_no_suicide, avg. reward: 0.363, 1.684 sec/game, 7.2 min. total, 499.0 MB
goofball_resource v3 304 games, 235337 moves, e=0.767, loss: 1.6, -, 2.0% elo% vs. random_no_suicide, avg. reward: 0.366, 1.693 sec/game, 7.2 min. total, 498.9 MB
goofball_resource v3 305 games, 236149 moves, e=0.766, loss: 1.5, -, 2.0% elo% vs. random_no_suicide, avg. reward: 0.362, 1.694 sec/game, 7.3 min. total, 499.0 MB
goofball_resource v3 306 games, 237120 moves, e=0.765, loss: 1.4, -, 2.0% elo% vs. random_no_suicide, avg. reward: 0.361, 1.708 sec/game, 7.3 min. total, 499.0 MB
goofball_resource v3 307 games, 237913 moves, e=0.764, loss: 1.5, -, 2.0% elo% vs. random_no_suicide, avg. reward: 0.364, 1.709 sec/game, 7.3 min. total, 499.2 MB
goofball_resource v3 308 games, 238784 moves, e=0.764, loss: 1.5, -, 2.0% elo% vs. random_no_suicide, avg. reward: 0.361, 1.716 sec/game, 7.4 min. total, 499.3 MB
goofball_resource v3 309 games, 239559 moves, e=0.763, loss: 1.5, -, 2.0% elo% vs. random_no_suicide, avg. reward: 0.362, 1.709 sec/game, 7.4 min. total, 499.5 MB
goofball_resource v3 310 games, 240450 moves, e=0.762, loss: 1.5, -, 2.0% elo% vs. random_no_suicide, avg. reward: 0.363, 1.708 sec/game, 7.4 min. total, 500.2 MB
goofball_resource v3 311 games, 241371 moves, e=0.761, loss: 1.5, -, 2.0% elo% vs. random_no_suicide, avg. reward: 0.361, 1.712 sec/game, 7.5 min. total, 500.4 MB
goofball_resource v3 312 games, 242138 moves, e=0.760, loss: 1.5, -, 1.9% elo% vs. random_no_suicide, avg. reward: 0.363, 1.712 sec/game, 7.5 min. total, 500.9 MB
goofball_resource v3 313 games, 243072 moves, e=0.759, loss: 1.5, -, 1.9% elo% vs. random_no_suicide, avg. reward: 0.361, 1.717 sec/game, 7.5 min. total, 500.3 MB
goofball_resource v3 314 games, 243998 moves, e=0.758, loss: 1.4, -, 1.9% elo% vs. random_no_suicide, avg. reward: 0.363, 1.715 sec/game, 7.5 min. total, 500.8 MB
goofball_resource v3 315 games, 244770 moves, e=0.758, loss: 1.4, -, 1.9% elo% vs. random_no_suicide, avg. reward: 0.365, 1.716 sec/game, 7.6 min. total, 501.2 MB
goofball_resource v3 316 games, 245577 moves, e=0.757, loss: 1.5, -, 1.9% elo% vs. random_no_suicide, avg. reward: 0.364, 1.717 sec/game, 7.6 min. total, 501.2 MB
goofball_resource v3 317 games, 246346 moves, e=0.756, loss: 1.4, -, 1.9% elo% vs. random_no_suicide, avg. reward: 0.364, 1.722 sec/game, 7.6 min. total, 501.0 MB
goofball_resource v3 318 games, 247157 moves, e=0.755, loss: 1.4, -, 1.9% elo% vs. random_no_suicide, avg. reward: 0.366, 1.712 sec/game, 7.6 min. total, 501.3 MB
goofball_resource v3 319 games, 248015 moves, e=0.754, loss: 1.4, -, 1.9% elo% vs. random_no_suicide, avg. reward: 0.366, 1.723 sec/game, 7.7 min. total, 502.4 MB
goofball_resource v3 320 games, 248890 moves, e=0.754, loss: 1.4, -, 1.9% elo% vs. random_no_suicide, avg. reward: 0.366, 1.724 sec/game, 7.7 min. total, 504.3 MB
goofball_resource v3 321 games, 249688 moves, e=0.753, loss: 1.4, -, 1.9% elo% vs. random_no_suicide, avg. reward: 0.365, 1.733 sec/game, 7.7 min. total, 504.4 MB
goofball_resource v3 322 games, 250637 moves, e=0.752, loss: 1.4, -, 1.9% elo% vs. random_no_suicide, avg. reward: 0.365, 1.741 sec/game, 7.8 min. total, 504.2 MB
goofball_resource v3 323 games, 251422 moves, e=0.751, loss: 1.4, -, 1.9% elo% vs. random_no_suicide, avg. reward: 0.364, 1.748 sec/game, 7.8 min. total, 504.2 MB
goofball_resource v3 324 games, 252288 moves, e=0.750, loss: 1.4, -, 1.9% elo% vs. random_no_suicide, avg. reward: 0.366, 1.759 sec/game, 7.8 min. total, 504.4 MB
goofball_resource v3 325 games, 253121 moves, e=0.749, loss: 1.5, -, 1.9% elo% vs. random_no_suicide, avg. reward: 0.370, 1.764 sec/game, 7.9 min. total, 503.9 MB
goofball_resource v3 326 games, 253965 moves, e=0.749, loss: 1.5, -, 1.9% elo% vs. random_no_suicide, avg. reward: 0.367, 1.757 sec/game, 7.9 min. total, 503.9 MB
goofball_resource v3 327 games, 254946 moves, e=0.748, loss: 1.4, -, 1.8% elo% vs. random_no_suicide, avg. reward: 0.367, 1.771 sec/game, 7.9 min. total, 504.0 MB
goofball_resource v3 328 games, 255879 moves, e=0.747, loss: 1.6, -, 1.8% elo% vs. random_no_suicide, avg. reward: 0.368, 1.781 sec/game, 8.0 min. total, 505.1 MB
goofball_resource v3 329 games, 256739 moves, e=0.746, loss: 1.6, -, 1.8% elo% vs. random_no_suicide, avg. reward: 0.367, 1.782 sec/game, 8.0 min. total, 507.0 MB
goofball_resource v3 330 games, 257594 moves, e=0.745, loss: 1.5, -, 1.8% elo% vs. random_no_suicide, avg. reward: 0.366, 1.785 sec/game, 8.0 min. total, 506.5 MB
goofball_resource v3 331 games, 258553 moves, e=0.744, loss: 1.6, -, 1.8% elo% vs. random_no_suicide, avg. reward: 0.366, 1.781 sec/game, 8.0 min. total, 506.6 MB
goofball_resource v3 332 games, 259535 moves, e=0.743, loss: 1.5, -, 1.8% elo% vs. random_no_suicide, avg. reward: 0.368, 1.806 sec/game, 8.1 min. total, 507.1 MB
goofball_resource v3 333 games, 260429 moves, e=0.742, loss: 1.6, -, 1.8% elo% vs. random_no_suicide, avg. reward: 0.365, 1.803 sec/game, 8.1 min. total, 507.1 MB
goofball_resource v3 334 games, 261326 moves, e=0.741, loss: 1.6, -, 1.8% elo% vs. random_no_suicide, avg. reward: 0.366, 1.804 sec/game, 8.1 min. total, 507.0 MB
goofball_resource v3 335 games, 262264 moves, e=0.740, loss: 1.5, -, 1.8% elo% vs. random_no_suicide, avg. reward: 0.367, 1.816 sec/game, 8.2 min. total, 507.3 MB
goofball_resource v3 336 games, 263050 moves, e=0.740, loss: 1.6, -, 1.8% elo% vs. random_no_suicide, avg. reward: 0.365, 1.826 sec/game, 8.2 min. total, 507.4 MB
goofball_resource v3 337 games, 263975 moves, e=0.739, loss: 1.5, -, 1.8% elo% vs. random_no_suicide, avg. reward: 0.366, 1.835 sec/game, 8.2 min. total, 507.6 MB
goofball_resource v3 338 games, 264888 moves, e=0.738, loss: 1.5, -, 1.8% elo% vs. random_no_suicide, avg. reward: 0.367, 1.847 sec/game, 8.3 min. total, 507.8 MB
goofball_resource v3 339 games, 265645 moves, e=0.737, loss: 1.5, -, 1.8% elo% vs. random_no_suicide, avg. reward: 0.367, 1.833 sec/game, 8.3 min. total, 509.6 MB
goofball_resource v3 340 games, 266599 moves, e=0.736, loss: 1.5, -, 1.8% elo% vs. random_no_suicide, avg. reward: 0.366, 1.839 sec/game, 8.3 min. total, 509.5 MB
goofball_resource v3 341 games, 267444 moves, e=0.735, loss: 1.5, -, 1.8% elo% vs. random_no_suicide, avg. reward: 0.363, 1.842 sec/game, 8.3 min. total, 509.8 MB
goofball_resource v3 342 games, 268146 moves, e=0.735, loss: 1.6, -, 1.8% elo% vs. random_no_suicide, avg. reward: 0.362, 1.796 sec/game, 8.4 min. total, 509.3 MB
goofball_resource v3 343 games, 269042 moves, e=0.734, loss: 1.7, -, 1.8% elo% vs. random_no_suicide, avg. reward: 0.362, 1.801 sec/game, 8.4 min. total, 509.3 MB
goofball_resource v3 344 games, 269905 moves, e=0.733, loss: 1.7, -, 1.7% elo% vs. random_no_suicide, avg. reward: 0.360, 1.791 sec/game, 8.4 min. total, 509.4 MB
goofball_resource v3 345 games, 270815 moves, e=0.732, loss: 1.6, -, 1.7% elo% vs. random_no_suicide, avg. reward: 0.361, 1.798 sec/game, 8.5 min. total, 509.8 MB
goofball_resource v3 346 games, 271759 moves, e=0.731, loss: 1.7, -, 1.7% elo% vs. random_no_suicide, avg. reward: 0.361, 1.803 sec/game, 8.5 min. total, 510.3 MB
goofball_resource v3 347 games, 272783 moves, e=0.730, loss: 1.6, -, 1.7% elo% vs. random_no_suicide, avg. reward: 0.363, 1.815 sec/game, 8.5 min. total, 510.5 MB
goofball_resource v3 348 games, 273618 moves, e=0.729, loss: 1.7, -, 1.7% elo% vs. random_no_suicide, avg. reward: 0.367, 1.792 sec/game, 8.6 min. total, 512.0 MB
goofball_resource v3 349 games, 274442 moves, e=0.728, loss: 1.6, -, 1.7% elo% vs. random_no_suicide, avg. reward: 0.366, 1.796 sec/game, 8.6 min. total, 511.6 MB
goofball_resource v3 350 games, 275283 moves, e=0.727, loss: 1.6, -, 1.7% elo% vs. random_no_suicide, avg. reward: 0.362, 1.784 sec/game, 8.6 min. total, 512.1 MB
goofball_resource v3 351 games, 276075 moves, e=0.727, loss: 1.7, -, 1.7% elo% vs. random_no_suicide, avg. reward: 0.361, 1.771 sec/game, 8.6 min. total, 512.1 MB
goofball_resource v3 352 games, 277001 moves, e=0.726, loss: 1.7, -, 1.7% elo% vs. random_no_suicide, avg. reward: 0.360, 1.766 sec/game, 8.7 min. total, 512.4 MB
goofball_resource v3 353 games, 277967 moves, e=0.725, loss: 1.6, -, 1.7% elo% vs. random_no_suicide, avg. reward: 0.357, 1.766 sec/game, 8.7 min. total, 512.4 MB
goofball_resource v3 354 games, 278746 moves, e=0.724, loss: 1.6, -, 1.7% elo% vs. random_no_suicide, avg. reward: 0.356, 1.755 sec/game, 8.7 min. total, 512.3 MB
goofball_resource v3 355 games, 279663 moves, e=0.723, loss: 1.6, -, 1.7% elo% vs. random_no_suicide, avg. reward: 0.359, 1.754 sec/game, 8.8 min. total, 512.9 MB
goofball_resource v3 356 games, 280599 moves, e=0.722, loss: 1.6, -, 1.7% elo% vs. random_no_suicide, avg. reward: 0.359, 1.766 sec/game, 8.8 min. total, 512.9 MB
goofball_resource v3 357 games, 281411 moves, e=0.721, loss: 1.6, -, 1.7% elo% vs. random_no_suicide, avg. reward: 0.357, 1.754 sec/game, 8.8 min. total, 513.5 MB
goofball_resource v3 358 games, 282356 moves, e=0.720, loss: 1.5, -, 1.7% elo% vs. random_no_suicide, avg. reward: 0.352, 1.759 sec/game, 8.8 min. total, 515.1 MB
goofball_resource v3 359 games, 283216 moves, e=0.720, loss: 1.5, -, 1.7% elo% vs. random_no_suicide, avg. reward: 0.350, 1.780 sec/game, 8.9 min. total, 515.1 MB
goofball_resource v3 360 games, 284098 moves, e=0.719, loss: 1.5, -, 1.7% elo% vs. random_no_suicide, avg. reward: 0.348, 1.773 sec/game, 8.9 min. total, 514.9 MB
goofball_resource v3 361 games, 284979 moves, e=0.718, loss: 1.4, -, 1.7% elo% vs. random_no_suicide, avg. reward: 0.350, 1.772 sec/game, 8.9 min. total, 515.3 MB
goofball_resource v3 362 games, 285868 moves, e=0.717, loss: 1.4, -, 1.7% elo% vs. random_no_suicide, avg. reward: 0.353, 1.795 sec/game, 9.0 min. total, 515.4 MB
goofball_resource v3 363 games, 286810 moves, e=0.716, loss: 1.4, -, 1.6% elo% vs. random_no_suicide, avg. reward: 0.355, 1.795 sec/game, 9.0 min. total, 515.2 MB
goofball_resource v3 364 games, 287634 moves, e=0.715, loss: 1.4, -, 1.6% elo% vs. random_no_suicide, avg. reward: 0.355, 1.796 sec/game, 9.0 min. total, 515.2 MB
goofball_resource v3 365 games, 288474 moves, e=0.714, loss: 1.4, -, 1.6% elo% vs. random_no_suicide, avg. reward: 0.356, 1.783 sec/game, 9.1 min. total, 515.6 MB
goofball_resource v3 366 games, 289325 moves, e=0.714, loss: 1.4, -, 1.6% elo% vs. random_no_suicide, avg. reward: 0.360, 1.772 sec/game, 9.1 min. total, 516.5 MB
goofball_resource v3 367 games, 290206 moves, e=0.713, loss: 1.4, -, 1.6% elo% vs. random_no_suicide, avg. reward: 0.361, 1.759 sec/game, 9.1 min. total, 517.9 MB
goofball_resource v3 368 games, 291100 moves, e=0.712, loss: 1.5, -, 1.6% elo% vs. random_no_suicide, avg. reward: 0.356, 1.771 sec/game, 9.1 min. total, 518.4 MB
goofball_resource v3 369 games, 291942 moves, e=0.711, loss: 1.5, -, 1.6% elo% vs. random_no_suicide, avg. reward: 0.358, 1.764 sec/game, 9.2 min. total, 519.0 MB
goofball_resource v3 370 games, 292789 moves, e=0.710, loss: 1.4, -, 1.6% elo% vs. random_no_suicide, avg. reward: 0.361, 1.772 sec/game, 9.2 min. total, 518.9 MB
goofball_resource v3 371 games, 293698 moves, e=0.709, loss: 1.6, -, 1.6% elo% vs. random_no_suicide, avg. reward: 0.363, 1.784 sec/game, 9.2 min. total, 518.7 MB
goofball_resource v3 372 games, 294464 moves, e=0.708, loss: 1.6, -, 1.6% elo% vs. random_no_suicide, avg. reward: 0.364, 1.765 sec/game, 9.3 min. total, 518.8 MB
goofball_resource v3 373 games, 295351 moves, e=0.708, loss: 1.6, -, 1.6% elo% vs. random_no_suicide, avg. reward: 0.364, 1.762 sec/game, 9.3 min. total, 518.6 MB
goofball_resource v3 374 games, 296283 moves, e=0.707, loss: 1.6, -, 1.6% elo% vs. random_no_suicide, avg. reward: 0.365, 1.776 sec/game, 9.3 min. total, 519.1 MB
goofball_resource v3 375 games, 297147 moves, e=0.706, loss: 1.6, -, 1.6% elo% vs. random_no_suicide, avg. reward: 0.364, 1.774 sec/game, 9.3 min. total, 519.0 MB
goofball_resource v3 376 games, 298056 moves, e=0.705, loss: 1.5, -, 1.6% elo% vs. random_no_suicide, avg. reward: 0.361, 1.763 sec/game, 9.4 min. total, 519.2 MB
goofball_resource v3 377 games, 299004 moves, e=0.704, loss: 1.5, -, 1.6% elo% vs. random_no_suicide, avg. reward: 0.363, 1.775 sec/game, 9.4 min. total, 520.7 MB
goofball_resource v3 378 games, 299891 moves, e=0.703, loss: 1.6, -, 1.6% elo% vs. random_no_suicide, avg. reward: 0.360, 1.770 sec/game, 9.4 min. total, 522.0 MB
goofball_resource v3 379 games, 300884 moves, e=0.702, loss: 1.5, -, 1.6% elo% vs. random_no_suicide, avg. reward: 0.360, 1.774 sec/game, 9.5 min. total, 522.2 MB
goofball_resource v3 380 games, 301713 moves, e=0.701, loss: 1.4, -, 1.6% elo% vs. random_no_suicide, avg. reward: 0.363, 1.776 sec/game, 9.5 min. total, 522.2 MB
goofball_resource v3 381 games, 302549 moves, e=0.700, loss: 1.4, -, 1.6% elo% vs. random_no_suicide, avg. reward: 0.370, 1.765 sec/game, 9.5 min. total, 521.8 MB
goofball_resource v3 382 games, 303501 moves, e=0.700, loss: 1.4, -, 1.6% elo% vs. random_no_suicide, avg. reward: 0.372, 1.773 sec/game, 9.6 min. total, 522.3 MB
goofball_resource v3 383 games, 304502 moves, e=0.699, loss: 1.4, -, 1.6% elo% vs. random_no_suicide, avg. reward: 0.373, 1.776 sec/game, 9.6 min. total, 522.4 MB
goofball_resource v3 384 games, 305421 moves, e=0.698, loss: 1.4, -, 1.6% elo% vs. random_no_suicide, avg. reward: 0.371, 1.789 sec/game, 9.6 min. total, 521.9 MB
goofball_resource v3 385 games, 306214 moves, e=0.697, loss: 1.4, -, 1.5% elo% vs. random_no_suicide, avg. reward: 0.372, 1.790 sec/game, 9.7 min. total, 522.3 MB
goofball_resource v3 386 games, 307003 moves, e=0.696, loss: 1.4, -, 1.5% elo% vs. random_no_suicide, avg. reward: 0.375, 1.785 sec/game, 9.7 min. total, 523.6 MB
goofball_resource v3 387 games, 307936 moves, e=0.695, loss: 1.4, -, 1.5% elo% vs. random_no_suicide, avg. reward: 0.380, 1.785 sec/game, 9.7 min. total, 524.0 MB
goofball_resource v3 388 games, 308718 moves, e=0.694, loss: 1.5, -, 1.5% elo% vs. random_no_suicide, avg. reward: 0.378, 1.776 sec/game, 9.7 min. total, 524.1 MB
goofball_resource v3 389 games, 309709 moves, e=0.693, loss: 1.5, -, 1.5% elo% vs. random_no_suicide, avg. reward: 0.379, 1.795 sec/game, 9.8 min. total, 524.7 MB
goofball_resource v3 390 games, 310718 moves, e=0.692, loss: 1.5, -, 1.5% elo% vs. random_no_suicide, avg. reward: 0.382, 1.809 sec/game, 9.8 min. total, 524.8 MB
goofball_resource v3 391 games, 311599 moves, e=0.692, loss: 1.6, -, 1.5% elo% vs. random_no_suicide, avg. reward: 0.380, 1.808 sec/game, 9.8 min. total, 524.9 MB
goofball_resource v3 392 games, 312598 moves, e=0.691, loss: 1.5, -, 1.5% elo% vs. random_no_suicide, avg. reward: 0.375, 1.833 sec/game, 9.9 min. total, 524.8 MB
goofball_resource v3 393 games, 313564 moves, e=0.690, loss: 1.6, -, 1.5% elo% vs. random_no_suicide, avg. reward: 0.382, 1.836 sec/game, 9.9 min. total, 525.0 MB
goofball_resource v3 394 games, 314369 moves, e=0.689, loss: 1.7, -, 1.5% elo% vs. random_no_suicide, avg. reward: 0.380, 1.832 sec/game, 9.9 min. total, 524.8 MB
goofball_resource v3 395 games, 315172 moves, e=0.688, loss: 1.6, -, 1.5% elo% vs. random_no_suicide, avg. reward: 0.377, 1.823 sec/game, 10.0 min. total, 525.8 MB
goofball_resource v3 396 games, 315949 moves, e=0.687, loss: 1.6, -, 1.5% elo% vs. random_no_suicide, avg. reward: 0.376, 1.815 sec/game, 10.0 min. total, 527.7 MB
goofball_resource v3 397 games, 317046 moves, e=0.686, loss: 1.6, -, 1.5% elo% vs. random_no_suicide, avg. reward: 0.377, 1.839 sec/game, 10.0 min. total, 527.6 MB
goofball_resource v3 398 games, 317886 moves, e=0.685, loss: 1.7, -, 1.5% elo% vs. random_no_suicide, avg. reward: 0.379, 1.837 sec/game, 10.0 min. total, 527.5 MB
goofball_resource v3 399 games, 318785 moves, e=0.684, loss: 1.7, -, 1.5% elo% vs. random_no_suicide, avg. reward: 0.383, 1.827 sec/game, 10.1 min. total, 527.9 MB
goofball_resource v3 400 games, 319687 moves, e=0.684, loss: 1.7, -, 1.5% elo% vs. random_no_suicide, avg. reward: 0.380, 1.826 sec/game, 10.1 min. total, 527.3 MB
goofball_resource v3 401 games, 320634 moves, e=0.683, loss: 1.7, -, 1.5% elo% vs. random_no_suicide, avg. reward: 0.381, 1.839 sec/game, 10.1 min. total, 527.8 MB
goofball_resource v3 402 games, 321566 moves, e=0.682, loss: 1.7, -, 1.5% elo% vs. random_no_suicide, avg. reward: 0.381, 1.840 sec/game, 10.2 min. total, 527.5 MB
goofball_resource v3 403 games, 322635 moves, e=0.681, loss: 1.6, -, 1.5% elo% vs. random_no_suicide, avg. reward: 0.383, 1.848 sec/game, 10.2 min. total, 528.3 MB
goofball_resource v3 404 games, 323527 moves, e=0.680, loss: 1.6, -, 1.5% elo% vs. random_no_suicide, avg. reward: 0.380, 1.838 sec/game, 10.2 min. total, 528.7 MB
goofball_resource v3 405 games, 324403 moves, e=0.679, loss: 1.6, -, 1.5% elo% vs. random_no_suicide, avg. reward: 0.382, 1.852 sec/game, 10.3 min. total, 530.2 MB
goofball_resource v3 406 games, 325391 moves, e=0.678, loss: 1.7, -, 1.5% elo% vs. random_no_suicide, avg. reward: 0.384, 1.877 sec/game, 10.3 min. total, 530.1 MB
goofball_resource v3 407 games, 326373 moves, e=0.677, loss: 1.7, -, 1.5% elo% vs. random_no_suicide, avg. reward: 0.381, 1.886 sec/game, 10.3 min. total, 530.9 MB
goofball_resource v3 408 games, 327375 moves, e=0.676, loss: 1.7, -, 1.5% elo% vs. random_no_suicide, avg. reward: 0.380, 1.913 sec/game, 10.4 min. total, 530.9 MB
goofball_resource v3 409 games, 328303 moves, e=0.675, loss: 1.8, -, 1.4% elo% vs. random_no_suicide, avg. reward: 0.383, 1.903 sec/game, 10.4 min. total, 530.7 MB
goofball_resource v3 410 games, 329089 moves, e=0.674, loss: 1.6, -, 1.4% elo% vs. random_no_suicide, avg. reward: 0.381, 1.893 sec/game, 10.4 min. total, 530.5 MB
goofball_resource v3 411 games, 330066 moves, e=0.673, loss: 1.7, -, 1.4% elo% vs. random_no_suicide, avg. reward: 0.384, 1.897 sec/game, 10.5 min. total, 530.9 MB
goofball_resource v3 412 games, 331087 moves, e=0.672, loss: 1.6, -, 1.4% elo% vs. random_no_suicide, avg. reward: 0.378, 1.895 sec/game, 10.5 min. total, 530.7 MB
goofball_resource v3 413 games, 331956 moves, e=0.671, loss: 1.6, -, 1.4% elo% vs. random_no_suicide, avg. reward: 0.381, 1.892 sec/game, 10.5 min. total, 530.5 MB
goofball_resource v3 414 games, 332925 moves, e=0.670, loss: 1.6, -, 1.4% elo% vs. random_no_suicide, avg. reward: 0.378, 1.899 sec/game, 10.6 min. total, 531.2 MB
goofball_resource v3 415 games, 333905 moves, e=0.669, loss: 1.6, -, 1.4% elo% vs. random_no_suicide, avg. reward: 0.377, 1.921 sec/game, 10.6 min. total, 533.1 MB
goofball_resource v3 416 games, 334800 moves, e=0.669, loss: 1.5, -, 1.4% elo% vs. random_no_suicide, avg. reward: 0.378, 1.936 sec/game, 10.6 min. total, 533.2 MB
goofball_resource v3 417 games, 335658 moves, e=0.668, loss: 1.6, -, 1.4% elo% vs. random_no_suicide, avg. reward: 0.376, 1.912 sec/game, 10.7 min. total, 533.5 MB
goofball_resource v3 418 games, 336528 moves, e=0.667, loss: 1.6, -, 1.4% elo% vs. random_no_suicide, avg. reward: 0.379, 1.915 sec/game, 10.7 min. total, 532.8 MB
goofball_resource v3 419 games, 337656 moves, e=0.666, loss: 1.7, -, 1.4% elo% vs. random_no_suicide, avg. reward: 0.380, 1.928 sec/game, 10.7 min. total, 533.4 MB
goofball_resource v3 420 games, 338627 moves, e=0.665, loss: 1.6, -, 1.4% elo% vs. random_no_suicide, avg. reward: 0.380, 1.938 sec/game, 10.8 min. total, 533.4 MB
goofball_resource v3 421 games, 339692 moves, e=0.664, loss: 1.5, -, 1.4% elo% vs. random_no_suicide, avg. reward: 0.383, 1.951 sec/game, 10.8 min. total, 533.7 MB
goofball_resource v3 422 games, 340597 moves, e=0.663, loss: 1.6, -, 1.4% elo% vs. random_no_suicide, avg. reward: 0.383, 1.943 sec/game, 10.8 min. total, 534.1 MB
goofball_resource v3 423 games, 341568 moves, e=0.662, loss: 1.5, -, 1.4% elo% vs. random_no_suicide, avg. reward: 0.384, 1.943 sec/game, 10.9 min. total, 533.9 MB
goofball_resource v3 424 games, 342678 moves, e=0.661, loss: 1.6, -, 1.4% elo% vs. random_no_suicide, avg. reward: 0.385, 1.966 sec/game, 10.9 min. total, 535.4 MB
goofball_resource v3 425 games, 343606 moves, e=0.660, loss: 1.6, -, 1.4% elo% vs. random_no_suicide, avg. reward: 0.379, 1.963 sec/game, 10.9 min. total, 535.5 MB
goofball_resource v3 426 games, 344580 moves, e=0.659, loss: 1.6, -, 1.4% elo% vs. random_no_suicide, avg. reward: 0.380, 1.956 sec/game, 11.0 min. total, 535.9 MB
goofball_resource v3 427 games, 345542 moves, e=0.658, loss: 1.6, -, 1.4% elo% vs. random_no_suicide, avg. reward: 0.382, 1.950 sec/game, 11.0 min. total, 536.2 MB
goofball_resource v3 428 games, 346343 moves, e=0.657, loss: 1.6, -, 1.4% elo% vs. random_no_suicide, avg. reward: 0.381, 1.922 sec/game, 11.0 min. total, 536.2 MB
goofball_resource v3 429 games, 347362 moves, e=0.656, loss: 1.6, -, 1.4% elo% vs. random_no_suicide, avg. reward: 0.380, 1.937 sec/game, 11.0 min. total, 536.0 MB
goofball_resource v3 430 games, 348187 moves, e=0.655, loss: 1.6, -, 1.4% elo% vs. random_no_suicide, avg. reward: 0.378, 1.935 sec/game, 11.1 min. total, 536.2 MB
goofball_resource v3 431 games, 349066 moves, e=0.654, loss: 1.6, -, 1.4% elo% vs. random_no_suicide, avg. reward: 0.377, 1.932 sec/game, 11.1 min. total, 536.4 MB
goofball_resource v3 432 games, 349937 moves, e=0.654, loss: 1.7, -, 1.4% elo% vs. random_no_suicide, avg. reward: 0.372, 1.913 sec/game, 11.1 min. total, 537.1 MB
goofball_resource v3 433 games, 350812 moves, e=0.653, loss: 1.6, -, 1.4% elo% vs. random_no_suicide, avg. reward: 0.376, 1.917 sec/game, 11.2 min. total, 537.7 MB
goofball_resource v3 434 games, 351886 moves, e=0.652, loss: 1.5, -, 1.4% elo% vs. random_no_suicide, avg. reward: 0.377, 1.934 sec/game, 11.2 min. total, 539.1 MB
goofball_resource v3 435 games, 352852 moves, e=0.651, loss: 1.5, -, 1.4% elo% vs. random_no_suicide, avg. reward: 0.378, 1.928 sec/game, 11.2 min. total, 539.4 MB
goofball_resource v3 436 games, 353799 moves, e=0.650, loss: 1.5, -, 1.4% elo% vs. random_no_suicide, avg. reward: 0.379, 1.933 sec/game, 11.3 min. total, 539.3 MB
goofball_resource v3 437 games, 354711 moves, e=0.649, loss: 1.5, -, 1.3% elo% vs. random_no_suicide, avg. reward: 0.378, 1.935 sec/game, 11.3 min. total, 538.8 MB
goofball_resource v3 438 games, 355478 moves, e=0.648, loss: 1.5, -, 1.3% elo% vs. random_no_suicide, avg. reward: 0.379, 1.925 sec/game, 11.3 min. total, 539.5 MB
goofball_resource v3 439 games, 356343 moves, e=0.647, loss: 1.5, -, 1.3% elo% vs. random_no_suicide, avg. reward: 0.380, 1.903 sec/game, 11.4 min. total, 539.3 MB
goofball_resource v3 440 games, 357172 moves, e=0.646, loss: 1.5, -, 1.3% elo% vs. random_no_suicide, avg. reward: 0.378, 1.893 sec/game, 11.4 min. total, 539.4 MB
goofball_resource v3 441 games, 358081 moves, e=0.645, loss: 1.5, -, 1.3% elo% vs. random_no_suicide, avg. reward: 0.382, 1.879 sec/game, 11.4 min. total, 539.6 MB
goofball_resource v3 442 games, 358961 moves, e=0.645, loss: 1.4, -, 1.3% elo% vs. random_no_suicide, avg. reward: 0.381, 1.878 sec/game, 11.4 min. total, 540.0 MB
goofball_resource v3 443 games, 359999 moves, e=0.644, loss: 1.4, -, 1.3% elo% vs. random_no_suicide, avg. reward: 0.380, 1.885 sec/game, 11.5 min. total, 541.8 MB
goofball_resource v3 444 games, 360888 moves, e=0.643, loss: 1.4, -, 1.3% elo% vs. random_no_suicide, avg. reward: 0.381, 1.861 sec/game, 11.5 min. total, 542.0 MB
goofball_resource v3 445 games, 361730 moves, e=0.642, loss: 1.4, -, 1.3% elo% vs. random_no_suicide, avg. reward: 0.379, 1.859 sec/game, 11.5 min. total, 542.5 MB
goofball_resource v3 446 games, 362716 moves, e=0.641, loss: 1.5, -, 1.3% elo% vs. random_no_suicide, avg. reward: 0.385, 1.858 sec/game, 11.6 min. total, 542.5 MB
goofball_resource v3 447 games, 363654 moves, e=0.640, loss: 1.4, -, 1.3% elo% vs. random_no_suicide, avg. reward: 0.384, 1.866 sec/game, 11.6 min. total, 542.7 MB
goofball_resource v3 448 games, 364642 moves, e=0.639, loss: 1.5, -, 1.3% elo% vs. random_no_suicide, avg. reward: 0.380, 1.881 sec/game, 11.6 min. total, 542.8 MB
goofball_resource v3 449 games, 365438 moves, e=0.638, loss: 1.5, -, 1.3% elo% vs. random_no_suicide, avg. reward: 0.383, 1.861 sec/game, 11.7 min. total, 542.8 MB
goofball_resource v3 450 games, 366413 moves, e=0.637, loss: 1.5, -, 1.3% elo% vs. random_no_suicide, avg. reward: 0.385, 1.873 sec/game, 11.7 min. total, 542.8 MB
goofball_resource v3 451 games, 367348 moves, e=0.636, loss: 1.5, -, 1.3% elo% vs. random_no_suicide, avg. reward: 0.386, 1.876 sec/game, 11.7 min. total, 542.3 MB
goofball_resource v3 452 games, 368238 moves, e=0.635, loss: 1.5, -, 1.3% elo% vs. random_no_suicide, avg. reward: 0.387, 1.887 sec/game, 11.8 min. total, 544.6 MB
goofball_resource v3 453 games, 369189 moves, e=0.635, loss: 1.5, -, 1.3% elo% vs. random_no_suicide, avg. reward: 0.390, 1.895 sec/game, 11.8 min. total, 544.8 MB
goofball_resource v3 454 games, 370054 moves, e=0.634, loss: 1.5, -, 1.3% elo% vs. random_no_suicide, avg. reward: 0.390, 1.873 sec/game, 11.8 min. total, 545.4 MB
goofball_resource v3 455 games, 371075 moves, e=0.633, loss: 1.5, -, 1.3% elo% vs. random_no_suicide, avg. reward: 0.389, 1.882 sec/game, 11.9 min. total, 545.2 MB
goofball_resource v3 456 games, 371963 moves, e=0.632, loss: 1.5, -, 1.3% elo% vs. random_no_suicide, avg. reward: 0.388, 1.867 sec/game, 11.9 min. total, 545.7 MB
goofball_resource v3 457 games, 372919 moves, e=0.631, loss: 1.5, -, 1.3% elo% vs. random_no_suicide, avg. reward: 0.391, 1.876 sec/game, 11.9 min. total, 545.7 MB
goofball_resource v3 458 games, 373994 moves, e=0.630, loss: 1.4, -, 1.3% elo% vs. random_no_suicide, avg. reward: 0.392, 1.902 sec/game, 12.0 min. total, 545.3 MB
goofball_resource v3 459 games, 374843 moves, e=0.629, loss: 1.4, -, 1.3% elo% vs. random_no_suicide, avg. reward: 0.395, 1.910 sec/game, 12.0 min. total, 546.0 MB
goofball_resource v3 460 games, 375873 moves, e=0.628, loss: 1.4, -, 1.3% elo% vs. random_no_suicide, avg. reward: 0.395, 1.925 sec/game, 12.0 min. total, 545.4 MB
goofball_resource v3 461 games, 376755 moves, e=0.627, loss: 1.5, -, 1.3% elo% vs. random_no_suicide, avg. reward: 0.396, 1.926 sec/game, 12.1 min. total, 547.1 MB
goofball_resource v3 462 games, 377750 moves, e=0.626, loss: 1.5, -, 1.3% elo% vs. random_no_suicide, avg. reward: 0.394, 1.936 sec/game, 12.1 min. total, 548.2 MB
goofball_resource v3 463 games, 378752 moves, e=0.625, loss: 1.4, -, 1.3% elo% vs. random_no_suicide, avg. reward: 0.391, 1.936 sec/game, 12.1 min. total, 548.6 MB
goofball_resource v3 464 games, 379723 moves, e=0.624, loss: 1.4, -, 1.3% elo% vs. random_no_suicide, avg. reward: 0.391, 1.940 sec/game, 12.2 min. total, 548.6 MB
goofball_resource v3 465 games, 380653 moves, e=0.623, loss: 1.4, -, 1.3% elo% vs. random_no_suicide, avg. reward: 0.391, 1.943 sec/game, 12.2 min. total, 548.8 MB
goofball_resource v3 466 games, 381674 moves, e=0.622, loss: 1.4, -, 1.3% elo% vs. random_no_suicide, avg. reward: 0.387, 1.944 sec/game, 12.2 min. total, 548.9 MB
goofball_resource v3 467 games, 382616 moves, e=0.621, loss: 1.5, -, 1.3% elo% vs. random_no_suicide, avg. reward: 0.388, 1.944 sec/game, 12.3 min. total, 549.1 MB
goofball_resource v3 468 games, 383393 moves, e=0.620, loss: 1.4, -, 1.3% elo% vs. random_no_suicide, avg. reward: 0.389, 1.928 sec/game, 12.3 min. total, 549.0 MB
goofball_resource v3 469 games, 384195 moves, e=0.620, loss: 1.4, -, 1.3% elo% vs. random_no_suicide, avg. reward: 0.388, 1.924 sec/game, 12.3 min. total, 548.5 MB
goofball_resource v3 470 games, 385205 moves, e=0.619, loss: 1.5, -, 1.2% elo% vs. random_no_suicide, avg. reward: 0.384, 1.926 sec/game, 12.3 min. total, 549.0 MB
goofball_resource v3 471 games, 386077 moves, e=0.618, loss: 1.5, -, 1.2% elo% vs. random_no_suicide, avg. reward: 0.385, 1.923 sec/game, 12.4 min. total, 550.5 MB
goofball_resource v3 472 games, 387006 moves, e=0.617, loss: 1.5, -, 1.2% elo% vs. random_no_suicide, avg. reward: 0.385, 1.921 sec/game, 12.4 min. total, 551.5 MB
goofball_resource v3 473 games, 388143 moves, e=0.616, loss: 1.5, -, 1.2% elo% vs. random_no_suicide, avg. reward: 0.384, 1.941 sec/game, 12.4 min. total, 552.2 MB
goofball_resource v3 474 games, 389029 moves, e=0.615, loss: 1.5, -, 1.2% elo% vs. random_no_suicide, avg. reward: 0.386, 1.942 sec/game, 12.5 min. total, 552.2 MB
goofball_resource v3 475 games, 389993 moves, e=0.614, loss: 1.5, -, 1.2% elo% vs. random_no_suicide, avg. reward: 0.386, 1.974 sec/game, 12.5 min. total, 552.2 MB
goofball_resource v3 476 games, 390804 moves, e=0.613, loss: 1.5, -, 1.2% elo% vs. random_no_suicide, avg. reward: 0.385, 2.005 sec/game, 12.6 min. total, 552.8 MB
goofball_resource v3 477 games, 391692 moves, e=0.612, loss: 1.4, -, 1.2% elo% vs. random_no_suicide, avg. reward: 0.387, 2.011 sec/game, 12.6 min. total, 553.0 MB
goofball_resource v3 478 games, 392691 moves, e=0.611, loss: 1.4, -, 1.2% elo% vs. random_no_suicide, avg. reward: 0.387, 2.013 sec/game, 12.6 min. total, 552.9 MB
goofball_resource v3 479 games, 393695 moves, e=0.610, loss: 1.4, -, 1.2% elo% vs. random_no_suicide, avg. reward: 0.390, 2.047 sec/game, 12.7 min. total, 553.2 MB
goofball_resource v3 480 games, 394702 moves, e=0.609, loss: 1.4, -, 1.2% elo% vs. random_no_suicide, avg. reward: 0.388, 2.064 sec/game, 12.7 min. total, 553.7 MB
goofball_resource v3 481 games, 395704 moves, e=0.608, loss: 1.5, -, 1.2% elo% vs. random_no_suicide, avg. reward: 0.384, 2.092 sec/game, 12.8 min. total, 555.5 MB
goofball_resource v3 482 games, 396711 moves, e=0.607, loss: 1.5, -, 1.2% elo% vs. random_no_suicide, avg. reward: 0.381, 2.119 sec/game, 12.8 min. total, 555.4 MB
goofball_resource v3 483 games, 397575 moves, e=0.606, loss: 1.5, -, 1.2% elo% vs. random_no_suicide, avg. reward: 0.381, 2.119 sec/game, 12.8 min. total, 555.0 MB
goofball_resource v3 484 games, 398548 moves, e=0.605, loss: 1.4, -, 1.2% elo% vs. random_no_suicide, avg. reward: 0.379, 2.135 sec/game, 12.9 min. total, 555.4 MB
goofball_resource v3 485 games, 399702 moves, e=0.604, loss: 1.4, -, 1.2% elo% vs. random_no_suicide, avg. reward: 0.379, 2.164 sec/game, 12.9 min. total, 555.4 MB
goofball_resource v3 486 games, 400754 moves, e=0.603, loss: 1.4, -, 1.2% elo% vs. random_no_suicide, avg. reward: 0.379, 2.168 sec/game, 12.9 min. total, 554.9 MB
goofball_resource v3 487 games, 401660 moves, e=0.602, loss: 1.4, -, 1.2% elo% vs. random_no_suicide, avg. reward: 0.378, 2.161 sec/game, 13.0 min. total, 555.4 MB
goofball_resource v3 488 games, 402532 moves, e=0.601, loss: 1.5, -, 1.2% elo% vs. random_no_suicide, avg. reward: 0.379, 2.187 sec/game, 13.0 min. total, 555.4 MB
goofball_resource v3 489 games, 403627 moves, e=0.600, loss: 1.3, -, 1.2% elo% vs. random_no_suicide, avg. reward: 0.377, 2.229 sec/game, 13.1 min. total, 557.0 MB
goofball_resource v3 490 games, 404456 moves, e=0.600, loss: 1.4, -, 1.2% elo% vs. random_no_suicide, avg. reward: 0.374, 2.210 sec/game, 13.1 min. total, 557.3 MB
goofball_resource v3 491 games, 405337 moves, e=0.599, loss: 1.4, -, 1.2% elo% vs. random_no_suicide, avg. reward: 0.375, 2.213 sec/game, 13.1 min. total, 557.5 MB
goofball_resource v3 492 games, 406324 moves, e=0.598, loss: 1.4, -, 1.2% elo% vs. random_no_suicide, avg. reward: 0.372, 2.238 sec/game, 13.2 min. total, 557.9 MB
goofball_resource v3 493 games, 407240 moves, e=0.597, loss: 1.4, -, 1.2% elo% vs. random_no_suicide, avg. reward: 0.368, 2.250 sec/game, 13.2 min. total, 558.2 MB
goofball_resource v3 494 games, 408304 moves, e=0.596, loss: 1.4, -, 1.2% elo% vs. random_no_suicide, avg. reward: 0.371, 2.326 sec/game, 13.3 min. total, 557.7 MB
goofball_resource v3 495 games, 409335 moves, e=0.595, loss: 1.4, -, 1.2% elo% vs. random_no_suicide, avg. reward: 0.371, 2.306 sec/game, 13.3 min. total, 558.3 MB
goofball_resource v3 496 games, 410225 moves, e=0.594, loss: 1.4, -, 1.2% elo% vs. random_no_suicide, avg. reward: 0.370, 2.298 sec/game, 13.3 min. total, 558.2 MB
goofball_resource v3 497 games, 411209 moves, e=0.593, loss: 1.5, -, 1.2% elo% vs. random_no_suicide, avg. reward: 0.371, 2.321 sec/game, 13.4 min. total, 558.8 MB
goofball_resource v3 498 games, 412199 moves, e=0.592, loss: 1.4, -, 1.2% elo% vs. random_no_suicide, avg. reward: 0.369, 2.319 sec/game, 13.4 min. total, 560.4 MB
goofball_resource v3 499 games, 413038 moves, e=0.591, loss: 1.4, -, 1.2% elo% vs. random_no_suicide, avg. reward: 0.366, 2.283 sec/game, 13.4 min. total, 561.7 MB
goofball_resource v3 500 games, 414030 moves, e=0.590, loss: 1.4, -, 1.2% elo% vs. random_no_suicide, avg. reward: 0.365, 2.281 sec/game, 13.5 min. total, 562.0 MB
goofball_resource v3 501 games, 415019 moves, e=0.589, loss: 1.5, -, 1.2% elo% vs. random_no_suicide, avg. reward: 0.362, 2.282 sec/game, 13.5 min. total, 562.2 MB
goofball_resource v3 502 games, 415971 moves, e=0.588, loss: 1.4, -, 1.2% elo% vs. random_no_suicide, avg. reward: 0.368, 2.257 sec/game, 13.5 min. total, 561.6 MB
goofball_resource v3 503 games, 416935 moves, e=0.587, loss: 1.3, -, 1.2% elo% vs. random_no_suicide, avg. reward: 0.365, 2.258 sec/game, 13.6 min. total, 562.0 MB
goofball_resource v3 504 games, 418052 moves, e=0.586, loss: 1.5, -, 1.2% elo% vs. random_no_suicide, avg. reward: 0.365, 2.274 sec/game, 13.6 min. total, 562.2 MB
goofball_resource v3 505 games, 419000 moves, e=0.585, loss: 1.4, -, 1.2% elo% vs. random_no_suicide, avg. reward: 0.363, 2.251 sec/game, 13.7 min. total, 562.2 MB
goofball_resource v3 506 games, 419955 moves, e=0.584, loss: 1.4, -, 1.2% elo% vs. random_no_suicide, avg. reward: 0.362, 2.243 sec/game, 13.7 min. total, 562.3 MB
goofball_resource v3 507 games, 420883 moves, e=0.583, loss: 1.4, -, 1.2% elo% vs. random_no_suicide, avg. reward: 0.364, 2.260 sec/game, 13.7 min. total, 563.1 MB
goofball_resource v3 508 games, 421875 moves, e=0.582, loss: 1.4, -, 1.1% elo% vs. random_no_suicide, avg. reward: 0.369, 2.275 sec/game, 13.8 min. total, 562.8 MB
goofball_resource v3 509 games, 422893 moves, e=0.581, loss: 1.5, -, 1.1% elo% vs. random_no_suicide, avg. reward: 0.368, 2.271 sec/game, 13.8 min. total, 563.3 MB
goofball_resource v3 510 games, 423850 moves, e=0.580, loss: 1.4, -, 1.1% elo% vs. random_no_suicide, avg. reward: 0.367, 2.297 sec/game, 13.8 min. total, 563.3 MB
goofball_resource v3 511 games, 424836 moves, e=0.579, loss: 1.5, -, 1.1% elo% vs. random_no_suicide, avg. reward: 0.368, 2.328 sec/game, 13.9 min. total, 563.4 MB
goofball_resource v3 512 games, 425797 moves, e=0.578, loss: 1.4, -, 1.1% elo% vs. random_no_suicide, avg. reward: 0.370, 2.320 sec/game, 13.9 min. total, 563.3 MB
goofball_resource v3 513 games, 426717 moves, e=0.578, loss: 1.4, -, 1.1% elo% vs. random_no_suicide, avg. reward: 0.370, 2.291 sec/game, 14.0 min. total, 562.8 MB
goofball_resource v3 514 games, 427759 moves, e=0.577, loss: 1.4, -, 1.1% elo% vs. random_no_suicide, avg. reward: 0.371, 2.245 sec/game, 14.0 min. total, 563.9 MB
goofball_resource v3 515 games, 428735 moves, e=0.576, loss: 1.5, -, 1.1% elo% vs. random_no_suicide, avg. reward: 0.373, 2.242 sec/game, 14.0 min. total, 563.3 MB
goofball_resource v3 516 games, 429743 moves, e=0.575, loss: 1.5, -, 1.1% elo% vs. random_no_suicide, avg. reward: 0.373, 2.247 sec/game, 14.1 min. total, 565.7 MB
goofball_resource v3 517 games, 430754 moves, e=0.574, loss: 1.5, -, 1.1% elo% vs. random_no_suicide, avg. reward: 0.377, 2.239 sec/game, 14.1 min. total, 567.5 MB
goofball_resource v3 518 games, 431758 moves, e=0.573, loss: 1.6, -, 1.1% elo% vs. random_no_suicide, avg. reward: 0.374, 2.257 sec/game, 14.2 min. total, 567.7 MB
goofball_resource v3 519 games, 432634 moves, e=0.572, loss: 1.5, -, 1.1% elo% vs. random_no_suicide, avg. reward: 0.375, 2.258 sec/game, 14.2 min. total, 567.7 MB
goofball_resource v3 520 games, 433691 moves, e=0.571, loss: 1.5, -, 1.1% elo% vs. random_no_suicide, avg. reward: 0.377, 2.267 sec/game, 14.2 min. total, 568.0 MB
goofball_resource v3 521 games, 434651 moves, e=0.570, loss: 1.6, -, 1.1% elo% vs. random_no_suicide, avg. reward: 0.376, 2.249 sec/game, 14.3 min. total, 567.8 MB
goofball_resource v3 522 games, 435671 moves, e=0.569, loss: 1.5, -, 1.1% elo% vs. random_no_suicide, avg. reward: 0.374, 2.258 sec/game, 14.3 min. total, 568.2 MB
goofball_resource v3 523 games, 436606 moves, e=0.568, loss: 1.5, -, 1.1% elo% vs. random_no_suicide, avg. reward: 0.371, 2.256 sec/game, 14.3 min. total, 568.5 MB
goofball_resource v3 524 games, 437532 moves, e=0.567, loss: 1.5, -, 1.1% elo% vs. random_no_suicide, avg. reward: 0.370, 2.261 sec/game, 14.4 min. total, 568.8 MB
goofball_resource v3 525 games, 438405 moves, e=0.566, loss: 1.4, -, 1.1% elo% vs. random_no_suicide, avg. reward: 0.373, 2.266 sec/game, 14.4 min. total, 568.7 MB
goofball_resource v3 526 games, 439444 moves, e=0.565, loss: 1.4, -, 1.1% elo% vs. random_no_suicide, avg. reward: 0.372, 2.292 sec/game, 14.5 min. total, 569.6 MB
goofball_resource v3 527 games, 440452 moves, e=0.564, loss: 1.3, -, 1.1% elo% vs. random_no_suicide, avg. reward: 0.372, 2.322 sec/game, 14.5 min. total, 569.9 MB
goofball_resource v3 528 games, 441374 moves, e=0.563, loss: 1.3, -, 1.1% elo% vs. random_no_suicide, avg. reward: 0.374, 2.316 sec/game, 14.5 min. total, 570.2 MB
goofball_resource v3 529 games, 442273 moves, e=0.562, loss: 1.3, -, 1.1% elo% vs. random_no_suicide, avg. reward: 0.375, 2.308 sec/game, 14.6 min. total, 570.4 MB
goofball_resource v3 530 games, 443287 moves, e=0.561, loss: 1.3, -, 1.1% elo% vs. random_no_suicide, avg. reward: 0.378, 2.318 sec/game, 14.6 min. total, 570.4 MB
goofball_resource v3 531 games, 444330 moves, e=0.560, loss: 1.3, -, 1.1% elo% vs. random_no_suicide, avg. reward: 0.379, 2.331 sec/game, 14.7 min. total, 570.0 MB
goofball_resource v3 532 games, 445472 moves, e=0.559, loss: 1.4, -, 1.1% elo% vs. random_no_suicide, avg. reward: 0.380, 2.368 sec/game, 14.7 min. total, 570.4 MB
goofball_resource v3 533 games, 446438 moves, e=0.558, loss: 1.4, -, 1.1% elo% vs. random_no_suicide, avg. reward: 0.378, 2.378 sec/game, 14.8 min. total, 570.5 MB
goofball_resource v3 534 games, 447429 moves, e=0.557, loss: 1.4, -, 1.1% elo% vs. random_no_suicide, avg. reward: 0.379, 2.386 sec/game, 14.8 min. total, 571.0 MB
goofball_resource v3 535 games, 448325 moves, e=0.556, loss: 1.5, -, 1.1% elo% vs. random_no_suicide, avg. reward: 0.380, 2.382 sec/game, 14.8 min. total, 572.7 MB
goofball_resource v3 536 games, 449368 moves, e=0.555, loss: 1.4, -, 1.1% elo% vs. random_no_suicide, avg. reward: 0.377, 2.406 sec/game, 14.9 min. total, 573.9 MB
goofball_resource v3 537 games, 450275 moves, e=0.554, loss: 1.4, -, 1.1% elo% vs. random_no_suicide, avg. reward: 0.377, 2.404 sec/game, 14.9 min. total, 573.9 MB
