limpness_gamma v0 0 games, 0 moves, e=1.000, loss: nan,  , 50.0% elo% vs. , avg. reward: nan, nan sec/game, 0.0 min. total, 302.5 MB
limpness_gamma v1 1 games, 602 moves, e=0.999, loss: nan, +, 52.3% elo% vs. random_bot, avg. reward: -0.032, 0.280 sec/game, 0.0 min. total, 313.1 MB
limpness_gamma v1 2 games, 1320 moves, e=0.999, loss: nan, +, 54.5% elo% vs. random_bot, avg. reward: -0.059, 0.300 sec/game, 0.0 min. total, 314.9 MB
limpness_gamma v1 3 games, 1937 moves, e=0.998, loss: nan, +, 56.6% elo% vs. random_bot, avg. reward: -0.046, 0.292 sec/game, 0.0 min. total, 315.7 MB
limpness_gamma v1 4 games, 2643 moves, e=0.997, loss: nan, +, 58.5% elo% vs. random_bot, avg. reward: -0.052, 0.296 sec/game, 0.0 min. total, 317.0 MB
limpness_gamma v1 5 games, 3372 moves, e=0.997, loss: nan, +, 60.4% elo% vs. random_bot, avg. reward: -0.045, 0.298 sec/game, 0.0 min. total, 319.8 MB
limpness_gamma v1 6 games, 4009 moves, e=0.996, loss: nan, +, 62.1% elo% vs. random_bot, avg. reward: -0.040, 0.292 sec/game, 0.0 min. total, 321.8 MB
limpness_gamma v1 7 games, 4666 moves, e=0.995, loss: nan, +, 63.7% elo% vs. random_bot, avg. reward: -0.042, 0.290 sec/game, 0.0 min. total, 323.8 MB
limpness_gamma v1 8 games, 5409 moves, e=0.995, loss: nan, +, 65.2% elo% vs. random_bot, avg. reward: -0.039, 0.299 sec/game, 0.0 min. total, 325.9 MB
limpness_gamma v1 9 games, 6272 moves, e=0.994, loss: nan, +, 66.7% elo% vs. random_bot, avg. reward: -0.054, 0.308 sec/game, 0.0 min. total, 328.0 MB
limpness_gamma v1 10 games, 6970 moves, e=0.993, loss: nan, +, 68.0% elo% vs. random_bot, avg. reward: -0.052, 0.307 sec/game, 0.1 min. total, 330.8 MB
limpness_gamma v1 11 games, 7708 moves, e=0.992, loss: nan, +, 69.3% elo% vs. random_bot, avg. reward: -0.051, 0.312 sec/game, 0.1 min. total, 332.9 MB
limpness_gamma v1 12 games, 8417 moves, e=0.992, loss: nan, +, 70.5% elo% vs. random_bot, avg. reward: -0.048, 0.311 sec/game, 0.1 min. total, 335.8 MB
limpness_gamma v2 13 games, 9175 moves, e=0.991, loss: nan, +, 54.5% elo% vs. guard_bot, avg. reward: -0.051, 0.313 sec/game, 0.1 min. total, 399.6 MB
limpness_gamma v2 14 games, 9877 moves, e=0.990, loss: nan, +, 56.6% elo% vs. guard_bot, avg. reward: -0.048, 0.312 sec/game, 0.1 min. total, 401.2 MB
limpness_gamma v2 15 games, 10556 moves, e=0.990, loss: 0.2, +, 58.5% elo% vs. guard_bot, avg. reward: -0.044, 0.390 sec/game, 0.1 min. total, 416.5 MB
limpness_gamma v2 16 games, 11322 moves, e=0.989, loss: 0.2, +, 60.4% elo% vs. guard_bot, avg. reward: -0.046, 0.455 sec/game, 0.1 min. total, 417.6 MB
limpness_gamma v2 17 games, 11833 moves, e=0.988, loss: 0.2, +, 62.1% elo% vs. guard_bot, avg. reward: -0.042, 0.490 sec/game, 0.1 min. total, 418.2 MB
limpness_gamma v2 18 games, 12517 moves, e=0.988, loss: 0.2, +, 63.7% elo% vs. guard_bot, avg. reward: -0.044, 0.531 sec/game, 0.2 min. total, 417.8 MB
limpness_gamma v2 19 games, 13241 moves, e=0.987, loss: 0.2, ., 63.1% elo% vs. guard_bot, avg. reward: -0.044, 0.578 sec/game, 0.2 min. total, 418.4 MB
limpness_gamma v2 20 games, 13985 moves, e=0.986, loss: 0.2, ., 62.6% elo% vs. guard_bot, avg. reward: -0.045, 0.621 sec/game, 0.2 min. total, 418.7 MB
limpness_gamma v2 21 games, 14688 moves, e=0.985, loss: 0.2, +, 64.2% elo% vs. guard_bot, avg. reward: -0.044, 0.669 sec/game, 0.2 min. total, 418.9 MB
limpness_gamma v2 22 games, 15392 moves, e=0.985, loss: 0.2, +, 65.7% elo% vs. guard_bot, avg. reward: -0.045, 0.725 sec/game, 0.3 min. total, 419.2 MB
limpness_gamma v2 23 games, 16122 moves, e=0.984, loss: 0.2, +, 67.1% elo% vs. guard_bot, avg. reward: -0.044, 0.774 sec/game, 0.3 min. total, 418.9 MB
limpness_gamma v2 24 games, 16935 moves, e=0.983, loss: 0.2, +, 68.4% elo% vs. guard_bot, avg. reward: -0.045, 0.847 sec/game, 0.3 min. total, 420.1 MB
limpness_gamma v2 25 games, 17643 moves, e=0.983, loss: 0.2, ., 67.7% elo% vs. guard_bot, avg. reward: -0.045, 0.895 sec/game, 0.3 min. total, 421.1 MB
limpness_gamma v2 26 games, 18412 moves, e=0.982, loss: 0.2, ., 67.0% elo% vs. guard_bot, avg. reward: -0.045, 0.956 sec/game, 0.3 min. total, 422.4 MB
limpness_gamma v2 27 games, 19087 moves, e=0.981, loss: 0.2, ., 66.3% elo% vs. guard_bot, avg. reward: -0.045, 1.013 sec/game, 0.4 min. total, 425.3 MB
limpness_gamma v2 28 games, 19845 moves, e=0.980, loss: 0.2, +, 67.6% elo% vs. guard_bot, avg. reward: -0.046, 1.073 sec/game, 0.4 min. total, 427.4 MB
limpness_gamma v2 29 games, 20659 moves, e=0.980, loss: 0.2, +, 68.9% elo% vs. guard_bot, avg. reward: -0.045, 1.137 sec/game, 0.4 min. total, 427.6 MB
limpness_gamma v2 30 games, 21445 moves, e=0.979, loss: 0.2, +, 70.1% elo% vs. guard_bot, avg. reward: -0.047, 1.196 sec/game, 0.5 min. total, 427.7 MB
limpness_gamma v3 31 games, 22295 moves, e=0.978, loss: 0.2, -, 49.9% elo% vs. random_no_suicide, avg. reward: -0.050, 1.255 sec/game, 0.5 min. total, 427.9 MB
limpness_gamma v3 32 games, 22962 moves, e=0.977, loss: 0.2, -, 47.6% elo% vs. random_no_suicide, avg. reward: -0.049, 1.296 sec/game, 0.5 min. total, 427.5 MB
limpness_gamma v3 33 games, 23597 moves, e=0.977, loss: 0.2, -, 45.4% elo% vs. random_no_suicide, avg. reward: -0.050, 1.334 sec/game, 0.5 min. total, 427.7 MB
limpness_gamma v3 34 games, 24409 moves, e=0.976, loss: 0.2, -, 43.4% elo% vs. random_no_suicide, avg. reward: -0.052, 1.386 sec/game, 0.5 min. total, 427.8 MB
limpness_gamma v3 35 games, 25065 moves, e=0.975, loss: 0.2, -, 41.4% elo% vs. random_no_suicide, avg. reward: -0.054, 1.369 sec/game, 0.6 min. total, 428.4 MB
limpness_gamma v3 36 games, 25769 moves, e=0.974, loss: 0.2, -, 39.6% elo% vs. random_no_suicide, avg. reward: -0.053, 1.364 sec/game, 0.6 min. total, 429.9 MB
limpness_gamma v3 37 games, 26525 moves, e=0.974, loss: 0.2, -, 37.8% elo% vs. random_no_suicide, avg. reward: -0.052, 1.377 sec/game, 0.6 min. total, 432.2 MB
limpness_gamma v3 38 games, 27099 moves, e=0.973, loss: 0.2, -, 36.2% elo% vs. random_no_suicide, avg. reward: -0.049, 1.361 sec/game, 0.6 min. total, 433.4 MB
limpness_gamma v3 39 games, 27841 moves, e=0.972, loss: 0.2, -, 34.7% elo% vs. random_no_suicide, avg. reward: -0.050, 1.363 sec/game, 0.6 min. total, 434.5 MB
limpness_gamma v3 40 games, 28557 moves, e=0.972, loss: 0.2, -, 33.3% elo% vs. random_no_suicide, avg. reward: -0.049, 1.356 sec/game, 0.7 min. total, 434.1 MB
limpness_gamma v3 41 games, 29249 moves, e=0.971, loss: 0.2, -, 31.9% elo% vs. random_no_suicide, avg. reward: -0.050, 1.355 sec/game, 0.7 min. total, 434.2 MB
limpness_gamma v3 42 games, 30049 moves, e=0.970, loss: 0.2, -, 30.6% elo% vs. random_no_suicide, avg. reward: -0.051, 1.350 sec/game, 0.7 min. total, 434.7 MB
limpness_gamma v3 43 games, 30696 moves, e=0.970, loss: 0.2, -, 29.5% elo% vs. random_no_suicide, avg. reward: -0.051, 1.344 sec/game, 0.7 min. total, 434.4 MB
limpness_gamma v3 44 games, 31424 moves, e=0.969, loss: 0.2, -, 28.3% elo% vs. random_no_suicide, avg. reward: -0.053, 1.323 sec/game, 0.7 min. total, 435.0 MB
limpness_gamma v3 45 games, 32235 moves, e=0.968, loss: 0.2, -, 27.3% elo% vs. random_no_suicide, avg. reward: -0.052, 1.328 sec/game, 0.8 min. total, 435.0 MB
limpness_gamma v3 46 games, 33068 moves, e=0.967, loss: 0.2, -, 26.3% elo% vs. random_no_suicide, avg. reward: -0.052, 1.340 sec/game, 0.8 min. total, 435.3 MB
limpness_gamma v3 47 games, 33756 moves, e=0.967, loss: 0.2, -, 25.4% elo% vs. random_no_suicide, avg. reward: -0.051, 1.327 sec/game, 0.8 min. total, 435.7 MB
limpness_gamma v3 48 games, 34514 moves, e=0.966, loss: 0.2, -, 24.5% elo% vs. random_no_suicide, avg. reward: -0.051, 1.317 sec/game, 0.8 min. total, 437.6 MB
limpness_gamma v3 49 games, 35310 moves, e=0.965, loss: 0.2, -, 23.7% elo% vs. random_no_suicide, avg. reward: -0.052, 1.308 sec/game, 0.9 min. total, 437.4 MB
limpness_gamma v3 50 games, 35908 moves, e=0.964, loss: 0.2, -, 22.9% elo% vs. random_no_suicide, avg. reward: -0.051, 1.293 sec/game, 0.9 min. total, 437.5 MB
limpness_gamma v3 51 games, 36744 moves, e=0.964, loss: 0.2, -, 22.2% elo% vs. random_no_suicide, avg. reward: -0.052, 1.294 sec/game, 0.9 min. total, 437.6 MB
limpness_gamma v3 52 games, 37499 moves, e=0.963, loss: 0.2, -, 21.5% elo% vs. random_no_suicide, avg. reward: -0.052, 1.299 sec/game, 0.9 min. total, 437.6 MB
limpness_gamma v3 53 games, 38244 moves, e=0.962, loss: 0.2, -, 20.8% elo% vs. random_no_suicide, avg. reward: -0.052, 1.311 sec/game, 0.9 min. total, 437.2 MB
limpness_gamma v3 54 games, 39069 moves, e=0.961, loss: 0.2, -, 20.2% elo% vs. random_no_suicide, avg. reward: -0.053, 1.326 sec/game, 1.0 min. total, 437.6 MB
limpness_gamma v3 55 games, 39804 moves, e=0.961, loss: 0.2, -, 19.6% elo% vs. random_no_suicide, avg. reward: -0.053, 1.327 sec/game, 1.0 min. total, 437.5 MB
limpness_gamma v3 56 games, 40572 moves, e=0.960, loss: 0.2, -, 19.0% elo% vs. random_no_suicide, avg. reward: -0.053, 1.329 sec/game, 1.0 min. total, 438.3 MB
limpness_gamma v3 57 games, 41225 moves, e=0.959, loss: 0.2, -, 18.5% elo% vs. random_no_suicide, avg. reward: -0.053, 1.330 sec/game, 1.0 min. total, 437.8 MB
limpness_gamma v3 58 games, 41975 moves, e=0.958, loss: 0.2, -, 18.0% elo% vs. random_no_suicide, avg. reward: -0.052, 1.344 sec/game, 1.1 min. total, 437.9 MB
limpness_gamma v3 59 games, 42681 moves, e=0.958, loss: 0.2, -, 17.5% elo% vs. random_no_suicide, avg. reward: -0.052, 1.339 sec/game, 1.1 min. total, 438.9 MB
limpness_gamma v3 60 games, 43363 moves, e=0.957, loss: 0.2, -, 17.0% elo% vs. random_no_suicide, avg. reward: -0.051, 1.333 sec/game, 1.1 min. total, 439.6 MB
limpness_gamma v3 61 games, 44105 moves, e=0.956, loss: 0.2, -, 16.6% elo% vs. random_no_suicide, avg. reward: -0.052, 1.341 sec/game, 1.1 min. total, 439.5 MB
limpness_gamma v3 62 games, 44898 moves, e=0.956, loss: 0.2, -, 16.2% elo% vs. random_no_suicide, avg. reward: -0.051, 1.343 sec/game, 1.1 min. total, 439.0 MB
limpness_gamma v3 63 games, 45644 moves, e=0.955, loss: 0.2, -, 15.8% elo% vs. random_no_suicide, avg. reward: -0.052, 1.355 sec/game, 1.2 min. total, 439.6 MB
limpness_gamma v3 64 games, 46434 moves, e=0.954, loss: 0.2, -, 15.4% elo% vs. random_no_suicide, avg. reward: -0.052, 1.357 sec/game, 1.2 min. total, 439.6 MB
limpness_gamma v3 65 games, 47135 moves, e=0.953, loss: 0.2, -, 15.0% elo% vs. random_no_suicide, avg. reward: -0.051, 1.359 sec/game, 1.2 min. total, 439.2 MB
limpness_gamma v3 66 games, 47843 moves, e=0.953, loss: 0.2, -, 14.7% elo% vs. random_no_suicide, avg. reward: -0.051, 1.334 sec/game, 1.2 min. total, 439.0 MB
limpness_gamma v3 67 games, 48556 moves, e=0.952, loss: 0.2, -, 14.3% elo% vs. random_no_suicide, avg. reward: -0.051, 1.342 sec/game, 1.3 min. total, 440.0 MB
limpness_gamma v3 68 games, 49256 moves, e=0.951, loss: 0.2, -, 14.0% elo% vs. random_no_suicide, avg. reward: -0.051, 1.335 sec/game, 1.3 min. total, 440.0 MB
limpness_gamma v3 69 games, 49891 moves, e=0.951, loss: 0.2, -, 13.7% elo% vs. random_no_suicide, avg. reward: -0.050, 1.321 sec/game, 1.3 min. total, 440.6 MB
limpness_gamma v3 70 games, 50575 moves, e=0.950, loss: 0.2, -, 13.4% elo% vs. random_no_suicide, avg. reward: -0.049, 1.327 sec/game, 1.3 min. total, 441.0 MB
limpness_gamma v3 71 games, 51268 moves, e=0.949, loss: 0.2, -, 13.1% elo% vs. random_no_suicide, avg. reward: -0.049, 1.308 sec/game, 1.3 min. total, 441.9 MB
limpness_gamma v3 72 games, 51998 moves, e=0.949, loss: 0.2, -, 12.9% elo% vs. random_no_suicide, avg. reward: -0.049, 1.317 sec/game, 1.4 min. total, 441.8 MB
limpness_gamma v3 73 games, 52694 moves, e=0.948, loss: 0.2, -, 12.6% elo% vs. random_no_suicide, avg. reward: -0.048, 1.309 sec/game, 1.4 min. total, 441.8 MB
limpness_gamma v3 74 games, 53475 moves, e=0.947, loss: 0.2, -, 12.3% elo% vs. random_no_suicide, avg. reward: -0.048, 1.301 sec/game, 1.4 min. total, 441.9 MB
limpness_gamma v3 75 games, 54140 moves, e=0.946, loss: 0.2, -, 12.1% elo% vs. random_no_suicide, avg. reward: -0.049, 1.301 sec/game, 1.4 min. total, 442.0 MB
limpness_gamma v3 76 games, 54860 moves, e=0.946, loss: 0.2, -, 11.9% elo% vs. random_no_suicide, avg. reward: -0.049, 1.301 sec/game, 1.5 min. total, 442.1 MB
limpness_gamma v3 77 games, 55565 moves, e=0.945, loss: 0.2, -, 11.6% elo% vs. random_no_suicide, avg. reward: -0.048, 1.308 sec/game, 1.5 min. total, 442.1 MB
limpness_gamma v3 78 games, 56351 moves, e=0.944, loss: 0.2, -, 11.4% elo% vs. random_no_suicide, avg. reward: -0.048, 1.316 sec/game, 1.5 min. total, 442.1 MB
limpness_gamma v3 79 games, 57033 moves, e=0.944, loss: 0.2, -, 11.2% elo% vs. random_no_suicide, avg. reward: -0.049, 1.308 sec/game, 1.5 min. total, 443.1 MB
limpness_gamma v3 80 games, 57791 moves, e=0.943, loss: 0.2, -, 11.0% elo% vs. random_no_suicide, avg. reward: -0.050, 1.320 sec/game, 1.5 min. total, 443.1 MB
limpness_gamma v3 81 games, 58595 moves, e=0.942, loss: 0.2, -, 10.8% elo% vs. random_no_suicide, avg. reward: -0.051, 1.321 sec/game, 1.6 min. total, 443.7 MB
limpness_gamma v3 82 games, 59256 moves, e=0.941, loss: 0.2, -, 10.6% elo% vs. random_no_suicide, avg. reward: -0.050, 1.315 sec/game, 1.6 min. total, 443.6 MB
limpness_gamma v3 83 games, 59925 moves, e=0.941, loss: 0.2, -, 10.4% elo% vs. random_no_suicide, avg. reward: -0.050, 1.316 sec/game, 1.6 min. total, 444.2 MB
