lanky_repaying v0 0 games, 0 moves, e=1.000, loss: nan,  , 50.0% elo% vs. , avg. reward: nan, nan sec/game, 0.0 min. total, 302.2 MB
lanky_repaying v1 1 games, 648 moves, e=0.999, loss: nan, +, 52.3% elo% vs. random_bot, avg. reward: 1611.440, 0.290 sec/game, 0.0 min. total, 312.8 MB
lanky_repaying v1 2 games, 1289 moves, e=0.999, loss: nan, +, 54.5% elo% vs. random_bot, avg. reward: 1121.445, 0.281 sec/game, 0.0 min. total, 312.5 MB
lanky_repaying v1 3 games, 2034 moves, e=0.998, loss: nan, +, 56.6% elo% vs. random_bot, avg. reward: 1122.175, 0.291 sec/game, 0.0 min. total, 314.9 MB
lanky_repaying v1 4 games, 2617 moves, e=0.997, loss: nan, +, 58.5% elo% vs. random_bot, avg. reward: 1170.640, 0.282 sec/game, 0.0 min. total, 316.5 MB
lanky_repaying v1 5 games, 3265 moves, e=0.997, loss: nan, +, 60.4% elo% vs. random_bot, avg. reward: 1341.326, 0.280 sec/game, 0.0 min. total, 318.8 MB
lanky_repaying v1 6 games, 3901 moves, e=0.996, loss: nan, +, 62.1% elo% vs. random_bot, avg. reward: 1199.238, 0.278 sec/game, 0.0 min. total, 321.0 MB
lanky_repaying v1 7 games, 4523 moves, e=0.996, loss: nan, +, 63.7% elo% vs. random_bot, avg. reward: 1355.202, 0.275 sec/game, 0.0 min. total, 323.7 MB
lanky_repaying v1 8 games, 5247 moves, e=0.995, loss: nan, +, 65.2% elo% vs. random_bot, avg. reward: 1279.649, 0.278 sec/game, 0.0 min. total, 325.6 MB
lanky_repaying v1 9 games, 6021 moves, e=0.994, loss: nan, +, 66.7% elo% vs. random_bot, avg. reward: 1235.713, 0.281 sec/game, 0.0 min. total, 328.5 MB
lanky_repaying v1 10 games, 6643 moves, e=0.993, loss: nan, +, 68.0% elo% vs. random_bot, avg. reward: 1226.005, 0.280 sec/game, 0.0 min. total, 330.6 MB
lanky_repaying v1 11 games, 7288 moves, e=0.993, loss: nan, +, 69.3% elo% vs. random_bot, avg. reward: 1209.785, 0.279 sec/game, 0.1 min. total, 332.9 MB
lanky_repaying v1 12 games, 7918 moves, e=0.992, loss: nan, +, 70.5% elo% vs. random_bot, avg. reward: 1163.516, 0.278 sec/game, 0.1 min. total, 335.0 MB
lanky_repaying v2 13 games, 8620 moves, e=0.991, loss: nan, +, 54.5% elo% vs. guard_bot, avg. reward: 1182.461, 0.277 sec/game, 0.1 min. total, 398.3 MB
lanky_repaying v2 14 games, 9301 moves, e=0.991, loss: nan, +, 56.6% elo% vs. guard_bot, avg. reward: 1207.907, 0.277 sec/game, 0.1 min. total, 400.4 MB
lanky_repaying v2 15 games, 10019 moves, e=0.990, loss: nan, +, 58.5% elo% vs. guard_bot, avg. reward: 1408.365, 0.278 sec/game, 0.1 min. total, 401.9 MB
lanky_repaying v2 16 games, 10749 moves, e=0.989, loss: 6504583.7, +, 60.4% elo% vs. guard_bot, avg. reward: 1368.028, 0.358 sec/game, 0.1 min. total, 417.4 MB
lanky_repaying v2 17 games, 11438 moves, e=0.989, loss: 6782773.4, +, 62.1% elo% vs. guard_bot, avg. reward: 1369.001, 0.412 sec/game, 0.1 min. total, 418.3 MB
lanky_repaying v2 18 games, 12236 moves, e=0.988, loss: 6945443.9, +, 63.7% elo% vs. guard_bot, avg. reward: 1395.234, 0.464 sec/game, 0.1 min. total, 418.5 MB
lanky_repaying v2 19 games, 12892 moves, e=0.987, loss: 7126655.1, ., 63.1% elo% vs. guard_bot, avg. reward: 1385.898, 0.499 sec/game, 0.2 min. total, 418.6 MB
lanky_repaying v2 20 games, 13612 moves, e=0.987, loss: 7284302.8, +, 64.7% elo% vs. guard_bot, avg. reward: 1343.364, 0.540 sec/game, 0.2 min. total, 419.1 MB
lanky_repaying v2 21 games, 14349 moves, e=0.986, loss: 7174545.0, +, 66.2% elo% vs. guard_bot, avg. reward: 1341.975, 0.593 sec/game, 0.2 min. total, 419.2 MB
lanky_repaying v2 22 games, 14935 moves, e=0.985, loss: 7290643.2, +, 67.5% elo% vs. guard_bot, avg. reward: 1365.178, 0.626 sec/game, 0.2 min. total, 419.0 MB
lanky_repaying v2 23 games, 15583 moves, e=0.985, loss: 7349650.9, +, 68.8% elo% vs. guard_bot, avg. reward: 1332.100, 0.668 sec/game, 0.2 min. total, 419.6 MB
lanky_repaying v2 24 games, 16360 moves, e=0.984, loss: 7529526.1, +, 70.1% elo% vs. guard_bot, avg. reward: 1313.661, 0.723 sec/game, 0.3 min. total, 420.1 MB
lanky_repaying v3 25 games, 17054 moves, e=0.983, loss: 7574958.4, -, 49.9% elo% vs. random_no_suicide, avg. reward: 1313.893, 0.775 sec/game, 0.3 min. total, 424.9 MB
lanky_repaying v3 26 games, 17765 moves, e=0.982, loss: 7631829.8, -, 47.6% elo% vs. random_no_suicide, avg. reward: 1316.471, 0.825 sec/game, 0.3 min. total, 427.4 MB
lanky_repaying v3 27 games, 18585 moves, e=0.982, loss: 7910683.9, -, 45.4% elo% vs. random_no_suicide, avg. reward: 1333.711, 0.889 sec/game, 0.3 min. total, 429.0 MB
lanky_repaying v3 28 games, 19316 moves, e=0.981, loss: 8259909.0, -, 43.4% elo% vs. random_no_suicide, avg. reward: 1377.591, 0.933 sec/game, 0.3 min. total, 429.7 MB
lanky_repaying v3 29 games, 19965 moves, e=0.980, loss: 8688998.4, -, 41.4% elo% vs. random_no_suicide, avg. reward: 1349.794, 0.973 sec/game, 0.4 min. total, 429.9 MB
lanky_repaying v3 30 games, 20630 moves, e=0.980, loss: 8404316.6, -, 39.6% elo% vs. random_no_suicide, avg. reward: 1336.180, 1.025 sec/game, 0.4 min. total, 429.7 MB
lanky_repaying v3 31 games, 21312 moves, e=0.979, loss: 8345555.6, -, 37.8% elo% vs. random_no_suicide, avg. reward: 1350.198, 1.070 sec/game, 0.4 min. total, 429.7 MB
lanky_repaying v3 32 games, 22063 moves, e=0.978, loss: 8506488.9, -, 36.2% elo% vs. random_no_suicide, avg. reward: 1356.047, 1.125 sec/game, 0.4 min. total, 429.6 MB
lanky_repaying v3 33 games, 22832 moves, e=0.977, loss: 8277176.5, -, 34.7% elo% vs. random_no_suicide, avg. reward: 1346.516, 1.179 sec/game, 0.5 min. total, 429.6 MB
lanky_repaying v3 34 games, 23521 moves, e=0.977, loss: 8190089.0, -, 33.3% elo% vs. random_no_suicide, avg. reward: 1351.587, 1.223 sec/game, 0.5 min. total, 429.9 MB
lanky_repaying v3 35 games, 24309 moves, e=0.976, loss: 8484374.4, -, 31.9% elo% vs. random_no_suicide, avg. reward: 1339.436, 1.278 sec/game, 0.5 min. total, 429.9 MB
lanky_repaying v3 36 games, 25103 moves, e=0.975, loss: 8168265.5, -, 30.6% elo% vs. random_no_suicide, avg. reward: 1365.993, 1.281 sec/game, 0.5 min. total, 431.7 MB
lanky_repaying v3 37 games, 25723 moves, e=0.975, loss: 8444205.7, -, 29.5% elo% vs. random_no_suicide, avg. reward: 1375.459, 1.265 sec/game, 0.5 min. total, 433.2 MB
lanky_repaying v3 38 games, 26447 moves, e=0.974, loss: 9476141.3, -, 28.3% elo% vs. random_no_suicide, avg. reward: 1398.394, 1.270 sec/game, 0.6 min. total, 433.9 MB
lanky_repaying v3 39 games, 27125 moves, e=0.973, loss: 9752920.5, -, 27.3% elo% vs. random_no_suicide, avg. reward: 1381.962, 1.271 sec/game, 0.6 min. total, 433.9 MB
lanky_repaying v3 40 games, 27859 moves, e=0.972, loss: 9703099.9, -, 26.3% elo% vs. random_no_suicide, avg. reward: 1362.390, 1.276 sec/game, 0.6 min. total, 434.4 MB
lanky_repaying v3 41 games, 28650 moves, e=0.972, loss: 10232235.7, -, 25.4% elo% vs. random_no_suicide, avg. reward: 1360.270, 1.280 sec/game, 0.6 min. total, 434.6 MB
lanky_repaying v3 42 games, 29358 moves, e=0.971, loss: 10247924.2, -, 24.5% elo% vs. random_no_suicide, avg. reward: 1412.319, 1.301 sec/game, 0.7 min. total, 434.6 MB
lanky_repaying v3 43 games, 30377 moves, e=0.970, loss: 10235517.2, -, 23.7% elo% vs. random_no_suicide, avg. reward: 1420.632, 1.335 sec/game, 0.7 min. total, 435.8 MB
lanky_repaying v3 44 games, 31112 moves, e=0.969, loss: 11118318.5, -, 22.9% elo% vs. random_no_suicide, avg. reward: 1430.171, 1.340 sec/game, 0.7 min. total, 436.5 MB
lanky_repaying v3 45 games, 31798 moves, e=0.969, loss: 11324413.4, -, 22.2% elo% vs. random_no_suicide, avg. reward: 1424.919, 1.335 sec/game, 0.7 min. total, 437.0 MB
lanky_repaying v3 46 games, 32577 moves, e=0.968, loss: 11644948.3, -, 21.5% elo% vs. random_no_suicide, avg. reward: 1418.344, 1.343 sec/game, 0.8 min. total, 437.6 MB
lanky_repaying v3 47 games, 33258 moves, e=0.967, loss: 11384800.0, -, 20.8% elo% vs. random_no_suicide, avg. reward: 1415.870, 1.324 sec/game, 0.8 min. total, 438.6 MB
lanky_repaying v3 48 games, 33913 moves, e=0.966, loss: 11138424.4, -, 20.2% elo% vs. random_no_suicide, avg. reward: 1408.681, 1.326 sec/game, 0.8 min. total, 440.7 MB
lanky_repaying v3 49 games, 34770 moves, e=0.966, loss: 11531487.4, -, 19.6% elo% vs. random_no_suicide, avg. reward: 1410.692, 1.350 sec/game, 0.8 min. total, 441.1 MB
lanky_repaying v3 50 games, 35611 moves, e=0.965, loss: 11293946.7, -, 19.0% elo% vs. random_no_suicide, avg. reward: 1408.457, 1.365 sec/game, 0.8 min. total, 441.6 MB
lanky_repaying v3 51 games, 36245 moves, e=0.964, loss: 11016170.0, -, 18.5% elo% vs. random_no_suicide, avg. reward: 1387.697, 1.363 sec/game, 0.9 min. total, 441.6 MB
lanky_repaying v3 52 games, 36927 moves, e=0.963, loss: 10885954.5, -, 18.0% elo% vs. random_no_suicide, avg. reward: 1367.509, 1.354 sec/game, 0.9 min. total, 441.5 MB
lanky_repaying v3 53 games, 37604 moves, e=0.963, loss: 11000547.5, -, 17.5% elo% vs. random_no_suicide, avg. reward: 1359.680, 1.346 sec/game, 0.9 min. total, 441.1 MB
lanky_repaying v3 54 games, 38484 moves, e=0.962, loss: 10716285.3, -, 17.0% elo% vs. random_no_suicide, avg. reward: 1361.436, 1.370 sec/game, 0.9 min. total, 441.7 MB
lanky_repaying v3 55 games, 39262 moves, e=0.961, loss: 11030031.8, -, 16.6% elo% vs. random_no_suicide, avg. reward: 1347.183, 1.369 sec/game, 1.0 min. total, 441.9 MB
lanky_repaying v3 56 games, 39949 moves, e=0.960, loss: 10563867.0, -, 16.2% elo% vs. random_no_suicide, avg. reward: 1388.027, 1.356 sec/game, 1.0 min. total, 442.2 MB
lanky_repaying v3 57 games, 40532 moves, e=0.960, loss: 10814842.2, -, 15.8% elo% vs. random_no_suicide, avg. reward: 1382.448, 1.357 sec/game, 1.0 min. total, 443.0 MB
lanky_repaying v3 58 games, 41244 moves, e=0.959, loss: 10443872.1, -, 15.4% elo% vs. random_no_suicide, avg. reward: 1394.189, 1.353 sec/game, 1.0 min. total, 443.4 MB
lanky_repaying v3 59 games, 41964 moves, e=0.958, loss: 10324663.8, -, 15.0% elo% vs. random_no_suicide, avg. reward: 1416.554, 1.357 sec/game, 1.0 min. total, 443.1 MB
lanky_repaying v3 60 games, 42552 moves, e=0.958, loss: 10946010.0, -, 14.7% elo% vs. random_no_suicide, avg. reward: 1432.640, 1.342 sec/game, 1.1 min. total, 443.9 MB
lanky_repaying v3 61 games, 43274 moves, e=0.957, loss: 10994278.3, -, 14.3% elo% vs. random_no_suicide, avg. reward: 1421.399, 1.339 sec/game, 1.1 min. total, 443.4 MB
lanky_repaying v3 62 games, 44131 moves, e=0.956, loss: 11167266.5, -, 14.0% elo% vs. random_no_suicide, avg. reward: 1469.466, 1.343 sec/game, 1.1 min. total, 443.9 MB
lanky_repaying v3 63 games, 44858 moves, e=0.956, loss: 11854239.6, -, 13.7% elo% vs. random_no_suicide, avg. reward: 1468.955, 1.320 sec/game, 1.1 min. total, 444.2 MB
lanky_repaying v3 64 games, 45544 moves, e=0.955, loss: 12377907.7, -, 13.4% elo% vs. random_no_suicide, avg. reward: 1474.054, 1.306 sec/game, 1.1 min. total, 444.3 MB
lanky_repaying v3 65 games, 46341 moves, e=0.954, loss: 12852946.7, -, 13.1% elo% vs. random_no_suicide, avg. reward: 1472.089, 1.323 sec/game, 1.2 min. total, 443.6 MB
lanky_repaying v3 66 games, 46974 moves, e=0.953, loss: 13009290.0, -, 12.9% elo% vs. random_no_suicide, avg. reward: 1507.809, 1.303 sec/game, 1.2 min. total, 444.1 MB
lanky_repaying v3 67 games, 47662 moves, e=0.953, loss: 13370682.5, -, 12.6% elo% vs. random_no_suicide, avg. reward: 1497.727, 1.312 sec/game, 1.2 min. total, 444.6 MB
lanky_repaying v3 68 games, 48387 moves, e=0.952, loss: 14365098.4, -, 12.3% elo% vs. random_no_suicide, avg. reward: 1489.497, 1.325 sec/game, 1.2 min. total, 444.4 MB
lanky_repaying v3 69 games, 49020 moves, e=0.951, loss: 14645846.0, -, 12.1% elo% vs. random_no_suicide, avg. reward: 1487.907, 1.314 sec/game, 1.3 min. total, 445.3 MB
lanky_repaying v3 70 games, 49810 moves, e=0.951, loss: 15296581.3, -, 11.9% elo% vs. random_no_suicide, avg. reward: 1480.312, 1.334 sec/game, 1.3 min. total, 445.0 MB
lanky_repaying v3 71 games, 50525 moves, e=0.950, loss: 15069610.9, -, 11.6% elo% vs. random_no_suicide, avg. reward: 1471.126, 1.350 sec/game, 1.3 min. total, 445.5 MB
lanky_repaying v3 72 games, 51372 moves, e=0.949, loss: 14361076.1, -, 11.4% elo% vs. random_no_suicide, avg. reward: 1463.766, 1.397 sec/game, 1.3 min. total, 445.2 MB
lanky_repaying v3 73 games, 52195 moves, e=0.948, loss: 14566148.1, -, 11.2% elo% vs. random_no_suicide, avg. reward: 1464.775, 1.420 sec/game, 1.4 min. total, 446.0 MB
lanky_repaying v3 74 games, 52926 moves, e=0.948, loss: 14061662.4, -, 11.0% elo% vs. random_no_suicide, avg. reward: 1482.502, 1.428 sec/game, 1.4 min. total, 446.0 MB
lanky_repaying v3 75 games, 53672 moves, e=0.947, loss: 14591803.6, -, 10.8% elo% vs. random_no_suicide, avg. reward: 1483.517, 1.440 sec/game, 1.4 min. total, 446.0 MB
lanky_repaying v3 76 games, 54499 moves, e=0.946, loss: 14287437.6, -, 10.6% elo% vs. random_no_suicide, avg. reward: 1484.066, 1.462 sec/game, 1.5 min. total, 446.1 MB
lanky_repaying v3 77 games, 55376 moves, e=0.945, loss: 14016730.2, -, 10.4% elo% vs. random_no_suicide, avg. reward: 1485.364, 1.523 sec/game, 1.5 min. total, 446.6 MB
lanky_repaying v3 78 games, 56176 moves, e=0.944, loss: 14064214.6, -, 10.3% elo% vs. random_no_suicide, avg. reward: 1475.255, 1.543 sec/game, 1.5 min. total, 446.6 MB
lanky_repaying v3 79 games, 56894 moves, e=0.944, loss: 14092200.2, -, 10.1% elo% vs. random_no_suicide, avg. reward: 1495.355, 1.568 sec/game, 1.6 min. total, 446.7 MB
lanky_repaying v3 80 games, 57631 moves, e=0.943, loss: 14147330.7, -, 9.9% elo% vs. random_no_suicide, avg. reward: 1485.256, 1.610 sec/game, 1.6 min. total, 447.3 MB
lanky_repaying v3 81 games, 58392 moves, e=0.942, loss: 14476526.0, -, 9.8% elo% vs. random_no_suicide, avg. reward: 1472.237, 1.627 sec/game, 1.6 min. total, 447.3 MB
lanky_repaying v3 82 games, 59125 moves, e=0.941, loss: 14685714.5, -, 9.6% elo% vs. random_no_suicide, avg. reward: 1475.764, 1.629 sec/game, 1.6 min. total, 447.1 MB
lanky_repaying v3 83 games, 59829 moves, e=0.941, loss: 14717345.5, -, 9.4% elo% vs. random_no_suicide, avg. reward: 1461.546, 1.648 sec/game, 1.7 min. total, 447.6 MB
lanky_repaying v3 84 games, 60563 moves, e=0.940, loss: 14108289.7, -, 9.3% elo% vs. random_no_suicide, avg. reward: 1472.046, 1.669 sec/game, 1.7 min. total, 447.7 MB
lanky_repaying v3 85 games, 61239 moves, e=0.939, loss: 14379361.6, -, 9.2% elo% vs. random_no_suicide, avg. reward: 1462.013, 1.659 sec/game, 1.7 min. total, 447.5 MB
lanky_repaying v3 86 games, 62065 moves, e=0.939, loss: 14370226.4, -, 9.0% elo% vs. random_no_suicide, avg. reward: 1468.321, 1.688 sec/game, 1.7 min. total, 447.1 MB
lanky_repaying v3 87 games, 62879 moves, e=0.938, loss: 14848525.6, -, 8.9% elo% vs. random_no_suicide, avg. reward: 1471.276, 1.711 sec/game, 1.8 min. total, 447.9 MB
lanky_repaying v3 88 games, 63603 moves, e=0.937, loss: 14898094.4, -, 8.7% elo% vs. random_no_suicide, avg. reward: 1472.925, 1.708 sec/game, 1.8 min. total, 448.4 MB
lanky_repaying v3 89 games, 64243 moves, e=0.936, loss: 15180249.4, -, 8.6% elo% vs. random_no_suicide, avg. reward: 1484.183, 1.706 sec/game, 1.8 min. total, 449.6 MB
lanky_repaying v3 90 games, 64962 moves, e=0.936, loss: 15151206.8, -, 8.5% elo% vs. random_no_suicide, avg. reward: 1476.638, 1.690 sec/game, 1.9 min. total, 450.2 MB
lanky_repaying v3 91 games, 65639 moves, e=0.935, loss: 15262157.0, -, 8.4% elo% vs. random_no_suicide, avg. reward: 1471.629, 1.686 sec/game, 1.9 min. total, 450.6 MB
lanky_repaying v3 92 games, 66383 moves, e=0.934, loss: 14740662.4, -, 8.3% elo% vs. random_no_suicide, avg. reward: 1464.757, 1.660 sec/game, 1.9 min. total, 450.7 MB
lanky_repaying v3 93 games, 67105 moves, e=0.934, loss: 15094628.0, -, 8.1% elo% vs. random_no_suicide, avg. reward: 1460.989, 1.656 sec/game, 1.9 min. total, 450.7 MB
lanky_repaying v3 94 games, 67889 moves, e=0.933, loss: 15191053.4, -, 8.0% elo% vs. random_no_suicide, avg. reward: 1456.854, 1.647 sec/game, 2.0 min. total, 450.3 MB
lanky_repaying v3 95 games, 68660 moves, e=0.932, loss: 14878102.2, -, 7.9% elo% vs. random_no_suicide, avg. reward: 1469.777, 1.645 sec/game, 2.0 min. total, 450.7 MB
lanky_repaying v3 96 games, 69334 moves, e=0.931, loss: 14918454.5, -, 7.8% elo% vs. random_no_suicide, avg. reward: 1478.815, 1.631 sec/game, 2.0 min. total, 450.8 MB
lanky_repaying v3 97 games, 70018 moves, e=0.931, loss: 15235765.0, -, 7.7% elo% vs. random_no_suicide, avg. reward: 1476.745, 1.604 sec/game, 2.0 min. total, 450.7 MB
lanky_repaying v3 98 games, 70811 moves, e=0.930, loss: 15444815.5, -, 7.6% elo% vs. random_no_suicide, avg. reward: 1468.764, 1.608 sec/game, 2.1 min. total, 450.9 MB
