bullfight_antiviral v0 0 games, 0 moves, e=1.000, loss: nan,  , 50.0% elo% vs. , avg. reward: nan, nan sec/game, 0.0 min. total, 302.1 MB
bullfight_antiviral v1 1 games, 574 moves, e=0.999, loss: nan, +, 52.3% elo% vs. random_bot, avg. reward: -8.129, 0.203 sec/game, 0.0 min. total, 312.2 MB
bullfight_antiviral v1 2 games, 1270 moves, e=0.999, loss: nan, +, 54.5% elo% vs. random_bot, avg. reward: -7.395, 0.211 sec/game, 0.0 min. total, 313.9 MB
bullfight_antiviral v1 3 games, 1928 moves, e=0.998, loss: nan, +, 56.6% elo% vs. random_bot, avg. reward: -7.303, 0.221 sec/game, 0.0 min. total, 317.0 MB
bullfight_antiviral v1 4 games, 2660 moves, e=0.997, loss: nan, +, 58.5% elo% vs. random_bot, avg. reward: -7.017, 0.234 sec/game, 0.0 min. total, 319.0 MB
bullfight_antiviral v1 5 games, 3398 moves, e=0.997, loss: nan, +, 60.4% elo% vs. random_bot, avg. reward: -6.882, 0.235 sec/game, 0.0 min. total, 320.5 MB
bullfight_antiviral v1 6 games, 4119 moves, e=0.996, loss: nan, +, 62.1% elo% vs. random_bot, avg. reward: -6.804, 0.236 sec/game, 0.0 min. total, 322.7 MB
bullfight_antiviral v1 7 games, 4814 moves, e=0.995, loss: nan, +, 63.7% elo% vs. random_bot, avg. reward: -6.790, 0.235 sec/game, 0.0 min. total, 324.5 MB
bullfight_antiviral v1 8 games, 5433 moves, e=0.995, loss: nan, +, 65.2% elo% vs. random_bot, avg. reward: -6.880, 0.234 sec/game, 0.0 min. total, 325.5 MB
bullfight_antiviral v1 9 games, 6123 moves, e=0.994, loss: nan, +, 66.7% elo% vs. random_bot, avg. reward: -6.846, 0.236 sec/game, 0.0 min. total, 328.0 MB
bullfight_antiviral v1 10 games, 6894 moves, e=0.993, loss: nan, +, 68.0% elo% vs. random_bot, avg. reward: -6.749, 0.240 sec/game, 0.0 min. total, 330.5 MB
bullfight_antiviral v1 11 games, 7606 moves, e=0.992, loss: nan, +, 69.3% elo% vs. random_bot, avg. reward: -6.714, 0.242 sec/game, 0.0 min. total, 331.9 MB
bullfight_antiviral v1 12 games, 8340 moves, e=0.992, loss: nan, +, 70.5% elo% vs. random_bot, avg. reward: -6.673, 0.244 sec/game, 0.0 min. total, 334.1 MB
bullfight_antiviral v2 13 games, 9067 moves, e=0.991, loss: nan, +, 54.5% elo% vs. guard_bot, avg. reward: -6.647, 0.244 sec/game, 0.1 min. total, 400.1 MB
bullfight_antiviral v2 14 games, 9828 moves, e=0.990, loss: nan, +, 56.6% elo% vs. guard_bot, avg. reward: -6.598, 0.245 sec/game, 0.1 min. total, 402.6 MB
bullfight_antiviral v2 15 games, 10555 moves, e=0.990, loss: 27.2, ., 56.3% elo% vs. guard_bot, avg. reward: -6.614, 0.321 sec/game, 0.1 min. total, 420.1 MB
bullfight_antiviral v2 16 games, 11294 moves, e=0.989, loss: 27.2, ., 56.0% elo% vs. guard_bot, avg. reward: -6.585, 0.398 sec/game, 0.1 min. total, 421.4 MB
bullfight_antiviral v2 17 games, 12035 moves, e=0.988, loss: 20.3, +, 58.0% elo% vs. guard_bot, avg. reward: -6.556, 0.454 sec/game, 0.1 min. total, 421.7 MB
bullfight_antiviral v2 18 games, 12695 moves, e=0.987, loss: 14.5, +, 59.8% elo% vs. guard_bot, avg. reward: -6.580, 0.491 sec/game, 0.1 min. total, 421.9 MB
bullfight_antiviral v2 19 games, 13374 moves, e=0.987, loss: 10.5, ., 59.4% elo% vs. guard_bot, avg. reward: -6.587, 0.526 sec/game, 0.2 min. total, 422.2 MB
bullfight_antiviral v2 20 games, 14064 moves, e=0.986, loss: 8.3, +, 61.2% elo% vs. guard_bot, avg. reward: -6.589, 0.557 sec/game, 0.2 min. total, 422.3 MB
bullfight_antiviral v2 21 games, 14697 moves, e=0.985, loss: 6.6, +, 62.9% elo% vs. guard_bot, avg. reward: -6.624, 0.605 sec/game, 0.2 min. total, 422.5 MB
bullfight_antiviral v2 22 games, 15322 moves, e=0.985, loss: 5.6, +, 64.5% elo% vs. guard_bot, avg. reward: -6.673, 0.653 sec/game, 0.2 min. total, 423.2 MB
bullfight_antiviral v2 23 games, 16061 moves, e=0.984, loss: 4.7, ., 63.8% elo% vs. guard_bot, avg. reward: -6.647, 0.711 sec/game, 0.2 min. total, 422.7 MB
bullfight_antiviral v2 24 games, 16847 moves, e=0.983, loss: 4.1, ., 63.3% elo% vs. guard_bot, avg. reward: -6.618, 0.768 sec/game, 0.3 min. total, 423.3 MB
bullfight_antiviral v2 25 games, 17423 moves, e=0.983, loss: 4.1, ., 62.7% elo% vs. guard_bot, avg. reward: -6.669, 0.812 sec/game, 0.3 min. total, 423.5 MB
bullfight_antiviral v2 26 games, 18102 moves, e=0.982, loss: 3.8, +, 64.3% elo% vs. guard_bot, avg. reward: -6.682, 0.858 sec/game, 0.3 min. total, 423.7 MB
bullfight_antiviral v2 27 games, 18877 moves, e=0.981, loss: 3.6, +, 65.8% elo% vs. guard_bot, avg. reward: -6.651, 0.916 sec/game, 0.3 min. total, 425.2 MB
bullfight_antiviral v2 28 games, 19519 moves, e=0.981, loss: 3.3, +, 67.2% elo% vs. guard_bot, avg. reward: -6.673, 0.961 sec/game, 0.4 min. total, 426.1 MB
bullfight_antiviral v2 29 games, 20313 moves, e=0.980, loss: 3.3, +, 68.5% elo% vs. guard_bot, avg. reward: -6.644, 1.019 sec/game, 0.4 min. total, 428.5 MB
bullfight_antiviral v2 30 games, 20969 moves, e=0.979, loss: 3.1, +, 69.7% elo% vs. guard_bot, avg. reward: -6.661, 1.063 sec/game, 0.4 min. total, 430.5 MB
bullfight_antiviral v2 31 games, 21690 moves, e=0.979, loss: 3.3, +, 70.9% elo% vs. guard_bot, avg. reward: -6.645, 1.120 sec/game, 0.4 min. total, 432.2 MB
bullfight_antiviral v3 32 games, 22401 moves, e=0.978, loss: 3.3, +, 54.5% elo% vs. random_no_suicide, avg. reward: -6.638, 1.179 sec/game, 0.4 min. total, 432.9 MB
bullfight_antiviral v3 33 games, 23075 moves, e=0.977, loss: 3.2, -, 52.0% elo% vs. random_no_suicide, avg. reward: -6.642, 1.232 sec/game, 0.5 min. total, 432.6 MB
bullfight_antiviral v3 34 games, 23762 moves, e=0.976, loss: 3.1, -, 49.6% elo% vs. random_no_suicide, avg. reward: -6.644, 1.284 sec/game, 0.5 min. total, 433.9 MB
bullfight_antiviral v3 35 games, 24682 moves, e=0.976, loss: 2.7, -, 47.3% elo% vs. random_no_suicide, avg. reward: -6.584, 1.304 sec/game, 0.5 min. total, 432.9 MB
bullfight_antiviral v3 36 games, 25362 moves, e=0.975, loss: 3.0, -, 45.1% elo% vs. random_no_suicide, avg. reward: -6.590, 1.297 sec/game, 0.5 min. total, 433.3 MB
bullfight_antiviral v3 37 games, 25986 moves, e=0.974, loss: 3.1, -, 43.1% elo% vs. random_no_suicide, avg. reward: -6.607, 1.287 sec/game, 0.6 min. total, 433.5 MB
bullfight_antiviral v3 38 games, 26706 moves, e=0.974, loss: 3.2, -, 41.2% elo% vs. random_no_suicide, avg. reward: -6.598, 1.294 sec/game, 0.6 min. total, 434.2 MB
bullfight_antiviral v3 39 games, 27398 moves, e=0.973, loss: 3.3, -, 39.3% elo% vs. random_no_suicide, avg. reward: -6.595, 1.309 sec/game, 0.6 min. total, 435.4 MB
bullfight_antiviral v3 40 games, 28129 moves, e=0.972, loss: 3.3, -, 37.6% elo% vs. random_no_suicide, avg. reward: -6.572, 1.314 sec/game, 0.6 min. total, 436.0 MB
bullfight_antiviral v3 41 games, 28854 moves, e=0.971, loss: 3.4, +, 40.4% elo% vs. random_no_suicide, avg. reward: -6.563, 1.331 sec/game, 0.6 min. total, 436.0 MB
bullfight_antiviral v3 42 games, 29523 moves, e=0.971, loss: 3.4, +, 43.0% elo% vs. random_no_suicide, avg. reward: -6.568, 1.337 sec/game, 0.7 min. total, 436.1 MB
bullfight_antiviral v3 43 games, 30244 moves, e=0.970, loss: 3.5, -, 41.1% elo% vs. random_no_suicide, avg. reward: -6.562, 1.346 sec/game, 0.7 min. total, 436.2 MB
bullfight_antiviral v3 44 games, 31046 moves, e=0.969, loss: 3.3, -, 39.3% elo% vs. random_no_suicide, avg. reward: -6.539, 1.353 sec/game, 0.7 min. total, 436.7 MB
bullfight_antiviral v3 45 games, 31787 moves, e=0.969, loss: 3.4, +, 42.0% elo% vs. random_no_suicide, avg. reward: -6.533, 1.376 sec/game, 0.7 min. total, 436.3 MB
bullfight_antiviral v3 46 games, 32444 moves, e=0.968, loss: 3.3, -, 40.1% elo% vs. random_no_suicide, avg. reward: -6.542, 1.377 sec/game, 0.8 min. total, 436.4 MB
bullfight_antiviral v3 47 games, 33262 moves, e=0.967, loss: 3.0, +, 42.8% elo% vs. random_no_suicide, avg. reward: -6.523, 1.384 sec/game, 0.8 min. total, 436.2 MB
bullfight_antiviral v3 48 games, 33884 moves, e=0.966, loss: 2.9, +, 45.4% elo% vs. random_no_suicide, avg. reward: -6.540, 1.388 sec/game, 0.8 min. total, 436.4 MB
bullfight_antiviral v3 49 games, 34522 moves, e=0.966, loss: 3.2, -, 43.3% elo% vs. random_no_suicide, avg. reward: -6.556, 1.377 sec/game, 0.8 min. total, 437.5 MB
bullfight_antiviral v3 50 games, 35231 moves, e=0.965, loss: 3.2, +, 45.9% elo% vs. random_no_suicide, avg. reward: -6.555, 1.389 sec/game, 0.9 min. total, 437.8 MB
bullfight_antiviral v3 51 games, 35965 moves, e=0.964, loss: 3.1, +, 48.4% elo% vs. random_no_suicide, avg. reward: -6.549, 1.381 sec/game, 0.9 min. total, 438.0 MB
bullfight_antiviral v3 52 games, 36652 moves, e=0.964, loss: 2.8, -, 46.2% elo% vs. random_no_suicide, avg. reward: -6.550, 1.380 sec/game, 0.9 min. total, 438.7 MB
bullfight_antiviral v3 53 games, 37385 moves, e=0.963, loss: 2.9, +, 48.6% elo% vs. random_no_suicide, avg. reward: -6.538, 1.386 sec/game, 0.9 min. total, 438.2 MB
bullfight_antiviral v3 54 games, 38018 moves, e=0.962, loss: 3.0, -, 46.4% elo% vs. random_no_suicide, avg. reward: -6.552, 1.380 sec/game, 0.9 min. total, 438.2 MB
bullfight_antiviral v3 55 games, 38673 moves, e=0.962, loss: 3.0, +, 48.9% elo% vs. random_no_suicide, avg. reward: -6.562, 1.356 sec/game, 1.0 min. total, 438.2 MB
bullfight_antiviral v3 56 games, 39549 moves, e=0.961, loss: 3.0, +, 51.2% elo% vs. random_no_suicide, avg. reward: -6.534, 1.365 sec/game, 1.0 min. total, 438.7 MB
bullfight_antiviral v3 57 games, 40381 moves, e=0.960, loss: 2.9, +, 53.5% elo% vs. random_no_suicide, avg. reward: -6.512, 1.389 sec/game, 1.0 min. total, 438.7 MB
bullfight_antiviral v3 58 games, 41087 moves, e=0.959, loss: 2.9, +, 55.6% elo% vs. random_no_suicide, avg. reward: -6.506, 1.391 sec/game, 1.0 min. total, 439.8 MB
bullfight_antiviral v3 59 games, 41812 moves, e=0.959, loss: 3.1, +, 57.6% elo% vs. random_no_suicide, avg. reward: -6.506, 1.397 sec/game, 1.1 min. total, 440.4 MB
bullfight_antiviral v3 60 games, 42647 moves, e=0.958, loss: 3.1, +, 59.5% elo% vs. random_no_suicide, avg. reward: -6.487, 1.422 sec/game, 1.1 min. total, 440.5 MB
bullfight_antiviral v3 61 games, 43318 moves, e=0.957, loss: 3.0, -, 56.8% elo% vs. random_no_suicide, avg. reward: -6.493, 1.411 sec/game, 1.1 min. total, 440.7 MB
bullfight_antiviral v3 62 games, 44010 moves, e=0.956, loss: 3.0, -, 54.2% elo% vs. random_no_suicide, avg. reward: -6.496, 1.417 sec/game, 1.1 min. total, 440.8 MB
bullfight_antiviral v3 63 games, 44688 moves, e=0.956, loss: 2.9, -, 51.7% elo% vs. random_no_suicide, avg. reward: -6.499, 1.411 sec/game, 1.2 min. total, 441.4 MB
bullfight_antiviral v3 64 games, 45504 moves, e=0.955, loss: 2.8, -, 49.4% elo% vs. random_no_suicide, avg. reward: -6.485, 1.411 sec/game, 1.2 min. total, 441.0 MB
bullfight_antiviral v3 65 games, 46162 moves, e=0.954, loss: 3.0, +, 51.7% elo% vs. random_no_suicide, avg. reward: -6.490, 1.396 sec/game, 1.2 min. total, 441.0 MB
bullfight_antiviral v3 66 games, 46904 moves, e=0.954, loss: 3.4, -, 49.3% elo% vs. random_no_suicide, avg. reward: -6.485, 1.409 sec/game, 1.2 min. total, 441.1 MB
bullfight_antiviral v3 67 games, 47666 moves, e=0.953, loss: 3.3, -, 47.0% elo% vs. random_no_suicide, avg. reward: -6.478, 1.408 sec/game, 1.3 min. total, 441.2 MB
bullfight_antiviral v3 68 games, 48362 moves, e=0.952, loss: 3.1, +, 49.5% elo% vs. random_no_suicide, avg. reward: -6.480, 1.418 sec/game, 1.3 min. total, 441.9 MB
bullfight_antiviral v3 69 games, 49065 moves, e=0.951, loss: 3.1, +, 51.8% elo% vs. random_no_suicide, avg. reward: -6.481, 1.434 sec/game, 1.3 min. total, 442.3 MB
bullfight_antiviral v3 70 games, 49717 moves, e=0.951, loss: 3.0, -, 49.4% elo% vs. random_no_suicide, avg. reward: -6.488, 1.427 sec/game, 1.3 min. total, 442.0 MB
bullfight_antiviral v3 71 games, 50445 moves, e=0.950, loss: 2.9, -, 47.2% elo% vs. random_no_suicide, avg. reward: -6.486, 1.449 sec/game, 1.4 min. total, 442.4 MB
bullfight_antiviral v3 72 games, 51247 moves, e=0.949, loss: 2.9, -, 45.0% elo% vs. random_no_suicide, avg. reward: -6.473, 1.451 sec/game, 1.4 min. total, 442.4 MB
bullfight_antiviral v3 73 games, 51975 moves, e=0.949, loss: 2.8, -, 43.0% elo% vs. random_no_suicide, avg. reward: -6.468, 1.454 sec/game, 1.4 min. total, 442.2 MB
bullfight_antiviral v3 74 games, 52697 moves, e=0.948, loss: 2.7, +, 45.5% elo% vs. random_no_suicide, avg. reward: -6.464, 1.469 sec/game, 1.4 min. total, 442.1 MB
bullfight_antiviral v3 75 games, 53306 moves, e=0.947, loss: 2.9, +, 48.0% elo% vs. random_no_suicide, avg. reward: -6.477, 1.469 sec/game, 1.5 min. total, 442.2 MB
bullfight_antiviral v3 76 games, 54092 moves, e=0.946, loss: 3.0, +, 50.4% elo% vs. random_no_suicide, avg. reward: -6.470, 1.470 sec/game, 1.5 min. total, 442.3 MB
bullfight_antiviral v3 77 games, 54901 moves, e=0.946, loss: 3.0, -, 48.1% elo% vs. random_no_suicide, avg. reward: -6.460, 1.463 sec/game, 1.5 min. total, 442.5 MB
bullfight_antiviral v3 78 games, 55623 moves, e=0.945, loss: 3.0, -, 45.9% elo% vs. random_no_suicide, avg. reward: -6.454, 1.472 sec/game, 1.5 min. total, 443.6 MB
bullfight_antiviral v3 79 games, 56433 moves, e=0.944, loss: 2.8, -, 43.8% elo% vs. random_no_suicide, avg. reward: -6.446, 1.477 sec/game, 1.6 min. total, 444.3 MB
bullfight_antiviral v3 80 games, 57096 moves, e=0.943, loss: 2.8, -, 41.8% elo% vs. random_no_suicide, avg. reward: -6.453, 1.468 sec/game, 1.6 min. total, 443.6 MB
bullfight_antiviral v3 81 games, 57845 moves, e=0.943, loss: 2.6, +, 44.5% elo% vs. random_no_suicide, avg. reward: -6.449, 1.480 sec/game, 1.6 min. total, 444.6 MB
bullfight_antiviral v3 82 games, 58538 moves, e=0.942, loss: 2.6, -, 42.5% elo% vs. random_no_suicide, avg. reward: -6.454, 1.493 sec/game, 1.6 min. total, 444.3 MB
bullfight_antiviral v3 83 games, 59283 moves, e=0.941, loss: 2.7, +, 45.1% elo% vs. random_no_suicide, avg. reward: -6.450, 1.491 sec/game, 1.7 min. total, 443.5 MB
bullfight_antiviral v3 84 games, 59974 moves, e=0.941, loss: 2.8, -, 43.0% elo% vs. random_no_suicide, avg. reward: -6.457, 1.477 sec/game, 1.7 min. total, 443.8 MB
bullfight_antiviral v3 85 games, 60684 moves, e=0.940, loss: 3.0, +, 45.6% elo% vs. random_no_suicide, avg. reward: -6.457, 1.497 sec/game, 1.7 min. total, 443.8 MB
bullfight_antiviral v3 86 games, 61443 moves, e=0.939, loss: 3.0, +, 48.1% elo% vs. random_no_suicide, avg. reward: -6.451, 1.506 sec/game, 1.7 min. total, 443.9 MB
bullfight_antiviral v3 87 games, 62209 moves, e=0.938, loss: 3.0, -, 45.9% elo% vs. random_no_suicide, avg. reward: -6.446, 1.512 sec/game, 1.8 min. total, 444.6 MB
bullfight_antiviral v3 88 games, 62973 moves, e=0.938, loss: 3.1, +, 48.4% elo% vs. random_no_suicide, avg. reward: -6.443, 1.510 sec/game, 1.8 min. total, 444.5 MB
bullfight_antiviral v3 89 games, 63570 moves, e=0.937, loss: 3.0, -, 46.2% elo% vs. random_no_suicide, avg. reward: -6.462, 1.496 sec/game, 1.8 min. total, 445.0 MB
bullfight_antiviral v3 90 games, 64454 moves, e=0.936, loss: 2.8, +, 48.6% elo% vs. random_no_suicide, avg. reward: -6.446, 1.529 sec/game, 1.8 min. total, 445.0 MB
bullfight_antiviral v3 91 games, 65210 moves, e=0.935, loss: 2.7, +, 51.0% elo% vs. random_no_suicide, avg. reward: -6.441, 1.525 sec/game, 1.9 min. total, 445.4 MB
bullfight_antiviral v3 92 games, 66080 moves, e=0.935, loss: 2.5, -, 48.6% elo% vs. random_no_suicide, avg. reward: -6.425, 1.537 sec/game, 1.9 min. total, 445.4 MB
bullfight_antiviral v3 93 games, 66765 moves, e=0.934, loss: 2.7, +, 51.0% elo% vs. random_no_suicide, avg. reward: -6.430, 1.528 sec/game, 1.9 min. total, 445.3 MB
bullfight_antiviral v3 94 games, 67549 moves, e=0.933, loss: 2.7, ., 51.0% elo% vs. random_no_suicide, avg. reward: -6.420, 1.537 sec/game, 1.9 min. total, 445.6 MB
bullfight_antiviral v3 95 games, 68256 moves, e=0.932, loss: 2.7, -, 48.6% elo% vs. random_no_suicide, avg. reward: -6.423, 1.548 sec/game, 2.0 min. total, 446.7 MB
bullfight_antiviral v3 96 games, 68864 moves, e=0.932, loss: 2.6, +, 51.0% elo% vs. random_no_suicide, avg. reward: -6.434, 1.528 sec/game, 2.0 min. total, 448.0 MB
bullfight_antiviral v3 97 games, 69618 moves, e=0.931, loss: 2.6, +, 53.2% elo% vs. random_no_suicide, avg. reward: -6.427, 1.516 sec/game, 2.0 min. total, 448.9 MB
bullfight_antiviral v3 98 games, 70396 moves, e=0.930, loss: 2.6, +, 55.4% elo% vs. random_no_suicide, avg. reward: -6.419, 1.522 sec/game, 2.0 min. total, 449.0 MB
bullfight_antiviral v3 99 games, 71090 moves, e=0.930, loss: 2.5, +, 57.4% elo% vs. random_no_suicide, avg. reward: -6.421, 1.511 sec/game, 2.1 min. total, 448.4 MB
bullfight_antiviral v3 100 games, 71795 moves, e=0.929, loss: 2.6, -, 54.8% elo% vs. random_no_suicide, avg. reward: -6.418, 1.497 sec/game, 2.1 min. total, 449.0 MB
bullfight_antiviral v4 101 games, 72544 moves, e=0.928, loss: 2.6, -, 47.7% elo% vs. random_no_suicide, avg. reward: -6.398, 1.510 sec/game, 2.1 min. total, 448.6 MB
bullfight_antiviral v4 102 games, 73279 moves, e=0.927, loss: 2.6, -, 45.5% elo% vs. random_no_suicide, avg. reward: -6.395, 1.508 sec/game, 2.1 min. total, 448.6 MB
bullfight_antiviral v4 103 games, 73991 moves, e=0.927, loss: 2.7, -, 43.4% elo% vs. random_no_suicide, avg. reward: -6.389, 1.514 sec/game, 2.2 min. total, 448.9 MB
bullfight_antiviral v4 104 games, 74717 moves, e=0.926, loss: 2.5, +, 46.0% elo% vs. random_no_suicide, avg. reward: -6.389, 1.514 sec/game, 2.2 min. total, 448.8 MB
bullfight_antiviral v4 105 games, 75403 moves, e=0.925, loss: 2.7, +, 48.5% elo% vs. random_no_suicide, avg. reward: -6.390, 1.514 sec/game, 2.2 min. total, 449.8 MB
bullfight_antiviral v4 106 games, 76233 moves, e=0.925, loss: 2.7, +, 50.9% elo% vs. random_no_suicide, avg. reward: -6.381, 1.520 sec/game, 2.2 min. total, 449.3 MB
bullfight_antiviral v4 107 games, 76967 moves, e=0.924, loss: 2.7, +, 53.1% elo% vs. random_no_suicide, avg. reward: -6.377, 1.514 sec/game, 2.3 min. total, 449.7 MB
bullfight_antiviral v4 108 games, 77683 moves, e=0.923, loss: 2.7, +, 55.3% elo% vs. random_no_suicide, avg. reward: -6.368, 1.516 sec/game, 2.3 min. total, 450.2 MB
bullfight_antiviral v4 109 games, 78423 moves, e=0.922, loss: 2.7, +, 57.3% elo% vs. random_no_suicide, avg. reward: -6.362, 1.528 sec/game, 2.3 min. total, 449.7 MB
bullfight_antiviral v4 110 games, 79091 moves, e=0.922, loss: 2.8, -, 54.7% elo% vs. random_no_suicide, avg. reward: -6.371, 1.498 sec/game, 2.3 min. total, 450.3 MB
bullfight_antiviral v4 111 games, 79934 moves, e=0.921, loss: 3.0, -, 52.2% elo% vs. random_no_suicide, avg. reward: -6.362, 1.506 sec/game, 2.4 min. total, 450.3 MB
bullfight_antiviral v4 112 games, 80645 moves, e=0.920, loss: 3.0, +, 54.4% elo% vs. random_no_suicide, avg. reward: -6.361, 1.493 sec/game, 2.4 min. total, 450.0 MB
bullfight_antiviral v4 113 games, 81366 moves, e=0.919, loss: 3.0, -, 51.9% elo% vs. random_no_suicide, avg. reward: -6.357, 1.492 sec/game, 2.4 min. total, 450.0 MB
bullfight_antiviral v4 114 games, 82157 moves, e=0.919, loss: 3.2, ., 51.8% elo% vs. random_no_suicide, avg. reward: -6.353, 1.484 sec/game, 2.4 min. total, 450.5 MB
bullfight_antiviral v4 115 games, 83049 moves, e=0.918, loss: 3.1, +, 54.0% elo% vs. random_no_suicide, avg. reward: -6.336, 1.497 sec/game, 2.5 min. total, 450.7 MB
bullfight_antiviral v4 116 games, 83892 moves, e=0.917, loss: 3.1, +, 56.1% elo% vs. random_no_suicide, avg. reward: -6.323, 1.523 sec/game, 2.5 min. total, 450.9 MB
bullfight_antiviral v4 117 games, 84758 moves, e=0.916, loss: 3.0, ., 55.8% elo% vs. random_no_suicide, avg. reward: -6.315, 1.544 sec/game, 2.5 min. total, 452.8 MB
bullfight_antiviral v4 118 games, 85469 moves, e=0.915, loss: 3.0, +, 57.8% elo% vs. random_no_suicide, avg. reward: -6.308, 1.537 sec/game, 2.6 min. total, 452.6 MB
bullfight_antiviral v4 119 games, 86071 moves, e=0.915, loss: 3.2, +, 59.7% elo% vs. random_no_suicide, avg. reward: -6.318, 1.531 sec/game, 2.6 min. total, 452.6 MB
bullfight_antiviral v4 120 games, 86701 moves, e=0.914, loss: 3.1, -, 57.0% elo% vs. random_no_suicide, avg. reward: -6.325, 1.530 sec/game, 2.6 min. total, 453.2 MB
bullfight_antiviral v4 121 games, 87494 moves, e=0.913, loss: 3.0, -, 54.4% elo% vs. random_no_suicide, avg. reward: -6.309, 1.528 sec/game, 2.6 min. total, 452.8 MB
bullfight_antiviral v4 122 games, 88298 moves, e=0.913, loss: 3.0, +, 56.5% elo% vs. random_no_suicide, avg. reward: -6.287, 1.528 sec/game, 2.7 min. total, 453.4 MB
bullfight_antiviral v4 123 games, 89028 moves, e=0.912, loss: 2.8, +, 58.5% elo% vs. random_no_suicide, avg. reward: -6.289, 1.525 sec/game, 2.7 min. total, 452.9 MB
bullfight_antiviral v4 124 games, 89680 moves, e=0.911, loss: 2.7, -, 55.8% elo% vs. random_no_suicide, avg. reward: -6.300, 1.528 sec/game, 2.7 min. total, 453.1 MB
bullfight_antiviral v4 125 games, 90277 moves, e=0.911, loss: 2.6, +, 57.8% elo% vs. random_no_suicide, avg. reward: -6.300, 1.508 sec/game, 2.7 min. total, 453.1 MB
bullfight_antiviral v4 126 games, 91050 moves, e=0.910, loss: 2.7, +, 59.7% elo% vs. random_no_suicide, avg. reward: -6.288, 1.501 sec/game, 2.7 min. total, 453.4 MB
bullfight_antiviral v4 127 games, 91740 moves, e=0.909, loss: 2.8, +, 61.5% elo% vs. random_no_suicide, avg. reward: -6.296, 1.493 sec/game, 2.8 min. total, 454.2 MB
bullfight_antiviral v4 128 games, 92521 moves, e=0.908, loss: 2.7, ., 61.0% elo% vs. random_no_suicide, avg. reward: -6.282, 1.501 sec/game, 2.8 min. total, 454.6 MB
bullfight_antiviral v4 129 games, 93127 moves, e=0.908, loss: 2.5, -, 58.3% elo% vs. random_no_suicide, avg. reward: -6.301, 1.494 sec/game, 2.8 min. total, 455.1 MB
bullfight_antiviral v4 130 games, 93889 moves, e=0.907, loss: 3.0, +, 60.1% elo% vs. random_no_suicide, avg. reward: -6.288, 1.508 sec/game, 2.8 min. total, 455.3 MB
bullfight_antiviral v4 131 games, 94588 moves, e=0.906, loss: 2.8, +, 61.9% elo% vs. random_no_suicide, avg. reward: -6.293, 1.489 sec/game, 2.9 min. total, 455.5 MB
bullfight_antiviral v4 132 games, 95399 moves, e=0.906, loss: 2.8, -, 59.2% elo% vs. random_no_suicide, avg. reward: -6.281, 1.504 sec/game, 2.9 min. total, 455.6 MB
bullfight_antiviral v4 133 games, 96083 moves, e=0.905, loss: 2.8, +, 61.0% elo% vs. random_no_suicide, avg. reward: -6.280, 1.506 sec/game, 2.9 min. total, 455.1 MB
bullfight_antiviral v4 134 games, 96751 moves, e=0.904, loss: 2.7, -, 58.3% elo% vs. random_no_suicide, avg. reward: -6.282, 1.495 sec/game, 2.9 min. total, 455.8 MB
bullfight_antiviral v4 135 games, 97497 moves, e=0.903, loss: 3.0, +, 60.1% elo% vs. random_no_suicide, avg. reward: -6.294, 1.481 sec/game, 3.0 min. total, 455.2 MB
bullfight_antiviral v4 136 games, 98331 moves, e=0.903, loss: 2.7, -, 57.4% elo% vs. random_no_suicide, avg. reward: -6.281, 1.486 sec/game, 3.0 min. total, 456.1 MB
bullfight_antiviral v4 137 games, 99229 moves, e=0.902, loss: 2.9, +, 59.3% elo% vs. random_no_suicide, avg. reward: -6.257, 1.489 sec/game, 3.0 min. total, 456.0 MB
bullfight_antiviral v4 138 games, 99955 moves, e=0.901, loss: 2.9, +, 61.1% elo% vs. random_no_suicide, avg. reward: -6.257, 1.486 sec/game, 3.0 min. total, 456.4 MB
bullfight_antiviral v4 139 games, 100717 moves, e=0.900, loss: 2.8, -, 58.4% elo% vs. random_no_suicide, avg. reward: -6.250, 1.496 sec/game, 3.1 min. total, 456.4 MB
bullfight_antiviral v4 140 games, 101468 moves, e=0.900, loss: 2.9, -, 55.8% elo% vs. random_no_suicide, avg. reward: -6.252, 1.511 sec/game, 3.1 min. total, 456.6 MB
bullfight_antiviral v4 141 games, 102254 moves, e=0.899, loss: 2.9, +, 57.8% elo% vs. random_no_suicide, avg. reward: -6.248, 1.501 sec/game, 3.1 min. total, 456.5 MB
bullfight_antiviral v4 142 games, 103031 moves, e=0.898, loss: 2.8, +, 59.7% elo% vs. random_no_suicide, avg. reward: -6.239, 1.498 sec/game, 3.2 min. total, 457.2 MB
bullfight_antiviral v4 143 games, 103650 moves, e=0.897, loss: 3.0, +, 61.4% elo% vs. random_no_suicide, avg. reward: -6.250, 1.485 sec/game, 3.2 min. total, 457.2 MB
bullfight_antiviral v4 144 games, 104358 moves, e=0.897, loss: 3.0, +, 63.1% elo% vs. random_no_suicide, avg. reward: -6.258, 1.497 sec/game, 3.2 min. total, 457.6 MB
bullfight_antiviral v4 145 games, 105123 moves, e=0.896, loss: 3.0, ., 62.6% elo% vs. random_no_suicide, avg. reward: -6.256, 1.510 sec/game, 3.2 min. total, 457.2 MB
bullfight_antiviral v4 146 games, 105881 moves, e=0.895, loss: 3.2, ., 62.0% elo% vs. random_no_suicide, avg. reward: -6.245, 1.505 sec/game, 3.2 min. total, 457.8 MB
bullfight_antiviral v4 147 games, 106634 moves, e=0.894, loss: 3.3, +, 63.6% elo% vs. random_no_suicide, avg. reward: -6.247, 1.514 sec/game, 3.3 min. total, 458.4 MB
bullfight_antiviral v4 148 games, 107292 moves, e=0.894, loss: 3.5, +, 65.2% elo% vs. random_no_suicide, avg. reward: -6.240, 1.500 sec/game, 3.3 min. total, 458.6 MB
bullfight_antiviral v4 149 games, 108097 moves, e=0.893, loss: 3.6, +, 66.6% elo% vs. random_no_suicide, avg. reward: -6.222, 1.509 sec/game, 3.3 min. total, 458.6 MB
bullfight_antiviral v4 150 games, 108987 moves, e=0.892, loss: 3.7, +, 68.0% elo% vs. random_no_suicide, avg. reward: -6.208, 1.520 sec/game, 3.4 min. total, 458.6 MB
bullfight_antiviral v4 151 games, 109789 moves, e=0.891, loss: 3.6, +, 69.2% elo% vs. random_no_suicide, avg. reward: -6.201, 1.529 sec/game, 3.4 min. total, 458.7 MB
bullfight_antiviral v4 152 games, 110600 moves, e=0.891, loss: 3.5, +, 70.4% elo% vs. random_no_suicide, avg. reward: -6.190, 1.528 sec/game, 3.4 min. total, 459.0 MB
bullfight_antiviral v5 153 games, 111396 moves, e=0.890, loss: 3.3, -, 49.9% elo% vs. simple_bot, avg. reward: -6.187, 1.539 sec/game, 3.4 min. total, 460.0 MB
bullfight_antiviral v5 154 games, 112147 moves, e=0.889, loss: 3.4, -, 47.6% elo% vs. simple_bot, avg. reward: -6.176, 1.551 sec/game, 3.5 min. total, 460.9 MB
bullfight_antiviral v5 155 games, 113034 moves, e=0.888, loss: 3.4, -, 45.4% elo% vs. simple_bot, avg. reward: -6.154, 1.565 sec/game, 3.5 min. total, 462.4 MB
bullfight_antiviral v5 156 games, 113804 moves, e=0.887, loss: 3.3, -, 43.4% elo% vs. simple_bot, avg. reward: -6.166, 1.556 sec/game, 3.5 min. total, 463.0 MB
bullfight_antiviral v5 157 games, 114560 moves, e=0.887, loss: 3.2, -, 41.4% elo% vs. simple_bot, avg. reward: -6.170, 1.542 sec/game, 3.5 min. total, 463.0 MB
bullfight_antiviral v5 158 games, 115250 moves, e=0.886, loss: 3.3, -, 39.6% elo% vs. simple_bot, avg. reward: -6.173, 1.539 sec/game, 3.6 min. total, 463.1 MB
bullfight_antiviral v5 159 games, 115955 moves, e=0.885, loss: 3.3, -, 37.8% elo% vs. simple_bot, avg. reward: -6.172, 1.529 sec/game, 3.6 min. total, 463.3 MB
bullfight_antiviral v5 160 games, 116694 moves, e=0.884, loss: 3.1, -, 36.2% elo% vs. simple_bot, avg. reward: -6.180, 1.526 sec/game, 3.6 min. total, 462.9 MB
bullfight_antiviral v5 161 games, 117473 moves, e=0.884, loss: 3.1, -, 34.7% elo% vs. simple_bot, avg. reward: -6.168, 1.518 sec/game, 3.6 min. total, 463.0 MB
bullfight_antiviral v5 162 games, 118271 moves, e=0.883, loss: 2.9, -, 33.3% elo% vs. simple_bot, avg. reward: -6.161, 1.511 sec/game, 3.7 min. total, 463.6 MB
bullfight_antiviral v5 163 games, 118984 moves, e=0.882, loss: 2.8, -, 31.9% elo% vs. simple_bot, avg. reward: -6.158, 1.520 sec/game, 3.7 min. total, 463.9 MB
bullfight_antiviral v5 164 games, 119905 moves, e=0.881, loss: 3.0, -, 30.6% elo% vs. simple_bot, avg. reward: -6.149, 1.538 sec/game, 3.7 min. total, 464.1 MB
bullfight_antiviral v5 165 games, 120724 moves, e=0.880, loss: 3.0, -, 29.5% elo% vs. simple_bot, avg. reward: -6.135, 1.552 sec/game, 3.7 min. total, 464.6 MB
bullfight_antiviral v5 166 games, 121546 moves, e=0.880, loss: 2.9, -, 28.3% elo% vs. simple_bot, avg. reward: -6.129, 1.561 sec/game, 3.8 min. total, 464.6 MB
bullfight_antiviral v5 167 games, 122290 moves, e=0.879, loss: 3.1, -, 27.3% elo% vs. simple_bot, avg. reward: -6.129, 1.562 sec/game, 3.8 min. total, 464.5 MB
bullfight_antiviral v5 168 games, 123147 moves, e=0.878, loss: 3.0, -, 26.3% elo% vs. simple_bot, avg. reward: -6.115, 1.602 sec/game, 3.8 min. total, 464.6 MB
bullfight_antiviral v5 169 games, 124002 moves, e=0.877, loss: 3.1, -, 25.4% elo% vs. simple_bot, avg. reward: -6.103, 1.604 sec/game, 3.9 min. total, 464.7 MB
bullfight_antiviral v5 170 games, 124661 moves, e=0.877, loss: 3.2, -, 24.5% elo% vs. simple_bot, avg. reward: -6.107, 1.574 sec/game, 3.9 min. total, 464.7 MB
bullfight_antiviral v5 171 games, 125369 moves, e=0.876, loss: 3.2, -, 23.7% elo% vs. simple_bot, avg. reward: -6.107, 1.566 sec/game, 3.9 min. total, 465.5 MB
bullfight_antiviral v5 172 games, 126129 moves, e=0.875, loss: 3.2, -, 22.9% elo% vs. simple_bot, avg. reward: -6.109, 1.549 sec/game, 3.9 min. total, 466.4 MB
bullfight_antiviral v5 173 games, 126933 moves, e=0.874, loss: 3.2, -, 22.2% elo% vs. simple_bot, avg. reward: -6.104, 1.544 sec/game, 3.9 min. total, 466.5 MB
bullfight_antiviral v5 174 games, 127787 moves, e=0.873, loss: 3.3, -, 21.5% elo% vs. simple_bot, avg. reward: -6.095, 1.555 sec/game, 4.0 min. total, 466.5 MB
bullfight_antiviral v5 175 games, 128560 moves, e=0.873, loss: 3.4, -, 20.8% elo% vs. simple_bot, avg. reward: -6.078, 1.542 sec/game, 4.0 min. total, 466.9 MB
bullfight_antiviral v5 176 games, 129292 moves, e=0.872, loss: 3.2, -, 20.2% elo% vs. simple_bot, avg. reward: -6.078, 1.530 sec/game, 4.0 min. total, 467.0 MB
bullfight_antiviral v5 177 games, 130128 moves, e=0.871, loss: 3.1, -, 19.6% elo% vs. simple_bot, avg. reward: -6.074, 1.531 sec/game, 4.0 min. total, 467.0 MB
bullfight_antiviral v5 178 games, 131045 moves, e=0.870, loss: 3.1, -, 19.0% elo% vs. simple_bot, avg. reward: -6.060, 1.548 sec/game, 4.1 min. total, 466.8 MB
bullfight_antiviral v5 179 games, 131756 moves, e=0.870, loss: 3.2, -, 18.5% elo% vs. simple_bot, avg. reward: -6.066, 1.551 sec/game, 4.1 min. total, 467.9 MB
bullfight_antiviral v5 180 games, 132587 moves, e=0.869, loss: 3.7, -, 18.0% elo% vs. simple_bot, avg. reward: -6.050, 1.547 sec/game, 4.1 min. total, 469.0 MB
bullfight_antiviral v5 181 games, 133341 moves, e=0.868, loss: 3.6, -, 17.5% elo% vs. simple_bot, avg. reward: -6.050, 1.572 sec/game, 4.2 min. total, 469.2 MB
bullfight_antiviral v5 182 games, 134186 moves, e=0.867, loss: 3.4, -, 17.0% elo% vs. simple_bot, avg. reward: -6.029, 1.598 sec/game, 4.2 min. total, 469.4 MB
bullfight_antiviral v5 183 games, 134952 moves, e=0.866, loss: 3.4, -, 16.6% elo% vs. simple_bot, avg. reward: -6.028, 1.604 sec/game, 4.2 min. total, 469.2 MB
bullfight_antiviral v5 184 games, 135635 moves, e=0.866, loss: 3.4, -, 16.2% elo% vs. simple_bot, avg. reward: -6.025, 1.573 sec/game, 4.2 min. total, 469.8 MB
bullfight_antiviral v5 185 games, 136406 moves, e=0.865, loss: 3.6, -, 15.8% elo% vs. simple_bot, avg. reward: -6.018, 1.569 sec/game, 4.3 min. total, 469.3 MB
bullfight_antiviral v5 186 games, 137172 moves, e=0.864, loss: 3.3, -, 15.4% elo% vs. simple_bot, avg. reward: -6.017, 1.554 sec/game, 4.3 min. total, 470.0 MB
bullfight_antiviral v5 187 games, 137870 moves, e=0.864, loss: 3.3, -, 15.0% elo% vs. simple_bot, avg. reward: -6.021, 1.554 sec/game, 4.3 min. total, 470.2 MB
bullfight_antiviral v5 188 games, 138676 moves, e=0.863, loss: 3.3, -, 14.7% elo% vs. simple_bot, avg. reward: -6.016, 1.532 sec/game, 4.3 min. total, 471.4 MB
bullfight_antiviral v5 189 games, 139598 moves, e=0.862, loss: 3.7, -, 14.3% elo% vs. simple_bot, avg. reward: -5.985, 1.547 sec/game, 4.4 min. total, 471.1 MB
bullfight_antiviral v5 190 games, 140351 moves, e=0.861, loss: 3.9, -, 14.0% elo% vs. simple_bot, avg. reward: -5.991, 1.560 sec/game, 4.4 min. total, 471.2 MB
bullfight_antiviral v5 191 games, 141117 moves, e=0.860, loss: 3.9, -, 13.7% elo% vs. simple_bot, avg. reward: -5.989, 1.566 sec/game, 4.4 min. total, 471.1 MB
bullfight_antiviral v5 192 games, 141745 moves, e=0.860, loss: 3.9, -, 13.4% elo% vs. simple_bot, avg. reward: -6.015, 1.561 sec/game, 4.4 min. total, 471.2 MB
bullfight_antiviral v5 193 games, 142483 moves, e=0.859, loss: 3.7, -, 13.1% elo% vs. simple_bot, avg. reward: -6.006, 1.562 sec/game, 4.5 min. total, 471.2 MB
bullfight_antiviral v5 194 games, 143305 moves, e=0.858, loss: 3.7, -, 12.9% elo% vs. simple_bot, avg. reward: -6.004, 1.557 sec/game, 4.5 min. total, 471.8 MB
bullfight_antiviral v5 195 games, 143956 moves, e=0.857, loss: 3.7, -, 12.6% elo% vs. simple_bot, avg. reward: -6.003, 1.544 sec/game, 4.5 min. total, 473.0 MB
bullfight_antiviral v5 196 games, 144641 moves, e=0.857, loss: 4.0, -, 12.3% elo% vs. simple_bot, avg. reward: -5.997, 1.543 sec/game, 4.5 min. total, 473.5 MB
bullfight_antiviral v5 197 games, 145509 moves, e=0.856, loss: 4.1, -, 12.1% elo% vs. simple_bot, avg. reward: -5.993, 1.553 sec/game, 4.6 min. total, 473.2 MB
bullfight_antiviral v5 198 games, 146346 moves, e=0.855, loss: 4.1, -, 11.9% elo% vs. simple_bot, avg. reward: -5.990, 1.554 sec/game, 4.6 min. total, 473.3 MB
bullfight_antiviral v5 199 games, 147032 moves, e=0.854, loss: 3.9, -, 11.6% elo% vs. simple_bot, avg. reward: -5.991, 1.548 sec/game, 4.6 min. total, 473.1 MB
bullfight_antiviral v5 200 games, 147776 moves, e=0.854, loss: 3.8, -, 11.4% elo% vs. simple_bot, avg. reward: -5.987, 1.552 sec/game, 4.6 min. total, 473.7 MB
bullfight_antiviral v6 201 games, 148646 moves, e=0.853, loss: 3.7, -, 47.7% elo% vs. simple_bot, avg. reward: -5.977, 1.549 sec/game, 4.7 min. total, 473.2 MB
bullfight_antiviral v6 202 games, 149583 moves, e=0.852, loss: 3.6, -, 45.5% elo% vs. simple_bot, avg. reward: -5.961, 1.538 sec/game, 4.7 min. total, 473.3 MB
bullfight_antiviral v6 203 games, 150375 moves, e=0.851, loss: 3.7, -, 43.4% elo% vs. simple_bot, avg. reward: -5.952, 1.534 sec/game, 4.7 min. total, 473.9 MB
bullfight_antiviral v6 204 games, 151227 moves, e=0.850, loss: 3.8, -, 41.5% elo% vs. simple_bot, avg. reward: -5.945, 1.555 sec/game, 4.8 min. total, 474.3 MB
bullfight_antiviral v6 205 games, 151951 moves, e=0.850, loss: 3.9, -, 39.6% elo% vs. simple_bot, avg. reward: -5.937, 1.539 sec/game, 4.8 min. total, 474.4 MB
bullfight_antiviral v6 206 games, 152896 moves, e=0.849, loss: 3.9, -, 37.9% elo% vs. simple_bot, avg. reward: -5.930, 1.558 sec/game, 4.8 min. total, 474.6 MB
bullfight_antiviral v6 207 games, 153633 moves, e=0.848, loss: 3.5, -, 36.3% elo% vs. simple_bot, avg. reward: -5.928, 1.555 sec/game, 4.8 min. total, 475.1 MB
bullfight_antiviral v6 208 games, 154472 moves, e=0.847, loss: 3.3, -, 34.8% elo% vs. simple_bot, avg. reward: -5.917, 1.552 sec/game, 4.9 min. total, 475.1 MB
bullfight_antiviral v6 209 games, 155246 moves, e=0.846, loss: 3.5, -, 33.3% elo% vs. simple_bot, avg. reward: -5.914, 1.532 sec/game, 4.9 min. total, 474.9 MB
bullfight_antiviral v6 210 games, 155944 moves, e=0.846, loss: 3.6, -, 32.0% elo% vs. simple_bot, avg. reward: -5.911, 1.529 sec/game, 4.9 min. total, 475.7 MB
bullfight_antiviral v6 211 games, 156783 moves, e=0.845, loss: 3.6, -, 30.7% elo% vs. simple_bot, avg. reward: -5.907, 1.528 sec/game, 4.9 min. total, 477.0 MB
bullfight_antiviral v6 212 games, 157540 moves, e=0.844, loss: 3.9, -, 29.5% elo% vs. simple_bot, avg. reward: -5.904, 1.540 sec/game, 5.0 min. total, 477.1 MB
bullfight_antiviral v6 213 games, 158351 moves, e=0.843, loss: 3.8, -, 28.4% elo% vs. simple_bot, avg. reward: -5.901, 1.554 sec/game, 5.0 min. total, 477.3 MB
bullfight_antiviral v6 214 games, 159179 moves, e=0.842, loss: 3.9, -, 27.3% elo% vs. simple_bot, avg. reward: -5.901, 1.548 sec/game, 5.0 min. total, 477.5 MB
bullfight_antiviral v6 215 games, 159965 moves, e=0.842, loss: 4.1, -, 26.4% elo% vs. simple_bot, avg. reward: -5.903, 1.552 sec/game, 5.0 min. total, 477.9 MB
bullfight_antiviral v6 216 games, 160719 moves, e=0.841, loss: 4.1, -, 25.4% elo% vs. simple_bot, avg. reward: -5.910, 1.551 sec/game, 5.1 min. total, 477.5 MB
bullfight_antiviral v6 217 games, 161505 moves, e=0.840, loss: 4.0, -, 24.5% elo% vs. simple_bot, avg. reward: -5.911, 1.532 sec/game, 5.1 min. total, 477.5 MB
bullfight_antiviral v6 218 games, 162254 moves, e=0.839, loss: 4.2, -, 23.7% elo% vs. simple_bot, avg. reward: -5.903, 1.519 sec/game, 5.1 min. total, 477.6 MB
bullfight_antiviral v6 219 games, 162978 moves, e=0.839, loss: 4.2, -, 22.9% elo% vs. simple_bot, avg. reward: -5.888, 1.525 sec/game, 5.1 min. total, 478.6 MB
bullfight_antiviral v6 220 games, 163792 moves, e=0.838, loss: 4.2, -, 22.2% elo% vs. simple_bot, avg. reward: -5.869, 1.519 sec/game, 5.1 min. total, 478.7 MB
bullfight_antiviral v6 221 games, 164705 moves, e=0.837, loss: 4.3, -, 21.5% elo% vs. simple_bot, avg. reward: -5.863, 1.510 sec/game, 5.2 min. total, 478.9 MB
bullfight_antiviral v6 222 games, 165456 moves, e=0.836, loss: 4.4, -, 20.8% elo% vs. simple_bot, avg. reward: -5.867, 1.496 sec/game, 5.2 min. total, 478.9 MB
bullfight_antiviral v6 223 games, 166149 moves, e=0.836, loss: 4.4, -, 20.2% elo% vs. simple_bot, avg. reward: -5.871, 1.488 sec/game, 5.2 min. total, 479.1 MB
bullfight_antiviral v6 224 games, 166957 moves, e=0.835, loss: 4.1, -, 19.6% elo% vs. simple_bot, avg. reward: -5.856, 1.473 sec/game, 5.2 min. total, 480.8 MB
bullfight_antiviral v6 225 games, 167835 moves, e=0.834, loss: 4.2, -, 19.1% elo% vs. simple_bot, avg. reward: -5.828, 1.482 sec/game, 5.3 min. total, 480.0 MB
bullfight_antiviral v6 226 games, 168770 moves, e=0.833, loss: 4.0, -, 18.5% elo% vs. simple_bot, avg. reward: -5.815, 1.473 sec/game, 5.3 min. total, 480.2 MB
bullfight_antiviral v6 227 games, 169720 moves, e=0.832, loss: 4.1, -, 18.0% elo% vs. simple_bot, avg. reward: -5.794, 1.481 sec/game, 5.3 min. total, 481.5 MB
bullfight_antiviral v6 228 games, 170353 moves, e=0.831, loss: 4.2, -, 17.5% elo% vs. simple_bot, avg. reward: -5.808, 1.488 sec/game, 5.4 min. total, 481.4 MB
bullfight_antiviral v6 229 games, 171146 moves, e=0.831, loss: 4.0, -, 17.1% elo% vs. simple_bot, avg. reward: -5.787, 1.504 sec/game, 5.4 min. total, 481.5 MB
bullfight_antiviral v6 230 games, 171963 moves, e=0.830, loss: 4.0, -, 16.6% elo% vs. simple_bot, avg. reward: -5.780, 1.505 sec/game, 5.4 min. total, 481.6 MB
bullfight_antiviral v6 231 games, 172861 moves, e=0.829, loss: 4.0, -, 16.2% elo% vs. simple_bot, avg. reward: -5.761, 1.524 sec/game, 5.4 min. total, 481.7 MB
bullfight_antiviral v6 232 games, 173736 moves, e=0.828, loss: 3.9, -, 15.8% elo% vs. simple_bot, avg. reward: -5.759, 1.534 sec/game, 5.5 min. total, 481.7 MB
bullfight_antiviral v6 233 games, 174512 moves, e=0.827, loss: 4.0, -, 15.4% elo% vs. simple_bot, avg. reward: -5.750, 1.520 sec/game, 5.5 min. total, 481.8 MB
bullfight_antiviral v6 234 games, 175270 moves, e=0.826, loss: 4.1, -, 15.1% elo% vs. simple_bot, avg. reward: -5.736, 1.516 sec/game, 5.5 min. total, 482.0 MB
bullfight_antiviral v6 235 games, 176084 moves, e=0.826, loss: 4.0, -, 14.7% elo% vs. simple_bot, avg. reward: -5.732, 1.524 sec/game, 5.5 min. total, 482.4 MB
bullfight_antiviral v6 236 games, 176933 moves, e=0.825, loss: 4.0, -, 14.4% elo% vs. simple_bot, avg. reward: -5.730, 1.532 sec/game, 5.6 min. total, 482.2 MB
bullfight_antiviral v6 237 games, 177840 moves, e=0.824, loss: 4.2, -, 14.0% elo% vs. simple_bot, avg. reward: -5.731, 1.545 sec/game, 5.6 min. total, 482.2 MB
bullfight_antiviral v6 238 games, 178654 moves, e=0.823, loss: 4.4, -, 13.7% elo% vs. simple_bot, avg. reward: -5.721, 1.546 sec/game, 5.6 min. total, 482.1 MB
bullfight_antiviral v6 239 games, 179596 moves, e=0.822, loss: 4.2, -, 13.4% elo% vs. simple_bot, avg. reward: -5.708, 1.565 sec/game, 5.6 min. total, 482.2 MB
bullfight_antiviral v6 240 games, 180406 moves, e=0.821, loss: 4.2, -, 13.1% elo% vs. simple_bot, avg. reward: -5.705, 1.566 sec/game, 5.7 min. total, 483.3 MB
bullfight_antiviral v6 241 games, 181140 moves, e=0.821, loss: 4.1, -, 12.9% elo% vs. simple_bot, avg. reward: -5.703, 1.553 sec/game, 5.7 min. total, 483.6 MB
bullfight_antiviral v6 242 games, 181915 moves, e=0.820, loss: 4.0, -, 12.6% elo% vs. simple_bot, avg. reward: -5.700, 1.553 sec/game, 5.7 min. total, 484.8 MB
bullfight_antiviral v6 243 games, 182717 moves, e=0.819, loss: 3.8, -, 12.4% elo% vs. simple_bot, avg. reward: -5.677, 1.556 sec/game, 5.7 min. total, 484.9 MB
bullfight_antiviral v6 244 games, 183565 moves, e=0.818, loss: 4.0, -, 12.1% elo% vs. simple_bot, avg. reward: -5.665, 1.564 sec/game, 5.8 min. total, 485.5 MB
bullfight_antiviral v6 245 games, 184456 moves, e=0.817, loss: 4.2, -, 11.9% elo% vs. simple_bot, avg. reward: -5.652, 1.565 sec/game, 5.8 min. total, 485.5 MB
bullfight_antiviral v6 246 games, 185265 moves, e=0.817, loss: 4.2, -, 11.7% elo% vs. simple_bot, avg. reward: -5.647, 1.556 sec/game, 5.8 min. total, 485.6 MB
bullfight_antiviral v6 247 games, 186146 moves, e=0.816, loss: 3.9, -, 11.4% elo% vs. simple_bot, avg. reward: -5.635, 1.552 sec/game, 5.8 min. total, 485.1 MB
bullfight_antiviral v6 248 games, 186902 moves, e=0.815, loss: 4.1, -, 11.2% elo% vs. simple_bot, avg. reward: -5.628, 1.535 sec/game, 5.9 min. total, 485.2 MB
bullfight_antiviral v6 249 games, 187864 moves, e=0.814, loss: 4.2, -, 11.0% elo% vs. simple_bot, avg. reward: -5.616, 1.528 sec/game, 5.9 min. total, 487.1 MB
bullfight_antiviral v6 250 games, 188677 moves, e=0.813, loss: 3.9, -, 10.8% elo% vs. simple_bot, avg. reward: -5.618, 1.538 sec/game, 5.9 min. total, 487.6 MB
bullfight_antiviral v6 251 games, 189520 moves, e=0.812, loss: 3.9, -, 10.6% elo% vs. simple_bot, avg. reward: -5.616, 1.515 sec/game, 5.9 min. total, 487.7 MB
bullfight_antiviral v6 252 games, 190250 moves, e=0.812, loss: 4.2, -, 10.4% elo% vs. simple_bot, avg. reward: -5.626, 1.501 sec/game, 6.0 min. total, 487.6 MB
bullfight_antiviral v6 253 games, 191166 moves, e=0.811, loss: 4.5, -, 10.3% elo% vs. simple_bot, avg. reward: -5.616, 1.512 sec/game, 6.0 min. total, 487.9 MB
bullfight_antiviral v6 254 games, 192036 moves, e=0.810, loss: 4.4, -, 10.1% elo% vs. simple_bot, avg. reward: -5.604, 1.522 sec/game, 6.0 min. total, 487.9 MB
bullfight_antiviral v6 255 games, 192917 moves, e=0.809, loss: 4.4, -, 9.9% elo% vs. simple_bot, avg. reward: -5.606, 1.527 sec/game, 6.0 min. total, 488.1 MB
bullfight_antiviral v6 256 games, 193614 moves, e=0.808, loss: 4.7, -, 9.8% elo% vs. simple_bot, avg. reward: -5.608, 1.508 sec/game, 6.1 min. total, 488.1 MB
bullfight_antiviral v6 257 games, 194230 moves, e=0.808, loss: 4.5, -, 9.6% elo% vs. simple_bot, avg. reward: -5.624, 1.488 sec/game, 6.1 min. total, 488.7 MB
bullfight_antiviral v6 258 games, 195100 moves, e=0.807, loss: 4.8, -, 9.5% elo% vs. simple_bot, avg. reward: -5.611, 1.507 sec/game, 6.1 min. total, 489.0 MB
bullfight_antiviral v6 259 games, 195998 moves, e=0.806, loss: 4.7, -, 9.3% elo% vs. simple_bot, avg. reward: -5.593, 1.499 sec/game, 6.1 min. total, 488.5 MB
bullfight_antiviral v6 260 games, 196703 moves, e=0.805, loss: 4.8, -, 9.2% elo% vs. simple_bot, avg. reward: -5.597, 1.488 sec/game, 6.2 min. total, 488.7 MB
bullfight_antiviral v6 261 games, 197594 moves, e=0.804, loss: 4.7, -, 9.0% elo% vs. simple_bot, avg. reward: -5.586, 1.500 sec/game, 6.2 min. total, 489.2 MB
bullfight_antiviral v6 262 games, 198408 moves, e=0.804, loss: 4.9, -, 8.9% elo% vs. simple_bot, avg. reward: -5.582, 1.511 sec/game, 6.2 min. total, 489.4 MB
bullfight_antiviral v6 263 games, 199314 moves, e=0.803, loss: 4.9, -, 8.8% elo% vs. simple_bot, avg. reward: -5.564, 1.524 sec/game, 6.2 min. total, 489.2 MB
bullfight_antiviral v6 264 games, 200173 moves, e=0.802, loss: 4.7, -, 8.6% elo% vs. simple_bot, avg. reward: -5.564, 1.523 sec/game, 6.3 min. total, 490.8 MB
bullfight_antiviral v6 265 games, 200937 moves, e=0.801, loss: 5.1, -, 8.5% elo% vs. simple_bot, avg. reward: -5.571, 1.522 sec/game, 6.3 min. total, 490.6 MB
bullfight_antiviral v6 266 games, 201805 moves, e=0.800, loss: 5.0, -, 8.4% elo% vs. simple_bot, avg. reward: -5.563, 1.532 sec/game, 6.3 min. total, 490.6 MB
bullfight_antiviral v6 267 games, 202587 moves, e=0.799, loss: 4.8, -, 8.3% elo% vs. simple_bot, avg. reward: -5.560, 1.534 sec/game, 6.4 min. total, 490.3 MB
bullfight_antiviral v6 268 games, 203548 moves, e=0.798, loss: 4.8, -, 8.1% elo% vs. simple_bot, avg. reward: -5.552, 1.577 sec/game, 6.4 min. total, 490.4 MB
bullfight_antiviral v6 269 games, 204308 moves, e=0.798, loss: 4.9, -, 8.0% elo% vs. simple_bot, avg. reward: -5.555, 1.583 sec/game, 6.4 min. total, 490.5 MB
bullfight_antiviral v6 270 games, 205305 moves, e=0.797, loss: 4.8, -, 7.9% elo% vs. simple_bot, avg. reward: -5.524, 1.612 sec/game, 6.5 min. total, 490.5 MB
bullfight_antiviral v6 271 games, 206287 moves, e=0.796, loss: 4.6, -, 7.8% elo% vs. simple_bot, avg. reward: -5.502, 1.664 sec/game, 6.5 min. total, 491.7 MB
bullfight_antiviral v6 272 games, 207131 moves, e=0.795, loss: 4.7, -, 7.7% elo% vs. simple_bot, avg. reward: -5.495, 1.706 sec/game, 6.5 min. total, 492.1 MB
bullfight_antiviral v6 273 games, 208081 moves, e=0.794, loss: 4.7, -, 7.6% elo% vs. simple_bot, avg. reward: -5.486, 1.719 sec/game, 6.6 min. total, 492.8 MB
bullfight_antiviral v6 274 games, 208818 moves, e=0.793, loss: 4.8, -, 7.5% elo% vs. simple_bot, avg. reward: -5.496, 1.744 sec/game, 6.6 min. total, 492.4 MB
bullfight_antiviral v6 275 games, 209636 moves, e=0.792, loss: 4.7, -, 7.4% elo% vs. simple_bot, avg. reward: -5.492, 1.752 sec/game, 6.6 min. total, 492.4 MB
bullfight_antiviral v6 276 games, 210417 moves, e=0.792, loss: 4.6, -, 7.3% elo% vs. simple_bot, avg. reward: -5.492, 1.775 sec/game, 6.7 min. total, 492.4 MB
bullfight_antiviral v6 277 games, 211501 moves, e=0.791, loss: 4.3, -, 7.2% elo% vs. simple_bot, avg. reward: -5.476, 1.828 sec/game, 6.7 min. total, 492.5 MB
bullfight_antiviral v6 278 games, 212409 moves, e=0.790, loss: 4.3, -, 7.2% elo% vs. simple_bot, avg. reward: -5.480, 1.850 sec/game, 6.7 min. total, 493.4 MB
bullfight_antiviral v6 279 games, 213086 moves, e=0.789, loss: 4.4, -, 7.1% elo% vs. simple_bot, avg. reward: -5.482, 1.831 sec/game, 6.8 min. total, 495.5 MB
bullfight_antiviral v6 280 games, 213923 moves, e=0.788, loss: 4.5, -, 7.0% elo% vs. simple_bot, avg. reward: -5.481, 1.864 sec/game, 6.8 min. total, 495.2 MB
bullfight_antiviral v6 281 games, 214719 moves, e=0.787, loss: 4.5, -, 6.9% elo% vs. simple_bot, avg. reward: -5.476, 1.867 sec/game, 6.8 min. total, 495.8 MB
bullfight_antiviral v6 282 games, 215554 moves, e=0.787, loss: 4.7, -, 6.8% elo% vs. simple_bot, avg. reward: -5.480, 1.879 sec/game, 6.8 min. total, 495.8 MB
bullfight_antiviral v6 283 games, 216397 moves, e=0.786, loss: 4.9, -, 6.7% elo% vs. simple_bot, avg. reward: -5.472, 1.886 sec/game, 6.9 min. total, 495.5 MB
bullfight_antiviral v6 284 games, 217352 moves, e=0.785, loss: 4.7, -, 6.7% elo% vs. simple_bot, avg. reward: -5.449, 1.927 sec/game, 6.9 min. total, 495.8 MB
bullfight_antiviral v6 285 games, 218338 moves, e=0.784, loss: 4.8, -, 6.6% elo% vs. simple_bot, avg. reward: -5.430, 1.946 sec/game, 6.9 min. total, 495.6 MB
bullfight_antiviral v6 286 games, 219279 moves, e=0.783, loss: 4.5, -, 6.5% elo% vs. simple_bot, avg. reward: -5.417, 1.968 sec/game, 7.0 min. total, 496.1 MB
bullfight_antiviral v6 287 games, 220242 moves, e=0.782, loss: 4.5, -, 6.4% elo% vs. simple_bot, avg. reward: -5.396, 1.982 sec/game, 7.0 min. total, 496.4 MB
bullfight_antiviral v6 288 games, 220986 moves, e=0.781, loss: 4.7, -, 6.4% elo% vs. simple_bot, avg. reward: -5.398, 1.949 sec/game, 7.0 min. total, 496.7 MB
bullfight_antiviral v6 289 games, 221804 moves, e=0.780, loss: 4.6, -, 6.3% elo% vs. simple_bot, avg. reward: -5.398, 1.943 sec/game, 7.1 min. total, 496.6 MB
bullfight_antiviral v6 290 games, 222888 moves, e=0.779, loss: 4.8, -, 6.2% elo% vs. simple_bot, avg. reward: -5.378, 1.944 sec/game, 7.1 min. total, 496.7 MB
bullfight_antiviral v6 291 games, 223757 moves, e=0.778, loss: 4.8, -, 6.2% elo% vs. simple_bot, avg. reward: -5.373, 1.910 sec/game, 7.1 min. total, 496.7 MB
bullfight_antiviral v6 292 games, 224494 moves, e=0.778, loss: 4.8, -, 6.1% elo% vs. simple_bot, avg. reward: -5.359, 1.864 sec/game, 7.2 min. total, 496.7 MB
bullfight_antiviral v6 293 games, 225534 moves, e=0.777, loss: 4.8, -, 6.0% elo% vs. simple_bot, avg. reward: -5.340, 1.869 sec/game, 7.2 min. total, 498.1 MB
bullfight_antiviral v6 294 games, 226460 moves, e=0.776, loss: 4.8, -, 6.0% elo% vs. simple_bot, avg. reward: -5.333, 1.877 sec/game, 7.2 min. total, 499.0 MB
bullfight_antiviral v6 295 games, 227288 moves, e=0.775, loss: 5.0, -, 5.9% elo% vs. simple_bot, avg. reward: -5.320, 1.879 sec/game, 7.3 min. total, 500.1 MB
bullfight_antiviral v6 296 games, 228106 moves, e=0.774, loss: 4.9, -, 5.8% elo% vs. simple_bot, avg. reward: -5.304, 1.898 sec/game, 7.3 min. total, 499.2 MB
bullfight_antiviral v6 297 games, 229100 moves, e=0.773, loss: 4.9, -, 5.8% elo% vs. simple_bot, avg. reward: -5.294, 1.886 sec/game, 7.3 min. total, 499.2 MB
bullfight_antiviral v6 298 games, 229992 moves, e=0.772, loss: 4.9, -, 5.7% elo% vs. simple_bot, avg. reward: -5.289, 1.882 sec/game, 7.4 min. total, 500.0 MB
bullfight_antiviral v6 299 games, 230878 moves, e=0.771, loss: 5.0, -, 5.7% elo% vs. simple_bot, avg. reward: -5.272, 1.918 sec/game, 7.4 min. total, 499.6 MB
bullfight_antiviral v6 300 games, 231790 moves, e=0.771, loss: 4.7, -, 5.6% elo% vs. simple_bot, avg. reward: -5.262, 1.923 sec/game, 7.4 min. total, 500.1 MB
bullfight_antiviral v7 301 games, 232463 moves, e=0.770, loss: 4.4, -, 47.7% elo% vs. simple_bot, avg. reward: -5.277, 1.917 sec/game, 7.5 min. total, 502.0 MB
bullfight_antiviral v7 302 games, 233467 moves, e=0.769, loss: 4.6, -, 45.5% elo% vs. simple_bot, avg. reward: -5.271, 1.924 sec/game, 7.5 min. total, 502.3 MB
bullfight_antiviral v7 303 games, 234384 moves, e=0.768, loss: 4.7, -, 43.4% elo% vs. simple_bot, avg. reward: -5.260, 1.933 sec/game, 7.5 min. total, 502.3 MB
bullfight_antiviral v7 304 games, 235375 moves, e=0.767, loss: 4.6, -, 41.5% elo% vs. simple_bot, avg. reward: -5.247, 1.904 sec/game, 7.6 min. total, 502.2 MB
bullfight_antiviral v7 305 games, 236234 moves, e=0.766, loss: 5.0, -, 39.6% elo% vs. simple_bot, avg. reward: -5.236, 1.895 sec/game, 7.6 min. total, 502.6 MB
bullfight_antiviral v7 306 games, 237193 moves, e=0.765, loss: 4.6, -, 37.9% elo% vs. simple_bot, avg. reward: -5.228, 1.894 sec/game, 7.6 min. total, 502.4 MB
bullfight_antiviral v7 307 games, 238090 moves, e=0.764, loss: 4.7, -, 36.3% elo% vs. simple_bot, avg. reward: -5.217, 1.886 sec/game, 7.6 min. total, 502.7 MB
bullfight_antiviral v7 308 games, 238838 moves, e=0.764, loss: 4.5, -, 34.8% elo% vs. simple_bot, avg. reward: -5.225, 1.877 sec/game, 7.7 min. total, 502.9 MB
bullfight_antiviral v7 309 games, 239543 moves, e=0.763, loss: 4.5, -, 33.3% elo% vs. simple_bot, avg. reward: -5.231, 1.872 sec/game, 7.7 min. total, 503.9 MB
bullfight_antiviral v7 310 games, 240334 moves, e=0.762, loss: 4.8, -, 32.0% elo% vs. simple_bot, avg. reward: -5.220, 1.838 sec/game, 7.7 min. total, 504.4 MB
bullfight_antiviral v7 311 games, 241273 moves, e=0.761, loss: 5.0, -, 30.7% elo% vs. simple_bot, avg. reward: -5.219, 1.839 sec/game, 7.7 min. total, 504.4 MB
bullfight_antiviral v7 312 games, 242022 moves, e=0.760, loss: 5.1, -, 29.5% elo% vs. simple_bot, avg. reward: -5.219, 1.849 sec/game, 7.8 min. total, 503.9 MB
bullfight_antiviral v7 313 games, 243095 moves, e=0.759, loss: 5.0, -, 28.4% elo% vs. simple_bot, avg. reward: -5.201, 1.857 sec/game, 7.8 min. total, 504.0 MB
bullfight_antiviral v7 314 games, 243850 moves, e=0.759, loss: 5.0, -, 27.3% elo% vs. simple_bot, avg. reward: -5.204, 1.821 sec/game, 7.8 min. total, 504.1 MB
bullfight_antiviral v7 315 games, 244887 moves, e=0.758, loss: 5.1, -, 26.4% elo% vs. simple_bot, avg. reward: -5.190, 1.837 sec/game, 7.9 min. total, 505.3 MB
bullfight_antiviral v7 316 games, 245767 moves, e=0.757, loss: 5.0, -, 25.4% elo% vs. simple_bot, avg. reward: -5.181, 1.827 sec/game, 7.9 min. total, 505.7 MB
bullfight_antiviral v7 317 games, 246689 moves, e=0.756, loss: 5.0, -, 24.5% elo% vs. simple_bot, avg. reward: -5.171, 1.815 sec/game, 7.9 min. total, 505.8 MB
bullfight_antiviral v7 318 games, 247507 moves, e=0.755, loss: 5.3, -, 23.7% elo% vs. simple_bot, avg. reward: -5.169, 1.785 sec/game, 8.0 min. total, 505.7 MB
bullfight_antiviral v7 319 games, 248457 moves, e=0.754, loss: 5.3, -, 22.9% elo% vs. simple_bot, avg. reward: -5.148, 1.788 sec/game, 8.0 min. total, 505.7 MB
bullfight_antiviral v7 320 games, 249293 moves, e=0.753, loss: 5.4, -, 22.2% elo% vs. simple_bot, avg. reward: -5.143, 1.771 sec/game, 8.0 min. total, 505.7 MB
bullfight_antiviral v7 321 games, 250122 moves, e=0.752, loss: 5.4, -, 21.5% elo% vs. simple_bot, avg. reward: -5.143, 1.809 sec/game, 8.1 min. total, 506.8 MB
bullfight_antiviral v7 322 games, 251183 moves, e=0.751, loss: 5.3, -, 20.8% elo% vs. simple_bot, avg. reward: -5.121, 1.826 sec/game, 8.1 min. total, 506.3 MB
bullfight_antiviral v7 323 games, 252028 moves, e=0.750, loss: 5.3, -, 20.2% elo% vs. simple_bot, avg. reward: -5.103, 1.814 sec/game, 8.1 min. total, 506.9 MB
bullfight_antiviral v7 324 games, 252941 moves, e=0.750, loss: 5.3, -, 19.6% elo% vs. simple_bot, avg. reward: -5.094, 1.832 sec/game, 8.2 min. total, 507.7 MB
bullfight_antiviral v7 325 games, 253762 moves, e=0.749, loss: 5.5, -, 19.1% elo% vs. simple_bot, avg. reward: -5.095, 1.830 sec/game, 8.2 min. total, 508.4 MB
bullfight_antiviral v7 326 games, 254570 moves, e=0.748, loss: 5.8, -, 18.5% elo% vs. simple_bot, avg. reward: -5.102, 1.811 sec/game, 8.2 min. total, 509.0 MB
bullfight_antiviral v7 327 games, 255417 moves, e=0.747, loss: 5.7, -, 18.0% elo% vs. simple_bot, avg. reward: -5.105, 1.819 sec/game, 8.2 min. total, 508.3 MB
bullfight_antiviral v7 328 games, 256387 moves, e=0.746, loss: 5.7, -, 17.5% elo% vs. simple_bot, avg. reward: -5.074, 1.853 sec/game, 8.3 min. total, 508.3 MB
bullfight_antiviral v7 329 games, 257326 moves, e=0.745, loss: 5.4, -, 17.1% elo% vs. simple_bot, avg. reward: -5.063, 1.877 sec/game, 8.3 min. total, 508.8 MB
bullfight_antiviral v7 330 games, 258280 moves, e=0.744, loss: 5.4, -, 16.6% elo% vs. simple_bot, avg. reward: -5.055, 1.898 sec/game, 8.4 min. total, 508.3 MB
bullfight_antiviral v7 331 games, 259158 moves, e=0.743, loss: 5.8, -, 16.2% elo% vs. simple_bot, avg. reward: -5.057, 1.906 sec/game, 8.4 min. total, 509.6 MB
bullfight_antiviral v7 332 games, 259921 moves, e=0.743, loss: 5.9, -, 15.8% elo% vs. simple_bot, avg. reward: -5.067, 1.923 sec/game, 8.4 min. total, 510.0 MB
bullfight_antiviral v7 333 games, 260757 moves, e=0.742, loss: 5.8, -, 15.4% elo% vs. simple_bot, avg. reward: -5.059, 1.906 sec/game, 8.4 min. total, 510.1 MB
bullfight_antiviral v7 334 games, 261562 moves, e=0.741, loss: 5.4, -, 15.1% elo% vs. simple_bot, avg. reward: -5.057, 1.909 sec/game, 8.5 min. total, 509.7 MB
bullfight_antiviral v7 335 games, 262379 moves, e=0.740, loss: 5.6, -, 14.7% elo% vs. simple_bot, avg. reward: -5.058, 1.883 sec/game, 8.5 min. total, 510.2 MB
bullfight_antiviral v7 336 games, 263223 moves, e=0.739, loss: 5.2, -, 14.4% elo% vs. simple_bot, avg. reward: -5.055, 1.890 sec/game, 8.5 min. total, 510.2 MB
bullfight_antiviral v7 337 games, 264188 moves, e=0.738, loss: 5.6, -, 14.0% elo% vs. simple_bot, avg. reward: -5.048, 1.894 sec/game, 8.6 min. total, 511.0 MB
bullfight_antiviral v7 338 games, 265135 moves, e=0.738, loss: 5.9, -, 13.7% elo% vs. simple_bot, avg. reward: -5.039, 1.923 sec/game, 8.6 min. total, 510.3 MB
bullfight_antiviral v7 339 games, 266060 moves, e=0.737, loss: 5.5, -, 13.4% elo% vs. simple_bot, avg. reward: -5.035, 1.922 sec/game, 8.6 min. total, 512.7 MB
bullfight_antiviral v7 340 games, 267114 moves, e=0.736, loss: 5.8, -, 13.1% elo% vs. simple_bot, avg. reward: -5.018, 1.963 sec/game, 8.7 min. total, 512.6 MB
bullfight_antiviral v7 341 games, 267955 moves, e=0.735, loss: 5.9, -, 12.9% elo% vs. simple_bot, avg. reward: -5.012, 1.939 sec/game, 8.7 min. total, 512.3 MB
bullfight_antiviral v7 342 games, 268864 moves, e=0.734, loss: 5.9, -, 12.6% elo% vs. simple_bot, avg. reward: -5.003, 1.914 sec/game, 8.7 min. total, 512.3 MB
bullfight_antiviral v7 343 games, 269653 moves, e=0.733, loss: 6.0, -, 12.4% elo% vs. simple_bot, avg. reward: -5.006, 1.908 sec/game, 8.8 min. total, 512.3 MB
bullfight_antiviral v7 344 games, 270518 moves, e=0.732, loss: 5.9, -, 12.1% elo% vs. simple_bot, avg. reward: -5.005, 1.888 sec/game, 8.8 min. total, 512.5 MB
bullfight_antiviral v7 345 games, 271429 moves, e=0.731, loss: 5.8, -, 11.9% elo% vs. simple_bot, avg. reward: -5.006, 1.891 sec/game, 8.8 min. total, 512.5 MB
bullfight_antiviral v7 346 games, 272167 moves, e=0.731, loss: 5.6, -, 11.7% elo% vs. simple_bot, avg. reward: -5.017, 1.888 sec/game, 8.8 min. total, 512.7 MB
bullfight_antiviral v7 347 games, 273138 moves, e=0.730, loss: 5.5, -, 11.4% elo% vs. simple_bot, avg. reward: -5.012, 1.891 sec/game, 8.9 min. total, 513.5 MB
bullfight_antiviral v7 348 games, 274023 moves, e=0.729, loss: 5.8, -, 11.2% elo% vs. simple_bot, avg. reward: -4.999, 1.882 sec/game, 8.9 min. total, 514.1 MB
bullfight_antiviral v7 349 games, 274988 moves, e=0.728, loss: 5.5, -, 11.0% elo% vs. simple_bot, avg. reward: -4.999, 1.890 sec/game, 8.9 min. total, 513.8 MB
bullfight_antiviral v7 350 games, 276060 moves, e=0.727, loss: 5.8, -, 10.8% elo% vs. simple_bot, avg. reward: -4.982, 1.905 sec/game, 9.0 min. total, 514.0 MB
bullfight_antiviral v7 351 games, 277005 moves, e=0.726, loss: 6.3, -, 10.6% elo% vs. simple_bot, avg. reward: -4.973, 1.916 sec/game, 9.0 min. total, 514.4 MB
bullfight_antiviral v7 352 games, 278095 moves, e=0.725, loss: 6.1, -, 10.4% elo% vs. simple_bot, avg. reward: -4.945, 1.933 sec/game, 9.1 min. total, 514.0 MB
bullfight_antiviral v7 353 games, 278990 moves, e=0.724, loss: 5.9, -, 10.3% elo% vs. simple_bot, avg. reward: -4.945, 1.960 sec/game, 9.1 min. total, 514.7 MB
bullfight_antiviral v7 354 games, 279899 moves, e=0.723, loss: 6.1, -, 10.1% elo% vs. simple_bot, avg. reward: -4.941, 1.976 sec/game, 9.1 min. total, 516.2 MB
bullfight_antiviral v7 355 games, 280943 moves, e=0.722, loss: 6.1, -, 9.9% elo% vs. simple_bot, avg. reward: -4.930, 2.007 sec/game, 9.2 min. total, 516.4 MB
bullfight_antiviral v7 356 games, 281868 moves, e=0.721, loss: 5.8, -, 9.8% elo% vs. simple_bot, avg. reward: -4.909, 2.018 sec/game, 9.2 min. total, 516.5 MB
bullfight_antiviral v7 357 games, 282610 moves, e=0.720, loss: 5.9, -, 9.6% elo% vs. simple_bot, avg. reward: -4.892, 1.994 sec/game, 9.2 min. total, 517.1 MB
bullfight_antiviral v7 358 games, 283534 moves, e=0.719, loss: 5.9, -, 9.5% elo% vs. simple_bot, avg. reward: -4.886, 1.988 sec/game, 9.3 min. total, 516.6 MB
bullfight_antiviral v7 359 games, 284415 moves, e=0.718, loss: 5.6, -, 9.3% elo% vs. simple_bot, avg. reward: -4.884, 1.974 sec/game, 9.3 min. total, 516.7 MB
bullfight_antiviral v7 360 games, 285240 moves, e=0.718, loss: 5.4, -, 9.2% elo% vs. simple_bot, avg. reward: -4.875, 1.953 sec/game, 9.3 min. total, 517.3 MB
bullfight_antiviral v7 361 games, 286144 moves, e=0.717, loss: 5.7, -, 9.0% elo% vs. simple_bot, avg. reward: -4.875, 1.954 sec/game, 9.4 min. total, 517.2 MB
bullfight_antiviral v7 362 games, 286940 moves, e=0.716, loss: 5.8, -, 8.9% elo% vs. simple_bot, avg. reward: -4.873, 1.951 sec/game, 9.4 min. total, 518.9 MB
bullfight_antiviral v7 363 games, 287925 moves, e=0.715, loss: 5.5, -, 8.8% elo% vs. simple_bot, avg. reward: -4.867, 1.979 sec/game, 9.4 min. total, 519.5 MB
bullfight_antiviral v7 364 games, 288982 moves, e=0.714, loss: 5.8, -, 8.6% elo% vs. simple_bot, avg. reward: -4.855, 1.999 sec/game, 9.5 min. total, 519.1 MB
bullfight_antiviral v7 365 games, 290051 moves, e=0.713, loss: 5.7, -, 8.5% elo% vs. simple_bot, avg. reward: -4.829, 2.027 sec/game, 9.5 min. total, 519.3 MB
bullfight_antiviral v7 366 games, 291041 moves, e=0.712, loss: 5.7, -, 8.4% elo% vs. simple_bot, avg. reward: -4.820, 2.052 sec/game, 9.5 min. total, 519.5 MB
bullfight_antiviral v7 367 games, 291964 moves, e=0.711, loss: 5.8, -, 8.3% elo% vs. simple_bot, avg. reward: -4.807, 2.063 sec/game, 9.6 min. total, 519.5 MB
bullfight_antiviral v7 368 games, 292934 moves, e=0.710, loss: 5.8, -, 8.1% elo% vs. simple_bot, avg. reward: -4.801, 2.081 sec/game, 9.6 min. total, 519.6 MB
bullfight_antiviral v7 369 games, 293893 moves, e=0.709, loss: 5.9, -, 8.0% elo% vs. simple_bot, avg. reward: -4.789, 2.081 sec/game, 9.6 min. total, 520.4 MB
bullfight_antiviral v7 370 games, 294733 moves, e=0.708, loss: 5.6, -, 7.9% elo% vs. simple_bot, avg. reward: -4.797, 2.051 sec/game, 9.7 min. total, 520.7 MB
bullfight_antiviral v7 371 games, 295730 moves, e=0.707, loss: 5.6, -, 7.8% elo% vs. simple_bot, avg. reward: -4.794, 2.053 sec/game, 9.7 min. total, 521.4 MB
bullfight_antiviral v7 372 games, 296743 moves, e=0.706, loss: 5.8, -, 7.7% elo% vs. simple_bot, avg. reward: -4.781, 2.054 sec/game, 9.7 min. total, 521.1 MB
bullfight_antiviral v7 373 games, 297545 moves, e=0.705, loss: 5.9, -, 7.6% elo% vs. simple_bot, avg. reward: -4.786, 2.023 sec/game, 9.8 min. total, 521.0 MB
bullfight_antiviral v7 374 games, 298456 moves, e=0.705, loss: 6.3, -, 7.5% elo% vs. simple_bot, avg. reward: -4.769, 2.021 sec/game, 9.8 min. total, 521.2 MB
bullfight_antiviral v7 375 games, 299477 moves, e=0.704, loss: 6.3, -, 7.4% elo% vs. simple_bot, avg. reward: -4.751, 2.013 sec/game, 9.8 min. total, 521.8 MB
bullfight_antiviral v7 376 games, 300338 moves, e=0.703, loss: 6.6, -, 7.3% elo% vs. simple_bot, avg. reward: -4.739, 1.998 sec/game, 9.9 min. total, 522.1 MB
bullfight_antiviral v7 377 games, 301387 moves, e=0.702, loss: 6.2, -, 7.2% elo% vs. simple_bot, avg. reward: -4.739, 2.034 sec/game, 9.9 min. total, 522.8 MB
bullfight_antiviral v7 378 games, 302220 moves, e=0.701, loss: 6.5, -, 7.2% elo% vs. simple_bot, avg. reward: -4.736, 2.030 sec/game, 9.9 min. total, 523.1 MB
bullfight_antiviral v7 379 games, 302981 moves, e=0.700, loss: 6.3, -, 7.1% elo% vs. simple_bot, avg. reward: -4.727, 2.028 sec/game, 10.0 min. total, 523.1 MB
bullfight_antiviral v7 380 games, 303929 moves, e=0.699, loss: 6.2, -, 7.0% elo% vs. simple_bot, avg. reward: -4.715, 2.028 sec/game, 10.0 min. total, 523.1 MB
bullfight_antiviral v7 381 games, 304968 moves, e=0.698, loss: 6.4, -, 6.9% elo% vs. simple_bot, avg. reward: -4.695, 2.048 sec/game, 10.0 min. total, 523.7 MB
bullfight_antiviral v7 382 games, 306038 moves, e=0.697, loss: 6.3, -, 6.8% elo% vs. simple_bot, avg. reward: -4.681, 2.079 sec/game, 10.1 min. total, 523.7 MB
bullfight_antiviral v7 383 games, 307010 moves, e=0.696, loss: 6.3, -, 6.7% elo% vs. simple_bot, avg. reward: -4.666, 2.078 sec/game, 10.1 min. total, 524.9 MB
bullfight_antiviral v7 384 games, 307887 moves, e=0.695, loss: 6.2, -, 6.7% elo% vs. simple_bot, avg. reward: -4.667, 2.068 sec/game, 10.1 min. total, 526.5 MB
bullfight_antiviral v7 385 games, 308827 moves, e=0.694, loss: 5.8, -, 6.6% elo% vs. simple_bot, avg. reward: -4.670, 2.055 sec/game, 10.2 min. total, 526.3 MB
bullfight_antiviral v7 386 games, 309819 moves, e=0.693, loss: 5.4, -, 6.5% elo% vs. simple_bot, avg. reward: -4.667, 2.054 sec/game, 10.2 min. total, 526.2 MB
bullfight_antiviral v7 387 games, 310554 moves, e=0.693, loss: 5.6, -, 6.4% elo% vs. simple_bot, avg. reward: -4.681, 2.030 sec/game, 10.2 min. total, 526.4 MB
bullfight_antiviral v7 388 games, 311623 moves, e=0.691, loss: 5.8, -, 6.4% elo% vs. simple_bot, avg. reward: -4.661, 2.021 sec/game, 10.3 min. total, 526.6 MB
bullfight_antiviral v7 389 games, 312642 moves, e=0.690, loss: 5.7, -, 6.3% elo% vs. simple_bot, avg. reward: -4.649, 2.019 sec/game, 10.3 min. total, 527.4 MB
bullfight_antiviral v7 390 games, 313560 moves, e=0.690, loss: 6.1, -, 6.2% elo% vs. simple_bot, avg. reward: -4.655, 2.030 sec/game, 10.3 min. total, 527.4 MB
bullfight_antiviral v7 391 games, 314530 moves, e=0.689, loss: 5.9, -, 6.2% elo% vs. simple_bot, avg. reward: -4.645, 2.022 sec/game, 10.4 min. total, 527.1 MB
bullfight_antiviral v7 392 games, 315575 moves, e=0.688, loss: 6.0, -, 6.1% elo% vs. simple_bot, avg. reward: -4.624, 2.023 sec/game, 10.4 min. total, 528.1 MB
bullfight_antiviral v7 393 games, 316597 moves, e=0.687, loss: 6.1, -, 6.0% elo% vs. simple_bot, avg. reward: -4.620, 2.044 sec/game, 10.5 min. total, 528.8 MB
bullfight_antiviral v7 394 games, 317534 moves, e=0.686, loss: 5.9, -, 6.0% elo% vs. simple_bot, avg. reward: -4.617, 2.042 sec/game, 10.5 min. total, 528.7 MB
bullfight_antiviral v7 395 games, 318491 moves, e=0.685, loss: 6.4, -, 5.9% elo% vs. simple_bot, avg. reward: -4.603, 2.043 sec/game, 10.5 min. total, 528.3 MB
bullfight_antiviral v7 396 games, 319660 moves, e=0.684, loss: 6.6, -, 5.8% elo% vs. simple_bot, avg. reward: -4.580, 2.066 sec/game, 10.6 min. total, 528.5 MB
bullfight_antiviral v7 397 games, 320483 moves, e=0.683, loss: 6.4, -, 5.8% elo% vs. simple_bot, avg. reward: -4.587, 2.043 sec/game, 10.6 min. total, 529.0 MB
bullfight_antiviral v7 398 games, 321402 moves, e=0.682, loss: 6.1, -, 5.7% elo% vs. simple_bot, avg. reward: -4.581, 2.038 sec/game, 10.6 min. total, 529.2 MB
bullfight_antiviral v7 399 games, 322446 moves, e=0.681, loss: 5.9, -, 5.7% elo% vs. simple_bot, avg. reward: -4.570, 2.071 sec/game, 10.7 min. total, 531.0 MB
bullfight_antiviral v7 400 games, 323429 moves, e=0.680, loss: 5.8, -, 5.6% elo% vs. simple_bot, avg. reward: -4.565, 2.071 sec/game, 10.7 min. total, 531.2 MB
bullfight_antiviral v8 401 games, 324298 moves, e=0.679, loss: 5.8, -, 47.7% elo% vs. simple_bot, avg. reward: -4.547, 2.050 sec/game, 10.7 min. total, 530.7 MB
bullfight_antiviral v8 402 games, 325037 moves, e=0.678, loss: 6.4, -, 45.5% elo% vs. simple_bot, avg. reward: -4.563, 2.012 sec/game, 10.7 min. total, 530.8 MB
bullfight_antiviral v8 403 games, 325904 moves, e=0.677, loss: 6.5, -, 43.4% elo% vs. simple_bot, avg. reward: -4.569, 1.995 sec/game, 10.8 min. total, 530.9 MB
bullfight_antiviral v8 404 games, 326899 moves, e=0.676, loss: 6.6, -, 41.5% elo% vs. simple_bot, avg. reward: -4.559, 1.992 sec/game, 10.8 min. total, 530.9 MB
bullfight_antiviral v8 405 games, 327854 moves, e=0.675, loss: 6.6, -, 39.6% elo% vs. simple_bot, avg. reward: -4.558, 1.990 sec/game, 10.8 min. total, 531.2 MB
bullfight_antiviral v8 406 games, 328753 moves, e=0.675, loss: 6.7, -, 37.9% elo% vs. simple_bot, avg. reward: -4.561, 1.980 sec/game, 10.9 min. total, 532.5 MB
bullfight_antiviral v8 407 games, 329902 moves, e=0.673, loss: 6.7, -, 36.3% elo% vs. simple_bot, avg. reward: -4.542, 2.018 sec/game, 10.9 min. total, 531.7 MB
bullfight_antiviral v8 408 games, 330991 moves, e=0.672, loss: 6.9, -, 34.8% elo% vs. simple_bot, avg. reward: -4.515, 2.020 sec/game, 11.0 min. total, 531.7 MB
bullfight_antiviral v8 409 games, 331976 moves, e=0.671, loss: 6.8, +, 37.5% elo% vs. simple_bot, avg. reward: -4.492, 2.019 sec/game, 11.0 min. total, 531.9 MB
bullfight_antiviral v8 410 games, 332900 moves, e=0.670, loss: 7.0, -, 35.9% elo% vs. simple_bot, avg. reward: -4.478, 2.028 sec/game, 11.0 min. total, 532.0 MB
bullfight_antiviral v8 411 games, 333819 moves, e=0.670, loss: 6.9, -, 34.4% elo% vs. simple_bot, avg. reward: -4.475, 2.024 sec/game, 11.1 min. total, 532.1 MB
bullfight_antiviral v8 412 games, 334632 moves, e=0.669, loss: 6.6, -, 33.0% elo% vs. simple_bot, avg. reward: -4.467, 2.005 sec/game, 11.1 min. total, 532.5 MB
bullfight_antiviral v8 413 games, 335525 moves, e=0.668, loss: 6.5, -, 31.7% elo% vs. simple_bot, avg. reward: -4.471, 1.991 sec/game, 11.1 min. total, 534.9 MB
bullfight_antiviral v8 414 games, 336544 moves, e=0.667, loss: 6.3, -, 30.4% elo% vs. simple_bot, avg. reward: -4.449, 2.014 sec/game, 11.2 min. total, 534.4 MB
bullfight_antiviral v8 415 games, 337545 moves, e=0.666, loss: 6.6, -, 29.2% elo% vs. simple_bot, avg. reward: -4.443, 2.020 sec/game, 11.2 min. total, 534.4 MB
bullfight_antiviral v8 416 games, 338508 moves, e=0.665, loss: 6.6, -, 28.1% elo% vs. simple_bot, avg. reward: -4.434, 2.023 sec/game, 11.2 min. total, 535.6 MB
bullfight_antiviral v8 417 games, 339544 moves, e=0.664, loss: 6.8, -, 27.1% elo% vs. simple_bot, avg. reward: -4.427, 2.058 sec/game, 11.3 min. total, 534.7 MB
bullfight_antiviral v8 418 games, 340436 moves, e=0.663, loss: 7.0, -, 26.1% elo% vs. simple_bot, avg. reward: -4.419, 2.069 sec/game, 11.3 min. total, 536.0 MB
bullfight_antiviral v8 419 games, 341364 moves, e=0.662, loss: 6.9, -, 25.2% elo% vs. simple_bot, avg. reward: -4.424, 2.050 sec/game, 11.3 min. total, 535.6 MB
bullfight_antiviral v8 420 games, 342311 moves, e=0.661, loss: 6.8, -, 24.3% elo% vs. simple_bot, avg. reward: -4.416, 2.054 sec/game, 11.4 min. total, 536.0 MB
bullfight_antiviral v8 421 games, 343256 moves, e=0.660, loss: 6.9, -, 23.5% elo% vs. simple_bot, avg. reward: -4.410, 2.072 sec/game, 11.4 min. total, 537.2 MB
bullfight_antiviral v8 422 games, 344282 moves, e=0.659, loss: 6.8, -, 22.8% elo% vs. simple_bot, avg. reward: -4.413, 2.107 sec/game, 11.5 min. total, 537.8 MB
bullfight_antiviral v8 423 games, 345236 moves, e=0.658, loss: 7.0, -, 22.0% elo% vs. simple_bot, avg. reward: -4.408, 2.154 sec/game, 11.5 min. total, 537.8 MB
bullfight_antiviral v8 424 games, 346246 moves, e=0.657, loss: 6.7, -, 21.3% elo% vs. simple_bot, avg. reward: -4.401, 2.177 sec/game, 11.5 min. total, 537.4 MB
bullfight_antiviral v8 425 games, 347191 moves, e=0.656, loss: 6.9, -, 20.7% elo% vs. simple_bot, avg. reward: -4.390, 2.166 sec/game, 11.6 min. total, 537.3 MB
bullfight_antiviral v8 426 games, 348076 moves, e=0.655, loss: 6.4, -, 20.1% elo% vs. simple_bot, avg. reward: -4.381, 2.169 sec/game, 11.6 min. total, 537.4 MB
bullfight_antiviral v8 427 games, 348942 moves, e=0.655, loss: 6.7, -, 19.5% elo% vs. simple_bot, avg. reward: -4.381, 2.137 sec/game, 11.6 min. total, 538.8 MB
bullfight_antiviral v8 428 games, 349996 moves, e=0.654, loss: 6.7, -, 18.9% elo% vs. simple_bot, avg. reward: -4.376, 2.142 sec/game, 11.7 min. total, 540.5 MB
bullfight_antiviral v8 429 games, 351154 moves, e=0.652, loss: 6.2, -, 18.4% elo% vs. simple_bot, avg. reward: -4.362, 2.157 sec/game, 11.7 min. total, 540.7 MB
bullfight_antiviral v8 430 games, 352081 moves, e=0.651, loss: 6.2, -, 17.9% elo% vs. simple_bot, avg. reward: -4.357, 2.148 sec/game, 11.7 min. total, 540.5 MB
bullfight_antiviral v8 431 games, 352964 moves, e=0.651, loss: 6.1, -, 17.4% elo% vs. simple_bot, avg. reward: -4.353, 2.141 sec/game, 11.8 min. total, 540.5 MB
bullfight_antiviral v8 432 games, 354187 moves, e=0.649, loss: 5.7, +, 19.7% elo% vs. simple_bot, avg. reward: -4.324, 2.174 sec/game, 11.8 min. total, 540.7 MB
bullfight_antiviral v8 433 games, 355178 moves, e=0.648, loss: 5.6, -, 19.1% elo% vs. simple_bot, avg. reward: -4.315, 2.171 sec/game, 11.8 min. total, 541.1 MB
bullfight_antiviral v8 434 games, 356160 moves, e=0.647, loss: 5.5, -, 18.6% elo% vs. simple_bot, avg. reward: -4.298, 2.158 sec/game, 11.9 min. total, 540.6 MB
bullfight_antiviral v8 435 games, 357058 moves, e=0.647, loss: 5.4, -, 18.1% elo% vs. simple_bot, avg. reward: -4.287, 2.141 sec/game, 11.9 min. total, 541.1 MB
bullfight_antiviral v8 436 games, 358052 moves, e=0.646, loss: 5.4, -, 17.6% elo% vs. simple_bot, avg. reward: -4.275, 2.133 sec/game, 11.9 min. total, 541.8 MB
bullfight_antiviral v8 437 games, 359036 moves, e=0.645, loss: 5.6, -, 17.1% elo% vs. simple_bot, avg. reward: -4.272, 2.122 sec/game, 12.0 min. total, 541.5 MB
bullfight_antiviral v8 438 games, 360070 moves, e=0.644, loss: 5.7, -, 16.7% elo% vs. simple_bot, avg. reward: -4.271, 2.132 sec/game, 12.0 min. total, 541.7 MB
bullfight_antiviral v8 439 games, 361050 moves, e=0.643, loss: 6.4, -, 16.3% elo% vs. simple_bot, avg. reward: -4.268, 2.129 sec/game, 12.0 min. total, 541.7 MB
bullfight_antiviral v8 440 games, 362013 moves, e=0.642, loss: 6.4, -, 15.9% elo% vs. simple_bot, avg. reward: -4.264, 2.132 sec/game, 12.1 min. total, 542.3 MB
bullfight_antiviral v8 441 games, 362912 moves, e=0.641, loss: 6.8, -, 15.5% elo% vs. simple_bot, avg. reward: -4.256, 2.119 sec/game, 12.1 min. total, 541.9 MB
bullfight_antiviral v8 442 games, 364045 moves, e=0.640, loss: 6.5, -, 15.1% elo% vs. simple_bot, avg. reward: -4.239, 2.118 sec/game, 12.2 min. total, 542.0 MB
bullfight_antiviral v8 443 games, 365001 moves, e=0.639, loss: 6.9, -, 14.8% elo% vs. simple_bot, avg. reward: -4.228, 2.074 sec/game, 12.2 min. total, 544.5 MB
bullfight_antiviral v8 444 games, 366228 moves, e=0.637, loss: 6.8, -, 14.4% elo% vs. simple_bot, avg. reward: -4.204, 2.083 sec/game, 12.2 min. total, 544.4 MB
bullfight_antiviral v8 445 games, 367216 moves, e=0.636, loss: 7.0, -, 14.1% elo% vs. simple_bot, avg. reward: -4.194, 2.113 sec/game, 12.3 min. total, 544.6 MB
bullfight_antiviral v8 446 games, 368074 moves, e=0.636, loss: 6.6, -, 13.8% elo% vs. simple_bot, avg. reward: -4.177, 2.163 sec/game, 12.3 min. total, 545.2 MB
bullfight_antiviral v8 447 games, 368923 moves, e=0.635, loss: 6.6, -, 13.5% elo% vs. simple_bot, avg. reward: -4.182, 2.192 sec/game, 12.4 min. total, 545.1 MB
bullfight_antiviral v8 448 games, 369989 moves, e=0.634, loss: 7.7, -, 13.2% elo% vs. simple_bot, avg. reward: -4.166, 2.201 sec/game, 12.4 min. total, 545.7 MB
bullfight_antiviral v8 449 games, 371040 moves, e=0.633, loss: 7.0, -, 12.9% elo% vs. simple_bot, avg. reward: -4.158, 2.201 sec/game, 12.4 min. total, 545.9 MB
bullfight_antiviral v8 450 games, 372200 moves, e=0.632, loss: 7.4, -, 12.7% elo% vs. simple_bot, avg. reward: -4.150, 2.234 sec/game, 12.5 min. total, 546.5 MB
bullfight_antiviral v8 451 games, 373148 moves, e=0.631, loss: 7.6, -, 12.4% elo% vs. simple_bot, avg. reward: -4.148, 2.256 sec/game, 12.5 min. total, 548.6 MB
bullfight_antiviral v8 452 games, 374331 moves, e=0.629, loss: 7.3, -, 12.2% elo% vs. simple_bot, avg. reward: -4.142, 2.249 sec/game, 12.6 min. total, 548.9 MB
bullfight_antiviral v8 453 games, 375331 moves, e=0.628, loss: 7.2, -, 11.9% elo% vs. simple_bot, avg. reward: -4.132, 2.257 sec/game, 12.6 min. total, 548.3 MB
bullfight_antiviral v8 454 games, 376376 moves, e=0.627, loss: 7.1, -, 11.7% elo% vs. simple_bot, avg. reward: -4.122, 2.257 sec/game, 12.6 min. total, 548.3 MB
bullfight_antiviral v8 455 games, 377458 moves, e=0.626, loss: 7.7, -, 11.5% elo% vs. simple_bot, avg. reward: -4.115, 2.266 sec/game, 12.7 min. total, 548.4 MB
bullfight_antiviral v8 456 games, 378455 moves, e=0.625, loss: 7.6, +, 13.2% elo% vs. simple_bot, avg. reward: -4.107, 2.257 sec/game, 12.7 min. total, 548.3 MB
bullfight_antiviral v8 457 games, 379511 moves, e=0.624, loss: 7.2, -, 13.0% elo% vs. simple_bot, avg. reward: -4.082, 2.253 sec/game, 12.7 min. total, 548.4 MB
bullfight_antiviral v8 458 games, 380550 moves, e=0.623, loss: 6.8, -, 12.7% elo% vs. simple_bot, avg. reward: -4.076, 2.250 sec/game, 12.8 min. total, 548.7 MB
bullfight_antiviral v8 459 games, 381537 moves, e=0.622, loss: 7.1, -, 12.4% elo% vs. simple_bot, avg. reward: -4.064, 2.248 sec/game, 12.8 min. total, 549.8 MB
bullfight_antiviral v8 460 games, 382767 moves, e=0.621, loss: 6.7, -, 12.2% elo% vs. simple_bot, avg. reward: -4.035, 2.285 sec/game, 12.8 min. total, 549.7 MB
bullfight_antiviral v8 461 games, 383756 moves, e=0.620, loss: 7.1, -, 11.9% elo% vs. simple_bot, avg. reward: -4.027, 2.303 sec/game, 12.9 min. total, 550.0 MB
bullfight_antiviral v8 462 games, 384754 moves, e=0.619, loss: 7.0, -, 11.7% elo% vs. simple_bot, avg. reward: -4.011, 2.300 sec/game, 12.9 min. total, 550.1 MB
bullfight_antiviral v8 463 games, 385913 moves, e=0.618, loss: 7.4, -, 11.5% elo% vs. simple_bot, avg. reward: -4.005, 2.336 sec/game, 13.0 min. total, 550.3 MB
bullfight_antiviral v8 464 games, 386880 moves, e=0.617, loss: 7.0, -, 11.3% elo% vs. simple_bot, avg. reward: -4.007, 2.325 sec/game, 13.0 min. total, 550.3 MB
bullfight_antiviral v8 465 games, 387892 moves, e=0.616, loss: 7.1, -, 11.1% elo% vs. simple_bot, avg. reward: -4.009, 2.324 sec/game, 13.0 min. total, 552.6 MB
bullfight_antiviral v8 466 games, 388742 moves, e=0.615, loss: 7.5, -, 10.9% elo% vs. simple_bot, avg. reward: -4.018, 2.281 sec/game, 13.1 min. total, 553.5 MB
bullfight_antiviral v8 467 games, 389757 moves, e=0.614, loss: 7.7, -, 10.7% elo% vs. simple_bot, avg. reward: -4.005, 2.270 sec/game, 13.1 min. total, 553.6 MB
bullfight_antiviral v8 468 games, 390866 moves, e=0.613, loss: 7.2, -, 10.5% elo% vs. simple_bot, avg. reward: -4.000, 2.281 sec/game, 13.2 min. total, 553.6 MB
bullfight_antiviral v8 469 games, 391825 moves, e=0.612, loss: 7.2, -, 10.3% elo% vs. simple_bot, avg. reward: -3.993, 2.261 sec/game, 13.2 min. total, 553.7 MB
bullfight_antiviral v8 470 games, 392715 moves, e=0.611, loss: 7.4, -, 10.1% elo% vs. simple_bot, avg. reward: -3.985, 2.235 sec/game, 13.2 min. total, 553.6 MB
bullfight_antiviral v8 471 games, 393946 moves, e=0.610, loss: 7.6, -, 10.0% elo% vs. simple_bot, avg. reward: -3.972, 2.259 sec/game, 13.3 min. total, 553.8 MB
bullfight_antiviral v8 472 games, 394856 moves, e=0.609, loss: 7.4, -, 9.8% elo% vs. simple_bot, avg. reward: -3.978, 2.241 sec/game, 13.3 min. total, 554.4 MB
bullfight_antiviral v8 473 games, 395818 moves, e=0.608, loss: 7.0, -, 9.6% elo% vs. simple_bot, avg. reward: -3.971, 2.251 sec/game, 13.3 min. total, 555.5 MB
bullfight_antiviral v8 474 games, 396976 moves, e=0.607, loss: 7.1, -, 9.5% elo% vs. simple_bot, avg. reward: -3.957, 2.265 sec/game, 13.4 min. total, 555.9 MB
bullfight_antiviral v8 475 games, 397870 moves, e=0.606, loss: 7.2, -, 9.3% elo% vs. simple_bot, avg. reward: -3.965, 2.251 sec/game, 13.4 min. total, 556.2 MB
bullfight_antiviral v8 476 games, 398827 moves, e=0.605, loss: 7.1, -, 9.2% elo% vs. simple_bot, avg. reward: -3.957, 2.241 sec/game, 13.4 min. total, 556.1 MB
bullfight_antiviral v8 477 games, 399770 moves, e=0.604, loss: 7.4, -, 9.1% elo% vs. simple_bot, avg. reward: -3.960, 2.240 sec/game, 13.5 min. total, 556.1 MB
bullfight_antiviral v8 478 games, 400826 moves, e=0.603, loss: 7.6, -, 8.9% elo% vs. simple_bot, avg. reward: -3.944, 2.245 sec/game, 13.5 min. total, 556.5 MB
bullfight_antiviral v8 479 games, 401989 moves, e=0.602, loss: 7.9, -, 8.8% elo% vs. simple_bot, avg. reward: -3.919, 2.286 sec/game, 13.6 min. total, 556.9 MB
bullfight_antiviral v8 480 games, 402997 moves, e=0.601, loss: 7.6, -, 8.7% elo% vs. simple_bot, avg. reward: -3.913, 2.255 sec/game, 13.6 min. total, 556.9 MB
bullfight_antiviral v8 481 games, 404104 moves, e=0.600, loss: 7.4, -, 8.5% elo% vs. simple_bot, avg. reward: -3.904, 2.275 sec/game, 13.6 min. total, 557.1 MB
bullfight_antiviral v8 482 games, 405242 moves, e=0.599, loss: 7.6, -, 8.4% elo% vs. simple_bot, avg. reward: -3.894, 2.294 sec/game, 13.7 min. total, 557.6 MB
bullfight_antiviral v8 483 games, 406322 moves, e=0.598, loss: 7.4, -, 8.3% elo% vs. simple_bot, avg. reward: -3.892, 2.297 sec/game, 13.7 min. total, 557.6 MB
bullfight_antiviral v8 484 games, 407350 moves, e=0.597, loss: 7.6, -, 8.2% elo% vs. simple_bot, avg. reward: -3.880, 2.305 sec/game, 13.8 min. total, 558.1 MB
bullfight_antiviral v8 485 games, 408400 moves, e=0.596, loss: 7.8, -, 8.1% elo% vs. simple_bot, avg. reward: -3.870, 2.306 sec/game, 13.8 min. total, 558.1 MB
bullfight_antiviral v8 486 games, 409649 moves, e=0.594, loss: 7.9, -, 8.0% elo% vs. simple_bot, avg. reward: -3.852, 2.348 sec/game, 13.9 min. total, 558.6 MB
bullfight_antiviral v8 487 games, 410753 moves, e=0.593, loss: 7.8, -, 7.9% elo% vs. simple_bot, avg. reward: -3.824, 2.364 sec/game, 13.9 min. total, 557.9 MB
bullfight_antiviral v8 488 games, 411783 moves, e=0.592, loss: 8.4, -, 7.7% elo% vs. simple_bot, avg. reward: -3.822, 2.346 sec/game, 13.9 min. total, 560.0 MB
bullfight_antiviral v8 489 games, 412962 moves, e=0.591, loss: 7.9, -, 7.6% elo% vs. simple_bot, avg. reward: -3.812, 2.375 sec/game, 14.0 min. total, 559.3 MB
bullfight_antiviral v8 490 games, 414022 moves, e=0.590, loss: 8.0, -, 7.5% elo% vs. simple_bot, avg. reward: -3.804, 2.389 sec/game, 14.0 min. total, 560.4 MB
bullfight_antiviral v8 491 games, 415153 moves, e=0.589, loss: 7.8, -, 7.5% elo% vs. simple_bot, avg. reward: -3.791, 2.374 sec/game, 14.1 min. total, 560.9 MB
bullfight_antiviral v8 492 games, 416166 moves, e=0.588, loss: 7.3, -, 7.4% elo% vs. simple_bot, avg. reward: -3.789, 2.387 sec/game, 14.1 min. total, 560.4 MB
bullfight_antiviral v8 493 games, 417230 moves, e=0.587, loss: 7.1, -, 7.3% elo% vs. simple_bot, avg. reward: -3.782, 2.384 sec/game, 14.1 min. total, 560.5 MB
bullfight_antiviral v8 494 games, 418268 moves, e=0.586, loss: 7.1, +, 8.5% elo% vs. simple_bot, avg. reward: -3.768, 2.371 sec/game, 14.2 min. total, 561.5 MB
bullfight_antiviral v8 495 games, 419368 moves, e=0.585, loss: 7.2, -, 8.4% elo% vs. simple_bot, avg. reward: -3.760, 2.395 sec/game, 14.2 min. total, 561.0 MB
bullfight_antiviral v8 496 games, 420477 moves, e=0.584, loss: 7.8, -, 8.3% elo% vs. simple_bot, avg. reward: -3.758, 2.410 sec/game, 14.2 min. total, 563.0 MB
bullfight_antiviral v8 497 games, 421572 moves, e=0.583, loss: 7.0, -, 8.2% elo% vs. simple_bot, avg. reward: -3.739, 2.422 sec/game, 14.3 min. total, 563.5 MB
bullfight_antiviral v8 498 games, 422656 moves, e=0.582, loss: 7.6, -, 8.0% elo% vs. simple_bot, avg. reward: -3.726, 2.420 sec/game, 14.3 min. total, 564.1 MB
bullfight_antiviral v8 499 games, 423813 moves, e=0.580, loss: 7.3, -, 7.9% elo% vs. simple_bot, avg. reward: -3.715, 2.398 sec/game, 14.4 min. total, 564.0 MB
bullfight_antiviral v8 500 games, 425017 moves, e=0.579, loss: 7.6, -, 7.8% elo% vs. simple_bot, avg. reward: -3.697, 2.400 sec/game, 14.4 min. total, 564.0 MB
bullfight_antiviral v9 501 games, 426196 moves, e=0.578, loss: 8.1, -, 47.7% elo% vs. simple_bot, avg. reward: -3.679, 2.385 sec/game, 14.4 min. total, 564.3 MB
bullfight_antiviral v9 502 games, 427178 moves, e=0.577, loss: 8.1, -, 45.5% elo% vs. simple_bot, avg. reward: -3.658, 2.354 sec/game, 14.5 min. total, 564.6 MB
bullfight_antiviral v9 503 games, 428255 moves, e=0.576, loss: 7.8, -, 43.4% elo% vs. simple_bot, avg. reward: -3.640, 2.326 sec/game, 14.5 min. total, 565.2 MB
bullfight_antiviral v9 504 games, 429485 moves, e=0.575, loss: 7.9, -, 41.5% elo% vs. simple_bot, avg. reward: -3.634, 2.328 sec/game, 14.6 min. total, 565.1 MB
bullfight_antiviral v9 505 games, 430564 moves, e=0.574, loss: 8.4, -, 39.6% elo% vs. simple_bot, avg. reward: -3.623, 2.318 sec/game, 14.6 min. total, 566.3 MB
bullfight_antiviral v9 506 games, 431673 moves, e=0.573, loss: 8.2, -, 37.9% elo% vs. simple_bot, avg. reward: -3.614, 2.306 sec/game, 14.6 min. total, 566.0 MB
bullfight_antiviral v9 507 games, 432776 moves, e=0.572, loss: 7.7, -, 36.3% elo% vs. simple_bot, avg. reward: -3.620, 2.325 sec/game, 14.7 min. total, 566.1 MB
bullfight_antiviral v9 508 games, 433809 moves, e=0.571, loss: 7.9, -, 34.8% elo% vs. simple_bot, avg. reward: -3.616, 2.336 sec/game, 14.7 min. total, 566.0 MB
bullfight_antiviral v9 509 games, 434813 moves, e=0.570, loss: 7.9, -, 33.3% elo% vs. simple_bot, avg. reward: -3.611, 2.317 sec/game, 14.8 min. total, 566.0 MB
bullfight_antiviral v9 510 games, 435851 moves, e=0.569, loss: 8.1, -, 32.0% elo% vs. simple_bot, avg. reward: -3.606, 2.332 sec/game, 14.8 min. total, 567.1 MB
bullfight_antiviral v9 511 games, 436887 moves, e=0.567, loss: 7.9, -, 30.7% elo% vs. simple_bot, avg. reward: -3.596, 2.325 sec/game, 14.8 min. total, 569.6 MB
bullfight_antiviral v9 512 games, 437927 moves, e=0.566, loss: 7.9, -, 29.5% elo% vs. simple_bot, avg. reward: -3.578, 2.334 sec/game, 14.9 min. total, 569.1 MB
bullfight_antiviral v9 513 games, 439073 moves, e=0.565, loss: 8.3, -, 28.4% elo% vs. simple_bot, avg. reward: -3.566, 2.354 sec/game, 14.9 min. total, 569.7 MB
bullfight_antiviral v9 514 games, 440080 moves, e=0.564, loss: 7.7, -, 27.3% elo% vs. simple_bot, avg. reward: -3.566, 2.365 sec/game, 15.0 min. total, 569.9 MB
bullfight_antiviral v9 515 games, 441096 moves, e=0.563, loss: 7.5, -, 26.4% elo% vs. simple_bot, avg. reward: -3.566, 2.368 sec/game, 15.0 min. total, 569.4 MB
bullfight_antiviral v9 516 games, 442238 moves, e=0.562, loss: 8.0, -, 25.4% elo% vs. simple_bot, avg. reward: -3.558, 2.383 sec/game, 15.0 min. total, 569.6 MB
bullfight_antiviral v9 517 games, 443285 moves, e=0.561, loss: 7.7, -, 24.5% elo% vs. simple_bot, avg. reward: -3.555, 2.404 sec/game, 15.1 min. total, 569.8 MB
bullfight_antiviral v9 518 games, 444344 moves, e=0.560, loss: 7.8, +, 27.2% elo% vs. simple_bot, avg. reward: -3.538, 2.409 sec/game, 15.1 min. total, 570.2 MB
bullfight_antiviral v9 519 games, 445249 moves, e=0.559, loss: 7.8, -, 26.2% elo% vs. simple_bot, avg. reward: -3.533, 2.401 sec/game, 15.2 min. total, 571.1 MB
bullfight_antiviral v9 520 games, 446241 moves, e=0.558, loss: 8.0, -, 25.3% elo% vs. simple_bot, avg. reward: -3.525, 2.401 sec/game, 15.2 min. total, 571.6 MB
bullfight_antiviral v9 521 games, 447352 moves, e=0.557, loss: 8.0, -, 24.4% elo% vs. simple_bot, avg. reward: -3.513, 2.406 sec/game, 15.2 min. total, 572.4 MB
bullfight_antiviral v9 522 games, 448499 moves, e=0.556, loss: 8.1, -, 23.6% elo% vs. simple_bot, avg. reward: -3.497, 2.439 sec/game, 15.3 min. total, 571.8 MB
bullfight_antiviral v9 523 games, 449750 moves, e=0.555, loss: 8.4, -, 22.8% elo% vs. simple_bot, avg. reward: -3.481, 2.469 sec/game, 15.3 min. total, 571.7 MB
bullfight_antiviral v9 524 games, 450796 moves, e=0.554, loss: 8.8, -, 22.1% elo% vs. simple_bot, avg. reward: -3.473, 2.460 sec/game, 15.4 min. total, 572.0 MB
bullfight_antiviral v9 525 games, 451957 moves, e=0.553, loss: 8.4, -, 21.4% elo% vs. simple_bot, avg. reward: -3.460, 2.473 sec/game, 15.4 min. total, 572.3 MB
bullfight_antiviral v9 526 games, 452903 moves, e=0.552, loss: 8.8, -, 20.8% elo% vs. simple_bot, avg. reward: -3.453, 2.455 sec/game, 15.4 min. total, 573.9 MB
bullfight_antiviral v9 527 games, 454034 moves, e=0.551, loss: 8.6, -, 20.1% elo% vs. simple_bot, avg. reward: -3.437, 2.440 sec/game, 15.5 min. total, 574.7 MB
bullfight_antiviral v9 528 games, 455091 moves, e=0.549, loss: 8.3, -, 19.5% elo% vs. simple_bot, avg. reward: -3.432, 2.433 sec/game, 15.5 min. total, 574.8 MB
bullfight_antiviral v9 529 games, 456095 moves, e=0.548, loss: 8.1, -, 19.0% elo% vs. simple_bot, avg. reward: -3.437, 2.438 sec/game, 15.6 min. total, 575.0 MB
bullfight_antiviral v9 530 games, 457319 moves, e=0.547, loss: 7.9, -, 18.4% elo% vs. simple_bot, avg. reward: -3.423, 2.437 sec/game, 15.6 min. total, 575.1 MB
bullfight_antiviral v9 531 games, 458450 moves, e=0.546, loss: 8.2, -, 17.9% elo% vs. simple_bot, avg. reward: -3.407, 2.442 sec/game, 15.7 min. total, 575.3 MB
bullfight_antiviral v9 532 games, 459694 moves, e=0.545, loss: 7.4, -, 17.5% elo% vs. simple_bot, avg. reward: -3.400, 2.455 sec/game, 15.7 min. total, 575.2 MB
bullfight_antiviral v9 533 games, 460782 moves, e=0.544, loss: 7.4, -, 17.0% elo% vs. simple_bot, avg. reward: -3.384, 2.441 sec/game, 15.7 min. total, 575.3 MB
bullfight_antiviral v9 534 games, 461829 moves, e=0.543, loss: 7.9, -, 16.6% elo% vs. simple_bot, avg. reward: -3.383, 2.440 sec/game, 15.8 min. total, 575.9 MB
bullfight_antiviral v9 535 games, 462802 moves, e=0.542, loss: 8.0, -, 16.1% elo% vs. simple_bot, avg. reward: -3.374, 2.418 sec/game, 15.8 min. total, 576.3 MB
bullfight_antiviral v9 536 games, 463862 moves, e=0.541, loss: 7.2, -, 15.7% elo% vs. simple_bot, avg. reward: -3.367, 2.403 sec/game, 15.8 min. total, 576.6 MB
bullfight_antiviral v9 537 games, 464774 moves, e=0.540, loss: 7.3, -, 15.4% elo% vs. simple_bot, avg. reward: -3.373, 2.373 sec/game, 15.9 min. total, 576.6 MB
bullfight_antiviral v9 538 games, 465837 moves, e=0.539, loss: 7.5, -, 15.0% elo% vs. simple_bot, avg. reward: -3.369, 2.365 sec/game, 15.9 min. total, 576.6 MB
bullfight_antiviral v9 539 games, 467072 moves, e=0.538, loss: 7.0, -, 14.7% elo% vs. simple_bot, avg. reward: -3.351, 2.388 sec/game, 16.0 min. total, 576.6 MB
bullfight_antiviral v9 540 games, 468210 moves, e=0.536, loss: 7.3, -, 14.3% elo% vs. simple_bot, avg. reward: -3.344, 2.380 sec/game, 16.0 min. total, 577.3 MB
bullfight_antiviral v9 541 games, 469318 moves, e=0.535, loss: 7.6, -, 14.0% elo% vs. simple_bot, avg. reward: -3.330, 2.371 sec/game, 16.0 min. total, 579.7 MB
bullfight_antiviral v9 542 games, 470547 moves, e=0.534, loss: 7.7, -, 13.7% elo% vs. simple_bot, avg. reward: -3.322, 2.364 sec/game, 16.1 min. total, 580.1 MB
bullfight_antiviral v9 543 games, 471528 moves, e=0.533, loss: 8.1, -, 13.4% elo% vs. simple_bot, avg. reward: -3.317, 2.326 sec/game, 16.1 min. total, 580.5 MB
bullfight_antiviral v9 544 games, 472719 moves, e=0.532, loss: 7.7, +, 15.4% elo% vs. simple_bot, avg. reward: -3.318, 2.337 sec/game, 16.1 min. total, 580.4 MB
bullfight_antiviral v9 545 games, 473901 moves, e=0.531, loss: 7.3, -, 15.0% elo% vs. simple_bot, avg. reward: -3.307, 2.331 sec/game, 16.2 min. total, 580.7 MB
bullfight_antiviral v9 546 games, 475049 moves, e=0.530, loss: 7.6, +, 17.1% elo% vs. simple_bot, avg. reward: -3.282, 2.333 sec/game, 16.2 min. total, 580.8 MB
bullfight_antiviral v9 547 games, 476176 moves, e=0.529, loss: 7.9, -, 16.7% elo% vs. simple_bot, avg. reward: -3.261, 2.321 sec/game, 16.3 min. total, 581.6 MB
bullfight_antiviral v9 548 games, 477285 moves, e=0.527, loss: 8.1, -, 16.2% elo% vs. simple_bot, avg. reward: -3.257, 2.309 sec/game, 16.3 min. total, 581.1 MB
bullfight_antiviral v9 549 games, 478484 moves, e=0.526, loss: 7.7, -, 15.8% elo% vs. simple_bot, avg. reward: -3.246, 2.319 sec/game, 16.3 min. total, 582.2 MB
bullfight_antiviral v9 550 games, 479538 moves, e=0.525, loss: 7.7, -, 15.4% elo% vs. simple_bot, avg. reward: -3.246, 2.297 sec/game, 16.4 min. total, 583.3 MB
bullfight_antiviral v9 551 games, 480657 moves, e=0.524, loss: 7.9, -, 15.1% elo% vs. simple_bot, avg. reward: -3.230, 2.288 sec/game, 16.4 min. total, 583.4 MB
bullfight_antiviral v9 552 games, 481840 moves, e=0.523, loss: 8.7, -, 14.7% elo% vs. simple_bot, avg. reward: -3.223, 2.268 sec/game, 16.5 min. total, 583.7 MB
bullfight_antiviral v9 553 games, 483062 moves, e=0.522, loss: 8.2, -, 14.4% elo% vs. simple_bot, avg. reward: -3.216, 2.272 sec/game, 16.5 min. total, 583.9 MB
bullfight_antiviral v9 554 games, 484085 moves, e=0.521, loss: 8.5, -, 14.1% elo% vs. simple_bot, avg. reward: -3.212, 2.270 sec/game, 16.5 min. total, 585.5 MB
bullfight_antiviral v9 555 games, 485238 moves, e=0.520, loss: 8.8, -, 13.8% elo% vs. simple_bot, avg. reward: -3.209, 2.306 sec/game, 16.6 min. total, 584.4 MB
bullfight_antiviral v9 556 games, 486195 moves, e=0.519, loss: 9.1, -, 13.5% elo% vs. simple_bot, avg. reward: -3.209, 2.306 sec/game, 16.6 min. total, 584.7 MB
bullfight_antiviral v9 557 games, 487232 moves, e=0.518, loss: 8.8, -, 13.2% elo% vs. simple_bot, avg. reward: -3.210, 2.312 sec/game, 16.6 min. total, 586.2 MB
bullfight_antiviral v9 558 games, 488410 moves, e=0.516, loss: 9.1, -, 12.9% elo% vs. simple_bot, avg. reward: -3.195, 2.338 sec/game, 16.7 min. total, 585.9 MB
bullfight_antiviral v9 559 games, 489460 moves, e=0.515, loss: 9.2, -, 12.6% elo% vs. simple_bot, avg. reward: -3.194, 2.319 sec/game, 16.7 min. total, 586.1 MB
bullfight_antiviral v9 560 games, 490720 moves, e=0.514, loss: 8.4, -, 12.4% elo% vs. simple_bot, avg. reward: -3.189, 2.340 sec/game, 16.8 min. total, 586.3 MB
bullfight_antiviral v9 561 games, 491699 moves, e=0.513, loss: 8.4, -, 12.1% elo% vs. simple_bot, avg. reward: -3.188, 2.334 sec/game, 16.8 min. total, 586.3 MB
bullfight_antiviral v9 562 games, 492755 moves, e=0.512, loss: 7.8, -, 11.9% elo% vs. simple_bot, avg. reward: -3.178, 2.316 sec/game, 16.8 min. total, 586.4 MB
bullfight_antiviral v9 563 games, 493844 moves, e=0.511, loss: 8.2, -, 11.7% elo% vs. simple_bot, avg. reward: -3.178, 2.336 sec/game, 16.9 min. total, 586.8 MB
bullfight_antiviral v9 564 games, 494715 moves, e=0.510, loss: 8.4, -, 11.5% elo% vs. simple_bot, avg. reward: -3.175, 2.294 sec/game, 16.9 min. total, 586.6 MB
bullfight_antiviral v9 565 games, 495798 moves, e=0.509, loss: 8.7, -, 11.2% elo% vs. simple_bot, avg. reward: -3.167, 2.297 sec/game, 17.0 min. total, 588.3 MB
bullfight_antiviral v9 566 games, 496895 moves, e=0.508, loss: 8.2, -, 11.0% elo% vs. simple_bot, avg. reward: -3.150, 2.303 sec/game, 17.0 min. total, 589.0 MB
bullfight_antiviral v9 567 games, 498114 moves, e=0.507, loss: 7.7, -, 10.8% elo% vs. simple_bot, avg. reward: -3.143, 2.406 sec/game, 17.1 min. total, 588.8 MB
bullfight_antiviral v9 568 games, 499268 moves, e=0.506, loss: 7.8, +, 12.5% elo% vs. simple_bot, avg. reward: -3.139, 2.446 sec/game, 17.1 min. total, 588.8 MB
bullfight_antiviral v9 569 games, 500542 moves, e=0.504, loss: 8.5, +, 14.4% elo% vs. simple_bot, avg. reward: -3.122, 2.470 sec/game, 17.2 min. total, 588.8 MB
bullfight_antiviral v9 570 games, 501817 moves, e=0.503, loss: 8.6, +, 16.5% elo% vs. simple_bot, avg. reward: -3.105, 2.505 sec/game, 17.2 min. total, 589.0 MB
bullfight_antiviral v9 571 games, 503019 moves, e=0.502, loss: 9.0, -, 16.0% elo% vs. simple_bot, avg. reward: -3.107, 2.519 sec/game, 17.3 min. total, 589.8 MB
bullfight_antiviral v9 572 games, 504012 moves, e=0.501, loss: 9.8, -, 15.7% elo% vs. simple_bot, avg. reward: -3.096, 2.517 sec/game, 17.3 min. total, 591.4 MB
bullfight_antiviral v9 573 games, 505086 moves, e=0.500, loss: 9.3, -, 15.3% elo% vs. simple_bot, avg. reward: -3.083, 2.513 sec/game, 17.3 min. total, 591.2 MB
bullfight_antiviral v9 574 games, 506138 moves, e=0.499, loss: 9.3, -, 14.9% elo% vs. simple_bot, avg. reward: -3.084, 2.515 sec/game, 17.4 min. total, 591.2 MB
bullfight_antiviral v9 575 games, 507315 moves, e=0.498, loss: 8.8, -, 14.6% elo% vs. simple_bot, avg. reward: -3.071, 2.500 sec/game, 17.4 min. total, 591.9 MB
bullfight_antiviral v9 576 games, 508369 moves, e=0.497, loss: 9.1, -, 14.2% elo% vs. simple_bot, avg. reward: -3.063, 2.501 sec/game, 17.4 min. total, 591.4 MB
bullfight_antiviral v9 577 games, 509419 moves, e=0.496, loss: 9.0, -, 13.9% elo% vs. simple_bot, avg. reward: -3.057, 2.498 sec/game, 17.5 min. total, 591.5 MB
bullfight_antiviral v9 578 games, 510835 moves, e=0.494, loss: 8.9, -, 13.6% elo% vs. simple_bot, avg. reward: -3.042, 2.502 sec/game, 17.5 min. total, 591.6 MB
bullfight_antiviral v9 579 games, 511895 moves, e=0.493, loss: 9.2, -, 13.3% elo% vs. simple_bot, avg. reward: -3.044, 2.517 sec/game, 17.6 min. total, 592.7 MB
bullfight_antiviral v9 580 games, 513150 moves, e=0.492, loss: 8.7, -, 13.0% elo% vs. simple_bot, avg. reward: -3.032, 2.514 sec/game, 17.6 min. total, 594.2 MB
bullfight_antiviral v9 581 games, 514275 moves, e=0.491, loss: 9.0, -, 12.8% elo% vs. simple_bot, avg. reward: -3.030, 2.528 sec/game, 17.7 min. total, 594.1 MB
bullfight_antiviral v9 582 games, 515331 moves, e=0.490, loss: 8.3, -, 12.5% elo% vs. simple_bot, avg. reward: -3.036, 2.539 sec/game, 17.7 min. total, 594.3 MB
bullfight_antiviral v9 583 games, 516611 moves, e=0.489, loss: 8.0, -, 12.3% elo% vs. simple_bot, avg. reward: -3.020, 2.561 sec/game, 17.7 min. total, 594.2 MB
bullfight_antiviral v9 584 games, 517881 moves, e=0.487, loss: 7.7, -, 12.0% elo% vs. simple_bot, avg. reward: -3.016, 2.606 sec/game, 17.8 min. total, 594.7 MB
bullfight_antiviral v9 585 games, 519085 moves, e=0.486, loss: 8.2, -, 11.8% elo% vs. simple_bot, avg. reward: -3.009, 2.612 sec/game, 17.8 min. total, 594.7 MB
bullfight_antiviral v9 586 games, 520183 moves, e=0.485, loss: 7.4, -, 11.6% elo% vs. simple_bot, avg. reward: -3.010, 2.598 sec/game, 17.9 min. total, 595.0 MB
bullfight_antiviral v9 587 games, 521320 moves, e=0.484, loss: 7.5, -, 11.3% elo% vs. simple_bot, avg. reward: -3.009, 2.496 sec/game, 17.9 min. total, 597.2 MB
bullfight_antiviral v9 588 games, 522290 moves, e=0.483, loss: 7.6, -, 11.1% elo% vs. simple_bot, avg. reward: -3.005, 2.462 sec/game, 17.9 min. total, 596.8 MB
bullfight_antiviral v9 589 games, 523475 moves, e=0.482, loss: 8.1, -, 10.9% elo% vs. simple_bot, avg. reward: -3.000, 2.438 sec/game, 18.0 min. total, 597.8 MB
bullfight_antiviral v9 590 games, 524711 moves, e=0.481, loss: 8.2, -, 10.7% elo% vs. simple_bot, avg. reward: -2.993, 2.437 sec/game, 18.0 min. total, 596.8 MB
bullfight_antiviral v9 591 games, 525804 moves, e=0.479, loss: 8.2, -, 10.6% elo% vs. simple_bot, avg. reward: -2.986, 2.421 sec/game, 18.1 min. total, 596.8 MB
bullfight_antiviral v9 592 games, 526977 moves, e=0.478, loss: 8.3, -, 10.4% elo% vs. simple_bot, avg. reward: -2.977, 2.449 sec/game, 18.1 min. total, 597.0 MB
bullfight_antiviral v9 593 games, 527963 moves, e=0.477, loss: 7.8, +, 12.0% elo% vs. simple_bot, avg. reward: -2.976, 2.434 sec/game, 18.1 min. total, 597.0 MB
bullfight_antiviral v9 594 games, 529279 moves, e=0.476, loss: 7.5, -, 11.8% elo% vs. simple_bot, avg. reward: -2.968, 2.462 sec/game, 18.2 min. total, 598.2 MB
bullfight_antiviral v9 595 games, 530670 moves, e=0.475, loss: 8.2, -, 11.6% elo% vs. simple_bot, avg. reward: -2.955, 2.493 sec/game, 18.2 min. total, 598.4 MB
bullfight_antiviral v9 596 games, 531752 moves, e=0.474, loss: 7.9, -, 11.3% elo% vs. simple_bot, avg. reward: -2.956, 2.511 sec/game, 18.3 min. total, 598.6 MB
bullfight_antiviral v9 597 games, 532926 moves, e=0.472, loss: 8.3, -, 11.1% elo% vs. simple_bot, avg. reward: -2.952, 2.546 sec/game, 18.3 min. total, 599.1 MB
bullfight_antiviral v9 598 games, 534077 moves, e=0.471, loss: 7.7, -, 10.9% elo% vs. simple_bot, avg. reward: -2.954, 2.550 sec/game, 18.4 min. total, 598.7 MB
bullfight_antiviral v9 599 games, 535278 moves, e=0.470, loss: 7.4, -, 10.7% elo% vs. simple_bot, avg. reward: -2.944, 2.571 sec/game, 18.4 min. total, 599.0 MB
bullfight_antiviral v9 600 games, 536399 moves, e=0.469, loss: 7.4, -, 10.5% elo% vs. simple_bot, avg. reward: -2.946, 2.594 sec/game, 18.5 min. total, 598.9 MB
bullfight_antiviral v10 601 games, 537580 moves, e=0.468, loss: 7.6, -, 47.7% elo% vs. simple_bot, avg. reward: -2.941, 2.616 sec/game, 18.5 min. total, 599.7 MB
bullfight_antiviral v10 602 games, 538914 moves, e=0.466, loss: 7.4, -, 45.5% elo% vs. simple_bot, avg. reward: -2.924, 2.665 sec/game, 18.6 min. total, 601.9 MB
bullfight_antiviral v10 603 games, 540239 moves, e=0.465, loss: 7.8, -, 43.4% elo% vs. simple_bot, avg. reward: -2.913, 2.672 sec/game, 18.6 min. total, 602.0 MB
bullfight_antiviral v10 604 games, 541462 moves, e=0.464, loss: 7.4, -, 41.5% elo% vs. simple_bot, avg. reward: -2.910, 2.684 sec/game, 18.7 min. total, 601.9 MB
bullfight_antiviral v10 605 games, 542599 moves, e=0.463, loss: 7.3, -, 39.6% elo% vs. simple_bot, avg. reward: -2.905, 2.683 sec/game, 18.7 min. total, 602.4 MB
