borough_erupt v0 0 games, 0 moves, e=1.000, loss: nan,  , 50.0% elo% vs. , avg. reward: nan, nan sec/game, 0.0 min. total, 317.4 MB
borough_erupt v1 1 games, 659 moves, e=0.999, loss: nan, +, 52.3% elo% vs. v0, avg. reward: -11.002, 0.220 sec/game, 0.0 min. total, 318.3 MB
borough_erupt v1 2 games, 1267 moves, e=0.999, loss: nan, -, 49.9% elo% vs. v0, avg. reward: -11.365, 0.221 sec/game, 0.0 min. total, 322.2 MB
borough_erupt v1 3 games, 1940 moves, e=0.998, loss: nan, -, 47.6% elo% vs. v0, avg. reward: -11.069, 0.219 sec/game, 0.0 min. total, 326.6 MB
borough_erupt v1 4 games, 2610 moves, e=0.997, loss: nan, -, 45.4% elo% vs. v0, avg. reward: -10.964, 0.219 sec/game, 0.0 min. total, 330.0 MB
borough_erupt v1 5 games, 3344 moves, e=0.997, loss: nan, ., 45.6% elo% vs. v0, avg. reward: -10.680, 0.224 sec/game, 0.0 min. total, 334.1 MB
borough_erupt v1 6 games, 4077 moves, e=0.996, loss: nan, +, 48.1% elo% vs. v0, avg. reward: -10.487, 0.228 sec/game, 0.0 min. total, 338.7 MB
borough_erupt v1 7 games, 4770 moves, e=0.995, loss: nan, -, 45.9% elo% vs. v0, avg. reward: -10.399, 0.227 sec/game, 0.0 min. total, 341.9 MB
borough_erupt v1 8 games, 5450 moves, e=0.995, loss: nan, +, 48.4% elo% vs. v0, avg. reward: -10.401, 0.228 sec/game, 0.0 min. total, 345.2 MB
borough_erupt v1 9 games, 6213 moves, e=0.994, loss: nan, +, 50.8% elo% vs. v0, avg. reward: -10.226, 0.230 sec/game, 0.0 min. total, 349.5 MB
borough_erupt v1 10 games, 6950 moves, e=0.993, loss: nan, ., 50.7% elo% vs. v0, avg. reward: -10.140, 0.231 sec/game, 0.0 min. total, 353.0 MB
borough_erupt v1 11 games, 7578 moves, e=0.992, loss: nan, -, 48.4% elo% vs. v0, avg. reward: -10.220, 0.229 sec/game, 0.0 min. total, 356.7 MB
borough_erupt v1 12 games, 8266 moves, e=0.992, loss: nan, -, 46.2% elo% vs. v0, avg. reward: -10.224, 0.230 sec/game, 0.0 min. total, 360.6 MB
borough_erupt v1 13 games, 8923 moves, e=0.991, loss: nan, ., 46.4% elo% vs. v0, avg. reward: -10.227, 0.229 sec/game, 0.0 min. total, 364.4 MB
borough_erupt v1 14 games, 9611 moves, e=0.990, loss: nan, ., 46.5% elo% vs. v0, avg. reward: -10.252, 0.229 sec/game, 0.1 min. total, 367.8 MB
borough_erupt v1 15 games, 10425 moves, e=0.990, loss: nan, +, 49.0% elo% vs. v0, avg. reward: -10.146, 0.230 sec/game, 0.1 min. total, 372.6 MB
borough_erupt v1 16 games, 11283 moves, e=0.989, loss: nan, -, 46.7% elo% vs. v0, avg. reward: -10.012, 0.234 sec/game, 0.1 min. total, 377.2 MB
borough_erupt v1 17 games, 11936 moves, e=0.988, loss: nan, ., 46.9% elo% vs. v0, avg. reward: -10.079, 0.233 sec/game, 0.1 min. total, 381.7 MB
borough_erupt v1 18 games, 12648 moves, e=0.987, loss: nan, +, 49.3% elo% vs. v0, avg. reward: -10.057, 0.241 sec/game, 0.1 min. total, 381.9 MB
borough_erupt v1 19 games, 13397 moves, e=0.987, loss: nan, -, 47.1% elo% vs. v0, avg. reward: -10.019, 0.241 sec/game, 0.1 min. total, 382.1 MB
borough_erupt v1 20 games, 14105 moves, e=0.986, loss: nan, ., 47.2% elo% vs. v0, avg. reward: -10.005, 0.243 sec/game, 0.1 min. total, 382.5 MB
borough_erupt v1 21 games, 14842 moves, e=0.985, loss: nan, -, 45.0% elo% vs. v0, avg. reward: -9.990, 0.246 sec/game, 0.1 min. total, 383.7 MB
borough_erupt v1 22 games, 15596 moves, e=0.985, loss: nan, +, 47.5% elo% vs. v0, avg. reward: -9.942, 0.249 sec/game, 0.1 min. total, 385.5 MB
borough_erupt v1 23 games, 16321 moves, e=0.984, loss: nan, +, 50.0% elo% vs. v0, avg. reward: -9.941, 0.251 sec/game, 0.1 min. total, 387.2 MB
borough_erupt v1 24 games, 17098 moves, e=0.983, loss: nan, -, 47.7% elo% vs. v0, avg. reward: -9.884, 0.254 sec/game, 0.1 min. total, 389.8 MB
borough_erupt v1 25 games, 17840 moves, e=0.982, loss: nan, +, 50.1% elo% vs. v0, avg. reward: -9.874, 0.256 sec/game, 0.1 min. total, 392.2 MB
borough_erupt v1 26 games, 18477 moves, e=0.982, loss: nan, ., 50.1% elo% vs. v0, avg. reward: -9.903, 0.255 sec/game, 0.1 min. total, 394.7 MB
borough_erupt v1 27 games, 19272 moves, e=0.981, loss: nan, +, 52.4% elo% vs. v0, avg. reward: -9.862, 0.259 sec/game, 0.1 min. total, 397.6 MB
borough_erupt v1 28 games, 19983 moves, e=0.980, loss: nan, +, 54.5% elo% vs. v0, avg. reward: -9.865, 0.260 sec/game, 0.1 min. total, 400.0 MB
borough_erupt v1 29 games, 20662 moves, e=0.980, loss: nan, -, 52.0% elo% vs. v0, avg. reward: -9.887, 0.260 sec/game, 0.1 min. total, 402.3 MB
borough_erupt v1 30 games, 21257 moves, e=0.979, loss: nan, -, 49.6% elo% vs. v0, avg. reward: -9.954, 0.259 sec/game, 0.1 min. total, 405.3 MB
borough_erupt v1 31 games, 22067 moves, e=0.978, loss: nan, -, 47.4% elo% vs. v0, avg. reward: -9.906, 0.263 sec/game, 0.1 min. total, 409.8 MB
borough_erupt v1 32 games, 22788 moves, e=0.977, loss: nan, +, 49.8% elo% vs. v0, avg. reward: -9.896, 0.264 sec/game, 0.1 min. total, 413.5 MB
borough_erupt v1 33 games, 23431 moves, e=0.977, loss: nan, +, 52.1% elo% vs. v0, avg. reward: -9.939, 0.266 sec/game, 0.1 min. total, 417.0 MB
borough_erupt v1 34 games, 24101 moves, e=0.976, loss: nan, ., 52.0% elo% vs. v0, avg. reward: -9.952, 0.268 sec/game, 0.1 min. total, 421.4 MB
borough_erupt v1 35 games, 24817 moves, e=0.975, loss: nan, -, 49.6% elo% vs. v0, avg. reward: -9.947, 0.270 sec/game, 0.1 min. total, 424.4 MB
borough_erupt v1 36 games, 25520 moves, e=0.975, loss: nan, -, 47.3% elo% vs. v0, avg. reward: -9.938, 0.268 sec/game, 0.2 min. total, 424.9 MB
borough_erupt v1 37 games, 26263 moves, e=0.974, loss: nan, -, 45.2% elo% vs. v0, avg. reward: -9.932, 0.271 sec/game, 0.2 min. total, 425.7 MB
borough_erupt v1 38 games, 26934 moves, e=0.973, loss: nan, -, 43.1% elo% vs. v0, avg. reward: -9.937, 0.265 sec/game, 0.2 min. total, 426.7 MB
borough_erupt v1 39 games, 27564 moves, e=0.973, loss: nan, -, 41.2% elo% vs. v0, avg. reward: -9.977, 0.267 sec/game, 0.2 min. total, 428.0 MB
borough_erupt v1 40 games, 28281 moves, e=0.972, loss: nan, +, 43.8% elo% vs. v0, avg. reward: -9.967, 0.270 sec/game, 0.2 min. total, 429.7 MB
borough_erupt v1 41 games, 28927 moves, e=0.971, loss: nan, +, 46.4% elo% vs. v0, avg. reward: -9.987, 0.271 sec/game, 0.2 min. total, 431.2 MB
borough_erupt v1 42 games, 29646 moves, e=0.971, loss: nan, ., 46.5% elo% vs. v0, avg. reward: -9.978, 0.273 sec/game, 0.2 min. total, 432.7 MB
borough_erupt v1 43 games, 30339 moves, e=0.970, loss: nan, -, 44.4% elo% vs. v0, avg. reward: -9.980, 0.275 sec/game, 0.2 min. total, 434.9 MB
borough_erupt v1 44 games, 30933 moves, e=0.969, loss: nan, -, 42.4% elo% vs. v0, avg. reward: -10.027, 0.274 sec/game, 0.2 min. total, 436.7 MB
borough_erupt v1 45 games, 31672 moves, e=0.969, loss: nan, -, 40.5% elo% vs. v0, avg. reward: -10.014, 0.278 sec/game, 0.2 min. total, 439.1 MB
borough_erupt v1 46 games, 32470 moves, e=0.968, loss: nan, +, 43.2% elo% vs. v0, avg. reward: -9.981, 0.283 sec/game, 0.2 min. total, 442.1 MB
borough_erupt v1 47 games, 33176 moves, e=0.967, loss: nan, +, 45.8% elo% vs. v0, avg. reward: -9.980, 0.284 sec/game, 0.2 min. total, 445.2 MB
borough_erupt v1 48 games, 34020 moves, e=0.966, loss: nan, -, 43.7% elo% vs. v0, avg. reward: -9.941, 0.287 sec/game, 0.2 min. total, 449.8 MB
borough_erupt v1 49 games, 34805 moves, e=0.966, loss: nan, -, 41.7% elo% vs. v0, avg. reward: -9.914, 0.291 sec/game, 0.2 min. total, 454.1 MB
borough_erupt v1 50 games, 35518 moves, e=0.965, loss: nan, ., 42.1% elo% vs. v0, avg. reward: -9.914, 0.294 sec/game, 0.2 min. total, 457.8 MB
borough_erupt v1 51 games, 36246 moves, e=0.964, loss: nan, ., 42.4% elo% vs. v0, avg. reward: -9.908, 0.294 sec/game, 0.2 min. total, 461.2 MB
borough_erupt v1 52 games, 36999 moves, e=0.963, loss: nan, ., 42.8% elo% vs. v0, avg. reward: -9.888, 0.296 sec/game, 0.2 min. total, 465.1 MB
borough_erupt v1 53 games, 37667 moves, e=0.963, loss: nan, -, 40.9% elo% vs. v0, avg. reward: -9.890, 0.298 sec/game, 0.2 min. total, 468.5 MB
borough_erupt v1 54 games, 38427 moves, e=0.962, loss: nan, +, 43.5% elo% vs. v0, avg. reward: -9.877, 0.300 sec/game, 0.2 min. total, 468.6 MB
borough_erupt v1 55 games, 39221 moves, e=0.961, loss: nan, +, 46.1% elo% vs. v0, avg. reward: -9.855, 0.300 sec/game, 0.2 min. total, 469.4 MB
borough_erupt v1 56 games, 39970 moves, e=0.960, loss: nan, ., 46.3% elo% vs. v0, avg. reward: -9.853, 0.302 sec/game, 0.3 min. total, 471.1 MB
borough_erupt v1 57 games, 40772 moves, e=0.960, loss: nan, +, 48.7% elo% vs. v0, avg. reward: -9.831, 0.305 sec/game, 0.3 min. total, 473.3 MB
borough_erupt v1 58 games, 41479 moves, e=0.959, loss: nan, -, 46.5% elo% vs. v0, avg. reward: -9.837, 0.307 sec/game, 0.3 min. total, 474.8 MB
borough_erupt v1 59 games, 42272 moves, e=0.958, loss: nan, ., 46.7% elo% vs. v0, avg. reward: -9.817, 0.309 sec/game, 0.3 min. total, 476.5 MB
borough_erupt v1 60 games, 43109 moves, e=0.957, loss: nan, ., 46.8% elo% vs. v0, avg. reward: -9.795, 0.310 sec/game, 0.3 min. total, 478.7 MB
borough_erupt v1 61 games, 43823 moves, e=0.957, loss: nan, +, 49.3% elo% vs. v0, avg. reward: -9.795, 0.310 sec/game, 0.3 min. total, 480.6 MB
borough_erupt v1 62 games, 44573 moves, e=0.956, loss: nan, +, 51.6% elo% vs. v0, avg. reward: -9.786, 0.311 sec/game, 0.3 min. total, 482.7 MB
borough_erupt v1 63 games, 45343 moves, e=0.955, loss: nan, +, 53.8% elo% vs. v0, avg. reward: -9.772, 0.313 sec/game, 0.3 min. total, 485.7 MB
borough_erupt v1 64 games, 46112 moves, e=0.954, loss: nan, +, 55.9% elo% vs. v0, avg. reward: -9.755, 0.318 sec/game, 0.3 min. total, 488.4 MB
borough_erupt v1 65 games, 46886 moves, e=0.954, loss: nan, +, 57.9% elo% vs. v0, avg. reward: -9.746, 0.316 sec/game, 0.3 min. total, 492.0 MB
borough_erupt v1 66 games, 47638 moves, e=0.953, loss: nan, -, 55.3% elo% vs. v0, avg. reward: -9.738, 0.315 sec/game, 0.3 min. total, 495.8 MB
borough_erupt v1 67 games, 48259 moves, e=0.952, loss: nan, -, 52.8% elo% vs. v0, avg. reward: -9.764, 0.315 sec/game, 0.3 min. total, 500.2 MB
borough_erupt v1 68 games, 49073 moves, e=0.951, loss: nan, +, 54.9% elo% vs. v0, avg. reward: -9.748, 0.316 sec/game, 0.3 min. total, 503.9 MB
borough_erupt v1 69 games, 49794 moves, e=0.951, loss: nan, +, 57.0% elo% vs. v0, avg. reward: -9.749, 0.314 sec/game, 0.3 min. total, 507.4 MB
borough_erupt v1 70 games, 50697 moves, e=0.950, loss: nan, -, 54.4% elo% vs. v0, avg. reward: -9.715, 0.327 sec/game, 0.3 min. total, 508.9 MB
borough_erupt v1 71 games, 51446 moves, e=0.949, loss: nan, +, 56.5% elo% vs. v0, avg. reward: -9.710, 0.331 sec/game, 0.3 min. total, 510.1 MB
borough_erupt v1 72 games, 52217 moves, e=0.948, loss: nan, +, 58.4% elo% vs. v0, avg. reward: -9.701, 0.332 sec/game, 0.3 min. total, 511.8 MB
borough_erupt v1 73 games, 52881 moves, e=0.948, loss: nan, +, 60.3% elo% vs. v0, avg. reward: -9.709, 0.332 sec/game, 0.3 min. total, 513.3 MB
borough_erupt v1 74 games, 53640 moves, e=0.947, loss: nan, -, 57.6% elo% vs. v0, avg. reward: -9.704, 0.335 sec/game, 0.4 min. total, 515.1 MB
borough_erupt v1 75 games, 54423 moves, e=0.946, loss: nan, +, 59.5% elo% vs. v0, avg. reward: -9.699, 0.339 sec/game, 0.4 min. total, 517.1 MB
borough_erupt v1 76 games, 55198 moves, e=0.945, loss: nan, -, 56.8% elo% vs. v0, avg. reward: -9.694, 0.342 sec/game, 0.4 min. total, 518.7 MB
borough_erupt v1 77 games, 55892 moves, e=0.945, loss: nan, +, 58.8% elo% vs. v0, avg. reward: -9.705, 0.341 sec/game, 0.4 min. total, 520.6 MB
borough_erupt v1 78 games, 56560 moves, e=0.944, loss: nan, -, 56.1% elo% vs. v0, avg. reward: -9.718, 0.342 sec/game, 0.4 min. total, 522.1 MB
borough_erupt v1 79 games, 57375 moves, e=0.943, loss: nan, ., 55.8% elo% vs. v0, avg. reward: -9.706, 0.344 sec/game, 0.4 min. total, 524.4 MB
borough_erupt v1 80 games, 58104 moves, e=0.942, loss: nan, -, 53.3% elo% vs. v0, avg. reward: -9.699, 0.343 sec/game, 0.4 min. total, 527.1 MB
borough_erupt v1 81 games, 58977 moves, e=0.942, loss: nan, +, 55.4% elo% vs. v0, avg. reward: -9.672, 0.354 sec/game, 0.4 min. total, 530.6 MB
borough_erupt v1 82 games, 59695 moves, e=0.941, loss: nan, +, 57.4% elo% vs. v0, avg. reward: -9.675, 0.354 sec/game, 0.4 min. total, 534.0 MB
borough_erupt v1 83 games, 60556 moves, e=0.940, loss: nan, +, 59.3% elo% vs. v0, avg. reward: -9.657, 0.357 sec/game, 0.4 min. total, 537.8 MB
borough_erupt v1 84 games, 61188 moves, e=0.939, loss: nan, +, 61.1% elo% vs. v0, avg. reward: -9.675, 0.355 sec/game, 0.4 min. total, 541.5 MB
borough_erupt v1 85 games, 61889 moves, e=0.939, loss: nan, -, 58.4% elo% vs. v0, avg. reward: -9.680, 0.356 sec/game, 0.4 min. total, 546.0 MB
borough_erupt v1 86 games, 62611 moves, e=0.938, loss: nan, +, 60.3% elo% vs. v0, avg. reward: -9.679, 0.357 sec/game, 0.4 min. total, 550.5 MB
borough_erupt v1 87 games, 63377 moves, e=0.937, loss: nan, -, 57.6% elo% vs. v0, avg. reward: -9.673, 0.363 sec/game, 0.4 min. total, 553.0 MB
borough_erupt v1 88 games, 64108 moves, e=0.937, loss: nan, ., 57.2% elo% vs. v0, avg. reward: -9.670, 0.362 sec/game, 0.4 min. total, 553.2 MB
borough_erupt v1 89 games, 64842 moves, e=0.936, loss: nan, +, 59.2% elo% vs. v0, avg. reward: -9.670, 0.364 sec/game, 0.4 min. total, 554.4 MB
borough_erupt v1 90 games, 65555 moves, e=0.935, loss: nan, +, 61.0% elo% vs. v0, avg. reward: -9.669, 0.355 sec/game, 0.5 min. total, 555.8 MB
borough_erupt v1 91 games, 66263 moves, e=0.934, loss: nan, +, 62.7% elo% vs. v0, avg. reward: -9.671, 0.354 sec/game, 0.5 min. total, 557.6 MB
borough_erupt v1 92 games, 66909 moves, e=0.934, loss: nan, ., 62.1% elo% vs. v0, avg. reward: -9.684, 0.352 sec/game, 0.5 min. total, 559.0 MB
borough_erupt v1 93 games, 67712 moves, e=0.933, loss: nan, -, 59.4% elo% vs. v0, avg. reward: -9.676, 0.355 sec/game, 0.5 min. total, 561.0 MB
borough_erupt v1 94 games, 68419 moves, e=0.932, loss: nan, +, 61.2% elo% vs. v0, avg. reward: -9.677, 0.354 sec/game, 0.5 min. total, 563.2 MB
borough_erupt v1 95 games, 69249 moves, e=0.931, loss: nan, +, 62.9% elo% vs. v0, avg. reward: -9.661, 0.356 sec/game, 0.5 min. total, 565.1 MB
borough_erupt v1 96 games, 69932 moves, e=0.931, loss: nan, -, 60.1% elo% vs. v0, avg. reward: -9.668, 0.355 sec/game, 0.5 min. total, 567.0 MB
borough_erupt v1 97 games, 70697 moves, e=0.930, loss: nan, +, 61.9% elo% vs. v0, avg. reward: -9.665, 0.358 sec/game, 0.5 min. total, 569.5 MB
borough_erupt v1 98 games, 71471 moves, e=0.929, loss: nan, +, 63.5% elo% vs. v0, avg. reward: -9.661, 0.361 sec/game, 0.5 min. total, 572.1 MB
borough_erupt v1 99 games, 72252 moves, e=0.928, loss: nan, +, 65.1% elo% vs. v0, avg. reward: -9.653, 0.361 sec/game, 0.5 min. total, 574.3 MB
borough_erupt v1 100 games, 72931 moves, e=0.928, loss: nan, -, 62.3% elo% vs. v0, avg. reward: -9.660, 0.361 sec/game, 0.5 min. total, 577.1 MB
borough_erupt v2 101 games, 73687 moves, e=0.927, loss: nan, +, 52.3% elo% vs. v0, avg. reward: -9.641, 0.354 sec/game, 0.5 min. total, 581.8 MB
borough_erupt v2 102 games, 74397 moves, e=0.926, loss: nan, +, 54.5% elo% vs. v0, avg. reward: -9.623, 0.356 sec/game, 0.5 min. total, 586.3 MB
borough_erupt v2 103 games, 75104 moves, e=0.926, loss: nan, +, 56.6% elo% vs. v0, avg. reward: -9.622, 0.353 sec/game, 0.5 min. total, 591.3 MB
borough_erupt v2 104 games, 75858 moves, e=0.925, loss: nan, +, 58.5% elo% vs. v0, avg. reward: -9.607, 0.356 sec/game, 0.5 min. total, 593.8 MB
borough_erupt v2 105 games, 76558 moves, e=0.924, loss: nan, +, 60.4% elo% vs. v0, avg. reward: -9.611, 0.357 sec/game, 0.5 min. total, 594.2 MB
borough_erupt v2 106 games, 77378 moves, e=0.923, loss: nan, -, 57.7% elo% vs. v0, avg. reward: -9.601, 0.360 sec/game, 0.5 min. total, 595.8 MB
borough_erupt v2 107 games, 78122 moves, e=0.923, loss: nan, -, 55.1% elo% vs. v0, avg. reward: -9.595, 0.359 sec/game, 0.6 min. total, 597.4 MB
borough_erupt v2 108 games, 78821 moves, e=0.922, loss: nan, +, 57.1% elo% vs. v0, avg. reward: -9.587, 0.359 sec/game, 0.6 min. total, 598.9 MB
borough_erupt v2 109 games, 79527 moves, e=0.921, loss: nan, -, 54.5% elo% vs. v0, avg. reward: -9.599, 0.361 sec/game, 0.6 min. total, 600.6 MB
borough_erupt v2 110 games, 80299 moves, e=0.921, loss: nan, -, 52.0% elo% vs. v0, avg. reward: -9.599, 0.365 sec/game, 0.6 min. total, 602.7 MB
borough_erupt v2 111 games, 81115 moves, e=0.920, loss: nan, +, 54.2% elo% vs. v0, avg. reward: -9.576, 0.368 sec/game, 0.6 min. total, 604.8 MB
borough_erupt v2 112 games, 81790 moves, e=0.919, loss: nan, +, 56.3% elo% vs. v0, avg. reward: -9.573, 0.370 sec/game, 0.6 min. total, 606.4 MB
borough_erupt v2 113 games, 82525 moves, e=0.918, loss: nan, -, 53.7% elo% vs. v0, avg. reward: -9.564, 0.370 sec/game, 0.6 min. total, 608.6 MB
borough_erupt v2 114 games, 83342 moves, e=0.917, loss: nan, ., 53.6% elo% vs. v0, avg. reward: -9.540, 0.375 sec/game, 0.6 min. total, 610.8 MB
borough_erupt v2 115 games, 84060 moves, e=0.917, loss: nan, ., 53.4% elo% vs. v0, avg. reward: -9.550, 0.373 sec/game, 0.6 min. total, 613.1 MB
borough_erupt v2 116 games, 84720 moves, e=0.916, loss: nan, -, 50.9% elo% vs. v0, avg. reward: -9.575, 0.374 sec/game, 0.6 min. total, 616.2 MB
borough_erupt v2 117 games, 85477 moves, e=0.915, loss: nan, ., 50.9% elo% vs. v0, avg. reward: -9.554, 0.375 sec/game, 0.6 min. total, 620.7 MB
borough_erupt v2 118 games, 86184 moves, e=0.915, loss: nan, +, 53.1% elo% vs. v0, avg. reward: -9.554, 0.374 sec/game, 0.6 min. total, 623.9 MB
borough_erupt v2 119 games, 87030 moves, e=0.914, loss: nan, +, 55.3% elo% vs. v0, avg. reward: -9.540, 0.379 sec/game, 0.6 min. total, 628.4 MB
borough_erupt v2 120 games, 87798 moves, e=0.913, loss: nan, +, 57.3% elo% vs. v0, avg. reward: -9.534, 0.383 sec/game, 0.6 min. total, 632.6 MB
borough_erupt v2 121 games, 88661 moves, e=0.912, loss: nan, -, 54.7% elo% vs. v0, avg. reward: -9.519, 0.392 sec/game, 0.6 min. total, 634.4 MB
borough_erupt v2 122 games, 89493 moves, e=0.911, loss: nan, -, 52.2% elo% vs. v0, avg. reward: -9.512, 0.396 sec/game, 0.7 min. total, 635.9 MB
borough_erupt v2 123 games, 90195 moves, e=0.911, loss: nan, +, 54.4% elo% vs. v0, avg. reward: -9.514, 0.399 sec/game, 0.7 min. total, 637.5 MB
borough_erupt v2 124 games, 91100 moves, e=0.910, loss: nan, +, 56.5% elo% vs. v0, avg. reward: -9.502, 0.404 sec/game, 0.7 min. total, 640.1 MB
borough_erupt v2 125 games, 91898 moves, e=0.909, loss: nan, ., 56.2% elo% vs. v0, avg. reward: -9.493, 0.410 sec/game, 0.7 min. total, 642.3 MB
borough_erupt v2 126 games, 92707 moves, e=0.908, loss: nan, ., 55.9% elo% vs. v0, avg. reward: -9.476, 0.410 sec/game, 0.7 min. total, 644.3 MB
borough_erupt v2 127 games, 93546 moves, e=0.907, loss: nan, ., 55.6% elo% vs. v0, avg. reward: -9.472, 0.414 sec/game, 0.7 min. total, 646.4 MB
borough_erupt v2 128 games, 94195 moves, e=0.907, loss: nan, ., 55.4% elo% vs. v0, avg. reward: -9.484, 0.415 sec/game, 0.7 min. total, 648.2 MB
borough_erupt v2 129 games, 94894 moves, e=0.906, loss: nan, +, 57.4% elo% vs. v0, avg. reward: -9.479, 0.415 sec/game, 0.7 min. total, 650.2 MB
borough_erupt v2 130 games, 95605 moves, e=0.905, loss: nan, -, 54.8% elo% vs. v0, avg. reward: -9.456, 0.416 sec/game, 0.7 min. total, 651.9 MB
borough_erupt v2 131 games, 96390 moves, e=0.905, loss: nan, -, 52.3% elo% vs. v0, avg. reward: -9.463, 0.419 sec/game, 0.7 min. total, 654.2 MB
borough_erupt v2 132 games, 97208 moves, e=0.904, loss: nan, +, 54.5% elo% vs. v0, avg. reward: -9.452, 0.422 sec/game, 0.7 min. total, 656.9 MB
borough_erupt v2 133 games, 97976 moves, e=0.903, loss: nan, -, 52.0% elo% vs. v0, avg. reward: -9.429, 0.425 sec/game, 0.7 min. total, 660.8 MB
borough_erupt v2 134 games, 98757 moves, e=0.902, loss: nan, ., 51.9% elo% vs. v0, avg. reward: -9.415, 0.423 sec/game, 0.7 min. total, 665.0 MB
borough_erupt v2 135 games, 99486 moves, e=0.902, loss: nan, +, 54.1% elo% vs. v0, avg. reward: -9.412, 0.427 sec/game, 0.7 min. total, 669.3 MB
borough_erupt v2 136 games, 100212 moves, e=0.901, loss: 61.7, +, 56.2% elo% vs. v0, avg. reward: -9.414, 0.504 sec/game, 0.8 min. total, 722.8 MB
borough_erupt v2 137 games, 101118 moves, e=0.900, loss: 46.3, ., 55.9% elo% vs. v0, avg. reward: -9.394, 0.850 sec/game, 0.9 min. total, 724.3 MB
borough_erupt v2 138 games, 101990 moves, e=0.899, loss: 28.3, ., 55.6% elo% vs. v0, avg. reward: -9.372, 1.186 sec/game, 1.0 min. total, 725.5 MB
borough_erupt v2 139 games, 102739 moves, e=0.898, loss: 19.3, -, 53.1% elo% vs. v0, avg. reward: -9.347, 1.486 sec/game, 1.1 min. total, 725.8 MB
borough_erupt v2 140 games, 103557 moves, e=0.897, loss: 13.5, -, 50.7% elo% vs. v0, avg. reward: -9.336, 1.829 sec/game, 1.2 min. total, 725.6 MB
borough_erupt v2 141 games, 104344 moves, e=0.897, loss: 11.0, +, 52.9% elo% vs. v0, avg. reward: -9.314, 2.108 sec/game, 1.3 min. total, 725.9 MB
borough_erupt v2 142 games, 105129 moves, e=0.896, loss: 9.5, -, 50.5% elo% vs. v0, avg. reward: -9.308, 2.402 sec/game, 1.5 min. total, 726.0 MB
borough_erupt v2 143 games, 105953 moves, e=0.895, loss: 8.7, +, 52.8% elo% vs. v0, avg. reward: -9.289, 2.687 sec/game, 1.6 min. total, 726.1 MB
borough_erupt v2 144 games, 106851 moves, e=0.894, loss: 8.3, -, 50.3% elo% vs. v0, avg. reward: -9.244, 3.018 sec/game, 1.7 min. total, 726.1 MB
borough_erupt v2 145 games, 107613 moves, e=0.893, loss: 8.0, +, 52.6% elo% vs. v0, avg. reward: -9.241, 3.294 sec/game, 1.8 min. total, 726.6 MB
borough_erupt v2 146 games, 108308 moves, e=0.893, loss: 7.9, +, 54.8% elo% vs. v0, avg. reward: -9.260, 3.575 sec/game, 1.9 min. total, 726.6 MB
borough_erupt v2 147 games, 109162 moves, e=0.892, loss: 7.6, +, 56.8% elo% vs. v0, avg. reward: -9.240, 3.853 sec/game, 2.0 min. total, 727.1 MB
borough_erupt v2 148 games, 109822 moves, e=0.891, loss: 7.7, +, 58.8% elo% vs. v0, avg. reward: -9.267, 4.092 sec/game, 2.1 min. total, 726.6 MB
borough_erupt v2 149 games, 110661 moves, e=0.890, loss: 7.5, +, 60.6% elo% vs. v0, avg. reward: -9.264, 4.421 sec/game, 2.2 min. total, 726.6 MB
borough_erupt v2 150 games, 111578 moves, e=0.890, loss: 7.4, +, 62.3% elo% vs. v0, avg. reward: -9.238, 4.755 sec/game, 2.3 min. total, 726.8 MB
borough_erupt v2 151 games, 112344 moves, e=0.889, loss: 7.4, +, 63.9% elo% vs. v0, avg. reward: -9.235, 5.053 sec/game, 2.4 min. total, 727.4 MB
borough_erupt v2 152 games, 113131 moves, e=0.888, loss: 7.5, +, 65.5% elo% vs. v0, avg. reward: -9.235, 5.339 sec/game, 2.5 min. total, 726.9 MB
borough_erupt v2 153 games, 114069 moves, e=0.887, loss: 7.1, +, 66.9% elo% vs. v0, avg. reward: -9.206, 5.720 sec/game, 2.6 min. total, 728.2 MB
borough_erupt v2 154 games, 114736 moves, e=0.886, loss: 7.0, +, 68.2% elo% vs. v0, avg. reward: -9.219, 5.930 sec/game, 2.7 min. total, 729.8 MB
borough_erupt v2 155 games, 115494 moves, e=0.886, loss: 7.0, +, 69.5% elo% vs. v0, avg. reward: -9.220, 6.188 sec/game, 2.8 min. total, 732.0 MB
borough_erupt v2 156 games, 116267 moves, e=0.885, loss: 6.9, +, 70.7% elo% vs. v0, avg. reward: -9.215, 6.368 sec/game, 2.9 min. total, 731.8 MB
borough_erupt v3 157 games, 117109 moves, e=0.884, loss: 6.8, -, 49.9% elo% vs. v2, avg. reward: -9.212, 6.358 sec/game, 3.0 min. total, 798.4 MB
borough_erupt v3 158 games, 117788 moves, e=0.883, loss: 6.7, +, 52.2% elo% vs. v2, avg. reward: -9.212, 6.346 sec/game, 3.1 min. total, 799.2 MB
borough_erupt v3 159 games, 118567 moves, e=0.883, loss: 6.6, +, 54.4% elo% vs. v2, avg. reward: -9.214, 6.348 sec/game, 3.2 min. total, 802.1 MB
borough_erupt v3 160 games, 119360 moves, e=0.882, loss: 6.4, +, 56.5% elo% vs. v2, avg. reward: -9.220, 6.302 sec/game, 3.3 min. total, 801.2 MB
borough_erupt v3 161 games, 120173 moves, e=0.881, loss: 6.2, +, 58.4% elo% vs. v2, avg. reward: -9.209, 6.321 sec/game, 3.5 min. total, 802.4 MB
borough_erupt v3 162 games, 120984 moves, e=0.880, loss: 6.1, -, 55.8% elo% vs. v2, avg. reward: -9.205, 6.374 sec/game, 3.6 min. total, 805.9 MB
borough_erupt v3 163 games, 121841 moves, e=0.879, loss: 6.0, +, 57.8% elo% vs. v2, avg. reward: -9.195, 6.399 sec/game, 3.7 min. total, 805.4 MB
borough_erupt v3 164 games, 122691 moves, e=0.879, loss: 5.9, +, 59.7% elo% vs. v2, avg. reward: -9.188, 6.409 sec/game, 3.8 min. total, 805.4 MB
borough_erupt v3 165 games, 123431 moves, e=0.878, loss: 5.8, +, 61.4% elo% vs. v2, avg. reward: -9.191, 6.398 sec/game, 3.9 min. total, 806.9 MB
borough_erupt v3 166 games, 124115 moves, e=0.877, loss: 5.6, +, 63.1% elo% vs. v2, avg. reward: -9.202, 6.335 sec/game, 4.0 min. total, 806.8 MB
borough_erupt v3 167 games, 124960 moves, e=0.876, loss: 5.6, -, 60.4% elo% vs. v2, avg. reward: -9.167, 6.395 sec/game, 4.1 min. total, 807.0 MB
borough_erupt v3 168 games, 125703 moves, e=0.876, loss: 5.6, -, 57.7% elo% vs. v2, avg. reward: -9.170, 6.421 sec/game, 4.2 min. total, 807.0 MB
borough_erupt v3 169 games, 126392 moves, e=0.875, loss: 5.5, -, 55.1% elo% vs. v2, avg. reward: -9.175, 6.312 sec/game, 4.3 min. total, 808.3 MB
borough_erupt v3 170 games, 127146 moves, e=0.874, loss: 5.6, +, 57.1% elo% vs. v2, avg. reward: -9.193, 6.263 sec/game, 4.4 min. total, 808.9 MB
borough_erupt v3 171 games, 127940 moves, e=0.873, loss: 5.4, +, 59.0% elo% vs. v2, avg. reward: -9.185, 6.267 sec/game, 4.5 min. total, 809.0 MB
borough_erupt v3 172 games, 128651 moves, e=0.873, loss: 5.3, +, 60.8% elo% vs. v2, avg. reward: -9.191, 6.248 sec/game, 4.6 min. total, 809.8 MB
borough_erupt v3 173 games, 129524 moves, e=0.872, loss: 5.3, -, 58.1% elo% vs. v2, avg. reward: -9.167, 6.134 sec/game, 4.7 min. total, 812.3 MB
borough_erupt v3 174 games, 130386 moves, e=0.871, loss: 5.3, +, 60.0% elo% vs. v2, avg. reward: -9.153, 6.245 sec/game, 4.8 min. total, 812.1 MB
borough_erupt v3 175 games, 131186 moves, e=0.870, loss: 5.2, -, 57.3% elo% vs. v2, avg. reward: -9.146, 6.253 sec/game, 4.9 min. total, 812.6 MB
borough_erupt v3 176 games, 132044 moves, e=0.869, loss: 5.2, -, 54.7% elo% vs. v2, avg. reward: -9.135, 6.312 sec/game, 5.0 min. total, 812.6 MB
borough_erupt v3 177 games, 132930 moves, e=0.868, loss: 5.3, +, 56.8% elo% vs. v2, avg. reward: -9.108, 6.294 sec/game, 5.1 min. total, 813.1 MB
borough_erupt v3 178 games, 133769 moves, e=0.868, loss: 5.2, +, 58.7% elo% vs. v2, avg. reward: -9.081, 6.293 sec/game, 5.2 min. total, 814.4 MB
borough_erupt v3 179 games, 134600 moves, e=0.867, loss: 5.1, -, 56.1% elo% vs. v2, avg. reward: -9.076, 6.259 sec/game, 5.3 min. total, 815.8 MB
borough_erupt v3 180 games, 135292 moves, e=0.866, loss: 5.2, +, 58.1% elo% vs. v2, avg. reward: -9.087, 6.187 sec/game, 5.4 min. total, 817.5 MB
borough_erupt v3 181 games, 136004 moves, e=0.865, loss: 5.2, +, 59.9% elo% vs. v2, avg. reward: -9.110, 6.152 sec/game, 5.5 min. total, 819.0 MB
borough_erupt v3 182 games, 136726 moves, e=0.865, loss: 5.1, -, 57.3% elo% vs. v2, avg. reward: -9.108, 6.073 sec/game, 5.6 min. total, 819.1 MB
borough_erupt v3 183 games, 137543 moves, e=0.864, loss: 5.3, -, 54.7% elo% vs. v2, avg. reward: -9.109, 6.035 sec/game, 5.7 min. total, 819.4 MB
borough_erupt v3 184 games, 138356 moves, e=0.863, loss: 5.2, -, 52.1% elo% vs. v2, avg. reward: -9.079, 5.960 sec/game, 5.8 min. total, 820.3 MB
borough_erupt v3 185 games, 139218 moves, e=0.862, loss: 5.2, -, 49.7% elo% vs. v2, avg. reward: -9.057, 6.016 sec/game, 5.9 min. total, 820.3 MB
borough_erupt v3 186 games, 139959 moves, e=0.861, loss: 5.2, -, 47.5% elo% vs. v2, avg. reward: -9.058, 6.068 sec/game, 6.0 min. total, 820.4 MB
borough_erupt v3 187 games, 140689 moves, e=0.861, loss: 5.2, -, 45.3% elo% vs. v2, avg. reward: -9.063, 5.995 sec/game, 6.1 min. total, 820.6 MB
borough_erupt v3 188 games, 141403 moves, e=0.860, loss: 5.2, +, 47.8% elo% vs. v2, avg. reward: -9.065, 5.958 sec/game, 6.2 min. total, 819.7 MB
borough_erupt v3 189 games, 142133 moves, e=0.859, loss: 5.3, -, 45.6% elo% vs. v2, avg. reward: -9.064, 6.006 sec/game, 6.3 min. total, 820.0 MB
borough_erupt v3 190 games, 142928 moves, e=0.859, loss: 5.3, +, 48.1% elo% vs. v2, avg. reward: -9.057, 5.992 sec/game, 6.4 min. total, 820.4 MB
borough_erupt v3 191 games, 143622 moves, e=0.858, loss: 5.3, +, 50.5% elo% vs. v2, avg. reward: -9.061, 5.957 sec/game, 6.5 min. total, 821.1 MB
borough_erupt v3 192 games, 144405 moves, e=0.857, loss: 5.3, ., 50.5% elo% vs. v2, avg. reward: -9.038, 5.959 sec/game, 6.6 min. total, 822.3 MB
borough_erupt v3 193 games, 145038 moves, e=0.856, loss: 5.3, -, 48.1% elo% vs. v2, avg. reward: -9.054, 5.914 sec/game, 6.7 min. total, 821.4 MB
borough_erupt v3 194 games, 145855 moves, e=0.856, loss: 5.4, -, 45.9% elo% vs. v2, avg. reward: -9.042, 5.861 sec/game, 6.8 min. total, 822.3 MB
borough_erupt v3 195 games, 146552 moves, e=0.855, loss: 5.3, +, 48.4% elo% vs. v2, avg. reward: -9.062, 5.821 sec/game, 6.8 min. total, 822.3 MB
borough_erupt v3 196 games, 147462 moves, e=0.854, loss: 5.3, -, 46.2% elo% vs. v2, avg. reward: -9.033, 5.873 sec/game, 7.0 min. total, 823.0 MB
borough_erupt v3 197 games, 148215 moves, e=0.853, loss: 5.2, ., 46.4% elo% vs. v2, avg. reward: -9.028, 5.787 sec/game, 7.0 min. total, 824.7 MB
borough_erupt v3 198 games, 149063 moves, e=0.852, loss: 5.1, +, 48.8% elo% vs. v2, avg. reward: -9.016, 5.785 sec/game, 7.2 min. total, 824.9 MB
borough_erupt v3 199 games, 149847 moves, e=0.852, loss: 5.1, -, 46.6% elo% vs. v2, avg. reward: -9.013, 5.785 sec/game, 7.3 min. total, 825.2 MB
borough_erupt v3 200 games, 150636 moves, e=0.851, loss: 5.2, +, 49.0% elo% vs. v2, avg. reward: -9.000, 5.827 sec/game, 7.4 min. total, 825.7 MB
borough_erupt v4 201 games, 151404 moves, e=0.850, loss: 5.0, +, 52.3% elo% vs. v2, avg. reward: -8.999, 5.823 sec/game, 7.4 min. total, 829.7 MB
borough_erupt v4 202 games, 152204 moves, e=0.849, loss: 5.0, ., 52.2% elo% vs. v2, avg. reward: -8.985, 5.875 sec/game, 7.6 min. total, 828.9 MB
borough_erupt v4 203 games, 152959 moves, e=0.849, loss: 4.9, +, 54.4% elo% vs. v2, avg. reward: -8.972, 5.828 sec/game, 7.6 min. total, 829.4 MB
borough_erupt v4 204 games, 153801 moves, e=0.848, loss: 5.0, -, 51.9% elo% vs. v2, avg. reward: -8.963, 5.876 sec/game, 7.8 min. total, 830.3 MB
borough_erupt v4 205 games, 154701 moves, e=0.847, loss: 5.0, +, 54.1% elo% vs. v2, avg. reward: -8.938, 5.879 sec/game, 7.9 min. total, 831.2 MB
borough_erupt v4 206 games, 155493 moves, e=0.846, loss: 5.0, +, 56.2% elo% vs. v2, avg. reward: -8.942, 5.881 sec/game, 8.0 min. total, 833.5 MB
borough_erupt v4 207 games, 156395 moves, e=0.845, loss: 4.9, +, 58.2% elo% vs. v2, avg. reward: -8.925, 5.925 sec/game, 8.1 min. total, 834.3 MB
borough_erupt v4 208 games, 157147 moves, e=0.844, loss: 5.1, +, 60.0% elo% vs. v2, avg. reward: -8.924, 5.968 sec/game, 8.2 min. total, 834.3 MB
borough_erupt v4 209 games, 158064 moves, e=0.844, loss: 5.0, +, 61.8% elo% vs. v2, avg. reward: -8.900, 6.010 sec/game, 8.3 min. total, 835.1 MB
borough_erupt v4 210 games, 158986 moves, e=0.843, loss: 5.0, +, 63.4% elo% vs. v2, avg. reward: -8.882, 6.094 sec/game, 8.4 min. total, 834.6 MB
borough_erupt v4 211 games, 159889 moves, e=0.842, loss: 4.9, +, 65.0% elo% vs. v2, avg. reward: -8.867, 6.146 sec/game, 8.5 min. total, 833.9 MB
borough_erupt v4 212 games, 160818 moves, e=0.841, loss: 4.9, -, 62.2% elo% vs. v2, avg. reward: -8.839, 6.216 sec/game, 8.6 min. total, 834.1 MB
borough_erupt v4 213 games, 161624 moves, e=0.840, loss: 5.0, +, 63.8% elo% vs. v2, avg. reward: -8.831, 6.269 sec/game, 8.7 min. total, 834.0 MB
borough_erupt v4 214 games, 162502 moves, e=0.839, loss: 4.8, +, 65.4% elo% vs. v2, avg. reward: -8.826, 6.331 sec/game, 8.9 min. total, 835.7 MB
borough_erupt v4 215 games, 163213 moves, e=0.838, loss: 4.8, ., 64.7% elo% vs. v2, avg. reward: -8.830, 6.381 sec/game, 9.0 min. total, 836.7 MB
borough_erupt v4 216 games, 164158 moves, e=0.837, loss: 4.7, +, 66.2% elo% vs. v2, avg. reward: -8.798, 6.333 sec/game, 9.1 min. total, 838.3 MB
borough_erupt v4 217 games, 164933 moves, e=0.837, loss: 4.7, +, 67.6% elo% vs. v2, avg. reward: -8.793, 6.375 sec/game, 9.2 min. total, 839.1 MB
borough_erupt v4 218 games, 165751 moves, e=0.836, loss: 4.8, +, 68.9% elo% vs. v2, avg. reward: -8.781, 6.329 sec/game, 9.3 min. total, 840.1 MB
borough_erupt v4 219 games, 166792 moves, e=0.835, loss: 4.7, +, 70.1% elo% vs. v2, avg. reward: -8.768, 6.471 sec/game, 9.4 min. total, 840.1 MB
borough_erupt v5 220 games, 167643 moves, e=0.834, loss: 4.7, -, 49.9% elo% vs. v4, avg. reward: -8.756, 6.496 sec/game, 9.5 min. total, 855.3 MB
borough_erupt v5 221 games, 168500 moves, e=0.833, loss: 4.7, ., 49.9% elo% vs. v4, avg. reward: -8.754, 6.563 sec/game, 9.6 min. total, 853.8 MB
borough_erupt v5 222 games, 169359 moves, e=0.832, loss: 4.7, +, 52.2% elo% vs. v4, avg. reward: -8.749, 6.572 sec/game, 9.8 min. total, 854.0 MB
borough_erupt v5 223 games, 170178 moves, e=0.832, loss: 4.6, -, 49.8% elo% vs. v4, avg. reward: -8.730, 6.626 sec/game, 9.9 min. total, 855.0 MB
borough_erupt v5 224 games, 170944 moves, e=0.831, loss: 4.6, +, 52.1% elo% vs. v4, avg. reward: -8.745, 6.580 sec/game, 9.9 min. total, 854.2 MB
borough_erupt v5 225 games, 171856 moves, e=0.830, loss: 4.6, +, 54.3% elo% vs. v4, avg. reward: -8.734, 6.582 sec/game, 10.1 min. total, 854.1 MB
borough_erupt v5 226 games, 172736 moves, e=0.829, loss: 4.6, +, 56.4% elo% vs. v4, avg. reward: -8.718, 6.634 sec/game, 10.2 min. total, 854.0 MB
borough_erupt v5 227 games, 173699 moves, e=0.828, loss: 4.6, +, 58.4% elo% vs. v4, avg. reward: -8.705, 6.689 sec/game, 10.3 min. total, 855.1 MB
borough_erupt v5 228 games, 174544 moves, e=0.827, loss: 4.6, +, 60.2% elo% vs. v4, avg. reward: -8.671, 6.686 sec/game, 10.4 min. total, 855.5 MB
borough_erupt v5 229 games, 175453 moves, e=0.826, loss: 4.5, +, 61.9% elo% vs. v4, avg. reward: -8.644, 6.694 sec/game, 10.5 min. total, 858.5 MB
borough_erupt v5 230 games, 176290 moves, e=0.825, loss: 4.6, +, 63.6% elo% vs. v4, avg. reward: -8.629, 6.664 sec/game, 10.6 min. total, 860.4 MB
borough_erupt v5 231 games, 177073 moves, e=0.825, loss: 4.5, +, 65.1% elo% vs. v4, avg. reward: -8.629, 6.619 sec/game, 10.7 min. total, 859.2 MB
borough_erupt v5 232 games, 177899 moves, e=0.824, loss: 4.6, +, 66.6% elo% vs. v4, avg. reward: -8.624, 6.546 sec/game, 10.8 min. total, 859.4 MB
borough_erupt v5 233 games, 178761 moves, e=0.823, loss: 4.6, +, 67.9% elo% vs. v4, avg. reward: -8.612, 6.589 sec/game, 10.9 min. total, 859.7 MB
borough_erupt v5 234 games, 179582 moves, e=0.822, loss: 4.5, -, 65.1% elo% vs. v4, avg. reward: -8.608, 6.527 sec/game, 11.0 min. total, 859.5 MB
borough_erupt v5 235 games, 180430 moves, e=0.821, loss: 4.5, +, 66.6% elo% vs. v4, avg. reward: -8.595, 6.558 sec/game, 11.1 min. total, 860.6 MB
borough_erupt v5 236 games, 181276 moves, e=0.821, loss: 4.5, +, 67.9% elo% vs. v4, avg. reward: -8.580, 6.557 sec/game, 11.3 min. total, 859.9 MB
borough_erupt v5 237 games, 182036 moves, e=0.820, loss: 4.5, +, 69.2% elo% vs. v4, avg. reward: -8.596, 6.557 sec/game, 11.4 min. total, 859.9 MB
borough_erupt v5 238 games, 182921 moves, e=0.819, loss: 4.4, +, 70.4% elo% vs. v4, avg. reward: -8.596, 6.604 sec/game, 11.5 min. total, 862.2 MB
borough_erupt v6 239 games, 183722 moves, e=0.818, loss: 4.3, +, 54.5% elo% vs. v5, avg. reward: -8.589, 6.479 sec/game, 11.6 min. total, 865.2 MB
borough_erupt v6 240 games, 184537 moves, e=0.817, loss: 4.3, +, 56.6% elo% vs. v5, avg. reward: -8.589, 6.459 sec/game, 11.7 min. total, 865.2 MB
borough_erupt v6 241 games, 185365 moves, e=0.816, loss: 4.3, -, 54.0% elo% vs. v5, avg. reward: -8.584, 6.439 sec/game, 11.8 min. total, 865.3 MB
borough_erupt v6 242 games, 186237 moves, e=0.816, loss: 4.4, +, 56.1% elo% vs. v5, avg. reward: -8.570, 6.368 sec/game, 11.9 min. total, 865.6 MB
borough_erupt v6 243 games, 187178 moves, e=0.815, loss: 4.3, ., 55.8% elo% vs. v5, avg. reward: -8.554, 6.432 sec/game, 12.0 min. total, 866.2 MB
borough_erupt v6 244 games, 188072 moves, e=0.814, loss: 4.4, +, 57.8% elo% vs. v5, avg. reward: -8.553, 6.477 sec/game, 12.1 min. total, 866.6 MB
borough_erupt v6 245 games, 189014 moves, e=0.813, loss: 4.3, -, 55.2% elo% vs. v5, avg. reward: -8.535, 6.455 sec/game, 12.2 min. total, 868.9 MB
borough_erupt v6 246 games, 189929 moves, e=0.812, loss: 4.3, -, 52.7% elo% vs. v5, avg. reward: -8.503, 6.437 sec/game, 12.3 min. total, 870.2 MB
borough_erupt v6 247 games, 190935 moves, e=0.811, loss: 4.3, -, 50.2% elo% vs. v5, avg. reward: -8.490, 6.433 sec/game, 12.5 min. total, 869.9 MB
borough_erupt v6 248 games, 191808 moves, e=0.810, loss: 4.3, -, 47.9% elo% vs. v5, avg. reward: -8.459, 6.471 sec/game, 12.6 min. total, 869.1 MB
borough_erupt v6 249 games, 192656 moves, e=0.809, loss: 4.3, -, 45.7% elo% vs. v5, avg. reward: -8.456, 6.461 sec/game, 12.7 min. total, 870.0 MB
borough_erupt v6 250 games, 193640 moves, e=0.808, loss: 4.3, -, 43.6% elo% vs. v5, avg. reward: -8.451, 6.451 sec/game, 12.8 min. total, 872.0 MB
borough_erupt v6 251 games, 194550 moves, e=0.807, loss: 4.3, ., 43.9% elo% vs. v5, avg. reward: -8.432, 6.483 sec/game, 12.9 min. total, 870.2 MB
borough_erupt v6 252 games, 195309 moves, e=0.807, loss: 4.3, +, 46.5% elo% vs. v5, avg. reward: -8.430, 6.474 sec/game, 13.0 min. total, 871.8 MB
borough_erupt v6 253 games, 196284 moves, e=0.806, loss: 4.3, +, 48.9% elo% vs. v5, avg. reward: -8.426, 6.511 sec/game, 13.1 min. total, 872.0 MB
borough_erupt v6 254 games, 197100 moves, e=0.805, loss: 4.2, +, 51.3% elo% vs. v5, avg. reward: -8.403, 6.505 sec/game, 13.2 min. total, 872.1 MB
borough_erupt v6 255 games, 197927 moves, e=0.804, loss: 4.1, +, 53.5% elo% vs. v5, avg. reward: -8.399, 6.501 sec/game, 13.3 min. total, 873.3 MB
borough_erupt v6 256 games, 198893 moves, e=0.803, loss: 4.1, -, 51.1% elo% vs. v5, avg. reward: -8.380, 6.504 sec/game, 13.4 min. total, 875.0 MB
borough_erupt v6 257 games, 199747 moves, e=0.802, loss: 4.1, -, 48.7% elo% vs. v5, avg. reward: -8.377, 6.534 sec/game, 13.5 min. total, 875.8 MB
borough_erupt v6 258 games, 200798 moves, e=0.801, loss: 4.1, -, 46.5% elo% vs. v5, avg. reward: -8.337, 6.565 sec/game, 13.7 min. total, 878.1 MB
borough_erupt v6 259 games, 201571 moves, e=0.800, loss: 4.0, +, 48.9% elo% vs. v5, avg. reward: -8.332, 6.540 sec/game, 13.8 min. total, 880.7 MB
borough_erupt v6 260 games, 202475 moves, e=0.800, loss: 4.2, +, 51.3% elo% vs. v5, avg. reward: -8.317, 6.582 sec/game, 13.9 min. total, 879.1 MB
borough_erupt v6 261 games, 203471 moves, e=0.799, loss: 4.1, +, 53.5% elo% vs. v5, avg. reward: -8.295, 6.623 sec/game, 14.0 min. total, 880.4 MB
borough_erupt v6 262 games, 204482 moves, e=0.798, loss: 4.1, +, 55.7% elo% vs. v5, avg. reward: -8.272, 6.726 sec/game, 14.1 min. total, 880.5 MB
borough_erupt v6 263 games, 205355 moves, e=0.797, loss: 4.1, -, 53.1% elo% vs. v5, avg. reward: -8.270, 6.693 sec/game, 14.2 min. total, 881.9 MB
borough_erupt v6 264 games, 206438 moves, e=0.796, loss: 4.1, +, 55.3% elo% vs. v5, avg. reward: -8.250, 6.735 sec/game, 14.4 min. total, 881.5 MB
borough_erupt v6 265 games, 207352 moves, e=0.795, loss: 4.1, +, 57.3% elo% vs. v5, avg. reward: -8.230, 6.737 sec/game, 14.5 min. total, 883.7 MB
borough_erupt v6 266 games, 208172 moves, e=0.794, loss: 4.0, +, 59.2% elo% vs. v5, avg. reward: -8.211, 6.737 sec/game, 14.6 min. total, 883.6 MB
borough_erupt v6 267 games, 209098 moves, e=0.793, loss: 4.1, -, 56.5% elo% vs. v5, avg. reward: -8.205, 6.690 sec/game, 14.7 min. total, 883.5 MB
borough_erupt v6 268 games, 210042 moves, e=0.792, loss: 4.1, +, 58.5% elo% vs. v5, avg. reward: -8.183, 6.702 sec/game, 14.8 min. total, 884.8 MB
borough_erupt v6 269 games, 210915 moves, e=0.791, loss: 4.2, +, 60.3% elo% vs. v5, avg. reward: -8.157, 6.707 sec/game, 14.9 min. total, 884.4 MB
borough_erupt v6 270 games, 211748 moves, e=0.790, loss: 4.2, +, 62.1% elo% vs. v5, avg. reward: -8.148, 6.702 sec/game, 15.0 min. total, 885.8 MB
borough_erupt v6 271 games, 212620 moves, e=0.790, loss: 4.2, +, 63.7% elo% vs. v5, avg. reward: -8.141, 6.710 sec/game, 15.1 min. total, 887.0 MB
borough_erupt v6 272 games, 213464 moves, e=0.789, loss: 4.2, +, 65.2% elo% vs. v5, avg. reward: -8.127, 6.715 sec/game, 15.2 min. total, 887.4 MB
borough_erupt v6 273 games, 214431 moves, e=0.788, loss: 4.2, -, 62.5% elo% vs. v5, avg. reward: -8.115, 6.716 sec/game, 15.3 min. total, 888.4 MB
borough_erupt v6 274 games, 215575 moves, e=0.787, loss: 4.0, -, 59.7% elo% vs. v5, avg. reward: -8.093, 6.853 sec/game, 15.5 min. total, 888.4 MB
borough_erupt v6 275 games, 216486 moves, e=0.786, loss: 4.0, -, 57.1% elo% vs. v5, avg. reward: -8.082, 6.853 sec/game, 15.6 min. total, 889.2 MB
borough_erupt v6 276 games, 217408 moves, e=0.785, loss: 3.9, -, 54.5% elo% vs. v5, avg. reward: -8.070, 6.842 sec/game, 15.7 min. total, 890.1 MB
borough_erupt v6 277 games, 218391 moves, e=0.784, loss: 3.9, -, 52.0% elo% vs. v5, avg. reward: -8.057, 6.892 sec/game, 15.8 min. total, 890.6 MB
borough_erupt v6 278 games, 219208 moves, e=0.783, loss: 4.0, +, 54.2% elo% vs. v5, avg. reward: -8.060, 6.808 sec/game, 15.9 min. total, 892.2 MB
borough_erupt v6 279 games, 220130 moves, e=0.782, loss: 4.1, +, 56.3% elo% vs. v5, avg. reward: -8.049, 6.864 sec/game, 16.0 min. total, 895.6 MB
borough_erupt v6 280 games, 221240 moves, e=0.781, loss: 4.2, -, 53.7% elo% vs. v5, avg. reward: -8.006, 6.952 sec/game, 16.2 min. total, 894.7 MB
borough_erupt v6 281 games, 222107 moves, e=0.780, loss: 4.2, -, 51.2% elo% vs. v5, avg. reward: -7.986, 6.909 sec/game, 16.3 min. total, 895.0 MB
borough_erupt v6 282 games, 223017 moves, e=0.779, loss: 4.3, -, 48.9% elo% vs. v5, avg. reward: -7.963, 6.855 sec/game, 16.4 min. total, 895.4 MB
borough_erupt v6 283 games, 223909 moves, e=0.778, loss: 4.2, +, 51.2% elo% vs. v5, avg. reward: -7.957, 6.849 sec/game, 16.5 min. total, 898.0 MB
borough_erupt v6 284 games, 224809 moves, e=0.777, loss: 4.2, -, 48.9% elo% vs. v5, avg. reward: -7.952, 6.806 sec/game, 16.6 min. total, 898.0 MB
borough_erupt v6 285 games, 225655 moves, e=0.777, loss: 4.3, +, 51.2% elo% vs. v5, avg. reward: -7.954, 6.768 sec/game, 16.7 min. total, 898.2 MB
borough_erupt v6 286 games, 226490 moves, e=0.776, loss: 4.2, +, 53.5% elo% vs. v5, avg. reward: -7.938, 6.777 sec/game, 16.8 min. total, 898.8 MB
borough_erupt v6 287 games, 227422 moves, e=0.775, loss: 4.2, +, 55.6% elo% vs. v5, avg. reward: -7.914, 6.779 sec/game, 16.9 min. total, 898.5 MB
borough_erupt v6 288 games, 228303 moves, e=0.774, loss: 4.1, -, 53.0% elo% vs. v5, avg. reward: -7.893, 6.767 sec/game, 17.1 min. total, 898.5 MB
borough_erupt v6 289 games, 229127 moves, e=0.773, loss: 4.1, +, 55.2% elo% vs. v5, avg. reward: -7.878, 6.763 sec/game, 17.2 min. total, 900.2 MB
borough_erupt v6 290 games, 230073 moves, e=0.772, loss: 4.3, -, 52.7% elo% vs. v5, avg. reward: -7.860, 6.765 sec/game, 17.3 min. total, 900.3 MB
borough_erupt v6 291 games, 231036 moves, e=0.771, loss: 4.3, -, 50.2% elo% vs. v5, avg. reward: -7.830, 6.764 sec/game, 17.4 min. total, 900.5 MB
borough_erupt v6 292 games, 231897 moves, e=0.770, loss: 4.3, +, 52.5% elo% vs. v5, avg. reward: -7.822, 6.817 sec/game, 17.5 min. total, 901.5 MB
borough_erupt v6 293 games, 232823 moves, e=0.770, loss: 4.2, +, 54.7% elo% vs. v5, avg. reward: -7.788, 6.771 sec/game, 17.6 min. total, 904.1 MB
borough_erupt v6 294 games, 233738 moves, e=0.769, loss: 4.3, -, 52.2% elo% vs. v5, avg. reward: -7.777, 6.724 sec/game, 17.7 min. total, 904.9 MB
borough_erupt v6 295 games, 234765 moves, e=0.768, loss: 4.3, +, 54.4% elo% vs. v5, avg. reward: -7.741, 6.776 sec/game, 17.9 min. total, 905.2 MB
borough_erupt v6 296 games, 235824 moves, e=0.767, loss: 4.2, +, 56.5% elo% vs. v5, avg. reward: -7.727, 6.831 sec/game, 18.0 min. total, 905.0 MB
borough_erupt v6 297 games, 236754 moves, e=0.766, loss: 4.2, ., 56.2% elo% vs. v5, avg. reward: -7.710, 6.789 sec/game, 18.1 min. total, 904.7 MB
borough_erupt v6 298 games, 237739 moves, e=0.765, loss: 4.2, +, 58.2% elo% vs. v5, avg. reward: -7.697, 6.873 sec/game, 18.2 min. total, 906.7 MB
borough_erupt v6 299 games, 238635 moves, e=0.764, loss: 4.2, +, 60.0% elo% vs. v5, avg. reward: -7.685, 6.868 sec/game, 18.3 min. total, 907.0 MB
borough_erupt v6 300 games, 239458 moves, e=0.763, loss: 4.2, -, 57.3% elo% vs. v5, avg. reward: -7.678, 6.733 sec/game, 18.4 min. total, 907.6 MB
borough_erupt v7 301 games, 240398 moves, e=0.762, loss: 4.4, +, 52.3% elo% vs. v5, avg. reward: -7.663, 6.777 sec/game, 18.6 min. total, 909.8 MB
borough_erupt v7 302 games, 241422 moves, e=0.761, loss: 4.4, +, 54.5% elo% vs. v5, avg. reward: -7.640, 6.828 sec/game, 18.7 min. total, 909.6 MB
borough_erupt v7 303 games, 242467 moves, e=0.760, loss: 4.3, +, 56.6% elo% vs. v5, avg. reward: -7.611, 6.876 sec/game, 18.8 min. total, 911.2 MB
borough_erupt v7 304 games, 243415 moves, e=0.759, loss: 4.2, -, 54.0% elo% vs. v5, avg. reward: -7.601, 6.877 sec/game, 18.9 min. total, 910.7 MB
borough_erupt v7 305 games, 244477 moves, e=0.758, loss: 4.3, +, 56.1% elo% vs. v5, avg. reward: -7.584, 6.965 sec/game, 19.0 min. total, 910.9 MB
borough_erupt v7 306 games, 245335 moves, e=0.757, loss: 4.2, -, 53.5% elo% vs. v5, avg. reward: -7.571, 6.961 sec/game, 19.2 min. total, 912.4 MB
borough_erupt v7 307 games, 246166 moves, e=0.756, loss: 4.3, +, 55.6% elo% vs. v5, avg. reward: -7.579, 6.957 sec/game, 19.3 min. total, 914.9 MB
borough_erupt v7 308 games, 247376 moves, e=0.755, loss: 4.2, +, 57.6% elo% vs. v5, avg. reward: -7.535, 7.063 sec/game, 19.4 min. total, 916.1 MB
borough_erupt v7 309 games, 248320 moves, e=0.754, loss: 4.3, -, 55.0% elo% vs. v5, avg. reward: -7.529, 7.119 sec/game, 19.5 min. total, 918.7 MB
borough_erupt v7 310 games, 249187 moves, e=0.753, loss: 4.4, +, 57.1% elo% vs. v5, avg. reward: -7.534, 7.075 sec/game, 19.6 min. total, 916.6 MB
borough_erupt v7 311 games, 250079 moves, e=0.752, loss: 4.4, +, 59.0% elo% vs. v5, avg. reward: -7.535, 7.078 sec/game, 19.7 min. total, 916.8 MB
borough_erupt v7 312 games, 250990 moves, e=0.752, loss: 4.3, +, 60.8% elo% vs. v5, avg. reward: -7.538, 7.074 sec/game, 19.9 min. total, 918.0 MB
borough_erupt v7 313 games, 251848 moves, e=0.751, loss: 4.4, +, 62.5% elo% vs. v5, avg. reward: -7.526, 7.080 sec/game, 20.0 min. total, 915.6 MB
borough_erupt v7 314 games, 252817 moves, e=0.750, loss: 4.3, +, 64.1% elo% vs. v5, avg. reward: -7.518, 7.081 sec/game, 20.1 min. total, 915.5 MB
borough_erupt v7 315 games, 253951 moves, e=0.749, loss: 4.2, +, 65.6% elo% vs. v5, avg. reward: -7.474, 7.098 sec/game, 20.2 min. total, 919.3 MB
borough_erupt v7 316 games, 254885 moves, e=0.748, loss: 4.3, +, 67.0% elo% vs. v5, avg. reward: -7.472, 7.096 sec/game, 20.3 min. total, 918.2 MB
borough_erupt v7 317 games, 255836 moves, e=0.747, loss: 4.4, -, 64.3% elo% vs. v5, avg. reward: -7.454, 7.132 sec/game, 20.5 min. total, 919.1 MB
borough_erupt v7 318 games, 256841 moves, e=0.746, loss: 4.6, +, 65.8% elo% vs. v5, avg. reward: -7.433, 7.193 sec/game, 20.6 min. total, 919.5 MB
borough_erupt v7 319 games, 258037 moves, e=0.745, loss: 4.6, +, 67.2% elo% vs. v5, avg. reward: -7.420, 7.349 sec/game, 20.8 min. total, 919.6 MB
borough_erupt v7 320 games, 259041 moves, e=0.744, loss: 4.7, +, 68.5% elo% vs. v5, avg. reward: -7.408, 7.506 sec/game, 20.9 min. total, 919.8 MB
borough_erupt v7 321 games, 259966 moves, e=0.743, loss: 4.7, +, 69.7% elo% vs. v5, avg. reward: -7.399, 7.540 sec/game, 21.1 min. total, 920.6 MB
borough_erupt v7 322 games, 261053 moves, e=0.742, loss: 4.7, +, 70.9% elo% vs. v5, avg. reward: -7.383, 7.584 sec/game, 21.2 min. total, 925.0 MB
borough_erupt v8 323 games, 262172 moves, e=0.740, loss: 4.6, -, 49.9% elo% vs. v7, avg. reward: -7.360, 7.627 sec/game, 21.3 min. total, 933.4 MB
borough_erupt v8 324 games, 263232 moves, e=0.739, loss: 4.5, ., 49.9% elo% vs. v7, avg. reward: -7.329, 7.666 sec/game, 21.5 min. total, 933.7 MB
borough_erupt v8 325 games, 264158 moves, e=0.738, loss: 4.5, -, 47.6% elo% vs. v7, avg. reward: -7.324, 7.618 sec/game, 21.6 min. total, 933.7 MB
borough_erupt v8 326 games, 265115 moves, e=0.738, loss: 4.5, ., 47.7% elo% vs. v7, avg. reward: -7.319, 7.663 sec/game, 21.7 min. total, 932.9 MB
borough_erupt v8 327 games, 266149 moves, e=0.737, loss: 4.6, +, 50.1% elo% vs. v7, avg. reward: -7.311, 7.708 sec/game, 21.8 min. total, 933.6 MB
borough_erupt v8 328 games, 267266 moves, e=0.735, loss: 4.6, +, 52.4% elo% vs. v7, avg. reward: -7.291, 7.703 sec/game, 22.0 min. total, 931.0 MB
borough_erupt v8 329 games, 268333 moves, e=0.734, loss: 4.5, -, 50.0% elo% vs. v7, avg. reward: -7.282, 7.715 sec/game, 22.1 min. total, 932.8 MB
borough_erupt v8 330 games, 269272 moves, e=0.733, loss: 4.5, -, 47.7% elo% vs. v7, avg. reward: -7.269, 7.756 sec/game, 22.2 min. total, 934.5 MB
borough_erupt v8 331 games, 270286 moves, e=0.732, loss: 4.5, -, 45.5% elo% vs. v7, avg. reward: -7.240, 7.800 sec/game, 22.3 min. total, 936.1 MB
borough_erupt v8 332 games, 271249 moves, e=0.731, loss: 4.6, -, 43.4% elo% vs. v7, avg. reward: -7.226, 7.852 sec/game, 22.5 min. total, 932.7 MB
borough_erupt v8 333 games, 272239 moves, e=0.730, loss: 4.5, ., 43.7% elo% vs. v7, avg. reward: -7.214, 7.849 sec/game, 22.6 min. total, 935.3 MB
borough_erupt v8 334 games, 273163 moves, e=0.730, loss: 4.4, +, 46.3% elo% vs. v7, avg. reward: -7.201, 7.857 sec/game, 22.7 min. total, 936.9 MB
borough_erupt v8 335 games, 274121 moves, e=0.729, loss: 4.5, -, 44.2% elo% vs. v7, avg. reward: -7.185, 7.800 sec/game, 22.8 min. total, 935.8 MB
borough_erupt v8 336 games, 275173 moves, e=0.728, loss: 4.5, -, 42.2% elo% vs. v7, avg. reward: -7.164, 7.796 sec/game, 22.9 min. total, 937.3 MB
borough_erupt v8 337 games, 276304 moves, e=0.726, loss: 4.5, +, 44.8% elo% vs. v7, avg. reward: -7.123, 7.859 sec/game, 23.1 min. total, 935.7 MB
borough_erupt v8 338 games, 277386 moves, e=0.725, loss: 4.5, -, 42.8% elo% vs. v7, avg. reward: -7.102, 7.850 sec/game, 23.2 min. total, 937.1 MB
borough_erupt v8 339 games, 278379 moves, e=0.724, loss: 4.4, -, 40.9% elo% vs. v7, avg. reward: -7.085, 7.705 sec/game, 23.3 min. total, 937.1 MB
borough_erupt v8 340 games, 279307 moves, e=0.723, loss: 4.5, +, 43.5% elo% vs. v7, avg. reward: -7.072, 7.636 sec/game, 23.5 min. total, 938.1 MB
borough_erupt v8 341 games, 280554 moves, e=0.722, loss: 4.4, -, 41.6% elo% vs. v7, avg. reward: -7.040, 7.653 sec/game, 23.6 min. total, 940.6 MB
borough_erupt v8 342 games, 281564 moves, e=0.721, loss: 4.5, -, 39.7% elo% vs. v7, avg. reward: -7.025, 7.628 sec/game, 23.7 min. total, 941.8 MB
borough_erupt v8 343 games, 282389 moves, e=0.720, loss: 4.4, -, 38.0% elo% vs. v7, avg. reward: -7.041, 7.542 sec/game, 23.9 min. total, 942.2 MB
borough_erupt v8 344 games, 283536 moves, e=0.719, loss: 4.4, -, 36.3% elo% vs. v7, avg. reward: -7.021, 7.592 sec/game, 24.0 min. total, 947.5 MB
borough_erupt v8 345 games, 284568 moves, e=0.718, loss: 4.5, +, 39.1% elo% vs. v7, avg. reward: -7.011, 7.647 sec/game, 24.1 min. total, 944.0 MB
borough_erupt v8 346 games, 285472 moves, e=0.717, loss: 4.6, +, 41.8% elo% vs. v7, avg. reward: -7.011, 7.608 sec/game, 24.2 min. total, 944.0 MB
borough_erupt v8 347 games, 286579 moves, e=0.716, loss: 4.5, +, 44.4% elo% vs. v7, avg. reward: -7.001, 7.615 sec/game, 24.4 min. total, 946.0 MB
borough_erupt v8 348 games, 287580 moves, e=0.715, loss: 4.6, -, 42.4% elo% vs. v7, avg. reward: -6.990, 7.575 sec/game, 24.5 min. total, 947.7 MB
borough_erupt v8 349 games, 288605 moves, e=0.714, loss: 4.5, +, 45.0% elo% vs. v7, avg. reward: -6.970, 7.558 sec/game, 24.6 min. total, 944.5 MB
borough_erupt v8 350 games, 289660 moves, e=0.713, loss: 4.5, +, 47.5% elo% vs. v7, avg. reward: -6.961, 7.610 sec/game, 24.8 min. total, 945.5 MB
borough_erupt v8 351 games, 290688 moves, e=0.712, loss: 4.5, -, 45.4% elo% vs. v7, avg. reward: -6.953, 7.650 sec/game, 24.9 min. total, 947.8 MB
borough_erupt v8 352 games, 291816 moves, e=0.711, loss: 4.5, -, 43.3% elo% vs. v7, avg. reward: -6.922, 7.647 sec/game, 25.0 min. total, 948.4 MB
borough_erupt v8 353 games, 292843 moves, e=0.710, loss: 4.5, -, 41.4% elo% vs. v7, avg. reward: -6.919, 7.689 sec/game, 25.1 min. total, 949.7 MB
borough_erupt v8 354 games, 293938 moves, e=0.709, loss: 4.6, +, 44.0% elo% vs. v7, avg. reward: -6.896, 7.735 sec/game, 25.3 min. total, 950.3 MB
borough_erupt v8 355 games, 294968 moves, e=0.708, loss: 4.5, +, 46.6% elo% vs. v7, avg. reward: -6.872, 7.784 sec/game, 25.4 min. total, 952.1 MB
borough_erupt v8 356 games, 295965 moves, e=0.707, loss: 4.5, -, 44.4% elo% vs. v7, avg. reward: -6.862, 7.782 sec/game, 25.5 min. total, 952.1 MB
borough_erupt v8 357 games, 297152 moves, e=0.706, loss: 4.5, +, 47.0% elo% vs. v7, avg. reward: -6.833, 7.779 sec/game, 25.7 min. total, 950.1 MB
borough_erupt v8 358 games, 298327 moves, e=0.705, loss: 4.5, -, 44.8% elo% vs. v7, avg. reward: -6.829, 7.789 sec/game, 25.8 min. total, 952.5 MB
borough_erupt v8 359 games, 299504 moves, e=0.703, loss: 4.5, -, 42.8% elo% vs. v7, avg. reward: -6.798, 7.876 sec/game, 26.0 min. total, 951.1 MB
borough_erupt v8 360 games, 300556 moves, e=0.702, loss: 4.7, -, 40.9% elo% vs. v7, avg. reward: -6.784, 7.925 sec/game, 26.1 min. total, 952.8 MB
borough_erupt v8 361 games, 301582 moves, e=0.701, loss: 4.7, -, 39.1% elo% vs. v7, avg. reward: -6.781, 7.879 sec/game, 26.2 min. total, 952.9 MB
borough_erupt v8 362 games, 302818 moves, e=0.700, loss: 4.6, -, 37.4% elo% vs. v7, avg. reward: -6.765, 7.913 sec/game, 26.4 min. total, 955.6 MB
borough_erupt v8 363 games, 303909 moves, e=0.699, loss: 4.6, +, 40.1% elo% vs. v7, avg. reward: -6.745, 8.005 sec/game, 26.5 min. total, 955.0 MB
borough_erupt v8 364 games, 305001 moves, e=0.698, loss: 4.6, -, 38.3% elo% vs. v7, avg. reward: -6.744, 7.963 sec/game, 26.7 min. total, 958.2 MB
borough_erupt v8 365 games, 306091 moves, e=0.697, loss: 4.6, -, 36.7% elo% vs. v7, avg. reward: -6.727, 8.007 sec/game, 26.8 min. total, 955.7 MB
borough_erupt v8 366 games, 307102 moves, e=0.696, loss: 4.8, -, 35.1% elo% vs. v7, avg. reward: -6.707, 8.058 sec/game, 26.9 min. total, 957.8 MB
borough_erupt v8 367 games, 308125 moves, e=0.695, loss: 4.6, ., 35.8% elo% vs. v7, avg. reward: -6.694, 8.089 sec/game, 27.1 min. total, 955.8 MB
borough_erupt v8 368 games, 309157 moves, e=0.694, loss: 4.8, +, 38.5% elo% vs. v7, avg. reward: -6.687, 8.108 sec/game, 27.2 min. total, 956.1 MB
borough_erupt v8 369 games, 310159 moves, e=0.693, loss: 4.7, -, 36.9% elo% vs. v7, avg. reward: -6.675, 8.131 sec/game, 27.3 min. total, 960.8 MB
borough_erupt v8 370 games, 311204 moves, e=0.692, loss: 4.8, -, 35.3% elo% vs. v7, avg. reward: -6.651, 8.174 sec/game, 27.5 min. total, 959.1 MB
borough_erupt v8 371 games, 312104 moves, e=0.691, loss: 4.9, -, 33.8% elo% vs. v7, avg. reward: -6.643, 8.108 sec/game, 27.6 min. total, 960.7 MB
borough_erupt v8 372 games, 313252 moves, e=0.690, loss: 4.9, -, 32.4% elo% vs. v7, avg. reward: -6.615, 8.173 sec/game, 27.7 min. total, 962.4 MB
borough_erupt v8 373 games, 314311 moves, e=0.689, loss: 4.9, -, 31.1% elo% vs. v7, avg. reward: -6.606, 8.197 sec/game, 27.9 min. total, 962.0 MB
borough_erupt v8 374 games, 315463 moves, e=0.688, loss: 4.8, -, 29.9% elo% vs. v7, avg. reward: -6.601, 8.197 sec/game, 28.0 min. total, 962.7 MB
borough_erupt v8 375 games, 316588 moves, e=0.687, loss: 4.7, -, 28.8% elo% vs. v7, avg. reward: -6.581, 8.241 sec/game, 28.2 min. total, 962.6 MB
borough_erupt v8 376 games, 317658 moves, e=0.686, loss: 4.7, ., 29.6% elo% vs. v7, avg. reward: -6.569, 8.242 sec/game, 28.3 min. total, 961.3 MB
borough_erupt v8 377 games, 318827 moves, e=0.684, loss: 4.8, -, 28.5% elo% vs. v7, avg. reward: -6.557, 8.238 sec/game, 28.4 min. total, 966.5 MB
borough_erupt v8 378 games, 319946 moves, e=0.683, loss: 4.8, -, 27.4% elo% vs. v7, avg. reward: -6.528, 8.232 sec/game, 28.6 min. total, 966.8 MB
borough_erupt v8 379 games, 321200 moves, e=0.682, loss: 4.7, -, 26.4% elo% vs. v7, avg. reward: -6.507, 8.286 sec/game, 28.7 min. total, 964.8 MB
borough_erupt v8 380 games, 322471 moves, e=0.681, loss: 4.7, -, 25.5% elo% vs. v7, avg. reward: -6.496, 8.337 sec/game, 28.9 min. total, 966.4 MB
borough_erupt v8 381 games, 323701 moves, e=0.680, loss: 4.6, -, 24.6% elo% vs. v7, avg. reward: -6.471, 8.386 sec/game, 29.0 min. total, 968.7 MB
borough_erupt v8 382 games, 324697 moves, e=0.679, loss: 4.6, +, 27.3% elo% vs. v7, avg. reward: -6.460, 8.340 sec/game, 29.2 min. total, 966.9 MB
borough_erupt v8 383 games, 325970 moves, e=0.677, loss: 4.6, -, 26.3% elo% vs. v7, avg. reward: -6.431, 8.394 sec/game, 29.3 min. total, 969.7 MB
borough_erupt v8 384 games, 327006 moves, e=0.676, loss: 4.7, ., 27.1% elo% vs. v7, avg. reward: -6.418, 8.394 sec/game, 29.5 min. total, 969.3 MB
borough_erupt v8 385 games, 328288 moves, e=0.675, loss: 4.7, -, 26.2% elo% vs. v7, avg. reward: -6.384, 8.435 sec/game, 29.6 min. total, 974.7 MB
borough_erupt v8 386 games, 329297 moves, e=0.674, loss: 4.6, +, 28.9% elo% vs. v7, avg. reward: -6.365, 8.426 sec/game, 29.7 min. total, 972.0 MB
borough_erupt v8 387 games, 330158 moves, e=0.673, loss: 4.5, -, 27.8% elo% vs. v7, avg. reward: -6.366, 8.342 sec/game, 29.8 min. total, 974.6 MB
borough_erupt v8 388 games, 331297 moves, e=0.672, loss: 4.6, -, 26.8% elo% vs. v7, avg. reward: -6.347, 8.362 sec/game, 30.0 min. total, 973.6 MB
borough_erupt v8 389 games, 332518 moves, e=0.671, loss: 4.6, +, 29.5% elo% vs. v7, avg. reward: -6.316, 8.391 sec/game, 30.1 min. total, 972.6 MB
borough_erupt v8 390 games, 333553 moves, e=0.670, loss: 4.6, +, 32.3% elo% vs. v7, avg. reward: -6.307, 8.346 sec/game, 30.3 min. total, 974.5 MB
borough_erupt v8 391 games, 334653 moves, e=0.669, loss: 4.5, -, 31.0% elo% vs. v7, avg. reward: -6.290, 8.433 sec/game, 30.4 min. total, 974.3 MB
borough_erupt v8 392 games, 335552 moves, e=0.668, loss: 4.4, ., 31.7% elo% vs. v7, avg. reward: -6.284, 8.326 sec/game, 30.5 min. total, 973.7 MB
borough_erupt v8 393 games, 336821 moves, e=0.667, loss: 4.6, ., 32.5% elo% vs. v7, avg. reward: -6.263, 8.398 sec/game, 30.7 min. total, 972.9 MB
borough_erupt v8 394 games, 337979 moves, e=0.665, loss: 4.6, -, 31.2% elo% vs. v7, avg. reward: -6.245, 8.410 sec/game, 30.8 min. total, 975.6 MB
borough_erupt v8 395 games, 339055 moves, e=0.664, loss: 4.6, -, 30.0% elo% vs. v7, avg. reward: -6.236, 8.361 sec/game, 31.0 min. total, 978.8 MB
borough_erupt v8 396 games, 340282 moves, e=0.663, loss: 4.6, -, 28.8% elo% vs. v7, avg. reward: -6.226, 8.465 sec/game, 31.1 min. total, 976.8 MB
borough_erupt v8 397 games, 341485 moves, e=0.662, loss: 4.6, -, 27.7% elo% vs. v7, avg. reward: -6.202, 8.476 sec/game, 31.3 min. total, 978.9 MB
borough_erupt v8 398 games, 342427 moves, e=0.661, loss: 4.7, -, 26.7% elo% vs. v7, avg. reward: -6.205, 8.433 sec/game, 31.4 min. total, 977.8 MB
borough_erupt v8 399 games, 343550 moves, e=0.660, loss: 4.5, +, 29.4% elo% vs. v7, avg. reward: -6.189, 8.332 sec/game, 31.5 min. total, 977.9 MB
borough_erupt v8 400 games, 344523 moves, e=0.659, loss: 4.3, -, 28.3% elo% vs. v7, avg. reward: -6.174, 8.238 sec/game, 31.6 min. total, 982.1 MB
borough_erupt v9 401 games, 345741 moves, e=0.658, loss: 4.4, -, 47.7% elo% vs. v7, avg. reward: -6.150, 8.284 sec/game, 31.8 min. total, 981.6 MB
borough_erupt v9 402 games, 346826 moves, e=0.657, loss: 4.6, -, 45.5% elo% vs. v7, avg. reward: -6.146, 8.280 sec/game, 31.9 min. total, 983.3 MB
borough_erupt v9 403 games, 347849 moves, e=0.656, loss: 4.2, +, 48.0% elo% vs. v7, avg. reward: -6.150, 8.196 sec/game, 32.1 min. total, 981.8 MB
borough_erupt v9 404 games, 349107 moves, e=0.654, loss: 4.2, -, 45.8% elo% vs. v7, avg. reward: -6.127, 8.282 sec/game, 32.2 min. total, 985.0 MB
borough_erupt v9 405 games, 350146 moves, e=0.653, loss: 4.2, -, 43.7% elo% vs. v7, avg. reward: -6.128, 8.190 sec/game, 32.3 min. total, 984.7 MB
borough_erupt v9 406 games, 351448 moves, e=0.652, loss: 4.2, -, 41.8% elo% vs. v7, avg. reward: -6.099, 8.293 sec/game, 32.5 min. total, 985.3 MB
borough_erupt v9 407 games, 352736 moves, e=0.651, loss: 4.2, -, 39.9% elo% vs. v7, avg. reward: -6.059, 8.437 sec/game, 32.7 min. total, 987.9 MB
borough_erupt v9 408 games, 354000 moves, e=0.650, loss: 4.1, -, 38.1% elo% vs. v7, avg. reward: -6.057, 8.485 sec/game, 32.8 min. total, 987.8 MB
borough_erupt v9 409 games, 355357 moves, e=0.648, loss: 3.9, +, 40.9% elo% vs. v7, avg. reward: -6.028, 8.582 sec/game, 33.0 min. total, 986.2 MB
borough_erupt v9 410 games, 356558 moves, e=0.647, loss: 4.1, -, 39.1% elo% vs. v7, avg. reward: -6.000, 8.638 sec/game, 33.1 min. total, 989.5 MB
borough_erupt v9 411 games, 357668 moves, e=0.646, loss: 4.1, -, 37.4% elo% vs. v7, avg. reward: -5.983, 8.625 sec/game, 33.3 min. total, 989.1 MB
borough_erupt v9 412 games, 359062 moves, e=0.645, loss: 4.0, -, 35.8% elo% vs. v7, avg. reward: -5.949, 8.808 sec/game, 33.5 min. total, 990.5 MB
borough_erupt v9 413 games, 360381 moves, e=0.643, loss: 4.2, -, 34.3% elo% vs. v7, avg. reward: -5.921, 8.809 sec/game, 33.6 min. total, 990.2 MB
borough_erupt v9 414 games, 361472 moves, e=0.642, loss: 4.1, ., 34.9% elo% vs. v7, avg. reward: -5.908, 8.807 sec/game, 33.8 min. total, 993.9 MB
borough_erupt v9 415 games, 362630 moves, e=0.641, loss: 4.1, -, 33.5% elo% vs. v7, avg. reward: -5.901, 8.857 sec/game, 33.9 min. total, 991.5 MB
borough_erupt v9 416 games, 363714 moves, e=0.640, loss: 4.1, -, 32.1% elo% vs. v7, avg. reward: -5.889, 8.759 sec/game, 34.0 min. total, 994.4 MB
borough_erupt v9 417 games, 364907 moves, e=0.639, loss: 4.1, -, 30.8% elo% vs. v7, avg. reward: -5.874, 8.760 sec/game, 34.2 min. total, 994.3 MB
borough_erupt v9 418 games, 366287 moves, e=0.637, loss: 4.1, -, 29.6% elo% vs. v7, avg. reward: -5.854, 8.899 sec/game, 34.4 min. total, 992.9 MB
borough_erupt v9 419 games, 367561 moves, e=0.636, loss: 3.9, -, 28.5% elo% vs. v7, avg. reward: -5.851, 9.002 sec/game, 34.5 min. total, 994.8 MB
borough_erupt v9 420 games, 368614 moves, e=0.635, loss: 3.9, -, 27.5% elo% vs. v7, avg. reward: -5.842, 9.003 sec/game, 34.6 min. total, 993.5 MB
borough_erupt v9 421 games, 369780 moves, e=0.634, loss: 3.9, -, 26.5% elo% vs. v7, avg. reward: -5.825, 8.958 sec/game, 34.8 min. total, 997.0 MB
borough_erupt v9 422 games, 370843 moves, e=0.633, loss: 4.2, -, 25.5% elo% vs. v7, avg. reward: -5.822, 9.003 sec/game, 34.9 min. total, 995.2 MB
borough_erupt v9 423 games, 371862 moves, e=0.632, loss: 4.3, -, 24.6% elo% vs. v7, avg. reward: -5.824, 8.995 sec/game, 35.1 min. total, 999.2 MB
borough_erupt v9 424 games, 372927 moves, e=0.631, loss: 4.3, -, 23.8% elo% vs. v7, avg. reward: -5.825, 8.913 sec/game, 35.2 min. total, 998.9 MB
borough_erupt v9 425 games, 374038 moves, e=0.630, loss: 4.2, -, 23.0% elo% vs. v7, avg. reward: -5.809, 8.961 sec/game, 35.3 min. total, 999.3 MB
borough_erupt v9 426 games, 375238 moves, e=0.629, loss: 4.2, -, 22.3% elo% vs. v7, avg. reward: -5.790, 8.911 sec/game, 35.5 min. total, 1002.1 MB
borough_erupt v9 427 games, 376296 moves, e=0.627, loss: 4.6, +, 24.9% elo% vs. v7, avg. reward: -5.785, 8.825 sec/game, 35.6 min. total, 1001.0 MB
borough_erupt v9 428 games, 377544 moves, e=0.626, loss: 4.6, -, 24.0% elo% vs. v7, avg. reward: -5.774, 8.826 sec/game, 35.8 min. total, 1003.1 MB
borough_erupt v9 429 games, 378820 moves, e=0.625, loss: 4.6, -, 23.2% elo% vs. v7, avg. reward: -5.760, 8.782 sec/game, 35.9 min. total, 1002.3 MB
borough_erupt v9 430 games, 380035 moves, e=0.624, loss: 4.5, -, 22.5% elo% vs. v7, avg. reward: -5.740, 8.818 sec/game, 36.1 min. total, 1002.8 MB
borough_erupt v9 431 games, 381426 moves, e=0.622, loss: 4.5, -, 21.7% elo% vs. v7, avg. reward: -5.718, 8.875 sec/game, 36.2 min. total, 1003.0 MB
borough_erupt v9 432 games, 382467 moves, e=0.621, loss: 4.5, -, 21.1% elo% vs. v7, avg. reward: -5.711, 8.780 sec/game, 36.4 min. total, 1004.6 MB
borough_erupt v9 433 games, 383594 moves, e=0.620, loss: 4.2, -, 20.4% elo% vs. v7, avg. reward: -5.702, 8.688 sec/game, 36.5 min. total, 1004.7 MB
borough_erupt v9 434 games, 384717 moves, e=0.619, loss: 4.5, -, 19.8% elo% vs. v7, avg. reward: -5.683, 8.679 sec/game, 36.7 min. total, 1004.9 MB
borough_erupt v9 435 games, 385875 moves, e=0.618, loss: 4.3, -, 19.3% elo% vs. v7, avg. reward: -5.668, 8.676 sec/game, 36.8 min. total, 1006.9 MB
borough_erupt v9 436 games, 387179 moves, e=0.617, loss: 4.5, -, 18.7% elo% vs. v7, avg. reward: -5.648, 8.766 sec/game, 37.0 min. total, 1007.5 MB
borough_erupt v9 437 games, 388202 moves, e=0.616, loss: 4.5, -, 18.2% elo% vs. v7, avg. reward: -5.659, 8.719 sec/game, 37.1 min. total, 1009.8 MB
borough_erupt v9 438 games, 389590 moves, e=0.614, loss: 4.5, -, 17.7% elo% vs. v7, avg. reward: -5.646, 8.725 sec/game, 37.3 min. total, 1007.8 MB
borough_erupt v9 439 games, 390852 moves, e=0.613, loss: 4.4, -, 17.2% elo% vs. v7, avg. reward: -5.628, 8.716 sec/game, 37.4 min. total, 1010.6 MB
borough_erupt v9 440 games, 392057 moves, e=0.612, loss: 4.4, -, 16.8% elo% vs. v7, avg. reward: -5.610, 8.776 sec/game, 37.6 min. total, 1010.3 MB
borough_erupt v9 441 games, 393192 moves, e=0.611, loss: 4.4, -, 16.4% elo% vs. v7, avg. reward: -5.616, 8.778 sec/game, 37.7 min. total, 1010.4 MB
borough_erupt v9 442 games, 394513 moves, e=0.609, loss: 4.6, -, 15.9% elo% vs. v7, avg. reward: -5.601, 8.872 sec/game, 37.9 min. total, 1014.9 MB
borough_erupt v9 443 games, 395712 moves, e=0.608, loss: 4.5, -, 15.6% elo% vs. v7, avg. reward: -5.573, 8.935 sec/game, 38.0 min. total, 1012.3 MB
borough_erupt v9 444 games, 396883 moves, e=0.607, loss: 4.3, -, 15.2% elo% vs. v7, avg. reward: -5.570, 8.974 sec/game, 38.2 min. total, 1014.6 MB
borough_erupt v9 445 games, 398092 moves, e=0.606, loss: 4.3, -, 14.8% elo% vs. v7, avg. reward: -5.554, 9.025 sec/game, 38.3 min. total, 1013.8 MB
borough_erupt v9 446 games, 399483 moves, e=0.605, loss: 4.3, -, 14.5% elo% vs. v7, avg. reward: -5.529, 9.068 sec/game, 38.5 min. total, 1014.6 MB
borough_erupt v9 447 games, 400691 moves, e=0.603, loss: 4.3, -, 14.2% elo% vs. v7, avg. reward: -5.528, 9.157 sec/game, 38.7 min. total, 1014.4 MB
borough_erupt v9 448 games, 401941 moves, e=0.602, loss: 4.3, -, 13.8% elo% vs. v7, avg. reward: -5.511, 9.165 sec/game, 38.8 min. total, 1014.9 MB
borough_erupt v9 449 games, 403029 moves, e=0.601, loss: 4.1, -, 13.5% elo% vs. v7, avg. reward: -5.510, 9.068 sec/game, 38.9 min. total, 1016.3 MB
borough_erupt v9 450 games, 404260 moves, e=0.600, loss: 4.3, -, 13.3% elo% vs. v7, avg. reward: -5.502, 9.078 sec/game, 39.1 min. total, 1017.9 MB
borough_erupt v9 451 games, 405545 moves, e=0.599, loss: 4.1, -, 13.0% elo% vs. v7, avg. reward: -5.486, 9.069 sec/game, 39.3 min. total, 1018.8 MB
borough_erupt v9 452 games, 406834 moves, e=0.597, loss: 4.2, -, 12.7% elo% vs. v7, avg. reward: -5.478, 9.123 sec/game, 39.4 min. total, 1018.8 MB
borough_erupt v9 453 games, 408237 moves, e=0.596, loss: 4.4, -, 12.4% elo% vs. v7, avg. reward: -5.452, 9.266 sec/game, 39.6 min. total, 1020.6 MB
borough_erupt v9 454 games, 409439 moves, e=0.595, loss: 4.2, -, 12.2% elo% vs. v7, avg. reward: -5.445, 9.277 sec/game, 39.7 min. total, 1020.7 MB
borough_erupt v9 455 games, 410815 moves, e=0.593, loss: 4.0, -, 12.0% elo% vs. v7, avg. reward: -5.425, 9.369 sec/game, 39.9 min. total, 1023.7 MB
borough_erupt v9 456 games, 412134 moves, e=0.592, loss: 3.9, -, 11.7% elo% vs. v7, avg. reward: -5.407, 9.383 sec/game, 40.1 min. total, 1022.5 MB
borough_erupt v9 457 games, 413287 moves, e=0.591, loss: 4.1, -, 11.5% elo% vs. v7, avg. reward: -5.410, 9.424 sec/game, 40.2 min. total, 1023.3 MB
borough_erupt v9 458 games, 414668 moves, e=0.589, loss: 4.1, -, 11.3% elo% vs. v7, avg. reward: -5.397, 9.415 sec/game, 40.4 min. total, 1026.0 MB
borough_erupt v9 459 games, 415990 moves, e=0.588, loss: 4.2, +, 13.0% elo% vs. v7, avg. reward: -5.388, 9.415 sec/game, 40.6 min. total, 1026.3 MB
borough_erupt v9 460 games, 417208 moves, e=0.587, loss: 4.1, +, 15.0% elo% vs. v7, avg. reward: -5.378, 9.451 sec/game, 40.7 min. total, 1029.1 MB
borough_erupt v9 461 games, 418505 moves, e=0.586, loss: 4.3, -, 14.6% elo% vs. v7, avg. reward: -5.362, 9.502 sec/game, 40.9 min. total, 1029.6 MB
borough_erupt v9 462 games, 419828 moves, e=0.584, loss: 4.3, +, 16.7% elo% vs. v7, avg. reward: -5.360, 9.459 sec/game, 41.0 min. total, 1025.5 MB
borough_erupt v9 463 games, 421191 moves, e=0.583, loss: 4.2, +, 18.9% elo% vs. v7, avg. reward: -5.347, 9.535 sec/game, 41.2 min. total, 1029.5 MB
borough_erupt v9 464 games, 422316 moves, e=0.582, loss: 4.2, -, 18.4% elo% vs. v7, avg. reward: -5.346, 9.543 sec/game, 41.4 min. total, 1032.1 MB
borough_erupt v9 465 games, 423546 moves, e=0.581, loss: 4.3, -, 17.9% elo% vs. v7, avg. reward: -5.337, 9.496 sec/game, 41.5 min. total, 1030.8 MB
borough_erupt v9 466 games, 424809 moves, e=0.579, loss: 4.3, ., 18.8% elo% vs. v7, avg. reward: -5.319, 9.497 sec/game, 41.7 min. total, 1033.8 MB
borough_erupt v9 467 games, 426197 moves, e=0.578, loss: 4.2, -, 18.3% elo% vs. v7, avg. reward: -5.302, 9.536 sec/game, 41.8 min. total, 1033.1 MB
borough_erupt v9 468 games, 427758 moves, e=0.577, loss: 4.2, -, 17.8% elo% vs. v7, avg. reward: -5.278, 9.616 sec/game, 42.0 min. total, 1038.4 MB
borough_erupt v9 469 games, 429007 moves, e=0.575, loss: 4.2, -, 17.3% elo% vs. v7, avg. reward: -5.263, 9.716 sec/game, 42.2 min. total, 1037.1 MB
borough_erupt v9 470 games, 430410 moves, e=0.574, loss: 4.1, -, 16.8% elo% vs. v7, avg. reward: -5.242, 9.766 sec/game, 42.4 min. total, 1037.5 MB
borough_erupt v9 471 games, 431776 moves, e=0.573, loss: 4.1, -, 16.4% elo% vs. v7, avg. reward: -5.218, 9.815 sec/game, 42.5 min. total, 1036.4 MB
borough_erupt v9 472 games, 433034 moves, e=0.571, loss: 4.0, -, 16.0% elo% vs. v7, avg. reward: -5.217, 9.808 sec/game, 42.7 min. total, 1035.4 MB
borough_erupt v9 473 games, 434409 moves, e=0.570, loss: 4.1, -, 15.6% elo% vs. v7, avg. reward: -5.202, 9.768 sec/game, 42.9 min. total, 1038.7 MB
borough_erupt v9 474 games, 435673 moves, e=0.569, loss: 4.1, -, 15.2% elo% vs. v7, avg. reward: -5.201, 9.816 sec/game, 43.0 min. total, 1038.6 MB
borough_erupt v9 475 games, 436828 moves, e=0.568, loss: 4.1, -, 14.9% elo% vs. v7, avg. reward: -5.197, 9.738 sec/game, 43.2 min. total, 1039.3 MB
borough_erupt v9 476 games, 438118 moves, e=0.566, loss: 4.0, -, 14.5% elo% vs. v7, avg. reward: -5.189, 9.732 sec/game, 43.3 min. total, 1038.6 MB
borough_erupt v9 477 games, 439613 moves, e=0.565, loss: 3.9, -, 14.2% elo% vs. v7, avg. reward: -5.177, 9.870 sec/game, 43.5 min. total, 1041.1 MB
borough_erupt v9 478 games, 440973 moves, e=0.563, loss: 4.2, -, 13.9% elo% vs. v7, avg. reward: -5.164, 9.875 sec/game, 43.7 min. total, 1042.4 MB
borough_erupt v9 479 games, 442067 moves, e=0.562, loss: 4.0, -, 13.6% elo% vs. v7, avg. reward: -5.171, 9.791 sec/game, 43.8 min. total, 1044.4 MB
borough_erupt v9 480 games, 443366 moves, e=0.561, loss: 4.0, -, 13.3% elo% vs. v7, avg. reward: -5.171, 9.796 sec/game, 44.0 min. total, 1044.5 MB
borough_erupt v9 481 games, 444806 moves, e=0.560, loss: 4.0, -, 13.0% elo% vs. v7, avg. reward: -5.160, 9.885 sec/game, 44.2 min. total, 1045.1 MB
borough_erupt v9 482 games, 446259 moves, e=0.558, loss: 4.1, +, 14.9% elo% vs. v7, avg. reward: -5.138, 9.939 sec/game, 44.3 min. total, 1045.7 MB
borough_erupt v9 483 games, 447521 moves, e=0.557, loss: 3.9, -, 14.6% elo% vs. v7, avg. reward: -5.135, 9.894 sec/game, 44.5 min. total, 1046.9 MB
