around_semifinal v0 0 games, 0 moves, e=1.000, loss: nan,  , 50.0% elo% vs. , avg. reward: nan, nan sec/game, 0.0 min. total, 327.5 MB
around_semifinal v1 1 games, 770 moves, e=0.999, loss: nan, ., 50.0% elo% vs. v0, avg. reward: 0.217, 0.266 sec/game, 0.0 min. total, 331.0 MB
around_semifinal v1 2 games, 1495 moves, e=0.999, loss: nan, ., 50.0% elo% vs. v0, avg. reward: 0.074, 0.255 sec/game, 0.0 min. total, 334.4 MB
around_semifinal v1 3 games, 2204 moves, e=0.998, loss: nan, ., 50.0% elo% vs. v0, avg. reward: 0.071, 0.257 sec/game, 0.0 min. total, 337.4 MB
around_semifinal v1 4 games, 2951 moves, e=0.997, loss: nan, ., 50.0% elo% vs. v0, avg. reward: 0.095, 0.256 sec/game, 0.0 min. total, 339.8 MB
around_semifinal v1 5 games, 3477 moves, e=0.997, loss: nan, ., 50.0% elo% vs. v0, avg. reward: 0.118, 0.240 sec/game, 0.0 min. total, 342.6 MB
around_semifinal v1 6 games, 4168 moves, e=0.996, loss: nan, ., 50.0% elo% vs. v0, avg. reward: 0.136, 0.238 sec/game, 0.0 min. total, 345.1 MB
around_semifinal v1 7 games, 4859 moves, e=0.995, loss: nan, ., 50.0% elo% vs. v0, avg. reward: 0.331, 0.236 sec/game, 0.0 min. total, 348.0 MB
around_semifinal v1 8 games, 5455 moves, e=0.995, loss: nan, ., 50.0% elo% vs. v0, avg. reward: 0.315, 0.232 sec/game, 0.0 min. total, 350.8 MB
around_semifinal v1 9 games, 6134 moves, e=0.994, loss: nan, ., 50.0% elo% vs. v0, avg. reward: 0.353, 0.233 sec/game, 0.0 min. total, 353.2 MB
around_semifinal v1 10 games, 6742 moves, e=0.993, loss: nan, ., 50.0% elo% vs. v0, avg. reward: 0.542, 0.231 sec/game, 0.0 min. total, 355.6 MB
around_semifinal v1 11 games, 7335 moves, e=0.993, loss: nan, ., 50.0% elo% vs. v0, avg. reward: 0.509, 0.230 sec/game, 0.0 min. total, 358.3 MB
around_semifinal v1 12 games, 8062 moves, e=0.992, loss: nan, ., 50.0% elo% vs. v0, avg. reward: 0.482, 0.232 sec/game, 0.0 min. total, 360.6 MB
around_semifinal v1 13 games, 8692 moves, e=0.991, loss: nan, ., 50.0% elo% vs. v0, avg. reward: 0.474, 0.230 sec/game, 0.0 min. total, 363.1 MB
around_semifinal v1 14 games, 9453 moves, e=0.991, loss: nan, ., 50.0% elo% vs. v0, avg. reward: 0.507, 0.233 sec/game, 0.1 min. total, 366.3 MB
around_semifinal v1 15 games, 10151 moves, e=0.990, loss: 2.3, ., 50.0% elo% vs. v0, avg. reward: 0.568, 0.292 sec/game, 0.1 min. total, 394.9 MB
around_semifinal v1 16 games, 10792 moves, e=0.989, loss: 10.4, +, 52.3% elo% vs. v0, avg. reward: 0.580, 0.380 sec/game, 0.1 min. total, 398.6 MB
around_semifinal v1 17 games, 11560 moves, e=0.989, loss: 15.5, +, 54.5% elo% vs. v0, avg. reward: 0.550, 0.476 sec/game, 0.1 min. total, 400.1 MB
around_semifinal v1 18 games, 12220 moves, e=0.988, loss: 20.7, +, 56.6% elo% vs. v0, avg. reward: 0.573, 0.550 sec/game, 0.2 min. total, 402.8 MB
around_semifinal v1 19 games, 12943 moves, e=0.987, loss: 20.1, +, 58.5% elo% vs. v0, avg. reward: 0.546, 0.629 sec/game, 0.2 min. total, 405.3 MB
around_semifinal v1 20 games, 13622 moves, e=0.987, loss: 21.6, +, 60.4% elo% vs. v0, avg. reward: 0.519, 0.683 sec/game, 0.2 min. total, 410.9 MB
around_semifinal v1 21 games, 14239 moves, e=0.986, loss: 26.7, +, 62.1% elo% vs. v0, avg. reward: 0.574, 0.753 sec/game, 0.3 min. total, 409.8 MB
around_semifinal v1 22 games, 14894 moves, e=0.985, loss: 25.8, +, 63.7% elo% vs. v0, avg. reward: 0.581, 0.825 sec/game, 0.3 min. total, 412.1 MB
around_semifinal v1 23 games, 15528 moves, e=0.985, loss: 26.8, +, 65.2% elo% vs. v0, avg. reward: 0.565, 0.903 sec/game, 0.3 min. total, 414.3 MB
around_semifinal v1 24 games, 16376 moves, e=0.984, loss: 26.0, +, 66.7% elo% vs. v0, avg. reward: 0.547, 1.022 sec/game, 0.4 min. total, 414.6 MB
around_semifinal v1 25 games, 17041 moves, e=0.983, loss: 25.9, +, 68.0% elo% vs. v0, avg. reward: 0.525, 1.148 sec/game, 0.4 min. total, 414.8 MB
around_semifinal v1 26 games, 17714 moves, e=0.982, loss: 26.4, +, 69.3% elo% vs. v0, avg. reward: 0.507, 1.230 sec/game, 0.4 min. total, 415.6 MB
around_semifinal v1 27 games, 18377 moves, e=0.982, loss: 26.5, +, 70.5% elo% vs. v0, avg. reward: 0.515, 1.320 sec/game, 0.5 min. total, 415.0 MB
around_semifinal v2 28 games, 19090 moves, e=0.981, loss: 22.0, +, 54.5% elo% vs. v1, avg. reward: 0.497, 1.421 sec/game, 0.5 min. total, 492.2 MB
around_semifinal v2 29 games, 19895 moves, e=0.980, loss: 23.8, +, 56.6% elo% vs. v1, avg. reward: 0.577, 1.514 sec/game, 0.5 min. total, 495.6 MB
around_semifinal v2 30 games, 20557 moves, e=0.980, loss: 25.5, -, 54.0% elo% vs. v1, avg. reward: 0.566, 1.595 sec/game, 0.6 min. total, 498.5 MB
around_semifinal v2 31 games, 21298 moves, e=0.979, loss: 32.4, -, 51.5% elo% vs. v1, avg. reward: 0.554, 1.685 sec/game, 0.6 min. total, 500.9 MB
around_semifinal v2 32 games, 22032 moves, e=0.978, loss: 37.2, -, 49.1% elo% vs. v1, avg. reward: 0.538, 1.781 sec/game, 0.6 min. total, 504.0 MB
around_semifinal v2 33 games, 22567 moves, e=0.978, loss: 31.0, -, 46.9% elo% vs. v1, avg. reward: 0.528, 1.840 sec/game, 0.7 min. total, 502.8 MB
around_semifinal v2 34 games, 23208 moves, e=0.977, loss: 28.7, -, 44.7% elo% vs. v1, avg. reward: 0.513, 1.913 sec/game, 0.7 min. total, 503.2 MB
around_semifinal v2 35 games, 23824 moves, e=0.976, loss: 26.9, ., 45.0% elo% vs. v1, avg. reward: 0.519, 1.949 sec/game, 0.7 min. total, 500.9 MB
around_semifinal v2 36 games, 24580 moves, e=0.976, loss: 28.4, -, 42.9% elo% vs. v1, avg. reward: 0.523, 1.983 sec/game, 0.8 min. total, 503.2 MB
around_semifinal v2 37 games, 25167 moves, e=0.975, loss: 30.5, -, 41.0% elo% vs. v1, avg. reward: 0.518, 1.956 sec/game, 0.8 min. total, 503.3 MB
around_semifinal v2 38 games, 25888 moves, e=0.974, loss: 32.0, -, 39.2% elo% vs. v1, avg. reward: 0.509, 1.979 sec/game, 0.8 min. total, 501.4 MB
around_semifinal v2 39 games, 26611 moves, e=0.974, loss: 28.8, +, 41.9% elo% vs. v1, avg. reward: 0.498, 1.974 sec/game, 0.9 min. total, 504.7 MB
around_semifinal v2 40 games, 27347 moves, e=0.973, loss: 27.4, -, 40.0% elo% vs. v1, avg. reward: 0.490, 1.997 sec/game, 0.9 min. total, 508.4 MB
around_semifinal v2 41 games, 28164 moves, e=0.972, loss: 31.5, -, 38.3% elo% vs. v1, avg. reward: 0.482, 2.043 sec/game, 0.9 min. total, 509.7 MB
around_semifinal v2 42 games, 28938 moves, e=0.971, loss: 28.9, -, 36.6% elo% vs. v1, avg. reward: 0.526, 2.065 sec/game, 1.0 min. total, 509.8 MB
around_semifinal v2 43 games, 29661 moves, e=0.971, loss: 24.5, -, 35.1% elo% vs. v1, avg. reward: 0.530, 2.064 sec/game, 1.0 min. total, 510.0 MB
around_semifinal v2 44 games, 30270 moves, e=0.970, loss: 22.0, -, 33.6% elo% vs. v1, avg. reward: 0.519, 2.020 sec/game, 1.0 min. total, 509.9 MB
around_semifinal v2 45 games, 31022 moves, e=0.969, loss: 15.5, +, 36.4% elo% vs. v1, avg. reward: 0.515, 1.988 sec/game, 1.1 min. total, 509.3 MB
around_semifinal v2 46 games, 31703 moves, e=0.969, loss: 15.8, -, 34.9% elo% vs. v1, avg. reward: 0.517, 1.992 sec/game, 1.1 min. total, 507.8 MB
around_semifinal v2 47 games, 32352 moves, e=0.968, loss: 18.0, -, 33.4% elo% vs. v1, avg. reward: 0.522, 1.975 sec/game, 1.1 min. total, 509.8 MB
around_semifinal v2 48 games, 33100 moves, e=0.967, loss: 19.1, -, 32.1% elo% vs. v1, avg. reward: 0.522, 1.969 sec/game, 1.2 min. total, 510.1 MB
around_semifinal v2 49 games, 33870 moves, e=0.966, loss: 20.5, -, 30.8% elo% vs. v1, avg. reward: 0.513, 1.991 sec/game, 1.2 min. total, 512.4 MB
around_semifinal v2 50 games, 34618 moves, e=0.966, loss: 20.1, -, 29.6% elo% vs. v1, avg. reward: 0.515, 2.015 sec/game, 1.2 min. total, 510.2 MB
around_semifinal v2 51 games, 35374 moves, e=0.965, loss: 19.9, -, 28.5% elo% vs. v1, avg. reward: 0.518, 2.018 sec/game, 1.3 min. total, 512.5 MB
around_semifinal v2 52 games, 36121 moves, e=0.964, loss: 22.0, -, 27.4% elo% vs. v1, avg. reward: 0.516, 2.014 sec/game, 1.3 min. total, 512.4 MB
around_semifinal v2 53 games, 36890 moves, e=0.963, loss: 20.5, -, 26.4% elo% vs. v1, avg. reward: 0.512, 2.053 sec/game, 1.3 min. total, 510.5 MB
around_semifinal v2 54 games, 37596 moves, e=0.963, loss: 20.2, -, 25.5% elo% vs. v1, avg. reward: 0.506, 2.056 sec/game, 1.4 min. total, 512.4 MB
around_semifinal v2 55 games, 38266 moves, e=0.962, loss: 17.4, -, 24.6% elo% vs. v1, avg. reward: 0.510, 2.056 sec/game, 1.4 min. total, 512.2 MB
around_semifinal v2 56 games, 38887 moves, e=0.962, loss: 17.6, -, 23.8% elo% vs. v1, avg. reward: 0.513, 2.028 sec/game, 1.4 min. total, 510.5 MB
around_semifinal v2 57 games, 39638 moves, e=0.961, loss: 17.9, -, 23.0% elo% vs. v1, avg. reward: 0.515, 2.075 sec/game, 1.5 min. total, 511.4 MB
around_semifinal v2 58 games, 40315 moves, e=0.960, loss: 17.7, -, 22.2% elo% vs. v1, avg. reward: 0.509, 2.060 sec/game, 1.5 min. total, 514.8 MB
around_semifinal v2 59 games, 41021 moves, e=0.959, loss: 16.9, -, 21.5% elo% vs. v1, avg. reward: 0.502, 2.101 sec/game, 1.6 min. total, 515.2 MB
around_semifinal v2 60 games, 41634 moves, e=0.959, loss: 16.7, -, 20.9% elo% vs. v1, avg. reward: 0.495, 2.085 sec/game, 1.6 min. total, 515.4 MB
around_semifinal v2 61 games, 42549 moves, e=0.958, loss: 13.4, -, 20.3% elo% vs. v1, avg. reward: 0.485, 2.078 sec/game, 1.6 min. total, 515.5 MB
around_semifinal v2 62 games, 43298 moves, e=0.957, loss: 10.4, -, 19.7% elo% vs. v1, avg. reward: 0.477, 2.096 sec/game, 1.7 min. total, 517.1 MB
around_semifinal v2 63 games, 43911 moves, e=0.957, loss: 11.4, +, 22.1% elo% vs. v1, avg. reward: 0.488, 2.096 sec/game, 1.7 min. total, 513.5 MB
around_semifinal v2 64 games, 44584 moves, e=0.956, loss: 11.7, -, 21.4% elo% vs. v1, avg. reward: 0.481, 2.100 sec/game, 1.7 min. total, 518.0 MB
around_semifinal v2 65 games, 45301 moves, e=0.955, loss: 10.7, -, 20.8% elo% vs. v1, avg. reward: 0.476, 2.094 sec/game, 1.8 min. total, 513.9 MB
around_semifinal v2 66 games, 45932 moves, e=0.955, loss: 11.2, +, 23.3% elo% vs. v1, avg. reward: 0.511, 2.095 sec/game, 1.8 min. total, 514.5 MB
around_semifinal v2 67 games, 46663 moves, e=0.954, loss: 17.7, +, 25.9% elo% vs. v1, avg. reward: 0.504, 2.126 sec/game, 1.8 min. total, 516.5 MB
around_semifinal v2 68 games, 47365 moves, e=0.953, loss: 15.2, -, 25.0% elo% vs. v1, avg. reward: 0.497, 2.142 sec/game, 1.9 min. total, 519.5 MB
around_semifinal v2 69 games, 48136 moves, e=0.952, loss: 13.9, -, 24.1% elo% vs. v1, avg. reward: 0.494, 2.129 sec/game, 1.9 min. total, 517.3 MB
around_semifinal v2 70 games, 48862 moves, e=0.952, loss: 14.4, +, 26.8% elo% vs. v1, avg. reward: 0.490, 2.111 sec/game, 1.9 min. total, 517.2 MB
around_semifinal v2 71 games, 49531 moves, e=0.951, loss: 11.1, +, 29.5% elo% vs. v1, avg. reward: 0.505, 2.099 sec/game, 2.0 min. total, 517.2 MB
around_semifinal v2 72 games, 50274 moves, e=0.950, loss: 11.7, -, 28.4% elo% vs. v1, avg. reward: 0.499, 2.125 sec/game, 2.0 min. total, 519.7 MB
around_semifinal v2 73 games, 51113 moves, e=0.949, loss: 8.9, -, 27.3% elo% vs. v1, avg. reward: 0.501, 2.145 sec/game, 2.1 min. total, 517.8 MB
around_semifinal v2 74 games, 51898 moves, e=0.949, loss: 12.9, -, 26.3% elo% vs. v1, avg. reward: 0.497, 2.175 sec/game, 2.1 min. total, 517.6 MB
around_semifinal v2 75 games, 52600 moves, e=0.948, loss: 16.1, -, 25.4% elo% vs. v1, avg. reward: 0.499, 2.183 sec/game, 2.1 min. total, 521.3 MB
around_semifinal v2 76 games, 53356 moves, e=0.947, loss: 16.1, -, 24.5% elo% vs. v1, avg. reward: 0.502, 2.223 sec/game, 2.2 min. total, 521.2 MB
around_semifinal v2 77 games, 53989 moves, e=0.947, loss: 16.3, -, 23.7% elo% vs. v1, avg. reward: 0.496, 2.211 sec/game, 2.2 min. total, 522.5 MB
around_semifinal v2 78 games, 54678 moves, e=0.946, loss: 21.9, +, 26.3% elo% vs. v1, avg. reward: 0.491, 2.243 sec/game, 2.3 min. total, 519.9 MB
