unlaced_neglector v0 0 games, 0 moves, e=1.000, loss: nan,  , 50.0% elo% vs. , avg. reward: nan, nan sec/game, 0.0 min. total, 312.0 MB
unlaced_neglector v1 1 games, 625 moves, e=0.999, loss: nan, ., 50.0% elo% vs. v0, avg. reward: -3.072, 0.204 sec/game, 0.0 min. total, 315.0 MB
unlaced_neglector v1 2 games, 1308 moves, e=0.999, loss: nan, ., 50.0% elo% vs. v0, avg. reward: -2.097, 0.212 sec/game, 0.0 min. total, 317.8 MB
unlaced_neglector v1 3 games, 2049 moves, e=0.998, loss: nan, ., 50.0% elo% vs. v0, avg. reward: -1.838, 0.221 sec/game, 0.0 min. total, 321.5 MB
unlaced_neglector v1 4 games, 2721 moves, e=0.997, loss: nan, ., 50.0% elo% vs. v0, avg. reward: -1.134, 0.225 sec/game, 0.0 min. total, 324.5 MB
unlaced_neglector v1 5 games, 3416 moves, e=0.997, loss: nan, ., 50.0% elo% vs. v0, avg. reward: -0.231, 0.227 sec/game, 0.0 min. total, 327.6 MB
unlaced_neglector v1 6 games, 4068 moves, e=0.996, loss: nan, ., 50.0% elo% vs. v0, avg. reward: -0.067, 0.223 sec/game, 0.0 min. total, 329.9 MB
unlaced_neglector v1 7 games, 4780 moves, e=0.995, loss: nan, +, 52.3% elo% vs. v0, avg. reward: 0.028, 0.222 sec/game, 0.0 min. total, 333.6 MB
unlaced_neglector v1 8 games, 5464 moves, e=0.995, loss: nan, ., 52.2% elo% vs. v0, avg. reward: 0.017, 0.222 sec/game, 0.0 min. total, 337.1 MB
unlaced_neglector v1 9 games, 6117 moves, e=0.994, loss: nan, ., 52.1% elo% vs. v0, avg. reward: -0.215, 0.221 sec/game, 0.0 min. total, 340.1 MB
unlaced_neglector v1 10 games, 6874 moves, e=0.993, loss: nan, ., 52.0% elo% vs. v0, avg. reward: 0.245, 0.222 sec/game, 0.0 min. total, 342.5 MB
unlaced_neglector v1 11 games, 7675 moves, e=0.992, loss: nan, ., 51.9% elo% vs. v0, avg. reward: 0.534, 0.223 sec/game, 0.0 min. total, 346.6 MB
unlaced_neglector v1 12 games, 8475 moves, e=0.992, loss: nan, ., 51.8% elo% vs. v0, avg. reward: 0.534, 0.225 sec/game, 0.0 min. total, 349.8 MB
unlaced_neglector v1 13 games, 9233 moves, e=0.991, loss: nan, +, 54.0% elo% vs. v0, avg. reward: 0.515, 0.226 sec/game, 0.0 min. total, 352.4 MB
unlaced_neglector v1 14 games, 9997 moves, e=0.990, loss: nan, ., 53.8% elo% vs. v0, avg. reward: 0.304, 0.227 sec/game, 0.1 min. total, 356.2 MB
unlaced_neglector v1 15 games, 10736 moves, e=0.989, loss: 67.4, +, 55.9% elo% vs. v0, avg. reward: 0.284, 0.336 sec/game, 0.1 min. total, 384.4 MB
unlaced_neglector v1 16 games, 11510 moves, e=0.989, loss: 54.6, ., 55.7% elo% vs. v0, avg. reward: 0.329, 0.418 sec/game, 0.1 min. total, 387.5 MB
unlaced_neglector v1 17 games, 12267 moves, e=0.988, loss: 46.0, ., 55.4% elo% vs. v0, avg. reward: 0.370, 0.488 sec/game, 0.1 min. total, 390.4 MB
unlaced_neglector v1 18 games, 12959 moves, e=0.987, loss: 41.0, ., 55.2% elo% vs. v0, avg. reward: 0.276, 0.573 sec/game, 0.2 min. total, 391.3 MB
unlaced_neglector v1 19 games, 13567 moves, e=0.987, loss: 39.7, ., 54.9% elo% vs. v0, avg. reward: 0.144, 0.604 sec/game, 0.2 min. total, 391.6 MB
unlaced_neglector v1 20 games, 14307 moves, e=0.986, loss: 40.7, ., 54.7% elo% vs. v0, avg. reward: 0.205, 0.654 sec/game, 0.2 min. total, 391.5 MB
unlaced_neglector v1 21 games, 15065 moves, e=0.985, loss: 42.1, ., 54.5% elo% vs. v0, avg. reward: 0.201, 0.732 sec/game, 0.2 min. total, 391.5 MB
unlaced_neglector v1 22 games, 15723 moves, e=0.984, loss: 41.7, ., 54.3% elo% vs. v0, avg. reward: 0.165, 0.791 sec/game, 0.3 min. total, 391.6 MB
unlaced_neglector v1 23 games, 16385 moves, e=0.984, loss: 44.5, ., 54.1% elo% vs. v0, avg. reward: 0.071, 0.859 sec/game, 0.3 min. total, 391.7 MB
unlaced_neglector v1 24 games, 17093 moves, e=0.983, loss: 46.0, ., 53.9% elo% vs. v0, avg. reward: 0.437, 0.922 sec/game, 0.3 min. total, 391.8 MB
unlaced_neglector v1 25 games, 17822 moves, e=0.982, loss: 45.5, ., 53.7% elo% vs. v0, avg. reward: 0.328, 0.990 sec/game, 0.3 min. total, 391.9 MB
unlaced_neglector v1 26 games, 18504 moves, e=0.982, loss: 47.4, ., 53.6% elo% vs. v0, avg. reward: 0.183, 1.049 sec/game, 0.4 min. total, 392.2 MB
unlaced_neglector v1 27 games, 19190 moves, e=0.981, loss: 49.1, ., 53.4% elo% vs. v0, avg. reward: 0.140, 1.117 sec/game, 0.4 min. total, 391.9 MB
unlaced_neglector v1 28 games, 19930 moves, e=0.980, loss: 54.6, ., 53.2% elo% vs. v0, avg. reward: 0.196, 1.191 sec/game, 0.4 min. total, 392.1 MB
unlaced_neglector v1 29 games, 20523 moves, e=0.980, loss: 56.5, ., 53.1% elo% vs. v0, avg. reward: 0.152, 1.248 sec/game, 0.4 min. total, 392.8 MB
unlaced_neglector v1 30 games, 21164 moves, e=0.979, loss: 57.1, ., 52.9% elo% vs. v0, avg. reward: 0.048, 1.306 sec/game, 0.5 min. total, 394.6 MB
unlaced_neglector v1 31 games, 21894 moves, e=0.978, loss: 56.7, ., 52.8% elo% vs. v0, avg. reward: 0.056, 1.377 sec/game, 0.5 min. total, 397.6 MB
unlaced_neglector v1 32 games, 22676 moves, e=0.978, loss: 60.6, ., 52.7% elo% vs. v0, avg. reward: 0.021, 1.457 sec/game, 0.5 min. total, 399.4 MB
unlaced_neglector v1 33 games, 23410 moves, e=0.977, loss: 62.1, ., 52.6% elo% vs. v0, avg. reward: 0.064, 1.521 sec/game, 0.6 min. total, 400.8 MB
unlaced_neglector v1 34 games, 24204 moves, e=0.976, loss: 60.8, +, 54.7% elo% vs. v0, avg. reward: 0.035, 1.613 sec/game, 0.6 min. total, 400.3 MB
unlaced_neglector v1 35 games, 24961 moves, e=0.975, loss: 67.0, +, 56.8% elo% vs. v0, avg. reward: -0.020, 1.608 sec/game, 0.6 min. total, 400.8 MB
unlaced_neglector v1 36 games, 25654 moves, e=0.975, loss: 66.1, +, 58.7% elo% vs. v0, avg. reward: -0.099, 1.598 sec/game, 0.6 min. total, 400.4 MB
unlaced_neglector v1 37 games, 26422 moves, e=0.974, loss: 63.1, +, 60.6% elo% vs. v0, avg. reward: -0.134, 1.600 sec/game, 0.7 min. total, 400.9 MB
unlaced_neglector v1 38 games, 27163 moves, e=0.973, loss: 70.1, +, 62.3% elo% vs. v0, avg. reward: -0.016, 1.574 sec/game, 0.7 min. total, 401.1 MB
unlaced_neglector v1 39 games, 27912 moves, e=0.972, loss: 73.5, +, 63.9% elo% vs. v0, avg. reward: -0.078, 1.600 sec/game, 0.7 min. total, 401.5 MB
unlaced_neglector v1 40 games, 28603 moves, e=0.972, loss: 72.0, ., 63.3% elo% vs. v0, avg. reward: -0.171, 1.597 sec/game, 0.8 min. total, 401.7 MB
unlaced_neglector v1 41 games, 29299 moves, e=0.971, loss: 73.6, +, 64.9% elo% vs. v0, avg. reward: -0.166, 1.580 sec/game, 0.8 min. total, 401.7 MB
unlaced_neglector v1 42 games, 30093 moves, e=0.970, loss: 76.0, +, 66.3% elo% vs. v0, avg. reward: -0.118, 1.607 sec/game, 0.8 min. total, 401.8 MB
unlaced_neglector v1 43 games, 30835 moves, e=0.969, loss: 75.9, +, 67.7% elo% vs. v0, avg. reward: -0.131, 1.607 sec/game, 0.8 min. total, 402.1 MB
unlaced_neglector v1 44 games, 31500 moves, e=0.969, loss: 78.1, +, 69.0% elo% vs. v0, avg. reward: -0.118, 1.621 sec/game, 0.9 min. total, 403.5 MB
unlaced_neglector v1 45 games, 32274 moves, e=0.968, loss: 81.2, +, 70.2% elo% vs. v0, avg. reward: -0.052, 1.632 sec/game, 0.9 min. total, 405.1 MB
unlaced_neglector v2 46 games, 32898 moves, e=0.967, loss: 78.7, +, 54.5% elo% vs. v1, avg. reward: -0.096, 1.623 sec/game, 0.9 min. total, 469.2 MB
unlaced_neglector v2 47 games, 33626 moves, e=0.967, loss: 81.0, +, 56.6% elo% vs. v1, avg. reward: -0.132, 1.610 sec/game, 0.9 min. total, 469.2 MB
unlaced_neglector v2 48 games, 34303 moves, e=0.966, loss: 89.2, ., 56.3% elo% vs. v1, avg. reward: -0.071, 1.589 sec/game, 1.0 min. total, 469.6 MB
unlaced_neglector v2 49 games, 35024 moves, e=0.965, loss: 89.6, +, 58.2% elo% vs. v1, avg. reward: -0.062, 1.599 sec/game, 1.0 min. total, 469.5 MB
unlaced_neglector v2 50 games, 35681 moves, e=0.965, loss: 92.7, +, 60.1% elo% vs. v1, avg. reward: -0.098, 1.593 sec/game, 1.0 min. total, 469.3 MB
unlaced_neglector v2 51 games, 36493 moves, e=0.964, loss: 93.3, +, 61.8% elo% vs. v1, avg. reward: -0.086, 1.603 sec/game, 1.0 min. total, 469.9 MB
unlaced_neglector v2 52 games, 37111 moves, e=0.963, loss: 100.6, +, 63.5% elo% vs. v1, avg. reward: -0.070, 1.569 sec/game, 1.1 min. total, 469.8 MB
unlaced_neglector v2 53 games, 37963 moves, e=0.962, loss: 107.8, ., 62.9% elo% vs. v1, avg. reward: 0.113, 1.591 sec/game, 1.1 min. total, 470.4 MB
unlaced_neglector v2 54 games, 38589 moves, e=0.962, loss: 111.6, +, 64.5% elo% vs. v1, avg. reward: 0.146, 1.551 sec/game, 1.1 min. total, 471.7 MB
unlaced_neglector v2 55 games, 39313 moves, e=0.961, loss: 118.7, +, 66.0% elo% vs. v1, avg. reward: 0.205, 1.539 sec/game, 1.1 min. total, 475.9 MB
unlaced_neglector v2 56 games, 40099 moves, e=0.960, loss: 119.5, +, 67.4% elo% vs. v1, avg. reward: 0.308, 1.542 sec/game, 1.2 min. total, 476.4 MB
unlaced_neglector v2 57 games, 40765 moves, e=0.960, loss: 122.0, ., 66.7% elo% vs. v1, avg. reward: 0.309, 1.523 sec/game, 1.2 min. total, 477.8 MB
unlaced_neglector v2 58 games, 41500 moves, e=0.959, loss: 121.9, ., 66.0% elo% vs. v1, avg. reward: 0.266, 1.524 sec/game, 1.2 min. total, 479.8 MB
unlaced_neglector v2 59 games, 42201 moves, e=0.958, loss: 134.9, ., 65.3% elo% vs. v1, avg. reward: 0.302, 1.512 sec/game, 1.2 min. total, 479.8 MB
unlaced_neglector v2 60 games, 43020 moves, e=0.957, loss: 126.9, +, 66.7% elo% vs. v1, avg. reward: 0.363, 1.547 sec/game, 1.3 min. total, 479.3 MB
unlaced_neglector v2 61 games, 43781 moves, e=0.957, loss: 138.5, -, 64.0% elo% vs. v1, avg. reward: 0.372, 1.578 sec/game, 1.3 min. total, 479.7 MB
unlaced_neglector v2 62 games, 44405 moves, e=0.956, loss: 143.6, ., 63.4% elo% vs. v1, avg. reward: 0.366, 1.542 sec/game, 1.3 min. total, 479.7 MB
unlaced_neglector v2 63 games, 45234 moves, e=0.955, loss: 143.7, -, 60.6% elo% vs. v1, avg. reward: 0.466, 1.567 sec/game, 1.4 min. total, 479.6 MB
unlaced_neglector v2 64 games, 46015 moves, e=0.954, loss: 149.7, +, 62.3% elo% vs. v1, avg. reward: 0.557, 1.567 sec/game, 1.4 min. total, 479.9 MB
unlaced_neglector v2 65 games, 46760 moves, e=0.954, loss: 159.2, +, 63.9% elo% vs. v1, avg. reward: 0.547, 1.563 sec/game, 1.4 min. total, 480.1 MB
unlaced_neglector v2 66 games, 47571 moves, e=0.953, loss: 165.3, -, 61.2% elo% vs. v1, avg. reward: 0.536, 1.603 sec/game, 1.4 min. total, 479.8 MB
unlaced_neglector v2 67 games, 48356 moves, e=0.952, loss: 158.7, -, 58.5% elo% vs. v1, avg. reward: 0.504, 1.623 sec/game, 1.5 min. total, 480.4 MB
unlaced_neglector v2 68 games, 49226 moves, e=0.951, loss: 164.3, +, 60.3% elo% vs. v1, avg. reward: 0.529, 1.667 sec/game, 1.5 min. total, 481.1 MB
unlaced_neglector v2 69 games, 49938 moves, e=0.951, loss: 165.2, +, 62.1% elo% vs. v1, avg. reward: 0.540, 1.676 sec/game, 1.5 min. total, 482.2 MB
unlaced_neglector v2 70 games, 50701 moves, e=0.950, loss: 173.3, +, 63.7% elo% vs. v1, avg. reward: 0.586, 1.696 sec/game, 1.6 min. total, 483.6 MB
unlaced_neglector v2 71 games, 51438 moves, e=0.949, loss: 168.4, +, 65.2% elo% vs. v1, avg. reward: 0.589, 1.683 sec/game, 1.6 min. total, 484.3 MB
unlaced_neglector v2 72 games, 52176 moves, e=0.948, loss: 174.1, +, 66.7% elo% vs. v1, avg. reward: 0.585, 1.718 sec/game, 1.6 min. total, 485.2 MB
unlaced_neglector v2 73 games, 52986 moves, e=0.948, loss: 186.3, +, 68.0% elo% vs. v1, avg. reward: 0.576, 1.712 sec/game, 1.7 min. total, 485.2 MB
unlaced_neglector v2 74 games, 53728 moves, e=0.947, loss: 193.0, +, 69.3% elo% vs. v1, avg. reward: 0.543, 1.733 sec/game, 1.7 min. total, 485.2 MB
unlaced_neglector v2 75 games, 54485 moves, e=0.946, loss: 189.0, -, 66.5% elo% vs. v1, avg. reward: 0.554, 1.746 sec/game, 1.7 min. total, 484.9 MB
unlaced_neglector v2 76 games, 55094 moves, e=0.945, loss: 189.1, ., 65.8% elo% vs. v1, avg. reward: 0.495, 1.746 sec/game, 1.7 min. total, 485.4 MB
unlaced_neglector v2 77 games, 55919 moves, e=0.945, loss: 183.2, +, 67.2% elo% vs. v1, avg. reward: 0.504, 1.769 sec/game, 1.8 min. total, 485.0 MB
unlaced_neglector v2 78 games, 56806 moves, e=0.944, loss: 199.8, +, 68.5% elo% vs. v1, avg. reward: 0.543, 1.795 sec/game, 1.8 min. total, 485.4 MB
unlaced_neglector v2 79 games, 57613 moves, e=0.943, loss: 205.0, +, 69.8% elo% vs. v1, avg. reward: 0.533, 1.826 sec/game, 1.8 min. total, 485.0 MB
unlaced_neglector v2 80 games, 58236 moves, e=0.942, loss: 201.7, ., 69.0% elo% vs. v1, avg. reward: 0.476, 1.776 sec/game, 1.9 min. total, 486.1 MB
unlaced_neglector v2 81 games, 58980 moves, e=0.942, loss: 197.0, +, 70.2% elo% vs. v1, avg. reward: 0.456, 1.762 sec/game, 1.9 min. total, 485.8 MB
unlaced_neglector v3 82 games, 59591 moves, e=0.941, loss: 211.6, +, 54.5% elo% vs. v2, avg. reward: 0.415, 1.763 sec/game, 1.9 min. total, 497.1 MB
unlaced_neglector v3 83 games, 60191 moves, e=0.940, loss: 210.5, +, 56.6% elo% vs. v2, avg. reward: 0.353, 1.729 sec/game, 1.9 min. total, 494.8 MB
unlaced_neglector v3 84 games, 60872 moves, e=0.940, loss: 218.0, -, 54.0% elo% vs. v2, avg. reward: 0.347, 1.711 sec/game, 2.0 min. total, 495.4 MB
unlaced_neglector v3 85 games, 61668 moves, e=0.939, loss: 223.2, -, 51.5% elo% vs. v2, avg. reward: 0.337, 1.707 sec/game, 2.0 min. total, 494.9 MB
unlaced_neglector v3 86 games, 62470 moves, e=0.938, loss: 216.0, +, 53.7% elo% vs. v2, avg. reward: 0.340, 1.710 sec/game, 2.0 min. total, 495.0 MB
unlaced_neglector v3 87 games, 63095 moves, e=0.938, loss: 210.1, +, 55.8% elo% vs. v2, avg. reward: 0.316, 1.683 sec/game, 2.0 min. total, 495.8 MB
unlaced_neglector v3 88 games, 63741 moves, e=0.937, loss: 209.8, -, 53.3% elo% vs. v2, avg. reward: 0.269, 1.657 sec/game, 2.1 min. total, 495.9 MB
unlaced_neglector v3 89 games, 64501 moves, e=0.936, loss: 205.5, -, 50.8% elo% vs. v2, avg. reward: 0.309, 1.655 sec/game, 2.1 min. total, 496.0 MB
unlaced_neglector v3 90 games, 65289 moves, e=0.935, loss: 200.7, -, 48.5% elo% vs. v2, avg. reward: 0.320, 1.675 sec/game, 2.1 min. total, 495.4 MB
unlaced_neglector v3 91 games, 65975 moves, e=0.935, loss: 212.9, -, 46.3% elo% vs. v2, avg. reward: 0.297, 1.677 sec/game, 2.2 min. total, 495.6 MB
unlaced_neglector v3 92 games, 66768 moves, e=0.934, loss: 212.5, +, 48.7% elo% vs. v2, avg. reward: 0.373, 1.679 sec/game, 2.2 min. total, 496.6 MB
unlaced_neglector v3 93 games, 67385 moves, e=0.933, loss: 220.4, -, 46.5% elo% vs. v2, avg. reward: 0.323, 1.670 sec/game, 2.2 min. total, 497.9 MB
unlaced_neglector v3 94 games, 68152 moves, e=0.933, loss: 220.6, ., 46.7% elo% vs. v2, avg. reward: 0.337, 1.686 sec/game, 2.2 min. total, 498.8 MB
unlaced_neglector v3 95 games, 68879 moves, e=0.932, loss: 217.1, +, 49.1% elo% vs. v2, avg. reward: 0.340, 1.691 sec/game, 2.3 min. total, 498.3 MB
unlaced_neglector v3 96 games, 69751 moves, e=0.931, loss: 218.1, +, 51.5% elo% vs. v2, avg. reward: 0.375, 1.707 sec/game, 2.3 min. total, 498.3 MB
unlaced_neglector v3 97 games, 70524 moves, e=0.930, loss: 226.2, -, 49.1% elo% vs. v2, avg. reward: 0.358, 1.706 sec/game, 2.3 min. total, 498.9 MB
unlaced_neglector v3 98 games, 71300 moves, e=0.929, loss: 226.9, +, 51.4% elo% vs. v2, avg. reward: 0.339, 1.710 sec/game, 2.4 min. total, 499.4 MB
unlaced_neglector v3 99 games, 72077 moves, e=0.929, loss: 222.0, -, 49.1% elo% vs. v2, avg. reward: 0.358, 1.696 sec/game, 2.4 min. total, 498.8 MB
unlaced_neglector v3 100 games, 72720 moves, e=0.928, loss: 229.2, -, 46.8% elo% vs. v2, avg. reward: 0.324, 1.709 sec/game, 2.4 min. total, 499.2 MB
unlaced_neglector v3 101 games, 73337 moves, e=0.927, loss: 228.5, -, 44.7% elo% vs. v2, avg. reward: 0.358, 1.685 sec/game, 2.4 min. total, 498.9 MB
unlaced_neglector v3 102 games, 74308 moves, e=0.926, loss: 235.7, +, 47.2% elo% vs. v2, avg. reward: 0.416, 1.740 sec/game, 2.5 min. total, 499.5 MB
unlaced_neglector v3 103 games, 74980 moves, e=0.926, loss: 234.1, +, 49.6% elo% vs. v2, avg. reward: 0.451, 1.744 sec/game, 2.5 min. total, 501.2 MB
unlaced_neglector v3 104 games, 75743 moves, e=0.925, loss: 230.8, -, 47.3% elo% vs. v2, avg. reward: 0.438, 1.762 sec/game, 2.5 min. total, 502.4 MB
unlaced_neglector v3 105 games, 76349 moves, e=0.924, loss: 233.5, -, 45.2% elo% vs. v2, avg. reward: 0.383, 1.753 sec/game, 2.6 min. total, 502.7 MB
unlaced_neglector v3 106 games, 77179 moves, e=0.924, loss: 231.2, -, 43.1% elo% vs. v2, avg. reward: 0.401, 1.743 sec/game, 2.6 min. total, 502.9 MB
unlaced_neglector v3 107 games, 77983 moves, e=0.923, loss: 238.8, +, 45.7% elo% vs. v2, avg. reward: 0.405, 1.789 sec/game, 2.6 min. total, 502.8 MB
unlaced_neglector v3 108 games, 78808 moves, e=0.922, loss: 242.5, -, 43.6% elo% vs. v2, avg. reward: 0.404, 1.803 sec/game, 2.7 min. total, 502.5 MB
unlaced_neglector v3 109 games, 79449 moves, e=0.921, loss: 250.4, -, 41.7% elo% vs. v2, avg. reward: 0.411, 1.794 sec/game, 2.7 min. total, 502.9 MB
unlaced_neglector v3 110 games, 80202 moves, e=0.921, loss: 250.9, +, 44.3% elo% vs. v2, avg. reward: 0.376, 1.781 sec/game, 2.7 min. total, 503.4 MB
unlaced_neglector v3 111 games, 80839 moves, e=0.920, loss: 254.3, -, 42.3% elo% vs. v2, avg. reward: 0.327, 1.777 sec/game, 2.7 min. total, 502.7 MB
unlaced_neglector v3 112 games, 81543 moves, e=0.919, loss: 243.1, -, 40.4% elo% vs. v2, avg. reward: 0.301, 1.771 sec/game, 2.8 min. total, 502.9 MB
unlaced_neglector v3 113 games, 82265 moves, e=0.919, loss: 251.5, -, 38.6% elo% vs. v2, avg. reward: 0.310, 1.765 sec/game, 2.8 min. total, 502.9 MB
unlaced_neglector v3 114 games, 83117 moves, e=0.918, loss: 249.6, -, 37.0% elo% vs. v2, avg. reward: 0.338, 1.768 sec/game, 2.8 min. total, 502.9 MB
unlaced_neglector v3 115 games, 83933 moves, e=0.917, loss: 237.5, +, 39.7% elo% vs. v2, avg. reward: 0.411, 1.767 sec/game, 2.9 min. total, 504.4 MB
unlaced_neglector v3 116 games, 84646 moves, e=0.916, loss: 237.5, +, 42.4% elo% vs. v2, avg. reward: 0.404, 1.763 sec/game, 2.9 min. total, 506.1 MB
unlaced_neglector v3 117 games, 85490 moves, e=0.915, loss: 245.3, +, 45.0% elo% vs. v2, avg. reward: 0.446, 1.777 sec/game, 2.9 min. total, 506.0 MB
unlaced_neglector v3 118 games, 86205 moves, e=0.915, loss: 248.1, +, 47.5% elo% vs. v2, avg. reward: 0.441, 1.761 sec/game, 3.0 min. total, 506.3 MB
unlaced_neglector v3 119 games, 87047 moves, e=0.914, loss: 257.8, +, 49.9% elo% vs. v2, avg. reward: 0.458, 1.769 sec/game, 3.0 min. total, 506.8 MB
unlaced_neglector v3 120 games, 87894 moves, e=0.913, loss: 254.2, +, 52.2% elo% vs. v2, avg. reward: 0.464, 1.788 sec/game, 3.0 min. total, 506.8 MB
unlaced_neglector v3 121 games, 88709 moves, e=0.912, loss: 254.3, -, 49.8% elo% vs. v2, avg. reward: 0.430, 1.828 sec/game, 3.1 min. total, 506.8 MB
unlaced_neglector v3 122 games, 89458 moves, e=0.911, loss: 257.9, +, 52.1% elo% vs. v2, avg. reward: 0.448, 1.786 sec/game, 3.1 min. total, 506.5 MB
unlaced_neglector v3 123 games, 90146 moves, e=0.911, loss: 256.9, +, 54.3% elo% vs. v2, avg. reward: 0.478, 1.797 sec/game, 3.1 min. total, 507.0 MB
unlaced_neglector v3 124 games, 90905 moves, e=0.910, loss: 264.8, +, 56.4% elo% vs. v2, avg. reward: 0.433, 1.799 sec/game, 3.1 min. total, 507.3 MB
unlaced_neglector v3 125 games, 91752 moves, e=0.909, loss: 257.2, +, 58.4% elo% vs. v2, avg. reward: 0.454, 1.815 sec/game, 3.2 min. total, 507.9 MB
unlaced_neglector v3 126 games, 92559 moves, e=0.908, loss: 262.5, +, 60.2% elo% vs. v2, avg. reward: 0.461, 1.841 sec/game, 3.2 min. total, 509.0 MB
unlaced_neglector v3 127 games, 93213 moves, e=0.908, loss: 267.7, -, 57.5% elo% vs. v2, avg. reward: 0.431, 1.824 sec/game, 3.2 min. total, 508.8 MB
unlaced_neglector v3 128 games, 93879 moves, e=0.907, loss: 277.4, -, 54.9% elo% vs. v2, avg. reward: 0.417, 1.806 sec/game, 3.3 min. total, 509.1 MB
unlaced_neglector v3 129 games, 94578 moves, e=0.906, loss: 276.1, -, 52.4% elo% vs. v2, avg. reward: 0.396, 1.809 sec/game, 3.3 min. total, 509.2 MB
unlaced_neglector v3 130 games, 95395 moves, e=0.906, loss: 262.6, +, 54.6% elo% vs. v2, avg. reward: 0.452, 1.817 sec/game, 3.3 min. total, 509.0 MB
unlaced_neglector v3 131 games, 96067 moves, e=0.905, loss: 272.4, ., 54.4% elo% vs. v2, avg. reward: 0.491, 1.809 sec/game, 3.3 min. total, 508.6 MB
unlaced_neglector v3 132 games, 96899 moves, e=0.904, loss: 274.4, ., 54.2% elo% vs. v2, avg. reward: 0.538, 1.814 sec/game, 3.4 min. total, 509.3 MB
unlaced_neglector v3 133 games, 97603 moves, e=0.903, loss: 282.4, -, 51.7% elo% vs. v2, avg. reward: 0.506, 1.813 sec/game, 3.4 min. total, 509.1 MB
unlaced_neglector v3 134 games, 98420 moves, e=0.903, loss: 287.0, +, 53.9% elo% vs. v2, avg. reward: 0.610, 1.803 sec/game, 3.4 min. total, 509.2 MB
unlaced_neglector v3 135 games, 99153 moves, e=0.902, loss: 289.1, -, 51.4% elo% vs. v2, avg. reward: 0.626, 1.806 sec/game, 3.5 min. total, 509.5 MB
unlaced_neglector v3 136 games, 99937 moves, e=0.901, loss: 292.0, -, 49.1% elo% vs. v2, avg. reward: 0.692, 1.826 sec/game, 3.5 min. total, 510.2 MB
unlaced_neglector v3 137 games, 100782 moves, e=0.900, loss: 292.5, +, 51.4% elo% vs. v2, avg. reward: 0.779, 1.830 sec/game, 3.5 min. total, 512.7 MB
unlaced_neglector v3 138 games, 101561 moves, e=0.899, loss: 290.2, +, 53.6% elo% vs. v2, avg. reward: 0.743, 1.844 sec/game, 3.6 min. total, 513.2 MB
unlaced_neglector v3 139 games, 102345 moves, e=0.899, loss: 301.6, +, 55.8% elo% vs. v2, avg. reward: 0.819, 1.840 sec/game, 3.6 min. total, 512.7 MB
unlaced_neglector v3 140 games, 103183 moves, e=0.898, loss: 291.0, +, 57.8% elo% vs. v2, avg. reward: 0.873, 1.858 sec/game, 3.6 min. total, 513.4 MB
unlaced_neglector v3 141 games, 103964 moves, e=0.897, loss: 291.8, +, 59.6% elo% vs. v2, avg. reward: 0.868, 1.846 sec/game, 3.7 min. total, 513.4 MB
unlaced_neglector v3 142 games, 104724 moves, e=0.896, loss: 291.8, +, 61.4% elo% vs. v2, avg. reward: 0.857, 1.864 sec/game, 3.7 min. total, 513.5 MB
unlaced_neglector v3 143 games, 105359 moves, e=0.896, loss: 279.8, +, 63.1% elo% vs. v2, avg. reward: 0.850, 1.855 sec/game, 3.7 min. total, 513.3 MB
unlaced_neglector v3 144 games, 106036 moves, e=0.895, loss: 288.7, +, 64.7% elo% vs. v2, avg. reward: 0.851, 1.850 sec/game, 3.8 min. total, 513.0 MB
unlaced_neglector v3 145 games, 106803 moves, e=0.894, loss: 298.7, +, 66.1% elo% vs. v2, avg. reward: 0.814, 1.855 sec/game, 3.8 min. total, 512.9 MB
unlaced_neglector v3 146 games, 107660 moves, e=0.893, loss: 306.9, +, 67.5% elo% vs. v2, avg. reward: 0.881, 1.841 sec/game, 3.8 min. total, 514.3 MB
unlaced_neglector v3 147 games, 108371 moves, e=0.893, loss: 322.8, -, 64.7% elo% vs. v2, avg. reward: 0.929, 1.837 sec/game, 3.9 min. total, 515.1 MB
unlaced_neglector v3 148 games, 109194 moves, e=0.892, loss: 330.3, ., 64.1% elo% vs. v2, avg. reward: 0.929, 1.864 sec/game, 3.9 min. total, 516.7 MB
unlaced_neglector v3 149 games, 109934 moves, e=0.891, loss: 333.1, +, 65.6% elo% vs. v2, avg. reward: 0.926, 1.860 sec/game, 3.9 min. total, 519.2 MB
unlaced_neglector v3 150 games, 110613 moves, e=0.890, loss: 336.6, +, 67.0% elo% vs. v2, avg. reward: 0.950, 1.846 sec/game, 3.9 min. total, 519.1 MB
unlaced_neglector v3 151 games, 111486 moves, e=0.890, loss: 332.1, -, 64.2% elo% vs. v2, avg. reward: 1.037, 1.865 sec/game, 4.0 min. total, 516.8 MB
unlaced_neglector v3 152 games, 112284 moves, e=0.889, loss: 333.9, +, 65.7% elo% vs. v2, avg. reward: 1.044, 1.869 sec/game, 4.0 min. total, 516.8 MB
unlaced_neglector v3 153 games, 112965 moves, e=0.888, loss: 351.5, +, 67.2% elo% vs. v2, avg. reward: 0.921, 1.866 sec/game, 4.0 min. total, 517.4 MB
unlaced_neglector v3 154 games, 113690 moves, e=0.887, loss: 321.2, +, 68.5% elo% vs. v2, avg. reward: 0.894, 1.863 sec/game, 4.1 min. total, 517.5 MB
unlaced_neglector v3 155 games, 114427 moves, e=0.887, loss: 322.4, +, 69.7% elo% vs. v2, avg. reward: 0.887, 1.869 sec/game, 4.1 min. total, 517.0 MB
unlaced_neglector v3 156 games, 115250 moves, e=0.886, loss: 322.2, +, 70.9% elo% vs. v2, avg. reward: 0.827, 1.869 sec/game, 4.1 min. total, 517.0 MB
unlaced_neglector v4 157 games, 116090 moves, e=0.885, loss: 329.3, +, 54.5% elo% vs. v3, avg. reward: 0.832, 1.845 sec/game, 4.2 min. total, 528.1 MB
unlaced_neglector v4 158 games, 116745 moves, e=0.884, loss: 319.4, +, 56.6% elo% vs. v3, avg. reward: 0.829, 1.848 sec/game, 4.2 min. total, 520.5 MB
unlaced_neglector v4 159 games, 117543 moves, e=0.884, loss: 320.4, -, 54.0% elo% vs. v3, avg. reward: 0.858, 1.838 sec/game, 4.2 min. total, 520.6 MB
unlaced_neglector v4 160 games, 118456 moves, e=0.883, loss: 329.5, -, 51.5% elo% vs. v3, avg. reward: 0.883, 1.827 sec/game, 4.3 min. total, 520.4 MB
unlaced_neglector v4 161 games, 119266 moves, e=0.882, loss: 335.1, -, 49.1% elo% vs. v3, avg. reward: 0.856, 1.824 sec/game, 4.3 min. total, 520.3 MB
unlaced_neglector v4 162 games, 120120 moves, e=0.881, loss: 326.4, +, 51.5% elo% vs. v3, avg. reward: 0.839, 1.827 sec/game, 4.3 min. total, 522.9 MB
unlaced_neglector v4 163 games, 120805 moves, e=0.880, loss: 318.7, +, 53.7% elo% vs. v3, avg. reward: 0.770, 1.822 sec/game, 4.3 min. total, 521.0 MB
unlaced_neglector v4 164 games, 121578 moves, e=0.880, loss: 311.8, +, 55.8% elo% vs. v3, avg. reward: 0.702, 1.826 sec/game, 4.4 min. total, 521.2 MB
unlaced_neglector v4 165 games, 122349 moves, e=0.879, loss: 312.0, ., 55.6% elo% vs. v3, avg. reward: 0.737, 1.826 sec/game, 4.4 min. total, 521.2 MB
unlaced_neglector v4 166 games, 123055 moves, e=0.878, loss: 327.5, +, 57.6% elo% vs. v3, avg. reward: 0.773, 1.815 sec/game, 4.4 min. total, 521.9 MB
unlaced_neglector v4 167 games, 123829 moves, e=0.877, loss: 329.1, -, 55.0% elo% vs. v3, avg. reward: 0.828, 1.841 sec/game, 4.5 min. total, 523.2 MB
unlaced_neglector v4 168 games, 124707 moves, e=0.877, loss: 322.8, -, 52.4% elo% vs. v3, avg. reward: 0.947, 1.848 sec/game, 4.5 min. total, 522.7 MB
unlaced_neglector v4 169 games, 125614 moves, e=0.876, loss: 321.8, -, 50.0% elo% vs. v3, avg. reward: 0.967, 1.895 sec/game, 4.5 min. total, 522.8 MB
unlaced_neglector v4 170 games, 126378 moves, e=0.875, loss: 333.0, -, 47.7% elo% vs. v3, avg. reward: 0.946, 1.914 sec/game, 4.6 min. total, 522.8 MB
unlaced_neglector v4 171 games, 127168 moves, e=0.874, loss: 341.2, +, 50.1% elo% vs. v3, avg. reward: 0.931, 1.928 sec/game, 4.6 min. total, 523.5 MB
unlaced_neglector v4 172 games, 128009 moves, e=0.873, loss: 340.4, +, 52.4% elo% vs. v3, avg. reward: 0.974, 1.941 sec/game, 4.7 min. total, 523.4 MB
unlaced_neglector v4 173 games, 128827 moves, e=0.872, loss: 350.8, +, 54.6% elo% vs. v3, avg. reward: 0.992, 1.962 sec/game, 4.7 min. total, 523.7 MB
unlaced_neglector v4 174 games, 129608 moves, e=0.872, loss: 352.3, +, 56.7% elo% vs. v3, avg. reward: 1.062, 1.964 sec/game, 4.7 min. total, 523.6 MB
unlaced_neglector v4 175 games, 130498 moves, e=0.871, loss: 358.8, -, 54.1% elo% vs. v3, avg. reward: 1.053, 1.976 sec/game, 4.8 min. total, 526.5 MB
unlaced_neglector v4 176 games, 131315 moves, e=0.870, loss: 362.9, -, 51.6% elo% vs. v3, avg. reward: 1.118, 1.978 sec/game, 4.8 min. total, 526.2 MB
unlaced_neglector v4 177 games, 132146 moves, e=0.869, loss: 358.5, -, 49.2% elo% vs. v3, avg. reward: 1.098, 2.007 sec/game, 4.8 min. total, 526.4 MB
unlaced_neglector v4 178 games, 132873 moves, e=0.868, loss: 382.6, -, 47.0% elo% vs. v3, avg. reward: 1.070, 2.002 sec/game, 4.9 min. total, 526.2 MB
unlaced_neglector v4 179 games, 133728 moves, e=0.868, loss: 374.7, +, 49.4% elo% vs. v3, avg. reward: 1.130, 2.022 sec/game, 4.9 min. total, 526.2 MB
unlaced_neglector v4 180 games, 134544 moves, e=0.867, loss: 363.0, +, 51.7% elo% vs. v3, avg. reward: 1.172, 2.037 sec/game, 4.9 min. total, 526.2 MB
unlaced_neglector v4 181 games, 135289 moves, e=0.866, loss: 367.2, -, 49.4% elo% vs. v3, avg. reward: 1.195, 2.039 sec/game, 5.0 min. total, 526.5 MB
unlaced_neglector v4 182 games, 136234 moves, e=0.865, loss: 364.5, +, 51.7% elo% vs. v3, avg. reward: 1.256, 2.072 sec/game, 5.0 min. total, 526.1 MB
unlaced_neglector v4 183 games, 137092 moves, e=0.864, loss: 372.2, +, 53.9% elo% vs. v3, avg. reward: 1.312, 2.107 sec/game, 5.0 min. total, 528.2 MB
unlaced_neglector v4 184 games, 137706 moves, e=0.864, loss: 363.6, +, 56.0% elo% vs. v3, avg. reward: 1.329, 2.081 sec/game, 5.1 min. total, 531.0 MB
unlaced_neglector v4 185 games, 138546 moves, e=0.863, loss: 372.7, +, 58.0% elo% vs. v3, avg. reward: 1.344, 2.097 sec/game, 5.1 min. total, 530.2 MB
unlaced_neglector v4 186 games, 139338 moves, e=0.862, loss: 352.2, +, 59.9% elo% vs. v3, avg. reward: 1.320, 2.095 sec/game, 5.1 min. total, 530.6 MB
unlaced_neglector v4 187 games, 140049 moves, e=0.861, loss: 335.7, -, 57.2% elo% vs. v3, avg. reward: 1.332, 2.075 sec/game, 5.2 min. total, 530.6 MB
unlaced_neglector v4 188 games, 140881 moves, e=0.861, loss: 322.3, +, 59.1% elo% vs. v3, avg. reward: 1.330, 2.059 sec/game, 5.2 min. total, 530.3 MB
unlaced_neglector v4 189 games, 141806 moves, e=0.860, loss: 321.1, +, 60.9% elo% vs. v3, avg. reward: 1.335, 2.046 sec/game, 5.2 min. total, 530.6 MB
unlaced_neglector v4 190 games, 142605 moves, e=0.859, loss: 328.9, +, 62.6% elo% vs. v3, avg. reward: 1.330, 2.047 sec/game, 5.3 min. total, 530.7 MB
unlaced_neglector v4 191 games, 143498 moves, e=0.858, loss: 313.3, +, 64.2% elo% vs. v3, avg. reward: 1.364, 2.051 sec/game, 5.3 min. total, 530.4 MB
unlaced_neglector v4 192 games, 144252 moves, e=0.857, loss: 315.5, +, 65.7% elo% vs. v3, avg. reward: 1.286, 2.029 sec/game, 5.3 min. total, 530.4 MB
unlaced_neglector v4 193 games, 145007 moves, e=0.856, loss: 326.4, -, 62.9% elo% vs. v3, avg. reward: 1.325, 2.033 sec/game, 5.4 min. total, 532.0 MB
unlaced_neglector v4 194 games, 145974 moves, e=0.855, loss: 313.1, -, 60.2% elo% vs. v3, avg. reward: 1.335, 2.059 sec/game, 5.4 min. total, 533.5 MB
unlaced_neglector v4 195 games, 146799 moves, e=0.855, loss: 321.2, -, 57.5% elo% vs. v3, avg. reward: 1.323, 2.064 sec/game, 5.4 min. total, 533.2 MB
unlaced_neglector v4 196 games, 147718 moves, e=0.854, loss: 328.1, -, 54.9% elo% vs. v3, avg. reward: 1.294, 2.076 sec/game, 5.5 min. total, 533.8 MB
unlaced_neglector v4 197 games, 148495 moves, e=0.853, loss: 317.9, +, 56.9% elo% vs. v3, avg. reward: 1.297, 2.079 sec/game, 5.5 min. total, 533.4 MB
unlaced_neglector v4 198 games, 149262 moves, e=0.852, loss: 303.4, -, 54.4% elo% vs. v3, avg. reward: 1.307, 2.079 sec/game, 5.6 min. total, 533.7 MB
unlaced_neglector v4 199 games, 150050 moves, e=0.851, loss: 309.8, +, 56.4% elo% vs. v3, avg. reward: 1.267, 2.070 sec/game, 5.6 min. total, 533.4 MB
unlaced_neglector v4 200 games, 150735 moves, e=0.851, loss: 297.1, +, 58.4% elo% vs. v3, avg. reward: 1.277, 2.036 sec/game, 5.6 min. total, 533.9 MB
unlaced_neglector v5 201 games, 151615 moves, e=0.850, loss: 292.2, +, 52.3% elo% vs. v3, avg. reward: 1.261, 2.055 sec/game, 5.6 min. total, 533.9 MB
unlaced_neglector v5 202 games, 152465 moves, e=0.849, loss: 297.9, +, 54.5% elo% vs. v3, avg. reward: 1.218, 2.034 sec/game, 5.7 min. total, 534.0 MB
unlaced_neglector v5 203 games, 153351 moves, e=0.848, loss: 290.0, -, 52.0% elo% vs. v3, avg. reward: 1.233, 2.036 sec/game, 5.7 min. total, 534.1 MB
unlaced_neglector v5 204 games, 154079 moves, e=0.847, loss: 288.1, +, 54.2% elo% vs. v3, avg. reward: 1.234, 2.046 sec/game, 5.7 min. total, 535.9 MB
unlaced_neglector v5 205 games, 154972 moves, e=0.847, loss: 280.8, +, 56.3% elo% vs. v3, avg. reward: 1.266, 2.041 sec/game, 5.8 min. total, 537.2 MB
unlaced_neglector v5 206 games, 155902 moves, e=0.846, loss: 276.6, +, 58.2% elo% vs. v3, avg. reward: 1.333, 2.069 sec/game, 5.8 min. total, 537.1 MB
unlaced_neglector v5 207 games, 156675 moves, e=0.845, loss: 263.5, +, 60.1% elo% vs. v3, avg. reward: 1.329, 2.088 sec/game, 5.9 min. total, 536.9 MB
unlaced_neglector v5 208 games, 157507 moves, e=0.844, loss: 265.9, +, 61.9% elo% vs. v3, avg. reward: 1.338, 2.097 sec/game, 5.9 min. total, 537.1 MB
unlaced_neglector v5 209 games, 158282 moves, e=0.843, loss: 264.8, +, 63.5% elo% vs. v3, avg. reward: 1.380, 2.088 sec/game, 5.9 min. total, 537.5 MB
unlaced_neglector v5 210 games, 159098 moves, e=0.842, loss: 256.9, +, 65.0% elo% vs. v3, avg. reward: 1.361, 2.089 sec/game, 6.0 min. total, 537.5 MB
unlaced_neglector v5 211 games, 159942 moves, e=0.842, loss: 247.8, +, 66.5% elo% vs. v3, avg. reward: 1.348, 2.097 sec/game, 6.0 min. total, 538.1 MB
unlaced_neglector v5 212 games, 160770 moves, e=0.841, loss: 252.2, +, 67.9% elo% vs. v3, avg. reward: 1.389, 2.126 sec/game, 6.0 min. total, 538.2 MB
unlaced_neglector v5 213 games, 161716 moves, e=0.840, loss: 266.8, +, 69.1% elo% vs. v3, avg. reward: 1.446, 2.149 sec/game, 6.1 min. total, 539.9 MB
unlaced_neglector v5 214 games, 162533 moves, e=0.839, loss: 275.4, +, 70.3% elo% vs. v3, avg. reward: 1.462, 2.129 sec/game, 6.1 min. total, 540.6 MB
unlaced_neglector v6 215 games, 163321 moves, e=0.838, loss: 271.2, -, 45.5% elo% vs. v5, avg. reward: 1.411, 2.108 sec/game, 6.1 min. total, 548.4 MB
unlaced_neglector v6 216 games, 164041 moves, e=0.838, loss: 291.0, -, 43.4% elo% vs. v5, avg. reward: 1.372, 2.085 sec/game, 6.2 min. total, 548.0 MB
unlaced_neglector v6 217 games, 164873 moves, e=0.837, loss: 294.8, -, 41.5% elo% vs. v5, avg. reward: 1.327, 2.092 sec/game, 6.2 min. total, 548.0 MB
unlaced_neglector v6 218 games, 165724 moves, e=0.836, loss: 303.6, ., 41.9% elo% vs. v5, avg. reward: 1.347, 2.100 sec/game, 6.3 min. total, 548.4 MB
unlaced_neglector v6 219 games, 166496 moves, e=0.835, loss: 299.1, +, 44.5% elo% vs. v5, avg. reward: 1.347, 2.103 sec/game, 6.3 min. total, 548.3 MB
unlaced_neglector v6 220 games, 167243 moves, e=0.834, loss: 297.1, +, 47.0% elo% vs. v5, avg. reward: 1.352, 2.125 sec/game, 6.3 min. total, 548.0 MB
unlaced_neglector v6 221 games, 168129 moves, e=0.834, loss: 296.8, +, 49.5% elo% vs. v5, avg. reward: 1.392, 2.124 sec/game, 6.4 min. total, 549.1 MB
unlaced_neglector v6 222 games, 168893 moves, e=0.833, loss: 290.9, +, 51.8% elo% vs. v5, avg. reward: 1.430, 2.117 sec/game, 6.4 min. total, 551.6 MB
unlaced_neglector v6 223 games, 169651 moves, e=0.832, loss: 298.0, +, 54.0% elo% vs. v5, avg. reward: 1.438, 2.110 sec/game, 6.4 min. total, 544.8 MB
unlaced_neglector v6 224 games, 170517 moves, e=0.831, loss: 286.9, -, 51.5% elo% vs. v5, avg. reward: 1.410, 2.147 sec/game, 6.5 min. total, 545.4 MB
unlaced_neglector v6 225 games, 171252 moves, e=0.830, loss: 285.7, -, 49.2% elo% vs. v5, avg. reward: 1.403, 2.126 sec/game, 6.5 min. total, 545.1 MB
unlaced_neglector v6 226 games, 172183 moves, e=0.830, loss: 286.7, -, 46.9% elo% vs. v5, avg. reward: 1.450, 2.132 sec/game, 6.5 min. total, 545.4 MB
unlaced_neglector v6 227 games, 173003 moves, e=0.829, loss: 286.6, -, 44.8% elo% vs. v5, avg. reward: 1.485, 2.121 sec/game, 6.6 min. total, 545.2 MB
unlaced_neglector v6 228 games, 173763 moves, e=0.828, loss: 275.4, ., 45.0% elo% vs. v5, avg. reward: 1.491, 2.113 sec/game, 6.6 min. total, 545.5 MB
unlaced_neglector v6 229 games, 174565 moves, e=0.827, loss: 260.1, +, 47.5% elo% vs. v5, avg. reward: 1.513, 2.106 sec/game, 6.6 min. total, 545.9 MB
unlaced_neglector v6 230 games, 175443 moves, e=0.826, loss: 258.2, +, 49.9% elo% vs. v5, avg. reward: 1.535, 2.100 sec/game, 6.7 min. total, 546.7 MB
unlaced_neglector v6 231 games, 176485 moves, e=0.825, loss: 251.9, +, 52.2% elo% vs. v5, avg. reward: 1.534, 2.108 sec/game, 6.7 min. total, 547.1 MB
unlaced_neglector v6 232 games, 177172 moves, e=0.825, loss: 256.9, +, 54.4% elo% vs. v5, avg. reward: 1.501, 2.089 sec/game, 6.7 min. total, 549.1 MB
unlaced_neglector v6 233 games, 178072 moves, e=0.824, loss: 259.3, +, 56.5% elo% vs. v5, avg. reward: 1.517, 2.093 sec/game, 6.8 min. total, 548.8 MB
unlaced_neglector v6 234 games, 178960 moves, e=0.823, loss: 266.0, +, 58.5% elo% vs. v5, avg. reward: 1.422, 2.101 sec/game, 6.8 min. total, 548.8 MB
unlaced_neglector v6 235 games, 179714 moves, e=0.822, loss: 264.0, +, 60.3% elo% vs. v5, avg. reward: 1.407, 2.092 sec/game, 6.8 min. total, 548.7 MB
unlaced_neglector v6 236 games, 180445 moves, e=0.821, loss: 262.7, -, 57.6% elo% vs. v5, avg. reward: 1.358, 2.075 sec/game, 6.9 min. total, 548.5 MB
unlaced_neglector v6 237 games, 181248 moves, e=0.821, loss: 256.7, +, 59.5% elo% vs. v5, avg. reward: 1.310, 2.066 sec/game, 6.9 min. total, 548.3 MB
unlaced_neglector v6 238 games, 182178 moves, e=0.820, loss: 259.0, +, 61.3% elo% vs. v5, avg. reward: 1.325, 2.073 sec/game, 6.9 min. total, 548.7 MB
unlaced_neglector v6 239 games, 182916 moves, e=0.819, loss: 248.2, +, 63.0% elo% vs. v5, avg. reward: 1.336, 2.074 sec/game, 7.0 min. total, 549.1 MB
unlaced_neglector v6 240 games, 183892 moves, e=0.818, loss: 253.1, +, 64.5% elo% vs. v5, avg. reward: 1.346, 2.088 sec/game, 7.0 min. total, 549.1 MB
unlaced_neglector v6 241 games, 184697 moves, e=0.817, loss: 257.1, +, 66.0% elo% vs. v5, avg. reward: 1.347, 2.072 sec/game, 7.0 min. total, 550.6 MB
unlaced_neglector v6 242 games, 185469 moves, e=0.816, loss: 242.2, +, 67.4% elo% vs. v5, avg. reward: 1.347, 2.064 sec/game, 7.1 min. total, 550.8 MB
unlaced_neglector v6 243 games, 186419 moves, e=0.815, loss: 240.4, +, 68.7% elo% vs. v5, avg. reward: 1.402, 2.075 sec/game, 7.1 min. total, 551.3 MB
unlaced_neglector v6 244 games, 187277 moves, e=0.815, loss: 241.2, +, 69.9% elo% vs. v5, avg. reward: 1.438, 2.065 sec/game, 7.1 min. total, 551.6 MB
unlaced_neglector v6 245 games, 188161 moves, e=0.814, loss: 245.8, +, 71.1% elo% vs. v5, avg. reward: 1.480, 2.088 sec/game, 7.2 min. total, 551.7 MB
unlaced_neglector v7 246 games, 189040 moves, e=0.813, loss: 259.1, +, 54.5% elo% vs. v6, avg. reward: 1.493, 2.049 sec/game, 7.2 min. total, 559.3 MB
unlaced_neglector v7 247 games, 189818 moves, e=0.812, loss: 252.3, +, 56.6% elo% vs. v6, avg. reward: 1.509, 2.052 sec/game, 7.2 min. total, 560.1 MB
unlaced_neglector v7 248 games, 190690 moves, e=0.811, loss: 258.9, +, 58.5% elo% vs. v6, avg. reward: 1.525, 2.066 sec/game, 7.3 min. total, 561.3 MB
unlaced_neglector v7 249 games, 191474 moves, e=0.810, loss: 269.0, +, 60.4% elo% vs. v6, avg. reward: 1.518, 2.065 sec/game, 7.3 min. total, 563.6 MB
unlaced_neglector v7 250 games, 192344 moves, e=0.810, loss: 253.2, -, 57.7% elo% vs. v6, avg. reward: 1.512, 2.074 sec/game, 7.4 min. total, 555.6 MB
unlaced_neglector v7 251 games, 193274 moves, e=0.809, loss: 254.0, +, 59.6% elo% vs. v6, avg. reward: 1.453, 2.061 sec/game, 7.4 min. total, 556.3 MB
unlaced_neglector v7 252 games, 194204 moves, e=0.808, loss: 261.3, +, 61.3% elo% vs. v6, avg. reward: 1.444, 2.073 sec/game, 7.4 min. total, 558.1 MB
unlaced_neglector v7 253 games, 195068 moves, e=0.807, loss: 268.3, +, 63.0% elo% vs. v6, avg. reward: 1.459, 2.089 sec/game, 7.5 min. total, 556.6 MB
unlaced_neglector v7 254 games, 195992 moves, e=0.806, loss: 266.9, +, 64.6% elo% vs. v6, avg. reward: 1.446, 2.122 sec/game, 7.5 min. total, 556.5 MB
unlaced_neglector v7 255 games, 196927 moves, e=0.805, loss: 256.9, ., 64.0% elo% vs. v6, avg. reward: 1.512, 2.163 sec/game, 7.6 min. total, 558.9 MB
unlaced_neglector v7 256 games, 197808 moves, e=0.804, loss: 266.4, +, 65.5% elo% vs. v6, avg. reward: 1.531, 2.202 sec/game, 7.6 min. total, 556.8 MB
unlaced_neglector v7 257 games, 198573 moves, e=0.803, loss: 262.7, +, 66.9% elo% vs. v6, avg. reward: 1.546, 2.195 sec/game, 7.6 min. total, 556.9 MB
unlaced_neglector v7 258 games, 199390 moves, e=0.803, loss: 245.2, -, 64.1% elo% vs. v6, avg. reward: 1.597, 2.182 sec/game, 7.7 min. total, 557.7 MB
unlaced_neglector v7 259 games, 200182 moves, e=0.802, loss: 255.3, -, 61.4% elo% vs. v6, avg. reward: 1.539, 2.186 sec/game, 7.7 min. total, 559.4 MB
unlaced_neglector v7 260 games, 201037 moves, e=0.801, loss: 260.2, ., 60.9% elo% vs. v6, avg. reward: 1.500, 2.189 sec/game, 7.7 min. total, 558.9 MB
unlaced_neglector v7 261 games, 201991 moves, e=0.800, loss: 263.1, +, 62.6% elo% vs. v6, avg. reward: 1.645, 2.222 sec/game, 7.8 min. total, 559.4 MB
unlaced_neglector v7 262 games, 202787 moves, e=0.799, loss: 259.9, +, 64.2% elo% vs. v6, avg. reward: 1.695, 2.230 sec/game, 7.8 min. total, 559.3 MB
unlaced_neglector v7 263 games, 203654 moves, e=0.798, loss: 255.5, -, 61.4% elo% vs. v6, avg. reward: 1.724, 2.229 sec/game, 7.9 min. total, 559.6 MB
unlaced_neglector v7 264 games, 204386 moves, e=0.798, loss: 267.7, -, 58.7% elo% vs. v6, avg. reward: 1.724, 2.234 sec/game, 7.9 min. total, 559.5 MB
