pushchair_marxism v0 0 games, 0 moves, e=1.000, loss: nan,  , 50.0% elo% vs. , avg. reward: nan, nan sec/game, 0.0 min. total, 310.4 MB
pushchair_marxism v1 1 games, 785 moves, e=0.999, loss: nan, +, 52.3% elo% vs. random_bot, avg. reward: 42.180, 0.231 sec/game, 0.0 min. total, 319.2 MB
pushchair_marxism v1 2 games, 1475 moves, e=0.999, loss: nan, +, 54.5% elo% vs. random_bot, avg. reward: 30.235, 0.203 sec/game, 0.0 min. total, 322.1 MB
pushchair_marxism v1 3 games, 2060 moves, e=0.998, loss: nan, +, 56.6% elo% vs. random_bot, avg. reward: 27.388, 0.189 sec/game, 0.0 min. total, 325.1 MB
pushchair_marxism v1 4 games, 2658 moves, e=0.997, loss: nan, +, 58.5% elo% vs. random_bot, avg. reward: 25.837, 0.182 sec/game, 0.0 min. total, 328.3 MB
pushchair_marxism v1 5 games, 3296 moves, e=0.997, loss: nan, +, 60.4% elo% vs. random_bot, avg. reward: 30.987, 0.180 sec/game, 0.0 min. total, 331.6 MB
pushchair_marxism v1 6 games, 3976 moves, e=0.996, loss: nan, +, 62.1% elo% vs. random_bot, avg. reward: 31.450, 0.183 sec/game, 0.0 min. total, 334.7 MB
pushchair_marxism v1 7 games, 4584 moves, e=0.995, loss: nan, +, 63.7% elo% vs. random_bot, avg. reward: 32.349, 0.181 sec/game, 0.0 min. total, 336.9 MB
pushchair_marxism v1 8 games, 5319 moves, e=0.995, loss: nan, +, 65.2% elo% vs. random_bot, avg. reward: 30.510, 0.183 sec/game, 0.0 min. total, 340.8 MB
pushchair_marxism v1 9 games, 5939 moves, e=0.994, loss: nan, +, 66.7% elo% vs. random_bot, avg. reward: 34.840, 0.182 sec/game, 0.0 min. total, 344.5 MB
pushchair_marxism v1 10 games, 6742 moves, e=0.993, loss: nan, +, 68.0% elo% vs. random_bot, avg. reward: 30.509, 0.186 sec/game, 0.0 min. total, 347.7 MB
pushchair_marxism v1 11 games, 7425 moves, e=0.993, loss: nan, +, 69.3% elo% vs. random_bot, avg. reward: 32.133, 0.185 sec/game, 0.0 min. total, 350.2 MB
pushchair_marxism v1 12 games, 8159 moves, e=0.992, loss: nan, +, 70.5% elo% vs. random_bot, avg. reward: 30.927, 0.188 sec/game, 0.0 min. total, 354.1 MB
pushchair_marxism v2 13 games, 8855 moves, e=0.991, loss: nan, +, 54.5% elo% vs. guard_bot, avg. reward: 29.971, 0.186 sec/game, 0.0 min. total, 421.5 MB
pushchair_marxism v2 14 games, 9661 moves, e=0.990, loss: nan, +, 56.6% elo% vs. guard_bot, avg. reward: 27.201, 0.186 sec/game, 0.0 min. total, 425.9 MB
pushchair_marxism v2 15 games, 10496 moves, e=0.990, loss: 40454.2, +, 58.5% elo% vs. guard_bot, avg. reward: 27.228, 0.288 sec/game, 0.1 min. total, 454.0 MB
pushchair_marxism v2 16 games, 11135 moves, e=0.989, loss: 39820.0, +, 60.4% elo% vs. guard_bot, avg. reward: 24.823, 0.341 sec/game, 0.1 min. total, 456.7 MB
pushchair_marxism v2 17 games, 11888 moves, e=0.988, loss: 33420.9, +, 62.1% elo% vs. guard_bot, avg. reward: 25.169, 0.420 sec/game, 0.1 min. total, 456.6 MB
pushchair_marxism v2 18 games, 12510 moves, e=0.988, loss: 36862.1, +, 63.7% elo% vs. guard_bot, avg. reward: 25.818, 0.475 sec/game, 0.1 min. total, 457.2 MB
pushchair_marxism v2 19 games, 13202 moves, e=0.987, loss: 40596.0, +, 65.2% elo% vs. guard_bot, avg. reward: 26.209, 0.537 sec/game, 0.2 min. total, 457.3 MB
pushchair_marxism v2 20 games, 13874 moves, e=0.986, loss: 40140.0, +, 66.7% elo% vs. guard_bot, avg. reward: 25.843, 0.582 sec/game, 0.2 min. total, 457.5 MB
pushchair_marxism v2 21 games, 14620 moves, e=0.986, loss: 38224.4, +, 68.0% elo% vs. guard_bot, avg. reward: 24.164, 0.654 sec/game, 0.2 min. total, 458.4 MB
pushchair_marxism v2 22 games, 15419 moves, e=0.985, loss: 36854.9, +, 69.3% elo% vs. guard_bot, avg. reward: 24.945, 0.730 sec/game, 0.3 min. total, 458.6 MB
pushchair_marxism v2 23 games, 16070 moves, e=0.984, loss: 37313.0, +, 70.5% elo% vs. guard_bot, avg. reward: 23.375, 0.794 sec/game, 0.3 min. total, 459.1 MB
pushchair_marxism v3 24 games, 16709 moves, e=0.983, loss: 29314.2, -, 49.9% elo% vs. random_no_suicide, avg. reward: 22.577, 0.857 sec/game, 0.3 min. total, 460.9 MB
pushchair_marxism v3 25 games, 17393 moves, e=0.983, loss: 29813.9, -, 47.6% elo% vs. random_no_suicide, avg. reward: 21.249, 0.923 sec/game, 0.3 min. total, 463.2 MB
pushchair_marxism v3 26 games, 18171 moves, e=0.982, loss: 22932.5, -, 45.4% elo% vs. random_no_suicide, avg. reward: 22.067, 0.999 sec/game, 0.4 min. total, 465.4 MB
pushchair_marxism v3 27 games, 18811 moves, e=0.981, loss: 20415.5, -, 43.4% elo% vs. random_no_suicide, avg. reward: 20.831, 1.063 sec/game, 0.4 min. total, 467.5 MB
pushchair_marxism v3 28 games, 19439 moves, e=0.981, loss: 21774.1, -, 41.4% elo% vs. random_no_suicide, avg. reward: 21.966, 1.125 sec/game, 0.4 min. total, 468.9 MB
pushchair_marxism v3 29 games, 20224 moves, e=0.980, loss: 23757.3, -, 39.6% elo% vs. random_no_suicide, avg. reward: 22.662, 1.214 sec/game, 0.4 min. total, 468.6 MB
pushchair_marxism v3 30 games, 20866 moves, e=0.979, loss: 30172.4, -, 37.8% elo% vs. random_no_suicide, avg. reward: 23.090, 1.278 sec/game, 0.5 min. total, 468.9 MB
pushchair_marxism v3 31 games, 21581 moves, e=0.979, loss: 31894.9, -, 36.2% elo% vs. random_no_suicide, avg. reward: 23.374, 1.341 sec/game, 0.5 min. total, 473.2 MB
pushchair_marxism v3 32 games, 22376 moves, e=0.978, loss: 29717.3, -, 34.7% elo% vs. random_no_suicide, avg. reward: 23.551, 1.415 sec/game, 0.5 min. total, 469.2 MB
pushchair_marxism v3 33 games, 23108 moves, e=0.977, loss: 33395.2, -, 33.3% elo% vs. random_no_suicide, avg. reward: 25.042, 1.496 sec/game, 0.5 min. total, 469.1 MB
pushchair_marxism v3 34 games, 23791 moves, e=0.976, loss: 35481.0, -, 31.9% elo% vs. random_no_suicide, avg. reward: 24.008, 1.560 sec/game, 0.6 min. total, 469.7 MB
pushchair_marxism v3 35 games, 24568 moves, e=0.976, loss: 37517.6, -, 30.6% elo% vs. random_no_suicide, avg. reward: 23.067, 1.561 sec/game, 0.6 min. total, 469.9 MB
pushchair_marxism v3 36 games, 25361 moves, e=0.975, loss: 27660.2, -, 29.5% elo% vs. random_no_suicide, avg. reward: 23.230, 1.602 sec/game, 0.6 min. total, 470.8 MB
pushchair_marxism v3 37 games, 26100 moves, e=0.974, loss: 31465.0, -, 28.3% elo% vs. random_no_suicide, avg. reward: 23.442, 1.592 sec/game, 0.6 min. total, 471.6 MB
pushchair_marxism v3 38 games, 26835 moves, e=0.973, loss: 30496.9, -, 27.3% elo% vs. random_no_suicide, avg. reward: 23.284, 1.617 sec/game, 0.7 min. total, 473.7 MB
pushchair_marxism v3 39 games, 27435 moves, e=0.973, loss: 32608.4, -, 26.3% elo% vs. random_no_suicide, avg. reward: 23.665, 1.608 sec/game, 0.7 min. total, 473.8 MB
pushchair_marxism v3 40 games, 28178 moves, e=0.972, loss: 36221.5, -, 25.4% elo% vs. random_no_suicide, avg. reward: 23.849, 1.621 sec/game, 0.7 min. total, 473.7 MB
pushchair_marxism v3 41 games, 28906 moves, e=0.971, loss: 35094.6, -, 24.5% elo% vs. random_no_suicide, avg. reward: 23.034, 1.612 sec/game, 0.8 min. total, 473.9 MB
pushchair_marxism v3 42 games, 29589 moves, e=0.971, loss: 38114.6, -, 23.7% elo% vs. random_no_suicide, avg. reward: 23.283, 1.613 sec/game, 0.8 min. total, 474.3 MB
pushchair_marxism v3 43 games, 30299 moves, e=0.970, loss: 41215.8, -, 22.9% elo% vs. random_no_suicide, avg. reward: 23.495, 1.616 sec/game, 0.8 min. total, 474.1 MB
pushchair_marxism v3 44 games, 31091 moves, e=0.969, loss: 37856.3, -, 22.2% elo% vs. random_no_suicide, avg. reward: 22.757, 1.641 sec/game, 0.8 min. total, 474.4 MB
pushchair_marxism v3 45 games, 31937 moves, e=0.968, loss: 38073.3, -, 21.5% elo% vs. random_no_suicide, avg. reward: 23.123, 1.665 sec/game, 0.9 min. total, 474.6 MB
pushchair_marxism v3 46 games, 32631 moves, e=0.968, loss: 39869.6, -, 20.8% elo% vs. random_no_suicide, avg. reward: 23.025, 1.654 sec/game, 0.9 min. total, 475.1 MB
pushchair_marxism v3 47 games, 33487 moves, e=0.967, loss: 36987.4, -, 20.2% elo% vs. random_no_suicide, avg. reward: 23.608, 1.682 sec/game, 0.9 min. total, 475.1 MB
pushchair_marxism v3 48 games, 34234 moves, e=0.966, loss: 35977.5, -, 19.6% elo% vs. random_no_suicide, avg. reward: 24.040, 1.698 sec/game, 1.0 min. total, 476.0 MB
pushchair_marxism v3 49 games, 34936 moves, e=0.965, loss: 36654.8, -, 19.0% elo% vs. random_no_suicide, avg. reward: 24.217, 1.673 sec/game, 1.0 min. total, 476.7 MB
pushchair_marxism v3 50 games, 35646 moves, e=0.965, loss: 40220.7, -, 18.5% elo% vs. random_no_suicide, avg. reward: 24.956, 1.683 sec/game, 1.0 min. total, 476.9 MB
pushchair_marxism v3 51 games, 36426 moves, e=0.964, loss: 42049.4, -, 18.0% elo% vs. random_no_suicide, avg. reward: 25.299, 1.699 sec/game, 1.0 min. total, 477.1 MB
pushchair_marxism v3 52 games, 37123 moves, e=0.963, loss: 41866.1, -, 17.5% elo% vs. random_no_suicide, avg. reward: 25.724, 1.699 sec/game, 1.1 min. total, 477.1 MB
pushchair_marxism v3 53 games, 37760 moves, e=0.963, loss: 44240.1, -, 17.0% elo% vs. random_no_suicide, avg. reward: 26.818, 1.684 sec/game, 1.1 min. total, 477.1 MB
pushchair_marxism v3 54 games, 38547 moves, e=0.962, loss: 44412.4, -, 16.6% elo% vs. random_no_suicide, avg. reward: 26.158, 1.698 sec/game, 1.1 min. total, 477.0 MB
pushchair_marxism v3 55 games, 39142 moves, e=0.961, loss: 41144.1, -, 16.2% elo% vs. random_no_suicide, avg. reward: 25.467, 1.670 sec/game, 1.1 min. total, 477.0 MB
pushchair_marxism v3 56 games, 39805 moves, e=0.961, loss: 46316.6, -, 15.8% elo% vs. random_no_suicide, avg. reward: 24.819, 1.646 sec/game, 1.2 min. total, 477.1 MB
pushchair_marxism v3 57 games, 40579 moves, e=0.960, loss: 45917.2, -, 15.4% elo% vs. random_no_suicide, avg. reward: 24.906, 1.679 sec/game, 1.2 min. total, 477.3 MB
pushchair_marxism v3 58 games, 41317 moves, e=0.959, loss: 48271.5, -, 15.0% elo% vs. random_no_suicide, avg. reward: 25.485, 1.664 sec/game, 1.2 min. total, 477.4 MB
pushchair_marxism v3 59 games, 41995 moves, e=0.958, loss: 52129.4, -, 14.7% elo% vs. random_no_suicide, avg. reward: 24.875, 1.676 sec/game, 1.3 min. total, 478.4 MB
pushchair_marxism v3 60 games, 42602 moves, e=0.958, loss: 47020.2, -, 14.3% elo% vs. random_no_suicide, avg. reward: 24.265, 1.658 sec/game, 1.3 min. total, 478.0 MB
pushchair_marxism v3 61 games, 43357 moves, e=0.957, loss: 42683.4, -, 14.0% elo% vs. random_no_suicide, avg. reward: 23.710, 1.672 sec/game, 1.3 min. total, 477.9 MB
pushchair_marxism v3 62 games, 44158 moves, e=0.956, loss: 34801.6, -, 13.7% elo% vs. random_no_suicide, avg. reward: 23.791, 1.676 sec/game, 1.3 min. total, 478.1 MB
pushchair_marxism v3 63 games, 44830 moves, e=0.956, loss: 39509.1, -, 13.4% elo% vs. random_no_suicide, avg. reward: 23.953, 1.686 sec/game, 1.4 min. total, 478.3 MB
pushchair_marxism v3 64 games, 45567 moves, e=0.955, loss: 40203.5, -, 13.1% elo% vs. random_no_suicide, avg. reward: 23.427, 1.668 sec/game, 1.4 min. total, 478.5 MB
pushchair_marxism v3 65 games, 46254 moves, e=0.954, loss: 36846.9, -, 12.9% elo% vs. random_no_suicide, avg. reward: 22.908, 1.656 sec/game, 1.4 min. total, 478.5 MB
pushchair_marxism v3 66 games, 46853 moves, e=0.954, loss: 37084.2, -, 12.6% elo% vs. random_no_suicide, avg. reward: 22.629, 1.654 sec/game, 1.5 min. total, 478.6 MB
pushchair_marxism v3 67 games, 47548 moves, e=0.953, loss: 36033.4, -, 12.3% elo% vs. random_no_suicide, avg. reward: 22.783, 1.632 sec/game, 1.5 min. total, 478.6 MB
pushchair_marxism v3 68 games, 48227 moves, e=0.952, loss: 27864.3, -, 12.1% elo% vs. random_no_suicide, avg. reward: 22.727, 1.623 sec/game, 1.5 min. total, 479.1 MB
pushchair_marxism v3 69 games, 48987 moves, e=0.952, loss: 24010.4, -, 11.9% elo% vs. random_no_suicide, avg. reward: 22.642, 1.640 sec/game, 1.5 min. total, 479.9 MB
pushchair_marxism v3 70 games, 49613 moves, e=0.951, loss: 26728.0, -, 11.6% elo% vs. random_no_suicide, avg. reward: 22.156, 1.634 sec/game, 1.6 min. total, 479.2 MB
pushchair_marxism v3 71 games, 50267 moves, e=0.950, loss: 25802.2, -, 11.4% elo% vs. random_no_suicide, avg. reward: 21.688, 1.621 sec/game, 1.6 min. total, 479.3 MB
pushchair_marxism v3 72 games, 51058 moves, e=0.949, loss: 22455.1, -, 11.2% elo% vs. random_no_suicide, avg. reward: 21.793, 1.625 sec/game, 1.6 min. total, 479.4 MB
pushchair_marxism v3 73 games, 51793 moves, e=0.949, loss: 23516.1, -, 11.0% elo% vs. random_no_suicide, avg. reward: 21.366, 1.642 sec/game, 1.6 min. total, 483.8 MB
pushchair_marxism v3 74 games, 52471 moves, e=0.948, loss: 24145.5, -, 10.8% elo% vs. random_no_suicide, avg. reward: 21.535, 1.632 sec/game, 1.7 min. total, 479.6 MB
pushchair_marxism v3 75 games, 53203 moves, e=0.947, loss: 23686.4, -, 10.6% elo% vs. random_no_suicide, avg. reward: 21.120, 1.664 sec/game, 1.7 min. total, 479.6 MB
pushchair_marxism v3 76 games, 53977 moves, e=0.947, loss: 24553.0, -, 10.4% elo% vs. random_no_suicide, avg. reward: 20.718, 1.681 sec/game, 1.7 min. total, 480.4 MB
pushchair_marxism v3 77 games, 54886 moves, e=0.946, loss: 24464.3, -, 10.3% elo% vs. random_no_suicide, avg. reward: 20.350, 1.678 sec/game, 1.8 min. total, 480.7 MB
pushchair_marxism v3 78 games, 55718 moves, e=0.945, loss: 18072.1, -, 10.1% elo% vs. random_no_suicide, avg. reward: 20.754, 1.699 sec/game, 1.8 min. total, 481.1 MB
pushchair_marxism v3 79 games, 56527 moves, e=0.944, loss: 19635.1, -, 9.9% elo% vs. random_no_suicide, avg. reward: 21.008, 1.712 sec/game, 1.8 min. total, 482.2 MB
pushchair_marxism v3 80 games, 57290 moves, e=0.943, loss: 27945.0, -, 9.8% elo% vs. random_no_suicide, avg. reward: 21.122, 1.739 sec/game, 1.9 min. total, 483.9 MB
pushchair_marxism v3 81 games, 57977 moves, e=0.943, loss: 29936.2, -, 9.6% elo% vs. random_no_suicide, avg. reward: 21.275, 1.727 sec/game, 1.9 min. total, 483.5 MB
pushchair_marxism v3 82 games, 58725 moves, e=0.942, loss: 29956.8, -, 9.4% elo% vs. random_no_suicide, avg. reward: 21.720, 1.731 sec/game, 1.9 min. total, 484.0 MB
pushchair_marxism v3 83 games, 59398 moves, e=0.941, loss: 31945.4, -, 9.3% elo% vs. random_no_suicide, avg. reward: 21.868, 1.733 sec/game, 2.0 min. total, 483.9 MB
pushchair_marxism v3 84 games, 60143 moves, e=0.940, loss: 32514.1, -, 9.2% elo% vs. random_no_suicide, avg. reward: 21.811, 1.734 sec/game, 2.0 min. total, 484.3 MB
pushchair_marxism v3 85 games, 60899 moves, e=0.940, loss: 45184.1, -, 9.0% elo% vs. random_no_suicide, avg. reward: 21.910, 1.738 sec/game, 2.0 min. total, 483.9 MB
pushchair_marxism v3 86 games, 61700 moves, e=0.939, loss: 43651.5, -, 8.9% elo% vs. random_no_suicide, avg. reward: 21.551, 1.767 sec/game, 2.0 min. total, 483.9 MB
pushchair_marxism v3 87 games, 62515 moves, e=0.938, loss: 39475.1, -, 8.7% elo% vs. random_no_suicide, avg. reward: 21.630, 1.784 sec/game, 2.1 min. total, 484.2 MB
pushchair_marxism v3 88 games, 63249 moves, e=0.937, loss: 45292.7, -, 8.6% elo% vs. random_no_suicide, avg. reward: 21.581, 1.792 sec/game, 2.1 min. total, 484.0 MB
pushchair_marxism v3 89 games, 63907 moves, e=0.937, loss: 40735.5, -, 8.5% elo% vs. random_no_suicide, avg. reward: 21.217, 1.781 sec/game, 2.1 min. total, 484.1 MB
pushchair_marxism v3 90 games, 64537 moves, e=0.936, loss: 37716.1, -, 8.4% elo% vs. random_no_suicide, avg. reward: 21.384, 1.777 sec/game, 2.2 min. total, 485.9 MB
pushchair_marxism v3 91 games, 65316 moves, e=0.935, loss: 44064.0, -, 8.3% elo% vs. random_no_suicide, avg. reward: 21.047, 1.800 sec/game, 2.2 min. total, 486.5 MB
pushchair_marxism v3 92 games, 66052 moves, e=0.935, loss: 38837.1, -, 8.1% elo% vs. random_no_suicide, avg. reward: 20.713, 1.801 sec/game, 2.2 min. total, 486.4 MB
pushchair_marxism v3 93 games, 66729 moves, e=0.934, loss: 37419.9, -, 8.0% elo% vs. random_no_suicide, avg. reward: 20.377, 1.790 sec/game, 2.2 min. total, 486.4 MB
pushchair_marxism v3 94 games, 67410 moves, e=0.933, loss: 33682.7, -, 7.9% elo% vs. random_no_suicide, avg. reward: 20.517, 1.793 sec/game, 2.3 min. total, 486.5 MB
pushchair_marxism v3 95 games, 68132 moves, e=0.933, loss: 27230.0, -, 7.8% elo% vs. random_no_suicide, avg. reward: 20.636, 1.792 sec/game, 2.3 min. total, 486.6 MB
pushchair_marxism v3 96 games, 68850 moves, e=0.932, loss: 26211.9, -, 7.7% elo% vs. random_no_suicide, avg. reward: 20.607, 1.778 sec/game, 2.3 min. total, 486.6 MB
pushchair_marxism v3 97 games, 69560 moves, e=0.931, loss: 29406.2, -, 7.6% elo% vs. random_no_suicide, avg. reward: 20.728, 1.771 sec/game, 2.4 min. total, 486.5 MB
pushchair_marxism v3 98 games, 70350 moves, e=0.930, loss: 27120.6, -, 7.5% elo% vs. random_no_suicide, avg. reward: 20.425, 1.760 sec/game, 2.4 min. total, 486.7 MB
pushchair_marxism v3 99 games, 71193 moves, e=0.930, loss: 26425.6, -, 7.4% elo% vs. random_no_suicide, avg. reward: 20.134, 1.765 sec/game, 2.4 min. total, 486.5 MB
pushchair_marxism v3 100 games, 71856 moves, e=0.929, loss: 25216.9, -, 7.3% elo% vs. random_no_suicide, avg. reward: 19.825, 1.749 sec/game, 2.4 min. total, 486.7 MB
pushchair_marxism v3 101 games, 72653 moves, e=0.928, loss: 24522.1, -, 7.2% elo% vs. random_no_suicide, avg. reward: 19.315, 1.765 sec/game, 2.5 min. total, 487.9 MB
pushchair_marxism v3 102 games, 73328 moves, e=0.927, loss: 18055.4, -, 7.1% elo% vs. random_no_suicide, avg. reward: 19.771, 1.745 sec/game, 2.5 min. total, 488.4 MB
pushchair_marxism v3 103 games, 74088 moves, e=0.927, loss: 20809.1, -, 7.1% elo% vs. random_no_suicide, avg. reward: 19.461, 1.749 sec/game, 2.5 min. total, 488.5 MB
pushchair_marxism v3 104 games, 74889 moves, e=0.926, loss: 27014.2, -, 7.0% elo% vs. random_no_suicide, avg. reward: 19.160, 1.775 sec/game, 2.6 min. total, 488.8 MB
pushchair_marxism v3 105 games, 75573 moves, e=0.925, loss: 23296.1, -, 6.9% elo% vs. random_no_suicide, avg. reward: 18.540, 1.759 sec/game, 2.6 min. total, 488.5 MB
pushchair_marxism v3 106 games, 76244 moves, e=0.925, loss: 22789.2, -, 6.8% elo% vs. random_no_suicide, avg. reward: 18.544, 1.734 sec/game, 2.6 min. total, 488.9 MB
pushchair_marxism v3 107 games, 77063 moves, e=0.924, loss: 24084.3, -, 6.7% elo% vs. random_no_suicide, avg. reward: 18.078, 1.743 sec/game, 2.7 min. total, 488.6 MB
pushchair_marxism v3 108 games, 77853 moves, e=0.923, loss: 23275.5, -, 6.7% elo% vs. random_no_suicide, avg. reward: 18.194, 1.746 sec/game, 2.7 min. total, 488.5 MB
pushchair_marxism v3 109 games, 78529 moves, e=0.922, loss: 19961.2, -, 6.6% elo% vs. random_no_suicide, avg. reward: 17.988, 1.745 sec/game, 2.7 min. total, 488.6 MB
pushchair_marxism v3 110 games, 79340 moves, e=0.921, loss: 19709.3, -, 6.5% elo% vs. random_no_suicide, avg. reward: 18.606, 1.761 sec/game, 2.7 min. total, 488.8 MB
pushchair_marxism v3 111 games, 80091 moves, e=0.921, loss: 18965.7, -, 6.4% elo% vs. random_no_suicide, avg. reward: 18.030, 1.755 sec/game, 2.8 min. total, 489.7 MB
pushchair_marxism v3 112 games, 80931 moves, e=0.920, loss: 24018.9, -, 6.4% elo% vs. random_no_suicide, avg. reward: 18.247, 1.771 sec/game, 2.8 min. total, 490.5 MB
pushchair_marxism v3 113 games, 81652 moves, e=0.919, loss: 27028.2, -, 6.3% elo% vs. random_no_suicide, avg. reward: 17.963, 1.770 sec/game, 2.8 min. total, 490.6 MB
pushchair_marxism v3 114 games, 82433 moves, e=0.918, loss: 29767.6, -, 6.2% elo% vs. random_no_suicide, avg. reward: 17.962, 1.801 sec/game, 2.9 min. total, 490.8 MB
pushchair_marxism v3 115 games, 83092 moves, e=0.918, loss: 34182.5, -, 6.2% elo% vs. random_no_suicide, avg. reward: 17.881, 1.788 sec/game, 2.9 min. total, 490.6 MB
pushchair_marxism v3 116 games, 83853 moves, e=0.917, loss: 32917.0, -, 6.1% elo% vs. random_no_suicide, avg. reward: 18.295, 1.800 sec/game, 2.9 min. total, 490.6 MB
pushchair_marxism v3 117 games, 84578 moves, e=0.916, loss: 33856.1, -, 6.0% elo% vs. random_no_suicide, avg. reward: 18.165, 1.782 sec/game, 3.0 min. total, 491.3 MB
pushchair_marxism v3 118 games, 85394 moves, e=0.915, loss: 31931.2, -, 6.0% elo% vs. random_no_suicide, avg. reward: 17.709, 1.799 sec/game, 3.0 min. total, 491.5 MB
pushchair_marxism v3 119 games, 86155 moves, e=0.915, loss: 30734.5, -, 5.9% elo% vs. random_no_suicide, avg. reward: 17.545, 1.791 sec/game, 3.0 min. total, 491.6 MB
pushchair_marxism v3 120 games, 86878 moves, e=0.914, loss: 26336.5, -, 5.8% elo% vs. random_no_suicide, avg. reward: 17.954, 1.795 sec/game, 3.0 min. total, 491.6 MB
pushchair_marxism v3 121 games, 87660 moves, e=0.913, loss: 31308.9, -, 5.8% elo% vs. random_no_suicide, avg. reward: 18.470, 1.797 sec/game, 3.1 min. total, 492.6 MB
pushchair_marxism v3 122 games, 88303 moves, e=0.913, loss: 31577.7, -, 5.7% elo% vs. random_no_suicide, avg. reward: 18.729, 1.802 sec/game, 3.1 min. total, 492.3 MB
pushchair_marxism v3 123 games, 89078 moves, e=0.912, loss: 37869.7, -, 5.7% elo% vs. random_no_suicide, avg. reward: 19.266, 1.803 sec/game, 3.1 min. total, 492.4 MB
pushchair_marxism v3 124 games, 89971 moves, e=0.911, loss: 35533.8, -, 5.6% elo% vs. random_no_suicide, avg. reward: 19.480, 1.806 sec/game, 3.2 min. total, 492.8 MB
pushchair_marxism v3 125 games, 90799 moves, e=0.910, loss: 33504.3, -, 5.6% elo% vs. random_no_suicide, avg. reward: 19.986, 1.836 sec/game, 3.2 min. total, 492.5 MB
pushchair_marxism v3 126 games, 91493 moves, e=0.909, loss: 30140.4, -, 5.5% elo% vs. random_no_suicide, avg. reward: 20.183, 1.839 sec/game, 3.2 min. total, 492.8 MB
pushchair_marxism v3 127 games, 92255 moves, e=0.909, loss: 35471.1, -, 5.5% elo% vs. random_no_suicide, avg. reward: 20.466, 1.829 sec/game, 3.3 min. total, 492.6 MB
pushchair_marxism v3 128 games, 92925 moves, e=0.908, loss: 43303.1, -, 5.4% elo% vs. random_no_suicide, avg. reward: 20.280, 1.816 sec/game, 3.3 min. total, 492.7 MB
pushchair_marxism v3 129 games, 93698 moves, e=0.907, loss: 51754.2, -, 5.4% elo% vs. random_no_suicide, avg. reward: 20.025, 1.848 sec/game, 3.3 min. total, 492.7 MB
pushchair_marxism v3 130 games, 94378 moves, e=0.907, loss: 54189.6, -, 5.3% elo% vs. random_no_suicide, avg. reward: 19.565, 1.841 sec/game, 3.4 min. total, 493.6 MB
pushchair_marxism v3 131 games, 95015 moves, e=0.906, loss: 58677.7, -, 5.3% elo% vs. random_no_suicide, avg. reward: 19.763, 1.827 sec/game, 3.4 min. total, 494.2 MB
pushchair_marxism v3 132 games, 95756 moves, e=0.905, loss: 58130.7, -, 5.2% elo% vs. random_no_suicide, avg. reward: 19.380, 1.816 sec/game, 3.4 min. total, 495.5 MB
pushchair_marxism v3 133 games, 96460 moves, e=0.905, loss: 56770.4, -, 5.2% elo% vs. random_no_suicide, avg. reward: 18.550, 1.826 sec/game, 3.4 min. total, 495.4 MB
pushchair_marxism v3 134 games, 97248 moves, e=0.904, loss: 50462.0, -, 5.1% elo% vs. random_no_suicide, avg. reward: 18.563, 1.807 sec/game, 3.5 min. total, 495.5 MB
pushchair_marxism v3 135 games, 98033 moves, e=0.903, loss: 49792.0, -, 5.1% elo% vs. random_no_suicide, avg. reward: 19.202, 1.825 sec/game, 3.5 min. total, 495.2 MB
pushchair_marxism v3 136 games, 98876 moves, e=0.902, loss: 47220.3, -, 5.0% elo% vs. random_no_suicide, avg. reward: 19.426, 1.839 sec/game, 3.5 min. total, 495.8 MB
pushchair_marxism v3 137 games, 99692 moves, e=0.901, loss: 46596.9, -, 5.0% elo% vs. random_no_suicide, avg. reward: 19.026, 1.857 sec/game, 3.6 min. total, 495.5 MB
pushchair_marxism v3 138 games, 100538 moves, e=0.900, loss: 43018.4, -, 4.9% elo% vs. random_no_suicide, avg. reward: 18.769, 1.853 sec/game, 3.6 min. total, 495.8 MB
pushchair_marxism v3 139 games, 101278 moves, e=0.900, loss: 37403.0, -, 4.9% elo% vs. random_no_suicide, avg. reward: 18.835, 1.853 sec/game, 3.6 min. total, 495.4 MB
pushchair_marxism v3 140 games, 102028 moves, e=0.899, loss: 30962.1, -, 4.9% elo% vs. random_no_suicide, avg. reward: 18.965, 1.862 sec/game, 3.7 min. total, 495.8 MB
pushchair_marxism v3 141 games, 102854 moves, e=0.898, loss: 28446.5, -, 4.8% elo% vs. random_no_suicide, avg. reward: 19.459, 1.863 sec/game, 3.7 min. total, 495.9 MB
pushchair_marxism v3 142 games, 103545 moves, e=0.897, loss: 33147.5, -, 4.8% elo% vs. random_no_suicide, avg. reward: 19.022, 1.862 sec/game, 3.7 min. total, 497.5 MB
pushchair_marxism v3 143 games, 104224 moves, e=0.897, loss: 29572.4, -, 4.7% elo% vs. random_no_suicide, avg. reward: 18.593, 1.869 sec/game, 3.8 min. total, 497.2 MB
pushchair_marxism v3 144 games, 104946 moves, e=0.896, loss: 29993.8, -, 4.7% elo% vs. random_no_suicide, avg. reward: 19.140, 1.842 sec/game, 3.8 min. total, 497.2 MB
pushchair_marxism v3 145 games, 105760 moves, e=0.895, loss: 33255.9, -, 4.7% elo% vs. random_no_suicide, avg. reward: 19.154, 1.843 sec/game, 3.8 min. total, 497.2 MB
pushchair_marxism v3 146 games, 106492 moves, e=0.895, loss: 39691.7, -, 4.6% elo% vs. random_no_suicide, avg. reward: 19.284, 1.845 sec/game, 3.8 min. total, 497.3 MB
pushchair_marxism v3 147 games, 107259 moves, e=0.894, loss: 33067.7, -, 4.6% elo% vs. random_no_suicide, avg. reward: 19.209, 1.848 sec/game, 3.9 min. total, 497.2 MB
pushchair_marxism v3 148 games, 108098 moves, e=0.893, loss: 43384.7, -, 4.5% elo% vs. random_no_suicide, avg. reward: 19.402, 1.886 sec/game, 3.9 min. total, 497.4 MB
pushchair_marxism v3 149 games, 108861 moves, e=0.892, loss: 39757.6, -, 4.5% elo% vs. random_no_suicide, avg. reward: 18.984, 1.872 sec/game, 4.0 min. total, 497.4 MB
pushchair_marxism v3 150 games, 109594 moves, e=0.892, loss: 38977.2, -, 4.5% elo% vs. random_no_suicide, avg. reward: 18.275, 1.881 sec/game, 4.0 min. total, 497.6 MB
pushchair_marxism v3 151 games, 110440 moves, e=0.891, loss: 44076.3, -, 4.4% elo% vs. random_no_suicide, avg. reward: 18.121, 1.899 sec/game, 4.0 min. total, 498.3 MB
pushchair_marxism v3 152 games, 111211 moves, e=0.890, loss: 40698.6, -, 4.4% elo% vs. random_no_suicide, avg. reward: 18.076, 1.897 sec/game, 4.0 min. total, 500.4 MB
pushchair_marxism v3 153 games, 111935 moves, e=0.889, loss: 41977.5, -, 4.4% elo% vs. random_no_suicide, avg. reward: 17.556, 1.910 sec/game, 4.1 min. total, 500.0 MB
pushchair_marxism v3 154 games, 112680 moves, e=0.888, loss: 48205.0, -, 4.3% elo% vs. random_no_suicide, avg. reward: 18.089, 1.912 sec/game, 4.1 min. total, 500.0 MB
pushchair_marxism v3 155 games, 113490 moves, e=0.888, loss: 43964.7, -, 4.3% elo% vs. random_no_suicide, avg. reward: 18.866, 1.915 sec/game, 4.1 min. total, 500.1 MB
pushchair_marxism v3 156 games, 114286 moves, e=0.887, loss: 48297.1, -, 4.3% elo% vs. random_no_suicide, avg. reward: 19.516, 1.908 sec/game, 4.2 min. total, 500.1 MB
pushchair_marxism v3 157 games, 115136 moves, e=0.886, loss: 48218.8, -, 4.2% elo% vs. random_no_suicide, avg. reward: 19.135, 1.925 sec/game, 4.2 min. total, 500.1 MB
pushchair_marxism v3 158 games, 115984 moves, e=0.885, loss: 50050.8, -, 4.2% elo% vs. random_no_suicide, avg. reward: 18.466, 1.932 sec/game, 4.3 min. total, 500.3 MB
pushchair_marxism v3 159 games, 116604 moves, e=0.885, loss: 48602.6, -, 4.2% elo% vs. random_no_suicide, avg. reward: 19.102, 1.901 sec/game, 4.3 min. total, 500.3 MB
pushchair_marxism v3 160 games, 117426 moves, e=0.884, loss: 48908.6, -, 4.1% elo% vs. random_no_suicide, avg. reward: 19.622, 1.916 sec/game, 4.3 min. total, 500.3 MB
pushchair_marxism v3 161 games, 118213 moves, e=0.883, loss: 48219.3, -, 4.1% elo% vs. random_no_suicide, avg. reward: 20.137, 1.921 sec/game, 4.3 min. total, 500.5 MB
pushchair_marxism v3 162 games, 119022 moves, e=0.882, loss: 48690.6, -, 4.1% elo% vs. random_no_suicide, avg. reward: 20.385, 1.939 sec/game, 4.4 min. total, 501.4 MB
pushchair_marxism v3 163 games, 119791 moves, e=0.881, loss: 49836.7, -, 4.1% elo% vs. random_no_suicide, avg. reward: 20.475, 1.934 sec/game, 4.4 min. total, 501.6 MB
pushchair_marxism v3 164 games, 120622 moves, e=0.881, loss: 47003.0, -, 4.0% elo% vs. random_no_suicide, avg. reward: 20.489, 1.964 sec/game, 4.4 min. total, 501.3 MB
pushchair_marxism v3 165 games, 121422 moves, e=0.880, loss: 43919.2, -, 4.0% elo% vs. random_no_suicide, avg. reward: 21.258, 1.954 sec/game, 4.5 min. total, 501.4 MB
pushchair_marxism v3 166 games, 122267 moves, e=0.879, loss: 45872.1, -, 4.0% elo% vs. random_no_suicide, avg. reward: 21.606, 1.981 sec/game, 4.5 min. total, 501.7 MB
pushchair_marxism v3 167 games, 123008 moves, e=0.878, loss: 48267.7, -, 3.9% elo% vs. random_no_suicide, avg. reward: 21.723, 1.976 sec/game, 4.5 min. total, 501.6 MB
pushchair_marxism v3 168 games, 123776 moves, e=0.877, loss: 48618.5, -, 3.9% elo% vs. random_no_suicide, avg. reward: 21.441, 1.955 sec/game, 4.6 min. total, 501.4 MB
pushchair_marxism v3 169 games, 124820 moves, e=0.876, loss: 39289.3, -, 3.9% elo% vs. random_no_suicide, avg. reward: 21.591, 1.986 sec/game, 4.6 min. total, 501.7 MB
pushchair_marxism v3 170 games, 125695 moves, e=0.876, loss: 39792.7, -, 3.9% elo% vs. random_no_suicide, avg. reward: 22.197, 1.990 sec/game, 4.6 min. total, 502.6 MB
pushchair_marxism v3 171 games, 126379 moves, e=0.875, loss: 46565.1, -, 3.8% elo% vs. random_no_suicide, avg. reward: 22.493, 1.984 sec/game, 4.7 min. total, 504.1 MB
pushchair_marxism v3 172 games, 127162 moves, e=0.874, loss: 50979.4, -, 3.8% elo% vs. random_no_suicide, avg. reward: 22.111, 1.991 sec/game, 4.7 min. total, 504.1 MB
pushchair_marxism v3 173 games, 127828 moves, e=0.873, loss: 46878.7, -, 3.8% elo% vs. random_no_suicide, avg. reward: 22.548, 1.967 sec/game, 4.7 min. total, 504.3 MB
pushchair_marxism v3 174 games, 128620 moves, e=0.873, loss: 47742.4, -, 3.8% elo% vs. random_no_suicide, avg. reward: 22.754, 1.969 sec/game, 4.8 min. total, 504.0 MB
pushchair_marxism v3 175 games, 129474 moves, e=0.872, loss: 46502.5, -, 3.7% elo% vs. random_no_suicide, avg. reward: 23.001, 1.983 sec/game, 4.8 min. total, 504.1 MB
pushchair_marxism v3 176 games, 130181 moves, e=0.871, loss: 44377.2, -, 3.7% elo% vs. random_no_suicide, avg. reward: 23.419, 1.980 sec/game, 4.8 min. total, 504.5 MB
pushchair_marxism v3 177 games, 131016 moves, e=0.870, loss: 46974.9, -, 3.7% elo% vs. random_no_suicide, avg. reward: 24.132, 1.980 sec/game, 4.9 min. total, 504.9 MB
pushchair_marxism v3 178 games, 131752 moves, e=0.870, loss: 38451.6, -, 3.7% elo% vs. random_no_suicide, avg. reward: 23.926, 1.975 sec/game, 4.9 min. total, 504.6 MB
pushchair_marxism v3 179 games, 132458 moves, e=0.869, loss: 40367.8, -, 3.6% elo% vs. random_no_suicide, avg. reward: 23.422, 1.998 sec/game, 4.9 min. total, 504.4 MB
pushchair_marxism v3 180 games, 133190 moves, e=0.868, loss: 37969.3, -, 3.6% elo% vs. random_no_suicide, avg. reward: 23.025, 1.991 sec/game, 5.0 min. total, 504.9 MB
pushchair_marxism v3 181 games, 134003 moves, e=0.867, loss: 37688.2, -, 3.6% elo% vs. random_no_suicide, avg. reward: 22.848, 1.993 sec/game, 5.0 min. total, 506.8 MB
pushchair_marxism v3 182 games, 134708 moves, e=0.867, loss: 42772.2, -, 3.6% elo% vs. random_no_suicide, avg. reward: 22.595, 2.000 sec/game, 5.0 min. total, 506.6 MB
pushchair_marxism v3 183 games, 135332 moves, e=0.866, loss: 38132.0, -, 3.5% elo% vs. random_no_suicide, avg. reward: 22.139, 1.988 sec/game, 5.1 min. total, 506.6 MB
pushchair_marxism v3 184 games, 136191 moves, e=0.865, loss: 35752.6, -, 3.5% elo% vs. random_no_suicide, avg. reward: 22.119, 1.976 sec/game, 5.1 min. total, 506.7 MB
pushchair_marxism v3 185 games, 136947 moves, e=0.864, loss: 37833.2, -, 3.5% elo% vs. random_no_suicide, avg. reward: 21.986, 1.979 sec/game, 5.1 min. total, 509.2 MB
pushchair_marxism v3 186 games, 137786 moves, e=0.864, loss: 37483.3, -, 3.5% elo% vs. random_no_suicide, avg. reward: 21.991, 1.982 sec/game, 5.2 min. total, 506.8 MB
pushchair_marxism v3 187 games, 138519 moves, e=0.863, loss: 33447.1, -, 3.5% elo% vs. random_no_suicide, avg. reward: 22.021, 1.983 sec/game, 5.2 min. total, 506.8 MB
pushchair_marxism v3 188 games, 139292 moves, e=0.862, loss: 30993.9, -, 3.4% elo% vs. random_no_suicide, avg. reward: 22.405, 1.989 sec/game, 5.2 min. total, 506.7 MB
pushchair_marxism v3 189 games, 140031 moves, e=0.861, loss: 34208.7, -, 3.4% elo% vs. random_no_suicide, avg. reward: 22.687, 1.947 sec/game, 5.3 min. total, 507.2 MB
pushchair_marxism v3 190 games, 140825 moves, e=0.861, loss: 41302.7, -, 3.4% elo% vs. random_no_suicide, avg. reward: 22.741, 1.958 sec/game, 5.3 min. total, 507.7 MB
pushchair_marxism v3 191 games, 141533 moves, e=0.860, loss: 40202.2, -, 3.4% elo% vs. random_no_suicide, avg. reward: 23.015, 1.950 sec/game, 5.3 min. total, 507.8 MB
pushchair_marxism v3 192 games, 142421 moves, e=0.859, loss: 37474.9, +, 4.0% elo% vs. random_no_suicide, avg. reward: 23.030, 1.959 sec/game, 5.4 min. total, 508.1 MB
