subwoofer_thriving v0 0 games, 0 moves, e=1.000, loss: nan,  , 50.0% elo% vs. , avg. reward: nan, nan sec/game, 0.0 min. total, 301.7 MB
subwoofer_thriving v1 1 games, 740 moves, e=0.999, loss: nan, -, 47.7% elo% vs. random_bot, avg. reward: -6.166, 0.197 sec/game, 0.0 min. total, 311.5 MB
subwoofer_thriving v1 2 games, 1344 moves, e=0.999, loss: nan, +, 50.1% elo% vs. random_bot, avg. reward: -6.962, 0.179 sec/game, 0.0 min. total, 313.6 MB
subwoofer_thriving v1 3 games, 2001 moves, e=0.998, loss: nan, +, 52.4% elo% vs. random_bot, avg. reward: -6.960, 0.172 sec/game, 0.0 min. total, 315.2 MB
subwoofer_thriving v1 4 games, 2655 moves, e=0.997, loss: nan, -, 50.0% elo% vs. random_bot, avg. reward: -7.029, 0.169 sec/game, 0.0 min. total, 316.8 MB
subwoofer_thriving v1 5 games, 3389 moves, e=0.997, loss: nan, +, 52.3% elo% vs. random_bot, avg. reward: -6.918, 0.171 sec/game, 0.0 min. total, 318.6 MB
subwoofer_thriving v1 6 games, 4155 moves, e=0.996, loss: nan, +, 54.5% elo% vs. random_bot, avg. reward: -6.776, 0.171 sec/game, 0.0 min. total, 320.0 MB
subwoofer_thriving v1 7 games, 4838 moves, e=0.995, loss: nan, -, 52.0% elo% vs. random_bot, avg. reward: -6.781, 0.171 sec/game, 0.0 min. total, 321.1 MB
subwoofer_thriving v1 8 games, 5549 moves, e=0.995, loss: nan, +, 54.2% elo% vs. random_bot, avg. reward: -6.768, 0.169 sec/game, 0.0 min. total, 322.7 MB
subwoofer_thriving v1 9 games, 6298 moves, e=0.994, loss: nan, +, 56.3% elo% vs. random_bot, avg. reward: -6.691, 0.169 sec/game, 0.0 min. total, 323.9 MB
subwoofer_thriving v1 10 games, 6989 moves, e=0.993, loss: nan, +, 58.2% elo% vs. random_bot, avg. reward: -6.668, 0.168 sec/game, 0.0 min. total, 325.1 MB
subwoofer_thriving v1 11 games, 7754 moves, e=0.992, loss: nan, +, 60.1% elo% vs. random_bot, avg. reward: -6.620, 0.170 sec/game, 0.0 min. total, 326.1 MB
subwoofer_thriving v1 12 games, 8386 moves, e=0.992, loss: nan, +, 61.8% elo% vs. random_bot, avg. reward: -6.663, 0.169 sec/game, 0.0 min. total, 327.1 MB
subwoofer_thriving v1 13 games, 9062 moves, e=0.991, loss: nan, +, 63.5% elo% vs. random_bot, avg. reward: -6.687, 0.168 sec/game, 0.0 min. total, 327.7 MB
subwoofer_thriving v1 14 games, 9708 moves, e=0.990, loss: nan, +, 65.0% elo% vs. random_bot, avg. reward: -6.726, 0.168 sec/game, 0.0 min. total, 328.6 MB
subwoofer_thriving v1 15 games, 10407 moves, e=0.990, loss: 35.3, +, 66.5% elo% vs. random_bot, avg. reward: -6.728, 0.216 sec/game, 0.1 min. total, 343.4 MB
subwoofer_thriving v1 16 games, 11132 moves, e=0.989, loss: 33.6, +, 67.8% elo% vs. random_bot, avg. reward: -6.715, 0.261 sec/game, 0.1 min. total, 347.9 MB
subwoofer_thriving v1 17 games, 11855 moves, e=0.988, loss: 31.3, +, 69.1% elo% vs. random_bot, avg. reward: -6.696, 0.314 sec/game, 0.1 min. total, 348.4 MB
subwoofer_thriving v1 18 games, 12498 moves, e=0.988, loss: 26.8, +, 70.3% elo% vs. random_bot, avg. reward: -6.735, 0.349 sec/game, 0.1 min. total, 350.1 MB
subwoofer_thriving v2 19 games, 13166 moves, e=0.987, loss: 21.2, +, 54.5% elo% vs. guard_bot, avg. reward: -6.739, 0.379 sec/game, 0.1 min. total, 418.2 MB
subwoofer_thriving v2 20 games, 13951 moves, e=0.986, loss: 14.8, +, 56.6% elo% vs. guard_bot, avg. reward: -6.702, 0.420 sec/game, 0.1 min. total, 421.2 MB
subwoofer_thriving v2 21 games, 14630 moves, e=0.986, loss: 10.2, +, 58.5% elo% vs. guard_bot, avg. reward: -6.713, 0.473 sec/game, 0.2 min. total, 423.0 MB
subwoofer_thriving v2 22 games, 15384 moves, e=0.985, loss: 7.4, +, 60.4% elo% vs. guard_bot, avg. reward: -6.677, 0.521 sec/game, 0.2 min. total, 420.8 MB
subwoofer_thriving v2 23 games, 16124 moves, e=0.984, loss: 5.8, +, 62.1% elo% vs. guard_bot, avg. reward: -6.656, 0.562 sec/game, 0.2 min. total, 423.1 MB
subwoofer_thriving v2 24 games, 16753 moves, e=0.983, loss: 4.9, +, 63.7% elo% vs. guard_bot, avg. reward: -6.683, 0.600 sec/game, 0.2 min. total, 423.2 MB
subwoofer_thriving v2 25 games, 17508 moves, e=0.983, loss: 4.4, +, 65.2% elo% vs. guard_bot, avg. reward: -6.653, 0.647 sec/game, 0.2 min. total, 423.0 MB
subwoofer_thriving v2 26 games, 18246 moves, e=0.982, loss: 4.1, +, 66.7% elo% vs. guard_bot, avg. reward: -6.633, 0.693 sec/game, 0.2 min. total, 423.2 MB
subwoofer_thriving v2 27 games, 19022 moves, e=0.981, loss: 3.7, +, 68.0% elo% vs. guard_bot, avg. reward: -6.607, 0.739 sec/game, 0.3 min. total, 421.8 MB
subwoofer_thriving v2 28 games, 19656 moves, e=0.981, loss: 3.8, ., 67.3% elo% vs. guard_bot, avg. reward: -6.634, 0.779 sec/game, 0.3 min. total, 423.9 MB
subwoofer_thriving v2 29 games, 20333 moves, e=0.980, loss: 3.5, +, 68.6% elo% vs. guard_bot, avg. reward: -6.643, 0.821 sec/game, 0.3 min. total, 422.6 MB
subwoofer_thriving v2 30 games, 20993 moves, e=0.979, loss: 3.4, ., 67.9% elo% vs. guard_bot, avg. reward: -6.658, 0.869 sec/game, 0.3 min. total, 422.5 MB
subwoofer_thriving v2 31 games, 21736 moves, e=0.978, loss: 3.2, ., 67.2% elo% vs. guard_bot, avg. reward: -6.650, 0.909 sec/game, 0.3 min. total, 423.4 MB
subwoofer_thriving v2 32 games, 22484 moves, e=0.978, loss: 3.0, ., 66.5% elo% vs. guard_bot, avg. reward: -6.639, 0.961 sec/game, 0.4 min. total, 426.5 MB
subwoofer_thriving v2 33 games, 23145 moves, e=0.977, loss: 3.0, +, 67.8% elo% vs. guard_bot, avg. reward: -6.649, 1.002 sec/game, 0.4 min. total, 428.1 MB
subwoofer_thriving v2 34 games, 23854 moves, e=0.976, loss: 3.0, +, 69.1% elo% vs. guard_bot, avg. reward: -6.647, 1.050 sec/game, 0.4 min. total, 428.6 MB
subwoofer_thriving v2 35 games, 24565 moves, e=0.976, loss: 3.0, +, 70.3% elo% vs. guard_bot, avg. reward: -6.642, 1.054 sec/game, 0.4 min. total, 429.3 MB
subwoofer_thriving v3 36 games, 25265 moves, e=0.975, loss: 3.2, -, 49.9% elo% vs. random_no_suicide, avg. reward: -6.636, 1.067 sec/game, 0.4 min. total, 429.7 MB
subwoofer_thriving v3 37 games, 25989 moves, e=0.974, loss: 3.3, -, 47.6% elo% vs. random_no_suicide, avg. reward: -6.630, 1.068 sec/game, 0.4 min. total, 428.4 MB
subwoofer_thriving v3 38 games, 26701 moves, e=0.974, loss: 3.1, -, 45.4% elo% vs. random_no_suicide, avg. reward: -6.631, 1.069 sec/game, 0.5 min. total, 428.4 MB
subwoofer_thriving v3 39 games, 27462 moves, e=0.973, loss: 3.3, -, 43.4% elo% vs. random_no_suicide, avg. reward: -6.616, 1.085 sec/game, 0.5 min. total, 429.1 MB
subwoofer_thriving v3 40 games, 28080 moves, e=0.972, loss: 3.2, -, 41.4% elo% vs. random_no_suicide, avg. reward: -6.633, 1.074 sec/game, 0.5 min. total, 430.4 MB
subwoofer_thriving v3 41 games, 28871 moves, e=0.971, loss: 3.2, -, 39.6% elo% vs. random_no_suicide, avg. reward: -6.613, 1.078 sec/game, 0.5 min. total, 429.6 MB
subwoofer_thriving v3 42 games, 29589 moves, e=0.971, loss: 3.3, -, 37.8% elo% vs. random_no_suicide, avg. reward: -6.604, 1.081 sec/game, 0.5 min. total, 431.5 MB
subwoofer_thriving v3 43 games, 30247 moves, e=0.970, loss: 3.2, -, 36.2% elo% vs. random_no_suicide, avg. reward: -6.612, 1.077 sec/game, 0.6 min. total, 431.2 MB
subwoofer_thriving v3 44 games, 30881 moves, e=0.969, loss: 3.0, +, 39.0% elo% vs. random_no_suicide, avg. reward: -6.629, 1.079 sec/game, 0.6 min. total, 433.0 MB
subwoofer_thriving v3 45 games, 31637 moves, e=0.969, loss: 3.0, +, 41.7% elo% vs. random_no_suicide, avg. reward: -6.616, 1.080 sec/game, 0.6 min. total, 433.9 MB
subwoofer_thriving v3 46 games, 32448 moves, e=0.968, loss: 3.4, -, 39.8% elo% vs. random_no_suicide, avg. reward: -6.598, 1.083 sec/game, 0.6 min. total, 433.1 MB
subwoofer_thriving v3 47 games, 33168 moves, e=0.967, loss: 3.3, -, 38.1% elo% vs. random_no_suicide, avg. reward: -6.593, 1.084 sec/game, 0.6 min. total, 433.9 MB
subwoofer_thriving v3 48 games, 33821 moves, e=0.967, loss: 3.2, -, 36.4% elo% vs. random_no_suicide, avg. reward: -6.598, 1.086 sec/game, 0.6 min. total, 435.4 MB
subwoofer_thriving v3 49 games, 34520 moves, e=0.966, loss: 3.0, +, 39.2% elo% vs. random_no_suicide, avg. reward: -6.594, 1.084 sec/game, 0.7 min. total, 435.4 MB
subwoofer_thriving v3 50 games, 35239 moves, e=0.965, loss: 2.9, -, 37.5% elo% vs. random_no_suicide, avg. reward: -6.591, 1.085 sec/game, 0.7 min. total, 433.3 MB
subwoofer_thriving v3 51 games, 35922 moves, e=0.964, loss: 3.0, -, 35.9% elo% vs. random_no_suicide, avg. reward: -6.590, 1.087 sec/game, 0.7 min. total, 436.1 MB
subwoofer_thriving v3 52 games, 36608 moves, e=0.964, loss: 3.2, +, 38.6% elo% vs. random_no_suicide, avg. reward: -6.589, 1.085 sec/game, 0.7 min. total, 435.0 MB
subwoofer_thriving v3 53 games, 37353 moves, e=0.963, loss: 3.1, +, 41.4% elo% vs. random_no_suicide, avg. reward: -6.582, 1.087 sec/game, 0.7 min. total, 435.7 MB
subwoofer_thriving v3 54 games, 37950 moves, e=0.962, loss: 3.0, -, 39.5% elo% vs. random_no_suicide, avg. reward: -6.610, 1.079 sec/game, 0.7 min. total, 435.0 MB
subwoofer_thriving v3 55 games, 38705 moves, e=0.962, loss: 2.7, +, 42.2% elo% vs. random_no_suicide, avg. reward: -6.602, 1.089 sec/game, 0.8 min. total, 435.9 MB
subwoofer_thriving v3 56 games, 39444 moves, e=0.961, loss: 3.1, +, 44.8% elo% vs. random_no_suicide, avg. reward: -6.593, 1.091 sec/game, 0.8 min. total, 436.7 MB
subwoofer_thriving v3 57 games, 40208 moves, e=0.960, loss: 2.9, -, 42.8% elo% vs. random_no_suicide, avg. reward: -6.581, 1.091 sec/game, 0.8 min. total, 436.0 MB
subwoofer_thriving v3 58 games, 40960 moves, e=0.959, loss: 3.0, -, 40.9% elo% vs. random_no_suicide, avg. reward: -6.575, 1.103 sec/game, 0.8 min. total, 436.9 MB
subwoofer_thriving v3 59 games, 41607 moves, e=0.959, loss: 3.0, ., 41.3% elo% vs. random_no_suicide, avg. reward: -6.583, 1.092 sec/game, 0.8 min. total, 436.1 MB
subwoofer_thriving v3 60 games, 42390 moves, e=0.958, loss: 3.0, -, 39.5% elo% vs. random_no_suicide, avg. reward: -6.571, 1.101 sec/game, 0.9 min. total, 436.1 MB
subwoofer_thriving v3 61 games, 43048 moves, e=0.957, loss: 2.9, -, 37.7% elo% vs. random_no_suicide, avg. reward: -6.578, 1.086 sec/game, 0.9 min. total, 436.5 MB
subwoofer_thriving v3 62 games, 43656 moves, e=0.957, loss: 3.0, -, 36.1% elo% vs. random_no_suicide, avg. reward: -6.594, 1.080 sec/game, 0.9 min. total, 436.5 MB
subwoofer_thriving v3 63 games, 44416 moves, e=0.956, loss: 2.9, -, 34.6% elo% vs. random_no_suicide, avg. reward: -6.588, 1.095 sec/game, 0.9 min. total, 436.2 MB
subwoofer_thriving v3 64 games, 45168 moves, e=0.955, loss: 3.0, +, 37.4% elo% vs. random_no_suicide, avg. reward: -6.580, 1.099 sec/game, 0.9 min. total, 436.2 MB
subwoofer_thriving v3 65 games, 45925 moves, e=0.955, loss: 2.8, +, 40.1% elo% vs. random_no_suicide, avg. reward: -6.573, 1.102 sec/game, 1.0 min. total, 435.9 MB
subwoofer_thriving v3 66 games, 46673 moves, e=0.954, loss: 2.7, +, 42.8% elo% vs. random_no_suicide, avg. reward: -6.566, 1.105 sec/game, 1.0 min. total, 436.8 MB
subwoofer_thriving v3 67 games, 47445 moves, e=0.953, loss: 2.7, +, 45.4% elo% vs. random_no_suicide, avg. reward: -6.559, 1.107 sec/game, 1.0 min. total, 436.4 MB
subwoofer_thriving v3 68 games, 48208 moves, e=0.952, loss: 2.7, ., 45.6% elo% vs. random_no_suicide, avg. reward: -6.548, 1.118 sec/game, 1.0 min. total, 436.0 MB
subwoofer_thriving v3 69 games, 48946 moves, e=0.952, loss: 2.9, +, 48.1% elo% vs. random_no_suicide, avg. reward: -6.544, 1.130 sec/game, 1.0 min. total, 436.4 MB
subwoofer_thriving v3 70 games, 49768 moves, e=0.951, loss: 2.9, -, 45.9% elo% vs. random_no_suicide, avg. reward: -6.529, 1.136 sec/game, 1.1 min. total, 437.3 MB
subwoofer_thriving v3 71 games, 50450 moves, e=0.950, loss: 2.7, -, 43.8% elo% vs. random_no_suicide, avg. reward: -6.527, 1.144 sec/game, 1.1 min. total, 437.9 MB
subwoofer_thriving v3 72 games, 51246 moves, e=0.949, loss: 2.6, -, 41.8% elo% vs. random_no_suicide, avg. reward: -6.516, 1.147 sec/game, 1.1 min. total, 436.4 MB
subwoofer_thriving v3 73 games, 51957 moves, e=0.949, loss: 2.7, +, 44.4% elo% vs. random_no_suicide, avg. reward: -6.514, 1.157 sec/game, 1.1 min. total, 438.9 MB
subwoofer_thriving v3 74 games, 52697 moves, e=0.948, loss: 2.8, +, 47.0% elo% vs. random_no_suicide, avg. reward: -6.509, 1.172 sec/game, 1.1 min. total, 438.0 MB
subwoofer_thriving v3 75 games, 53459 moves, e=0.947, loss: 2.8, +, 49.4% elo% vs. random_no_suicide, avg. reward: -6.503, 1.181 sec/game, 1.2 min. total, 439.3 MB
subwoofer_thriving v3 76 games, 54186 moves, e=0.946, loss: 2.5, +, 51.7% elo% vs. random_no_suicide, avg. reward: -6.502, 1.180 sec/game, 1.2 min. total, 439.5 MB
subwoofer_thriving v3 77 games, 54891 moves, e=0.946, loss: 2.6, -, 49.4% elo% vs. random_no_suicide, avg. reward: -6.500, 1.179 sec/game, 1.2 min. total, 438.7 MB
subwoofer_thriving v3 78 games, 55599 moves, e=0.945, loss: 2.8, ., 49.4% elo% vs. random_no_suicide, avg. reward: -6.503, 1.182 sec/game, 1.2 min. total, 439.7 MB
subwoofer_thriving v3 79 games, 56345 moves, e=0.944, loss: 2.8, +, 51.7% elo% vs. random_no_suicide, avg. reward: -6.495, 1.200 sec/game, 1.2 min. total, 440.3 MB
subwoofer_thriving v3 80 games, 57004 moves, e=0.944, loss: 2.9, +, 53.9% elo% vs. random_no_suicide, avg. reward: -6.500, 1.191 sec/game, 1.3 min. total, 438.5 MB
subwoofer_thriving v3 81 games, 57796 moves, e=0.943, loss: 3.1, -, 51.5% elo% vs. random_no_suicide, avg. reward: -6.490, 1.201 sec/game, 1.3 min. total, 440.0 MB
subwoofer_thriving v3 82 games, 58597 moves, e=0.942, loss: 3.1, -, 49.1% elo% vs. random_no_suicide, avg. reward: -6.479, 1.216 sec/game, 1.3 min. total, 441.2 MB
subwoofer_thriving v3 83 games, 59223 moves, e=0.941, loss: 3.2, +, 51.4% elo% vs. random_no_suicide, avg. reward: -6.490, 1.207 sec/game, 1.3 min. total, 441.8 MB
subwoofer_thriving v3 84 games, 59961 moves, e=0.941, loss: 3.1, +, 53.7% elo% vs. random_no_suicide, avg. reward: -6.487, 1.222 sec/game, 1.3 min. total, 438.2 MB
subwoofer_thriving v3 85 games, 60580 moves, e=0.940, loss: 3.1, +, 55.8% elo% vs. random_no_suicide, avg. reward: -6.501, 1.220 sec/game, 1.4 min. total, 441.3 MB
subwoofer_thriving v3 86 games, 61326 moves, e=0.939, loss: 3.2, -, 53.2% elo% vs. random_no_suicide, avg. reward: -6.495, 1.221 sec/game, 1.4 min. total, 441.5 MB
subwoofer_thriving v3 87 games, 62013 moves, e=0.939, loss: 3.2, +, 55.4% elo% vs. random_no_suicide, avg. reward: -6.497, 1.219 sec/game, 1.4 min. total, 441.6 MB
subwoofer_thriving v3 88 games, 62791 moves, e=0.938, loss: 3.1, +, 57.4% elo% vs. random_no_suicide, avg. reward: -6.491, 1.224 sec/game, 1.4 min. total, 438.9 MB
subwoofer_thriving v3 89 games, 63604 moves, e=0.937, loss: 3.1, -, 54.8% elo% vs. random_no_suicide, avg. reward: -6.480, 1.229 sec/game, 1.4 min. total, 440.1 MB
subwoofer_thriving v3 90 games, 64335 moves, e=0.936, loss: 3.1, +, 56.8% elo% vs. random_no_suicide, avg. reward: -6.477, 1.228 sec/game, 1.5 min. total, 439.5 MB
subwoofer_thriving v3 91 games, 65092 moves, e=0.936, loss: 3.2, +, 58.8% elo% vs. random_no_suicide, avg. reward: -6.473, 1.230 sec/game, 1.5 min. total, 441.4 MB
subwoofer_thriving v3 92 games, 65814 moves, e=0.935, loss: 3.1, +, 60.6% elo% vs. random_no_suicide, avg. reward: -6.470, 1.234 sec/game, 1.5 min. total, 440.8 MB
subwoofer_thriving v3 93 games, 66442 moves, e=0.934, loss: 3.1, +, 62.3% elo% vs. random_no_suicide, avg. reward: -6.478, 1.221 sec/game, 1.5 min. total, 443.5 MB
subwoofer_thriving v3 94 games, 67119 moves, e=0.934, loss: 2.9, +, 63.9% elo% vs. random_no_suicide, avg. reward: -6.481, 1.207 sec/game, 1.5 min. total, 441.2 MB
subwoofer_thriving v3 95 games, 67972 moves, e=0.933, loss: 2.9, +, 65.5% elo% vs. random_no_suicide, avg. reward: -6.466, 1.208 sec/game, 1.6 min. total, 443.6 MB
subwoofer_thriving v3 96 games, 68703 moves, e=0.932, loss: 2.8, +, 66.9% elo% vs. random_no_suicide, avg. reward: -6.463, 1.198 sec/game, 1.6 min. total, 441.4 MB
subwoofer_thriving v3 97 games, 69417 moves, e=0.931, loss: 3.0, +, 68.2% elo% vs. random_no_suicide, avg. reward: -6.461, 1.198 sec/game, 1.6 min. total, 443.2 MB
subwoofer_thriving v3 98 games, 70195 moves, e=0.931, loss: 3.1, -, 65.4% elo% vs. random_no_suicide, avg. reward: -6.455, 1.194 sec/game, 1.6 min. total, 444.0 MB
subwoofer_thriving v3 99 games, 70966 moves, e=0.930, loss: 3.1, -, 62.7% elo% vs. random_no_suicide, avg. reward: -6.449, 1.184 sec/game, 1.6 min. total, 442.2 MB
subwoofer_thriving v3 100 games, 71709 moves, e=0.929, loss: 3.0, +, 64.3% elo% vs. random_no_suicide, avg. reward: -6.445, 1.200 sec/game, 1.7 min. total, 441.7 MB
subwoofer_thriving v4 101 games, 72451 moves, e=0.928, loss: 3.1, +, 52.3% elo% vs. random_no_suicide, avg. reward: -6.446, 1.195 sec/game, 1.7 min. total, 443.8 MB
subwoofer_thriving v4 102 games, 73121 moves, e=0.928, loss: 2.8, +, 54.5% elo% vs. random_no_suicide, avg. reward: -6.442, 1.179 sec/game, 1.7 min. total, 442.1 MB
subwoofer_thriving v4 103 games, 73828 moves, e=0.927, loss: 3.1, +, 56.6% elo% vs. random_no_suicide, avg. reward: -6.439, 1.178 sec/game, 1.7 min. total, 442.6 MB
subwoofer_thriving v4 104 games, 74653 moves, e=0.926, loss: 3.1, +, 58.5% elo% vs. random_no_suicide, avg. reward: -6.421, 1.183 sec/game, 1.7 min. total, 444.7 MB
subwoofer_thriving v4 105 games, 75451 moves, e=0.925, loss: 2.9, +, 60.4% elo% vs. random_no_suicide, avg. reward: -6.412, 1.185 sec/game, 1.8 min. total, 445.2 MB
subwoofer_thriving v4 106 games, 76100 moves, e=0.925, loss: 3.0, +, 62.1% elo% vs. random_no_suicide, avg. reward: -6.423, 1.175 sec/game, 1.8 min. total, 443.3 MB
subwoofer_thriving v4 107 games, 76775 moves, e=0.924, loss: 3.0, +, 63.7% elo% vs. random_no_suicide, avg. reward: -6.422, 1.169 sec/game, 1.8 min. total, 444.2 MB
subwoofer_thriving v4 108 games, 77504 moves, e=0.923, loss: 3.0, +, 65.2% elo% vs. random_no_suicide, avg. reward: -6.420, 1.160 sec/game, 1.8 min. total, 445.7 MB
subwoofer_thriving v4 109 games, 78254 moves, e=0.923, loss: 3.0, +, 66.7% elo% vs. random_no_suicide, avg. reward: -6.419, 1.160 sec/game, 1.8 min. total, 445.7 MB
subwoofer_thriving v4 110 games, 79101 moves, e=0.922, loss: 3.1, +, 68.0% elo% vs. random_no_suicide, avg. reward: -6.406, 1.160 sec/game, 1.9 min. total, 444.1 MB
subwoofer_thriving v4 111 games, 79754 moves, e=0.921, loss: 3.1, +, 69.3% elo% vs. random_no_suicide, avg. reward: -6.413, 1.156 sec/game, 1.9 min. total, 444.5 MB
subwoofer_thriving v4 112 games, 80414 moves, e=0.920, loss: 3.0, +, 70.5% elo% vs. random_no_suicide, avg. reward: -6.408, 1.143 sec/game, 1.9 min. total, 446.7 MB
subwoofer_thriving v5 113 games, 81112 moves, e=0.920, loss: 3.1, -, 49.9% elo% vs. simple_bot, avg. reward: -6.405, 1.144 sec/game, 1.9 min. total, 446.6 MB
subwoofer_thriving v5 114 games, 82000 moves, e=0.919, loss: 3.1, -, 47.6% elo% vs. simple_bot, avg. reward: -6.381, 1.165 sec/game, 1.9 min. total, 445.3 MB
subwoofer_thriving v5 115 games, 82713 moves, e=0.918, loss: 3.0, -, 45.4% elo% vs. simple_bot, avg. reward: -6.376, 1.155 sec/game, 1.9 min. total, 445.3 MB
subwoofer_thriving v5 116 games, 83509 moves, e=0.917, loss: 2.9, -, 43.4% elo% vs. simple_bot, avg. reward: -6.369, 1.163 sec/game, 2.0 min. total, 445.7 MB
subwoofer_thriving v5 117 games, 84231 moves, e=0.917, loss: 2.8, -, 41.4% elo% vs. simple_bot, avg. reward: -6.368, 1.162 sec/game, 2.0 min. total, 447.1 MB
subwoofer_thriving v5 118 games, 84949 moves, e=0.916, loss: 2.9, -, 39.6% elo% vs. simple_bot, avg. reward: -6.357, 1.154 sec/game, 2.0 min. total, 445.8 MB
subwoofer_thriving v5 119 games, 85675 moves, e=0.915, loss: 3.0, -, 37.8% elo% vs. simple_bot, avg. reward: -6.353, 1.154 sec/game, 2.0 min. total, 449.4 MB
subwoofer_thriving v5 120 games, 86380 moves, e=0.914, loss: 2.8, -, 36.2% elo% vs. simple_bot, avg. reward: -6.354, 1.139 sec/game, 2.0 min. total, 447.1 MB
subwoofer_thriving v5 121 games, 87061 moves, e=0.914, loss: 2.7, -, 34.7% elo% vs. simple_bot, avg. reward: -6.351, 1.138 sec/game, 2.1 min. total, 448.8 MB
subwoofer_thriving v5 122 games, 87800 moves, e=0.913, loss: 2.8, -, 33.3% elo% vs. simple_bot, avg. reward: -6.351, 1.136 sec/game, 2.1 min. total, 447.9 MB
subwoofer_thriving v5 123 games, 88520 moves, e=0.912, loss: 2.9, -, 31.9% elo% vs. simple_bot, avg. reward: -6.350, 1.143 sec/game, 2.1 min. total, 449.1 MB
subwoofer_thriving v5 124 games, 89222 moves, e=0.912, loss: 2.8, -, 30.6% elo% vs. simple_bot, avg. reward: -6.342, 1.131 sec/game, 2.1 min. total, 448.0 MB
subwoofer_thriving v5 125 games, 89906 moves, e=0.911, loss: 2.8, -, 29.5% elo% vs. simple_bot, avg. reward: -6.351, 1.125 sec/game, 2.1 min. total, 447.6 MB
subwoofer_thriving v5 126 games, 90668 moves, e=0.910, loss: 2.7, -, 28.3% elo% vs. simple_bot, avg. reward: -6.350, 1.132 sec/game, 2.2 min. total, 449.9 MB
subwoofer_thriving v5 127 games, 91446 moves, e=0.909, loss: 2.6, -, 27.3% elo% vs. simple_bot, avg. reward: -6.348, 1.145 sec/game, 2.2 min. total, 449.9 MB
subwoofer_thriving v5 128 games, 92234 moves, e=0.909, loss: 2.8, -, 26.3% elo% vs. simple_bot, avg. reward: -6.331, 1.145 sec/game, 2.2 min. total, 448.9 MB
subwoofer_thriving v5 129 games, 92860 moves, e=0.908, loss: 2.8, -, 25.4% elo% vs. simple_bot, avg. reward: -6.336, 1.130 sec/game, 2.2 min. total, 449.0 MB
subwoofer_thriving v5 130 games, 93572 moves, e=0.907, loss: 2.8, -, 24.5% elo% vs. simple_bot, avg. reward: -6.327, 1.125 sec/game, 2.2 min. total, 450.7 MB
subwoofer_thriving v5 131 games, 94447 moves, e=0.906, loss: 2.8, -, 23.7% elo% vs. simple_bot, avg. reward: -6.312, 1.129 sec/game, 2.2 min. total, 450.7 MB
subwoofer_thriving v5 132 games, 95199 moves, e=0.906, loss: 2.5, -, 22.9% elo% vs. simple_bot, avg. reward: -6.309, 1.138 sec/game, 2.3 min. total, 451.3 MB
subwoofer_thriving v5 133 games, 95952 moves, e=0.905, loss: 2.8, -, 22.2% elo% vs. simple_bot, avg. reward: -6.301, 1.147 sec/game, 2.3 min. total, 450.9 MB
subwoofer_thriving v5 134 games, 96652 moves, e=0.904, loss: 2.8, -, 21.5% elo% vs. simple_bot, avg. reward: -6.300, 1.138 sec/game, 2.3 min. total, 450.3 MB
subwoofer_thriving v5 135 games, 97472 moves, e=0.904, loss: 2.9, -, 20.8% elo% vs. simple_bot, avg. reward: -6.290, 1.138 sec/game, 2.3 min. total, 451.4 MB
subwoofer_thriving v5 136 games, 98120 moves, e=0.903, loss: 3.0, -, 20.2% elo% vs. simple_bot, avg. reward: -6.297, 1.129 sec/game, 2.3 min. total, 453.2 MB
subwoofer_thriving v5 137 games, 98858 moves, e=0.902, loss: 3.0, -, 19.6% elo% vs. simple_bot, avg. reward: -6.292, 1.128 sec/game, 2.4 min. total, 452.1 MB
subwoofer_thriving v5 138 games, 99669 moves, e=0.901, loss: 3.0, -, 19.0% elo% vs. simple_bot, avg. reward: -6.279, 1.137 sec/game, 2.4 min. total, 452.6 MB
subwoofer_thriving v5 139 games, 100478 moves, e=0.901, loss: 2.8, -, 18.5% elo% vs. simple_bot, avg. reward: -6.276, 1.136 sec/game, 2.4 min. total, 452.6 MB
subwoofer_thriving v5 140 games, 101234 moves, e=0.900, loss: 3.0, -, 18.0% elo% vs. simple_bot, avg. reward: -6.261, 1.145 sec/game, 2.4 min. total, 454.0 MB
subwoofer_thriving v5 141 games, 102093 moves, e=0.899, loss: 3.0, -, 17.5% elo% vs. simple_bot, avg. reward: -6.254, 1.154 sec/game, 2.4 min. total, 452.6 MB
subwoofer_thriving v5 142 games, 102814 moves, e=0.898, loss: 3.2, -, 17.0% elo% vs. simple_bot, avg. reward: -6.253, 1.161 sec/game, 2.5 min. total, 452.9 MB
subwoofer_thriving v5 143 games, 103574 moves, e=0.897, loss: 3.2, -, 16.6% elo% vs. simple_bot, avg. reward: -6.242, 1.162 sec/game, 2.5 min. total, 454.8 MB
subwoofer_thriving v5 144 games, 104287 moves, e=0.897, loss: 3.3, -, 16.2% elo% vs. simple_bot, avg. reward: -6.230, 1.151 sec/game, 2.5 min. total, 455.8 MB
subwoofer_thriving v5 145 games, 105069 moves, e=0.896, loss: 3.3, -, 15.8% elo% vs. simple_bot, avg. reward: -6.227, 1.157 sec/game, 2.5 min. total, 453.5 MB
subwoofer_thriving v5 146 games, 105794 moves, e=0.895, loss: 3.3, -, 15.4% elo% vs. simple_bot, avg. reward: -6.231, 1.171 sec/game, 2.5 min. total, 456.0 MB
subwoofer_thriving v5 147 games, 106502 moves, e=0.895, loss: 3.3, -, 15.0% elo% vs. simple_bot, avg. reward: -6.231, 1.171 sec/game, 2.6 min. total, 456.1 MB
subwoofer_thriving v5 148 games, 107307 moves, e=0.894, loss: 3.3, -, 14.7% elo% vs. simple_bot, avg. reward: -6.218, 1.174 sec/game, 2.6 min. total, 455.4 MB
subwoofer_thriving v5 149 games, 108029 moves, e=0.893, loss: 3.2, -, 14.3% elo% vs. simple_bot, avg. reward: -6.213, 1.176 sec/game, 2.6 min. total, 456.4 MB
subwoofer_thriving v5 150 games, 108794 moves, e=0.892, loss: 3.1, -, 14.0% elo% vs. simple_bot, avg. reward: -6.211, 1.177 sec/game, 2.6 min. total, 455.1 MB
subwoofer_thriving v5 151 games, 109504 moves, e=0.892, loss: 3.3, -, 13.7% elo% vs. simple_bot, avg. reward: -6.207, 1.176 sec/game, 2.6 min. total, 454.9 MB
subwoofer_thriving v5 152 games, 110245 moves, e=0.891, loss: 3.3, -, 13.4% elo% vs. simple_bot, avg. reward: -6.204, 1.174 sec/game, 2.7 min. total, 457.7 MB
subwoofer_thriving v5 153 games, 111011 moves, e=0.890, loss: 3.3, -, 13.1% elo% vs. simple_bot, avg. reward: -6.200, 1.182 sec/game, 2.7 min. total, 456.2 MB
subwoofer_thriving v5 154 games, 111732 moves, e=0.889, loss: 3.1, -, 12.9% elo% vs. simple_bot, avg. reward: -6.183, 1.170 sec/game, 2.7 min. total, 456.7 MB
subwoofer_thriving v5 155 games, 112558 moves, e=0.889, loss: 3.1, -, 12.6% elo% vs. simple_bot, avg. reward: -6.173, 1.179 sec/game, 2.7 min. total, 455.3 MB
subwoofer_thriving v5 156 games, 113357 moves, e=0.888, loss: 3.2, -, 12.3% elo% vs. simple_bot, avg. reward: -6.170, 1.188 sec/game, 2.7 min. total, 454.9 MB
subwoofer_thriving v5 157 games, 114182 moves, e=0.887, loss: 3.0, -, 12.1% elo% vs. simple_bot, avg. reward: -6.166, 1.200 sec/game, 2.8 min. total, 457.5 MB
subwoofer_thriving v5 158 games, 115046 moves, e=0.886, loss: 3.1, -, 11.9% elo% vs. simple_bot, avg. reward: -6.154, 1.201 sec/game, 2.8 min. total, 454.9 MB
subwoofer_thriving v5 159 games, 115849 moves, e=0.885, loss: 2.9, -, 11.6% elo% vs. simple_bot, avg. reward: -6.140, 1.210 sec/game, 2.8 min. total, 454.9 MB
subwoofer_thriving v5 160 games, 116715 moves, e=0.884, loss: 3.1, -, 11.4% elo% vs. simple_bot, avg. reward: -6.132, 1.213 sec/game, 2.8 min. total, 457.3 MB
subwoofer_thriving v5 161 games, 117546 moves, e=0.884, loss: 3.2, -, 11.2% elo% vs. simple_bot, avg. reward: -6.114, 1.214 sec/game, 2.8 min. total, 457.6 MB
subwoofer_thriving v5 162 games, 118185 moves, e=0.883, loss: 3.2, -, 11.0% elo% vs. simple_bot, avg. reward: -6.109, 1.206 sec/game, 2.9 min. total, 458.6 MB
subwoofer_thriving v5 163 games, 118960 moves, e=0.882, loss: 3.1, -, 10.8% elo% vs. simple_bot, avg. reward: -6.103, 1.208 sec/game, 2.9 min. total, 456.8 MB
subwoofer_thriving v5 164 games, 119729 moves, e=0.881, loss: 3.0, -, 10.6% elo% vs. simple_bot, avg. reward: -6.099, 1.219 sec/game, 2.9 min. total, 457.2 MB
subwoofer_thriving v5 165 games, 120641 moves, e=0.881, loss: 2.9, -, 10.4% elo% vs. simple_bot, avg. reward: -6.085, 1.231 sec/game, 2.9 min. total, 455.9 MB
subwoofer_thriving v5 166 games, 121437 moves, e=0.880, loss: 2.7, -, 10.3% elo% vs. simple_bot, avg. reward: -6.081, 1.218 sec/game, 2.9 min. total, 456.6 MB
subwoofer_thriving v5 167 games, 122319 moves, e=0.879, loss: 2.9, -, 10.1% elo% vs. simple_bot, avg. reward: -6.069, 1.225 sec/game, 3.0 min. total, 456.2 MB
subwoofer_thriving v5 168 games, 122939 moves, e=0.878, loss: 2.9, -, 9.9% elo% vs. simple_bot, avg. reward: -6.084, 1.213 sec/game, 3.0 min. total, 457.1 MB
subwoofer_thriving v5 169 games, 123688 moves, e=0.878, loss: 2.8, -, 9.8% elo% vs. simple_bot, avg. reward: -6.082, 1.223 sec/game, 3.0 min. total, 459.9 MB
subwoofer_thriving v5 170 games, 124501 moves, e=0.877, loss: 2.7, -, 9.6% elo% vs. simple_bot, avg. reward: -6.082, 1.228 sec/game, 3.0 min. total, 460.4 MB
subwoofer_thriving v5 171 games, 125362 moves, e=0.876, loss: 3.0, -, 9.4% elo% vs. simple_bot, avg. reward: -6.069, 1.236 sec/game, 3.1 min. total, 458.2 MB
subwoofer_thriving v5 172 games, 126219 moves, e=0.875, loss: 3.2, -, 9.3% elo% vs. simple_bot, avg. reward: -6.062, 1.245 sec/game, 3.1 min. total, 460.6 MB
subwoofer_thriving v5 173 games, 127012 moves, e=0.874, loss: 3.1, -, 9.2% elo% vs. simple_bot, avg. reward: -6.055, 1.239 sec/game, 3.1 min. total, 459.3 MB
subwoofer_thriving v5 174 games, 127807 moves, e=0.873, loss: 3.0, -, 9.0% elo% vs. simple_bot, avg. reward: -6.050, 1.247 sec/game, 3.1 min. total, 460.7 MB
subwoofer_thriving v5 175 games, 128541 moves, e=0.873, loss: 3.2, -, 8.9% elo% vs. simple_bot, avg. reward: -6.048, 1.239 sec/game, 3.1 min. total, 458.6 MB
subwoofer_thriving v5 176 games, 129309 moves, e=0.872, loss: 3.1, -, 8.7% elo% vs. simple_bot, avg. reward: -6.044, 1.242 sec/game, 3.2 min. total, 460.9 MB
subwoofer_thriving v5 177 games, 129980 moves, e=0.871, loss: 3.1, -, 8.6% elo% vs. simple_bot, avg. reward: -6.050, 1.223 sec/game, 3.2 min. total, 460.6 MB
subwoofer_thriving v5 178 games, 130704 moves, e=0.871, loss: 3.1, -, 8.5% elo% vs. simple_bot, avg. reward: -6.045, 1.234 sec/game, 3.2 min. total, 460.8 MB
subwoofer_thriving v5 179 games, 131476 moves, e=0.870, loss: 3.1, -, 8.4% elo% vs. simple_bot, avg. reward: -6.043, 1.243 sec/game, 3.2 min. total, 459.5 MB
subwoofer_thriving v5 180 games, 132281 moves, e=0.869, loss: 3.2, -, 8.3% elo% vs. simple_bot, avg. reward: -6.023, 1.246 sec/game, 3.2 min. total, 461.5 MB
subwoofer_thriving v5 181 games, 133061 moves, e=0.868, loss: 3.4, -, 8.1% elo% vs. simple_bot, avg. reward: -6.025, 1.240 sec/game, 3.3 min. total, 460.6 MB
subwoofer_thriving v5 182 games, 133855 moves, e=0.867, loss: 3.3, -, 8.0% elo% vs. simple_bot, avg. reward: -6.023, 1.266 sec/game, 3.3 min. total, 462.0 MB
subwoofer_thriving v5 183 games, 134672 moves, e=0.867, loss: 3.4, -, 7.9% elo% vs. simple_bot, avg. reward: -6.005, 1.295 sec/game, 3.3 min. total, 460.4 MB
subwoofer_thriving v5 184 games, 135439 moves, e=0.866, loss: 3.5, -, 7.8% elo% vs. simple_bot, avg. reward: -5.997, 1.317 sec/game, 3.3 min. total, 461.1 MB
subwoofer_thriving v5 185 games, 136144 moves, e=0.865, loss: 3.3, -, 7.7% elo% vs. simple_bot, avg. reward: -5.984, 1.305 sec/game, 3.4 min. total, 461.2 MB
subwoofer_thriving v5 186 games, 136874 moves, e=0.864, loss: 3.1, -, 7.6% elo% vs. simple_bot, avg. reward: -5.985, 1.328 sec/game, 3.4 min. total, 462.5 MB
subwoofer_thriving v5 187 games, 137676 moves, e=0.864, loss: 3.1, -, 7.5% elo% vs. simple_bot, avg. reward: -5.973, 1.332 sec/game, 3.4 min. total, 460.4 MB
subwoofer_thriving v5 188 games, 138311 moves, e=0.863, loss: 3.2, -, 7.4% elo% vs. simple_bot, avg. reward: -5.985, 1.358 sec/game, 3.4 min. total, 462.5 MB
subwoofer_thriving v5 189 games, 139142 moves, e=0.862, loss: 3.2, -, 7.3% elo% vs. simple_bot, avg. reward: -5.982, 1.387 sec/game, 3.5 min. total, 463.6 MB
subwoofer_thriving v5 190 games, 139956 moves, e=0.861, loss: 3.1, -, 7.2% elo% vs. simple_bot, avg. reward: -5.973, 1.389 sec/game, 3.5 min. total, 461.2 MB
subwoofer_thriving v5 191 games, 140785 moves, e=0.861, loss: 3.1, -, 7.1% elo% vs. simple_bot, avg. reward: -5.964, 1.387 sec/game, 3.5 min. total, 461.2 MB
subwoofer_thriving v5 192 games, 141648 moves, e=0.860, loss: 3.1, -, 7.1% elo% vs. simple_bot, avg. reward: -5.953, 1.399 sec/game, 3.5 min. total, 462.5 MB
subwoofer_thriving v5 193 games, 142426 moves, e=0.859, loss: 3.3, -, 7.0% elo% vs. simple_bot, avg. reward: -5.937, 1.402 sec/game, 3.6 min. total, 461.6 MB
subwoofer_thriving v5 194 games, 143281 moves, e=0.858, loss: 3.2, -, 6.9% elo% vs. simple_bot, avg. reward: -5.922, 1.419 sec/game, 3.6 min. total, 462.0 MB
subwoofer_thriving v5 195 games, 144012 moves, e=0.857, loss: 3.3, -, 6.8% elo% vs. simple_bot, avg. reward: -5.932, 1.433 sec/game, 3.6 min. total, 463.8 MB
subwoofer_thriving v5 196 games, 144787 moves, e=0.857, loss: 3.2, -, 6.7% elo% vs. simple_bot, avg. reward: -5.929, 1.448 sec/game, 3.6 min. total, 462.0 MB
subwoofer_thriving v5 197 games, 145620 moves, e=0.856, loss: 3.2, -, 6.7% elo% vs. simple_bot, avg. reward: -5.916, 1.474 sec/game, 3.7 min. total, 463.3 MB
subwoofer_thriving v5 198 games, 146324 moves, e=0.855, loss: 3.3, -, 6.6% elo% vs. simple_bot, avg. reward: -5.920, 1.468 sec/game, 3.7 min. total, 462.6 MB
subwoofer_thriving v5 199 games, 147042 moves, e=0.854, loss: 3.4, -, 6.5% elo% vs. simple_bot, avg. reward: -5.922, 1.448 sec/game, 3.7 min. total, 462.6 MB
subwoofer_thriving v5 200 games, 147763 moves, e=0.854, loss: 3.4, -, 6.4% elo% vs. simple_bot, avg. reward: -5.924, 1.448 sec/game, 3.7 min. total, 462.5 MB
subwoofer_thriving v6 201 games, 148534 moves, e=0.853, loss: 3.3, -, 47.7% elo% vs. simple_bot, avg. reward: -5.923, 1.451 sec/game, 3.7 min. total, 466.1 MB
subwoofer_thriving v6 202 games, 149307 moves, e=0.852, loss: 3.3, -, 45.5% elo% vs. simple_bot, avg. reward: -5.907, 1.441 sec/game, 3.8 min. total, 465.9 MB
subwoofer_thriving v6 203 games, 150259 moves, e=0.851, loss: 3.6, -, 43.4% elo% vs. simple_bot, avg. reward: -5.886, 1.431 sec/game, 3.8 min. total, 465.1 MB
subwoofer_thriving v6 204 games, 151019 moves, e=0.850, loss: 3.5, -, 41.5% elo% vs. simple_bot, avg. reward: -5.889, 1.412 sec/game, 3.8 min. total, 465.0 MB
subwoofer_thriving v6 205 games, 151882 moves, e=0.850, loss: 3.5, -, 39.6% elo% vs. simple_bot, avg. reward: -5.882, 1.426 sec/game, 3.8 min. total, 466.4 MB
subwoofer_thriving v6 206 games, 152656 moves, e=0.849, loss: 3.4, -, 37.9% elo% vs. simple_bot, avg. reward: -5.869, 1.405 sec/game, 3.9 min. total, 467.9 MB
subwoofer_thriving v6 207 games, 153520 moves, e=0.848, loss: 3.4, -, 36.3% elo% vs. simple_bot, avg. reward: -5.852, 1.404 sec/game, 3.9 min. total, 467.5 MB
subwoofer_thriving v6 208 games, 154315 moves, e=0.847, loss: 3.6, -, 34.8% elo% vs. simple_bot, avg. reward: -5.843, 1.392 sec/game, 3.9 min. total, 467.0 MB
subwoofer_thriving v6 209 games, 155176 moves, e=0.846, loss: 3.7, -, 33.3% elo% vs. simple_bot, avg. reward: -5.834, 1.374 sec/game, 3.9 min. total, 465.8 MB
subwoofer_thriving v6 210 games, 156029 moves, e=0.846, loss: 4.0, -, 32.0% elo% vs. simple_bot, avg. reward: -5.832, 1.371 sec/game, 4.0 min. total, 467.7 MB
subwoofer_thriving v6 211 games, 156905 moves, e=0.845, loss: 3.9, -, 30.7% elo% vs. simple_bot, avg. reward: -5.812, 1.378 sec/game, 4.0 min. total, 466.8 MB
subwoofer_thriving v6 212 games, 157618 moves, e=0.844, loss: 4.0, -, 29.5% elo% vs. simple_bot, avg. reward: -5.808, 1.359 sec/game, 4.0 min. total, 466.9 MB
subwoofer_thriving v6 213 games, 158303 moves, e=0.843, loss: 4.0, -, 28.4% elo% vs. simple_bot, avg. reward: -5.807, 1.351 sec/game, 4.0 min. total, 469.3 MB
subwoofer_thriving v6 214 games, 159116 moves, e=0.842, loss: 4.2, -, 27.3% elo% vs. simple_bot, avg. reward: -5.813, 1.347 sec/game, 4.0 min. total, 467.1 MB
subwoofer_thriving v6 215 games, 159900 moves, e=0.842, loss: 4.2, -, 26.4% elo% vs. simple_bot, avg. reward: -5.806, 1.337 sec/game, 4.1 min. total, 468.5 MB
subwoofer_thriving v6 216 games, 160628 moves, e=0.841, loss: 4.3, -, 25.4% elo% vs. simple_bot, avg. reward: -5.811, 1.316 sec/game, 4.1 min. total, 469.6 MB
subwoofer_thriving v6 217 games, 161304 moves, e=0.840, loss: 4.3, -, 24.5% elo% vs. simple_bot, avg. reward: -5.815, 1.304 sec/game, 4.1 min. total, 470.8 MB
subwoofer_thriving v6 218 games, 162265 moves, e=0.839, loss: 4.0, -, 23.7% elo% vs. simple_bot, avg. reward: -5.799, 1.312 sec/game, 4.1 min. total, 468.2 MB
subwoofer_thriving v6 219 games, 162974 moves, e=0.839, loss: 4.3, -, 22.9% elo% vs. simple_bot, avg. reward: -5.799, 1.319 sec/game, 4.1 min. total, 468.2 MB
subwoofer_thriving v6 220 games, 163803 moves, e=0.838, loss: 4.0, -, 22.2% elo% vs. simple_bot, avg. reward: -5.795, 1.319 sec/game, 4.2 min. total, 468.7 MB
subwoofer_thriving v6 221 games, 164603 moves, e=0.837, loss: 4.0, -, 21.5% elo% vs. simple_bot, avg. reward: -5.785, 1.317 sec/game, 4.2 min. total, 468.3 MB
subwoofer_thriving v6 222 games, 165407 moves, e=0.836, loss: 4.2, -, 20.8% elo% vs. simple_bot, avg. reward: -5.778, 1.321 sec/game, 4.2 min. total, 471.6 MB
subwoofer_thriving v6 223 games, 166178 moves, e=0.835, loss: 4.5, -, 20.2% elo% vs. simple_bot, avg. reward: -5.771, 1.304 sec/game, 4.2 min. total, 470.2 MB
subwoofer_thriving v6 224 games, 166984 moves, e=0.835, loss: 4.5, -, 19.6% elo% vs. simple_bot, avg. reward: -5.760, 1.317 sec/game, 4.3 min. total, 469.5 MB
subwoofer_thriving v6 225 games, 167832 moves, e=0.834, loss: 4.5, -, 19.1% elo% vs. simple_bot, avg. reward: -5.741, 1.336 sec/game, 4.3 min. total, 471.2 MB
subwoofer_thriving v6 226 games, 168665 moves, e=0.833, loss: 4.4, -, 18.5% elo% vs. simple_bot, avg. reward: -5.732, 1.355 sec/game, 4.3 min. total, 472.2 MB
subwoofer_thriving v6 227 games, 169512 moves, e=0.832, loss: 4.4, -, 18.0% elo% vs. simple_bot, avg. reward: -5.725, 1.374 sec/game, 4.3 min. total, 471.1 MB
subwoofer_thriving v6 228 games, 170301 moves, e=0.831, loss: 4.5, -, 17.5% elo% vs. simple_bot, avg. reward: -5.726, 1.386 sec/game, 4.4 min. total, 469.9 MB
subwoofer_thriving v6 229 games, 171172 moves, e=0.831, loss: 4.2, -, 17.1% elo% vs. simple_bot, avg. reward: -5.704, 1.403 sec/game, 4.4 min. total, 471.8 MB
subwoofer_thriving v6 230 games, 172054 moves, e=0.830, loss: 4.3, -, 16.6% elo% vs. simple_bot, avg. reward: -5.691, 1.418 sec/game, 4.4 min. total, 469.6 MB
subwoofer_thriving v6 231 games, 172756 moves, e=0.829, loss: 4.4, -, 16.2% elo% vs. simple_bot, avg. reward: -5.704, 1.407 sec/game, 4.4 min. total, 469.7 MB
subwoofer_thriving v6 232 games, 173628 moves, e=0.828, loss: 4.5, -, 15.8% elo% vs. simple_bot, avg. reward: -5.696, 1.427 sec/game, 4.5 min. total, 472.0 MB
subwoofer_thriving v6 233 games, 174466 moves, e=0.827, loss: 4.3, -, 15.4% elo% vs. simple_bot, avg. reward: -5.688, 1.455 sec/game, 4.5 min. total, 471.3 MB
subwoofer_thriving v6 234 games, 175243 moves, e=0.827, loss: 4.2, -, 15.1% elo% vs. simple_bot, avg. reward: -5.681, 1.456 sec/game, 4.5 min. total, 474.1 MB
subwoofer_thriving v6 235 games, 176093 moves, e=0.826, loss: 4.2, -, 14.7% elo% vs. simple_bot, avg. reward: -5.676, 1.472 sec/game, 4.5 min. total, 471.1 MB
subwoofer_thriving v6 236 games, 176963 moves, e=0.825, loss: 4.2, -, 14.4% elo% vs. simple_bot, avg. reward: -5.657, 1.500 sec/game, 4.6 min. total, 471.1 MB
subwoofer_thriving v6 237 games, 177792 moves, e=0.824, loss: 4.4, -, 14.0% elo% vs. simple_bot, avg. reward: -5.651, 1.512 sec/game, 4.6 min. total, 472.9 MB
subwoofer_thriving v6 238 games, 178499 moves, e=0.823, loss: 4.2, -, 13.7% elo% vs. simple_bot, avg. reward: -5.657, 1.502 sec/game, 4.6 min. total, 471.5 MB
subwoofer_thriving v6 239 games, 179427 moves, e=0.822, loss: 4.3, -, 13.4% elo% vs. simple_bot, avg. reward: -5.645, 1.520 sec/game, 4.6 min. total, 473.5 MB
subwoofer_thriving v6 240 games, 180221 moves, e=0.822, loss: 4.2, -, 13.1% elo% vs. simple_bot, avg. reward: -5.647, 1.529 sec/game, 4.7 min. total, 471.3 MB
subwoofer_thriving v6 241 games, 181122 moves, e=0.821, loss: 4.3, -, 12.9% elo% vs. simple_bot, avg. reward: -5.644, 1.550 sec/game, 4.7 min. total, 471.3 MB
subwoofer_thriving v6 242 games, 181953 moves, e=0.820, loss: 4.3, -, 12.6% elo% vs. simple_bot, avg. reward: -5.634, 1.551 sec/game, 4.7 min. total, 472.2 MB
subwoofer_thriving v6 243 games, 182724 moves, e=0.819, loss: 4.2, -, 12.4% elo% vs. simple_bot, avg. reward: -5.633, 1.562 sec/game, 4.7 min. total, 474.4 MB
subwoofer_thriving v6 244 games, 183645 moves, e=0.818, loss: 4.6, -, 12.1% elo% vs. simple_bot, avg. reward: -5.616, 1.567 sec/game, 4.8 min. total, 474.0 MB
subwoofer_thriving v6 245 games, 184639 moves, e=0.817, loss: 4.4, -, 11.9% elo% vs. simple_bot, avg. reward: -5.601, 1.574 sec/game, 4.8 min. total, 474.0 MB
subwoofer_thriving v6 246 games, 185485 moves, e=0.816, loss: 4.2, -, 11.7% elo% vs. simple_bot, avg. reward: -5.588, 1.581 sec/game, 4.8 min. total, 474.4 MB
subwoofer_thriving v6 247 games, 186289 moves, e=0.816, loss: 4.1, -, 11.4% elo% vs. simple_bot, avg. reward: -5.577, 1.574 sec/game, 4.9 min. total, 474.9 MB
subwoofer_thriving v6 248 games, 187112 moves, e=0.815, loss: 4.3, -, 11.2% elo% vs. simple_bot, avg. reward: -5.572, 1.567 sec/game, 4.9 min. total, 473.8 MB
subwoofer_thriving v6 249 games, 188078 moves, e=0.814, loss: 4.1, -, 11.0% elo% vs. simple_bot, avg. reward: -5.556, 1.572 sec/game, 4.9 min. total, 475.0 MB
subwoofer_thriving v6 250 games, 188999 moves, e=0.813, loss: 4.0, -, 10.8% elo% vs. simple_bot, avg. reward: -5.542, 1.577 sec/game, 4.9 min. total, 476.6 MB
subwoofer_thriving v6 251 games, 189883 moves, e=0.812, loss: 3.9, -, 10.6% elo% vs. simple_bot, avg. reward: -5.528, 1.605 sec/game, 5.0 min. total, 475.9 MB
subwoofer_thriving v6 252 games, 190669 moves, e=0.811, loss: 4.2, -, 10.4% elo% vs. simple_bot, avg. reward: -5.525, 1.594 sec/game, 5.0 min. total, 475.4 MB
subwoofer_thriving v6 253 games, 191406 moves, e=0.811, loss: 4.2, -, 10.3% elo% vs. simple_bot, avg. reward: -5.528, 1.573 sec/game, 5.0 min. total, 478.1 MB
subwoofer_thriving v6 254 games, 192255 moves, e=0.810, loss: 4.1, -, 10.1% elo% vs. simple_bot, avg. reward: -5.514, 1.562 sec/game, 5.0 min. total, 476.8 MB
subwoofer_thriving v6 255 games, 193057 moves, e=0.809, loss: 4.2, -, 9.9% elo% vs. simple_bot, avg. reward: -5.518, 1.551 sec/game, 5.1 min. total, 476.2 MB
subwoofer_thriving v6 256 games, 193785 moves, e=0.808, loss: 4.3, -, 9.8% elo% vs. simple_bot, avg. reward: -5.522, 1.522 sec/game, 5.1 min. total, 476.6 MB
subwoofer_thriving v6 257 games, 194561 moves, e=0.807, loss: 4.4, -, 9.6% elo% vs. simple_bot, avg. reward: -5.526, 1.514 sec/game, 5.1 min. total, 477.3 MB
subwoofer_thriving v6 258 games, 195406 moves, e=0.807, loss: 4.2, -, 9.5% elo% vs. simple_bot, avg. reward: -5.528, 1.518 sec/game, 5.1 min. total, 477.1 MB
subwoofer_thriving v6 259 games, 196208 moves, e=0.806, loss: 4.1, -, 9.3% elo% vs. simple_bot, avg. reward: -5.522, 1.510 sec/game, 5.2 min. total, 478.9 MB
subwoofer_thriving v6 260 games, 197061 moves, e=0.805, loss: 4.2, -, 9.2% elo% vs. simple_bot, avg. reward: -5.522, 1.516 sec/game, 5.2 min. total, 479.8 MB
subwoofer_thriving v6 261 games, 197846 moves, e=0.804, loss: 4.3, -, 9.0% elo% vs. simple_bot, avg. reward: -5.518, 1.494 sec/game, 5.2 min. total, 479.4 MB
subwoofer_thriving v6 262 games, 198605 moves, e=0.803, loss: 4.5, -, 8.9% elo% vs. simple_bot, avg. reward: -5.505, 1.485 sec/game, 5.2 min. total, 477.7 MB
subwoofer_thriving v6 263 games, 199442 moves, e=0.803, loss: 4.4, -, 8.8% elo% vs. simple_bot, avg. reward: -5.502, 1.484 sec/game, 5.2 min. total, 479.6 MB
subwoofer_thriving v6 264 games, 200287 moves, e=0.802, loss: 4.3, -, 8.6% elo% vs. simple_bot, avg. reward: -5.498, 1.468 sec/game, 5.3 min. total, 479.2 MB
subwoofer_thriving v6 265 games, 201127 moves, e=0.801, loss: 4.2, -, 8.5% elo% vs. simple_bot, avg. reward: -5.504, 1.444 sec/game, 5.3 min. total, 478.9 MB
subwoofer_thriving v6 266 games, 201918 moves, e=0.800, loss: 4.0, -, 8.4% elo% vs. simple_bot, avg. reward: -5.502, 1.424 sec/game, 5.3 min. total, 478.5 MB
subwoofer_thriving v6 267 games, 202770 moves, e=0.799, loss: 4.1, -, 8.3% elo% vs. simple_bot, avg. reward: -5.504, 1.413 sec/game, 5.3 min. total, 479.0 MB
subwoofer_thriving v6 268 games, 203516 moves, e=0.799, loss: 4.2, -, 8.1% elo% vs. simple_bot, avg. reward: -5.489, 1.403 sec/game, 5.4 min. total, 480.4 MB
subwoofer_thriving v6 269 games, 204264 moves, e=0.798, loss: 4.1, -, 8.0% elo% vs. simple_bot, avg. reward: -5.487, 1.375 sec/game, 5.4 min. total, 480.3 MB
subwoofer_thriving v6 270 games, 205254 moves, e=0.797, loss: 4.1, -, 7.9% elo% vs. simple_bot, avg. reward: -5.473, 1.379 sec/game, 5.4 min. total, 480.1 MB
subwoofer_thriving v6 271 games, 206180 moves, e=0.796, loss: 4.0, -, 7.8% elo% vs. simple_bot, avg. reward: -5.468, 1.364 sec/game, 5.4 min. total, 481.4 MB
subwoofer_thriving v6 272 games, 207027 moves, e=0.795, loss: 4.4, -, 7.7% elo% vs. simple_bot, avg. reward: -5.472, 1.370 sec/game, 5.5 min. total, 480.9 MB
subwoofer_thriving v6 273 games, 207852 moves, e=0.794, loss: 4.3, -, 7.6% elo% vs. simple_bot, avg. reward: -5.465, 1.372 sec/game, 5.5 min. total, 480.5 MB
subwoofer_thriving v6 274 games, 208653 moves, e=0.793, loss: 4.4, -, 7.5% elo% vs. simple_bot, avg. reward: -5.463, 1.388 sec/game, 5.5 min. total, 482.1 MB
subwoofer_thriving v6 275 games, 209552 moves, e=0.793, loss: 4.7, -, 7.4% elo% vs. simple_bot, avg. reward: -5.454, 1.402 sec/game, 5.5 min. total, 479.6 MB
subwoofer_thriving v6 276 games, 210271 moves, e=0.792, loss: 4.6, -, 7.3% elo% vs. simple_bot, avg. reward: -5.457, 1.402 sec/game, 5.6 min. total, 480.5 MB
subwoofer_thriving v6 277 games, 211107 moves, e=0.791, loss: 4.4, -, 7.2% elo% vs. simple_bot, avg. reward: -5.435, 1.427 sec/game, 5.6 min. total, 480.6 MB
subwoofer_thriving v6 278 games, 211920 moves, e=0.790, loss: 4.4, -, 7.2% elo% vs. simple_bot, avg. reward: -5.426, 1.427 sec/game, 5.6 min. total, 482.4 MB
subwoofer_thriving v6 279 games, 212772 moves, e=0.789, loss: 4.6, -, 7.1% elo% vs. simple_bot, avg. reward: -5.414, 1.427 sec/game, 5.6 min. total, 482.2 MB
subwoofer_thriving v6 280 games, 213587 moves, e=0.789, loss: 4.5, -, 7.0% elo% vs. simple_bot, avg. reward: -5.416, 1.414 sec/game, 5.7 min. total, 481.3 MB
subwoofer_thriving v6 281 games, 214476 moves, e=0.788, loss: 4.9, -, 6.9% elo% vs. simple_bot, avg. reward: -5.407, 1.423 sec/game, 5.7 min. total, 481.9 MB
subwoofer_thriving v6 282 games, 215307 moves, e=0.787, loss: 4.8, -, 6.8% elo% vs. simple_bot, avg. reward: -5.405, 1.434 sec/game, 5.7 min. total, 481.4 MB
subwoofer_thriving v6 283 games, 216132 moves, e=0.786, loss: 4.8, -, 6.7% elo% vs. simple_bot, avg. reward: -5.403, 1.432 sec/game, 5.7 min. total, 483.9 MB
subwoofer_thriving v6 284 games, 216994 moves, e=0.785, loss: 4.6, -, 6.7% elo% vs. simple_bot, avg. reward: -5.397, 1.437 sec/game, 5.7 min. total, 482.7 MB
subwoofer_thriving v6 285 games, 217853 moves, e=0.784, loss: 4.4, -, 6.6% elo% vs. simple_bot, avg. reward: -5.381, 1.429 sec/game, 5.8 min. total, 482.0 MB
subwoofer_thriving v6 286 games, 218622 moves, e=0.784, loss: 4.6, -, 6.5% elo% vs. simple_bot, avg. reward: -5.374, 1.422 sec/game, 5.8 min. total, 483.7 MB
subwoofer_thriving v6 287 games, 219484 moves, e=0.783, loss: 4.4, -, 6.4% elo% vs. simple_bot, avg. reward: -5.367, 1.420 sec/game, 5.8 min. total, 484.6 MB
subwoofer_thriving v6 288 games, 220260 moves, e=0.782, loss: 4.4, -, 6.4% elo% vs. simple_bot, avg. reward: -5.348, 1.423 sec/game, 5.8 min. total, 482.1 MB
subwoofer_thriving v6 289 games, 221151 moves, e=0.781, loss: 4.6, -, 6.3% elo% vs. simple_bot, avg. reward: -5.344, 1.430 sec/game, 5.9 min. total, 482.9 MB
subwoofer_thriving v6 290 games, 222029 moves, e=0.780, loss: 5.0, -, 6.2% elo% vs. simple_bot, avg. reward: -5.336, 1.416 sec/game, 5.9 min. total, 482.2 MB
subwoofer_thriving v6 291 games, 222932 moves, e=0.779, loss: 4.9, -, 6.2% elo% vs. simple_bot, avg. reward: -5.330, 1.419 sec/game, 5.9 min. total, 482.9 MB
subwoofer_thriving v6 292 games, 223845 moves, e=0.778, loss: 4.8, -, 6.1% elo% vs. simple_bot, avg. reward: -5.325, 1.417 sec/game, 5.9 min. total, 483.8 MB
subwoofer_thriving v6 293 games, 224804 moves, e=0.777, loss: 5.1, -, 6.0% elo% vs. simple_bot, avg. reward: -5.309, 1.433 sec/game, 6.0 min. total, 484.3 MB
subwoofer_thriving v6 294 games, 225744 moves, e=0.777, loss: 5.1, -, 6.0% elo% vs. simple_bot, avg. reward: -5.301, 1.427 sec/game, 6.0 min. total, 484.8 MB
subwoofer_thriving v6 295 games, 226640 moves, e=0.776, loss: 5.2, -, 5.9% elo% vs. simple_bot, avg. reward: -5.285, 1.416 sec/game, 6.0 min. total, 483.6 MB
subwoofer_thriving v6 296 games, 227575 moves, e=0.775, loss: 5.1, -, 5.8% elo% vs. simple_bot, avg. reward: -5.271, 1.436 sec/game, 6.0 min. total, 483.5 MB
subwoofer_thriving v6 297 games, 228611 moves, e=0.774, loss: 5.1, -, 5.8% elo% vs. simple_bot, avg. reward: -5.259, 1.431 sec/game, 6.1 min. total, 483.2 MB
subwoofer_thriving v6 298 games, 229702 moves, e=0.773, loss: 5.5, -, 5.7% elo% vs. simple_bot, avg. reward: -5.236, 1.450 sec/game, 6.1 min. total, 484.6 MB
subwoofer_thriving v6 299 games, 230572 moves, e=0.772, loss: 5.7, -, 5.7% elo% vs. simple_bot, avg. reward: -5.222, 1.448 sec/game, 6.1 min. total, 485.1 MB
subwoofer_thriving v6 300 games, 231369 moves, e=0.771, loss: 5.5, -, 5.6% elo% vs. simple_bot, avg. reward: -5.212, 1.445 sec/game, 6.1 min. total, 486.6 MB
subwoofer_thriving v7 301 games, 232279 moves, e=0.770, loss: 5.4, -, 47.7% elo% vs. simple_bot, avg. reward: -5.195, 1.448 sec/game, 6.2 min. total, 486.8 MB
subwoofer_thriving v7 302 games, 233249 moves, e=0.769, loss: 5.8, -, 45.5% elo% vs. simple_bot, avg. reward: -5.179, 1.458 sec/game, 6.2 min. total, 487.3 MB
subwoofer_thriving v7 303 games, 234048 moves, e=0.768, loss: 6.0, -, 43.4% elo% vs. simple_bot, avg. reward: -5.187, 1.452 sec/game, 6.2 min. total, 487.8 MB
subwoofer_thriving v7 304 games, 234904 moves, e=0.767, loss: 6.0, -, 41.5% elo% vs. simple_bot, avg. reward: -5.179, 1.453 sec/game, 6.2 min. total, 486.3 MB
subwoofer_thriving v7 305 games, 235721 moves, e=0.767, loss: 6.1, -, 39.6% elo% vs. simple_bot, avg. reward: -5.184, 1.450 sec/game, 6.3 min. total, 487.3 MB
subwoofer_thriving v7 306 games, 236473 moves, e=0.766, loss: 5.8, ., 40.1% elo% vs. simple_bot, avg. reward: -5.181, 1.450 sec/game, 6.3 min. total, 486.5 MB
subwoofer_thriving v7 307 games, 237426 moves, e=0.765, loss: 5.6, -, 38.3% elo% vs. simple_bot, avg. reward: -5.175, 1.453 sec/game, 6.3 min. total, 487.3 MB
subwoofer_thriving v7 308 games, 238269 moves, e=0.764, loss: 5.1, -, 36.7% elo% vs. simple_bot, avg. reward: -5.170, 1.463 sec/game, 6.3 min. total, 488.4 MB
subwoofer_thriving v7 309 games, 239107 moves, e=0.763, loss: 5.4, -, 35.1% elo% vs. simple_bot, avg. reward: -5.167, 1.464 sec/game, 6.3 min. total, 488.0 MB
subwoofer_thriving v7 310 games, 240027 moves, e=0.762, loss: 5.5, -, 33.7% elo% vs. simple_bot, avg. reward: -5.159, 1.463 sec/game, 6.4 min. total, 488.5 MB
subwoofer_thriving v7 311 games, 240903 moves, e=0.762, loss: 5.5, -, 32.3% elo% vs. simple_bot, avg. reward: -5.159, 1.463 sec/game, 6.4 min. total, 488.0 MB
subwoofer_thriving v7 312 games, 241751 moves, e=0.761, loss: 5.5, -, 31.0% elo% vs. simple_bot, avg. reward: -5.144, 1.455 sec/game, 6.4 min. total, 488.8 MB
subwoofer_thriving v7 313 games, 242472 moves, e=0.760, loss: 5.4, +, 33.8% elo% vs. simple_bot, avg. reward: -5.139, 1.436 sec/game, 6.4 min. total, 488.4 MB
subwoofer_thriving v7 314 games, 243290 moves, e=0.759, loss: 6.1, -, 32.4% elo% vs. simple_bot, avg. reward: -5.136, 1.431 sec/game, 6.5 min. total, 488.8 MB
subwoofer_thriving v7 315 games, 244205 moves, e=0.758, loss: 5.9, -, 31.1% elo% vs. simple_bot, avg. reward: -5.126, 1.436 sec/game, 6.5 min. total, 490.3 MB
subwoofer_thriving v7 316 games, 245069 moves, e=0.757, loss: 5.9, -, 29.9% elo% vs. simple_bot, avg. reward: -5.113, 1.439 sec/game, 6.5 min. total, 491.9 MB
subwoofer_thriving v7 317 games, 245783 moves, e=0.757, loss: 5.7, -, 28.8% elo% vs. simple_bot, avg. reward: -5.108, 1.413 sec/game, 6.5 min. total, 490.1 MB
subwoofer_thriving v7 318 games, 246748 moves, e=0.756, loss: 5.6, -, 27.7% elo% vs. simple_bot, avg. reward: -5.104, 1.403 sec/game, 6.6 min. total, 491.4 MB
subwoofer_thriving v7 319 games, 247451 moves, e=0.755, loss: 5.7, -, 26.7% elo% vs. simple_bot, avg. reward: -5.103, 1.393 sec/game, 6.6 min. total, 491.9 MB
subwoofer_thriving v7 320 games, 248427 moves, e=0.754, loss: 5.9, -, 25.7% elo% vs. simple_bot, avg. reward: -5.090, 1.409 sec/game, 6.6 min. total, 490.2 MB
subwoofer_thriving v7 321 games, 249323 moves, e=0.753, loss: 5.6, -, 24.8% elo% vs. simple_bot, avg. reward: -5.080, 1.406 sec/game, 6.6 min. total, 490.1 MB
subwoofer_thriving v7 322 games, 250180 moves, e=0.752, loss: 6.1, -, 24.0% elo% vs. simple_bot, avg. reward: -5.069, 1.400 sec/game, 6.7 min. total, 491.0 MB
subwoofer_thriving v7 323 games, 251193 moves, e=0.751, loss: 6.8, -, 23.2% elo% vs. simple_bot, avg. reward: -5.054, 1.426 sec/game, 6.7 min. total, 491.7 MB
subwoofer_thriving v7 324 games, 252137 moves, e=0.750, loss: 6.5, -, 22.4% elo% vs. simple_bot, avg. reward: -5.045, 1.429 sec/game, 6.7 min. total, 490.4 MB
subwoofer_thriving v7 325 games, 253000 moves, e=0.750, loss: 6.3, -, 21.7% elo% vs. simple_bot, avg. reward: -5.043, 1.438 sec/game, 6.7 min. total, 493.3 MB
subwoofer_thriving v7 326 games, 253936 moves, e=0.749, loss: 6.2, -, 21.1% elo% vs. simple_bot, avg. reward: -5.033, 1.449 sec/game, 6.8 min. total, 492.1 MB
subwoofer_thriving v7 327 games, 254726 moves, e=0.748, loss: 5.8, -, 20.4% elo% vs. simple_bot, avg. reward: -5.040, 1.447 sec/game, 6.8 min. total, 491.3 MB
subwoofer_thriving v7 328 games, 255754 moves, e=0.747, loss: 6.2, -, 19.8% elo% vs. simple_bot, avg. reward: -5.023, 1.457 sec/game, 6.8 min. total, 491.8 MB
subwoofer_thriving v7 329 games, 256759 moves, e=0.746, loss: 6.1, -, 19.2% elo% vs. simple_bot, avg. reward: -5.011, 1.460 sec/game, 6.8 min. total, 491.4 MB
subwoofer_thriving v7 330 games, 257564 moves, e=0.745, loss: 5.9, -, 18.7% elo% vs. simple_bot, avg. reward: -5.017, 1.459 sec/game, 6.9 min. total, 492.3 MB
subwoofer_thriving v7 331 games, 258296 moves, e=0.744, loss: 6.0, -, 18.2% elo% vs. simple_bot, avg. reward: -5.009, 1.437 sec/game, 6.9 min. total, 495.0 MB
subwoofer_thriving v7 332 games, 259257 moves, e=0.743, loss: 6.3, -, 17.7% elo% vs. simple_bot, avg. reward: -4.997, 1.458 sec/game, 6.9 min. total, 494.8 MB
subwoofer_thriving v7 333 games, 260066 moves, e=0.743, loss: 6.3, -, 17.2% elo% vs. simple_bot, avg. reward: -4.995, 1.461 sec/game, 6.9 min. total, 492.7 MB
subwoofer_thriving v7 334 games, 260974 moves, e=0.742, loss: 6.7, -, 16.8% elo% vs. simple_bot, avg. reward: -4.985, 1.467 sec/game, 6.9 min. total, 492.2 MB
subwoofer_thriving v7 335 games, 261907 moves, e=0.741, loss: 6.5, -, 16.3% elo% vs. simple_bot, avg. reward: -4.977, 1.473 sec/game, 7.0 min. total, 493.8 MB
subwoofer_thriving v7 336 games, 262929 moves, e=0.740, loss: 6.4, -, 15.9% elo% vs. simple_bot, avg. reward: -4.964, 1.478 sec/game, 7.0 min. total, 495.2 MB
subwoofer_thriving v7 337 games, 263883 moves, e=0.739, loss: 6.3, -, 15.5% elo% vs. simple_bot, avg. reward: -4.954, 1.490 sec/game, 7.0 min. total, 494.4 MB
subwoofer_thriving v7 338 games, 264870 moves, e=0.738, loss: 6.4, -, 15.2% elo% vs. simple_bot, avg. reward: -4.934, 1.501 sec/game, 7.1 min. total, 494.5 MB
subwoofer_thriving v7 339 games, 265689 moves, e=0.737, loss: 6.1, -, 14.8% elo% vs. simple_bot, avg. reward: -4.941, 1.505 sec/game, 7.1 min. total, 494.2 MB
subwoofer_thriving v7 340 games, 266576 moves, e=0.736, loss: 6.4, -, 14.5% elo% vs. simple_bot, avg. reward: -4.931, 1.503 sec/game, 7.1 min. total, 494.6 MB
subwoofer_thriving v7 341 games, 267600 moves, e=0.735, loss: 6.2, -, 14.1% elo% vs. simple_bot, avg. reward: -4.922, 1.519 sec/game, 7.1 min. total, 495.2 MB
subwoofer_thriving v7 342 games, 268565 moves, e=0.734, loss: 6.3, -, 13.8% elo% vs. simple_bot, avg. reward: -4.912, 1.525 sec/game, 7.2 min. total, 497.1 MB
subwoofer_thriving v7 343 games, 269404 moves, e=0.733, loss: 6.2, -, 13.5% elo% vs. simple_bot, avg. reward: -4.904, 1.501 sec/game, 7.2 min. total, 497.3 MB
subwoofer_thriving v7 344 games, 270235 moves, e=0.732, loss: 6.4, -, 13.2% elo% vs. simple_bot, avg. reward: -4.905, 1.498 sec/game, 7.2 min. total, 495.5 MB
subwoofer_thriving v7 345 games, 271155 moves, e=0.732, loss: 6.0, -, 13.0% elo% vs. simple_bot, avg. reward: -4.908, 1.500 sec/game, 7.2 min. total, 497.8 MB
subwoofer_thriving v7 346 games, 271976 moves, e=0.731, loss: 6.2, -, 12.7% elo% vs. simple_bot, avg. reward: -4.910, 1.491 sec/game, 7.3 min. total, 497.5 MB
subwoofer_thriving v7 347 games, 272873 moves, e=0.730, loss: 6.1, -, 12.4% elo% vs. simple_bot, avg. reward: -4.905, 1.491 sec/game, 7.3 min. total, 498.3 MB
subwoofer_thriving v7 348 games, 273936 moves, e=0.729, loss: 6.2, -, 12.2% elo% vs. simple_bot, avg. reward: -4.893, 1.501 sec/game, 7.3 min. total, 496.8 MB
subwoofer_thriving v7 349 games, 274838 moves, e=0.728, loss: 6.1, -, 12.0% elo% vs. simple_bot, avg. reward: -4.896, 1.503 sec/game, 7.3 min. total, 496.7 MB
subwoofer_thriving v7 350 games, 275630 moves, e=0.727, loss: 6.3, -, 11.7% elo% vs. simple_bot, avg. reward: -4.900, 1.495 sec/game, 7.4 min. total, 497.6 MB
subwoofer_thriving v7 351 games, 276579 moves, e=0.726, loss: 6.4, -, 11.5% elo% vs. simple_bot, avg. reward: -4.894, 1.514 sec/game, 7.4 min. total, 497.2 MB
subwoofer_thriving v7 352 games, 277463 moves, e=0.725, loss: 6.4, -, 11.3% elo% vs. simple_bot, avg. reward: -4.884, 1.500 sec/game, 7.4 min. total, 496.7 MB
subwoofer_thriving v7 353 games, 278390 moves, e=0.724, loss: 6.3, -, 11.1% elo% vs. simple_bot, avg. reward: -4.864, 1.513 sec/game, 7.4 min. total, 497.1 MB
subwoofer_thriving v7 354 games, 279284 moves, e=0.724, loss: 6.1, -, 10.9% elo% vs. simple_bot, avg. reward: -4.859, 1.515 sec/game, 7.5 min. total, 497.1 MB
subwoofer_thriving v7 355 games, 280178 moves, e=0.723, loss: 6.0, -, 10.7% elo% vs. simple_bot, avg. reward: -4.847, 1.508 sec/game, 7.5 min. total, 498.0 MB
subwoofer_thriving v7 356 games, 280911 moves, e=0.722, loss: 6.0, -, 10.5% elo% vs. simple_bot, avg. reward: -4.838, 1.489 sec/game, 7.5 min. total, 498.1 MB
subwoofer_thriving v7 357 games, 281796 moves, e=0.721, loss: 5.9, -, 10.3% elo% vs. simple_bot, avg. reward: -4.824, 1.488 sec/game, 7.5 min. total, 499.8 MB
subwoofer_thriving v7 358 games, 282607 moves, e=0.720, loss: 5.8, -, 10.2% elo% vs. simple_bot, avg. reward: -4.822, 1.467 sec/game, 7.5 min. total, 500.9 MB
subwoofer_thriving v7 359 games, 283708 moves, e=0.719, loss: 5.7, -, 10.0% elo% vs. simple_bot, avg. reward: -4.805, 1.494 sec/game, 7.6 min. total, 500.1 MB
subwoofer_thriving v7 360 games, 284654 moves, e=0.718, loss: 5.9, -, 9.8% elo% vs. simple_bot, avg. reward: -4.800, 1.494 sec/game, 7.6 min. total, 500.6 MB
subwoofer_thriving v7 361 games, 285690 moves, e=0.717, loss: 5.9, -, 9.7% elo% vs. simple_bot, avg. reward: -4.789, 1.487 sec/game, 7.6 min. total, 499.8 MB
subwoofer_thriving v7 362 games, 286553 moves, e=0.716, loss: 6.5, -, 9.5% elo% vs. simple_bot, avg. reward: -4.782, 1.480 sec/game, 7.7 min. total, 501.7 MB
subwoofer_thriving v7 363 games, 287575 moves, e=0.715, loss: 6.4, -, 9.4% elo% vs. simple_bot, avg. reward: -4.767, 1.497 sec/game, 7.7 min. total, 500.9 MB
subwoofer_thriving v7 364 games, 288529 moves, e=0.714, loss: 6.6, +, 10.9% elo% vs. simple_bot, avg. reward: -4.755, 1.510 sec/game, 7.7 min. total, 500.2 MB
subwoofer_thriving v7 365 games, 289470 moves, e=0.713, loss: 6.7, -, 10.7% elo% vs. simple_bot, avg. reward: -4.740, 1.511 sec/game, 7.7 min. total, 500.2 MB
subwoofer_thriving v7 366 games, 290493 moves, e=0.712, loss: 6.2, -, 10.5% elo% vs. simple_bot, avg. reward: -4.721, 1.531 sec/game, 7.8 min. total, 500.3 MB
subwoofer_thriving v7 367 games, 291496 moves, e=0.711, loss: 6.4, -, 10.3% elo% vs. simple_bot, avg. reward: -4.708, 1.543 sec/game, 7.8 min. total, 501.7 MB
subwoofer_thriving v7 368 games, 292400 moves, e=0.711, loss: 6.2, -, 10.1% elo% vs. simple_bot, avg. reward: -4.691, 1.525 sec/game, 7.8 min. total, 500.9 MB
subwoofer_thriving v7 369 games, 293288 moves, e=0.710, loss: 6.1, -, 10.0% elo% vs. simple_bot, avg. reward: -4.677, 1.523 sec/game, 7.8 min. total, 501.7 MB
subwoofer_thriving v7 370 games, 294283 moves, e=0.709, loss: 6.3, -, 9.8% elo% vs. simple_bot, avg. reward: -4.671, 1.543 sec/game, 7.9 min. total, 501.9 MB
subwoofer_thriving v7 371 games, 295153 moves, e=0.708, loss: 6.8, -, 9.6% elo% vs. simple_bot, avg. reward: -4.672, 1.537 sec/game, 7.9 min. total, 502.4 MB
subwoofer_thriving v7 372 games, 296089 moves, e=0.707, loss: 6.5, -, 9.5% elo% vs. simple_bot, avg. reward: -4.660, 1.546 sec/game, 7.9 min. total, 502.4 MB
subwoofer_thriving v7 373 games, 297094 moves, e=0.706, loss: 6.3, -, 9.3% elo% vs. simple_bot, avg. reward: -4.650, 1.552 sec/game, 7.9 min. total, 501.8 MB
subwoofer_thriving v7 374 games, 298111 moves, e=0.705, loss: 6.2, -, 9.2% elo% vs. simple_bot, avg. reward: -4.633, 1.553 sec/game, 8.0 min. total, 505.6 MB
subwoofer_thriving v7 375 games, 299045 moves, e=0.704, loss: 6.7, -, 9.1% elo% vs. simple_bot, avg. reward: -4.625, 1.561 sec/game, 8.0 min. total, 502.6 MB
subwoofer_thriving v7 376 games, 300054 moves, e=0.703, loss: 6.8, -, 8.9% elo% vs. simple_bot, avg. reward: -4.598, 1.581 sec/game, 8.0 min. total, 504.9 MB
subwoofer_thriving v7 377 games, 301047 moves, e=0.702, loss: 7.3, -, 8.8% elo% vs. simple_bot, avg. reward: -4.591, 1.584 sec/game, 8.1 min. total, 504.0 MB
subwoofer_thriving v7 378 games, 302007 moves, e=0.701, loss: 7.5, -, 8.7% elo% vs. simple_bot, avg. reward: -4.576, 1.600 sec/game, 8.1 min. total, 502.7 MB
subwoofer_thriving v7 379 games, 303028 moves, e=0.700, loss: 7.3, -, 8.5% elo% vs. simple_bot, avg. reward: -4.570, 1.592 sec/game, 8.1 min. total, 504.2 MB
subwoofer_thriving v7 380 games, 303792 moves, e=0.699, loss: 7.0, -, 8.4% elo% vs. simple_bot, avg. reward: -4.574, 1.583 sec/game, 8.1 min. total, 504.2 MB
subwoofer_thriving v7 381 games, 304668 moves, e=0.698, loss: 7.3, -, 8.3% elo% vs. simple_bot, avg. reward: -4.571, 1.576 sec/game, 8.2 min. total, 503.5 MB
