keenness_detonator v0 0 games, 0 moves, e=1.000, loss: nan,  , 50.0% elo% vs. , avg. reward: nan, nan sec/game, 0.0 min. total, 305.2 MB
keenness_detonator v1 1 games, 747 moves, e=0.999, loss: nan, -, 47.7% elo% vs. random_bot, avg. reward: -7.392, 0.378 sec/game, 0.0 min. total, 313.8 MB
keenness_detonator v1 2 games, 1512 moves, e=0.999, loss: nan, ., 47.8% elo% vs. random_bot, avg. reward: -7.306, 0.383 sec/game, 0.0 min. total, 315.9 MB
keenness_detonator v1 3 games, 2178 moves, e=0.998, loss: nan, -, 45.6% elo% vs. random_bot, avg. reward: -7.813, 0.363 sec/game, 0.0 min. total, 318.7 MB
keenness_detonator v1 4 games, 2830 moves, e=0.997, loss: nan, +, 48.1% elo% vs. random_bot, avg. reward: -8.189, 0.351 sec/game, 0.0 min. total, 321.5 MB
keenness_detonator v1 5 games, 3549 moves, e=0.996, loss: nan, +, 50.5% elo% vs. random_bot, avg. reward: -8.147, 0.352 sec/game, 0.0 min. total, 324.8 MB
keenness_detonator v1 6 games, 4267 moves, e=0.996, loss: nan, +, 52.8% elo% vs. random_bot, avg. reward: -8.195, 0.352 sec/game, 0.0 min. total, 327.7 MB
keenness_detonator v1 7 games, 4806 moves, e=0.995, loss: nan, +, 54.9% elo% vs. random_bot, avg. reward: -8.731, 0.340 sec/game, 0.0 min. total, 330.5 MB
keenness_detonator v1 8 games, 5472 moves, e=0.995, loss: nan, -, 52.4% elo% vs. random_bot, avg. reward: -8.808, 0.342 sec/game, 0.0 min. total, 333.8 MB
keenness_detonator v1 9 games, 6103 moves, e=0.994, loss: nan, ., 52.3% elo% vs. random_bot, avg. reward: -8.875, 0.338 sec/game, 0.1 min. total, 337.4 MB
keenness_detonator v1 10 games, 6887 moves, e=0.993, loss: nan, +, 54.5% elo% vs. random_bot, avg. reward: -8.684, 0.341 sec/game, 0.1 min. total, 341.3 MB
keenness_detonator v1 11 games, 7613 moves, e=0.992, loss: nan, -, 52.0% elo% vs. random_bot, avg. reward: -8.649, 0.340 sec/game, 0.1 min. total, 344.8 MB
keenness_detonator v1 12 games, 8284 moves, e=0.992, loss: nan, +, 54.2% elo% vs. random_bot, avg. reward: -8.662, 0.337 sec/game, 0.1 min. total, 348.6 MB
keenness_detonator v1 13 games, 8867 moves, e=0.991, loss: nan, +, 56.3% elo% vs. random_bot, avg. reward: -8.822, 0.332 sec/game, 0.1 min. total, 351.2 MB
keenness_detonator v1 14 games, 9554 moves, e=0.991, loss: nan, ., 56.0% elo% vs. random_bot, avg. reward: -8.815, 0.332 sec/game, 0.1 min. total, 353.3 MB
keenness_detonator v1 15 games, 10157 moves, e=0.990, loss: 69.7, +, 58.0% elo% vs. random_bot, avg. reward: -8.927, 0.364 sec/game, 0.1 min. total, 379.7 MB
keenness_detonator v1 16 games, 10933 moves, e=0.989, loss: 52.0, +, 59.9% elo% vs. random_bot, avg. reward: -8.795, 0.453 sec/game, 0.1 min. total, 383.1 MB
keenness_detonator v1 17 games, 11566 moves, e=0.989, loss: 36.5, +, 61.6% elo% vs. random_bot, avg. reward: -8.856, 0.514 sec/game, 0.1 min. total, 384.8 MB
keenness_detonator v1 18 games, 12299 moves, e=0.988, loss: 24.4, +, 63.3% elo% vs. random_bot, avg. reward: -8.796, 0.585 sec/game, 0.2 min. total, 387.6 MB
keenness_detonator v1 19 games, 13006 moves, e=0.987, loss: 17.3, +, 64.8% elo% vs. random_bot, avg. reward: -8.778, 0.633 sec/game, 0.2 min. total, 386.4 MB
keenness_detonator v1 20 games, 13778 moves, e=0.986, loss: 14.1, +, 66.3% elo% vs. random_bot, avg. reward: -8.695, 0.691 sec/game, 0.2 min. total, 390.2 MB
keenness_detonator v1 21 games, 14504 moves, e=0.986, loss: 11.4, +, 67.7% elo% vs. random_bot, avg. reward: -8.670, 0.760 sec/game, 0.3 min. total, 389.1 MB
keenness_detonator v1 22 games, 15152 moves, e=0.985, loss: 10.4, +, 69.0% elo% vs. random_bot, avg. reward: -8.675, 0.844 sec/game, 0.3 min. total, 390.5 MB
keenness_detonator v1 23 games, 15883 moves, e=0.984, loss: 9.0, +, 70.2% elo% vs. random_bot, avg. reward: -8.636, 0.922 sec/game, 0.3 min. total, 390.7 MB
keenness_detonator v1 24 games, 16617 moves, e=0.984, loss: 8.8, +, 71.3% elo% vs. random_bot, avg. reward: -8.599, 0.993 sec/game, 0.4 min. total, 391.0 MB
keenness_detonator v1 25 games, 17270 moves, e=0.983, loss: 9.0, +, 72.4% elo% vs. random_bot, avg. reward: -8.608, 1.060 sec/game, 0.4 min. total, 390.8 MB
keenness_detonator v1 26 games, 17914 moves, e=0.982, loss: 9.1, +, 73.4% elo% vs. random_bot, avg. reward: -8.640, 1.131 sec/game, 0.4 min. total, 390.1 MB
keenness_detonator v1 27 games, 18735 moves, e=0.981, loss: 9.5, +, 74.3% elo% vs. random_bot, avg. reward: -8.567, 1.225 sec/game, 0.4 min. total, 388.7 MB
keenness_detonator v1 28 games, 19508 moves, e=0.981, loss: 9.2, +, 75.2% elo% vs. random_bot, avg. reward: -8.508, 1.296 sec/game, 0.5 min. total, 393.1 MB
keenness_detonator v1 29 games, 20361 moves, e=0.980, loss: 8.7, +, 76.1% elo% vs. random_bot, avg. reward: -8.419, 1.393 sec/game, 0.5 min. total, 392.2 MB
keenness_detonator v1 30 games, 21037 moves, e=0.979, loss: 8.8, +, 76.9% elo% vs. random_bot, avg. reward: -8.426, 1.461 sec/game, 0.5 min. total, 392.0 MB
keenness_detonator v1 31 games, 21681 moves, e=0.979, loss: 9.4, +, 77.6% elo% vs. random_bot, avg. reward: -8.455, 1.533 sec/game, 0.6 min. total, 392.2 MB
keenness_detonator v1 32 games, 22448 moves, e=0.978, loss: 9.6, +, 78.3% elo% vs. random_bot, avg. reward: -8.427, 1.619 sec/game, 0.6 min. total, 391.4 MB
keenness_detonator v1 33 games, 23087 moves, e=0.977, loss: 9.8, +, 79.0% elo% vs. random_bot, avg. reward: -8.441, 1.686 sec/game, 0.6 min. total, 395.2 MB
keenness_detonator v1 34 games, 23800 moves, e=0.976, loss: 9.2, +, 79.6% elo% vs. random_bot, avg. reward: -8.429, 1.755 sec/game, 0.7 min. total, 397.5 MB
keenness_detonator v1 35 games, 24549 moves, e=0.976, loss: 10.1, +, 80.2% elo% vs. random_bot, avg. reward: -8.395, 1.809 sec/game, 0.7 min. total, 395.9 MB
keenness_detonator v2 36 games, 25321 moves, e=0.975, loss: 9.7, ., 52.2% elo% vs. guard_bot, avg. reward: -8.367, 1.809 sec/game, 0.7 min. total, 462.0 MB
keenness_detonator v2 37 games, 26095 moves, e=0.974, loss: 10.5, +, 54.4% elo% vs. guard_bot, avg. reward: -8.337, 1.821 sec/game, 0.8 min. total, 463.5 MB
keenness_detonator v2 38 games, 26717 moves, e=0.974, loss: 10.6, +, 56.5% elo% vs. guard_bot, avg. reward: -8.373, 1.807 sec/game, 0.8 min. total, 464.2 MB
keenness_detonator v2 39 games, 27497 moves, e=0.973, loss: 10.4, +, 58.4% elo% vs. guard_bot, avg. reward: -8.346, 1.823 sec/game, 0.8 min. total, 464.4 MB
keenness_detonator v2 40 games, 28244 moves, e=0.972, loss: 10.8, ., 58.0% elo% vs. guard_bot, avg. reward: -8.321, 1.824 sec/game, 0.8 min. total, 466.3 MB
keenness_detonator v2 41 games, 29021 moves, e=0.971, loss: 12.1, +, 59.9% elo% vs. guard_bot, avg. reward: -8.294, 1.825 sec/game, 0.9 min. total, 465.9 MB
keenness_detonator v2 42 games, 29659 moves, e=0.971, loss: 12.5, +, 61.7% elo% vs. guard_bot, avg. reward: -8.323, 1.795 sec/game, 0.9 min. total, 466.2 MB
keenness_detonator v2 43 games, 30303 moves, e=0.970, loss: 12.6, +, 63.3% elo% vs. guard_bot, avg. reward: -8.345, 1.774 sec/game, 0.9 min. total, 464.4 MB
keenness_detonator v2 44 games, 30976 moves, e=0.969, loss: 12.7, +, 64.9% elo% vs. guard_bot, avg. reward: -8.343, 1.777 sec/game, 0.9 min. total, 464.7 MB
keenness_detonator v2 45 games, 31602 moves, e=0.969, loss: 12.1, +, 66.3% elo% vs. guard_bot, avg. reward: -8.365, 1.766 sec/game, 1.0 min. total, 467.2 MB
keenness_detonator v2 46 games, 32431 moves, e=0.968, loss: 13.2, ., 65.7% elo% vs. guard_bot, avg. reward: -8.322, 1.790 sec/game, 1.0 min. total, 468.6 MB
keenness_detonator v2 47 games, 33168 moves, e=0.967, loss: 13.4, +, 67.1% elo% vs. guard_bot, avg. reward: -8.308, 1.779 sec/game, 1.0 min. total, 469.6 MB
keenness_detonator v2 48 games, 33950 moves, e=0.966, loss: 14.3, +, 68.4% elo% vs. guard_bot, avg. reward: -8.286, 1.798 sec/game, 1.1 min. total, 470.6 MB
keenness_detonator v2 49 games, 34725 moves, e=0.966, loss: 14.1, +, 69.6% elo% vs. guard_bot, avg. reward: -8.258, 1.779 sec/game, 1.1 min. total, 472.1 MB
keenness_detonator v2 50 games, 35580 moves, e=0.965, loss: 13.9, +, 70.8% elo% vs. guard_bot, avg. reward: -8.215, 1.792 sec/game, 1.1 min. total, 472.0 MB
keenness_detonator v2 51 games, 36253 moves, e=0.964, loss: 14.6, +, 71.9% elo% vs. guard_bot, avg. reward: -8.227, 1.804 sec/game, 1.2 min. total, 472.1 MB
keenness_detonator v2 52 games, 37037 moves, e=0.963, loss: 14.7, +, 72.9% elo% vs. guard_bot, avg. reward: -8.201, 1.810 sec/game, 1.2 min. total, 468.9 MB
keenness_detonator v2 53 games, 37768 moves, e=0.963, loss: 14.4, +, 73.9% elo% vs. guard_bot, avg. reward: -8.193, 1.821 sec/game, 1.2 min. total, 471.0 MB
keenness_detonator v2 54 games, 38448 moves, e=0.962, loss: 13.9, +, 74.8% elo% vs. guard_bot, avg. reward: -8.205, 1.812 sec/game, 1.3 min. total, 472.1 MB
keenness_detonator v2 55 games, 39186 moves, e=0.961, loss: 13.7, +, 75.7% elo% vs. guard_bot, avg. reward: -8.190, 1.809 sec/game, 1.3 min. total, 472.3 MB
keenness_detonator v2 56 games, 39938 moves, e=0.960, loss: 13.6, +, 76.5% elo% vs. guard_bot, avg. reward: -8.178, 1.811 sec/game, 1.3 min. total, 472.3 MB
keenness_detonator v2 57 games, 40672 moves, e=0.960, loss: 13.5, +, 77.3% elo% vs. guard_bot, avg. reward: -8.170, 1.803 sec/game, 1.4 min. total, 469.9 MB
keenness_detonator v2 58 games, 41310 moves, e=0.959, loss: 13.3, +, 78.0% elo% vs. guard_bot, avg. reward: -8.193, 1.807 sec/game, 1.4 min. total, 473.8 MB
keenness_detonator v2 59 games, 42084 moves, e=0.958, loss: 12.5, +, 78.7% elo% vs. guard_bot, avg. reward: -8.181, 1.811 sec/game, 1.4 min. total, 471.7 MB
keenness_detonator v2 60 games, 42795 moves, e=0.958, loss: 13.0, +, 79.3% elo% vs. guard_bot, avg. reward: -8.184, 1.811 sec/game, 1.4 min. total, 475.0 MB
keenness_detonator v2 61 games, 43493 moves, e=0.957, loss: 13.3, +, 80.0% elo% vs. guard_bot, avg. reward: -8.189, 1.820 sec/game, 1.5 min. total, 473.9 MB
keenness_detonator v2 62 games, 44136 moves, e=0.956, loss: 13.3, +, 80.5% elo% vs. guard_bot, avg. reward: -8.211, 1.826 sec/game, 1.5 min. total, 476.4 MB
keenness_detonator v3 63 games, 44828 moves, e=0.956, loss: 13.2, -, 49.9% elo% vs. random_no_suicide, avg. reward: -8.223, 1.843 sec/game, 1.5 min. total, 477.9 MB
keenness_detonator v3 64 games, 45608 moves, e=0.955, loss: 14.4, +, 52.2% elo% vs. random_no_suicide, avg. reward: -8.201, 1.849 sec/game, 1.6 min. total, 474.4 MB
keenness_detonator v3 65 games, 46422 moves, e=0.954, loss: 14.6, -, 49.8% elo% vs. random_no_suicide, avg. reward: -8.176, 1.874 sec/game, 1.6 min. total, 476.6 MB
keenness_detonator v3 66 games, 47174 moves, e=0.953, loss: 16.5, +, 52.1% elo% vs. random_no_suicide, avg. reward: -8.167, 1.857 sec/game, 1.6 min. total, 475.8 MB
keenness_detonator v3 67 games, 47948 moves, e=0.953, loss: 15.2, -, 49.7% elo% vs. random_no_suicide, avg. reward: -8.155, 1.851 sec/game, 1.7 min. total, 477.8 MB
keenness_detonator v3 68 games, 48695 moves, e=0.952, loss: 16.3, -, 47.4% elo% vs. random_no_suicide, avg. reward: -8.146, 1.834 sec/game, 1.7 min. total, 477.8 MB
keenness_detonator v3 69 games, 49429 moves, e=0.951, loss: 15.4, -, 45.3% elo% vs. random_no_suicide, avg. reward: -8.143, 1.834 sec/game, 1.7 min. total, 477.9 MB
keenness_detonator v3 70 games, 50218 moves, e=0.950, loss: 14.9, -, 43.2% elo% vs. random_no_suicide, avg. reward: -8.119, 1.831 sec/game, 1.8 min. total, 479.3 MB
keenness_detonator v3 71 games, 50858 moves, e=0.950, loss: 13.7, -, 41.3% elo% vs. random_no_suicide, avg. reward: -8.129, 1.807 sec/game, 1.8 min. total, 481.6 MB
keenness_detonator v3 72 games, 51592 moves, e=0.949, loss: 14.1, -, 39.4% elo% vs. random_no_suicide, avg. reward: -8.128, 1.792 sec/game, 1.8 min. total, 479.8 MB
keenness_detonator v3 73 games, 52286 moves, e=0.948, loss: 13.9, +, 42.1% elo% vs. random_no_suicide, avg. reward: -8.133, 1.778 sec/game, 1.8 min. total, 480.0 MB
keenness_detonator v3 74 games, 52952 moves, e=0.948, loss: 14.4, -, 40.2% elo% vs. random_no_suicide, avg. reward: -8.146, 1.780 sec/game, 1.9 min. total, 483.7 MB
keenness_detonator v3 75 games, 53691 moves, e=0.947, loss: 15.3, -, 38.5% elo% vs. random_no_suicide, avg. reward: -8.142, 1.780 sec/game, 1.9 min. total, 480.0 MB
keenness_detonator v3 76 games, 54415 moves, e=0.946, loss: 14.7, -, 36.8% elo% vs. random_no_suicide, avg. reward: -8.132, 1.787 sec/game, 1.9 min. total, 483.3 MB
keenness_detonator v3 77 games, 55081 moves, e=0.945, loss: 14.8, -, 35.2% elo% vs. random_no_suicide, avg. reward: -8.144, 1.789 sec/game, 2.0 min. total, 479.9 MB
keenness_detonator v3 78 games, 55746 moves, e=0.945, loss: 15.3, +, 38.0% elo% vs. random_no_suicide, avg. reward: -8.157, 1.788 sec/game, 2.0 min. total, 481.6 MB
keenness_detonator v3 79 games, 56578 moves, e=0.944, loss: 15.5, -, 36.4% elo% vs. random_no_suicide, avg. reward: -8.131, 1.800 sec/game, 2.0 min. total, 485.7 MB
keenness_detonator v3 80 games, 57368 moves, e=0.943, loss: 16.0, -, 34.8% elo% vs. random_no_suicide, avg. reward: -8.116, 1.808 sec/game, 2.0 min. total, 482.3 MB
keenness_detonator v3 81 games, 58207 moves, e=0.942, loss: 17.3, -, 33.4% elo% vs. random_no_suicide, avg. reward: -8.098, 1.805 sec/game, 2.1 min. total, 482.4 MB
keenness_detonator v3 82 games, 58798 moves, e=0.942, loss: 17.0, -, 32.0% elo% vs. random_no_suicide, avg. reward: -8.126, 1.813 sec/game, 2.1 min. total, 484.2 MB
keenness_detonator v3 83 games, 59536 moves, e=0.941, loss: 16.7, -, 30.8% elo% vs. random_no_suicide, avg. reward: -8.119, 1.817 sec/game, 2.1 min. total, 482.5 MB
keenness_detonator v3 84 games, 60245 moves, e=0.940, loss: 16.2, -, 29.6% elo% vs. random_no_suicide, avg. reward: -8.122, 1.800 sec/game, 2.2 min. total, 482.4 MB
keenness_detonator v3 85 games, 60906 moves, e=0.940, loss: 16.7, ., 30.4% elo% vs. random_no_suicide, avg. reward: -8.135, 1.785 sec/game, 2.2 min. total, 482.4 MB
keenness_detonator v3 86 games, 61683 moves, e=0.939, loss: 17.6, -, 29.2% elo% vs. random_no_suicide, avg. reward: -8.125, 1.784 sec/game, 2.2 min. total, 482.2 MB
keenness_detonator v3 87 games, 62422 moves, e=0.938, loss: 18.0, -, 28.1% elo% vs. random_no_suicide, avg. reward: -8.120, 1.786 sec/game, 2.3 min. total, 485.8 MB
keenness_detonator v3 88 games, 63087 moves, e=0.938, loss: 18.0, +, 30.9% elo% vs. random_no_suicide, avg. reward: -8.126, 1.776 sec/game, 2.3 min. total, 482.4 MB
keenness_detonator v3 89 games, 63716 moves, e=0.937, loss: 17.6, +, 33.6% elo% vs. random_no_suicide, avg. reward: -8.142, 1.760 sec/game, 2.3 min. total, 482.3 MB
keenness_detonator v3 90 games, 64490 moves, e=0.936, loss: 18.1, +, 36.4% elo% vs. random_no_suicide, avg. reward: -8.128, 1.759 sec/game, 2.3 min. total, 482.3 MB
keenness_detonator v3 91 games, 65236 moves, e=0.935, loss: 18.3, -, 34.9% elo% vs. random_no_suicide, avg. reward: -8.118, 1.776 sec/game, 2.4 min. total, 482.3 MB
keenness_detonator v3 92 games, 65952 moves, e=0.935, loss: 17.4, -, 33.4% elo% vs. random_no_suicide, avg. reward: -8.121, 1.780 sec/game, 2.4 min. total, 486.4 MB
keenness_detonator v3 93 games, 66673 moves, e=0.934, loss: 16.7, -, 32.1% elo% vs. random_no_suicide, avg. reward: -8.124, 1.783 sec/game, 2.4 min. total, 485.8 MB
keenness_detonator v3 94 games, 67352 moves, e=0.933, loss: 17.5, -, 30.8% elo% vs. random_no_suicide, avg. reward: -8.134, 1.795 sec/game, 2.5 min. total, 484.5 MB
keenness_detonator v3 95 games, 68060 moves, e=0.933, loss: 17.9, -, 29.6% elo% vs. random_no_suicide, avg. reward: -8.132, 1.784 sec/game, 2.5 min. total, 486.4 MB
keenness_detonator v3 96 games, 68774 moves, e=0.932, loss: 17.5, -, 28.5% elo% vs. random_no_suicide, avg. reward: -8.128, 1.777 sec/game, 2.5 min. total, 482.6 MB
keenness_detonator v3 97 games, 69464 moves, e=0.931, loss: 16.8, -, 27.4% elo% vs. random_no_suicide, avg. reward: -8.129, 1.775 sec/game, 2.5 min. total, 483.4 MB
keenness_detonator v3 98 games, 70312 moves, e=0.930, loss: 16.9, -, 26.4% elo% vs. random_no_suicide, avg. reward: -8.110, 1.805 sec/game, 2.6 min. total, 486.6 MB
keenness_detonator v3 99 games, 71125 moves, e=0.930, loss: 16.2, -, 25.5% elo% vs. random_no_suicide, avg. reward: -8.095, 1.799 sec/game, 2.6 min. total, 486.8 MB
keenness_detonator v3 100 games, 71878 moves, e=0.929, loss: 16.4, -, 24.6% elo% vs. random_no_suicide, avg. reward: -8.089, 1.794 sec/game, 2.6 min. total, 487.9 MB
keenness_detonator v4 101 games, 72562 moves, e=0.928, loss: 17.0, -, 47.7% elo% vs. random_no_suicide, avg. reward: -8.106, 1.782 sec/game, 2.7 min. total, 486.4 MB
keenness_detonator v4 102 games, 73339 moves, e=0.927, loss: 16.8, -, 45.5% elo% vs. random_no_suicide, avg. reward: -8.107, 1.790 sec/game, 2.7 min. total, 487.9 MB
keenness_detonator v4 103 games, 74003 moves, e=0.927, loss: 15.5, -, 43.4% elo% vs. random_no_suicide, avg. reward: -8.106, 1.787 sec/game, 2.7 min. total, 487.0 MB
keenness_detonator v4 104 games, 74894 moves, e=0.926, loss: 15.7, +, 46.0% elo% vs. random_no_suicide, avg. reward: -8.070, 1.816 sec/game, 2.8 min. total, 485.3 MB
keenness_detonator v4 105 games, 75736 moves, e=0.925, loss: 15.8, -, 43.9% elo% vs. random_no_suicide, avg. reward: -8.051, 1.841 sec/game, 2.8 min. total, 484.9 MB
keenness_detonator v4 106 games, 76559 moves, e=0.924, loss: 15.4, -, 41.9% elo% vs. random_no_suicide, avg. reward: -8.030, 1.853 sec/game, 2.8 min. total, 485.8 MB
keenness_detonator v4 107 games, 77352 moves, e=0.923, loss: 15.0, +, 44.6% elo% vs. random_no_suicide, avg. reward: -7.978, 1.852 sec/game, 2.9 min. total, 487.0 MB
keenness_detonator v4 108 games, 78007 moves, e=0.923, loss: 15.3, +, 47.1% elo% vs. random_no_suicide, avg. reward: -7.978, 1.850 sec/game, 2.9 min. total, 487.2 MB
keenness_detonator v4 109 games, 78732 moves, e=0.922, loss: 15.0, +, 49.5% elo% vs. random_no_suicide, avg. reward: -7.959, 1.867 sec/game, 2.9 min. total, 486.9 MB
keenness_detonator v4 110 games, 79432 moves, e=0.921, loss: 14.7, -, 47.3% elo% vs. random_no_suicide, avg. reward: -7.972, 1.853 sec/game, 3.0 min. total, 489.2 MB
keenness_detonator v4 111 games, 80253 moves, e=0.921, loss: 14.8, +, 49.7% elo% vs. random_no_suicide, avg. reward: -7.956, 1.854 sec/game, 3.0 min. total, 487.2 MB
keenness_detonator v4 112 games, 80923 moves, e=0.920, loss: 14.5, +, 52.0% elo% vs. random_no_suicide, avg. reward: -7.957, 1.850 sec/game, 3.0 min. total, 487.2 MB
keenness_detonator v4 113 games, 81684 moves, e=0.919, loss: 15.1, +, 54.2% elo% vs. random_no_suicide, avg. reward: -7.925, 1.862 sec/game, 3.0 min. total, 487.2 MB
keenness_detonator v4 114 games, 82491 moves, e=0.918, loss: 15.8, +, 56.3% elo% vs. random_no_suicide, avg. reward: -7.907, 1.867 sec/game, 3.1 min. total, 487.0 MB
keenness_detonator v4 115 games, 83369 moves, e=0.917, loss: 15.0, +, 58.3% elo% vs. random_no_suicide, avg. reward: -7.860, 1.894 sec/game, 3.1 min. total, 489.3 MB
keenness_detonator v4 116 games, 84253 moves, e=0.917, loss: 15.1, +, 60.1% elo% vs. random_no_suicide, avg. reward: -7.850, 1.910 sec/game, 3.2 min. total, 488.6 MB
keenness_detonator v4 117 games, 84941 moves, e=0.916, loss: 14.6, -, 57.4% elo% vs. random_no_suicide, avg. reward: -7.837, 1.910 sec/game, 3.2 min. total, 492.1 MB
keenness_detonator v4 118 games, 85689 moves, e=0.915, loss: 14.5, -, 54.8% elo% vs. random_no_suicide, avg. reward: -7.832, 1.892 sec/game, 3.2 min. total, 488.7 MB
keenness_detonator v4 119 games, 86416 moves, e=0.914, loss: 13.7, +, 56.9% elo% vs. random_no_suicide, avg. reward: -7.825, 1.882 sec/game, 3.2 min. total, 488.8 MB
keenness_detonator v4 120 games, 87132 moves, e=0.914, loss: 13.3, -, 54.3% elo% vs. random_no_suicide, avg. reward: -7.835, 1.868 sec/game, 3.3 min. total, 489.0 MB
keenness_detonator v4 121 games, 87865 moves, e=0.913, loss: 12.8, -, 51.8% elo% vs. random_no_suicide, avg. reward: -7.833, 1.880 sec/game, 3.3 min. total, 489.0 MB
keenness_detonator v4 122 games, 88661 moves, e=0.912, loss: 14.1, -, 49.4% elo% vs. random_no_suicide, avg. reward: -7.811, 1.885 sec/game, 3.3 min. total, 489.3 MB
keenness_detonator v4 123 games, 89452 moves, e=0.911, loss: 13.7, -, 47.1% elo% vs. random_no_suicide, avg. reward: -7.802, 1.887 sec/game, 3.4 min. total, 489.5 MB
keenness_detonator v4 124 games, 90200 moves, e=0.911, loss: 14.2, +, 49.6% elo% vs. random_no_suicide, avg. reward: -7.796, 1.873 sec/game, 3.4 min. total, 489.6 MB
keenness_detonator v4 125 games, 90995 moves, e=0.910, loss: 13.8, -, 47.3% elo% vs. random_no_suicide, avg. reward: -7.777, 1.859 sec/game, 3.4 min. total, 491.3 MB
keenness_detonator v4 126 games, 91660 moves, e=0.909, loss: 14.8, +, 49.7% elo% vs. random_no_suicide, avg. reward: -7.770, 1.841 sec/game, 3.5 min. total, 490.8 MB
keenness_detonator v4 127 games, 92659 moves, e=0.908, loss: 15.2, -, 47.4% elo% vs. random_no_suicide, avg. reward: -7.750, 1.863 sec/game, 3.5 min. total, 494.3 MB
keenness_detonator v4 128 games, 93280 moves, e=0.908, loss: 15.8, -, 45.3% elo% vs. random_no_suicide, avg. reward: -7.780, 1.862 sec/game, 3.5 min. total, 494.3 MB
keenness_detonator v4 129 games, 93959 moves, e=0.907, loss: 16.8, -, 43.2% elo% vs. random_no_suicide, avg. reward: -7.811, 1.857 sec/game, 3.5 min. total, 494.4 MB
keenness_detonator v4 130 games, 94666 moves, e=0.906, loss: 17.5, +, 45.8% elo% vs. random_no_suicide, avg. reward: -7.804, 1.860 sec/game, 3.6 min. total, 490.8 MB
keenness_detonator v4 131 games, 95478 moves, e=0.905, loss: 17.9, -, 43.7% elo% vs. random_no_suicide, avg. reward: -7.779, 1.859 sec/game, 3.6 min. total, 491.2 MB
keenness_detonator v4 132 games, 96142 moves, e=0.905, loss: 17.9, -, 41.7% elo% vs. random_no_suicide, avg. reward: -7.791, 1.860 sec/game, 3.6 min. total, 494.3 MB
keenness_detonator v4 133 games, 96933 moves, e=0.904, loss: 17.8, -, 39.9% elo% vs. random_no_suicide, avg. reward: -7.765, 1.861 sec/game, 3.7 min. total, 495.0 MB
keenness_detonator v4 134 games, 97740 moves, e=0.903, loss: 18.3, -, 38.1% elo% vs. random_no_suicide, avg. reward: -7.751, 1.858 sec/game, 3.7 min. total, 493.3 MB
keenness_detonator v4 135 games, 98616 moves, e=0.902, loss: 17.2, -, 36.5% elo% vs. random_no_suicide, avg. reward: -7.740, 1.860 sec/game, 3.7 min. total, 493.3 MB
keenness_detonator v4 136 games, 99318 moves, e=0.902, loss: 17.8, -, 34.9% elo% vs. random_no_suicide, avg. reward: -7.752, 1.831 sec/game, 3.8 min. total, 497.0 MB
keenness_detonator v4 137 games, 100019 moves, e=0.901, loss: 17.8, -, 33.5% elo% vs. random_no_suicide, avg. reward: -7.765, 1.845 sec/game, 3.8 min. total, 493.7 MB
keenness_detonator v4 138 games, 100737 moves, e=0.900, loss: 17.0, +, 36.3% elo% vs. random_no_suicide, avg. reward: -7.750, 1.850 sec/game, 3.8 min. total, 493.8 MB
keenness_detonator v4 139 games, 101530 moves, e=0.899, loss: 17.2, -, 34.7% elo% vs. random_no_suicide, avg. reward: -7.743, 1.854 sec/game, 3.9 min. total, 494.1 MB
keenness_detonator v4 140 games, 102275 moves, e=0.899, loss: 18.1, -, 33.3% elo% vs. random_no_suicide, avg. reward: -7.745, 1.865 sec/game, 3.9 min. total, 496.5 MB
keenness_detonator v4 141 games, 103011 moves, e=0.898, loss: 18.2, -, 32.0% elo% vs. random_no_suicide, avg. reward: -7.747, 1.854 sec/game, 3.9 min. total, 494.3 MB
keenness_detonator v4 142 games, 103852 moves, e=0.897, loss: 18.7, -, 30.7% elo% vs. random_no_suicide, avg. reward: -7.715, 1.861 sec/game, 4.0 min. total, 498.6 MB
keenness_detonator v4 143 games, 104716 moves, e=0.896, loss: 18.7, -, 29.5% elo% vs. random_no_suicide, avg. reward: -7.685, 1.885 sec/game, 4.0 min. total, 498.5 MB
keenness_detonator v4 144 games, 105543 moves, e=0.896, loss: 17.8, -, 28.4% elo% vs. random_no_suicide, avg. reward: -7.668, 1.884 sec/game, 4.0 min. total, 495.2 MB
keenness_detonator v4 145 games, 106402 moves, e=0.895, loss: 17.6, +, 31.1% elo% vs. random_no_suicide, avg. reward: -7.635, 1.899 sec/game, 4.1 min. total, 495.2 MB
keenness_detonator v4 146 games, 107210 moves, e=0.894, loss: 18.1, -, 29.9% elo% vs. random_no_suicide, avg. reward: -7.642, 1.905 sec/game, 4.1 min. total, 495.3 MB
keenness_detonator v4 147 games, 108009 moves, e=0.893, loss: 18.1, -, 28.8% elo% vs. random_no_suicide, avg. reward: -7.631, 1.886 sec/game, 4.1 min. total, 498.6 MB
keenness_detonator v4 148 games, 108829 moves, e=0.892, loss: 17.0, -, 27.7% elo% vs. random_no_suicide, avg. reward: -7.624, 1.917 sec/game, 4.2 min. total, 498.6 MB
keenness_detonator v4 149 games, 109581 moves, e=0.892, loss: 17.4, -, 26.7% elo% vs. random_no_suicide, avg. reward: -7.630, 1.920 sec/game, 4.2 min. total, 498.8 MB
keenness_detonator v4 150 games, 110377 moves, e=0.891, loss: 18.3, -, 25.7% elo% vs. random_no_suicide, avg. reward: -7.638, 1.930 sec/game, 4.2 min. total, 498.6 MB
keenness_detonator v4 151 games, 111163 moves, e=0.890, loss: 18.4, -, 24.9% elo% vs. random_no_suicide, avg. reward: -7.620, 1.930 sec/game, 4.3 min. total, 496.4 MB
keenness_detonator v4 152 games, 111924 moves, e=0.889, loss: 18.0, -, 24.0% elo% vs. random_no_suicide, avg. reward: -7.620, 1.933 sec/game, 4.3 min. total, 499.9 MB
keenness_detonator v4 153 games, 112751 moves, e=0.888, loss: 18.3, +, 26.7% elo% vs. random_no_suicide, avg. reward: -7.607, 1.934 sec/game, 4.3 min. total, 496.8 MB
keenness_detonator v4 154 games, 113680 moves, e=0.887, loss: 17.1, -, 25.7% elo% vs. random_no_suicide, avg. reward: -7.570, 1.964 sec/game, 4.4 min. total, 500.0 MB
keenness_detonator v4 155 games, 114481 moves, e=0.887, loss: 18.0, -, 24.8% elo% vs. random_no_suicide, avg. reward: -7.566, 1.951 sec/game, 4.4 min. total, 500.0 MB
keenness_detonator v4 156 games, 115218 moves, e=0.886, loss: 18.6, ., 25.7% elo% vs. random_no_suicide, avg. reward: -7.568, 1.965 sec/game, 4.4 min. total, 496.7 MB
keenness_detonator v4 157 games, 115932 moves, e=0.885, loss: 18.5, -, 24.8% elo% vs. random_no_suicide, avg. reward: -7.572, 1.953 sec/game, 4.4 min. total, 500.2 MB
keenness_detonator v4 158 games, 116608 moves, e=0.885, loss: 19.0, -, 23.9% elo% vs. random_no_suicide, avg. reward: -7.567, 1.950 sec/game, 4.5 min. total, 497.3 MB
keenness_detonator v4 159 games, 117395 moves, e=0.884, loss: 19.5, -, 23.2% elo% vs. random_no_suicide, avg. reward: -7.562, 1.951 sec/game, 4.5 min. total, 500.8 MB
keenness_detonator v4 160 games, 118086 moves, e=0.883, loss: 20.4, -, 22.4% elo% vs. random_no_suicide, avg. reward: -7.564, 1.940 sec/game, 4.5 min. total, 501.3 MB
keenness_detonator v4 161 games, 118806 moves, e=0.882, loss: 20.6, -, 21.7% elo% vs. random_no_suicide, avg. reward: -7.561, 1.951 sec/game, 4.6 min. total, 498.2 MB
keenness_detonator v4 162 games, 119563 moves, e=0.882, loss: 20.4, +, 24.2% elo% vs. random_no_suicide, avg. reward: -7.542, 1.937 sec/game, 4.6 min. total, 499.8 MB
keenness_detonator v4 163 games, 120330 moves, e=0.881, loss: 20.8, +, 26.9% elo% vs. random_no_suicide, avg. reward: -7.527, 1.916 sec/game, 4.6 min. total, 498.2 MB
keenness_detonator v4 164 games, 121285 moves, e=0.880, loss: 20.6, -, 25.9% elo% vs. random_no_suicide, avg. reward: -7.509, 1.933 sec/game, 4.7 min. total, 498.0 MB
keenness_detonator v4 165 games, 122003 moves, e=0.879, loss: 20.8, -, 25.0% elo% vs. random_no_suicide, avg. reward: -7.523, 1.919 sec/game, 4.7 min. total, 499.9 MB
keenness_detonator v4 166 games, 122782 moves, e=0.878, loss: 21.3, +, 27.7% elo% vs. random_no_suicide, avg. reward: -7.517, 1.918 sec/game, 4.7 min. total, 498.4 MB
keenness_detonator v4 167 games, 123734 moves, e=0.878, loss: 20.3, +, 30.5% elo% vs. random_no_suicide, avg. reward: -7.496, 1.933 sec/game, 4.8 min. total, 498.4 MB
keenness_detonator v4 168 games, 124505 moves, e=0.877, loss: 20.8, +, 33.2% elo% vs. random_no_suicide, avg. reward: -7.497, 1.919 sec/game, 4.8 min. total, 500.1 MB
keenness_detonator v4 169 games, 125307 moves, e=0.876, loss: 21.8, -, 31.9% elo% vs. random_no_suicide, avg. reward: -7.485, 1.930 sec/game, 4.8 min. total, 500.2 MB
keenness_detonator v4 170 games, 126067 moves, e=0.875, loss: 22.3, -, 30.6% elo% vs. random_no_suicide, avg. reward: -7.494, 1.932 sec/game, 4.9 min. total, 501.3 MB
keenness_detonator v4 171 games, 126961 moves, e=0.874, loss: 22.9, -, 29.4% elo% vs. random_no_suicide, avg. reward: -7.463, 1.948 sec/game, 4.9 min. total, 500.9 MB
keenness_detonator v4 172 games, 127764 moves, e=0.874, loss: 22.5, -, 28.3% elo% vs. random_no_suicide, avg. reward: -7.447, 1.963 sec/game, 4.9 min. total, 504.4 MB
keenness_detonator v4 173 games, 128597 moves, e=0.873, loss: 22.2, -, 27.3% elo% vs. random_no_suicide, avg. reward: -7.426, 1.964 sec/game, 5.0 min. total, 501.3 MB
keenness_detonator v4 174 games, 129468 moves, e=0.872, loss: 22.1, +, 30.0% elo% vs. random_no_suicide, avg. reward: -7.397, 1.952 sec/game, 5.0 min. total, 501.4 MB
keenness_detonator v4 175 games, 130357 moves, e=0.871, loss: 22.4, +, 32.8% elo% vs. random_no_suicide, avg. reward: -7.378, 1.969 sec/game, 5.0 min. total, 501.5 MB
keenness_detonator v4 176 games, 131262 moves, e=0.870, loss: 21.0, +, 35.6% elo% vs. random_no_suicide, avg. reward: -7.359, 1.989 sec/game, 5.1 min. total, 501.6 MB
keenness_detonator v4 177 games, 132044 moves, e=0.869, loss: 21.5, -, 34.1% elo% vs. random_no_suicide, avg. reward: -7.341, 2.002 sec/game, 5.1 min. total, 501.6 MB
keenness_detonator v4 178 games, 132819 moves, e=0.869, loss: 21.9, ., 34.8% elo% vs. random_no_suicide, avg. reward: -7.320, 2.003 sec/game, 5.1 min. total, 503.1 MB
keenness_detonator v4 179 games, 133735 moves, e=0.868, loss: 22.4, -, 33.3% elo% vs. random_no_suicide, avg. reward: -7.315, 2.022 sec/game, 5.2 min. total, 503.3 MB
keenness_detonator v4 180 games, 134482 moves, e=0.867, loss: 22.1, -, 32.0% elo% vs. random_no_suicide, avg. reward: -7.321, 2.038 sec/game, 5.2 min. total, 506.5 MB
keenness_detonator v4 181 games, 135318 moves, e=0.866, loss: 22.4, +, 34.7% elo% vs. random_no_suicide, avg. reward: -7.320, 2.052 sec/game, 5.2 min. total, 503.1 MB
keenness_detonator v4 182 games, 135990 moves, e=0.865, loss: 21.0, +, 37.5% elo% vs. random_no_suicide, avg. reward: -7.300, 2.039 sec/game, 5.3 min. total, 503.2 MB
keenness_detonator v4 183 games, 136867 moves, e=0.865, loss: 21.4, -, 35.9% elo% vs. random_no_suicide, avg. reward: -7.287, 2.053 sec/game, 5.3 min. total, 503.3 MB
keenness_detonator v4 184 games, 137633 moves, e=0.864, loss: 21.4, +, 38.7% elo% vs. random_no_suicide, avg. reward: -7.277, 2.037 sec/game, 5.3 min. total, 503.7 MB
keenness_detonator v4 185 games, 138519 moves, e=0.863, loss: 19.6, -, 37.0% elo% vs. random_no_suicide, avg. reward: -7.244, 2.055 sec/game, 5.4 min. total, 504.4 MB
keenness_detonator v4 186 games, 139393 moves, e=0.862, loss: 19.7, -, 35.4% elo% vs. random_no_suicide, avg. reward: -7.229, 2.070 sec/game, 5.4 min. total, 506.4 MB
keenness_detonator v4 187 games, 140182 moves, e=0.861, loss: 19.3, +, 38.2% elo% vs. random_no_suicide, avg. reward: -7.223, 2.056 sec/game, 5.5 min. total, 504.5 MB
keenness_detonator v4 188 games, 140884 moves, e=0.861, loss: 19.8, -, 36.5% elo% vs. random_no_suicide, avg. reward: -7.220, 2.044 sec/game, 5.5 min. total, 504.5 MB
keenness_detonator v4 189 games, 141658 moves, e=0.860, loss: 20.1, ., 37.1% elo% vs. random_no_suicide, avg. reward: -7.193, 2.036 sec/game, 5.5 min. total, 504.7 MB
keenness_detonator v4 190 games, 142595 moves, e=0.859, loss: 19.6, -, 35.5% elo% vs. random_no_suicide, avg. reward: -7.176, 2.066 sec/game, 5.6 min. total, 508.6 MB
keenness_detonator v4 191 games, 143476 moves, e=0.858, loss: 19.8, +, 38.3% elo% vs. random_no_suicide, avg. reward: -7.161, 2.055 sec/game, 5.6 min. total, 505.2 MB
keenness_detonator v4 192 games, 144371 moves, e=0.857, loss: 19.6, +, 41.0% elo% vs. random_no_suicide, avg. reward: -7.131, 2.056 sec/game, 5.6 min. total, 505.1 MB
keenness_detonator v4 193 games, 145177 moves, e=0.856, loss: 21.1, -, 39.2% elo% vs. random_no_suicide, avg. reward: -7.112, 2.068 sec/game, 5.7 min. total, 505.1 MB
keenness_detonator v4 194 games, 146075 moves, e=0.855, loss: 20.5, +, 41.9% elo% vs. random_no_suicide, avg. reward: -7.083, 2.070 sec/game, 5.7 min. total, 506.5 MB
keenness_detonator v4 195 games, 146912 moves, e=0.855, loss: 20.9, +, 44.5% elo% vs. random_no_suicide, avg. reward: -7.068, 2.055 sec/game, 5.7 min. total, 506.8 MB
keenness_detonator v4 196 games, 147721 moves, e=0.854, loss: 21.0, +, 47.1% elo% vs. random_no_suicide, avg. reward: -7.058, 2.051 sec/game, 5.8 min. total, 506.9 MB
keenness_detonator v4 197 games, 148599 moves, e=0.853, loss: 21.1, +, 49.5% elo% vs. random_no_suicide, avg. reward: -7.030, 2.056 sec/game, 5.8 min. total, 507.0 MB
keenness_detonator v4 198 games, 149405 moves, e=0.852, loss: 21.6, +, 51.8% elo% vs. random_no_suicide, avg. reward: -7.036, 2.072 sec/game, 5.8 min. total, 506.9 MB
keenness_detonator v4 199 games, 150276 moves, e=0.851, loss: 21.2, -, 49.4% elo% vs. random_no_suicide, avg. reward: -7.031, 2.062 sec/game, 5.9 min. total, 507.1 MB
keenness_detonator v4 200 games, 151129 moves, e=0.850, loss: 22.2, -, 47.2% elo% vs. random_no_suicide, avg. reward: -7.015, 2.068 sec/game, 5.9 min. total, 507.3 MB
keenness_detonator v5 201 games, 151970 moves, e=0.850, loss: 22.4, -, 47.7% elo% vs. random_no_suicide, avg. reward: -6.989, 2.073 sec/game, 5.9 min. total, 507.6 MB
keenness_detonator v5 202 games, 152752 moves, e=0.849, loss: 23.0, -, 45.5% elo% vs. random_no_suicide, avg. reward: -6.989, 2.086 sec/game, 6.0 min. total, 509.1 MB
keenness_detonator v5 203 games, 153564 moves, e=0.848, loss: 22.0, -, 43.4% elo% vs. random_no_suicide, avg. reward: -6.967, 2.081 sec/game, 6.0 min. total, 508.6 MB
keenness_detonator v5 204 games, 154436 moves, e=0.847, loss: 20.6, -, 41.5% elo% vs. random_no_suicide, avg. reward: -6.968, 2.095 sec/game, 6.0 min. total, 508.9 MB
keenness_detonator v5 205 games, 155237 moves, e=0.846, loss: 19.4, +, 44.1% elo% vs. random_no_suicide, avg. reward: -6.973, 2.081 sec/game, 6.1 min. total, 508.8 MB
keenness_detonator v5 206 games, 156013 moves, e=0.846, loss: 19.6, -, 42.1% elo% vs. random_no_suicide, avg. reward: -6.981, 2.073 sec/game, 6.1 min. total, 508.8 MB
keenness_detonator v5 207 games, 156911 moves, e=0.845, loss: 19.9, +, 44.8% elo% vs. random_no_suicide, avg. reward: -6.970, 2.089 sec/game, 6.1 min. total, 508.8 MB
keenness_detonator v5 208 games, 157635 moves, e=0.844, loss: 19.8, +, 47.3% elo% vs. random_no_suicide, avg. reward: -6.951, 2.101 sec/game, 6.2 min. total, 508.7 MB
keenness_detonator v5 209 games, 158428 moves, e=0.843, loss: 20.3, -, 45.1% elo% vs. random_no_suicide, avg. reward: -6.945, 2.102 sec/game, 6.2 min. total, 512.8 MB
keenness_detonator v5 210 games, 159138 moves, e=0.842, loss: 20.2, -, 43.1% elo% vs. random_no_suicide, avg. reward: -6.945, 2.076 sec/game, 6.2 min. total, 511.7 MB
keenness_detonator v5 211 games, 160070 moves, e=0.842, loss: 19.1, -, 41.1% elo% vs. random_no_suicide, avg. reward: -6.930, 2.090 sec/game, 6.3 min. total, 511.0 MB
keenness_detonator v5 212 games, 160791 moves, e=0.841, loss: 19.2, -, 39.3% elo% vs. random_no_suicide, avg. reward: -6.918, 2.081 sec/game, 6.3 min. total, 511.1 MB
keenness_detonator v5 213 games, 161798 moves, e=0.840, loss: 20.1, -, 37.6% elo% vs. random_no_suicide, avg. reward: -6.887, 2.098 sec/game, 6.4 min. total, 511.0 MB
keenness_detonator v5 214 games, 162674 moves, e=0.839, loss: 21.2, +, 40.3% elo% vs. random_no_suicide, avg. reward: -6.876, 2.082 sec/game, 6.4 min. total, 511.0 MB
keenness_detonator v5 215 games, 163588 moves, e=0.838, loss: 20.6, +, 43.0% elo% vs. random_no_suicide, avg. reward: -6.872, 2.110 sec/game, 6.4 min. total, 511.3 MB
keenness_detonator v5 216 games, 164268 moves, e=0.837, loss: 20.6, +, 45.6% elo% vs. random_no_suicide, avg. reward: -6.902, 2.088 sec/game, 6.5 min. total, 511.2 MB
keenness_detonator v5 217 games, 165042 moves, e=0.837, loss: 21.7, +, 48.1% elo% vs. random_no_suicide, avg. reward: -6.886, 2.090 sec/game, 6.5 min. total, 511.4 MB
keenness_detonator v5 218 games, 165988 moves, e=0.836, loss: 21.4, +, 50.5% elo% vs. random_no_suicide, avg. reward: -6.859, 2.096 sec/game, 6.5 min. total, 512.8 MB
keenness_detonator v5 219 games, 166773 moves, e=0.835, loss: 20.8, +, 52.8% elo% vs. random_no_suicide, avg. reward: -6.848, 2.085 sec/game, 6.6 min. total, 515.9 MB
keenness_detonator v5 220 games, 167772 moves, e=0.834, loss: 20.6, +, 54.9% elo% vs. random_no_suicide, avg. reward: -6.810, 2.117 sec/game, 6.6 min. total, 514.4 MB
keenness_detonator v5 221 games, 168624 moves, e=0.833, loss: 20.6, +, 57.0% elo% vs. random_no_suicide, avg. reward: -6.796, 2.116 sec/game, 6.6 min. total, 514.4 MB
keenness_detonator v5 222 games, 169499 moves, e=0.832, loss: 20.9, +, 58.9% elo% vs. random_no_suicide, avg. reward: -6.787, 2.131 sec/game, 6.7 min. total, 515.8 MB
keenness_detonator v5 223 games, 170466 moves, e=0.831, loss: 20.5, +, 60.7% elo% vs. random_no_suicide, avg. reward: -6.767, 2.140 sec/game, 6.7 min. total, 514.5 MB
keenness_detonator v5 224 games, 171232 moves, e=0.830, loss: 19.9, +, 62.4% elo% vs. random_no_suicide, avg. reward: -6.766, 2.126 sec/game, 6.8 min. total, 514.4 MB
keenness_detonator v5 225 games, 172043 moves, e=0.830, loss: 20.4, +, 64.0% elo% vs. random_no_suicide, avg. reward: -6.762, 2.141 sec/game, 6.8 min. total, 514.5 MB
keenness_detonator v5 226 games, 172879 moves, e=0.829, loss: 20.1, +, 65.5% elo% vs. random_no_suicide, avg. reward: -6.739, 2.140 sec/game, 6.8 min. total, 516.0 MB
keenness_detonator v5 227 games, 173680 moves, e=0.828, loss: 19.9, +, 67.0% elo% vs. random_no_suicide, avg. reward: -6.753, 2.125 sec/game, 6.9 min. total, 516.8 MB
keenness_detonator v5 228 games, 174594 moves, e=0.827, loss: 19.6, +, 68.3% elo% vs. random_no_suicide, avg. reward: -6.704, 2.155 sec/game, 6.9 min. total, 516.8 MB
keenness_detonator v5 229 games, 175532 moves, e=0.826, loss: 19.3, +, 69.5% elo% vs. random_no_suicide, avg. reward: -6.667, 2.172 sec/game, 6.9 min. total, 517.1 MB
keenness_detonator v5 230 games, 176479 moves, e=0.825, loss: 19.9, +, 70.7% elo% vs. random_no_suicide, avg. reward: -6.636, 2.185 sec/game, 7.0 min. total, 515.7 MB
keenness_detonator v5 231 games, 177460 moves, e=0.824, loss: 19.2, +, 71.8% elo% vs. random_no_suicide, avg. reward: -6.616, 2.199 sec/game, 7.0 min. total, 515.8 MB
keenness_detonator v5 232 games, 178289 moves, e=0.823, loss: 20.0, +, 72.9% elo% vs. random_no_suicide, avg. reward: -6.594, 2.194 sec/game, 7.0 min. total, 516.0 MB
keenness_detonator v5 233 games, 179127 moves, e=0.823, loss: 18.6, +, 73.8% elo% vs. random_no_suicide, avg. reward: -6.596, 2.180 sec/game, 7.1 min. total, 516.6 MB
keenness_detonator v5 234 games, 179975 moves, e=0.822, loss: 19.0, +, 74.8% elo% vs. random_no_suicide, avg. reward: -6.589, 2.192 sec/game, 7.1 min. total, 518.5 MB
keenness_detonator v5 235 games, 180807 moves, e=0.821, loss: 18.3, -, 72.1% elo% vs. random_no_suicide, avg. reward: -6.591, 2.179 sec/game, 7.2 min. total, 518.4 MB
keenness_detonator v5 236 games, 181640 moves, e=0.820, loss: 17.2, +, 73.1% elo% vs. random_no_suicide, avg. reward: -6.571, 2.203 sec/game, 7.2 min. total, 518.3 MB
keenness_detonator v5 237 games, 182479 moves, e=0.819, loss: 19.0, +, 74.1% elo% vs. random_no_suicide, avg. reward: -6.551, 2.202 sec/game, 7.2 min. total, 518.2 MB
keenness_detonator v5 238 games, 183358 moves, e=0.818, loss: 18.9, +, 75.0% elo% vs. random_no_suicide, avg. reward: -6.524, 2.197 sec/game, 7.3 min. total, 519.7 MB
keenness_detonator v5 239 games, 184236 moves, e=0.818, loss: 19.3, +, 75.8% elo% vs. random_no_suicide, avg. reward: -6.516, 2.211 sec/game, 7.3 min. total, 519.9 MB
keenness_detonator v5 240 games, 185103 moves, e=0.817, loss: 18.2, +, 76.6% elo% vs. random_no_suicide, avg. reward: -6.501, 2.189 sec/game, 7.3 min. total, 519.9 MB
keenness_detonator v5 241 games, 185955 moves, e=0.816, loss: 19.1, +, 77.4% elo% vs. random_no_suicide, avg. reward: -6.487, 2.177 sec/game, 7.4 min. total, 520.0 MB
keenness_detonator v5 242 games, 187043 moves, e=0.815, loss: 19.4, +, 78.1% elo% vs. random_no_suicide, avg. reward: -6.463, 2.211 sec/game, 7.4 min. total, 519.9 MB
keenness_detonator v5 243 games, 188025 moves, e=0.814, loss: 19.1, +, 78.8% elo% vs. random_no_suicide, avg. reward: -6.443, 2.210 sec/game, 7.5 min. total, 521.5 MB
keenness_detonator v5 244 games, 188979 moves, e=0.813, loss: 19.1, +, 79.4% elo% vs. random_no_suicide, avg. reward: -6.420, 2.239 sec/game, 7.5 min. total, 520.2 MB
keenness_detonator v5 245 games, 189925 moves, e=0.812, loss: 21.2, +, 80.1% elo% vs. random_no_suicide, avg. reward: -6.409, 2.242 sec/game, 7.5 min. total, 521.4 MB
keenness_detonator v6 246 games, 190968 moves, e=0.811, loss: 21.9, -, 49.9% elo% vs. simple_bot, avg. reward: -6.379, 2.272 sec/game, 7.6 min. total, 520.2 MB
keenness_detonator v6 247 games, 191812 moves, e=0.810, loss: 21.2, -, 47.6% elo% vs. simple_bot, avg. reward: -6.374, 2.282 sec/game, 7.6 min. total, 524.3 MB
keenness_detonator v6 248 games, 192817 moves, e=0.809, loss: 22.4, -, 45.4% elo% vs. simple_bot, avg. reward: -6.350, 2.328 sec/game, 7.7 min. total, 522.4 MB
keenness_detonator v6 249 games, 193804 moves, e=0.808, loss: 22.7, -, 43.4% elo% vs. simple_bot, avg. reward: -6.322, 2.364 sec/game, 7.7 min. total, 524.6 MB
keenness_detonator v6 250 games, 194684 moves, e=0.807, loss: 21.2, -, 41.4% elo% vs. simple_bot, avg. reward: -6.310, 2.367 sec/game, 7.8 min. total, 525.8 MB
keenness_detonator v6 251 games, 195597 moves, e=0.806, loss: 20.5, -, 39.6% elo% vs. simple_bot, avg. reward: -6.294, 2.382 sec/game, 7.8 min. total, 526.6 MB
keenness_detonator v6 252 games, 196647 moves, e=0.805, loss: 22.1, -, 37.8% elo% vs. simple_bot, avg. reward: -6.267, 2.428 sec/game, 7.9 min. total, 522.7 MB
keenness_detonator v6 253 games, 197569 moves, e=0.804, loss: 23.4, -, 36.2% elo% vs. simple_bot, avg. reward: -6.259, 2.444 sec/game, 7.9 min. total, 523.3 MB
keenness_detonator v6 254 games, 198637 moves, e=0.803, loss: 24.2, -, 34.7% elo% vs. simple_bot, avg. reward: -6.246, 2.470 sec/game, 7.9 min. total, 528.0 MB
keenness_detonator v6 255 games, 199571 moves, e=0.802, loss: 26.1, -, 33.3% elo% vs. simple_bot, avg. reward: -6.225, 2.486 sec/game, 8.0 min. total, 526.5 MB
keenness_detonator v6 256 games, 200493 moves, e=0.802, loss: 25.3, -, 31.9% elo% vs. simple_bot, avg. reward: -6.198, 2.497 sec/game, 8.0 min. total, 526.4 MB
keenness_detonator v6 257 games, 201407 moves, e=0.801, loss: 23.7, -, 30.6% elo% vs. simple_bot, avg. reward: -6.169, 2.514 sec/game, 8.1 min. total, 526.5 MB
keenness_detonator v6 258 games, 202389 moves, e=0.800, loss: 23.3, -, 29.5% elo% vs. simple_bot, avg. reward: -6.126, 2.542 sec/game, 8.1 min. total, 526.6 MB
keenness_detonator v6 259 games, 203284 moves, e=0.799, loss: 24.2, -, 28.3% elo% vs. simple_bot, avg. reward: -6.110, 2.566 sec/game, 8.2 min. total, 529.5 MB
keenness_detonator v6 260 games, 204322 moves, e=0.798, loss: 23.6, -, 27.3% elo% vs. simple_bot, avg. reward: -6.062, 2.593 sec/game, 8.2 min. total, 527.2 MB
keenness_detonator v6 261 games, 205154 moves, e=0.797, loss: 24.6, -, 26.3% elo% vs. simple_bot, avg. reward: -6.038, 2.597 sec/game, 8.2 min. total, 527.0 MB
keenness_detonator v6 262 games, 206196 moves, e=0.796, loss: 25.4, -, 25.4% elo% vs. simple_bot, avg. reward: -6.002, 2.590 sec/game, 8.3 min. total, 527.0 MB
keenness_detonator v6 263 games, 207151 moves, e=0.795, loss: 25.8, -, 24.5% elo% vs. simple_bot, avg. reward: -5.975, 2.624 sec/game, 8.3 min. total, 529.4 MB
keenness_detonator v6 264 games, 207880 moves, e=0.794, loss: 25.8, -, 23.7% elo% vs. simple_bot, avg. reward: -5.994, 2.597 sec/game, 8.4 min. total, 527.1 MB
keenness_detonator v6 265 games, 208801 moves, e=0.793, loss: 25.9, -, 22.9% elo% vs. simple_bot, avg. reward: -5.970, 2.612 sec/game, 8.4 min. total, 531.2 MB
keenness_detonator v6 266 games, 209846 moves, e=0.792, loss: 26.4, -, 22.2% elo% vs. simple_bot, avg. reward: -5.936, 2.641 sec/game, 8.5 min. total, 527.4 MB
keenness_detonator v6 267 games, 210830 moves, e=0.791, loss: 25.5, -, 21.5% elo% vs. simple_bot, avg. reward: -5.928, 2.688 sec/game, 8.5 min. total, 532.0 MB
keenness_detonator v6 268 games, 211894 moves, e=0.790, loss: 25.6, -, 20.8% elo% vs. simple_bot, avg. reward: -5.892, 2.665 sec/game, 8.6 min. total, 530.7 MB
keenness_detonator v6 269 games, 212991 moves, e=0.789, loss: 26.0, -, 20.2% elo% vs. simple_bot, avg. reward: -5.862, 2.671 sec/game, 8.6 min. total, 530.7 MB
keenness_detonator v6 270 games, 213996 moves, e=0.788, loss: 25.9, -, 19.6% elo% vs. simple_bot, avg. reward: -5.833, 2.706 sec/game, 8.7 min. total, 530.6 MB
keenness_detonator v6 271 games, 214970 moves, e=0.787, loss: 28.3, -, 19.0% elo% vs. simple_bot, avg. reward: -5.824, 2.723 sec/game, 8.7 min. total, 530.7 MB
keenness_detonator v6 272 games, 215880 moves, e=0.786, loss: 29.6, -, 18.5% elo% vs. simple_bot, avg. reward: -5.812, 2.724 sec/game, 8.8 min. total, 534.8 MB
keenness_detonator v6 273 games, 216729 moves, e=0.785, loss: 28.7, -, 18.0% elo% vs. simple_bot, avg. reward: -5.804, 2.725 sec/game, 8.8 min. total, 531.4 MB
keenness_detonator v6 274 games, 217654 moves, e=0.785, loss: 26.9, -, 17.5% elo% vs. simple_bot, avg. reward: -5.796, 2.721 sec/game, 8.9 min. total, 531.5 MB
keenness_detonator v6 275 games, 218601 moves, e=0.784, loss: 26.5, -, 17.0% elo% vs. simple_bot, avg. reward: -5.788, 2.723 sec/game, 8.9 min. total, 533.0 MB
keenness_detonator v6 276 games, 219575 moves, e=0.783, loss: 27.6, -, 16.6% elo% vs. simple_bot, avg. reward: -5.778, 2.753 sec/game, 8.9 min. total, 533.1 MB
keenness_detonator v6 277 games, 220584 moves, e=0.782, loss: 29.8, -, 16.2% elo% vs. simple_bot, avg. reward: -5.754, 2.784 sec/game, 9.0 min. total, 535.3 MB
keenness_detonator v6 278 games, 221555 moves, e=0.781, loss: 27.9, -, 15.8% elo% vs. simple_bot, avg. reward: -5.730, 2.777 sec/game, 9.0 min. total, 537.1 MB
keenness_detonator v6 279 games, 222570 moves, e=0.780, loss: 30.4, -, 15.4% elo% vs. simple_bot, avg. reward: -5.719, 2.792 sec/game, 9.1 min. total, 533.7 MB
keenness_detonator v6 280 games, 223487 moves, e=0.779, loss: 31.0, -, 15.0% elo% vs. simple_bot, avg. reward: -5.697, 2.797 sec/game, 9.1 min. total, 533.9 MB
keenness_detonator v6 281 games, 224310 moves, e=0.778, loss: 33.0, -, 14.7% elo% vs. simple_bot, avg. reward: -5.696, 2.832 sec/game, 9.2 min. total, 537.2 MB
keenness_detonator v6 282 games, 225109 moves, e=0.777, loss: 34.9, -, 14.3% elo% vs. simple_bot, avg. reward: -5.679, 2.807 sec/game, 9.2 min. total, 534.2 MB
keenness_detonator v6 283 games, 226142 moves, e=0.776, loss: 37.3, -, 14.0% elo% vs. simple_bot, avg. reward: -5.662, 2.817 sec/game, 9.3 min. total, 536.2 MB
keenness_detonator v6 284 games, 227141 moves, e=0.775, loss: 37.1, -, 13.7% elo% vs. simple_bot, avg. reward: -5.632, 2.874 sec/game, 9.3 min. total, 536.2 MB
keenness_detonator v6 285 games, 228062 moves, e=0.774, loss: 36.0, -, 13.4% elo% vs. simple_bot, avg. reward: -5.628, 2.881 sec/game, 9.4 min. total, 534.2 MB
keenness_detonator v6 286 games, 228983 moves, e=0.773, loss: 37.2, -, 13.1% elo% vs. simple_bot, avg. reward: -5.618, 2.859 sec/game, 9.4 min. total, 534.1 MB
keenness_detonator v6 287 games, 229853 moves, e=0.772, loss: 36.2, -, 12.9% elo% vs. simple_bot, avg. reward: -5.602, 2.828 sec/game, 9.5 min. total, 534.5 MB
keenness_detonator v6 288 games, 230909 moves, e=0.771, loss: 36.3, -, 12.6% elo% vs. simple_bot, avg. reward: -5.554, 2.829 sec/game, 9.5 min. total, 535.3 MB
keenness_detonator v6 289 games, 231941 moves, e=0.770, loss: 35.5, -, 12.3% elo% vs. simple_bot, avg. reward: -5.528, 2.841 sec/game, 9.6 min. total, 535.6 MB
keenness_detonator v6 290 games, 232909 moves, e=0.769, loss: 35.5, -, 12.1% elo% vs. simple_bot, avg. reward: -5.520, 2.825 sec/game, 9.6 min. total, 535.4 MB
keenness_detonator v6 291 games, 234155 moves, e=0.768, loss: 34.6, -, 11.9% elo% vs. simple_bot, avg. reward: -5.487, 2.854 sec/game, 9.7 min. total, 535.4 MB
keenness_detonator v6 292 games, 235216 moves, e=0.767, loss: 33.8, -, 11.6% elo% vs. simple_bot, avg. reward: -5.474, 2.872 sec/game, 9.7 min. total, 535.8 MB
keenness_detonator v6 293 games, 236257 moves, e=0.766, loss: 34.2, -, 11.4% elo% vs. simple_bot, avg. reward: -5.451, 2.896 sec/game, 9.8 min. total, 535.8 MB
keenness_detonator v6 294 games, 237370 moves, e=0.765, loss: 32.1, -, 11.2% elo% vs. simple_bot, avg. reward: -5.422, 2.925 sec/game, 9.8 min. total, 536.0 MB
keenness_detonator v6 295 games, 238476 moves, e=0.764, loss: 30.7, -, 11.0% elo% vs. simple_bot, avg. reward: -5.393, 2.961 sec/game, 9.9 min. total, 537.6 MB
keenness_detonator v6 296 games, 239602 moves, e=0.763, loss: 29.8, -, 10.8% elo% vs. simple_bot, avg. reward: -5.364, 2.963 sec/game, 9.9 min. total, 537.7 MB
keenness_detonator v6 297 games, 240636 moves, e=0.762, loss: 27.4, -, 10.6% elo% vs. simple_bot, avg. reward: -5.349, 2.963 sec/game, 10.0 min. total, 537.8 MB
keenness_detonator v6 298 games, 241797 moves, e=0.761, loss: 24.4, -, 10.4% elo% vs. simple_bot, avg. reward: -5.312, 3.012 sec/game, 10.0 min. total, 537.7 MB
keenness_detonator v6 299 games, 242913 moves, e=0.760, loss: 22.7, -, 10.3% elo% vs. simple_bot, avg. reward: -5.282, 3.012 sec/game, 10.1 min. total, 537.9 MB
keenness_detonator v6 300 games, 243960 moves, e=0.758, loss: 23.4, -, 10.1% elo% vs. simple_bot, avg. reward: -5.263, 3.017 sec/game, 10.1 min. total, 538.0 MB
keenness_detonator v7 301 games, 244878 moves, e=0.758, loss: 22.4, -, 47.7% elo% vs. simple_bot, avg. reward: -5.252, 3.031 sec/game, 10.2 min. total, 540.8 MB
keenness_detonator v7 302 games, 245986 moves, e=0.756, loss: 22.5, -, 45.5% elo% vs. simple_bot, avg. reward: -5.211, 3.067 sec/game, 10.2 min. total, 540.9 MB
keenness_detonator v7 303 games, 247076 moves, e=0.755, loss: 22.9, -, 43.4% elo% vs. simple_bot, avg. reward: -5.182, 3.085 sec/game, 10.3 min. total, 541.2 MB
keenness_detonator v7 304 games, 248178 moves, e=0.754, loss: 23.5, -, 41.5% elo% vs. simple_bot, avg. reward: -5.158, 3.082 sec/game, 10.3 min. total, 543.6 MB
keenness_detonator v7 305 games, 249308 moves, e=0.753, loss: 23.1, -, 39.6% elo% vs. simple_bot, avg. reward: -5.122, 3.110 sec/game, 10.4 min. total, 541.1 MB
keenness_detonator v7 306 games, 250285 moves, e=0.752, loss: 24.6, -, 37.9% elo% vs. simple_bot, avg. reward: -5.098, 3.129 sec/game, 10.5 min. total, 541.0 MB
keenness_detonator v7 307 games, 251485 moves, e=0.751, loss: 28.0, -, 36.3% elo% vs. simple_bot, avg. reward: -5.066, 3.175 sec/game, 10.5 min. total, 542.1 MB
keenness_detonator v7 308 games, 252683 moves, e=0.750, loss: 25.3, -, 34.8% elo% vs. simple_bot, avg. reward: -5.016, 3.211 sec/game, 10.6 min. total, 542.0 MB
keenness_detonator v7 309 games, 253692 moves, e=0.749, loss: 26.9, -, 33.3% elo% vs. simple_bot, avg. reward: -4.987, 3.184 sec/game, 10.6 min. total, 542.3 MB
keenness_detonator v7 310 games, 254610 moves, e=0.748, loss: 27.5, -, 32.0% elo% vs. simple_bot, avg. reward: -4.955, 3.199 sec/game, 10.7 min. total, 542.1 MB
keenness_detonator v7 311 games, 255679 moves, e=0.747, loss: 28.8, -, 30.7% elo% vs. simple_bot, avg. reward: -4.939, 3.163 sec/game, 10.7 min. total, 542.2 MB
keenness_detonator v7 312 games, 256725 moves, e=0.746, loss: 27.1, -, 29.5% elo% vs. simple_bot, avg. reward: -4.903, 3.143 sec/game, 10.8 min. total, 542.1 MB
keenness_detonator v7 313 games, 257614 moves, e=0.745, loss: 28.3, -, 28.4% elo% vs. simple_bot, avg. reward: -4.915, 3.113 sec/game, 10.8 min. total, 542.1 MB
