presuming_occupancy v0 0 games, 0 moves, e=1.000, loss: nan,  , 50.0% elo% vs. , avg. reward: nan, nan sec/game, 0.0 min. total, 304.6 MB
presuming_occupancy v1 1 games, 655 moves, e=0.999, loss: nan, +, 52.3% elo% vs. random_bot, avg. reward: -16.806, 0.426 sec/game, 0.0 min. total, 312.1 MB
presuming_occupancy v1 2 games, 1370 moves, e=0.999, loss: nan, +, 54.5% elo% vs. random_bot, avg. reward: -16.862, 0.441 sec/game, 0.0 min. total, 315.8 MB
presuming_occupancy v1 3 games, 2164 moves, e=0.998, loss: nan, +, 56.6% elo% vs. random_bot, avg. reward: -17.126, 0.455 sec/game, 0.0 min. total, 319.1 MB
presuming_occupancy v1 4 games, 2924 moves, e=0.997, loss: nan, +, 58.5% elo% vs. random_bot, avg. reward: -17.237, 0.466 sec/game, 0.0 min. total, 322.2 MB
presuming_occupancy v1 5 games, 3584 moves, e=0.996, loss: nan, +, 60.4% elo% vs. random_bot, avg. reward: -16.889, 0.457 sec/game, 0.0 min. total, 326.1 MB
presuming_occupancy v1 6 games, 4267 moves, e=0.996, loss: nan, +, 62.1% elo% vs. random_bot, avg. reward: -16.757, 0.453 sec/game, 0.0 min. total, 328.9 MB
presuming_occupancy v1 7 games, 4984 moves, e=0.995, loss: nan, +, 63.7% elo% vs. random_bot, avg. reward: -16.835, 0.452 sec/game, 0.1 min. total, 333.1 MB
presuming_occupancy v1 8 games, 5671 moves, e=0.994, loss: nan, +, 65.2% elo% vs. random_bot, avg. reward: -16.720, 0.448 sec/game, 0.1 min. total, 335.4 MB
presuming_occupancy v1 9 games, 6507 moves, e=0.994, loss: nan, +, 66.7% elo% vs. random_bot, avg. reward: -16.627, 0.455 sec/game, 0.1 min. total, 339.9 MB
presuming_occupancy v1 10 games, 7229 moves, e=0.993, loss: nan, +, 68.0% elo% vs. random_bot, avg. reward: -16.596, 0.466 sec/game, 0.1 min. total, 342.4 MB
presuming_occupancy v1 11 games, 7970 moves, e=0.992, loss: nan, +, 69.3% elo% vs. random_bot, avg. reward: -16.555, 0.467 sec/game, 0.1 min. total, 346.0 MB
presuming_occupancy v1 12 games, 8614 moves, e=0.991, loss: nan, +, 70.5% elo% vs. random_bot, avg. reward: -16.594, 0.462 sec/game, 0.1 min. total, 348.6 MB
presuming_occupancy v1 13 games, 9433 moves, e=0.991, loss: nan, +, 71.6% elo% vs. random_bot, avg. reward: -16.621, 0.476 sec/game, 0.1 min. total, 352.1 MB
presuming_occupancy v1 14 games, 10070 moves, e=0.990, loss: nan, +, 72.7% elo% vs. random_bot, avg. reward: -16.572, 0.471 sec/game, 0.1 min. total, 355.1 MB
presuming_occupancy v1 15 games, 10759 moves, e=0.989, loss: 75.9, +, 73.6% elo% vs. random_bot, avg. reward: -16.605, 0.586 sec/game, 0.1 min. total, 381.8 MB
presuming_occupancy v1 16 games, 11427 moves, e=0.989, loss: 56.9, +, 74.6% elo% vs. random_bot, avg. reward: -16.594, 0.662 sec/game, 0.2 min. total, 384.9 MB
presuming_occupancy v1 17 games, 12144 moves, e=0.988, loss: 42.3, +, 75.5% elo% vs. random_bot, avg. reward: -16.442, 0.719 sec/game, 0.2 min. total, 387.1 MB
presuming_occupancy v1 18 games, 12675 moves, e=0.987, loss: 32.8, +, 76.3% elo% vs. random_bot, avg. reward: -16.616, 0.763 sec/game, 0.2 min. total, 386.7 MB
presuming_occupancy v1 19 games, 13441 moves, e=0.987, loss: 25.1, +, 77.1% elo% vs. random_bot, avg. reward: -16.609, 0.821 sec/game, 0.3 min. total, 385.8 MB
presuming_occupancy v1 20 games, 14297 moves, e=0.986, loss: 20.5, +, 77.8% elo% vs. random_bot, avg. reward: -16.434, 0.875 sec/game, 0.3 min. total, 383.7 MB
presuming_occupancy v1 21 games, 15035 moves, e=0.985, loss: 17.9, +, 78.5% elo% vs. random_bot, avg. reward: -16.418, 0.946 sec/game, 0.3 min. total, 386.0 MB
presuming_occupancy v1 22 games, 15758 moves, e=0.984, loss: 16.2, +, 79.2% elo% vs. random_bot, avg. reward: -16.335, 1.016 sec/game, 0.4 min. total, 387.1 MB
presuming_occupancy v1 23 games, 16489 moves, e=0.984, loss: 15.0, +, 79.8% elo% vs. random_bot, avg. reward: -16.364, 1.073 sec/game, 0.4 min. total, 385.9 MB
presuming_occupancy v1 24 games, 17132 moves, e=0.983, loss: 14.1, +, 80.4% elo% vs. random_bot, avg. reward: -16.362, 1.127 sec/game, 0.4 min. total, 387.7 MB
presuming_occupancy v2 25 games, 17766 moves, e=0.982, loss: 13.7, +, 54.5% elo% vs. guard_bot, avg. reward: -16.339, 1.203 sec/game, 0.4 min. total, 446.7 MB
presuming_occupancy v2 26 games, 18438 moves, e=0.982, loss: 13.0, +, 56.6% elo% vs. guard_bot, avg. reward: -16.369, 1.284 sec/game, 0.5 min. total, 448.0 MB
presuming_occupancy v2 27 games, 19245 moves, e=0.981, loss: 12.1, +, 58.5% elo% vs. guard_bot, avg. reward: -16.364, 1.368 sec/game, 0.5 min. total, 451.7 MB
presuming_occupancy v2 28 games, 19975 moves, e=0.980, loss: 11.8, +, 60.4% elo% vs. guard_bot, avg. reward: -16.330, 1.453 sec/game, 0.5 min. total, 453.1 MB
presuming_occupancy v2 29 games, 20733 moves, e=0.979, loss: 11.5, +, 62.1% elo% vs. guard_bot, avg. reward: -16.363, 1.514 sec/game, 0.6 min. total, 454.1 MB
presuming_occupancy v2 30 games, 21440 moves, e=0.979, loss: 11.1, +, 63.7% elo% vs. guard_bot, avg. reward: -16.379, 1.595 sec/game, 0.6 min. total, 455.9 MB
presuming_occupancy v2 31 games, 22206 moves, e=0.978, loss: 10.9, +, 65.2% elo% vs. guard_bot, avg. reward: -16.411, 1.671 sec/game, 0.6 min. total, 455.9 MB
presuming_occupancy v2 32 games, 22819 moves, e=0.977, loss: 10.9, +, 66.7% elo% vs. guard_bot, avg. reward: -16.458, 1.734 sec/game, 0.7 min. total, 455.0 MB
presuming_occupancy v2 33 games, 23664 moves, e=0.977, loss: 11.0, +, 68.0% elo% vs. guard_bot, avg. reward: -16.401, 1.808 sec/game, 0.7 min. total, 454.7 MB
presuming_occupancy v2 34 games, 24364 moves, e=0.976, loss: 11.1, +, 69.3% elo% vs. guard_bot, avg. reward: -16.460, 1.895 sec/game, 0.7 min. total, 455.1 MB
presuming_occupancy v2 35 games, 25004 moves, e=0.975, loss: 11.1, +, 70.5% elo% vs. guard_bot, avg. reward: -16.439, 1.887 sec/game, 0.8 min. total, 456.2 MB
presuming_occupancy v2 36 games, 25705 moves, e=0.975, loss: 11.5, +, 71.6% elo% vs. guard_bot, avg. reward: -16.459, 1.887 sec/game, 0.8 min. total, 455.1 MB
presuming_occupancy v2 37 games, 26404 moves, e=0.974, loss: 11.5, +, 72.7% elo% vs. guard_bot, avg. reward: -16.418, 1.909 sec/game, 0.8 min. total, 456.7 MB
presuming_occupancy v2 38 games, 27111 moves, e=0.973, loss: 11.7, ., 71.8% elo% vs. guard_bot, avg. reward: -16.440, 1.916 sec/game, 0.9 min. total, 457.3 MB
presuming_occupancy v2 39 games, 27834 moves, e=0.972, loss: 12.1, +, 72.9% elo% vs. guard_bot, avg. reward: -16.465, 1.916 sec/game, 0.9 min. total, 458.7 MB
presuming_occupancy v2 40 games, 28523 moves, e=0.972, loss: 12.3, +, 73.8% elo% vs. guard_bot, avg. reward: -16.456, 1.907 sec/game, 0.9 min. total, 459.3 MB
presuming_occupancy v2 41 games, 29261 moves, e=0.971, loss: 12.2, ., 73.0% elo% vs. guard_bot, avg. reward: -16.421, 1.913 sec/game, 1.0 min. total, 458.4 MB
presuming_occupancy v2 42 games, 29962 moves, e=0.970, loss: 12.2, ., 72.1% elo% vs. guard_bot, avg. reward: -16.412, 1.914 sec/game, 1.0 min. total, 460.8 MB
presuming_occupancy v2 43 games, 30725 moves, e=0.970, loss: 12.1, +, 73.2% elo% vs. guard_bot, avg. reward: -16.426, 1.927 sec/game, 1.0 min. total, 462.1 MB
presuming_occupancy v2 44 games, 31473 moves, e=0.969, loss: 12.1, +, 74.1% elo% vs. guard_bot, avg. reward: -16.412, 1.931 sec/game, 1.1 min. total, 460.7 MB
presuming_occupancy v2 45 games, 32268 moves, e=0.968, loss: 12.0, +, 75.0% elo% vs. guard_bot, avg. reward: -16.387, 1.942 sec/game, 1.1 min. total, 464.1 MB
presuming_occupancy v2 46 games, 32980 moves, e=0.967, loss: 12.5, +, 75.9% elo% vs. guard_bot, avg. reward: -16.405, 1.926 sec/game, 1.1 min. total, 464.0 MB
presuming_occupancy v2 47 games, 33603 moves, e=0.967, loss: 12.8, -, 73.2% elo% vs. guard_bot, avg. reward: -16.432, 1.899 sec/game, 1.1 min. total, 464.2 MB
presuming_occupancy v2 48 games, 34192 moves, e=0.966, loss: 12.3, -, 70.5% elo% vs. guard_bot, avg. reward: -16.425, 1.876 sec/game, 1.2 min. total, 464.3 MB
presuming_occupancy v2 49 games, 34741 moves, e=0.966, loss: 12.3, -, 67.7% elo% vs. guard_bot, avg. reward: -16.462, 1.856 sec/game, 1.2 min. total, 464.3 MB
presuming_occupancy v2 50 games, 35428 moves, e=0.965, loss: 12.2, -, 64.9% elo% vs. guard_bot, avg. reward: -16.441, 1.830 sec/game, 1.2 min. total, 464.4 MB
presuming_occupancy v2 51 games, 35910 moves, e=0.964, loss: 11.7, -, 62.2% elo% vs. guard_bot, avg. reward: -16.551, 1.795 sec/game, 1.2 min. total, 464.5 MB
presuming_occupancy v2 52 games, 36466 moves, e=0.964, loss: 11.1, -, 59.4% elo% vs. guard_bot, avg. reward: -16.592, 1.778 sec/game, 1.3 min. total, 464.5 MB
presuming_occupancy v2 53 games, 37014 moves, e=0.963, loss: 10.1, -, 56.8% elo% vs. guard_bot, avg. reward: -16.644, 1.753 sec/game, 1.3 min. total, 464.6 MB
presuming_occupancy v2 54 games, 37622 moves, e=0.963, loss: 10.2, -, 54.2% elo% vs. guard_bot, avg. reward: -16.653, 1.714 sec/game, 1.3 min. total, 464.6 MB
presuming_occupancy v2 55 games, 38147 moves, e=0.962, loss: 10.0, -, 51.7% elo% vs. guard_bot, avg. reward: -16.703, 1.690 sec/game, 1.3 min. total, 463.3 MB
presuming_occupancy v2 56 games, 38844 moves, e=0.962, loss: 9.9, -, 49.3% elo% vs. guard_bot, avg. reward: -16.713, 1.680 sec/game, 1.4 min. total, 464.8 MB
presuming_occupancy v2 57 games, 39423 moves, e=0.961, loss: 10.0, -, 47.1% elo% vs. guard_bot, avg. reward: -16.743, 1.644 sec/game, 1.4 min. total, 465.0 MB
presuming_occupancy v2 58 games, 40032 moves, e=0.960, loss: 10.4, -, 44.9% elo% vs. guard_bot, avg. reward: -16.748, 1.641 sec/game, 1.4 min. total, 466.2 MB
presuming_occupancy v2 59 games, 40682 moves, e=0.960, loss: 10.2, -, 42.9% elo% vs. guard_bot, avg. reward: -16.745, 1.627 sec/game, 1.4 min. total, 465.9 MB
presuming_occupancy v2 60 games, 41236 moves, e=0.959, loss: 9.8, -, 40.9% elo% vs. guard_bot, avg. reward: -16.787, 1.625 sec/game, 1.5 min. total, 466.2 MB
