untrimmed_irate v0 0 games, 0 moves, e=1.000, loss: nan,  , 50.0% elo% vs. , avg. reward: nan, nan sec/game, 0.0 min. total, 308.9 MB
untrimmed_irate v1 1 games, 716 moves, e=0.999, loss: nan, -, 47.7% elo% vs. random_bot, avg. reward: 52.781, 0.120 sec/game, 0.0 min. total, 311.4 MB
untrimmed_irate v1 2 games, 1405 moves, e=0.999, loss: nan, -, 45.5% elo% vs. random_bot, avg. reward: 39.223, 0.112 sec/game, 0.0 min. total, 313.3 MB
untrimmed_irate v1 3 games, 2085 moves, e=0.998, loss: nan, -, 43.4% elo% vs. random_bot, avg. reward: 25.048, 0.120 sec/game, 0.0 min. total, 314.4 MB
untrimmed_irate v1 4 games, 2866 moves, e=0.997, loss: nan, -, 41.5% elo% vs. random_bot, avg. reward: 24.466, 0.120 sec/game, 0.0 min. total, 316.6 MB
untrimmed_irate v1 5 games, 3483 moves, e=0.997, loss: nan, -, 39.6% elo% vs. random_bot, avg. reward: 25.299, 0.117 sec/game, 0.0 min. total, 318.2 MB
untrimmed_irate v1 6 games, 4243 moves, e=0.996, loss: nan, -, 37.9% elo% vs. random_bot, avg. reward: 27.166, 0.117 sec/game, 0.0 min. total, 319.9 MB
untrimmed_irate v1 7 games, 4914 moves, e=0.995, loss: nan, -, 36.3% elo% vs. random_bot, avg. reward: 29.193, 0.118 sec/game, 0.0 min. total, 321.5 MB
untrimmed_irate v1 8 games, 5587 moves, e=0.994, loss: nan, -, 34.8% elo% vs. random_bot, avg. reward: 25.133, 0.117 sec/game, 0.0 min. total, 322.9 MB
untrimmed_irate v1 9 games, 6286 moves, e=0.994, loss: nan, -, 33.3% elo% vs. random_bot, avg. reward: 28.362, 0.117 sec/game, 0.0 min. total, 324.5 MB
untrimmed_irate v1 10 games, 6926 moves, e=0.993, loss: nan, -, 32.0% elo% vs. random_bot, avg. reward: 25.156, 0.117 sec/game, 0.0 min. total, 325.5 MB
untrimmed_irate v1 11 games, 7608 moves, e=0.992, loss: nan, -, 30.7% elo% vs. random_bot, avg. reward: 22.567, 0.117 sec/game, 0.0 min. total, 327.0 MB
untrimmed_irate v1 12 games, 8329 moves, e=0.992, loss: nan, -, 29.5% elo% vs. random_bot, avg. reward: 25.043, 0.117 sec/game, 0.0 min. total, 328.5 MB
untrimmed_irate v1 13 games, 8870 moves, e=0.991, loss: nan, ., 30.3% elo% vs. random_bot, avg. reward: 28.486, 0.116 sec/game, 0.0 min. total, 329.6 MB
untrimmed_irate v1 14 games, 9545 moves, e=0.991, loss: nan, -, 29.1% elo% vs. random_bot, avg. reward: 31.513, 0.117 sec/game, 0.0 min. total, 331.3 MB
untrimmed_irate v1 15 games, 10256 moves, e=0.990, loss: 22480.0, +, 31.9% elo% vs. random_bot, avg. reward: 31.075, 0.173 sec/game, 0.0 min. total, 353.7 MB
untrimmed_irate v1 16 games, 10997 moves, e=0.989, loss: 24579.2, +, 34.7% elo% vs. random_bot, avg. reward: 31.473, 0.253 sec/game, 0.1 min. total, 356.7 MB
untrimmed_irate v1 17 games, 11706 moves, e=0.988, loss: 25367.2, +, 37.5% elo% vs. random_bot, avg. reward: 31.930, 0.338 sec/game, 0.1 min. total, 358.9 MB
untrimmed_irate v1 18 games, 12385 moves, e=0.988, loss: 23848.2, +, 40.2% elo% vs. random_bot, avg. reward: 30.778, 0.401 sec/game, 0.1 min. total, 362.2 MB
untrimmed_irate v1 19 games, 13020 moves, e=0.987, loss: 27764.5, +, 42.9% elo% vs. random_bot, avg. reward: 28.967, 0.456 sec/game, 0.1 min. total, 363.6 MB
untrimmed_irate v1 20 games, 13774 moves, e=0.986, loss: 33067.3, +, 45.5% elo% vs. random_bot, avg. reward: 27.374, 0.524 sec/game, 0.2 min. total, 366.1 MB
untrimmed_irate v1 21 games, 14494 moves, e=0.986, loss: 31207.0, +, 48.0% elo% vs. random_bot, avg. reward: 25.919, 0.612 sec/game, 0.2 min. total, 367.8 MB
untrimmed_irate v1 22 games, 15245 moves, e=0.985, loss: 31782.0, +, 50.4% elo% vs. random_bot, avg. reward: 24.595, 0.692 sec/game, 0.2 min. total, 369.3 MB
untrimmed_irate v1 23 games, 15960 moves, e=0.984, loss: 26864.5, +, 52.6% elo% vs. random_bot, avg. reward: 23.393, 0.758 sec/game, 0.3 min. total, 369.1 MB
untrimmed_irate v1 24 games, 16717 moves, e=0.983, loss: 27357.1, +, 54.8% elo% vs. random_bot, avg. reward: 22.294, 0.838 sec/game, 0.3 min. total, 369.2 MB
untrimmed_irate v1 25 games, 17453 moves, e=0.983, loss: 25904.3, +, 56.9% elo% vs. random_bot, avg. reward: 22.358, 0.923 sec/game, 0.3 min. total, 369.4 MB
untrimmed_irate v1 26 games, 18149 moves, e=0.982, loss: 24930.4, +, 58.8% elo% vs. random_bot, avg. reward: 21.376, 0.993 sec/game, 0.3 min. total, 369.4 MB
untrimmed_irate v1 27 games, 18886 moves, e=0.981, loss: 21394.1, +, 60.6% elo% vs. random_bot, avg. reward: 21.979, 1.073 sec/game, 0.4 min. total, 369.7 MB
untrimmed_irate v1 28 games, 19548 moves, e=0.981, loss: 20690.2, +, 62.3% elo% vs. random_bot, avg. reward: 21.066, 1.145 sec/game, 0.4 min. total, 369.8 MB
untrimmed_irate v1 29 games, 20187 moves, e=0.980, loss: 26256.3, +, 64.0% elo% vs. random_bot, avg. reward: 20.216, 1.212 sec/game, 0.4 min. total, 370.1 MB
untrimmed_irate v1 30 games, 20936 moves, e=0.979, loss: 20871.4, +, 65.5% elo% vs. random_bot, avg. reward: 20.776, 1.295 sec/game, 0.5 min. total, 370.2 MB
untrimmed_irate v1 31 games, 21588 moves, e=0.979, loss: 19568.2, +, 66.9% elo% vs. random_bot, avg. reward: 21.981, 1.361 sec/game, 0.5 min. total, 370.6 MB
untrimmed_irate v1 32 games, 22251 moves, e=0.978, loss: 18928.0, +, 68.2% elo% vs. random_bot, avg. reward: 23.073, 1.428 sec/game, 0.5 min. total, 370.7 MB
untrimmed_irate v1 33 games, 22965 moves, e=0.977, loss: 16058.9, +, 69.5% elo% vs. random_bot, avg. reward: 23.555, 1.511 sec/game, 0.5 min. total, 370.8 MB
untrimmed_irate v1 34 games, 23712 moves, e=0.977, loss: 16532.7, +, 70.7% elo% vs. random_bot, avg. reward: 23.561, 1.591 sec/game, 0.6 min. total, 371.9 MB
untrimmed_irate v2 35 games, 24415 moves, e=0.976, loss: 19452.0, +, 54.5% elo% vs. guard_bot, avg. reward: 24.424, 1.610 sec/game, 0.6 min. total, 434.6 MB
untrimmed_irate v2 36 games, 25134 moves, e=0.975, loss: 24080.8, +, 56.6% elo% vs. guard_bot, avg. reward: 24.819, 1.623 sec/game, 0.6 min. total, 435.4 MB
untrimmed_irate v2 37 games, 25809 moves, e=0.974, loss: 26431.7, +, 58.5% elo% vs. guard_bot, avg. reward: 25.259, 1.602 sec/game, 0.6 min. total, 435.4 MB
untrimmed_irate v2 38 games, 26420 moves, e=0.974, loss: 23484.7, ., 58.1% elo% vs. guard_bot, avg. reward: 25.351, 1.595 sec/game, 0.7 min. total, 435.5 MB
untrimmed_irate v2 39 games, 27064 moves, e=0.973, loss: 24319.6, +, 60.0% elo% vs. guard_bot, avg. reward: 26.609, 1.588 sec/game, 0.7 min. total, 435.6 MB
untrimmed_irate v2 40 games, 27827 moves, e=0.972, loss: 34358.8, +, 61.8% elo% vs. guard_bot, avg. reward: 27.181, 1.578 sec/game, 0.7 min. total, 435.5 MB
untrimmed_irate v2 41 games, 28520 moves, e=0.972, loss: 47503.9, +, 63.4% elo% vs. guard_bot, avg. reward: 28.551, 1.551 sec/game, 0.7 min. total, 435.8 MB
untrimmed_irate v2 42 games, 29283 moves, e=0.971, loss: 48862.0, ., 62.8% elo% vs. guard_bot, avg. reward: 28.737, 1.545 sec/game, 0.7 min. total, 435.6 MB
untrimmed_irate v2 43 games, 30095 moves, e=0.970, loss: 42230.7, +, 64.4% elo% vs. guard_bot, avg. reward: 28.002, 1.565 sec/game, 0.8 min. total, 435.8 MB
untrimmed_irate v2 44 games, 30858 moves, e=0.969, loss: 43071.5, +, 65.9% elo% vs. guard_bot, avg. reward: 28.190, 1.556 sec/game, 0.8 min. total, 435.7 MB
untrimmed_irate v2 45 games, 31544 moves, e=0.969, loss: 45139.0, +, 67.3% elo% vs. guard_bot, avg. reward: 27.485, 1.532 sec/game, 0.8 min. total, 436.3 MB
untrimmed_irate v2 46 games, 32258 moves, e=0.968, loss: 38850.7, +, 68.6% elo% vs. guard_bot, avg. reward: 26.818, 1.534 sec/game, 0.9 min. total, 436.6 MB
untrimmed_irate v2 47 games, 32963 moves, e=0.967, loss: 35941.5, +, 69.8% elo% vs. guard_bot, avg. reward: 27.084, 1.514 sec/game, 0.9 min. total, 437.4 MB
untrimmed_irate v2 48 games, 33578 moves, e=0.967, loss: 37947.6, +, 71.0% elo% vs. guard_bot, avg. reward: 27.800, 1.503 sec/game, 0.9 min. total, 438.4 MB
untrimmed_irate v3 49 games, 34190 moves, e=0.966, loss: 35892.3, -, 47.7% elo% vs. random_no_suicide, avg. reward: 27.153, 1.504 sec/game, 0.9 min. total, 444.2 MB
untrimmed_irate v3 50 games, 35024 moves, e=0.965, loss: 31312.3, -, 45.5% elo% vs. random_no_suicide, avg. reward: 27.999, 1.514 sec/game, 1.0 min. total, 444.7 MB
untrimmed_irate v3 51 games, 35781 moves, e=0.965, loss: 38218.5, -, 43.4% elo% vs. random_no_suicide, avg. reward: 27.908, 1.531 sec/game, 1.0 min. total, 444.6 MB
untrimmed_irate v3 52 games, 36444 moves, e=0.964, loss: 38392.9, -, 41.5% elo% vs. random_no_suicide, avg. reward: 28.175, 1.524 sec/game, 1.0 min. total, 444.9 MB
untrimmed_irate v3 53 games, 37100 moves, e=0.963, loss: 39552.1, -, 39.6% elo% vs. random_no_suicide, avg. reward: 28.440, 1.506 sec/game, 1.0 min. total, 444.9 MB
untrimmed_irate v3 54 games, 37715 moves, e=0.963, loss: 43157.4, -, 37.9% elo% vs. random_no_suicide, avg. reward: 27.846, 1.490 sec/game, 1.1 min. total, 445.0 MB
untrimmed_irate v3 55 games, 38420 moves, e=0.962, loss: 35390.5, -, 36.3% elo% vs. random_no_suicide, avg. reward: 28.056, 1.518 sec/game, 1.1 min. total, 444.8 MB
untrimmed_irate v3 56 games, 39178 moves, e=0.961, loss: 34162.8, -, 34.8% elo% vs. random_no_suicide, avg. reward: 27.973, 1.524 sec/game, 1.1 min. total, 444.9 MB
untrimmed_irate v3 57 games, 39882 moves, e=0.961, loss: 34113.5, -, 33.3% elo% vs. random_no_suicide, avg. reward: 28.429, 1.538 sec/game, 1.1 min. total, 445.4 MB
untrimmed_irate v3 58 games, 40625 moves, e=0.960, loss: 39629.2, -, 32.0% elo% vs. random_no_suicide, avg. reward: 28.583, 1.560 sec/game, 1.2 min. total, 445.9 MB
untrimmed_irate v3 59 games, 41321 moves, e=0.959, loss: 41998.0, -, 30.7% elo% vs. random_no_suicide, avg. reward: 29.020, 1.569 sec/game, 1.2 min. total, 447.5 MB
untrimmed_irate v3 60 games, 41998 moves, e=0.958, loss: 37085.6, -, 29.5% elo% vs. random_no_suicide, avg. reward: 28.725, 1.569 sec/game, 1.2 min. total, 447.6 MB
untrimmed_irate v3 61 games, 42702 moves, e=0.958, loss: 37124.2, -, 28.4% elo% vs. random_no_suicide, avg. reward: 28.664, 1.578 sec/game, 1.2 min. total, 447.7 MB
untrimmed_irate v3 62 games, 43401 moves, e=0.957, loss: 45109.0, -, 27.3% elo% vs. random_no_suicide, avg. reward: 28.841, 1.593 sec/game, 1.3 min. total, 447.5 MB
untrimmed_irate v3 63 games, 44213 moves, e=0.956, loss: 33924.9, -, 26.4% elo% vs. random_no_suicide, avg. reward: 29.124, 1.597 sec/game, 1.3 min. total, 447.5 MB
untrimmed_irate v3 64 games, 44952 moves, e=0.955, loss: 37080.3, -, 25.4% elo% vs. random_no_suicide, avg. reward: 29.681, 1.616 sec/game, 1.3 min. total, 447.4 MB
untrimmed_irate v3 65 games, 45626 moves, e=0.955, loss: 38419.1, -, 24.5% elo% vs. random_no_suicide, avg. reward: 29.858, 1.627 sec/game, 1.4 min. total, 447.6 MB
untrimmed_irate v3 66 games, 46287 moves, e=0.954, loss: 40362.9, -, 23.7% elo% vs. random_no_suicide, avg. reward: 29.351, 1.631 sec/game, 1.4 min. total, 447.6 MB
untrimmed_irate v3 67 games, 46868 moves, e=0.954, loss: 33506.6, -, 22.9% elo% vs. random_no_suicide, avg. reward: 29.366, 1.648 sec/game, 1.4 min. total, 447.6 MB
untrimmed_irate v3 68 games, 47650 moves, e=0.953, loss: 35057.1, -, 22.2% elo% vs. random_no_suicide, avg. reward: 29.455, 1.677 sec/game, 1.5 min. total, 447.6 MB
untrimmed_irate v3 69 games, 48405 moves, e=0.952, loss: 36150.6, -, 21.5% elo% vs. random_no_suicide, avg. reward: 28.985, 1.703 sec/game, 1.5 min. total, 448.5 MB
untrimmed_irate v3 70 games, 49157 moves, e=0.951, loss: 40509.8, -, 20.8% elo% vs. random_no_suicide, avg. reward: 29.099, 1.697 sec/game, 1.5 min. total, 449.3 MB
untrimmed_irate v3 71 games, 50163 moves, e=0.950, loss: 40708.5, -, 20.2% elo% vs. random_no_suicide, avg. reward: 29.218, 1.732 sec/game, 1.6 min. total, 449.5 MB
untrimmed_irate v3 72 games, 50832 moves, e=0.950, loss: 41722.6, -, 19.6% elo% vs. random_no_suicide, avg. reward: 29.594, 1.759 sec/game, 1.6 min. total, 449.3 MB
untrimmed_irate v3 73 games, 51606 moves, e=0.949, loss: 45846.0, -, 19.1% elo% vs. random_no_suicide, avg. reward: 29.858, 1.792 sec/game, 1.6 min. total, 449.4 MB
untrimmed_irate v3 74 games, 52396 moves, e=0.948, loss: 44265.5, -, 18.5% elo% vs. random_no_suicide, avg. reward: 30.274, 1.813 sec/game, 1.7 min. total, 449.6 MB
untrimmed_irate v3 75 games, 53144 moves, e=0.947, loss: 42879.4, -, 18.0% elo% vs. random_no_suicide, avg. reward: 30.188, 1.812 sec/game, 1.7 min. total, 449.6 MB
untrimmed_irate v3 76 games, 53875 moves, e=0.947, loss: 44547.4, -, 17.5% elo% vs. random_no_suicide, avg. reward: 29.749, 1.796 sec/game, 1.7 min. total, 449.4 MB
untrimmed_irate v3 77 games, 54637 moves, e=0.946, loss: 44026.6, -, 17.1% elo% vs. random_no_suicide, avg. reward: 29.837, 1.806 sec/game, 1.7 min. total, 449.6 MB
untrimmed_irate v3 78 games, 55240 moves, e=0.945, loss: 44811.8, -, 16.6% elo% vs. random_no_suicide, avg. reward: 30.047, 1.791 sec/game, 1.8 min. total, 449.8 MB
untrimmed_irate v3 79 games, 55995 moves, e=0.945, loss: 46132.9, -, 16.2% elo% vs. random_no_suicide, avg. reward: 30.133, 1.806 sec/game, 1.8 min. total, 449.7 MB
untrimmed_irate v3 80 games, 56751 moves, e=0.944, loss: 41195.0, -, 15.8% elo% vs. random_no_suicide, avg. reward: 29.717, 1.807 sec/game, 1.8 min. total, 450.2 MB
untrimmed_irate v3 81 games, 57521 moves, e=0.943, loss: 36102.3, -, 15.4% elo% vs. random_no_suicide, avg. reward: 29.316, 1.816 sec/game, 1.9 min. total, 450.5 MB
untrimmed_irate v3 82 games, 58204 moves, e=0.942, loss: 35018.3, -, 15.1% elo% vs. random_no_suicide, avg. reward: 29.455, 1.794 sec/game, 1.9 min. total, 450.7 MB
untrimmed_irate v3 83 games, 58892 moves, e=0.942, loss: 36510.7, -, 14.7% elo% vs. random_no_suicide, avg. reward: 29.585, 1.778 sec/game, 1.9 min. total, 450.5 MB
untrimmed_irate v3 84 games, 59522 moves, e=0.941, loss: 35785.1, -, 14.4% elo% vs. random_no_suicide, avg. reward: 29.568, 1.749 sec/game, 1.9 min. total, 450.5 MB
untrimmed_irate v3 85 games, 60221 moves, e=0.940, loss: 43921.7, -, 14.0% elo% vs. random_no_suicide, avg. reward: 29.857, 1.745 sec/game, 2.0 min. total, 450.6 MB
untrimmed_irate v3 86 games, 60905 moves, e=0.940, loss: 41582.4, -, 13.7% elo% vs. random_no_suicide, avg. reward: 29.982, 1.733 sec/game, 2.0 min. total, 450.5 MB
untrimmed_irate v3 87 games, 61628 moves, e=0.939, loss: 43652.7, -, 13.4% elo% vs. random_no_suicide, avg. reward: 30.238, 1.733 sec/game, 2.0 min. total, 450.6 MB
untrimmed_irate v3 88 games, 62386 moves, e=0.938, loss: 39319.0, -, 13.1% elo% vs. random_no_suicide, avg. reward: 30.460, 1.720 sec/game, 2.0 min. total, 451.1 MB
untrimmed_irate v3 89 games, 63037 moves, e=0.938, loss: 43399.6, -, 12.9% elo% vs. random_no_suicide, avg. reward: 30.596, 1.698 sec/game, 2.1 min. total, 451.5 MB
untrimmed_irate v3 90 games, 63758 moves, e=0.937, loss: 47725.5, -, 12.6% elo% vs. random_no_suicide, avg. reward: 30.838, 1.695 sec/game, 2.1 min. total, 452.8 MB
untrimmed_irate v3 91 games, 64406 moves, e=0.936, loss: 48315.5, -, 12.4% elo% vs. random_no_suicide, avg. reward: 30.968, 1.642 sec/game, 2.1 min. total, 453.7 MB
untrimmed_irate v3 92 games, 65136 moves, e=0.936, loss: 45707.5, -, 12.1% elo% vs. random_no_suicide, avg. reward: 30.746, 1.640 sec/game, 2.1 min. total, 454.1 MB
untrimmed_irate v3 93 games, 65960 moves, e=0.935, loss: 41602.3, -, 11.9% elo% vs. random_no_suicide, avg. reward: 30.385, 1.639 sec/game, 2.2 min. total, 453.9 MB
untrimmed_irate v3 94 games, 66686 moves, e=0.934, loss: 41921.1, -, 11.7% elo% vs. random_no_suicide, avg. reward: 30.028, 1.625 sec/game, 2.2 min. total, 454.0 MB
untrimmed_irate v3 95 games, 67345 moves, e=0.933, loss: 37567.3, -, 11.4% elo% vs. random_no_suicide, avg. reward: 30.315, 1.629 sec/game, 2.2 min. total, 454.7 MB
untrimmed_irate v3 96 games, 68067 moves, e=0.933, loss: 37299.3, -, 11.2% elo% vs. random_no_suicide, avg. reward: 30.255, 1.632 sec/game, 2.3 min. total, 454.4 MB
untrimmed_irate v3 97 games, 68815 moves, e=0.932, loss: 38370.1, +, 13.0% elo% vs. random_no_suicide, avg. reward: 30.048, 1.637 sec/game, 2.3 min. total, 454.5 MB
untrimmed_irate v3 98 games, 69674 moves, e=0.931, loss: 43530.4, -, 12.7% elo% vs. random_no_suicide, avg. reward: 29.714, 1.667 sec/game, 2.3 min. total, 454.7 MB
untrimmed_irate v3 99 games, 70373 moves, e=0.930, loss: 45168.7, -, 12.4% elo% vs. random_no_suicide, avg. reward: 29.381, 1.648 sec/game, 2.3 min. total, 454.9 MB
untrimmed_irate v3 100 games, 71079 moves, e=0.930, loss: 35077.3, +, 14.3% elo% vs. random_no_suicide, avg. reward: 29.054, 1.647 sec/game, 2.4 min. total, 455.0 MB
untrimmed_irate v4 101 games, 71844 moves, e=0.929, loss: 35839.6, -, 47.7% elo% vs. random_no_suicide, avg. reward: 28.889, 1.648 sec/game, 2.4 min. total, 455.8 MB
untrimmed_irate v4 102 games, 72613 moves, e=0.928, loss: 29886.0, -, 45.5% elo% vs. random_no_suicide, avg. reward: 29.123, 1.663 sec/game, 2.4 min. total, 455.7 MB
untrimmed_irate v4 103 games, 73327 moves, e=0.927, loss: 29062.8, -, 43.4% elo% vs. random_no_suicide, avg. reward: 29.685, 1.651 sec/game, 2.5 min. total, 455.7 MB
untrimmed_irate v4 104 games, 74077 moves, e=0.927, loss: 34986.9, -, 41.5% elo% vs. random_no_suicide, avg. reward: 29.961, 1.668 sec/game, 2.5 min. total, 456.1 MB
untrimmed_irate v4 105 games, 74900 moves, e=0.926, loss: 35826.2, -, 39.6% elo% vs. random_no_suicide, avg. reward: 29.647, 1.692 sec/game, 2.5 min. total, 456.1 MB
untrimmed_irate v4 106 games, 75655 moves, e=0.925, loss: 30827.4, -, 37.9% elo% vs. random_no_suicide, avg. reward: 29.649, 1.704 sec/game, 2.5 min. total, 456.1 MB
untrimmed_irate v4 107 games, 76380 moves, e=0.924, loss: 30752.5, -, 36.3% elo% vs. random_no_suicide, avg. reward: 29.896, 1.692 sec/game, 2.6 min. total, 456.1 MB
untrimmed_irate v4 108 games, 77086 moves, e=0.924, loss: 35216.2, -, 34.8% elo% vs. random_no_suicide, avg. reward: 30.321, 1.693 sec/game, 2.6 min. total, 455.9 MB
untrimmed_irate v4 109 games, 77864 moves, e=0.923, loss: 37093.6, -, 33.3% elo% vs. random_no_suicide, avg. reward: 29.749, 1.700 sec/game, 2.6 min. total, 456.0 MB
untrimmed_irate v4 110 games, 78554 moves, e=0.922, loss: 39432.2, -, 32.0% elo% vs. random_no_suicide, avg. reward: 29.751, 1.685 sec/game, 2.6 min. total, 455.9 MB
untrimmed_irate v4 111 games, 79238 moves, e=0.922, loss: 37033.6, -, 30.7% elo% vs. random_no_suicide, avg. reward: 30.341, 1.699 sec/game, 2.7 min. total, 457.6 MB
untrimmed_irate v4 112 games, 79807 moves, e=0.921, loss: 37896.3, -, 29.5% elo% vs. random_no_suicide, avg. reward: 29.779, 1.665 sec/game, 2.7 min. total, 457.9 MB
untrimmed_irate v4 113 games, 80516 moves, e=0.920, loss: 35181.6, -, 28.4% elo% vs. random_no_suicide, avg. reward: 29.048, 1.644 sec/game, 2.7 min. total, 458.0 MB
untrimmed_irate v4 114 games, 81234 moves, e=0.920, loss: 38274.7, -, 27.3% elo% vs. random_no_suicide, avg. reward: 28.309, 1.638 sec/game, 2.7 min. total, 458.7 MB
untrimmed_irate v4 115 games, 81953 moves, e=0.919, loss: 35010.2, -, 26.4% elo% vs. random_no_suicide, avg. reward: 28.585, 1.621 sec/game, 2.8 min. total, 457.9 MB
untrimmed_irate v4 116 games, 82858 moves, e=0.918, loss: 34057.3, -, 25.4% elo% vs. random_no_suicide, avg. reward: 28.739, 1.641 sec/game, 2.8 min. total, 458.1 MB
untrimmed_irate v4 117 games, 83611 moves, e=0.917, loss: 34956.8, -, 24.5% elo% vs. random_no_suicide, avg. reward: 28.983, 1.631 sec/game, 2.8 min. total, 458.2 MB
untrimmed_irate v4 118 games, 84261 moves, e=0.917, loss: 37937.3, -, 23.7% elo% vs. random_no_suicide, avg. reward: 29.301, 1.599 sec/game, 2.9 min. total, 457.9 MB
untrimmed_irate v4 119 games, 85007 moves, e=0.916, loss: 36634.1, -, 22.9% elo% vs. random_no_suicide, avg. reward: 29.307, 1.610 sec/game, 2.9 min. total, 458.0 MB
untrimmed_irate v4 120 games, 85674 moves, e=0.915, loss: 35286.5, +, 25.5% elo% vs. random_no_suicide, avg. reward: 29.300, 1.601 sec/game, 2.9 min. total, 457.9 MB
untrimmed_irate v4 121 games, 86471 moves, e=0.914, loss: 34415.3, -, 24.7% elo% vs. random_no_suicide, avg. reward: 29.933, 1.601 sec/game, 2.9 min. total, 458.2 MB
untrimmed_irate v4 122 games, 87213 moves, e=0.914, loss: 32234.4, -, 23.8% elo% vs. random_no_suicide, avg. reward: 30.203, 1.598 sec/game, 3.0 min. total, 459.7 MB
untrimmed_irate v4 123 games, 87879 moves, e=0.913, loss: 31760.2, -, 23.0% elo% vs. random_no_suicide, avg. reward: 30.650, 1.601 sec/game, 3.0 min. total, 460.4 MB
untrimmed_irate v4 124 games, 88785 moves, e=0.912, loss: 33518.3, -, 22.3% elo% vs. random_no_suicide, avg. reward: 30.656, 1.615 sec/game, 3.0 min. total, 460.5 MB
untrimmed_irate v4 125 games, 89551 moves, e=0.911, loss: 30078.1, -, 21.6% elo% vs. random_no_suicide, avg. reward: 30.910, 1.603 sec/game, 3.1 min. total, 460.6 MB
untrimmed_irate v4 126 games, 90285 moves, e=0.911, loss: 33547.8, -, 20.9% elo% vs. random_no_suicide, avg. reward: 31.322, 1.603 sec/game, 3.1 min. total, 460.4 MB
untrimmed_irate v4 127 games, 91000 moves, e=0.910, loss: 34090.4, -, 20.3% elo% vs. random_no_suicide, avg. reward: 31.615, 1.604 sec/game, 3.1 min. total, 460.6 MB
untrimmed_irate v4 128 games, 91836 moves, e=0.909, loss: 33625.0, -, 19.7% elo% vs. random_no_suicide, avg. reward: 32.103, 1.660 sec/game, 3.1 min. total, 461.1 MB
untrimmed_irate v4 129 games, 92536 moves, e=0.908, loss: 39081.4, +, 22.1% elo% vs. random_no_suicide, avg. reward: 32.534, 1.661 sec/game, 3.2 min. total, 461.3 MB
untrimmed_irate v4 130 games, 93311 moves, e=0.908, loss: 41304.5, -, 21.4% elo% vs. random_no_suicide, avg. reward: 32.394, 1.680 sec/game, 3.2 min. total, 461.3 MB
untrimmed_irate v4 131 games, 94054 moves, e=0.907, loss: 38567.9, -, 20.8% elo% vs. random_no_suicide, avg. reward: 31.781, 1.685 sec/game, 3.2 min. total, 461.3 MB
untrimmed_irate v4 132 games, 94852 moves, e=0.906, loss: 38095.0, -, 20.2% elo% vs. random_no_suicide, avg. reward: 31.686, 1.755 sec/game, 3.3 min. total, 461.7 MB
untrimmed_irate v4 133 games, 95739 moves, e=0.905, loss: 42276.2, -, 19.6% elo% vs. random_no_suicide, avg. reward: 31.271, 1.790 sec/game, 3.3 min. total, 452.3 MB
untrimmed_irate v4 134 games, 96565 moves, e=0.904, loss: 42302.9, -, 19.0% elo% vs. random_no_suicide, avg. reward: 31.491, 1.850 sec/game, 3.4 min. total, 452.1 MB
untrimmed_irate v4 135 games, 97369 moves, e=0.904, loss: 41592.6, -, 18.5% elo% vs. random_no_suicide, avg. reward: 31.174, 1.918 sec/game, 3.4 min. total, 372.8 MB
untrimmed_irate v4 136 games, 98032 moves, e=0.903, loss: 42288.7, -, 18.0% elo% vs. random_no_suicide, avg. reward: 31.055, 1.911 sec/game, 3.4 min. total, 373.0 MB
untrimmed_irate v4 137 games, 98794 moves, e=0.902, loss: 40419.5, -, 17.5% elo% vs. random_no_suicide, avg. reward: 30.614, 1.921 sec/game, 3.5 min. total, 373.2 MB
untrimmed_irate v4 138 games, 99613 moves, e=0.901, loss: 37695.3, -, 17.0% elo% vs. random_no_suicide, avg. reward: 30.665, 1.957 sec/game, 3.5 min. total, 373.6 MB
untrimmed_irate v4 139 games, 100422 moves, e=0.901, loss: 37227.0, -, 16.6% elo% vs. random_no_suicide, avg. reward: 30.389, 1.984 sec/game, 3.5 min. total, 374.3 MB
untrimmed_irate v4 140 games, 101193 moves, e=0.900, loss: 37660.2, -, 16.2% elo% vs. random_no_suicide, avg. reward: 30.254, 2.027 sec/game, 3.6 min. total, 374.3 MB
untrimmed_irate v4 141 games, 101799 moves, e=0.899, loss: 38337.3, -, 15.8% elo% vs. random_no_suicide, avg. reward: 29.712, 2.041 sec/game, 3.6 min. total, 374.4 MB
untrimmed_irate v4 142 games, 102522 moves, e=0.899, loss: 35636.1, -, 15.4% elo% vs. random_no_suicide, avg. reward: 29.871, 2.048 sec/game, 3.6 min. total, 375.0 MB
untrimmed_irate v4 143 games, 103329 moves, e=0.898, loss: 34728.6, +, 17.5% elo% vs. random_no_suicide, avg. reward: 29.872, 2.095 sec/game, 3.7 min. total, 376.1 MB
untrimmed_irate v4 144 games, 104250 moves, e=0.897, loss: 34771.0, -, 17.1% elo% vs. random_no_suicide, avg. reward: 29.812, 2.109 sec/game, 3.7 min. total, 375.9 MB
untrimmed_irate v4 145 games, 104995 moves, e=0.896, loss: 31995.8, -, 16.6% elo% vs. random_no_suicide, avg. reward: 30.357, 2.130 sec/game, 3.8 min. total, 376.0 MB
untrimmed_irate v4 146 games, 105773 moves, e=0.895, loss: 37109.0, -, 16.2% elo% vs. random_no_suicide, avg. reward: 30.744, 2.156 sec/game, 3.8 min. total, 376.1 MB
untrimmed_irate v4 147 games, 106464 moves, e=0.895, loss: 43320.3, -, 15.8% elo% vs. random_no_suicide, avg. reward: 30.317, 2.172 sec/game, 3.8 min. total, 376.3 MB
untrimmed_irate v4 148 games, 107266 moves, e=0.894, loss: 41940.4, -, 15.4% elo% vs. random_no_suicide, avg. reward: 29.676, 2.144 sec/game, 3.9 min. total, 376.1 MB
untrimmed_irate v4 149 games, 108055 moves, e=0.893, loss: 34886.0, -, 15.1% elo% vs. random_no_suicide, avg. reward: 30.195, 2.149 sec/game, 3.9 min. total, 376.8 MB
untrimmed_irate v4 150 games, 108801 moves, e=0.892, loss: 34777.8, -, 14.7% elo% vs. random_no_suicide, avg. reward: 30.142, 2.147 sec/game, 3.9 min. total, 377.1 MB
untrimmed_irate v4 151 games, 109580 moves, e=0.892, loss: 35845.8, -, 14.4% elo% vs. random_no_suicide, avg. reward: 30.135, 2.159 sec/game, 4.0 min. total, 377.1 MB
untrimmed_irate v4 152 games, 110433 moves, e=0.891, loss: 34946.5, -, 14.0% elo% vs. random_no_suicide, avg. reward: 30.161, 2.130 sec/game, 4.0 min. total, 377.6 MB
untrimmed_irate v4 153 games, 111212 moves, e=0.890, loss: 31527.4, -, 13.7% elo% vs. random_no_suicide, avg. reward: 30.095, 2.112 sec/game, 4.0 min. total, 378.7 MB
untrimmed_irate v4 154 games, 112011 moves, e=0.889, loss: 38093.7, -, 13.4% elo% vs. random_no_suicide, avg. reward: 30.479, 2.091 sec/game, 4.1 min. total, 378.7 MB
untrimmed_irate v4 155 games, 112713 moves, e=0.888, loss: 39836.7, -, 13.2% elo% vs. random_no_suicide, avg. reward: 30.336, 2.024 sec/game, 4.1 min. total, 379.1 MB
untrimmed_irate v4 156 games, 113463 moves, e=0.888, loss: 37705.1, +, 15.1% elo% vs. random_no_suicide, avg. reward: 30.073, 2.026 sec/game, 4.1 min. total, 379.2 MB
untrimmed_irate v4 157 games, 114274 moves, e=0.887, loss: 34869.4, +, 17.2% elo% vs. random_no_suicide, avg. reward: 29.874, 2.018 sec/game, 4.1 min. total, 381.2 MB
untrimmed_irate v4 158 games, 115072 moves, e=0.886, loss: 36841.0, -, 16.8% elo% vs. random_no_suicide, avg. reward: 30.101, 2.018 sec/game, 4.2 min. total, 379.1 MB
untrimmed_irate v4 159 games, 115861 moves, e=0.885, loss: 43732.9, -, 16.3% elo% vs. random_no_suicide, avg. reward: 30.163, 2.024 sec/game, 4.2 min. total, 379.2 MB
untrimmed_irate v4 160 games, 116694 moves, e=0.884, loss: 40538.0, -, 15.9% elo% vs. random_no_suicide, avg. reward: 30.745, 2.023 sec/game, 4.3 min. total, 379.4 MB
untrimmed_irate v4 161 games, 117507 moves, e=0.884, loss: 39483.5, -, 15.5% elo% vs. random_no_suicide, avg. reward: 31.083, 2.053 sec/game, 4.3 min. total, 379.6 MB
untrimmed_irate v4 162 games, 118230 moves, e=0.883, loss: 42514.6, -, 15.2% elo% vs. random_no_suicide, avg. reward: 30.931, 2.054 sec/game, 4.3 min. total, 380.8 MB
untrimmed_irate v4 163 games, 119094 moves, e=0.882, loss: 47589.2, -, 14.8% elo% vs. random_no_suicide, avg. reward: 30.786, 2.052 sec/game, 4.4 min. total, 380.9 MB
untrimmed_irate v4 164 games, 119857 moves, e=0.881, loss: 47959.0, -, 14.5% elo% vs. random_no_suicide, avg. reward: 30.634, 2.042 sec/game, 4.4 min. total, 380.9 MB
untrimmed_irate v4 165 games, 120549 moves, e=0.881, loss: 44822.8, -, 14.1% elo% vs. random_no_suicide, avg. reward: 30.189, 2.026 sec/game, 4.4 min. total, 380.8 MB
untrimmed_irate v4 166 games, 121439 moves, e=0.880, loss: 50275.8, -, 13.8% elo% vs. random_no_suicide, avg. reward: 30.763, 2.036 sec/game, 4.5 min. total, 381.3 MB
untrimmed_irate v4 167 games, 122201 moves, e=0.879, loss: 53171.1, -, 13.5% elo% vs. random_no_suicide, avg. reward: 30.955, 2.053 sec/game, 4.5 min. total, 381.1 MB
untrimmed_irate v4 168 games, 122983 moves, e=0.878, loss: 52478.6, -, 13.2% elo% vs. random_no_suicide, avg. reward: 30.955, 2.044 sec/game, 4.5 min. total, 381.0 MB
untrimmed_irate v4 169 games, 123763 moves, e=0.877, loss: 50052.2, -, 13.0% elo% vs. random_no_suicide, avg. reward: 30.955, 2.052 sec/game, 4.6 min. total, 381.1 MB
untrimmed_irate v4 170 games, 124581 moves, e=0.877, loss: 47775.9, -, 12.7% elo% vs. random_no_suicide, avg. reward: 31.294, 2.080 sec/game, 4.6 min. total, 381.3 MB
untrimmed_irate v4 171 games, 125437 moves, e=0.876, loss: 53038.8, +, 14.6% elo% vs. random_no_suicide, avg. reward: 30.892, 2.075 sec/game, 4.6 min. total, 381.5 MB
untrimmed_irate v4 172 games, 126209 moves, e=0.875, loss: 46880.9, -, 14.3% elo% vs. random_no_suicide, avg. reward: 30.950, 2.086 sec/game, 4.7 min. total, 382.1 MB
untrimmed_irate v4 173 games, 126940 moves, e=0.874, loss: 49577.0, -, 13.9% elo% vs. random_no_suicide, avg. reward: 31.114, 2.070 sec/game, 4.7 min. total, 382.2 MB
untrimmed_irate v4 174 games, 127809 moves, e=0.873, loss: 45133.8, -, 13.6% elo% vs. random_no_suicide, avg. reward: 30.944, 2.069 sec/game, 4.7 min. total, 382.0 MB
untrimmed_irate v4 175 games, 128631 moves, e=0.873, loss: 50213.3, -, 13.3% elo% vs. random_no_suicide, avg. reward: 31.287, 2.091 sec/game, 4.8 min. total, 382.4 MB
untrimmed_irate v4 176 games, 129506 moves, e=0.872, loss: 47616.3, -, 13.1% elo% vs. random_no_suicide, avg. reward: 31.634, 2.118 sec/game, 4.8 min. total, 382.6 MB
untrimmed_irate v4 177 games, 130348 moves, e=0.871, loss: 43901.0, -, 12.8% elo% vs. random_no_suicide, avg. reward: 31.719, 2.151 sec/game, 4.9 min. total, 382.5 MB
untrimmed_irate v4 178 games, 131080 moves, e=0.870, loss: 48565.6, -, 12.5% elo% vs. random_no_suicide, avg. reward: 31.774, 2.145 sec/game, 4.9 min. total, 382.8 MB
untrimmed_irate v4 179 games, 131824 moves, e=0.869, loss: 52097.8, -, 12.3% elo% vs. random_no_suicide, avg. reward: 31.778, 2.117 sec/game, 4.9 min. total, 382.9 MB
untrimmed_irate v4 180 games, 132701 moves, e=0.869, loss: 46734.4, -, 12.0% elo% vs. random_no_suicide, avg. reward: 32.013, 2.122 sec/game, 5.0 min. total, 383.2 MB
untrimmed_irate v4 181 games, 133420 moves, e=0.868, loss: 44252.4, -, 11.8% elo% vs. random_no_suicide, avg. reward: 32.427, 2.100 sec/game, 5.0 min. total, 385.0 MB
untrimmed_irate v4 182 games, 134278 moves, e=0.867, loss: 48709.0, -, 11.6% elo% vs. random_no_suicide, avg. reward: 31.994, 2.135 sec/game, 5.0 min. total, 385.5 MB
untrimmed_irate v4 183 games, 135009 moves, e=0.866, loss: 45439.0, -, 11.4% elo% vs. random_no_suicide, avg. reward: 31.833, 2.105 sec/game, 5.1 min. total, 385.9 MB
untrimmed_irate v4 184 games, 135848 moves, e=0.866, loss: 46900.6, -, 11.2% elo% vs. random_no_suicide, avg. reward: 32.003, 2.118 sec/game, 5.1 min. total, 385.8 MB
untrimmed_irate v4 185 games, 136660 moves, e=0.865, loss: 49486.2, +, 12.9% elo% vs. random_no_suicide, avg. reward: 31.681, 2.129 sec/game, 5.1 min. total, 386.0 MB
untrimmed_irate v4 186 games, 137342 moves, e=0.864, loss: 44677.1, -, 12.6% elo% vs. random_no_suicide, avg. reward: 31.534, 2.102 sec/game, 5.2 min. total, 387.0 MB
untrimmed_irate v4 187 games, 138023 moves, e=0.863, loss: 44196.3, -, 12.4% elo% vs. random_no_suicide, avg. reward: 31.715, 2.095 sec/game, 5.2 min. total, 387.1 MB
untrimmed_irate v4 188 games, 138740 moves, e=0.863, loss: 45352.0, -, 12.1% elo% vs. random_no_suicide, avg. reward: 31.744, 2.075 sec/game, 5.2 min. total, 387.0 MB
untrimmed_irate v4 189 games, 139549 moves, e=0.862, loss: 40667.5, -, 11.9% elo% vs. random_no_suicide, avg. reward: 31.909, 2.089 sec/game, 5.3 min. total, 387.4 MB
untrimmed_irate v4 190 games, 140461 moves, e=0.861, loss: 37577.0, -, 11.7% elo% vs. random_no_suicide, avg. reward: 31.691, 2.090 sec/game, 5.3 min. total, 389.1 MB
untrimmed_irate v4 191 games, 141174 moves, e=0.860, loss: 42796.0, -, 11.4% elo% vs. random_no_suicide, avg. reward: 31.654, 2.089 sec/game, 5.3 min. total, 388.6 MB
untrimmed_irate v4 192 games, 141978 moves, e=0.859, loss: 38485.8, +, 13.2% elo% vs. random_no_suicide, avg. reward: 31.895, 2.094 sec/game, 5.4 min. total, 388.8 MB
untrimmed_irate v4 193 games, 142725 moves, e=0.859, loss: 35646.2, +, 15.1% elo% vs. random_no_suicide, avg. reward: 32.833, 2.113 sec/game, 5.4 min. total, 388.8 MB
untrimmed_irate v4 194 games, 143436 moves, e=0.858, loss: 37200.7, -, 14.8% elo% vs. random_no_suicide, avg. reward: 33.255, 2.087 sec/game, 5.4 min. total, 389.0 MB
untrimmed_irate v4 195 games, 144236 moves, e=0.857, loss: 39969.3, -, 14.4% elo% vs. random_no_suicide, avg. reward: 32.777, 2.091 sec/game, 5.5 min. total, 389.0 MB
untrimmed_irate v4 196 games, 145011 moves, e=0.856, loss: 42998.6, -, 14.1% elo% vs. random_no_suicide, avg. reward: 33.020, 2.070 sec/game, 5.5 min. total, 389.2 MB
untrimmed_irate v4 197 games, 145695 moves, e=0.856, loss: 48506.0, -, 13.8% elo% vs. random_no_suicide, avg. reward: 33.322, 2.049 sec/game, 5.5 min. total, 389.3 MB
untrimmed_irate v4 198 games, 146417 moves, e=0.855, loss: 48877.9, +, 15.8% elo% vs. random_no_suicide, avg. reward: 33.873, 2.029 sec/game, 5.6 min. total, 389.4 MB
untrimmed_irate v4 199 games, 147118 moves, e=0.854, loss: 50852.4, -, 15.4% elo% vs. random_no_suicide, avg. reward: 34.302, 2.043 sec/game, 5.6 min. total, 390.5 MB
untrimmed_irate v4 200 games, 148031 moves, e=0.853, loss: 50930.1, -, 15.1% elo% vs. random_no_suicide, avg. reward: 34.312, 2.053 sec/game, 5.7 min. total, 390.2 MB
untrimmed_irate v5 201 games, 148869 moves, e=0.853, loss: 46697.9, -, 47.7% elo% vs. random_no_suicide, avg. reward: 33.924, 2.062 sec/game, 5.7 min. total, 390.1 MB
untrimmed_irate v5 202 games, 149590 moves, e=0.852, loss: 47284.3, -, 45.5% elo% vs. random_no_suicide, avg. reward: 33.819, 2.020 sec/game, 5.7 min. total, 390.5 MB
untrimmed_irate v5 203 games, 150477 moves, e=0.851, loss: 43235.8, -, 43.4% elo% vs. random_no_suicide, avg. reward: 33.716, 2.051 sec/game, 5.8 min. total, 390.4 MB
untrimmed_irate v5 204 games, 151225 moves, e=0.850, loss: 38105.9, -, 41.5% elo% vs. random_no_suicide, avg. reward: 33.583, 2.041 sec/game, 5.8 min. total, 390.2 MB
untrimmed_irate v5 205 games, 151950 moves, e=0.850, loss: 38957.8, +, 44.1% elo% vs. random_no_suicide, avg. reward: 33.578, 2.047 sec/game, 5.8 min. total, 390.6 MB
untrimmed_irate v5 206 games, 152646 moves, e=0.849, loss: 40204.4, -, 42.1% elo% vs. random_no_suicide, avg. reward: 33.177, 2.047 sec/game, 5.9 min. total, 390.3 MB
untrimmed_irate v5 207 games, 153554 moves, e=0.848, loss: 32207.0, -, 40.3% elo% vs. random_no_suicide, avg. reward: 32.494, 2.067 sec/game, 5.9 min. total, 390.8 MB
untrimmed_irate v5 208 games, 154352 moves, e=0.847, loss: 30981.0, -, 38.5% elo% vs. random_no_suicide, avg. reward: 32.575, 2.081 sec/game, 5.9 min. total, 392.6 MB
untrimmed_irate v5 209 games, 155173 moves, e=0.846, loss: 35025.8, -, 36.8% elo% vs. random_no_suicide, avg. reward: 32.943, 2.094 sec/game, 6.0 min. total, 392.3 MB
untrimmed_irate v5 210 games, 156014 moves, e=0.846, loss: 30459.0, +, 39.6% elo% vs. random_no_suicide, avg. reward: 33.547, 2.079 sec/game, 6.0 min. total, 392.7 MB
untrimmed_irate v5 211 games, 156968 moves, e=0.845, loss: 29997.0, -, 37.8% elo% vs. random_no_suicide, avg. reward: 33.282, 2.115 sec/game, 6.1 min. total, 392.4 MB
untrimmed_irate v5 212 games, 157787 moves, e=0.844, loss: 33633.5, -, 36.2% elo% vs. random_no_suicide, avg. reward: 33.781, 2.105 sec/game, 6.1 min. total, 392.3 MB
untrimmed_irate v5 213 games, 158600 moves, e=0.843, loss: 36518.1, -, 34.7% elo% vs. random_no_suicide, avg. reward: 34.280, 2.114 sec/game, 6.1 min. total, 392.4 MB
untrimmed_irate v5 214 games, 159402 moves, e=0.842, loss: 40408.6, -, 33.3% elo% vs. random_no_suicide, avg. reward: 34.282, 2.128 sec/game, 6.2 min. total, 394.3 MB
untrimmed_irate v5 215 games, 160206 moves, e=0.841, loss: 42517.6, -, 31.9% elo% vs. random_no_suicide, avg. reward: 33.729, 2.121 sec/game, 6.2 min. total, 393.2 MB
untrimmed_irate v5 216 games, 161096 moves, e=0.841, loss: 34748.7, -, 30.6% elo% vs. random_no_suicide, avg. reward: 33.625, 2.141 sec/game, 6.2 min. total, 393.1 MB
untrimmed_irate v5 217 games, 161954 moves, e=0.840, loss: 35574.3, -, 29.5% elo% vs. random_no_suicide, avg. reward: 33.428, 2.157 sec/game, 6.3 min. total, 393.8 MB
untrimmed_irate v5 218 games, 162739 moves, e=0.839, loss: 43837.4, -, 28.3% elo% vs. random_no_suicide, avg. reward: 33.224, 2.180 sec/game, 6.3 min. total, 395.6 MB
untrimmed_irate v5 219 games, 163608 moves, e=0.838, loss: 36415.5, -, 27.3% elo% vs. random_no_suicide, avg. reward: 33.573, 2.204 sec/game, 6.3 min. total, 395.9 MB
untrimmed_irate v5 220 games, 164379 moves, e=0.837, loss: 39810.2, -, 26.3% elo% vs. random_no_suicide, avg. reward: 34.230, 2.177 sec/game, 6.4 min. total, 395.9 MB
untrimmed_irate v5 221 games, 165166 moves, e=0.836, loss: 37655.2, -, 25.4% elo% vs. random_no_suicide, avg. reward: 33.855, 2.167 sec/game, 6.4 min. total, 396.0 MB
untrimmed_irate v5 222 games, 166010 moves, e=0.836, loss: 41188.7, -, 24.5% elo% vs. random_no_suicide, avg. reward: 33.947, 2.185 sec/game, 6.4 min. total, 395.9 MB
untrimmed_irate v5 223 games, 166758 moves, e=0.835, loss: 37358.6, -, 23.7% elo% vs. random_no_suicide, avg. reward: 34.169, 2.170 sec/game, 6.5 min. total, 396.4 MB
untrimmed_irate v5 224 games, 167732 moves, e=0.834, loss: 36567.8, -, 22.9% elo% vs. random_no_suicide, avg. reward: 34.685, 2.205 sec/game, 6.5 min. total, 396.9 MB
untrimmed_irate v5 225 games, 168552 moves, e=0.833, loss: 45229.0, -, 22.2% elo% vs. random_no_suicide, avg. reward: 34.531, 2.206 sec/game, 6.6 min. total, 396.8 MB
untrimmed_irate v5 226 games, 169361 moves, e=0.832, loss: 39006.3, -, 21.5% elo% vs. random_no_suicide, avg. reward: 34.370, 2.235 sec/game, 6.6 min. total, 396.8 MB
untrimmed_irate v5 227 games, 170117 moves, e=0.832, loss: 41767.9, -, 20.8% elo% vs. random_no_suicide, avg. reward: 34.200, 2.215 sec/game, 6.6 min. total, 397.6 MB
untrimmed_irate v5 228 games, 170850 moves, e=0.831, loss: 48199.5, -, 20.2% elo% vs. random_no_suicide, avg. reward: 33.717, 2.213 sec/game, 6.7 min. total, 397.3 MB
untrimmed_irate v5 229 games, 171688 moves, e=0.830, loss: 40408.0, ., 21.1% elo% vs. random_no_suicide, avg. reward: 33.893, 2.199 sec/game, 6.7 min. total, 397.6 MB
untrimmed_irate v5 230 games, 172462 moves, e=0.829, loss: 39192.2, -, 20.4% elo% vs. random_no_suicide, avg. reward: 34.151, 2.198 sec/game, 6.7 min. total, 397.6 MB
untrimmed_irate v5 231 games, 173372 moves, e=0.828, loss: 42407.8, -, 19.8% elo% vs. random_no_suicide, avg. reward: 34.163, 2.184 sec/game, 6.8 min. total, 397.6 MB
untrimmed_irate v5 232 games, 174116 moves, e=0.828, loss: 46233.3, -, 19.3% elo% vs. random_no_suicide, avg. reward: 34.061, 2.188 sec/game, 6.8 min. total, 397.3 MB
untrimmed_irate v5 233 games, 174973 moves, e=0.827, loss: 42151.7, -, 18.7% elo% vs. random_no_suicide, avg. reward: 34.526, 2.187 sec/game, 6.9 min. total, 397.6 MB
untrimmed_irate v5 234 games, 175707 moves, e=0.826, loss: 44866.1, -, 18.2% elo% vs. random_no_suicide, avg. reward: 34.038, 2.191 sec/game, 6.9 min. total, 397.7 MB
untrimmed_irate v5 235 games, 176537 moves, e=0.825, loss: 41022.0, -, 17.7% elo% vs. random_no_suicide, avg. reward: 34.274, 2.203 sec/game, 6.9 min. total, 397.8 MB
untrimmed_irate v5 236 games, 177405 moves, e=0.824, loss: 44446.8, -, 17.2% elo% vs. random_no_suicide, avg. reward: 34.559, 2.201 sec/game, 7.0 min. total, 398.4 MB
untrimmed_irate v5 237 games, 178130 moves, e=0.824, loss: 37035.9, -, 16.8% elo% vs. random_no_suicide, avg. reward: 35.111, 2.198 sec/game, 7.0 min. total, 399.3 MB
untrimmed_irate v5 238 games, 178841 moves, e=0.823, loss: 41947.2, -, 16.4% elo% vs. random_no_suicide, avg. reward: 35.163, 2.197 sec/game, 7.0 min. total, 399.3 MB
untrimmed_irate v5 239 games, 179529 moves, e=0.822, loss: 37329.6, -, 16.0% elo% vs. random_no_suicide, avg. reward: 34.664, 2.163 sec/game, 7.1 min. total, 399.7 MB
untrimmed_irate v5 240 games, 180329 moves, e=0.821, loss: 37336.3, -, 15.6% elo% vs. random_no_suicide, avg. reward: 34.902, 2.162 sec/game, 7.1 min. total, 399.7 MB
untrimmed_irate v5 241 games, 181064 moves, e=0.821, loss: 37017.2, +, 17.7% elo% vs. random_no_suicide, avg. reward: 34.580, 2.158 sec/game, 7.1 min. total, 399.7 MB
untrimmed_irate v5 242 games, 181988 moves, e=0.820, loss: 46545.7, -, 17.2% elo% vs. random_no_suicide, avg. reward: 34.684, 2.176 sec/game, 7.2 min. total, 399.4 MB
untrimmed_irate v5 243 games, 182929 moves, e=0.819, loss: 40906.8, -, 16.8% elo% vs. random_no_suicide, avg. reward: 35.222, 2.197 sec/game, 7.2 min. total, 399.5 MB
untrimmed_irate v5 244 games, 183704 moves, e=0.818, loss: 45248.1, -, 16.4% elo% vs. random_no_suicide, avg. reward: 35.277, 2.145 sec/game, 7.2 min. total, 400.6 MB
untrimmed_irate v5 245 games, 184464 moves, e=0.817, loss: 44915.4, -, 16.0% elo% vs. random_no_suicide, avg. reward: 35.132, 2.137 sec/game, 7.3 min. total, 402.1 MB
untrimmed_irate v5 246 games, 185300 moves, e=0.817, loss: 44475.4, -, 15.6% elo% vs. random_no_suicide, avg. reward: 34.751, 2.110 sec/game, 7.3 min. total, 402.8 MB
untrimmed_irate v5 247 games, 186195 moves, e=0.816, loss: 47491.2, -, 15.2% elo% vs. random_no_suicide, avg. reward: 35.096, 2.118 sec/game, 7.3 min. total, 402.8 MB
untrimmed_irate v5 248 games, 186914 moves, e=0.815, loss: 46317.4, +, 17.3% elo% vs. random_no_suicide, avg. reward: 35.648, 2.110 sec/game, 7.4 min. total, 402.9 MB
untrimmed_irate v5 249 games, 187811 moves, e=0.814, loss: 43086.0, -, 16.9% elo% vs. random_no_suicide, avg. reward: 35.478, 2.105 sec/game, 7.4 min. total, 403.1 MB
untrimmed_irate v5 250 games, 188592 moves, e=0.813, loss: 43402.8, -, 16.4% elo% vs. random_no_suicide, avg. reward: 35.191, 2.093 sec/game, 7.4 min. total, 403.1 MB
untrimmed_irate v5 251 games, 189456 moves, e=0.812, loss: 37415.1, -, 16.0% elo% vs. random_no_suicide, avg. reward: 35.519, 2.080 sec/game, 7.5 min. total, 402.9 MB
untrimmed_irate v5 252 games, 190324 moves, e=0.812, loss: 41332.3, -, 15.6% elo% vs. random_no_suicide, avg. reward: 35.050, 2.063 sec/game, 7.5 min. total, 403.0 MB
untrimmed_irate v5 253 games, 191038 moves, e=0.811, loss: 40269.4, -, 15.3% elo% vs. random_no_suicide, avg. reward: 34.942, 2.041 sec/game, 7.5 min. total, 403.0 MB
untrimmed_irate v5 254 games, 191894 moves, e=0.810, loss: 44347.4, -, 14.9% elo% vs. random_no_suicide, avg. reward: 35.037, 2.040 sec/game, 7.6 min. total, 403.9 MB
untrimmed_irate v5 255 games, 192834 moves, e=0.809, loss: 41713.1, -, 14.6% elo% vs. random_no_suicide, avg. reward: 35.082, 2.052 sec/game, 7.6 min. total, 404.5 MB
untrimmed_irate v5 256 games, 193618 moves, e=0.808, loss: 45780.0, -, 14.2% elo% vs. random_no_suicide, avg. reward: 35.465, 2.035 sec/game, 7.6 min. total, 404.7 MB
untrimmed_irate v5 257 games, 194428 moves, e=0.808, loss: 45041.6, -, 13.9% elo% vs. random_no_suicide, avg. reward: 35.714, 2.030 sec/game, 7.7 min. total, 404.2 MB
untrimmed_irate v5 258 games, 195239 moves, e=0.807, loss: 45589.1, -, 13.6% elo% vs. random_no_suicide, avg. reward: 35.208, 2.041 sec/game, 7.7 min. total, 404.7 MB
untrimmed_irate v5 259 games, 196000 moves, e=0.806, loss: 41210.5, -, 13.3% elo% vs. random_no_suicide, avg. reward: 35.230, 2.042 sec/game, 7.7 min. total, 404.9 MB
untrimmed_irate v5 260 games, 196727 moves, e=0.805, loss: 41057.2, -, 13.0% elo% vs. random_no_suicide, avg. reward: 35.195, 2.019 sec/game, 7.8 min. total, 405.0 MB
untrimmed_irate v5 261 games, 197521 moves, e=0.804, loss: 44318.2, -, 12.8% elo% vs. random_no_suicide, avg. reward: 34.579, 2.024 sec/game, 7.8 min. total, 405.1 MB
untrimmed_irate v5 262 games, 198458 moves, e=0.804, loss: 41997.8, -, 12.5% elo% vs. random_no_suicide, avg. reward: 34.312, 2.017 sec/game, 7.8 min. total, 405.2 MB
untrimmed_irate v5 263 games, 199320 moves, e=0.803, loss: 39288.3, -, 12.3% elo% vs. random_no_suicide, avg. reward: 34.431, 2.001 sec/game, 7.9 min. total, 405.2 MB
untrimmed_irate v5 264 games, 200138 moves, e=0.802, loss: 44421.3, -, 12.0% elo% vs. random_no_suicide, avg. reward: 34.398, 2.012 sec/game, 7.9 min. total, 406.7 MB
untrimmed_irate v5 265 games, 200904 moves, e=0.801, loss: 41786.2, -, 11.8% elo% vs. random_no_suicide, avg. reward: 34.923, 2.021 sec/game, 7.9 min. total, 407.4 MB
untrimmed_irate v5 266 games, 201732 moves, e=0.800, loss: 39184.6, -, 11.6% elo% vs. random_no_suicide, avg. reward: 34.842, 2.048 sec/game, 8.0 min. total, 407.2 MB
untrimmed_irate v5 267 games, 202544 moves, e=0.799, loss: 40187.9, -, 11.3% elo% vs. random_no_suicide, avg. reward: 35.188, 2.044 sec/game, 8.0 min. total, 407.4 MB
untrimmed_irate v5 268 games, 203307 moves, e=0.799, loss: 43566.7, -, 11.1% elo% vs. random_no_suicide, avg. reward: 35.330, 2.056 sec/game, 8.1 min. total, 407.5 MB
untrimmed_irate v5 269 games, 204102 moves, e=0.798, loss: 42440.8, ., 11.9% elo% vs. random_no_suicide, avg. reward: 35.581, 2.051 sec/game, 8.1 min. total, 407.4 MB
untrimmed_irate v5 270 games, 204894 moves, e=0.797, loss: 42980.2, ., 12.6% elo% vs. random_no_suicide, avg. reward: 35.478, 2.052 sec/game, 8.1 min. total, 407.7 MB
untrimmed_irate v5 271 games, 205642 moves, e=0.796, loss: 41925.2, -, 12.4% elo% vs. random_no_suicide, avg. reward: 36.009, 2.042 sec/game, 8.2 min. total, 408.1 MB
untrimmed_irate v5 272 games, 206422 moves, e=0.796, loss: 48694.0, -, 12.1% elo% vs. random_no_suicide, avg. reward: 35.744, 2.048 sec/game, 8.2 min. total, 408.5 MB
untrimmed_irate v5 273 games, 207233 moves, e=0.795, loss: 47086.3, -, 11.9% elo% vs. random_no_suicide, avg. reward: 35.681, 2.066 sec/game, 8.2 min. total, 409.5 MB
untrimmed_irate v5 274 games, 208112 moves, e=0.794, loss: 48832.5, -, 11.7% elo% vs. random_no_suicide, avg. reward: 35.564, 2.058 sec/game, 8.3 min. total, 410.0 MB
untrimmed_irate v5 275 games, 208965 moves, e=0.793, loss: 49259.5, -, 11.4% elo% vs. random_no_suicide, avg. reward: 35.661, 2.044 sec/game, 8.3 min. total, 410.1 MB
untrimmed_irate v5 276 games, 209749 moves, e=0.792, loss: 49726.2, -, 11.2% elo% vs. random_no_suicide, avg. reward: 35.697, 2.039 sec/game, 8.3 min. total, 410.0 MB
untrimmed_irate v5 277 games, 210582 moves, e=0.792, loss: 48747.1, -, 11.0% elo% vs. random_no_suicide, avg. reward: 35.459, 2.042 sec/game, 8.4 min. total, 410.4 MB
untrimmed_irate v5 278 games, 211378 moves, e=0.791, loss: 47228.7, -, 10.8% elo% vs. random_no_suicide, avg. reward: 34.914, 2.021 sec/game, 8.4 min. total, 410.0 MB
untrimmed_irate v5 279 games, 212180 moves, e=0.790, loss: 47165.3, -, 10.6% elo% vs. random_no_suicide, avg. reward: 34.888, 2.024 sec/game, 8.4 min. total, 410.2 MB
untrimmed_irate v5 280 games, 213022 moves, e=0.789, loss: 41894.5, -, 10.4% elo% vs. random_no_suicide, avg. reward: 35.133, 2.049 sec/game, 8.5 min. total, 410.3 MB
untrimmed_irate v5 281 games, 213845 moves, e=0.788, loss: 40020.4, -, 10.3% elo% vs. random_no_suicide, avg. reward: 35.207, 2.038 sec/game, 8.5 min. total, 410.2 MB
untrimmed_irate v5 282 games, 214594 moves, e=0.788, loss: 40700.1, -, 10.1% elo% vs. random_no_suicide, avg. reward: 35.205, 2.016 sec/game, 8.5 min. total, 411.4 MB
untrimmed_irate v5 283 games, 215410 moves, e=0.787, loss: 42942.2, -, 9.9% elo% vs. random_no_suicide, avg. reward: 35.550, 1.999 sec/game, 8.5 min. total, 411.9 MB
untrimmed_irate v5 284 games, 216278 moves, e=0.786, loss: 43938.7, -, 9.8% elo% vs. random_no_suicide, avg. reward: 35.303, 2.004 sec/game, 8.6 min. total, 411.9 MB
untrimmed_irate v5 285 games, 217167 moves, e=0.785, loss: 42764.1, -, 9.6% elo% vs. random_no_suicide, avg. reward: 35.510, 2.004 sec/game, 8.6 min. total, 412.1 MB
untrimmed_irate v5 286 games, 217852 moves, e=0.784, loss: 43319.0, -, 9.5% elo% vs. random_no_suicide, avg. reward: 35.655, 1.965 sec/game, 8.6 min. total, 412.4 MB
untrimmed_irate v5 287 games, 218786 moves, e=0.783, loss: 36919.1, -, 9.3% elo% vs. random_no_suicide, avg. reward: 35.358, 1.983 sec/game, 8.7 min. total, 412.6 MB
untrimmed_irate v5 288 games, 219685 moves, e=0.783, loss: 36899.8, -, 9.2% elo% vs. random_no_suicide, avg. reward: 35.476, 1.989 sec/game, 8.7 min. total, 412.5 MB
untrimmed_irate v5 289 games, 220582 moves, e=0.782, loss: 40602.5, -, 9.0% elo% vs. random_no_suicide, avg. reward: 35.756, 1.997 sec/game, 8.8 min. total, 412.5 MB
untrimmed_irate v5 290 games, 221436 moves, e=0.781, loss: 43325.6, -, 8.9% elo% vs. random_no_suicide, avg. reward: 35.426, 1.999 sec/game, 8.8 min. total, 412.4 MB
untrimmed_irate v5 291 games, 222253 moves, e=0.780, loss: 42666.7, -, 8.8% elo% vs. random_no_suicide, avg. reward: 35.498, 2.016 sec/game, 8.8 min. total, 413.1 MB
untrimmed_irate v5 292 games, 223058 moves, e=0.779, loss: 43116.7, -, 8.6% elo% vs. random_no_suicide, avg. reward: 35.125, 2.031 sec/game, 8.9 min. total, 414.3 MB
untrimmed_irate v5 293 games, 223898 moves, e=0.778, loss: 48243.6, -, 8.5% elo% vs. random_no_suicide, avg. reward: 34.664, 2.036 sec/game, 8.9 min. total, 414.9 MB
untrimmed_irate v5 294 games, 224713 moves, e=0.778, loss: 49461.8, +, 9.9% elo% vs. random_no_suicide, avg. reward: 34.737, 2.039 sec/game, 8.9 min. total, 414.9 MB
untrimmed_irate v5 295 games, 225414 moves, e=0.777, loss: 51392.6, -, 9.7% elo% vs. random_no_suicide, avg. reward: 34.894, 2.024 sec/game, 9.0 min. total, 414.8 MB
untrimmed_irate v5 296 games, 226295 moves, e=0.776, loss: 47438.5, -, 9.6% elo% vs. random_no_suicide, avg. reward: 34.383, 2.056 sec/game, 9.0 min. total, 415.0 MB
untrimmed_irate v5 297 games, 227054 moves, e=0.775, loss: 46154.5, -, 9.4% elo% vs. random_no_suicide, avg. reward: 34.475, 2.062 sec/game, 9.0 min. total, 414.8 MB
untrimmed_irate v5 298 games, 227810 moves, e=0.774, loss: 42862.5, -, 9.3% elo% vs. random_no_suicide, avg. reward: 34.452, 2.082 sec/game, 9.1 min. total, 415.0 MB
untrimmed_irate v5 299 games, 228589 moves, e=0.774, loss: 42625.5, -, 9.1% elo% vs. random_no_suicide, avg. reward: 34.542, 2.106 sec/game, 9.1 min. total, 415.2 MB
untrimmed_irate v5 300 games, 229460 moves, e=0.773, loss: 46703.1, -, 9.0% elo% vs. random_no_suicide, avg. reward: 35.114, 2.124 sec/game, 9.2 min. total, 416.6 MB
untrimmed_irate v6 301 games, 230272 moves, e=0.772, loss: 47645.0, -, 47.7% elo% vs. random_no_suicide, avg. reward: 35.483, 2.166 sec/game, 9.2 min. total, 416.0 MB
untrimmed_irate v6 302 games, 231081 moves, e=0.771, loss: 43929.2, +, 50.1% elo% vs. random_no_suicide, avg. reward: 35.069, 2.204 sec/game, 9.2 min. total, 417.7 MB
untrimmed_irate v6 303 games, 232005 moves, e=0.770, loss: 41662.8, -, 47.8% elo% vs. random_no_suicide, avg. reward: 35.271, 2.257 sec/game, 9.3 min. total, 417.5 MB
untrimmed_irate v6 304 games, 232881 moves, e=0.769, loss: 43157.4, -, 45.6% elo% vs. random_no_suicide, avg. reward: 34.876, 2.260 sec/game, 9.3 min. total, 417.5 MB
untrimmed_irate v6 305 games, 233889 moves, e=0.768, loss: 39523.2, -, 43.5% elo% vs. random_no_suicide, avg. reward: 35.285, 2.301 sec/game, 9.4 min. total, 417.3 MB
untrimmed_irate v6 306 games, 234761 moves, e=0.768, loss: 36996.4, -, 41.6% elo% vs. random_no_suicide, avg. reward: 35.638, 2.351 sec/game, 9.4 min. total, 417.2 MB
untrimmed_irate v6 307 games, 235559 moves, e=0.767, loss: 39862.7, -, 39.7% elo% vs. random_no_suicide, avg. reward: 36.009, 2.336 sec/game, 9.5 min. total, 417.3 MB
untrimmed_irate v6 308 games, 236521 moves, e=0.766, loss: 44855.5, -, 38.0% elo% vs. random_no_suicide, avg. reward: 35.929, 2.380 sec/game, 9.5 min. total, 418.0 MB
untrimmed_irate v6 309 games, 237409 moves, e=0.765, loss: 44112.9, -, 36.4% elo% vs. random_no_suicide, avg. reward: 35.564, 2.409 sec/game, 9.6 min. total, 417.8 MB
untrimmed_irate v6 310 games, 238313 moves, e=0.764, loss: 43866.7, ., 36.9% elo% vs. random_no_suicide, avg. reward: 34.970, 2.486 sec/game, 9.6 min. total, 418.9 MB
untrimmed_irate v6 311 games, 239265 moves, e=0.763, loss: 37250.6, -, 35.4% elo% vs. random_no_suicide, avg. reward: 35.077, 2.541 sec/game, 9.7 min. total, 419.4 MB
untrimmed_irate v6 312 games, 240149 moves, e=0.762, loss: 38353.1, ., 36.0% elo% vs. random_no_suicide, avg. reward: 35.158, 2.552 sec/game, 9.7 min. total, 419.7 MB
untrimmed_irate v6 313 games, 240964 moves, e=0.761, loss: 35971.6, -, 34.5% elo% vs. random_no_suicide, avg. reward: 35.157, 2.551 sec/game, 9.7 min. total, 419.7 MB
untrimmed_irate v6 314 games, 241798 moves, e=0.761, loss: 36123.9, -, 33.1% elo% vs. random_no_suicide, avg. reward: 35.879, 2.573 sec/game, 9.8 min. total, 419.9 MB
untrimmed_irate v6 315 games, 242645 moves, e=0.760, loss: 34957.8, -, 31.7% elo% vs. random_no_suicide, avg. reward: 36.234, 2.595 sec/game, 9.8 min. total, 420.0 MB
untrimmed_irate v6 316 games, 243494 moves, e=0.759, loss: 41537.5, -, 30.5% elo% vs. random_no_suicide, avg. reward: 36.373, 2.585 sec/game, 9.9 min. total, 420.0 MB
untrimmed_irate v6 317 games, 244580 moves, e=0.758, loss: 43205.5, -, 29.3% elo% vs. random_no_suicide, avg. reward: 35.916, 2.614 sec/game, 9.9 min. total, 420.1 MB
untrimmed_irate v6 318 games, 245438 moves, e=0.757, loss: 44876.9, -, 28.2% elo% vs. random_no_suicide, avg. reward: 36.013, 2.616 sec/game, 10.0 min. total, 420.0 MB
untrimmed_irate v6 319 games, 246312 moves, e=0.756, loss: 38834.7, -, 27.1% elo% vs. random_no_suicide, avg. reward: 36.128, 2.618 sec/game, 10.0 min. total, 421.9 MB
untrimmed_irate v6 320 games, 247195 moves, e=0.755, loss: 37474.5, -, 26.2% elo% vs. random_no_suicide, avg. reward: 36.050, 2.612 sec/game, 10.0 min. total, 422.4 MB
untrimmed_irate v6 321 games, 248070 moves, e=0.754, loss: 37758.6, -, 25.2% elo% vs. random_no_suicide, avg. reward: 35.799, 2.592 sec/game, 10.1 min. total, 422.3 MB
untrimmed_irate v6 322 games, 248861 moves, e=0.754, loss: 40271.9, -, 24.4% elo% vs. random_no_suicide, avg. reward: 35.440, 2.567 sec/game, 10.1 min. total, 422.3 MB
untrimmed_irate v6 323 games, 249738 moves, e=0.753, loss: 35470.0, -, 23.6% elo% vs. random_no_suicide, avg. reward: 35.232, 2.540 sec/game, 10.1 min. total, 422.8 MB
untrimmed_irate v6 324 games, 250505 moves, e=0.752, loss: 40527.8, -, 22.8% elo% vs. random_no_suicide, avg. reward: 35.234, 2.538 sec/game, 10.2 min. total, 422.7 MB
untrimmed_irate v6 325 games, 251374 moves, e=0.751, loss: 42938.8, -, 22.1% elo% vs. random_no_suicide, avg. reward: 35.449, 2.488 sec/game, 10.2 min. total, 423.4 MB
untrimmed_irate v6 326 games, 252159 moves, e=0.750, loss: 44194.9, -, 21.4% elo% vs. random_no_suicide, avg. reward: 35.712, 2.463 sec/game, 10.2 min. total, 423.5 MB
untrimmed_irate v6 327 games, 253159 moves, e=0.749, loss: 41659.8, -, 20.7% elo% vs. random_no_suicide, avg. reward: 35.893, 2.494 sec/game, 10.3 min. total, 423.4 MB
untrimmed_irate v6 328 games, 254026 moves, e=0.749, loss: 46597.9, -, 20.1% elo% vs. random_no_suicide, avg. reward: 36.708, 2.457 sec/game, 10.3 min. total, 425.1 MB
untrimmed_irate v6 329 games, 254854 moves, e=0.748, loss: 42619.0, -, 19.5% elo% vs. random_no_suicide, avg. reward: 36.111, 2.438 sec/game, 10.4 min. total, 424.9 MB
untrimmed_irate v6 330 games, 255767 moves, e=0.747, loss: 46369.2, -, 19.0% elo% vs. random_no_suicide, avg. reward: 35.927, 2.401 sec/game, 10.4 min. total, 425.0 MB
untrimmed_irate v6 331 games, 256767 moves, e=0.746, loss: 48096.7, -, 18.4% elo% vs. random_no_suicide, avg. reward: 36.225, 2.355 sec/game, 10.5 min. total, 425.2 MB
untrimmed_irate v6 332 games, 257678 moves, e=0.745, loss: 43895.4, ., 19.3% elo% vs. random_no_suicide, avg. reward: 36.491, 2.374 sec/game, 10.5 min. total, 425.2 MB
untrimmed_irate v6 333 games, 258682 moves, e=0.744, loss: 41618.9, +, 21.7% elo% vs. random_no_suicide, avg. reward: 36.428, 2.386 sec/game, 10.5 min. total, 425.5 MB
untrimmed_irate v6 334 games, 259567 moves, e=0.743, loss: 51268.0, -, 21.1% elo% vs. random_no_suicide, avg. reward: 36.999, 2.387 sec/game, 10.6 min. total, 425.4 MB
untrimmed_irate v6 335 games, 260422 moves, e=0.742, loss: 55310.1, +, 23.6% elo% vs. random_no_suicide, avg. reward: 36.867, 2.389 sec/game, 10.6 min. total, 425.7 MB
untrimmed_irate v6 336 games, 261291 moves, e=0.741, loss: 53686.9, ., 24.5% elo% vs. random_no_suicide, avg. reward: 36.749, 2.388 sec/game, 10.7 min. total, 427.1 MB
untrimmed_irate v6 337 games, 262067 moves, e=0.741, loss: 52417.1, -, 23.6% elo% vs. random_no_suicide, avg. reward: 36.584, 2.346 sec/game, 10.7 min. total, 428.0 MB
untrimmed_irate v6 338 games, 262889 moves, e=0.740, loss: 51952.4, -, 22.9% elo% vs. random_no_suicide, avg. reward: 36.410, 2.335 sec/game, 10.7 min. total, 427.8 MB
untrimmed_irate v6 339 games, 263851 moves, e=0.739, loss: 43452.7, -, 22.1% elo% vs. random_no_suicide, avg. reward: 36.835, 2.344 sec/game, 10.8 min. total, 428.0 MB
untrimmed_irate v6 340 games, 264779 moves, e=0.738, loss: 38655.1, +, 24.7% elo% vs. random_no_suicide, avg. reward: 36.537, 2.359 sec/game, 10.8 min. total, 427.8 MB
untrimmed_irate v6 341 games, 265703 moves, e=0.737, loss: 46182.8, -, 23.9% elo% vs. random_no_suicide, avg. reward: 36.977, 2.365 sec/game, 10.9 min. total, 427.8 MB
untrimmed_irate v6 342 games, 266515 moves, e=0.736, loss: 43197.6, -, 23.1% elo% vs. random_no_suicide, avg. reward: 36.817, 2.377 sec/game, 10.9 min. total, 427.9 MB
untrimmed_irate v6 343 games, 267344 moves, e=0.735, loss: 44706.6, -, 22.3% elo% vs. random_no_suicide, avg. reward: 36.763, 2.357 sec/game, 10.9 min. total, 427.5 MB
untrimmed_irate v6 344 games, 268139 moves, e=0.735, loss: 47578.0, -, 21.6% elo% vs. random_no_suicide, avg. reward: 36.628, 2.349 sec/game, 11.0 min. total, 427.7 MB
untrimmed_irate v6 345 games, 269020 moves, e=0.734, loss: 47169.7, -, 21.0% elo% vs. random_no_suicide, avg. reward: 36.239, 2.364 sec/game, 11.0 min. total, 428.8 MB
untrimmed_irate v6 346 games, 269942 moves, e=0.733, loss: 48058.1, -, 20.3% elo% vs. random_no_suicide, avg. reward: 36.894, 2.401 sec/game, 11.0 min. total, 430.9 MB
untrimmed_irate v6 347 games, 270969 moves, e=0.732, loss: 44119.7, +, 22.8% elo% vs. random_no_suicide, avg. reward: 37.049, 2.425 sec/game, 11.1 min. total, 430.8 MB
untrimmed_irate v6 348 games, 271928 moves, e=0.731, loss: 44215.4, -, 22.1% elo% vs. random_no_suicide, avg. reward: 36.919, 2.456 sec/game, 11.2 min. total, 431.0 MB
untrimmed_irate v6 349 games, 272848 moves, e=0.730, loss: 46351.4, -, 21.4% elo% vs. random_no_suicide, avg. reward: 37.129, 2.474 sec/game, 11.2 min. total, 431.2 MB
untrimmed_irate v6 350 games, 273743 moves, e=0.729, loss: 48591.3, -, 20.7% elo% vs. random_no_suicide, avg. reward: 37.421, 2.520 sec/game, 11.3 min. total, 431.2 MB
untrimmed_irate v6 351 games, 274771 moves, e=0.728, loss: 47763.8, -, 20.1% elo% vs. random_no_suicide, avg. reward: 37.237, 2.580 sec/game, 11.3 min. total, 431.4 MB
untrimmed_irate v6 352 games, 275590 moves, e=0.727, loss: 53897.5, +, 22.6% elo% vs. random_no_suicide, avg. reward: 37.235, 2.563 sec/game, 11.4 min. total, 431.8 MB
untrimmed_irate v6 353 games, 276515 moves, e=0.726, loss: 57129.6, -, 21.9% elo% vs. random_no_suicide, avg. reward: 36.964, 2.571 sec/game, 11.4 min. total, 431.8 MB
untrimmed_irate v6 354 games, 277388 moves, e=0.725, loss: 53786.5, -, 21.2% elo% vs. random_no_suicide, avg. reward: 36.840, 2.639 sec/game, 11.5 min. total, 432.2 MB
untrimmed_irate v6 355 games, 278263 moves, e=0.725, loss: 46431.6, -, 20.5% elo% vs. random_no_suicide, avg. reward: 36.862, 2.772 sec/game, 11.5 min. total, 432.4 MB
untrimmed_irate v6 356 games, 279108 moves, e=0.724, loss: 42184.9, +, 23.0% elo% vs. random_no_suicide, avg. reward: 36.958, 2.886 sec/game, 11.6 min. total, 424.3 MB
untrimmed_irate v6 357 games, 279905 moves, e=0.723, loss: 48613.6, -, 22.3% elo% vs. random_no_suicide, avg. reward: 36.340, 3.000 sec/game, 11.7 min. total, 424.4 MB
untrimmed_irate v6 358 games, 280754 moves, e=0.722, loss: 46000.4, -, 21.6% elo% vs. random_no_suicide, avg. reward: 36.574, 3.041 sec/game, 11.7 min. total, 424.5 MB
untrimmed_irate v6 359 games, 281519 moves, e=0.721, loss: 39590.5, -, 20.9% elo% vs. random_no_suicide, avg. reward: 36.308, 3.023 sec/game, 11.8 min. total, 424.3 MB
untrimmed_irate v6 360 games, 282340 moves, e=0.720, loss: 37210.0, -, 20.3% elo% vs. random_no_suicide, avg. reward: 36.476, 3.014 sec/game, 11.8 min. total, 424.8 MB
untrimmed_irate v6 361 games, 283213 moves, e=0.720, loss: 40233.0, -, 19.7% elo% vs. random_no_suicide, avg. reward: 36.822, 3.012 sec/game, 11.9 min. total, 425.2 MB
untrimmed_irate v6 362 games, 284060 moves, e=0.719, loss: 38746.0, -, 19.1% elo% vs. random_no_suicide, avg. reward: 37.172, 3.020 sec/game, 11.9 min. total, 426.6 MB
untrimmed_irate v6 363 games, 284847 moves, e=0.718, loss: 40711.2, -, 18.6% elo% vs. random_no_suicide, avg. reward: 37.084, 3.032 sec/game, 11.9 min. total, 427.9 MB
untrimmed_irate v6 364 games, 285677 moves, e=0.717, loss: 44353.5, ., 19.5% elo% vs. random_no_suicide, avg. reward: 36.835, 3.038 sec/game, 12.0 min. total, 428.9 MB
untrimmed_irate v6 365 games, 286550 moves, e=0.716, loss: 43000.6, +, 21.9% elo% vs. random_no_suicide, avg. reward: 36.894, 3.048 sec/game, 12.0 min. total, 428.9 MB
untrimmed_irate v6 366 games, 287427 moves, e=0.715, loss: 50135.0, -, 21.2% elo% vs. random_no_suicide, avg. reward: 36.413, 3.024 sec/game, 12.1 min. total, 429.1 MB
untrimmed_irate v6 367 games, 288251 moves, e=0.715, loss: 44949.8, -, 20.6% elo% vs. random_no_suicide, avg. reward: 36.032, 2.964 sec/game, 12.1 min. total, 429.0 MB
untrimmed_irate v6 368 games, 289113 moves, e=0.714, loss: 44370.9, +, 23.1% elo% vs. random_no_suicide, avg. reward: 35.509, 2.943 sec/game, 12.1 min. total, 429.0 MB
untrimmed_irate v6 369 games, 289924 moves, e=0.713, loss: 41473.1, -, 22.3% elo% vs. random_no_suicide, avg. reward: 35.879, 2.932 sec/game, 12.2 min. total, 428.8 MB
untrimmed_irate v6 370 games, 290802 moves, e=0.712, loss: 38105.9, -, 21.6% elo% vs. random_no_suicide, avg. reward: 35.250, 2.871 sec/game, 12.2 min. total, 429.1 MB
untrimmed_irate v6 371 games, 291771 moves, e=0.711, loss: 35840.8, ., 22.5% elo% vs. random_no_suicide, avg. reward: 35.032, 2.823 sec/game, 12.3 min. total, 429.3 MB
untrimmed_irate v6 372 games, 292686 moves, e=0.710, loss: 37475.2, -, 21.8% elo% vs. random_no_suicide, avg. reward: 34.982, 2.825 sec/game, 12.3 min. total, 430.7 MB
untrimmed_irate v6 373 games, 293723 moves, e=0.709, loss: 40400.3, -, 21.1% elo% vs. random_no_suicide, avg. reward: 34.370, 2.833 sec/game, 12.3 min. total, 430.9 MB
untrimmed_irate v6 374 games, 294569 moves, e=0.708, loss: 37363.8, -, 20.5% elo% vs. random_no_suicide, avg. reward: 34.498, 2.781 sec/game, 12.4 min. total, 430.8 MB
untrimmed_irate v6 375 games, 295301 moves, e=0.708, loss: 37232.5, -, 19.9% elo% vs. random_no_suicide, avg. reward: 34.747, 2.641 sec/game, 12.4 min. total, 430.8 MB
untrimmed_irate v6 376 games, 296206 moves, e=0.707, loss: 36594.5, -, 19.3% elo% vs. random_no_suicide, avg. reward: 34.702, 2.541 sec/game, 12.5 min. total, 431.1 MB
untrimmed_irate v6 377 games, 297160 moves, e=0.706, loss: 34542.5, -, 18.8% elo% vs. random_no_suicide, avg. reward: 34.469, 2.474 sec/game, 12.5 min. total, 431.3 MB
untrimmed_irate v6 378 games, 297891 moves, e=0.705, loss: 40266.0, -, 18.2% elo% vs. random_no_suicide, avg. reward: 34.467, 2.439 sec/game, 12.6 min. total, 431.6 MB
untrimmed_irate v6 379 games, 298839 moves, e=0.704, loss: 35223.0, -, 17.7% elo% vs. random_no_suicide, avg. reward: 34.519, 2.446 sec/game, 12.6 min. total, 431.4 MB
untrimmed_irate v6 380 games, 299741 moves, e=0.703, loss: 38862.4, +, 20.1% elo% vs. random_no_suicide, avg. reward: 34.602, 2.439 sec/game, 12.6 min. total, 431.3 MB
untrimmed_irate v6 381 games, 300695 moves, e=0.702, loss: 33567.1, -, 19.5% elo% vs. random_no_suicide, avg. reward: 34.643, 2.443 sec/game, 12.7 min. total, 432.6 MB
untrimmed_irate v6 382 games, 301685 moves, e=0.701, loss: 39188.3, -, 18.9% elo% vs. random_no_suicide, avg. reward: 35.157, 2.450 sec/game, 12.7 min. total, 433.4 MB
untrimmed_irate v6 383 games, 302593 moves, e=0.700, loss: 44475.4, +, 21.3% elo% vs. random_no_suicide, avg. reward: 34.876, 2.471 sec/game, 12.8 min. total, 433.5 MB
untrimmed_irate v6 384 games, 303631 moves, e=0.699, loss: 43328.1, -, 20.7% elo% vs. random_no_suicide, avg. reward: 34.939, 2.510 sec/game, 12.8 min. total, 433.5 MB
untrimmed_irate v6 385 games, 304458 moves, e=0.699, loss: 37023.8, -, 20.0% elo% vs. random_no_suicide, avg. reward: 34.726, 2.491 sec/game, 12.8 min. total, 433.3 MB
untrimmed_irate v6 386 games, 305458 moves, e=0.698, loss: 45857.7, -, 19.5% elo% vs. random_no_suicide, avg. reward: 34.701, 2.503 sec/game, 12.9 min. total, 433.7 MB
untrimmed_irate v6 387 games, 306326 moves, e=0.697, loss: 40572.7, -, 18.9% elo% vs. random_no_suicide, avg. reward: 34.732, 2.527 sec/game, 12.9 min. total, 433.8 MB
untrimmed_irate v6 388 games, 307096 moves, e=0.696, loss: 40976.8, -, 18.4% elo% vs. random_no_suicide, avg. reward: 34.447, 2.504 sec/game, 13.0 min. total, 433.8 MB
untrimmed_irate v6 389 games, 308064 moves, e=0.695, loss: 41042.7, +, 20.7% elo% vs. random_no_suicide, avg. reward: 33.863, 2.501 sec/game, 13.0 min. total, 434.2 MB
untrimmed_irate v6 390 games, 308830 moves, e=0.694, loss: 49064.5, -, 20.1% elo% vs. random_no_suicide, avg. reward: 34.646, 2.490 sec/game, 13.0 min. total, 436.0 MB
untrimmed_irate v6 391 games, 309871 moves, e=0.693, loss: 46368.8, -, 19.5% elo% vs. random_no_suicide, avg. reward: 34.453, 2.489 sec/game, 13.1 min. total, 437.2 MB
untrimmed_irate v6 392 games, 310694 moves, e=0.692, loss: 51144.2, -, 19.0% elo% vs. random_no_suicide, avg. reward: 35.062, 2.470 sec/game, 13.1 min. total, 437.1 MB
untrimmed_irate v6 393 games, 311398 moves, e=0.692, loss: 53379.1, -, 18.4% elo% vs. random_no_suicide, avg. reward: 35.005, 2.421 sec/game, 13.2 min. total, 437.0 MB
untrimmed_irate v6 394 games, 312355 moves, e=0.691, loss: 50509.7, -, 17.9% elo% vs. random_no_suicide, avg. reward: 35.042, 2.410 sec/game, 13.2 min. total, 437.3 MB
untrimmed_irate v6 395 games, 313220 moves, e=0.690, loss: 52828.2, -, 17.5% elo% vs. random_no_suicide, avg. reward: 34.762, 2.419 sec/game, 13.2 min. total, 438.0 MB
untrimmed_irate v6 396 games, 314151 moves, e=0.689, loss: 45365.5, -, 17.0% elo% vs. random_no_suicide, avg. reward: 35.302, 2.403 sec/game, 13.3 min. total, 438.1 MB
untrimmed_irate v6 397 games, 315045 moves, e=0.688, loss: 42092.0, -, 16.6% elo% vs. random_no_suicide, avg. reward: 35.341, 2.382 sec/game, 13.3 min. total, 438.2 MB
untrimmed_irate v6 398 games, 315948 moves, e=0.687, loss: 52797.6, -, 16.1% elo% vs. random_no_suicide, avg. reward: 35.039, 2.387 sec/game, 13.4 min. total, 438.4 MB
untrimmed_irate v6 399 games, 316780 moves, e=0.686, loss: 46190.7, -, 15.7% elo% vs. random_no_suicide, avg. reward: 35.009, 2.368 sec/game, 13.4 min. total, 438.4 MB
untrimmed_irate v6 400 games, 317781 moves, e=0.685, loss: 45267.8, -, 15.4% elo% vs. random_no_suicide, avg. reward: 34.938, 2.395 sec/game, 13.4 min. total, 439.4 MB
untrimmed_irate v7 401 games, 318760 moves, e=0.684, loss: 41036.1, -, 47.7% elo% vs. random_no_suicide, avg. reward: 35.393, 2.410 sec/game, 13.5 min. total, 439.4 MB
untrimmed_irate v7 402 games, 319728 moves, e=0.683, loss: 42748.6, -, 45.5% elo% vs. random_no_suicide, avg. reward: 35.915, 2.403 sec/game, 13.5 min. total, 439.5 MB
untrimmed_irate v7 403 games, 320728 moves, e=0.682, loss: 50078.1, -, 43.4% elo% vs. random_no_suicide, avg. reward: 35.267, 2.408 sec/game, 13.6 min. total, 439.3 MB
untrimmed_irate v7 404 games, 321764 moves, e=0.681, loss: 53460.6, -, 41.5% elo% vs. random_no_suicide, avg. reward: 35.562, 2.407 sec/game, 13.6 min. total, 439.2 MB
untrimmed_irate v7 405 games, 322760 moves, e=0.680, loss: 46003.7, -, 39.6% elo% vs. random_no_suicide, avg. reward: 35.667, 2.443 sec/game, 13.7 min. total, 439.7 MB
untrimmed_irate v7 406 games, 323776 moves, e=0.679, loss: 46960.1, -, 37.9% elo% vs. random_no_suicide, avg. reward: 35.918, 2.456 sec/game, 13.7 min. total, 439.8 MB
untrimmed_irate v7 407 games, 324603 moves, e=0.679, loss: 50524.7, -, 36.3% elo% vs. random_no_suicide, avg. reward: 35.543, 2.472 sec/game, 13.8 min. total, 440.7 MB
untrimmed_irate v7 408 games, 325541 moves, e=0.678, loss: 38293.0, ., 36.9% elo% vs. random_no_suicide, avg. reward: 35.554, 2.527 sec/game, 13.8 min. total, 442.4 MB
untrimmed_irate v7 409 games, 326513 moves, e=0.677, loss: 47336.2, -, 35.3% elo% vs. random_no_suicide, avg. reward: 35.970, 2.542 sec/game, 13.9 min. total, 442.7 MB
untrimmed_irate v7 410 games, 327521 moves, e=0.676, loss: 48618.4, -, 33.8% elo% vs. random_no_suicide, avg. reward: 36.670, 2.565 sec/game, 13.9 min. total, 442.8 MB
untrimmed_irate v7 411 games, 328384 moves, e=0.675, loss: 54565.6, -, 32.5% elo% vs. random_no_suicide, avg. reward: 36.246, 2.563 sec/game, 13.9 min. total, 442.4 MB
untrimmed_irate v7 412 games, 329376 moves, e=0.674, loss: 45556.9, -, 31.2% elo% vs. random_no_suicide, avg. reward: 36.394, 2.592 sec/game, 14.0 min. total, 443.1 MB
untrimmed_irate v7 413 games, 330320 moves, e=0.673, loss: 48850.6, -, 29.9% elo% vs. random_no_suicide, avg. reward: 36.120, 2.622 sec/game, 14.0 min. total, 443.3 MB
untrimmed_irate v7 414 games, 331359 moves, e=0.672, loss: 48650.7, -, 28.8% elo% vs. random_no_suicide, avg. reward: 35.407, 2.636 sec/game, 14.1 min. total, 443.5 MB
untrimmed_irate v7 415 games, 332339 moves, e=0.671, loss: 41887.2, +, 31.6% elo% vs. random_no_suicide, avg. reward: 35.773, 2.638 sec/game, 14.1 min. total, 443.5 MB
untrimmed_irate v7 416 games, 333286 moves, e=0.670, loss: 47053.4, -, 30.3% elo% vs. random_no_suicide, avg. reward: 35.187, 2.645 sec/game, 14.2 min. total, 443.9 MB
untrimmed_irate v7 417 games, 334111 moves, e=0.669, loss: 47869.1, -, 29.1% elo% vs. random_no_suicide, avg. reward: 35.179, 2.629 sec/game, 14.2 min. total, 444.5 MB
untrimmed_irate v7 418 games, 335061 moves, e=0.668, loss: 40366.1, -, 28.1% elo% vs. random_no_suicide, avg. reward: 35.572, 2.634 sec/game, 14.2 min. total, 444.5 MB
untrimmed_irate v7 419 games, 335966 moves, e=0.667, loss: 41154.7, +, 30.8% elo% vs. random_no_suicide, avg. reward: 35.556, 2.646 sec/game, 14.3 min. total, 444.4 MB
untrimmed_irate v7 420 games, 336808 moves, e=0.667, loss: 41222.2, +, 33.6% elo% vs. random_no_suicide, avg. reward: 35.342, 2.610 sec/game, 14.3 min. total, 444.5 MB
untrimmed_irate v7 421 games, 337693 moves, e=0.666, loss: 40892.4, +, 36.4% elo% vs. random_no_suicide, avg. reward: 36.022, 2.580 sec/game, 14.3 min. total, 444.5 MB
untrimmed_irate v7 422 games, 338638 moves, e=0.665, loss: 40232.0, -, 34.8% elo% vs. random_no_suicide, avg. reward: 36.556, 2.580 sec/game, 14.4 min. total, 444.7 MB
untrimmed_irate v7 423 games, 339552 moves, e=0.664, loss: 44796.2, -, 33.4% elo% vs. random_no_suicide, avg. reward: 36.759, 2.572 sec/game, 14.4 min. total, 444.9 MB
untrimmed_irate v7 424 games, 340560 moves, e=0.663, loss: 45213.7, -, 32.0% elo% vs. random_no_suicide, avg. reward: 36.246, 2.563 sec/game, 14.5 min. total, 446.4 MB
untrimmed_irate v7 425 games, 341611 moves, e=0.662, loss: 38760.1, -, 30.8% elo% vs. random_no_suicide, avg. reward: 35.671, 2.544 sec/game, 14.5 min. total, 448.1 MB
untrimmed_irate v7 426 games, 342542 moves, e=0.661, loss: 40960.7, -, 29.6% elo% vs. random_no_suicide, avg. reward: 35.166, 2.532 sec/game, 14.6 min. total, 447.7 MB
untrimmed_irate v7 427 games, 343609 moves, e=0.660, loss: 38150.7, -, 28.4% elo% vs. random_no_suicide, avg. reward: 35.124, 2.515 sec/game, 14.6 min. total, 447.6 MB
untrimmed_irate v7 428 games, 344474 moves, e=0.659, loss: 37400.7, -, 27.4% elo% vs. random_no_suicide, avg. reward: 34.314, 2.484 sec/game, 14.6 min. total, 447.8 MB
untrimmed_irate v7 429 games, 345305 moves, e=0.658, loss: 38348.1, -, 26.4% elo% vs. random_no_suicide, avg. reward: 34.313, 2.442 sec/game, 14.7 min. total, 447.9 MB
untrimmed_irate v7 430 games, 346223 moves, e=0.657, loss: 32859.2, -, 25.5% elo% vs. random_no_suicide, avg. reward: 33.984, 2.436 sec/game, 14.7 min. total, 447.9 MB
untrimmed_irate v7 431 games, 347056 moves, e=0.656, loss: 31484.8, -, 24.6% elo% vs. random_no_suicide, avg. reward: 33.918, 2.436 sec/game, 14.8 min. total, 447.7 MB
untrimmed_irate v7 432 games, 348055 moves, e=0.655, loss: 29892.6, -, 23.8% elo% vs. random_no_suicide, avg. reward: 33.759, 2.440 sec/game, 14.8 min. total, 448.2 MB
untrimmed_irate v7 433 games, 349037 moves, e=0.654, loss: 27320.0, -, 23.0% elo% vs. random_no_suicide, avg. reward: 33.767, 2.449 sec/game, 14.8 min. total, 449.1 MB
untrimmed_irate v7 434 games, 350015 moves, e=0.653, loss: 25584.3, -, 22.2% elo% vs. random_no_suicide, avg. reward: 33.614, 2.449 sec/game, 14.9 min. total, 449.7 MB
untrimmed_irate v7 435 games, 350946 moves, e=0.653, loss: 28342.8, -, 21.5% elo% vs. random_no_suicide, avg. reward: 33.373, 2.457 sec/game, 14.9 min. total, 449.4 MB
untrimmed_irate v7 436 games, 351836 moves, e=0.652, loss: 28923.0, ., 22.4% elo% vs. random_no_suicide, avg. reward: 33.251, 2.448 sec/game, 15.0 min. total, 449.6 MB
untrimmed_irate v7 437 games, 352718 moves, e=0.651, loss: 30719.8, -, 21.7% elo% vs. random_no_suicide, avg. reward: 32.869, 2.448 sec/game, 15.0 min. total, 449.5 MB
untrimmed_irate v7 438 games, 353707 moves, e=0.650, loss: 29897.5, -, 21.0% elo% vs. random_no_suicide, avg. reward: 33.035, 2.462 sec/game, 15.1 min. total, 449.7 MB
untrimmed_irate v7 439 games, 354621 moves, e=0.649, loss: 26955.0, +, 23.6% elo% vs. random_no_suicide, avg. reward: 32.617, 2.481 sec/game, 15.1 min. total, 449.9 MB
untrimmed_irate v7 440 games, 355442 moves, e=0.648, loss: 28348.4, -, 22.8% elo% vs. random_no_suicide, avg. reward: 32.291, 2.476 sec/game, 15.1 min. total, 449.7 MB
untrimmed_irate v7 441 games, 356393 moves, e=0.647, loss: 32863.6, -, 22.1% elo% vs. random_no_suicide, avg. reward: 32.279, 2.526 sec/game, 15.2 min. total, 450.9 MB
untrimmed_irate v7 442 games, 357341 moves, e=0.646, loss: 33464.7, -, 21.4% elo% vs. random_no_suicide, avg. reward: 32.530, 2.531 sec/game, 15.2 min. total, 452.5 MB
untrimmed_irate v7 443 games, 358334 moves, e=0.645, loss: 38129.7, -, 20.7% elo% vs. random_no_suicide, avg. reward: 32.455, 2.544 sec/game, 15.3 min. total, 453.0 MB
untrimmed_irate v7 444 games, 359231 moves, e=0.644, loss: 31681.4, -, 20.1% elo% vs. random_no_suicide, avg. reward: 32.208, 2.552 sec/game, 15.3 min. total, 452.8 MB
untrimmed_irate v7 445 games, 360200 moves, e=0.643, loss: 29522.2, -, 19.5% elo% vs. random_no_suicide, avg. reward: 32.209, 2.561 sec/game, 15.4 min. total, 452.8 MB
untrimmed_irate v7 446 games, 361219 moves, e=0.642, loss: 26227.0, -, 19.0% elo% vs. random_no_suicide, avg. reward: 31.953, 2.572 sec/game, 15.4 min. total, 452.9 MB
untrimmed_irate v7 447 games, 362292 moves, e=0.641, loss: 26374.8, -, 18.4% elo% vs. random_no_suicide, avg. reward: 32.124, 2.600 sec/game, 15.5 min. total, 452.9 MB
untrimmed_irate v7 448 games, 363264 moves, e=0.640, loss: 33181.3, -, 17.9% elo% vs. random_no_suicide, avg. reward: 32.429, 2.606 sec/game, 15.5 min. total, 453.3 MB
untrimmed_irate v7 449 games, 364193 moves, e=0.639, loss: 27722.3, -, 17.4% elo% vs. random_no_suicide, avg. reward: 31.887, 2.632 sec/game, 15.5 min. total, 454.0 MB
untrimmed_irate v7 450 games, 365122 moves, e=0.639, loss: 30548.3, -, 17.0% elo% vs. random_no_suicide, avg. reward: 31.755, 2.641 sec/game, 15.6 min. total, 454.5 MB
untrimmed_irate v7 451 games, 366136 moves, e=0.638, loss: 40533.1, +, 19.2% elo% vs. random_no_suicide, avg. reward: 31.959, 2.646 sec/game, 15.6 min. total, 456.7 MB
untrimmed_irate v7 452 games, 367093 moves, e=0.637, loss: 38482.9, -, 18.7% elo% vs. random_no_suicide, avg. reward: 32.485, 2.632 sec/game, 15.7 min. total, 456.4 MB
untrimmed_irate v7 453 games, 368166 moves, e=0.636, loss: 42832.9, +, 21.1% elo% vs. random_no_suicide, avg. reward: 33.237, 2.671 sec/game, 15.7 min. total, 456.4 MB
untrimmed_irate v7 454 games, 369166 moves, e=0.635, loss: 42985.2, -, 20.4% elo% vs. random_no_suicide, avg. reward: 33.396, 2.665 sec/game, 15.8 min. total, 456.4 MB
untrimmed_irate v7 455 games, 370207 moves, e=0.633, loss: 50187.3, -, 19.8% elo% vs. random_no_suicide, avg. reward: 33.539, 2.683 sec/game, 15.8 min. total, 456.5 MB
untrimmed_irate v7 456 games, 371247 moves, e=0.632, loss: 50679.4, -, 19.3% elo% vs. random_no_suicide, avg. reward: 33.455, 2.737 sec/game, 15.9 min. total, 456.6 MB
untrimmed_irate v7 457 games, 372229 moves, e=0.631, loss: 51852.4, -, 18.7% elo% vs. random_no_suicide, avg. reward: 33.972, 2.757 sec/game, 15.9 min. total, 456.6 MB
untrimmed_irate v7 458 games, 373296 moves, e=0.630, loss: 53248.9, -, 18.2% elo% vs. random_no_suicide, avg. reward: 34.187, 2.772 sec/game, 16.0 min. total, 456.9 MB
untrimmed_irate v7 459 games, 374150 moves, e=0.630, loss: 54057.3, -, 17.7% elo% vs. random_no_suicide, avg. reward: 34.384, 2.776 sec/game, 16.0 min. total, 458.5 MB
untrimmed_irate v7 460 games, 375046 moves, e=0.629, loss: 53330.7, -, 17.2% elo% vs. random_no_suicide, avg. reward: 33.978, 2.792 sec/game, 16.1 min. total, 459.1 MB
untrimmed_irate v7 461 games, 375909 moves, e=0.628, loss: 56372.8, -, 16.8% elo% vs. random_no_suicide, avg. reward: 34.216, 2.751 sec/game, 16.1 min. total, 459.0 MB
untrimmed_irate v7 462 games, 376925 moves, e=0.627, loss: 56192.6, -, 16.4% elo% vs. random_no_suicide, avg. reward: 34.359, 2.772 sec/game, 16.1 min. total, 459.0 MB
untrimmed_irate v7 463 games, 377825 moves, e=0.626, loss: 57472.4, -, 16.0% elo% vs. random_no_suicide, avg. reward: 33.985, 2.745 sec/game, 16.2 min. total, 459.1 MB
untrimmed_irate v7 464 games, 378851 moves, e=0.625, loss: 56646.0, -, 15.6% elo% vs. random_no_suicide, avg. reward: 34.434, 2.750 sec/game, 16.2 min. total, 459.3 MB
untrimmed_irate v7 465 games, 379703 moves, e=0.624, loss: 56976.2, +, 17.7% elo% vs. random_no_suicide, avg. reward: 34.447, 2.742 sec/game, 16.3 min. total, 459.3 MB
untrimmed_irate v7 466 games, 380611 moves, e=0.623, loss: 62743.1, -, 17.2% elo% vs. random_no_suicide, avg. reward: 34.446, 2.713 sec/game, 16.3 min. total, 460.1 MB
untrimmed_irate v7 467 games, 381534 moves, e=0.622, loss: 62222.4, -, 16.8% elo% vs. random_no_suicide, avg. reward: 34.507, 2.681 sec/game, 16.4 min. total, 460.0 MB
untrimmed_irate v7 468 games, 382760 moves, e=0.621, loss: 59242.8, +, 19.0% elo% vs. random_no_suicide, avg. reward: 34.519, 2.720 sec/game, 16.4 min. total, 460.6 MB
untrimmed_irate v7 469 games, 383663 moves, e=0.620, loss: 51645.0, -, 18.5% elo% vs. random_no_suicide, avg. reward: 34.457, 2.731 sec/game, 16.5 min. total, 461.4 MB
untrimmed_irate v7 470 games, 384703 moves, e=0.619, loss: 52136.0, -, 18.0% elo% vs. random_no_suicide, avg. reward: 35.137, 2.739 sec/game, 16.5 min. total, 461.5 MB
untrimmed_irate v7 471 games, 385659 moves, e=0.618, loss: 56358.2, -, 17.5% elo% vs. random_no_suicide, avg. reward: 34.829, 2.730 sec/game, 16.5 min. total, 461.4 MB
untrimmed_irate v7 472 games, 386729 moves, e=0.617, loss: 55888.5, -, 17.1% elo% vs. random_no_suicide, avg. reward: 34.877, 2.748 sec/game, 16.6 min. total, 461.8 MB
untrimmed_irate v7 473 games, 387797 moves, e=0.616, loss: 49830.4, -, 16.6% elo% vs. random_no_suicide, avg. reward: 35.348, 2.725 sec/game, 16.6 min. total, 461.8 MB
untrimmed_irate v7 474 games, 388678 moves, e=0.615, loss: 48746.4, -, 16.2% elo% vs. random_no_suicide, avg. reward: 35.331, 2.711 sec/game, 16.7 min. total, 462.1 MB
untrimmed_irate v7 475 games, 389660 moves, e=0.614, loss: 49648.0, -, 15.8% elo% vs. random_no_suicide, avg. reward: 34.583, 2.692 sec/game, 16.7 min. total, 462.4 MB
untrimmed_irate v7 476 games, 390521 moves, e=0.613, loss: 46526.8, -, 15.4% elo% vs. random_no_suicide, avg. reward: 34.832, 2.625 sec/game, 16.8 min. total, 462.4 MB
untrimmed_irate v7 477 games, 391486 moves, e=0.612, loss: 45550.4, -, 15.0% elo% vs. random_no_suicide, avg. reward: 34.829, 2.632 sec/game, 16.8 min. total, 464.3 MB
untrimmed_irate v7 478 games, 392421 moves, e=0.612, loss: 45167.9, -, 14.7% elo% vs. random_no_suicide, avg. reward: 35.265, 2.619 sec/game, 16.8 min. total, 464.4 MB
untrimmed_irate v7 479 games, 393458 moves, e=0.610, loss: 41755.6, -, 14.4% elo% vs. random_no_suicide, avg. reward: 35.521, 2.632 sec/game, 16.9 min. total, 464.6 MB
untrimmed_irate v7 480 games, 394491 moves, e=0.609, loss: 50748.2, -, 14.0% elo% vs. random_no_suicide, avg. reward: 35.454, 2.647 sec/game, 16.9 min. total, 464.2 MB
untrimmed_irate v7 481 games, 395521 moves, e=0.608, loss: 48294.6, -, 13.7% elo% vs. random_no_suicide, avg. reward: 35.710, 2.682 sec/game, 17.0 min. total, 464.3 MB
untrimmed_irate v7 482 games, 396486 moves, e=0.607, loss: 52387.6, -, 13.4% elo% vs. random_no_suicide, avg. reward: 35.616, 2.659 sec/game, 17.0 min. total, 464.7 MB
untrimmed_irate v7 483 games, 397518 moves, e=0.606, loss: 49981.2, -, 13.1% elo% vs. random_no_suicide, avg. reward: 35.677, 2.709 sec/game, 17.1 min. total, 464.8 MB
untrimmed_irate v7 484 games, 398385 moves, e=0.606, loss: 50579.6, -, 12.9% elo% vs. random_no_suicide, avg. reward: 36.078, 2.697 sec/game, 17.1 min. total, 465.5 MB
untrimmed_irate v7 485 games, 399371 moves, e=0.605, loss: 51704.7, -, 12.6% elo% vs. random_no_suicide, avg. reward: 36.451, 2.730 sec/game, 17.2 min. total, 466.2 MB
untrimmed_irate v7 486 games, 400265 moves, e=0.604, loss: 53828.0, +, 14.5% elo% vs. random_no_suicide, avg. reward: 36.721, 2.729 sec/game, 17.2 min. total, 467.6 MB
untrimmed_irate v7 487 games, 401163 moves, e=0.603, loss: 56493.6, -, 14.2% elo% vs. random_no_suicide, avg. reward: 36.817, 2.732 sec/game, 17.3 min. total, 467.8 MB
untrimmed_irate v7 488 games, 402020 moves, e=0.602, loss: 59620.8, -, 13.9% elo% vs. random_no_suicide, avg. reward: 36.782, 2.675 sec/game, 17.3 min. total, 467.7 MB
untrimmed_irate v7 489 games, 403093 moves, e=0.601, loss: 63881.6, -, 13.5% elo% vs. random_no_suicide, avg. reward: 37.034, 2.736 sec/game, 17.4 min. total, 466.0 MB
untrimmed_irate v7 490 games, 404161 moves, e=0.600, loss: 66474.4, -, 13.3% elo% vs. random_no_suicide, avg. reward: 36.818, 2.752 sec/game, 17.4 min. total, 466.0 MB
untrimmed_irate v7 491 games, 405124 moves, e=0.599, loss: 66328.3, -, 13.0% elo% vs. random_no_suicide, avg. reward: 36.838, 2.769 sec/game, 17.5 min. total, 466.2 MB
untrimmed_irate v7 492 games, 406113 moves, e=0.598, loss: 52483.4, -, 12.7% elo% vs. random_no_suicide, avg. reward: 36.538, 2.759 sec/game, 17.5 min. total, 466.2 MB
untrimmed_irate v7 493 games, 407051 moves, e=0.597, loss: 46669.9, +, 14.6% elo% vs. random_no_suicide, avg. reward: 36.657, 2.789 sec/game, 17.6 min. total, 466.2 MB
untrimmed_irate v7 494 games, 407929 moves, e=0.596, loss: 48304.8, -, 14.3% elo% vs. random_no_suicide, avg. reward: 36.703, 2.773 sec/game, 17.6 min. total, 467.6 MB
untrimmed_irate v7 495 games, 408948 moves, e=0.595, loss: 63211.9, -, 14.0% elo% vs. random_no_suicide, avg. reward: 37.199, 2.771 sec/game, 17.6 min. total, 469.6 MB
untrimmed_irate v7 496 games, 409911 moves, e=0.594, loss: 62794.1, -, 13.7% elo% vs. random_no_suicide, avg. reward: 36.661, 2.816 sec/game, 17.7 min. total, 469.5 MB
untrimmed_irate v7 497 games, 410942 moves, e=0.593, loss: 60161.8, -, 13.4% elo% vs. random_no_suicide, avg. reward: 36.687, 2.823 sec/game, 17.7 min. total, 469.5 MB
untrimmed_irate v7 498 games, 412028 moves, e=0.592, loss: 53668.5, -, 13.1% elo% vs. random_no_suicide, avg. reward: 36.745, 2.837 sec/game, 17.8 min. total, 469.7 MB
untrimmed_irate v7 499 games, 412976 moves, e=0.591, loss: 58665.7, -, 12.8% elo% vs. random_no_suicide, avg. reward: 36.689, 2.836 sec/game, 17.8 min. total, 470.1 MB
untrimmed_irate v7 500 games, 413937 moves, e=0.590, loss: 58812.7, -, 12.5% elo% vs. random_no_suicide, avg. reward: 36.710, 2.833 sec/game, 17.9 min. total, 470.2 MB
untrimmed_irate v8 501 games, 415046 moves, e=0.589, loss: 56818.9, -, 47.7% elo% vs. random_no_suicide, avg. reward: 36.346, 2.832 sec/game, 17.9 min. total, 470.0 MB
untrimmed_irate v8 502 games, 416020 moves, e=0.588, loss: 51810.5, -, 45.5% elo% vs. random_no_suicide, avg. reward: 35.828, 2.832 sec/game, 18.0 min. total, 470.2 MB
untrimmed_irate v8 503 games, 416917 moves, e=0.587, loss: 51600.6, -, 43.4% elo% vs. random_no_suicide, avg. reward: 35.822, 2.783 sec/game, 18.0 min. total, 471.5 MB
untrimmed_irate v8 504 games, 418059 moves, e=0.586, loss: 45219.7, -, 41.5% elo% vs. random_no_suicide, avg. reward: 36.060, 2.813 sec/game, 18.1 min. total, 471.7 MB
untrimmed_irate v8 505 games, 418901 moves, e=0.585, loss: 45958.7, -, 39.6% elo% vs. random_no_suicide, avg. reward: 36.028, 2.761 sec/game, 18.1 min. total, 471.9 MB
untrimmed_irate v8 506 games, 419926 moves, e=0.584, loss: 46299.6, -, 37.9% elo% vs. random_no_suicide, avg. reward: 35.926, 2.792 sec/game, 18.2 min. total, 471.8 MB
untrimmed_irate v8 507 games, 420997 moves, e=0.583, loss: 39497.7, -, 36.3% elo% vs. random_no_suicide, avg. reward: 36.495, 2.838 sec/game, 18.2 min. total, 472.3 MB
untrimmed_irate v8 508 games, 421976 moves, e=0.582, loss: 47725.8, -, 34.8% elo% vs. random_no_suicide, avg. reward: 36.580, 2.860 sec/game, 18.3 min. total, 472.3 MB
untrimmed_irate v8 509 games, 422960 moves, e=0.581, loss: 50399.5, -, 33.3% elo% vs. random_no_suicide, avg. reward: 36.575, 2.794 sec/game, 18.3 min. total, 472.4 MB
untrimmed_irate v8 510 games, 423985 moves, e=0.580, loss: 52011.5, -, 32.0% elo% vs. random_no_suicide, avg. reward: 35.880, 2.773 sec/game, 18.3 min. total, 472.7 MB
untrimmed_irate v8 511 games, 425166 moves, e=0.579, loss: 51277.2, +, 34.8% elo% vs. random_no_suicide, avg. reward: 35.887, 2.773 sec/game, 18.4 min. total, 474.4 MB
untrimmed_irate v8 512 games, 426105 moves, e=0.578, loss: 48132.6, -, 33.3% elo% vs. random_no_suicide, avg. reward: 35.176, 2.746 sec/game, 18.4 min. total, 474.5 MB
untrimmed_irate v8 513 games, 427172 moves, e=0.577, loss: 47900.2, -, 32.0% elo% vs. random_no_suicide, avg. reward: 35.153, 2.714 sec/game, 18.5 min. total, 474.9 MB
untrimmed_irate v8 514 games, 428056 moves, e=0.576, loss: 47349.0, -, 30.7% elo% vs. random_no_suicide, avg. reward: 35.601, 2.722 sec/game, 18.5 min. total, 475.0 MB
untrimmed_irate v8 515 games, 429153 moves, e=0.575, loss: 39688.2, -, 29.5% elo% vs. random_no_suicide, avg. reward: 35.345, 2.726 sec/game, 18.6 min. total, 474.8 MB
untrimmed_irate v8 516 games, 430352 moves, e=0.574, loss: 40910.9, -, 28.4% elo% vs. random_no_suicide, avg. reward: 35.351, 2.753 sec/game, 18.6 min. total, 475.1 MB
