atrophy_happiness v0 0 games, 0 moves, e=1.000, loss: nan,  , 50.0% elo% vs. , avg. reward: nan, nan sec/game, 0.0 min. total, 302.9 MB
atrophy_happiness v1 1 games, 861 moves, e=0.999, loss: nan, +, 52.3% elo% vs. random_bot, avg. reward: 5.844, 0.367 sec/game, 0.0 min. total, 313.0 MB
atrophy_happiness v1 2 games, 1477 moves, e=0.999, loss: nan, +, 54.5% elo% vs. random_bot, avg. reward: 6.757, 0.324 sec/game, 0.0 min. total, 315.4 MB
atrophy_happiness v1 3 games, 2209 moves, e=0.998, loss: nan, +, 56.6% elo% vs. random_bot, avg. reward: 6.780, 0.326 sec/game, 0.0 min. total, 317.6 MB
atrophy_happiness v1 4 games, 2915 moves, e=0.997, loss: nan, +, 58.5% elo% vs. random_bot, avg. reward: 6.777, 0.318 sec/game, 0.0 min. total, 319.6 MB
atrophy_happiness v1 5 games, 3699 moves, e=0.996, loss: nan, +, 60.4% elo% vs. random_bot, avg. reward: 6.451, 0.320 sec/game, 0.0 min. total, 321.1 MB
atrophy_happiness v1 6 games, 4309 moves, e=0.996, loss: nan, +, 62.1% elo% vs. random_bot, avg. reward: 6.584, 0.309 sec/game, 0.0 min. total, 323.0 MB
atrophy_happiness v1 7 games, 5036 moves, e=0.995, loss: nan, +, 63.7% elo% vs. random_bot, avg. reward: 6.460, 0.310 sec/game, 0.0 min. total, 325.3 MB
atrophy_happiness v1 8 games, 5840 moves, e=0.994, loss: nan, +, 65.2% elo% vs. random_bot, avg. reward: 6.458, 0.314 sec/game, 0.0 min. total, 327.3 MB
atrophy_happiness v1 9 games, 6507 moves, e=0.994, loss: nan, +, 66.7% elo% vs. random_bot, avg. reward: 6.559, 0.323 sec/game, 0.0 min. total, 329.1 MB
atrophy_happiness v1 10 games, 7174 moves, e=0.993, loss: nan, +, 68.0% elo% vs. random_bot, avg. reward: 6.547, 0.319 sec/game, 0.1 min. total, 331.3 MB
atrophy_happiness v1 11 games, 7990 moves, e=0.992, loss: nan, +, 69.3% elo% vs. random_bot, avg. reward: 6.413, 0.324 sec/game, 0.1 min. total, 333.1 MB
atrophy_happiness v1 12 games, 8625 moves, e=0.991, loss: nan, +, 70.5% elo% vs. random_bot, avg. reward: 6.392, 0.320 sec/game, 0.1 min. total, 334.9 MB
atrophy_happiness v2 13 games, 9303 moves, e=0.991, loss: nan, ., 52.2% elo% vs. guard_bot, avg. reward: 6.416, 0.322 sec/game, 0.1 min. total, 396.0 MB
atrophy_happiness v2 14 games, 10081 moves, e=0.990, loss: nan, +, 54.4% elo% vs. guard_bot, avg. reward: 6.376, 0.322 sec/game, 0.1 min. total, 397.6 MB
atrophy_happiness v2 15 games, 10774 moves, e=0.989, loss: 23.1, ., 54.2% elo% vs. guard_bot, avg. reward: 6.371, 0.415 sec/game, 0.1 min. total, 417.1 MB
atrophy_happiness v2 16 games, 11597 moves, e=0.989, loss: 22.2, +, 56.3% elo% vs. guard_bot, avg. reward: 6.327, 0.483 sec/game, 0.1 min. total, 418.8 MB
atrophy_happiness v2 17 games, 12343 moves, e=0.988, loss: 21.4, ., 56.0% elo% vs. guard_bot, avg. reward: 6.331, 0.540 sec/game, 0.2 min. total, 419.7 MB
atrophy_happiness v2 18 games, 13105 moves, e=0.987, loss: 20.6, ., 55.7% elo% vs. guard_bot, avg. reward: 6.330, 0.594 sec/game, 0.2 min. total, 420.0 MB
atrophy_happiness v2 19 games, 13788 moves, e=0.986, loss: 20.4, ., 55.5% elo% vs. guard_bot, avg. reward: 6.300, 0.631 sec/game, 0.2 min. total, 419.7 MB
atrophy_happiness v2 20 games, 14563 moves, e=0.986, loss: 20.1, ., 55.2% elo% vs. guard_bot, avg. reward: 6.302, 0.676 sec/game, 0.2 min. total, 420.1 MB
atrophy_happiness v2 21 games, 15295 moves, e=0.985, loss: 20.6, ., 55.0% elo% vs. guard_bot, avg. reward: 6.337, 0.732 sec/game, 0.3 min. total, 420.2 MB
atrophy_happiness v2 22 games, 15964 moves, e=0.984, loss: 20.2, ., 54.7% elo% vs. guard_bot, avg. reward: 6.369, 0.780 sec/game, 0.3 min. total, 420.3 MB
atrophy_happiness v2 23 games, 16719 moves, e=0.983, loss: 21.9, ., 54.5% elo% vs. guard_bot, avg. reward: 6.348, 0.845 sec/game, 0.3 min. total, 421.0 MB
atrophy_happiness v2 24 games, 17519 moves, e=0.983, loss: 22.6, ., 54.3% elo% vs. guard_bot, avg. reward: 6.345, 0.915 sec/game, 0.3 min. total, 421.0 MB
atrophy_happiness v2 25 games, 18241 moves, e=0.982, loss: 23.4, ., 54.1% elo% vs. guard_bot, avg. reward: 6.350, 0.975 sec/game, 0.4 min. total, 421.1 MB
atrophy_happiness v2 26 games, 18929 moves, e=0.981, loss: 23.6, ., 53.9% elo% vs. guard_bot, avg. reward: 6.357, 1.028 sec/game, 0.4 min. total, 421.1 MB
atrophy_happiness v2 27 games, 19679 moves, e=0.981, loss: 24.4, +, 56.0% elo% vs. guard_bot, avg. reward: 6.349, 1.087 sec/game, 0.4 min. total, 421.3 MB
atrophy_happiness v2 28 games, 20451 moves, e=0.980, loss: 25.6, +, 58.0% elo% vs. guard_bot, avg. reward: 6.362, 1.146 sec/game, 0.4 min. total, 422.3 MB
atrophy_happiness v2 29 games, 21137 moves, e=0.979, loss: 26.8, ., 57.7% elo% vs. guard_bot, avg. reward: 6.366, 1.202 sec/game, 0.4 min. total, 424.0 MB
atrophy_happiness v2 30 games, 21894 moves, e=0.978, loss: 28.6, ., 57.3% elo% vs. guard_bot, avg. reward: 6.365, 1.266 sec/game, 0.5 min. total, 424.9 MB
atrophy_happiness v2 31 games, 22638 moves, e=0.978, loss: 29.6, ., 57.0% elo% vs. guard_bot, avg. reward: 6.365, 1.313 sec/game, 0.5 min. total, 427.1 MB
atrophy_happiness v2 32 games, 23423 moves, e=0.977, loss: 31.1, ., 56.7% elo% vs. guard_bot, avg. reward: 6.360, 1.377 sec/game, 0.5 min. total, 429.7 MB
atrophy_happiness v2 33 games, 24127 moves, e=0.976, loss: 31.8, ., 56.4% elo% vs. guard_bot, avg. reward: 6.363, 1.446 sec/game, 0.6 min. total, 430.3 MB
atrophy_happiness v2 34 games, 24741 moves, e=0.976, loss: 33.2, +, 58.3% elo% vs. guard_bot, avg. reward: 6.376, 1.492 sec/game, 0.6 min. total, 430.5 MB
atrophy_happiness v2 35 games, 25384 moves, e=0.975, loss: 32.8, +, 60.2% elo% vs. guard_bot, avg. reward: 6.393, 1.478 sec/game, 0.6 min. total, 430.0 MB
atrophy_happiness v2 36 games, 26096 moves, e=0.974, loss: 33.0, ., 59.7% elo% vs. guard_bot, avg. reward: 6.378, 1.469 sec/game, 0.6 min. total, 430.6 MB
atrophy_happiness v2 37 games, 26759 moves, e=0.974, loss: 33.1, ., 59.3% elo% vs. guard_bot, avg. reward: 6.356, 1.472 sec/game, 0.6 min. total, 430.5 MB
atrophy_happiness v2 38 games, 27479 moves, e=0.973, loss: 34.2, ., 58.9% elo% vs. guard_bot, avg. reward: 6.365, 1.462 sec/game, 0.7 min. total, 430.1 MB
atrophy_happiness v2 39 games, 28200 moves, e=0.972, loss: 35.3, ., 58.5% elo% vs. guard_bot, avg. reward: 6.373, 1.473 sec/game, 0.7 min. total, 430.5 MB
atrophy_happiness v2 40 games, 28904 moves, e=0.971, loss: 37.1, +, 60.3% elo% vs. guard_bot, avg. reward: 6.387, 1.461 sec/game, 0.7 min. total, 430.8 MB
atrophy_happiness v2 41 games, 29599 moves, e=0.971, loss: 39.1, ., 59.9% elo% vs. guard_bot, avg. reward: 6.376, 1.460 sec/game, 0.7 min. total, 430.7 MB
atrophy_happiness v2 42 games, 30460 moves, e=0.970, loss: 39.9, ., 59.4% elo% vs. guard_bot, avg. reward: 6.365, 1.477 sec/game, 0.8 min. total, 431.0 MB
atrophy_happiness v2 43 games, 31111 moves, e=0.969, loss: 40.3, ., 59.0% elo% vs. guard_bot, avg. reward: 6.380, 1.470 sec/game, 0.8 min. total, 430.7 MB
atrophy_happiness v2 44 games, 31837 moves, e=0.968, loss: 42.6, ., 58.6% elo% vs. guard_bot, avg. reward: 6.378, 1.446 sec/game, 0.8 min. total, 432.3 MB
atrophy_happiness v2 45 games, 32546 moves, e=0.968, loss: 44.5, ., 58.2% elo% vs. guard_bot, avg. reward: 6.397, 1.439 sec/game, 0.8 min. total, 432.3 MB
atrophy_happiness v2 46 games, 33110 moves, e=0.967, loss: 43.6, ., 57.9% elo% vs. guard_bot, avg. reward: 6.406, 1.421 sec/game, 0.8 min. total, 434.7 MB
atrophy_happiness v2 47 games, 33907 moves, e=0.966, loss: 45.8, ., 57.5% elo% vs. guard_bot, avg. reward: 6.392, 1.415 sec/game, 0.9 min. total, 434.3 MB
atrophy_happiness v2 48 games, 34707 moves, e=0.966, loss: 49.0, ., 57.2% elo% vs. guard_bot, avg. reward: 6.395, 1.417 sec/game, 0.9 min. total, 436.7 MB
atrophy_happiness v2 49 games, 35360 moves, e=0.965, loss: 49.5, ., 56.8% elo% vs. guard_bot, avg. reward: 6.394, 1.401 sec/game, 0.9 min. total, 437.3 MB
atrophy_happiness v2 50 games, 36052 moves, e=0.964, loss: 48.5, ., 56.5% elo% vs. guard_bot, avg. reward: 6.370, 1.381 sec/game, 0.9 min. total, 438.1 MB
atrophy_happiness v2 51 games, 36801 moves, e=0.964, loss: 51.1, ., 56.2% elo% vs. guard_bot, avg. reward: 6.375, 1.384 sec/game, 1.0 min. total, 438.7 MB
atrophy_happiness v2 52 games, 37496 moves, e=0.963, loss: 50.4, ., 56.0% elo% vs. guard_bot, avg. reward: 6.365, 1.367 sec/game, 1.0 min. total, 438.8 MB
atrophy_happiness v2 53 games, 38177 moves, e=0.962, loss: 49.2, ., 55.7% elo% vs. guard_bot, avg. reward: 6.363, 1.349 sec/game, 1.0 min. total, 439.2 MB
atrophy_happiness v2 54 games, 39013 moves, e=0.961, loss: 50.4, ., 55.4% elo% vs. guard_bot, avg. reward: 6.347, 1.359 sec/game, 1.0 min. total, 439.3 MB
atrophy_happiness v2 55 games, 39807 moves, e=0.961, loss: 51.8, ., 55.2% elo% vs. guard_bot, avg. reward: 6.343, 1.358 sec/game, 1.0 min. total, 440.0 MB
atrophy_happiness v2 56 games, 40644 moves, e=0.960, loss: 53.7, ., 54.9% elo% vs. guard_bot, avg. reward: 6.339, 1.373 sec/game, 1.1 min. total, 440.5 MB
atrophy_happiness v2 57 games, 41330 moves, e=0.959, loss: 52.7, ., 54.7% elo% vs. guard_bot, avg. reward: 6.327, 1.356 sec/game, 1.1 min. total, 440.7 MB
atrophy_happiness v2 58 games, 41984 moves, e=0.958, loss: 55.2, ., 54.5% elo% vs. guard_bot, avg. reward: 6.332, 1.364 sec/game, 1.1 min. total, 441.9 MB
atrophy_happiness v2 59 games, 42786 moves, e=0.958, loss: 58.3, ., 54.3% elo% vs. guard_bot, avg. reward: 6.329, 1.359 sec/game, 1.1 min. total, 443.0 MB
atrophy_happiness v2 60 games, 43609 moves, e=0.957, loss: 56.7, +, 56.4% elo% vs. guard_bot, avg. reward: 6.323, 1.367 sec/game, 1.2 min. total, 443.6 MB
atrophy_happiness v2 61 games, 44222 moves, e=0.956, loss: 56.0, ., 56.1% elo% vs. guard_bot, avg. reward: 6.303, 1.352 sec/game, 1.2 min. total, 445.5 MB
atrophy_happiness v2 62 games, 44985 moves, e=0.955, loss: 55.9, ., 55.8% elo% vs. guard_bot, avg. reward: 6.308, 1.344 sec/game, 1.2 min. total, 445.0 MB
atrophy_happiness v2 63 games, 45758 moves, e=0.955, loss: 59.3, +, 57.8% elo% vs. guard_bot, avg. reward: 6.299, 1.343 sec/game, 1.2 min. total, 445.3 MB
atrophy_happiness v2 64 games, 46505 moves, e=0.954, loss: 61.5, +, 59.7% elo% vs. guard_bot, avg. reward: 6.294, 1.359 sec/game, 1.3 min. total, 445.3 MB
atrophy_happiness v2 65 games, 47180 moves, e=0.953, loss: 62.3, +, 61.5% elo% vs. guard_bot, avg. reward: 6.293, 1.353 sec/game, 1.3 min. total, 445.5 MB
atrophy_happiness v2 66 games, 47963 moves, e=0.953, loss: 66.2, ., 61.0% elo% vs. guard_bot, avg. reward: 6.280, 1.382 sec/game, 1.3 min. total, 445.8 MB
atrophy_happiness v2 67 games, 48615 moves, e=0.952, loss: 66.9, +, 62.7% elo% vs. guard_bot, avg. reward: 6.286, 1.372 sec/game, 1.3 min. total, 446.2 MB
atrophy_happiness v2 68 games, 49398 moves, e=0.951, loss: 68.1, +, 64.3% elo% vs. guard_bot, avg. reward: 6.277, 1.370 sec/game, 1.4 min. total, 446.0 MB
atrophy_happiness v2 69 games, 50213 moves, e=0.950, loss: 67.2, +, 65.8% elo% vs. guard_bot, avg. reward: 6.271, 1.391 sec/game, 1.4 min. total, 446.0 MB
atrophy_happiness v2 70 games, 50950 moves, e=0.950, loss: 70.3, +, 67.2% elo% vs. guard_bot, avg. reward: 6.271, 1.402 sec/game, 1.4 min. total, 446.5 MB
atrophy_happiness v2 71 games, 51681 moves, e=0.949, loss: 69.7, +, 68.5% elo% vs. guard_bot, avg. reward: 6.281, 1.394 sec/game, 1.4 min. total, 446.0 MB
atrophy_happiness v2 72 games, 52440 moves, e=0.948, loss: 70.8, ., 67.7% elo% vs. guard_bot, avg. reward: 6.277, 1.404 sec/game, 1.4 min. total, 446.5 MB
atrophy_happiness v2 73 games, 53196 moves, e=0.947, loss: 69.0, +, 69.0% elo% vs. guard_bot, avg. reward: 6.265, 1.406 sec/game, 1.5 min. total, 446.4 MB
atrophy_happiness v2 74 games, 53960 moves, e=0.947, loss: 68.8, ., 68.3% elo% vs. guard_bot, avg. reward: 6.262, 1.403 sec/game, 1.5 min. total, 446.5 MB
atrophy_happiness v2 75 games, 54775 moves, e=0.946, loss: 66.4, +, 69.5% elo% vs. guard_bot, avg. reward: 6.271, 1.404 sec/game, 1.5 min. total, 448.2 MB
atrophy_happiness v2 76 games, 55429 moves, e=0.945, loss: 65.5, ., 68.8% elo% vs. guard_bot, avg. reward: 6.274, 1.393 sec/game, 1.5 min. total, 447.9 MB
atrophy_happiness v2 77 games, 56158 moves, e=0.944, loss: 63.8, ., 68.0% elo% vs. guard_bot, avg. reward: 6.269, 1.395 sec/game, 1.6 min. total, 448.6 MB
atrophy_happiness v2 78 games, 56857 moves, e=0.944, loss: 64.6, ., 67.3% elo% vs. guard_bot, avg. reward: 6.273, 1.393 sec/game, 1.6 min. total, 448.7 MB
atrophy_happiness v2 79 games, 57492 moves, e=0.943, loss: 65.2, ., 66.6% elo% vs. guard_bot, avg. reward: 6.279, 1.382 sec/game, 1.6 min. total, 448.8 MB
atrophy_happiness v2 80 games, 58265 moves, e=0.942, loss: 66.2, ., 65.9% elo% vs. guard_bot, avg. reward: 6.270, 1.382 sec/game, 1.6 min. total, 448.1 MB
atrophy_happiness v2 81 games, 58976 moves, e=0.942, loss: 66.7, ., 65.2% elo% vs. guard_bot, avg. reward: 6.263, 1.384 sec/game, 1.6 min. total, 448.6 MB
atrophy_happiness v2 82 games, 59812 moves, e=0.941, loss: 68.1, +, 66.7% elo% vs. guard_bot, avg. reward: 6.258, 1.395 sec/game, 1.7 min. total, 448.8 MB
atrophy_happiness v2 83 games, 60538 moves, e=0.940, loss: 73.5, +, 68.0% elo% vs. guard_bot, avg. reward: 6.252, 1.388 sec/game, 1.7 min. total, 448.8 MB
atrophy_happiness v2 84 games, 61216 moves, e=0.939, loss: 68.3, +, 69.3% elo% vs. guard_bot, avg. reward: 6.260, 1.379 sec/game, 1.7 min. total, 448.5 MB
atrophy_happiness v2 85 games, 61955 moves, e=0.939, loss: 74.6, +, 70.5% elo% vs. guard_bot, avg. reward: 6.269, 1.389 sec/game, 1.7 min. total, 448.8 MB
atrophy_happiness v3 86 games, 62567 moves, e=0.938, loss: 73.0, -, 49.9% elo% vs. random_no_suicide, avg. reward: 6.265, 1.360 sec/game, 1.8 min. total, 449.6 MB
atrophy_happiness v3 87 games, 63227 moves, e=0.937, loss: 74.0, -, 47.6% elo% vs. random_no_suicide, avg. reward: 6.270, 1.362 sec/game, 1.8 min. total, 450.7 MB
atrophy_happiness v3 88 games, 63761 moves, e=0.937, loss: 76.1, -, 45.4% elo% vs. random_no_suicide, avg. reward: 6.295, 1.343 sec/game, 1.8 min. total, 451.7 MB
atrophy_happiness v3 89 games, 64501 moves, e=0.936, loss: 78.3, -, 43.4% elo% vs. random_no_suicide, avg. reward: 6.307, 1.325 sec/game, 1.8 min. total, 453.3 MB
atrophy_happiness v3 90 games, 65222 moves, e=0.935, loss: 75.1, -, 41.4% elo% vs. random_no_suicide, avg. reward: 6.309, 1.325 sec/game, 1.8 min. total, 453.3 MB
atrophy_happiness v3 91 games, 65995 moves, e=0.935, loss: 81.8, -, 39.6% elo% vs. random_no_suicide, avg. reward: 6.303, 1.335 sec/game, 1.9 min. total, 452.9 MB
atrophy_happiness v3 92 games, 66774 moves, e=0.934, loss: 82.0, -, 37.8% elo% vs. random_no_suicide, avg. reward: 6.306, 1.336 sec/game, 1.9 min. total, 453.6 MB
atrophy_happiness v3 93 games, 67573 moves, e=0.933, loss: 83.8, -, 36.2% elo% vs. random_no_suicide, avg. reward: 6.302, 1.338 sec/game, 1.9 min. total, 453.5 MB
atrophy_happiness v3 94 games, 68432 moves, e=0.932, loss: 82.7, -, 34.7% elo% vs. random_no_suicide, avg. reward: 6.294, 1.350 sec/game, 1.9 min. total, 453.7 MB
atrophy_happiness v3 95 games, 69147 moves, e=0.932, loss: 81.6, -, 33.3% elo% vs. random_no_suicide, avg. reward: 6.295, 1.351 sec/game, 2.0 min. total, 453.5 MB
atrophy_happiness v3 96 games, 70003 moves, e=0.931, loss: 86.3, -, 31.9% elo% vs. random_no_suicide, avg. reward: 6.287, 1.355 sec/game, 2.0 min. total, 453.6 MB
atrophy_happiness v3 97 games, 70861 moves, e=0.930, loss: 85.1, -, 30.6% elo% vs. random_no_suicide, avg. reward: 6.291, 1.375 sec/game, 2.0 min. total, 453.8 MB
atrophy_happiness v3 98 games, 71704 moves, e=0.929, loss: 88.7, -, 29.5% elo% vs. random_no_suicide, avg. reward: 6.290, 1.386 sec/game, 2.0 min. total, 454.1 MB
atrophy_happiness v3 99 games, 72408 moves, e=0.928, loss: 84.4, -, 28.3% elo% vs. random_no_suicide, avg. reward: 6.275, 1.386 sec/game, 2.1 min. total, 455.9 MB
atrophy_happiness v3 100 games, 73206 moves, e=0.928, loss: 96.6, -, 27.3% elo% vs. random_no_suicide, avg. reward: 6.278, 1.394 sec/game, 2.1 min. total, 456.0 MB
atrophy_happiness v4 101 games, 73913 moves, e=0.927, loss: 97.1, -, 47.7% elo% vs. random_no_suicide, avg. reward: 6.279, 1.404 sec/game, 2.1 min. total, 455.8 MB
atrophy_happiness v4 102 games, 74614 moves, e=0.926, loss: 96.1, -, 45.5% elo% vs. random_no_suicide, avg. reward: 6.265, 1.390 sec/game, 2.1 min. total, 456.2 MB
atrophy_happiness v4 103 games, 75330 moves, e=0.925, loss: 91.7, -, 43.4% elo% vs. random_no_suicide, avg. reward: 6.263, 1.394 sec/game, 2.2 min. total, 456.5 MB
atrophy_happiness v4 104 games, 76274 moves, e=0.924, loss: 96.8, -, 41.5% elo% vs. random_no_suicide, avg. reward: 6.254, 1.411 sec/game, 2.2 min. total, 456.5 MB
atrophy_happiness v4 105 games, 77022 moves, e=0.924, loss: 93.7, -, 39.6% elo% vs. random_no_suicide, avg. reward: 6.258, 1.434 sec/game, 2.2 min. total, 456.1 MB
atrophy_happiness v4 106 games, 77708 moves, e=0.923, loss: 94.8, -, 37.9% elo% vs. random_no_suicide, avg. reward: 6.246, 1.469 sec/game, 2.3 min. total, 456.7 MB
atrophy_happiness v4 107 games, 78582 moves, e=0.922, loss: 92.6, -, 36.3% elo% vs. random_no_suicide, avg. reward: 6.259, 1.498 sec/game, 2.3 min. total, 456.7 MB
atrophy_happiness v4 108 games, 79294 moves, e=0.921, loss: 96.4, -, 34.8% elo% vs. random_no_suicide, avg. reward: 6.259, 1.533 sec/game, 2.3 min. total, 456.6 MB
atrophy_happiness v4 109 games, 80062 moves, e=0.921, loss: 90.0, -, 33.3% elo% vs. random_no_suicide, avg. reward: 6.241, 1.562 sec/game, 2.3 min. total, 457.3 MB
atrophy_happiness v4 110 games, 80885 moves, e=0.920, loss: 93.9, -, 32.0% elo% vs. random_no_suicide, avg. reward: 6.237, 1.578 sec/game, 2.4 min. total, 458.3 MB
atrophy_happiness v4 111 games, 81595 moves, e=0.919, loss: 98.8, -, 30.7% elo% vs. random_no_suicide, avg. reward: 6.248, 1.593 sec/game, 2.4 min. total, 458.4 MB
atrophy_happiness v4 112 games, 82406 moves, e=0.918, loss: 104.6, -, 29.5% elo% vs. random_no_suicide, avg. reward: 6.250, 1.604 sec/game, 2.4 min. total, 458.0 MB
atrophy_happiness v4 113 games, 83090 moves, e=0.918, loss: 105.0, -, 28.4% elo% vs. random_no_suicide, avg. reward: 6.250, 1.617 sec/game, 2.5 min. total, 458.5 MB
atrophy_happiness v4 114 games, 83830 moves, e=0.917, loss: 104.4, -, 27.3% elo% vs. random_no_suicide, avg. reward: 6.241, 1.607 sec/game, 2.5 min. total, 458.3 MB
atrophy_happiness v4 115 games, 84498 moves, e=0.916, loss: 105.2, -, 26.4% elo% vs. random_no_suicide, avg. reward: 6.239, 1.614 sec/game, 2.5 min. total, 458.9 MB
atrophy_happiness v4 116 games, 85314 moves, e=0.916, loss: 101.7, -, 25.4% elo% vs. random_no_suicide, avg. reward: 6.247, 1.626 sec/game, 2.5 min. total, 458.9 MB
atrophy_happiness v4 117 games, 86058 moves, e=0.915, loss: 106.7, -, 24.5% elo% vs. random_no_suicide, avg. reward: 6.246, 1.624 sec/game, 2.6 min. total, 458.9 MB
atrophy_happiness v4 118 games, 86850 moves, e=0.914, loss: 101.6, -, 23.7% elo% vs. random_no_suicide, avg. reward: 6.244, 1.626 sec/game, 2.6 min. total, 458.7 MB
atrophy_happiness v4 119 games, 87528 moves, e=0.913, loss: 100.8, -, 22.9% elo% vs. random_no_suicide, avg. reward: 6.252, 1.641 sec/game, 2.6 min. total, 459.1 MB
atrophy_happiness v4 120 games, 88300 moves, e=0.913, loss: 113.3, -, 22.2% elo% vs. random_no_suicide, avg. reward: 6.249, 1.647 sec/game, 2.6 min. total, 460.3 MB
atrophy_happiness v4 121 games, 89011 moves, e=0.912, loss: 118.3, -, 21.5% elo% vs. random_no_suicide, avg. reward: 6.230, 1.667 sec/game, 2.7 min. total, 460.5 MB
atrophy_happiness v4 122 games, 89662 moves, e=0.911, loss: 120.9, -, 20.8% elo% vs. random_no_suicide, avg. reward: 6.215, 1.668 sec/game, 2.7 min. total, 460.6 MB
atrophy_happiness v4 123 games, 90337 moves, e=0.911, loss: 124.1, -, 20.2% elo% vs. random_no_suicide, avg. reward: 6.223, 1.670 sec/game, 2.7 min. total, 460.7 MB
atrophy_happiness v4 124 games, 91065 moves, e=0.910, loss: 121.2, -, 19.6% elo% vs. random_no_suicide, avg. reward: 6.225, 1.670 sec/game, 2.7 min. total, 461.0 MB
atrophy_happiness v4 125 games, 91804 moves, e=0.909, loss: 125.9, -, 19.1% elo% vs. random_no_suicide, avg. reward: 6.231, 1.660 sec/game, 2.8 min. total, 460.9 MB
atrophy_happiness v4 126 games, 92557 moves, e=0.908, loss: 124.3, -, 18.5% elo% vs. random_no_suicide, avg. reward: 6.233, 1.660 sec/game, 2.8 min. total, 461.3 MB
atrophy_happiness v4 127 games, 93299 moves, e=0.908, loss: 122.9, -, 18.0% elo% vs. random_no_suicide, avg. reward: 6.237, 1.645 sec/game, 2.8 min. total, 461.6 MB
atrophy_happiness v4 128 games, 94063 moves, e=0.907, loss: 123.0, -, 17.5% elo% vs. random_no_suicide, avg. reward: 6.245, 1.639 sec/game, 2.9 min. total, 461.7 MB
atrophy_happiness v4 129 games, 94756 moves, e=0.906, loss: 118.9, -, 17.1% elo% vs. random_no_suicide, avg. reward: 6.250, 1.633 sec/game, 2.9 min. total, 461.7 MB
atrophy_happiness v4 130 games, 95401 moves, e=0.906, loss: 120.6, -, 16.6% elo% vs. random_no_suicide, avg. reward: 6.249, 1.620 sec/game, 2.9 min. total, 462.2 MB
atrophy_happiness v4 131 games, 96266 moves, e=0.905, loss: 122.3, -, 16.2% elo% vs. random_no_suicide, avg. reward: 6.235, 1.635 sec/game, 2.9 min. total, 462.3 MB
atrophy_happiness v4 132 games, 96981 moves, e=0.904, loss: 133.1, -, 15.8% elo% vs. random_no_suicide, avg. reward: 6.234, 1.628 sec/game, 3.0 min. total, 463.0 MB
atrophy_happiness v4 133 games, 97658 moves, e=0.903, loss: 125.0, -, 15.4% elo% vs. random_no_suicide, avg. reward: 6.243, 1.611 sec/game, 3.0 min. total, 463.0 MB
atrophy_happiness v4 134 games, 98374 moves, e=0.903, loss: 125.0, -, 15.1% elo% vs. random_no_suicide, avg. reward: 6.245, 1.620 sec/game, 3.0 min. total, 463.2 MB
atrophy_happiness v4 135 games, 99002 moves, e=0.902, loss: 130.7, -, 14.7% elo% vs. random_no_suicide, avg. reward: 6.239, 1.616 sec/game, 3.0 min. total, 463.0 MB
atrophy_happiness v4 136 games, 99636 moves, e=0.901, loss: 133.4, -, 14.4% elo% vs. random_no_suicide, avg. reward: 6.240, 1.598 sec/game, 3.1 min. total, 463.4 MB
atrophy_happiness v4 137 games, 100530 moves, e=0.900, loss: 135.7, -, 14.0% elo% vs. random_no_suicide, avg. reward: 6.241, 1.613 sec/game, 3.1 min. total, 463.4 MB
atrophy_happiness v4 138 games, 101346 moves, e=0.900, loss: 131.5, -, 13.7% elo% vs. random_no_suicide, avg. reward: 6.233, 1.615 sec/game, 3.1 min. total, 463.7 MB
atrophy_happiness v4 139 games, 102152 moves, e=0.899, loss: 129.3, -, 13.4% elo% vs. random_no_suicide, avg. reward: 6.227, 1.632 sec/game, 3.2 min. total, 463.6 MB
atrophy_happiness v4 140 games, 102827 moves, e=0.898, loss: 130.0, -, 13.1% elo% vs. random_no_suicide, avg. reward: 6.220, 1.617 sec/game, 3.2 min. total, 463.8 MB
atrophy_happiness v4 141 games, 103555 moves, e=0.897, loss: 126.5, -, 12.9% elo% vs. random_no_suicide, avg. reward: 6.228, 1.613 sec/game, 3.2 min. total, 464.0 MB
atrophy_happiness v4 142 games, 104361 moves, e=0.897, loss: 121.2, -, 12.6% elo% vs. random_no_suicide, avg. reward: 6.234, 1.642 sec/game, 3.2 min. total, 464.9 MB
atrophy_happiness v4 143 games, 105169 moves, e=0.896, loss: 127.7, -, 12.4% elo% vs. random_no_suicide, avg. reward: 6.226, 1.663 sec/game, 3.3 min. total, 464.6 MB
atrophy_happiness v4 144 games, 105996 moves, e=0.895, loss: 127.6, -, 12.1% elo% vs. random_no_suicide, avg. reward: 6.229, 1.682 sec/game, 3.3 min. total, 464.3 MB
atrophy_happiness v4 145 games, 106764 moves, e=0.894, loss: 127.9, -, 11.9% elo% vs. random_no_suicide, avg. reward: 6.216, 1.688 sec/game, 3.3 min. total, 464.9 MB
atrophy_happiness v4 146 games, 107580 moves, e=0.893, loss: 129.2, -, 11.7% elo% vs. random_no_suicide, avg. reward: 6.209, 1.689 sec/game, 3.4 min. total, 464.0 MB
atrophy_happiness v4 147 games, 108315 moves, e=0.893, loss: 122.7, -, 11.4% elo% vs. random_no_suicide, avg. reward: 6.215, 1.731 sec/game, 3.4 min. total, 464.9 MB
