banner_lazy v0 0 games, 0 moves, e=1.000, loss: nan,  , 50.0% elo% vs. , avg. reward: nan, nan sec/game, 0.0 min. total, 310.3 MB
banner_lazy v1 1 games, 727 moves, e=0.999, loss: nan, +, 52.3% elo% vs. random_bot, avg. reward: 0.278, 0.313 sec/game, 0.0 min. total, 318.4 MB
banner_lazy v1 2 games, 1382 moves, e=0.999, loss: nan, +, 54.5% elo% vs. random_bot, avg. reward: 0.166, 0.271 sec/game, 0.0 min. total, 321.1 MB
banner_lazy v1 3 games, 2105 moves, e=0.998, loss: nan, +, 56.6% elo% vs. random_bot, avg. reward: 0.165, 0.258 sec/game, 0.0 min. total, 323.4 MB
banner_lazy v1 4 games, 2798 moves, e=0.997, loss: nan, +, 58.5% elo% vs. random_bot, avg. reward: 0.128, 0.249 sec/game, 0.0 min. total, 326.9 MB
banner_lazy v1 5 games, 3502 moves, e=0.997, loss: nan, +, 60.4% elo% vs. random_bot, avg. reward: 0.119, 0.260 sec/game, 0.0 min. total, 329.6 MB
banner_lazy v1 6 games, 4165 moves, e=0.996, loss: nan, +, 62.1% elo% vs. random_bot, avg. reward: 0.129, 0.257 sec/game, 0.0 min. total, 332.4 MB
banner_lazy v1 7 games, 4857 moves, e=0.995, loss: nan, +, 63.7% elo% vs. random_bot, avg. reward: 0.128, 0.261 sec/game, 0.0 min. total, 335.3 MB
banner_lazy v1 8 games, 5466 moves, e=0.995, loss: nan, +, 65.2% elo% vs. random_bot, avg. reward: 0.136, 0.273 sec/game, 0.0 min. total, 338.8 MB
banner_lazy v1 9 games, 6224 moves, e=0.994, loss: nan, +, 66.7% elo% vs. random_bot, avg. reward: 0.129, 0.274 sec/game, 0.0 min. total, 342.2 MB
banner_lazy v1 10 games, 6789 moves, e=0.993, loss: nan, +, 68.0% elo% vs. random_bot, avg. reward: 0.136, 0.265 sec/game, 0.0 min. total, 344.8 MB
banner_lazy v1 11 games, 7488 moves, e=0.993, loss: nan, +, 69.3% elo% vs. random_bot, avg. reward: 0.134, 0.262 sec/game, 0.0 min. total, 347.6 MB
banner_lazy v1 12 games, 8153 moves, e=0.992, loss: nan, +, 70.5% elo% vs. random_bot, avg. reward: 0.138, 0.258 sec/game, 0.1 min. total, 349.5 MB
banner_lazy v2 13 games, 8807 moves, e=0.991, loss: nan, +, 54.5% elo% vs. guard_bot, avg. reward: 0.145, 0.254 sec/game, 0.1 min. total, 417.5 MB
banner_lazy v2 14 games, 9579 moves, e=0.991, loss: nan, +, 56.6% elo% vs. guard_bot, avg. reward: 0.137, 0.255 sec/game, 0.1 min. total, 421.5 MB
banner_lazy v2 15 games, 10230 moves, e=0.990, loss: 0.1, ., 56.3% elo% vs. guard_bot, avg. reward: 0.134, 0.310 sec/game, 0.1 min. total, 447.7 MB
banner_lazy v2 16 games, 10974 moves, e=0.989, loss: 0.1, ., 56.0% elo% vs. guard_bot, avg. reward: 0.135, 0.417 sec/game, 0.1 min. total, 451.3 MB
banner_lazy v2 17 games, 11725 moves, e=0.988, loss: 0.1, ., 55.7% elo% vs. guard_bot, avg. reward: 0.135, 0.512 sec/game, 0.1 min. total, 453.5 MB
banner_lazy v2 18 games, 12540 moves, e=0.988, loss: 0.1, ., 55.4% elo% vs. guard_bot, avg. reward: 0.132, 0.605 sec/game, 0.2 min. total, 455.2 MB
banner_lazy v2 19 games, 13204 moves, e=0.987, loss: 0.1, +, 57.5% elo% vs. guard_bot, avg. reward: 0.130, 0.680 sec/game, 0.2 min. total, 454.7 MB
banner_lazy v2 20 games, 13814 moves, e=0.986, loss: 0.1, +, 59.4% elo% vs. guard_bot, avg. reward: 0.134, 0.716 sec/game, 0.2 min. total, 454.8 MB
banner_lazy v2 21 games, 14578 moves, e=0.986, loss: 0.1, +, 61.2% elo% vs. guard_bot, avg. reward: 0.133, 0.809 sec/game, 0.3 min. total, 454.8 MB
banner_lazy v2 22 games, 15220 moves, e=0.985, loss: 0.1, ., 60.7% elo% vs. guard_bot, avg. reward: 0.128, 0.883 sec/game, 0.3 min. total, 455.4 MB
banner_lazy v2 23 games, 15918 moves, e=0.984, loss: 0.1, +, 62.4% elo% vs. guard_bot, avg. reward: 0.129, 0.991 sec/game, 0.3 min. total, 455.2 MB
banner_lazy v2 24 games, 16656 moves, e=0.984, loss: 0.1, ., 61.8% elo% vs. guard_bot, avg. reward: 0.132, 1.081 sec/game, 0.4 min. total, 456.3 MB
banner_lazy v2 25 games, 17282 moves, e=0.983, loss: 0.1, ., 61.3% elo% vs. guard_bot, avg. reward: 0.129, 1.149 sec/game, 0.4 min. total, 457.0 MB
banner_lazy v2 26 games, 17923 moves, e=0.982, loss: 0.1, +, 63.0% elo% vs. guard_bot, avg. reward: 0.131, 1.218 sec/game, 0.4 min. total, 457.3 MB
banner_lazy v2 27 games, 18701 moves, e=0.981, loss: 0.1, +, 64.6% elo% vs. guard_bot, avg. reward: 0.130, 1.310 sec/game, 0.5 min. total, 457.3 MB
banner_lazy v2 28 games, 19446 moves, e=0.981, loss: 0.1, ., 64.0% elo% vs. guard_bot, avg. reward: 0.130, 1.375 sec/game, 0.5 min. total, 458.5 MB
banner_lazy v2 29 games, 20138 moves, e=0.980, loss: 0.1, ., 63.4% elo% vs. guard_bot, avg. reward: 0.130, 1.482 sec/game, 0.5 min. total, 459.5 MB
banner_lazy v2 30 games, 20832 moves, e=0.979, loss: 0.1, +, 64.9% elo% vs. guard_bot, avg. reward: 0.127, 1.568 sec/game, 0.6 min. total, 461.3 MB
banner_lazy v2 31 games, 21492 moves, e=0.979, loss: 0.1, +, 66.4% elo% vs. guard_bot, avg. reward: 0.125, 1.635 sec/game, 0.6 min. total, 462.2 MB
banner_lazy v2 32 games, 22347 moves, e=0.978, loss: 0.1, +, 67.7% elo% vs. guard_bot, avg. reward: 0.124, 1.744 sec/game, 0.6 min. total, 464.7 MB
banner_lazy v2 33 games, 23123 moves, e=0.977, loss: 0.1, +, 69.0% elo% vs. guard_bot, avg. reward: 0.125, 1.842 sec/game, 0.7 min. total, 467.0 MB
banner_lazy v2 34 games, 23826 moves, e=0.976, loss: 0.1, ., 68.3% elo% vs. guard_bot, avg. reward: 0.127, 1.932 sec/game, 0.7 min. total, 466.9 MB
banner_lazy v2 35 games, 24557 moves, e=0.976, loss: 0.1, +, 69.5% elo% vs. guard_bot, avg. reward: 0.126, 1.975 sec/game, 0.7 min. total, 466.4 MB
banner_lazy v2 36 games, 25215 moves, e=0.975, loss: 0.1, +, 70.7% elo% vs. guard_bot, avg. reward: 0.126, 1.954 sec/game, 0.8 min. total, 466.6 MB
banner_lazy v3 37 games, 25813 moves, e=0.974, loss: 0.1, -, 49.9% elo% vs. random_no_suicide, avg. reward: 0.127, 1.923 sec/game, 0.8 min. total, 466.8 MB
banner_lazy v3 38 games, 26529 moves, e=0.974, loss: 0.1, -, 47.6% elo% vs. random_no_suicide, avg. reward: 0.124, 1.901 sec/game, 0.8 min. total, 468.1 MB
banner_lazy v3 39 games, 27334 moves, e=0.973, loss: 0.1, +, 50.0% elo% vs. random_no_suicide, avg. reward: 0.124, 1.886 sec/game, 0.8 min. total, 473.3 MB
banner_lazy v3 40 games, 28009 moves, e=0.972, loss: 0.1, +, 52.3% elo% vs. random_no_suicide, avg. reward: 0.122, 1.892 sec/game, 0.9 min. total, 469.5 MB
banner_lazy v3 41 games, 28577 moves, e=0.972, loss: 0.1, +, 54.5% elo% vs. random_no_suicide, avg. reward: 0.120, 1.855 sec/game, 0.9 min. total, 475.1 MB
banner_lazy v3 42 games, 29475 moves, e=0.971, loss: 0.1, +, 56.6% elo% vs. random_no_suicide, avg. reward: 0.121, 1.870 sec/game, 0.9 min. total, 474.5 MB
banner_lazy v3 43 games, 30243 moves, e=0.970, loss: 0.1, +, 58.5% elo% vs. random_no_suicide, avg. reward: 0.125, 1.841 sec/game, 1.0 min. total, 474.5 MB
banner_lazy v3 44 games, 30953 moves, e=0.969, loss: 0.1, +, 60.4% elo% vs. random_no_suicide, avg. reward: 0.127, 1.814 sec/game, 1.0 min. total, 474.8 MB
banner_lazy v3 45 games, 31685 moves, e=0.969, loss: 0.2, +, 62.1% elo% vs. random_no_suicide, avg. reward: 0.128, 1.819 sec/game, 1.0 min. total, 474.6 MB
banner_lazy v3 46 games, 32390 moves, e=0.968, loss: 0.2, +, 63.7% elo% vs. random_no_suicide, avg. reward: 0.127, 1.824 sec/game, 1.0 min. total, 474.4 MB
banner_lazy v3 47 games, 33208 moves, e=0.967, loss: 0.2, +, 65.3% elo% vs. random_no_suicide, avg. reward: 0.130, 1.805 sec/game, 1.1 min. total, 474.8 MB
banner_lazy v3 48 games, 33851 moves, e=0.966, loss: 0.2, +, 66.7% elo% vs. random_no_suicide, avg. reward: 0.129, 1.796 sec/game, 1.1 min. total, 475.0 MB
banner_lazy v3 49 games, 34580 moves, e=0.966, loss: 0.2, +, 68.0% elo% vs. random_no_suicide, avg. reward: 0.129, 1.762 sec/game, 1.1 min. total, 479.0 MB
banner_lazy v3 50 games, 35371 moves, e=0.965, loss: 0.2, +, 69.3% elo% vs. random_no_suicide, avg. reward: 0.129, 1.756 sec/game, 1.2 min. total, 477.1 MB
banner_lazy v3 51 games, 36097 moves, e=0.964, loss: 0.2, +, 70.5% elo% vs. random_no_suicide, avg. reward: 0.128, 1.765 sec/game, 1.2 min. total, 478.9 MB
banner_lazy v4 52 games, 36748 moves, e=0.964, loss: 0.2, -, 49.9% elo% vs. simple_bot, avg. reward: 0.128, 1.716 sec/game, 1.2 min. total, 479.0 MB
banner_lazy v4 53 games, 37358 moves, e=0.963, loss: 0.2, -, 47.6% elo% vs. simple_bot, avg. reward: 0.128, 1.668 sec/game, 1.2 min. total, 478.9 MB
banner_lazy v4 54 games, 38174 moves, e=0.962, loss: 0.2, -, 45.4% elo% vs. simple_bot, avg. reward: 0.128, 1.668 sec/game, 1.3 min. total, 479.1 MB
banner_lazy v4 55 games, 38814 moves, e=0.962, loss: 0.2, -, 43.4% elo% vs. simple_bot, avg. reward: 0.128, 1.644 sec/game, 1.3 min. total, 479.1 MB
banner_lazy v4 56 games, 39548 moves, e=0.961, loss: 0.2, -, 41.4% elo% vs. simple_bot, avg. reward: 0.129, 1.642 sec/game, 1.3 min. total, 479.1 MB
banner_lazy v4 57 games, 40335 moves, e=0.960, loss: 0.2, -, 39.6% elo% vs. simple_bot, avg. reward: 0.127, 1.681 sec/game, 1.3 min. total, 479.4 MB
banner_lazy v4 58 games, 41005 moves, e=0.959, loss: 0.2, -, 37.8% elo% vs. simple_bot, avg. reward: 0.129, 1.670 sec/game, 1.4 min. total, 482.0 MB
banner_lazy v4 59 games, 41737 moves, e=0.959, loss: 0.2, -, 36.2% elo% vs. simple_bot, avg. reward: 0.129, 1.678 sec/game, 1.4 min. total, 482.0 MB
banner_lazy v4 60 games, 42569 moves, e=0.958, loss: 0.2, -, 34.7% elo% vs. simple_bot, avg. reward: 0.133, 1.693 sec/game, 1.4 min. total, 482.0 MB
banner_lazy v4 61 games, 43292 moves, e=0.957, loss: 0.3, -, 33.3% elo% vs. simple_bot, avg. reward: 0.135, 1.706 sec/game, 1.5 min. total, 481.8 MB
banner_lazy v4 62 games, 44105 moves, e=0.956, loss: 0.3, -, 31.9% elo% vs. simple_bot, avg. reward: 0.134, 1.696 sec/game, 1.5 min. total, 481.9 MB
banner_lazy v4 63 games, 44932 moves, e=0.956, loss: 0.3, -, 30.6% elo% vs. simple_bot, avg. reward: 0.134, 1.705 sec/game, 1.5 min. total, 481.8 MB
banner_lazy v4 64 games, 45737 moves, e=0.955, loss: 0.4, -, 29.5% elo% vs. simple_bot, avg. reward: 0.133, 1.720 sec/game, 1.6 min. total, 481.9 MB
banner_lazy v4 65 games, 46406 moves, e=0.954, loss: 0.4, -, 28.3% elo% vs. simple_bot, avg. reward: 0.134, 1.706 sec/game, 1.6 min. total, 482.4 MB
banner_lazy v4 66 games, 47219 moves, e=0.953, loss: 0.4, -, 27.3% elo% vs. simple_bot, avg. reward: 0.134, 1.719 sec/game, 1.6 min. total, 482.4 MB
banner_lazy v4 67 games, 48049 moves, e=0.952, loss: 0.4, -, 26.3% elo% vs. simple_bot, avg. reward: 0.134, 1.738 sec/game, 1.6 min. total, 482.5 MB
banner_lazy v4 68 games, 48874 moves, e=0.952, loss: 0.5, -, 25.4% elo% vs. simple_bot, avg. reward: 0.135, 1.754 sec/game, 1.7 min. total, 482.7 MB
banner_lazy v4 69 games, 49663 moves, e=0.951, loss: 0.5, -, 24.5% elo% vs. simple_bot, avg. reward: 0.136, 1.757 sec/game, 1.7 min. total, 482.7 MB
banner_lazy v4 70 games, 50478 moves, e=0.950, loss: 0.5, -, 23.7% elo% vs. simple_bot, avg. reward: 0.136, 1.772 sec/game, 1.7 min. total, 482.8 MB
banner_lazy v4 71 games, 51344 moves, e=0.949, loss: 0.5, -, 22.9% elo% vs. simple_bot, avg. reward: 0.137, 1.787 sec/game, 1.8 min. total, 483.5 MB
banner_lazy v4 72 games, 52054 moves, e=0.948, loss: 0.5, -, 22.2% elo% vs. simple_bot, avg. reward: 0.136, 1.792 sec/game, 1.8 min. total, 484.4 MB
banner_lazy v4 73 games, 52843 moves, e=0.948, loss: 0.5, -, 21.5% elo% vs. simple_bot, avg. reward: 0.136, 1.827 sec/game, 1.8 min. total, 484.3 MB
banner_lazy v4 74 games, 53562 moves, e=0.947, loss: 0.6, -, 20.8% elo% vs. simple_bot, avg. reward: 0.136, 1.812 sec/game, 1.9 min. total, 484.4 MB
banner_lazy v4 75 games, 54267 moves, e=0.946, loss: 0.6, -, 20.2% elo% vs. simple_bot, avg. reward: 0.135, 1.814 sec/game, 1.9 min. total, 484.4 MB
banner_lazy v4 76 games, 54992 moves, e=0.946, loss: 0.6, -, 19.6% elo% vs. simple_bot, avg. reward: 0.135, 1.826 sec/game, 1.9 min. total, 484.7 MB
banner_lazy v4 77 games, 55732 moves, e=0.945, loss: 0.6, -, 19.0% elo% vs. simple_bot, avg. reward: 0.135, 1.804 sec/game, 1.9 min. total, 484.7 MB
banner_lazy v4 78 games, 56551 moves, e=0.944, loss: 0.6, -, 18.5% elo% vs. simple_bot, avg. reward: 0.134, 1.818 sec/game, 2.0 min. total, 484.7 MB
banner_lazy v4 79 games, 57266 moves, e=0.943, loss: 0.6, -, 18.0% elo% vs. simple_bot, avg. reward: 0.133, 1.813 sec/game, 2.0 min. total, 484.7 MB
banner_lazy v4 80 games, 57938 moves, e=0.943, loss: 0.5, -, 17.5% elo% vs. simple_bot, avg. reward: 0.133, 1.798 sec/game, 2.0 min. total, 486.0 MB
banner_lazy v4 81 games, 58691 moves, e=0.942, loss: 0.6, -, 17.0% elo% vs. simple_bot, avg. reward: 0.132, 1.803 sec/game, 2.1 min. total, 485.7 MB
banner_lazy v4 82 games, 59505 moves, e=0.941, loss: 0.6, -, 16.6% elo% vs. simple_bot, avg. reward: 0.133, 1.802 sec/game, 2.1 min. total, 485.8 MB
banner_lazy v4 83 games, 60290 moves, e=0.940, loss: 0.7, -, 16.2% elo% vs. simple_bot, avg. reward: 0.135, 1.805 sec/game, 2.1 min. total, 485.8 MB
banner_lazy v4 84 games, 60993 moves, e=0.940, loss: 0.7, -, 15.8% elo% vs. simple_bot, avg. reward: 0.135, 1.793 sec/game, 2.2 min. total, 485.8 MB
banner_lazy v4 85 games, 61765 moves, e=0.939, loss: 0.7, -, 15.4% elo% vs. simple_bot, avg. reward: 0.135, 1.811 sec/game, 2.2 min. total, 485.9 MB
banner_lazy v4 86 games, 62578 moves, e=0.938, loss: 0.7, -, 15.0% elo% vs. simple_bot, avg. reward: 0.135, 1.804 sec/game, 2.2 min. total, 486.3 MB
banner_lazy v4 87 games, 63293 moves, e=0.937, loss: 0.7, -, 14.7% elo% vs. simple_bot, avg. reward: 0.134, 1.788 sec/game, 2.2 min. total, 488.5 MB
banner_lazy v4 88 games, 64104 moves, e=0.937, loss: 0.7, -, 14.3% elo% vs. simple_bot, avg. reward: 0.135, 1.788 sec/game, 2.3 min. total, 488.5 MB
banner_lazy v4 89 games, 64946 moves, e=0.936, loss: 0.8, -, 14.0% elo% vs. simple_bot, avg. reward: 0.134, 1.802 sec/game, 2.3 min. total, 488.8 MB
banner_lazy v4 90 games, 65678 moves, e=0.935, loss: 0.7, -, 13.7% elo% vs. simple_bot, avg. reward: 0.134, 1.788 sec/game, 2.3 min. total, 488.7 MB
banner_lazy v4 91 games, 66412 moves, e=0.934, loss: 0.8, -, 13.4% elo% vs. simple_bot, avg. reward: 0.134, 1.763 sec/game, 2.4 min. total, 488.8 MB
banner_lazy v4 92 games, 67271 moves, e=0.933, loss: 0.8, -, 13.1% elo% vs. simple_bot, avg. reward: 0.133, 1.794 sec/game, 2.4 min. total, 488.9 MB
banner_lazy v4 93 games, 68046 moves, e=0.933, loss: 0.8, -, 12.9% elo% vs. simple_bot, avg. reward: 0.134, 1.791 sec/game, 2.4 min. total, 489.8 MB
banner_lazy v4 94 games, 68803 moves, e=0.932, loss: 0.8, -, 12.6% elo% vs. simple_bot, avg. reward: 0.134, 1.798 sec/game, 2.5 min. total, 490.5 MB
banner_lazy v4 95 games, 69477 moves, e=0.931, loss: 0.8, -, 12.3% elo% vs. simple_bot, avg. reward: 0.134, 1.800 sec/game, 2.5 min. total, 490.5 MB
banner_lazy v4 96 games, 70290 moves, e=0.930, loss: 0.8, -, 12.1% elo% vs. simple_bot, avg. reward: 0.135, 1.815 sec/game, 2.5 min. total, 490.5 MB
banner_lazy v4 97 games, 71052 moves, e=0.930, loss: 0.8, -, 11.9% elo% vs. simple_bot, avg. reward: 0.134, 1.819 sec/game, 2.6 min. total, 490.4 MB
banner_lazy v4 98 games, 71788 moves, e=0.929, loss: 0.8, -, 11.6% elo% vs. simple_bot, avg. reward: 0.135, 1.809 sec/game, 2.6 min. total, 490.6 MB
banner_lazy v4 99 games, 72483 moves, e=0.928, loss: 0.8, -, 11.4% elo% vs. simple_bot, avg. reward: 0.134, 1.810 sec/game, 2.6 min. total, 490.4 MB
banner_lazy v4 100 games, 73148 moves, e=0.928, loss: 0.8, -, 11.2% elo% vs. simple_bot, avg. reward: 0.134, 1.814 sec/game, 2.6 min. total, 490.6 MB
banner_lazy v5 101 games, 73848 moves, e=0.927, loss: 0.9, -, 47.7% elo% vs. simple_bot, avg. reward: 0.133, 1.803 sec/game, 2.7 min. total, 491.0 MB
banner_lazy v5 102 games, 74536 moves, e=0.926, loss: 0.9, -, 45.5% elo% vs. simple_bot, avg. reward: 0.134, 1.810 sec/game, 2.7 min. total, 490.7 MB
banner_lazy v5 103 games, 75425 moves, e=0.925, loss: 0.9, -, 43.4% elo% vs. simple_bot, avg. reward: 0.133, 1.814 sec/game, 2.7 min. total, 491.0 MB
banner_lazy v5 104 games, 76112 moves, e=0.925, loss: 0.9, -, 41.5% elo% vs. simple_bot, avg. reward: 0.134, 1.816 sec/game, 2.8 min. total, 490.7 MB
banner_lazy v5 105 games, 76905 moves, e=0.924, loss: 1.0, -, 39.6% elo% vs. simple_bot, avg. reward: 0.135, 1.816 sec/game, 2.8 min. total, 490.7 MB
banner_lazy v5 106 games, 77562 moves, e=0.923, loss: 1.0, -, 37.9% elo% vs. simple_bot, avg. reward: 0.134, 1.801 sec/game, 2.8 min. total, 490.9 MB
banner_lazy v5 107 games, 78357 moves, e=0.922, loss: 1.0, -, 36.3% elo% vs. simple_bot, avg. reward: 0.135, 1.818 sec/game, 2.9 min. total, 490.9 MB
banner_lazy v5 108 games, 79123 moves, e=0.922, loss: 1.0, -, 34.8% elo% vs. simple_bot, avg. reward: 0.133, 1.818 sec/game, 2.9 min. total, 491.5 MB
banner_lazy v5 109 games, 79958 moves, e=0.921, loss: 1.0, -, 33.3% elo% vs. simple_bot, avg. reward: 0.134, 1.808 sec/game, 2.9 min. total, 493.8 MB
banner_lazy v5 110 games, 80642 moves, e=0.920, loss: 0.9, -, 32.0% elo% vs. simple_bot, avg. reward: 0.133, 1.808 sec/game, 2.9 min. total, 493.6 MB
banner_lazy v5 111 games, 81556 moves, e=0.919, loss: 0.8, -, 30.7% elo% vs. simple_bot, avg. reward: 0.135, 1.838 sec/game, 3.0 min. total, 493.9 MB
banner_lazy v5 112 games, 82365 moves, e=0.918, loss: 0.9, -, 29.5% elo% vs. simple_bot, avg. reward: 0.135, 1.824 sec/game, 3.0 min. total, 493.8 MB
banner_lazy v5 113 games, 83272 moves, e=0.918, loss: 0.9, -, 28.4% elo% vs. simple_bot, avg. reward: 0.133, 1.838 sec/game, 3.0 min. total, 493.9 MB
banner_lazy v5 114 games, 83996 moves, e=0.917, loss: 0.9, -, 27.3% elo% vs. simple_bot, avg. reward: 0.135, 1.835 sec/game, 3.1 min. total, 493.7 MB
banner_lazy v5 115 games, 84801 moves, e=0.916, loss: 0.9, -, 26.4% elo% vs. simple_bot, avg. reward: 0.136, 1.853 sec/game, 3.1 min. total, 493.9 MB
banner_lazy v5 116 games, 85523 moves, e=0.915, loss: 0.9, -, 25.4% elo% vs. simple_bot, avg. reward: 0.137, 1.841 sec/game, 3.1 min. total, 495.6 MB
banner_lazy v5 117 games, 86291 moves, e=0.915, loss: 0.9, -, 24.5% elo% vs. simple_bot, avg. reward: 0.137, 1.843 sec/game, 3.2 min. total, 496.1 MB
banner_lazy v5 118 games, 87025 moves, e=0.914, loss: 0.9, -, 23.7% elo% vs. simple_bot, avg. reward: 0.138, 1.842 sec/game, 3.2 min. total, 496.4 MB
banner_lazy v5 119 games, 87756 moves, e=0.913, loss: 0.8, -, 22.9% elo% vs. simple_bot, avg. reward: 0.138, 1.847 sec/game, 3.2 min. total, 496.2 MB
banner_lazy v5 120 games, 88528 moves, e=0.912, loss: 0.8, -, 22.2% elo% vs. simple_bot, avg. reward: 0.137, 1.862 sec/game, 3.3 min. total, 496.1 MB
banner_lazy v5 121 games, 89265 moves, e=0.912, loss: 0.9, -, 21.5% elo% vs. simple_bot, avg. reward: 0.137, 1.874 sec/game, 3.3 min. total, 496.6 MB
banner_lazy v5 122 games, 90035 moves, e=0.911, loss: 0.9, -, 20.8% elo% vs. simple_bot, avg. reward: 0.140, 1.871 sec/game, 3.3 min. total, 496.9 MB
banner_lazy v5 123 games, 90796 moves, e=0.910, loss: 0.9, -, 20.2% elo% vs. simple_bot, avg. reward: 0.141, 1.858 sec/game, 3.4 min. total, 497.1 MB
banner_lazy v5 124 games, 91642 moves, e=0.909, loss: 1.0, -, 19.6% elo% vs. simple_bot, avg. reward: 0.141, 1.876 sec/game, 3.4 min. total, 497.0 MB
banner_lazy v5 125 games, 92432 moves, e=0.908, loss: 0.9, -, 19.1% elo% vs. simple_bot, avg. reward: 0.143, 1.890 sec/game, 3.4 min. total, 497.0 MB
banner_lazy v5 126 games, 93284 moves, e=0.908, loss: 0.9, -, 18.5% elo% vs. simple_bot, avg. reward: 0.142, 1.920 sec/game, 3.5 min. total, 497.2 MB
banner_lazy v5 127 games, 94035 moves, e=0.907, loss: 0.9, -, 18.0% elo% vs. simple_bot, avg. reward: 0.144, 1.911 sec/game, 3.5 min. total, 497.3 MB
banner_lazy v5 128 games, 94971 moves, e=0.906, loss: 1.0, -, 17.5% elo% vs. simple_bot, avg. reward: 0.144, 1.928 sec/game, 3.5 min. total, 497.1 MB
banner_lazy v5 129 games, 95788 moves, e=0.905, loss: 1.0, -, 17.1% elo% vs. simple_bot, avg. reward: 0.144, 1.941 sec/game, 3.6 min. total, 497.3 MB
banner_lazy v5 130 games, 96504 moves, e=0.904, loss: 1.0, -, 16.6% elo% vs. simple_bot, avg. reward: 0.144, 1.931 sec/game, 3.6 min. total, 497.7 MB
banner_lazy v5 131 games, 97203 moves, e=0.904, loss: 1.0, -, 16.2% elo% vs. simple_bot, avg. reward: 0.146, 1.914 sec/game, 3.6 min. total, 497.9 MB
banner_lazy v5 132 games, 97886 moves, e=0.903, loss: 1.0, -, 15.8% elo% vs. simple_bot, avg. reward: 0.148, 1.902 sec/game, 3.6 min. total, 497.7 MB
banner_lazy v5 133 games, 98752 moves, e=0.902, loss: 1.0, -, 15.4% elo% vs. simple_bot, avg. reward: 0.148, 1.902 sec/game, 3.7 min. total, 497.7 MB
banner_lazy v5 134 games, 99552 moves, e=0.901, loss: 0.9, -, 15.1% elo% vs. simple_bot, avg. reward: 0.149, 1.910 sec/game, 3.7 min. total, 498.1 MB
banner_lazy v5 135 games, 100397 moves, e=0.901, loss: 1.0, -, 14.7% elo% vs. simple_bot, avg. reward: 0.150, 1.921 sec/game, 3.7 min. total, 497.9 MB
banner_lazy v5 136 games, 101314 moves, e=0.900, loss: 1.1, -, 14.4% elo% vs. simple_bot, avg. reward: 0.150, 1.936 sec/game, 3.8 min. total, 498.1 MB
banner_lazy v5 137 games, 102148 moves, e=0.899, loss: 1.1, -, 14.0% elo% vs. simple_bot, avg. reward: 0.149, 1.948 sec/game, 3.8 min. total, 498.9 MB
banner_lazy v5 138 games, 102913 moves, e=0.898, loss: 1.1, -, 13.7% elo% vs. simple_bot, avg. reward: 0.151, 1.964 sec/game, 3.8 min. total, 501.4 MB
banner_lazy v5 139 games, 103736 moves, e=0.897, loss: 1.2, -, 13.4% elo% vs. simple_bot, avg. reward: 0.153, 1.967 sec/game, 3.9 min. total, 501.5 MB
banner_lazy v5 140 games, 104559 moves, e=0.896, loss: 1.2, -, 13.1% elo% vs. simple_bot, avg. reward: 0.155, 1.965 sec/game, 3.9 min. total, 501.4 MB
banner_lazy v5 141 games, 105296 moves, e=0.896, loss: 1.3, -, 12.9% elo% vs. simple_bot, avg. reward: 0.156, 1.971 sec/game, 3.9 min. total, 501.5 MB
banner_lazy v5 142 games, 106019 moves, e=0.895, loss: 1.3, -, 12.6% elo% vs. simple_bot, avg. reward: 0.156, 1.971 sec/game, 4.0 min. total, 501.7 MB
banner_lazy v5 143 games, 106812 moves, e=0.894, loss: 1.4, -, 12.4% elo% vs. simple_bot, avg. reward: 0.156, 1.975 sec/game, 4.0 min. total, 501.7 MB
banner_lazy v5 144 games, 107542 moves, e=0.894, loss: 1.4, -, 12.1% elo% vs. simple_bot, avg. reward: 0.157, 1.970 sec/game, 4.0 min. total, 501.6 MB
banner_lazy v5 145 games, 108385 moves, e=0.893, loss: 1.5, -, 11.9% elo% vs. simple_bot, avg. reward: 0.156, 1.959 sec/game, 4.1 min. total, 503.4 MB
banner_lazy v5 146 games, 109209 moves, e=0.892, loss: 1.5, -, 11.7% elo% vs. simple_bot, avg. reward: 0.158, 1.961 sec/game, 4.1 min. total, 503.7 MB
banner_lazy v5 147 games, 109943 moves, e=0.891, loss: 1.4, -, 11.4% elo% vs. simple_bot, avg. reward: 0.156, 1.944 sec/game, 4.1 min. total, 503.3 MB
banner_lazy v5 148 games, 110668 moves, e=0.890, loss: 1.4, -, 11.2% elo% vs. simple_bot, avg. reward: 0.157, 1.926 sec/game, 4.2 min. total, 503.6 MB
banner_lazy v5 149 games, 111468 moves, e=0.890, loss: 1.4, -, 11.0% elo% vs. simple_bot, avg. reward: 0.158, 1.916 sec/game, 4.2 min. total, 503.8 MB
banner_lazy v5 150 games, 112250 moves, e=0.889, loss: 1.5, -, 10.8% elo% vs. simple_bot, avg. reward: 0.158, 1.930 sec/game, 4.2 min. total, 504.2 MB
banner_lazy v5 151 games, 113153 moves, e=0.888, loss: 1.5, -, 10.6% elo% vs. simple_bot, avg. reward: 0.159, 1.960 sec/game, 4.3 min. total, 504.3 MB
banner_lazy v5 152 games, 114045 moves, e=0.887, loss: 1.5, -, 10.4% elo% vs. simple_bot, avg. reward: 0.161, 1.980 sec/game, 4.3 min. total, 504.9 MB
banner_lazy v5 153 games, 114939 moves, e=0.886, loss: 1.5, -, 10.3% elo% vs. simple_bot, avg. reward: 0.162, 1.990 sec/game, 4.3 min. total, 504.5 MB
banner_lazy v5 154 games, 115718 moves, e=0.885, loss: 1.5, -, 10.1% elo% vs. simple_bot, avg. reward: 0.164, 1.998 sec/game, 4.4 min. total, 504.5 MB
banner_lazy v5 155 games, 116476 moves, e=0.885, loss: 1.4, -, 9.9% elo% vs. simple_bot, avg. reward: 0.165, 1.973 sec/game, 4.4 min. total, 504.4 MB
banner_lazy v5 156 games, 117177 moves, e=0.884, loss: 1.4, -, 9.8% elo% vs. simple_bot, avg. reward: 0.164, 1.958 sec/game, 4.4 min. total, 505.2 MB
banner_lazy v5 157 games, 118064 moves, e=0.883, loss: 1.5, -, 9.6% elo% vs. simple_bot, avg. reward: 0.165, 1.964 sec/game, 4.5 min. total, 504.9 MB
banner_lazy v5 158 games, 118882 moves, e=0.882, loss: 1.5, -, 9.5% elo% vs. simple_bot, avg. reward: 0.166, 1.964 sec/game, 4.5 min. total, 505.0 MB
banner_lazy v5 159 games, 119804 moves, e=0.881, loss: 1.5, -, 9.3% elo% vs. simple_bot, avg. reward: 0.168, 1.977 sec/game, 4.5 min. total, 505.1 MB
banner_lazy v5 160 games, 120597 moves, e=0.881, loss: 1.5, -, 9.2% elo% vs. simple_bot, avg. reward: 0.166, 1.990 sec/game, 4.6 min. total, 505.3 MB
banner_lazy v5 161 games, 121313 moves, e=0.880, loss: 1.5, -, 9.0% elo% vs. simple_bot, avg. reward: 0.165, 1.974 sec/game, 4.6 min. total, 505.0 MB
banner_lazy v5 162 games, 122132 moves, e=0.879, loss: 1.5, -, 8.9% elo% vs. simple_bot, avg. reward: 0.166, 1.992 sec/game, 4.6 min. total, 505.1 MB
banner_lazy v5 163 games, 122866 moves, e=0.878, loss: 1.6, -, 8.8% elo% vs. simple_bot, avg. reward: 0.167, 1.974 sec/game, 4.7 min. total, 505.4 MB
banner_lazy v5 164 games, 123710 moves, e=0.878, loss: 1.6, -, 8.6% elo% vs. simple_bot, avg. reward: 0.168, 1.991 sec/game, 4.7 min. total, 505.3 MB
banner_lazy v5 165 games, 124439 moves, e=0.877, loss: 1.5, -, 8.5% elo% vs. simple_bot, avg. reward: 0.169, 1.991 sec/game, 4.7 min. total, 505.4 MB
banner_lazy v5 166 games, 125206 moves, e=0.876, loss: 1.6, -, 8.4% elo% vs. simple_bot, avg. reward: 0.171, 1.976 sec/game, 4.8 min. total, 505.4 MB
banner_lazy v5 167 games, 125944 moves, e=0.875, loss: 1.6, -, 8.3% elo% vs. simple_bot, avg. reward: 0.171, 1.976 sec/game, 4.8 min. total, 506.7 MB
banner_lazy v5 168 games, 126719 moves, e=0.875, loss: 1.6, -, 8.1% elo% vs. simple_bot, avg. reward: 0.172, 1.979 sec/game, 4.8 min. total, 506.7 MB
banner_lazy v5 169 games, 127546 moves, e=0.874, loss: 1.7, -, 8.0% elo% vs. simple_bot, avg. reward: 0.172, 1.993 sec/game, 4.9 min. total, 506.6 MB
banner_lazy v5 170 games, 128328 moves, e=0.873, loss: 1.7, -, 7.9% elo% vs. simple_bot, avg. reward: 0.171, 1.994 sec/game, 4.9 min. total, 506.7 MB
banner_lazy v5 171 games, 129119 moves, e=0.872, loss: 1.6, -, 7.8% elo% vs. simple_bot, avg. reward: 0.171, 1.969 sec/game, 4.9 min. total, 506.9 MB
banner_lazy v5 172 games, 129995 moves, e=0.871, loss: 1.6, -, 7.7% elo% vs. simple_bot, avg. reward: 0.173, 1.978 sec/game, 5.0 min. total, 507.1 MB
banner_lazy v5 173 games, 130849 moves, e=0.870, loss: 1.6, -, 7.6% elo% vs. simple_bot, avg. reward: 0.174, 1.973 sec/game, 5.0 min. total, 507.8 MB
banner_lazy v5 174 games, 131655 moves, e=0.870, loss: 1.6, -, 7.5% elo% vs. simple_bot, avg. reward: 0.176, 1.960 sec/game, 5.0 min. total, 509.2 MB
banner_lazy v5 175 games, 132396 moves, e=0.869, loss: 1.6, -, 7.4% elo% vs. simple_bot, avg. reward: 0.177, 1.972 sec/game, 5.1 min. total, 509.1 MB
banner_lazy v5 176 games, 133192 moves, e=0.868, loss: 1.6, -, 7.3% elo% vs. simple_bot, avg. reward: 0.178, 1.976 sec/game, 5.1 min. total, 509.4 MB
banner_lazy v5 177 games, 134007 moves, e=0.867, loss: 1.6, -, 7.2% elo% vs. simple_bot, avg. reward: 0.179, 1.961 sec/game, 5.1 min. total, 509.3 MB
banner_lazy v5 178 games, 134867 moves, e=0.866, loss: 1.6, -, 7.2% elo% vs. simple_bot, avg. reward: 0.180, 1.973 sec/game, 5.2 min. total, 509.7 MB
banner_lazy v5 179 games, 135631 moves, e=0.866, loss: 1.5, -, 7.1% elo% vs. simple_bot, avg. reward: 0.182, 1.960 sec/game, 5.2 min. total, 509.7 MB
banner_lazy v5 180 games, 136347 moves, e=0.865, loss: 1.4, -, 7.0% elo% vs. simple_bot, avg. reward: 0.183, 1.946 sec/game, 5.2 min. total, 509.7 MB
banner_lazy v5 181 games, 137214 moves, e=0.864, loss: 1.4, -, 6.9% elo% vs. simple_bot, avg. reward: 0.185, 1.965 sec/game, 5.3 min. total, 509.7 MB
banner_lazy v5 182 games, 138054 moves, e=0.863, loss: 1.4, -, 6.8% elo% vs. simple_bot, avg. reward: 0.186, 1.964 sec/game, 5.3 min. total, 510.8 MB
banner_lazy v5 183 games, 138939 moves, e=0.862, loss: 1.5, -, 6.7% elo% vs. simple_bot, avg. reward: 0.187, 1.999 sec/game, 5.3 min. total, 510.7 MB
banner_lazy v5 184 games, 139914 moves, e=0.861, loss: 1.5, -, 6.7% elo% vs. simple_bot, avg. reward: 0.187, 2.022 sec/game, 5.4 min. total, 510.7 MB
banner_lazy v5 185 games, 140752 moves, e=0.861, loss: 1.6, -, 6.6% elo% vs. simple_bot, avg. reward: 0.189, 2.028 sec/game, 5.4 min. total, 511.2 MB
banner_lazy v5 186 games, 141637 moves, e=0.860, loss: 1.5, -, 6.5% elo% vs. simple_bot, avg. reward: 0.190, 2.045 sec/game, 5.4 min. total, 510.9 MB
banner_lazy v5 187 games, 142352 moves, e=0.859, loss: 1.6, -, 6.4% elo% vs. simple_bot, avg. reward: 0.192, 2.056 sec/game, 5.5 min. total, 511.0 MB
banner_lazy v5 188 games, 143212 moves, e=0.858, loss: 1.6, -, 6.4% elo% vs. simple_bot, avg. reward: 0.194, 2.062 sec/game, 5.5 min. total, 511.2 MB
