stack_squall v0 0 games, 0 moves, e=1.000, loss: nan,  , 50.0% elo% vs. , avg. reward: nan, nan sec/game, 0.0 min. total, 312.2 MB
stack_squall v1 1 games, 704 moves, e=0.999, loss: nan, ., 50.0% elo% vs. v0, avg. reward: -4.678, 0.238 sec/game, 0.0 min. total, 315.3 MB
stack_squall v1 2 games, 1394 moves, e=0.999, loss: nan, +, 52.3% elo% vs. v0, avg. reward: -4.993, 0.258 sec/game, 0.0 min. total, 318.0 MB
stack_squall v1 3 games, 2147 moves, e=0.998, loss: nan, -, 49.9% elo% vs. v0, avg. reward: -4.796, 0.249 sec/game, 0.0 min. total, 321.6 MB
stack_squall v1 4 games, 2778 moves, e=0.997, loss: nan, ., 49.9% elo% vs. v0, avg. reward: -5.437, 0.234 sec/game, 0.0 min. total, 324.9 MB
stack_squall v1 5 games, 3513 moves, e=0.997, loss: nan, ., 49.9% elo% vs. v0, avg. reward: -4.963, 0.240 sec/game, 0.0 min. total, 327.9 MB
stack_squall v1 6 games, 4200 moves, e=0.996, loss: nan, -, 47.6% elo% vs. v0, avg. reward: -4.681, 0.233 sec/game, 0.0 min. total, 330.2 MB
stack_squall v1 7 games, 4926 moves, e=0.995, loss: nan, -, 45.4% elo% vs. v0, avg. reward: -4.581, 0.234 sec/game, 0.0 min. total, 334.3 MB
stack_squall v1 8 games, 5687 moves, e=0.994, loss: nan, +, 47.9% elo% vs. v0, avg. reward: -4.039, 0.234 sec/game, 0.0 min. total, 338.2 MB
stack_squall v1 9 games, 6327 moves, e=0.994, loss: nan, +, 50.3% elo% vs. v0, avg. reward: -3.864, 0.230 sec/game, 0.0 min. total, 341.2 MB
stack_squall v1 10 games, 6985 moves, e=0.993, loss: nan, +, 52.6% elo% vs. v0, avg. reward: -3.795, 0.227 sec/game, 0.0 min. total, 344.0 MB
stack_squall v1 11 games, 7631 moves, e=0.992, loss: nan, +, 54.8% elo% vs. v0, avg. reward: -3.970, 0.224 sec/game, 0.0 min. total, 346.4 MB
stack_squall v1 12 games, 8418 moves, e=0.992, loss: nan, -, 52.3% elo% vs. v0, avg. reward: -4.071, 0.227 sec/game, 0.0 min. total, 350.6 MB
stack_squall v1 13 games, 9060 moves, e=0.991, loss: nan, +, 54.5% elo% vs. v0, avg. reward: -4.190, 0.223 sec/game, 0.0 min. total, 354.0 MB
stack_squall v1 14 games, 9717 moves, e=0.990, loss: nan, ., 54.3% elo% vs. v0, avg. reward: -4.062, 0.220 sec/game, 0.1 min. total, 357.1 MB
stack_squall v1 15 games, 10419 moves, e=0.990, loss: 81.6, +, 56.3% elo% vs. v0, avg. reward: -3.736, 0.280 sec/game, 0.1 min. total, 385.2 MB
stack_squall v1 16 games, 11113 moves, e=0.989, loss: 66.5, ., 56.0% elo% vs. v0, avg. reward: -3.797, 0.346 sec/game, 0.1 min. total, 388.3 MB
stack_squall v1 17 games, 11792 moves, e=0.988, loss: 50.0, ., 55.8% elo% vs. v0, avg. reward: -3.893, 0.416 sec/game, 0.1 min. total, 390.9 MB
stack_squall v1 18 games, 12473 moves, e=0.988, loss: 41.4, +, 57.8% elo% vs. v0, avg. reward: -4.082, 0.470 sec/game, 0.1 min. total, 391.4 MB
stack_squall v1 19 games, 13210 moves, e=0.987, loss: 35.9, +, 59.7% elo% vs. v0, avg. reward: -4.094, 0.524 sec/game, 0.2 min. total, 391.7 MB
stack_squall v1 20 games, 13965 moves, e=0.986, loss: 32.7, +, 61.4% elo% vs. v0, avg. reward: -3.661, 0.574 sec/game, 0.2 min. total, 391.9 MB
stack_squall v1 21 games, 14578 moves, e=0.986, loss: 33.0, +, 63.1% elo% vs. v0, avg. reward: -3.887, 0.623 sec/game, 0.2 min. total, 392.1 MB
stack_squall v1 22 games, 15269 moves, e=0.985, loss: 33.3, ., 62.5% elo% vs. v0, avg. reward: -3.757, 0.685 sec/game, 0.2 min. total, 392.1 MB
stack_squall v1 23 games, 16030 moves, e=0.984, loss: 33.2, +, 64.1% elo% vs. v0, avg. reward: -3.748, 0.750 sec/game, 0.3 min. total, 394.4 MB
stack_squall v1 24 games, 16673 moves, e=0.983, loss: 32.5, +, 65.6% elo% vs. v0, avg. reward: -3.875, 0.805 sec/game, 0.3 min. total, 394.7 MB
stack_squall v1 25 games, 17362 moves, e=0.983, loss: 31.5, ., 65.0% elo% vs. v0, avg. reward: -3.918, 0.857 sec/game, 0.3 min. total, 393.4 MB
stack_squall v1 26 games, 18035 moves, e=0.982, loss: 31.7, ., 64.4% elo% vs. v0, avg. reward: -3.743, 0.911 sec/game, 0.3 min. total, 393.8 MB
stack_squall v1 27 games, 18688 moves, e=0.981, loss: 34.3, +, 65.9% elo% vs. v0, avg. reward: -3.652, 0.973 sec/game, 0.4 min. total, 394.6 MB
stack_squall v1 28 games, 19298 moves, e=0.981, loss: 35.6, +, 67.3% elo% vs. v0, avg. reward: -3.759, 1.015 sec/game, 0.4 min. total, 395.8 MB
stack_squall v1 29 games, 19898 moves, e=0.980, loss: 37.2, +, 68.6% elo% vs. v0, avg. reward: -3.830, 1.069 sec/game, 0.4 min. total, 402.0 MB
stack_squall v1 30 games, 20674 moves, e=0.980, loss: 38.5, ., 67.8% elo% vs. v0, avg. reward: -3.724, 1.139 sec/game, 0.4 min. total, 401.5 MB
stack_squall v1 31 games, 21389 moves, e=0.979, loss: 39.1, +, 69.1% elo% vs. v0, avg. reward: -3.740, 1.212 sec/game, 0.4 min. total, 401.2 MB
stack_squall v1 32 games, 22140 moves, e=0.978, loss: 38.3, ., 68.3% elo% vs. v0, avg. reward: -3.716, 1.265 sec/game, 0.5 min. total, 401.4 MB
stack_squall v1 33 games, 22754 moves, e=0.977, loss: 41.0, +, 69.6% elo% vs. v0, avg. reward: -3.834, 1.324 sec/game, 0.5 min. total, 401.8 MB
stack_squall v1 34 games, 23486 moves, e=0.977, loss: 42.4, +, 70.8% elo% vs. v0, avg. reward: -3.804, 1.392 sec/game, 0.5 min. total, 404.0 MB
stack_squall v2 35 games, 24067 moves, e=0.976, loss: 42.1, -, 49.9% elo% vs. v1, avg. reward: -3.823, 1.397 sec/game, 0.5 min. total, 466.3 MB
stack_squall v2 36 games, 24653 moves, e=0.976, loss: 43.1, -, 47.6% elo% vs. v1, avg. reward: -3.926, 1.384 sec/game, 0.6 min. total, 468.8 MB
stack_squall v2 37 games, 25284 moves, e=0.975, loss: 42.5, -, 45.4% elo% vs. v1, avg. reward: -3.991, 1.370 sec/game, 0.6 min. total, 471.3 MB
stack_squall v2 38 games, 26053 moves, e=0.974, loss: 40.6, -, 43.4% elo% vs. v1, avg. reward: -3.860, 1.375 sec/game, 0.6 min. total, 472.4 MB
stack_squall v2 39 games, 26750 moves, e=0.974, loss: 42.0, -, 41.4% elo% vs. v1, avg. reward: -3.668, 1.369 sec/game, 0.6 min. total, 473.9 MB
stack_squall v2 40 games, 27474 moves, e=0.973, loss: 44.1, -, 39.6% elo% vs. v1, avg. reward: -3.698, 1.371 sec/game, 0.6 min. total, 475.9 MB
stack_squall v2 41 games, 28219 moves, e=0.972, loss: 47.7, -, 37.8% elo% vs. v1, avg. reward: -3.685, 1.408 sec/game, 0.7 min. total, 476.0 MB
stack_squall v2 42 games, 28883 moves, e=0.971, loss: 51.2, -, 36.2% elo% vs. v1, avg. reward: -3.695, 1.402 sec/game, 0.7 min. total, 475.9 MB
stack_squall v2 43 games, 29433 moves, e=0.971, loss: 51.8, -, 34.7% elo% vs. v1, avg. reward: -3.799, 1.378 sec/game, 0.7 min. total, 475.9 MB
stack_squall v2 44 games, 30092 moves, e=0.970, loss: 50.1, -, 33.3% elo% vs. v1, avg. reward: -3.858, 1.390 sec/game, 0.7 min. total, 476.4 MB
stack_squall v2 45 games, 30791 moves, e=0.970, loss: 47.4, -, 31.9% elo% vs. v1, avg. reward: -3.880, 1.393 sec/game, 0.8 min. total, 475.8 MB
stack_squall v2 46 games, 31362 moves, e=0.969, loss: 47.0, -, 30.6% elo% vs. v1, avg. reward: -3.934, 1.395 sec/game, 0.8 min. total, 478.8 MB
stack_squall v2 47 games, 32030 moves, e=0.968, loss: 48.5, -, 29.5% elo% vs. v1, avg. reward: -3.941, 1.386 sec/game, 0.8 min. total, 482.1 MB
stack_squall v2 48 games, 32806 moves, e=0.968, loss: 50.1, -, 28.3% elo% vs. v1, avg. reward: -3.924, 1.408 sec/game, 0.8 min. total, 483.3 MB
stack_squall v2 49 games, 33506 moves, e=0.967, loss: 55.1, -, 27.3% elo% vs. v1, avg. reward: -3.917, 1.411 sec/game, 0.9 min. total, 483.4 MB
stack_squall v2 50 games, 34214 moves, e=0.966, loss: 58.2, -, 26.3% elo% vs. v1, avg. reward: -3.911, 1.408 sec/game, 0.9 min. total, 483.4 MB
stack_squall v2 51 games, 34922 moves, e=0.965, loss: 60.4, -, 25.4% elo% vs. v1, avg. reward: -3.802, 1.391 sec/game, 0.9 min. total, 483.4 MB
stack_squall v2 52 games, 35677 moves, e=0.965, loss: 59.8, -, 24.5% elo% vs. v1, avg. reward: -3.723, 1.404 sec/game, 0.9 min. total, 483.3 MB
stack_squall v2 53 games, 36324 moves, e=0.964, loss: 59.9, -, 23.7% elo% vs. v1, avg. reward: -3.740, 1.400 sec/game, 1.0 min. total, 481.0 MB
stack_squall v2 54 games, 37204 moves, e=0.963, loss: 67.0, -, 22.9% elo% vs. v1, avg. reward: -3.662, 1.413 sec/game, 1.0 min. total, 481.4 MB
stack_squall v2 55 games, 37958 moves, e=0.962, loss: 63.1, -, 22.2% elo% vs. v1, avg. reward: -3.601, 1.431 sec/game, 1.0 min. total, 481.6 MB
stack_squall v2 56 games, 38721 moves, e=0.962, loss: 65.6, ., 23.1% elo% vs. v1, avg. reward: -3.552, 1.456 sec/game, 1.0 min. total, 482.7 MB
stack_squall v2 57 games, 39341 moves, e=0.961, loss: 70.3, -, 22.3% elo% vs. v1, avg. reward: -3.553, 1.459 sec/game, 1.1 min. total, 484.4 MB
stack_squall v2 58 games, 40091 moves, e=0.960, loss: 74.8, -, 21.6% elo% vs. v1, avg. reward: -3.540, 1.462 sec/game, 1.1 min. total, 485.2 MB
stack_squall v2 59 games, 40821 moves, e=0.960, loss: 74.9, -, 20.9% elo% vs. v1, avg. reward: -3.545, 1.461 sec/game, 1.1 min. total, 485.3 MB
stack_squall v2 60 games, 41507 moves, e=0.959, loss: 74.4, -, 20.3% elo% vs. v1, avg. reward: -3.606, 1.459 sec/game, 1.1 min. total, 485.4 MB
stack_squall v2 61 games, 42080 moves, e=0.958, loss: 72.2, -, 19.7% elo% vs. v1, avg. reward: -3.662, 1.416 sec/game, 1.2 min. total, 487.5 MB
stack_squall v2 62 games, 42760 moves, e=0.958, loss: 73.5, -, 19.1% elo% vs. v1, avg. reward: -3.721, 1.424 sec/game, 1.2 min. total, 487.4 MB
stack_squall v2 63 games, 43478 moves, e=0.957, loss: 75.7, +, 21.6% elo% vs. v1, avg. reward: -3.706, 1.439 sec/game, 1.2 min. total, 485.4 MB
stack_squall v2 64 games, 44278 moves, e=0.956, loss: 76.3, -, 20.9% elo% vs. v1, avg. reward: -3.720, 1.447 sec/game, 1.2 min. total, 485.2 MB
stack_squall v2 65 games, 45204 moves, e=0.955, loss: 77.2, -, 20.3% elo% vs. v1, avg. reward: -3.679, 1.482 sec/game, 1.3 min. total, 485.3 MB
stack_squall v2 66 games, 45825 moves, e=0.955, loss: 73.8, -, 19.7% elo% vs. v1, avg. reward: -3.735, 1.483 sec/game, 1.3 min. total, 488.2 MB
stack_squall v2 67 games, 46449 moves, e=0.954, loss: 74.2, -, 19.1% elo% vs. v1, avg. reward: -3.776, 1.480 sec/game, 1.3 min. total, 488.0 MB
stack_squall v2 68 games, 47190 moves, e=0.953, loss: 79.2, -, 18.6% elo% vs. v1, avg. reward: -3.815, 1.484 sec/game, 1.3 min. total, 486.1 MB
stack_squall v2 69 games, 48004 moves, e=0.952, loss: 89.3, -, 18.1% elo% vs. v1, avg. reward: -3.803, 1.511 sec/game, 1.4 min. total, 488.0 MB
stack_squall v2 70 games, 48735 moves, e=0.952, loss: 84.8, -, 17.6% elo% vs. v1, avg. reward: -3.780, 1.504 sec/game, 1.4 min. total, 488.0 MB
stack_squall v2 71 games, 49410 moves, e=0.951, loss: 83.8, -, 17.1% elo% vs. v1, avg. reward: -3.797, 1.512 sec/game, 1.4 min. total, 488.1 MB
stack_squall v2 72 games, 50051 moves, e=0.950, loss: 92.5, -, 16.7% elo% vs. v1, avg. reward: -3.829, 1.502 sec/game, 1.4 min. total, 488.3 MB
stack_squall v2 73 games, 50849 moves, e=0.950, loss: 90.0, -, 16.2% elo% vs. v1, avg. reward: -3.794, 1.518 sec/game, 1.5 min. total, 488.6 MB
stack_squall v2 74 games, 51464 moves, e=0.949, loss: 87.7, -, 15.8% elo% vs. v1, avg. reward: -3.811, 1.494 sec/game, 1.5 min. total, 490.1 MB
stack_squall v2 75 games, 52228 moves, e=0.948, loss: 91.9, -, 15.5% elo% vs. v1, avg. reward: -3.815, 1.494 sec/game, 1.5 min. total, 492.5 MB
stack_squall v2 76 games, 52874 moves, e=0.948, loss: 90.3, -, 15.1% elo% vs. v1, avg. reward: -3.805, 1.487 sec/game, 1.5 min. total, 492.2 MB
stack_squall v2 77 games, 53666 moves, e=0.947, loss: 94.5, -, 14.7% elo% vs. v1, avg. reward: -3.763, 1.504 sec/game, 1.6 min. total, 492.3 MB
stack_squall v2 78 games, 54400 moves, e=0.946, loss: 94.5, +, 16.8% elo% vs. v1, avg. reward: -3.755, 1.513 sec/game, 1.6 min. total, 492.3 MB
stack_squall v2 79 games, 55177 moves, e=0.945, loss: 89.8, -, 16.4% elo% vs. v1, avg. reward: -3.761, 1.526 sec/game, 1.6 min. total, 492.2 MB
stack_squall v2 80 games, 55940 moves, e=0.945, loss: 95.0, -, 16.0% elo% vs. v1, avg. reward: -3.729, 1.529 sec/game, 1.6 min. total, 492.3 MB
stack_squall v2 81 games, 56538 moves, e=0.944, loss: 97.2, -, 15.6% elo% vs. v1, avg. reward: -3.742, 1.528 sec/game, 1.7 min. total, 492.6 MB
stack_squall v2 82 games, 57254 moves, e=0.943, loss: 94.7, -, 15.2% elo% vs. v1, avg. reward: -3.750, 1.528 sec/game, 1.7 min. total, 492.5 MB
stack_squall v2 83 games, 57938 moves, e=0.943, loss: 105.9, -, 14.9% elo% vs. v1, avg. reward: -3.793, 1.528 sec/game, 1.7 min. total, 492.5 MB
stack_squall v2 84 games, 58702 moves, e=0.942, loss: 103.5, -, 14.5% elo% vs. v1, avg. reward: -3.788, 1.523 sec/game, 1.7 min. total, 494.5 MB
stack_squall v2 85 games, 59412 moves, e=0.941, loss: 98.0, -, 14.2% elo% vs. v1, avg. reward: -3.780, 1.498 sec/game, 1.8 min. total, 494.5 MB
stack_squall v2 86 games, 60160 moves, e=0.940, loss: 102.1, -, 13.9% elo% vs. v1, avg. reward: -3.753, 1.510 sec/game, 1.8 min. total, 494.4 MB
stack_squall v2 87 games, 60933 moves, e=0.940, loss: 100.1, -, 13.6% elo% vs. v1, avg. reward: -3.763, 1.531 sec/game, 1.8 min. total, 494.6 MB
stack_squall v2 88 games, 61718 moves, e=0.939, loss: 97.5, -, 13.3% elo% vs. v1, avg. reward: -3.753, 1.535 sec/game, 1.8 min. total, 494.5 MB
stack_squall v2 89 games, 62430 moves, e=0.938, loss: 97.6, -, 13.0% elo% vs. v1, avg. reward: -3.790, 1.515 sec/game, 1.9 min. total, 494.6 MB
stack_squall v2 90 games, 63136 moves, e=0.937, loss: 108.4, -, 12.7% elo% vs. v1, avg. reward: -3.811, 1.525 sec/game, 1.9 min. total, 494.6 MB
stack_squall v2 91 games, 63874 moves, e=0.937, loss: 112.6, -, 12.5% elo% vs. v1, avg. reward: -3.764, 1.532 sec/game, 1.9 min. total, 495.4 MB
stack_squall v2 92 games, 64624 moves, e=0.936, loss: 115.8, -, 12.2% elo% vs. v1, avg. reward: -3.749, 1.531 sec/game, 1.9 min. total, 497.0 MB
stack_squall v2 93 games, 65420 moves, e=0.935, loss: 113.9, -, 12.0% elo% vs. v1, avg. reward: -3.726, 1.549 sec/game, 2.0 min. total, 497.1 MB
stack_squall v2 94 games, 66131 moves, e=0.935, loss: 114.5, -, 11.8% elo% vs. v1, avg. reward: -3.704, 1.564 sec/game, 2.0 min. total, 495.1 MB
stack_squall v2 95 games, 66911 moves, e=0.934, loss: 111.1, -, 11.5% elo% vs. v1, avg. reward: -3.690, 1.576 sec/game, 2.0 min. total, 497.2 MB
